#
# A fatal error has been detected by the Java Runtime Environment:
#
#  SIGSEGV (0xb) at pc=0x00007f2e35326979, pid=354876, tid=354877
#
# JRE version: OpenJDK Runtime Environment (17.0.7+7) (build 17.0.7+7-Ubuntu-0ubuntu122.04.2)
# Java VM: OpenJDK 64-Bit Server VM (17.0.7+7-Ubuntu-0ubuntu122.04.2, mixed mode, sharing, tiered, compressed oops, compressed class ptrs, g1 gc, linux-amd64)
# Problematic frame:
# C  [libmeos.so+0xa8979]  pg_next_dst_boundary+0x29
#
# Core dump will be written. Default location: Core dumps may be processed with "/usr/share/apport/apport -p%p -s%s -c%c -d%d -P%P -u%u -g%g -- %E" (or dumping to /home/nidhal/IdeaProjects/JMEOS/core.354876)
#
# If you would like to submit a bug report, please visit:
#   Unknown
# The crash happened outside the Java Virtual Machine in native code.
# See problematic frame for where to report the bug.
#

---------------  S U M M A R Y ------------

Command Line: -javaagent:/snap/intellij-idea-ultimate/430/lib/idea_rt.jar=42167:/snap/intellij-idea-ultimate/430/bin -Dfile.encoding=UTF-8 tutorials.hello_world

Host: Intel(R) Core(TM) i3-6100U CPU @ 2.30GHz, 4 cores, 7G, Ubuntu 22.04.2 LTS
Time: Mon May 29 22:24:05 2023 CEST elapsed time: 1.457899 seconds (0d 0h 0m 1s)

---------------  T H R E A D  ---------------

Current thread (0x00007f2e50016800):  JavaThread "main" [_thread_in_native, id=354877, stack(0x00007f2e57300000,0x00007f2e57400000)]

Stack: [0x00007f2e57300000,0x00007f2e57400000],  sp=0x00007f2e573fdf90,  free space=1015k
Native frames: (J=compiled Java code, j=interpreted, Vv=VM code, C=native code)
C  [libmeos.so+0xa8979]  pg_next_dst_boundary+0x29

Java frames: (J=compiled Java code, j=interpreted, Vv=VM code)
j  com.kenai.jffi.Foreign.invokeN1O1(JJJLjava/lang/Object;III)J+0
j  com.kenai.jffi.Invoker.invokeN1(Lcom/kenai/jffi/CallContext;JJILjava/lang/Object;Lcom/kenai/jffi/ObjectParameterStrategy;Lcom/kenai/jffi/ObjectParameterInfo;)J+57
j  tutorials.hello_world$MeosLibrary$jnr$ffi$0.tgeompoint_in(Ljava/lang/String;)Ljnr/ffi/Pointer;+75
j  tutorials.hello_world.main([Ljava/lang/String;)V+118
v  ~StubRoutines::call_stub

siginfo: si_signo: 11 (SIGSEGV), si_code: 1 (SEGV_MAPERR), si_addr: 0x0000000000000104

Register to memory mapping:

RAX=0x0 is NULL
RBX=0x0 is NULL
RCX=0x00007f2e573fdff0 is pointing into the stack for thread: 0x00007f2e50016800
RDX=0x00007f2e573fdfe0 is pointing into the stack for thread: 0x00007f2e50016800
RSP=0x00007f2e573fdf90 is pointing into the stack for thread: 0x00007f2e50016800
RBP=0x00000000386bf200 is an unknown value
RSI=0x00007f2e573fdff8 is pointing into the stack for thread: 0x00007f2e50016800
RDI=0x00007f2e573fdfe8 is pointing into the stack for thread: 0x00007f2e50016800
R8 =0x00007f2e573fe000 is pointing into the stack for thread: 0x00007f2e50016800
R9 =0x00007f2e573fdfe4 is pointing into the stack for thread: 0x00007f2e50016800
R10=0x00007f2e573fdfe0 is pointing into the stack for thread: 0x00007f2e50016800
R11=0x00007f2e35326950: pg_next_dst_boundary+0x0000000000000000 in /usr/local/lib/libmeos.so at 0x00007f2e3527e000
R12=0x00007f2e573fe040 is pointing into the stack for thread: 0x00007f2e50016800
R13=0x0 is NULL
R14=0x0 is NULL
R15=0x00007f2e573fe1b0 is pointing into the stack for thread: 0x00007f2e50016800


Registers:
RAX=0x0000000000000000, RBX=0x0000000000000000, RCX=0x00007f2e573fdff0, RDX=0x00007f2e573fdfe0
RSP=0x00007f2e573fdf90, RBP=0x00000000386bf200, RSI=0x00007f2e573fdff8, RDI=0x00007f2e573fdfe8
R8 =0x00007f2e573fe000, R9 =0x00007f2e573fdfe4, R10=0x00007f2e573fdfe0, R11=0x00007f2e35326950
R12=0x00007f2e573fe040, R13=0x0000000000000000, R14=0x0000000000000000, R15=0x00007f2e573fe1b0
RIP=0x00007f2e35326979, EFLAGS=0x0000000000010246, CSGSFS=0x002b000000000033, ERR=0x0000000000000004
  TRAPNO=0x000000000000000e

Top of Stack: (sp=0x00007f2e573fdf90)
0x00007f2e573fdf90:   00007f2e353b13c0 9b00d1219fed9e00
0x00007f2e573fdfa0:   00007f2e504ac5e0 00007f2e573fe1b0
0x00007f2e573fdfb0:   00000000386d4380 00007f2e573fe040
0x00007f2e573fdfc0:   0000000000000000 00007f2e3532825c 

Instructions: (pc=0x00007f2e35326979)
0x00007f2e35326879:   00 00 00 00 0f 1f 00 f3 0f 1e fa 49 89 f8 48 8d
0x00007f2e35326889:   be 00 01 00 00 4c 89 c6 e9 ca fd ff ff 66 2e 0f
0x00007f2e35326899:   1f 84 00 00 00 00 00 f3 0f 1e fa 41 55 41 54 55
0x00007f2e353268a9:   48 89 fd 53 48 83 ec 08 48 8b 1d 68 89 0d 00 48
0x00007f2e353268b9:   85 db 74 2b 48 8b 7d 00 48 89 da 31 f6 48 81 c3
0x00007f2e353268c9:   68 56 00 00 e8 ce df ff ff 48 89 1d 97 89 0d 00
0x00007f2e353268d9:   48 83 c4 08 5b 5d 41 5c 41 5d c3 0f 1f 40 00 bf
0x00007f2e353268e9:   90 5b 00 00 e8 8e 66 f9 ff 48 89 05 27 89 0d 00
0x00007f2e353268f9:   49 89 c4 48 85 c0 74 d8 4c 8d 2d 38 5a 08 00 31
0x00007f2e35326909:   f6 b9 01 00 00 00 48 89 c2 4c 89 ef e8 56 72 f9
0x00007f2e35326919:   ff 85 c0 75 12 48 8b 1d fb 88 0d 00 eb 96 66 0f
0x00007f2e35326929:   1f 84 00 00 00 00 00 ba 01 00 00 00 4c 89 e6 4c
0x00007f2e35326939:   89 ef e8 60 70 f9 ff eb dc 66 66 2e 0f 1f 84 00
0x00007f2e35326949:   00 00 00 00 0f 1f 00 f3 0f 1e fa 41 55 49 89 d2
0x00007f2e35326959:   41 54 55 53 48 83 ec 18 48 8b 2f 64 48 8b 04 25
0x00007f2e35326969:   28 00 00 00 48 89 44 24 08 31 c0 48 8b 5c 24 40
0x00007f2e35326979:   44 8b 9b 04 01 00 00 45 85 db 0f 84 27 02 00 00
0x00007f2e35326989:   80 bb 10 01 00 00 00 49 89 cc 75 6b 41 8d 53 ff
0x00007f2e35326999:   80 bb 11 01 00 00 00 48 63 ca 48 8b 84 cb 18 01
0x00007f2e353269a9:   00 00 0f 84 ef 00 00 00 48 39 c5 0f 8e e6 00 00
0x00007f2e353269b9:   00 48 8b 8b 18 01 00 00 48 39 e9 7f 46 48 bf e7
0x00007f2e353269c9:   58 ef 44 46 ef 35 ae 48 89 ea 48 29 c2 48 83 ea
0x00007f2e353269d9:   01 48 89 d0 48 f7 e7 48 b8 80 59 60 f0 02 00 00
0x00007f2e353269e9:   00 48 c1 ea 21 4c 8d 6a 01 4c 0f af e8 48 89 e8
0x00007f2e353269f9:   4c 29 e8 eb 43 66 90 48 8b 8b 18 01 00 00 48 39
0x00007f2e35326a09:   e9 7e 89 48 bf e7 58 ef 44 46 ef 35 ae 48 89 ca
0x00007f2e35326a19:   48 29 ea 48 83 ea 01 48 89 d0 48 f7 e7 48 b8 80
0x00007f2e35326a29:   59 60 f0 02 00 00 00 48 c1 ea 21 4c 8d 6a 01 4c
0x00007f2e35326a39:   0f af e8 4a 8d 44 2d 00 48 89 04 24 48 39 c1 0f
0x00007f2e35326a49:   8f 12 02 00 00 41 8d 53 ff 41 bb ff ff ff ff 48
0x00007f2e35326a59:   63 d2 48 39 84 d3 18 01 00 00 0f 8c 83 01 00 00
0x00007f2e35326a69:   48 89 e7 48 83 ec 08 4c 89 d2 4c 89 e1 53 e8 d4 


Stack slot to memory mapping:
stack at sp + 0 slots: 0x00007f2e353b13c0: <offset 0x00000000001333c0> in /usr/local/lib/libmeos.so at 0x00007f2e3527e000
stack at sp + 1 slots: 0x9b00d1219fed9e00 is an unknown value
stack at sp + 2 slots: 0x00007f2e504ac5e0 points into unknown readable memory: 0x00007f29a2afc16c | 6c c1 af a2 29 7f 00 00
stack at sp + 3 slots: 0x00007f2e573fe1b0 is pointing into the stack for thread: 0x00007f2e50016800
stack at sp + 4 slots: 0x00000000386d4380 is an unknown value
stack at sp + 5 slots: 0x00007f2e573fe040 is pointing into the stack for thread: 0x00007f2e50016800
stack at sp + 6 slots: 0x0 is NULL
stack at sp + 7 slots: 0x00007f2e3532825c: <offset 0x00000000000aa25c> in /usr/local/lib/libmeos.so at 0x00007f2e3527e000


---------------  P R O C E S S  ---------------

Threads class SMR info:
_java_thread_list=0x00007f2e04001fc0, length=13, elements={
0x00007f2e50016800, 0x00007f2e50115880, 0x00007f2e50116c60, 0x00007f2e5011c410,
0x00007f2e5011d7c0, 0x00007f2e5011ebd0, 0x00007f2e50120580, 0x00007f2e50121ab0,
0x00007f2e50122b30, 0x00007f2e5012e1e0, 0x00007f2e502418f0, 0x00007f2e50243230,
0x00007f2e04000fe0
}

Java Threads: ( => current thread )
=>0x00007f2e50016800 JavaThread "main" [_thread_in_native, id=354877, stack(0x00007f2e57300000,0x00007f2e57400000)]
  0x00007f2e50115880 JavaThread "Reference Handler" daemon [_thread_blocked, id=354898, stack(0x00007f2e55245000,0x00007f2e55345000)]
  0x00007f2e50116c60 JavaThread "Finalizer" daemon [_thread_blocked, id=354899, stack(0x00007f2e55145000,0x00007f2e55245000)]
  0x00007f2e5011c410 JavaThread "Signal Dispatcher" daemon [_thread_blocked, id=354900, stack(0x00007f2e55045000,0x00007f2e55145000)]
  0x00007f2e5011d7c0 JavaThread "Service Thread" daemon [_thread_blocked, id=354901, stack(0x00007f2e54700000,0x00007f2e54800000)]
  0x00007f2e5011ebd0 JavaThread "Monitor Deflation Thread" daemon [_thread_blocked, id=354903, stack(0x00007f2e54600000,0x00007f2e54700000)]
  0x00007f2e50120580 JavaThread "C2 CompilerThread0" daemon [_thread_blocked, id=354904, stack(0x00007f2e54500000,0x00007f2e54600000)]
  0x00007f2e50121ab0 JavaThread "C1 CompilerThread0" daemon [_thread_blocked, id=354905, stack(0x00007f2e54400000,0x00007f2e54500000)]
  0x00007f2e50122b30 JavaThread "Sweeper thread" daemon [_thread_blocked, id=354906, stack(0x00007f2e54300000,0x00007f2e54400000)]
  0x00007f2e5012e1e0 JavaThread "Common-Cleaner" daemon [_thread_blocked, id=354909, stack(0x00007f2e54200000,0x00007f2e54300000)]
  0x00007f2e502418f0 JavaThread "Monitor Ctrl-Break" daemon [_thread_in_native, id=354913, stack(0x00007f2e54100000,0x00007f2e54200000)]
  0x00007f2e50243230 JavaThread "Notification Thread" daemon [_thread_blocked, id=354914, stack(0x00007f2e54000000,0x00007f2e54100000)]
  0x00007f2e04000fe0 JavaThread "Attach Listener" daemon [_thread_blocked, id=354920, stack(0x00007f2e25835000,0x00007f2e25935000)]

Other Threads:
  0x00007f2e501117d0 VMThread "VM Thread" [stack: 0x00007f2e55347000,0x00007f2e55447000] [id=354895]
  0x00007f2e50019310 WatcherThread [stack: 0x00007f2e4ff00000,0x00007f2e50000000] [id=354915]
  0x00007f2e5006fee0 GCTaskThread "GC Thread#0" [stack: 0x00007f2e55da7000,0x00007f2e55ea7000] [id=354882]
  0x00007f2e140051c0 GCTaskThread "GC Thread#1" [stack: 0x00007f2e25735000,0x00007f2e25835000] [id=354921]
  0x00007f2e14005c40 GCTaskThread "GC Thread#2" [stack: 0x00007f2e25633000,0x00007f2e25733000] [id=354922]
  0x00007f2e1400bc90 GCTaskThread "GC Thread#3" [stack: 0x00007f2e25531000,0x00007f2e25631000] [id=354923]
  0x00007f2e50080a00 ConcurrentGCThread "G1 Main Marker" [stack: 0x00007f2e55ca5000,0x00007f2e55da5000] [id=354883]
  0x00007f2e50081960 ConcurrentGCThread "G1 Conc#0" [stack: 0x00007f2e55ba3000,0x00007f2e55ca3000] [id=354884]
  0x00007f2e500e6050 ConcurrentGCThread "G1 Refine#0" [stack: 0x00007f2e5569d000,0x00007f2e5579d000] [id=354885]
  0x00007f2e500e6f40 ConcurrentGCThread "G1 Service" [stack: 0x00007f2e5559b000,0x00007f2e5569b000] [id=354886]

Threads with active compile tasks:

VM state: not at safepoint (normal execution)

VM Mutex/Monitor currently owned by a thread: None

Heap address: 0x0000000085600000, size: 1962 MB, Compressed Oops mode: 32-bit

CDS archive(s) mapped at: [0x0000000800000000-0x0000000800be2000-0x0000000800be2000), size 12460032, SharedBaseAddress: 0x0000000800000000, ArchiveRelocationMode: 0.
Compressed class space mapped at: 0x0000000801000000-0x0000000841000000, reserved size: 1073741824
Narrow klass base: 0x0000000800000000, Narrow klass shift: 0, Narrow klass range: 0x100000000

GC Precious Log:
 CPUs: 4 total, 4 available
 Memory: 7840M
 Large Page Support: Disabled
 NUMA Support: Disabled
 Compressed Oops: Enabled (32-bit)
 Heap Region Size: 1M
 Heap Min Capacity: 8M
 Heap Initial Capacity: 124M
 Heap Max Capacity: 1962M
 Pre-touch: Disabled
 Parallel Workers: 4
 Concurrent Workers: 1
 Concurrent Refinement Workers: 4
 Periodic GC: Disabled

Heap:
 garbage-first heap   total 129024K, used 4991K [0x0000000085600000, 0x0000000100000000)
  region size 1024K, 3 young (3072K), 2 survivors (2048K)
 Metaspace       used 5154K, committed 5312K, reserved 1114112K
  class space    used 510K, committed 576K, reserved 1048576K

Heap Regions: E=young(eden), S=young(survivor), O=old, HS=humongous(starts), HC=humongous(continues), CS=collection set, F=free, OA=open archive, CA=closed archive, TAMS=top-at-mark-start (previous, next)
|   0|0x0000000085600000, 0x0000000085700000, 0x0000000085700000|100%|HS|  |TAMS 0x0000000085600000, 0x0000000085600000| Complete 
|   1|0x0000000085700000, 0x00000000857e7e00, 0x0000000085800000| 90%| O|  |TAMS 0x0000000085700000, 0x0000000085700000| Untracked 
|   2|0x0000000085800000, 0x0000000085800000, 0x0000000085900000|  0%| F|  |TAMS 0x0000000085800000, 0x0000000085800000| Untracked 
|   3|0x0000000085900000, 0x0000000085900000, 0x0000000085a00000|  0%| F|  |TAMS 0x0000000085900000, 0x0000000085900000| Untracked 
|   4|0x0000000085a00000, 0x0000000085a00000, 0x0000000085b00000|  0%| F|  |TAMS 0x0000000085a00000, 0x0000000085a00000| Untracked 
|   5|0x0000000085b00000, 0x0000000085b00000, 0x0000000085c00000|  0%| F|  |TAMS 0x0000000085b00000, 0x0000000085b00000| Untracked 
|   6|0x0000000085c00000, 0x0000000085c00000, 0x0000000085d00000|  0%| F|  |TAMS 0x0000000085c00000, 0x0000000085c00000| Untracked 
|   7|0x0000000085d00000, 0x0000000085d00000, 0x0000000085e00000|  0%| F|  |TAMS 0x0000000085d00000, 0x0000000085d00000| Untracked 
|   8|0x0000000085e00000, 0x0000000085e00000, 0x0000000085f00000|  0%| F|  |TAMS 0x0000000085e00000, 0x0000000085e00000| Untracked 
|   9|0x0000000085f00000, 0x0000000085f00000, 0x0000000086000000|  0%| F|  |TAMS 0x0000000085f00000, 0x0000000085f00000| Untracked 
|  10|0x0000000086000000, 0x0000000086000000, 0x0000000086100000|  0%| F|  |TAMS 0x0000000086000000, 0x0000000086000000| Untracked 
|  11|0x0000000086100000, 0x0000000086100000, 0x0000000086200000|  0%| F|  |TAMS 0x0000000086100000, 0x0000000086100000| Untracked 
|  12|0x0000000086200000, 0x0000000086200000, 0x0000000086300000|  0%| F|  |TAMS 0x0000000086200000, 0x0000000086200000| Untracked 
|  13|0x0000000086300000, 0x0000000086300000, 0x0000000086400000|  0%| F|  |TAMS 0x0000000086300000, 0x0000000086300000| Untracked 
|  14|0x0000000086400000, 0x0000000086400000, 0x0000000086500000|  0%| F|  |TAMS 0x0000000086400000, 0x0000000086400000| Untracked 
|  15|0x0000000086500000, 0x0000000086500000, 0x0000000086600000|  0%| F|  |TAMS 0x0000000086500000, 0x0000000086500000| Untracked 
|  16|0x0000000086600000, 0x0000000086600000, 0x0000000086700000|  0%| F|  |TAMS 0x0000000086600000, 0x0000000086600000| Untracked 
|  17|0x0000000086700000, 0x0000000086700000, 0x0000000086800000|  0%| F|  |TAMS 0x0000000086700000, 0x0000000086700000| Untracked 
|  18|0x0000000086800000, 0x0000000086800000, 0x0000000086900000|  0%| F|  |TAMS 0x0000000086800000, 0x0000000086800000| Untracked 
|  19|0x0000000086900000, 0x0000000086900000, 0x0000000086a00000|  0%| F|  |TAMS 0x0000000086900000, 0x0000000086900000| Untracked 
|  20|0x0000000086a00000, 0x0000000086a00000, 0x0000000086b00000|  0%| F|  |TAMS 0x0000000086a00000, 0x0000000086a00000| Untracked 
|  21|0x0000000086b00000, 0x0000000086b00000, 0x0000000086c00000|  0%| F|  |TAMS 0x0000000086b00000, 0x0000000086b00000| Untracked 
|  22|0x0000000086c00000, 0x0000000086c00000, 0x0000000086d00000|  0%| F|  |TAMS 0x0000000086c00000, 0x0000000086c00000| Untracked 
|  23|0x0000000086d00000, 0x0000000086d00000, 0x0000000086e00000|  0%| F|  |TAMS 0x0000000086d00000, 0x0000000086d00000| Untracked 
|  24|0x0000000086e00000, 0x0000000086e00000, 0x0000000086f00000|  0%| F|  |TAMS 0x0000000086e00000, 0x0000000086e00000| Untracked 
|  25|0x0000000086f00000, 0x0000000086f00000, 0x0000000087000000|  0%| F|  |TAMS 0x0000000086f00000, 0x0000000086f00000| Untracked 
|  26|0x0000000087000000, 0x0000000087000000, 0x0000000087100000|  0%| F|  |TAMS 0x0000000087000000, 0x0000000087000000| Untracked 
|  27|0x0000000087100000, 0x0000000087100000, 0x0000000087200000|  0%| F|  |TAMS 0x0000000087100000, 0x0000000087100000| Untracked 
|  28|0x0000000087200000, 0x0000000087200000, 0x0000000087300000|  0%| F|  |TAMS 0x0000000087200000, 0x0000000087200000| Untracked 
|  29|0x0000000087300000, 0x0000000087300000, 0x0000000087400000|  0%| F|  |TAMS 0x0000000087300000, 0x0000000087300000| Untracked 
|  30|0x0000000087400000, 0x0000000087400000, 0x0000000087500000|  0%| F|  |TAMS 0x0000000087400000, 0x0000000087400000| Untracked 
|  31|0x0000000087500000, 0x0000000087500000, 0x0000000087600000|  0%| F|  |TAMS 0x0000000087500000, 0x0000000087500000| Untracked 
|  32|0x0000000087600000, 0x0000000087600000, 0x0000000087700000|  0%| F|  |TAMS 0x0000000087600000, 0x0000000087600000| Untracked 
|  33|0x0000000087700000, 0x0000000087700000, 0x0000000087800000|  0%| F|  |TAMS 0x0000000087700000, 0x0000000087700000| Untracked 
|  34|0x0000000087800000, 0x0000000087800000, 0x0000000087900000|  0%| F|  |TAMS 0x0000000087800000, 0x0000000087800000| Untracked 
|  35|0x0000000087900000, 0x0000000087900000, 0x0000000087a00000|  0%| F|  |TAMS 0x0000000087900000, 0x0000000087900000| Untracked 
|  36|0x0000000087a00000, 0x0000000087a00000, 0x0000000087b00000|  0%| F|  |TAMS 0x0000000087a00000, 0x0000000087a00000| Untracked 
|  37|0x0000000087b00000, 0x0000000087b00000, 0x0000000087c00000|  0%| F|  |TAMS 0x0000000087b00000, 0x0000000087b00000| Untracked 
|  38|0x0000000087c00000, 0x0000000087c00000, 0x0000000087d00000|  0%| F|  |TAMS 0x0000000087c00000, 0x0000000087c00000| Untracked 
|  39|0x0000000087d00000, 0x0000000087d00000, 0x0000000087e00000|  0%| F|  |TAMS 0x0000000087d00000, 0x0000000087d00000| Untracked 
|  40|0x0000000087e00000, 0x0000000087e00000, 0x0000000087f00000|  0%| F|  |TAMS 0x0000000087e00000, 0x0000000087e00000| Untracked 
|  41|0x0000000087f00000, 0x0000000087f00000, 0x0000000088000000|  0%| F|  |TAMS 0x0000000087f00000, 0x0000000087f00000| Untracked 
|  42|0x0000000088000000, 0x0000000088000000, 0x0000000088100000|  0%| F|  |TAMS 0x0000000088000000, 0x0000000088000000| Untracked 
|  43|0x0000000088100000, 0x0000000088100000, 0x0000000088200000|  0%| F|  |TAMS 0x0000000088100000, 0x0000000088100000| Untracked 
|  44|0x0000000088200000, 0x0000000088200000, 0x0000000088300000|  0%| F|  |TAMS 0x0000000088200000, 0x0000000088200000| Untracked 
|  45|0x0000000088300000, 0x0000000088300000, 0x0000000088400000|  0%| F|  |TAMS 0x0000000088300000, 0x0000000088300000| Untracked 
|  46|0x0000000088400000, 0x0000000088400000, 0x0000000088500000|  0%| F|  |TAMS 0x0000000088400000, 0x0000000088400000| Untracked 
|  47|0x0000000088500000, 0x0000000088500000, 0x0000000088600000|  0%| F|  |TAMS 0x0000000088500000, 0x0000000088500000| Untracked 
|  48|0x0000000088600000, 0x0000000088600000, 0x0000000088700000|  0%| F|  |TAMS 0x0000000088600000, 0x0000000088600000| Untracked 
|  49|0x0000000088700000, 0x0000000088700000, 0x0000000088800000|  0%| F|  |TAMS 0x0000000088700000, 0x0000000088700000| Untracked 
|  50|0x0000000088800000, 0x0000000088800000, 0x0000000088900000|  0%| F|  |TAMS 0x0000000088800000, 0x0000000088800000| Untracked 
|  51|0x0000000088900000, 0x0000000088900000, 0x0000000088a00000|  0%| F|  |TAMS 0x0000000088900000, 0x0000000088900000| Untracked 
|  52|0x0000000088a00000, 0x0000000088a00000, 0x0000000088b00000|  0%| F|  |TAMS 0x0000000088a00000, 0x0000000088a00000| Untracked 
|  53|0x0000000088b00000, 0x0000000088b00000, 0x0000000088c00000|  0%| F|  |TAMS 0x0000000088b00000, 0x0000000088b00000| Untracked 
|  54|0x0000000088c00000, 0x0000000088c00000, 0x0000000088d00000|  0%| F|  |TAMS 0x0000000088c00000, 0x0000000088c00000| Untracked 
|  55|0x0000000088d00000, 0x0000000088d00000, 0x0000000088e00000|  0%| F|  |TAMS 0x0000000088d00000, 0x0000000088d00000| Untracked 
|  56|0x0000000088e00000, 0x0000000088e00000, 0x0000000088f00000|  0%| F|  |TAMS 0x0000000088e00000, 0x0000000088e00000| Untracked 
|  57|0x0000000088f00000, 0x0000000088f00000, 0x0000000089000000|  0%| F|  |TAMS 0x0000000088f00000, 0x0000000088f00000| Untracked 
|  58|0x0000000089000000, 0x0000000089000000, 0x0000000089100000|  0%| F|  |TAMS 0x0000000089000000, 0x0000000089000000| Untracked 
|  59|0x0000000089100000, 0x0000000089100000, 0x0000000089200000|  0%| F|  |TAMS 0x0000000089100000, 0x0000000089100000| Untracked 
|  60|0x0000000089200000, 0x0000000089200000, 0x0000000089300000|  0%| F|  |TAMS 0x0000000089200000, 0x0000000089200000| Untracked 
|  61|0x0000000089300000, 0x0000000089300000, 0x0000000089400000|  0%| F|  |TAMS 0x0000000089300000, 0x0000000089300000| Untracked 
|  62|0x0000000089400000, 0x0000000089400000, 0x0000000089500000|  0%| F|  |TAMS 0x0000000089400000, 0x0000000089400000| Untracked 
|  63|0x0000000089500000, 0x0000000089500000, 0x0000000089600000|  0%| F|  |TAMS 0x0000000089500000, 0x0000000089500000| Untracked 
|  64|0x0000000089600000, 0x0000000089600000, 0x0000000089700000|  0%| F|  |TAMS 0x0000000089600000, 0x0000000089600000| Untracked 
|  65|0x0000000089700000, 0x0000000089700000, 0x0000000089800000|  0%| F|  |TAMS 0x0000000089700000, 0x0000000089700000| Untracked 
|  66|0x0000000089800000, 0x0000000089800000, 0x0000000089900000|  0%| F|  |TAMS 0x0000000089800000, 0x0000000089800000| Untracked 
|  67|0x0000000089900000, 0x0000000089900000, 0x0000000089a00000|  0%| F|  |TAMS 0x0000000089900000, 0x0000000089900000| Untracked 
|  68|0x0000000089a00000, 0x0000000089a00000, 0x0000000089b00000|  0%| F|  |TAMS 0x0000000089a00000, 0x0000000089a00000| Untracked 
|  69|0x0000000089b00000, 0x0000000089b00000, 0x0000000089c00000|  0%| F|  |TAMS 0x0000000089b00000, 0x0000000089b00000| Untracked 
|  70|0x0000000089c00000, 0x0000000089c00000, 0x0000000089d00000|  0%| F|  |TAMS 0x0000000089c00000, 0x0000000089c00000| Untracked 
|  71|0x0000000089d00000, 0x0000000089d00000, 0x0000000089e00000|  0%| F|  |TAMS 0x0000000089d00000, 0x0000000089d00000| Untracked 
|  72|0x0000000089e00000, 0x0000000089e00000, 0x0000000089f00000|  0%| F|  |TAMS 0x0000000089e00000, 0x0000000089e00000| Untracked 
|  73|0x0000000089f00000, 0x0000000089f00000, 0x000000008a000000|  0%| F|  |TAMS 0x0000000089f00000, 0x0000000089f00000| Untracked 
|  74|0x000000008a000000, 0x000000008a000000, 0x000000008a100000|  0%| F|  |TAMS 0x000000008a000000, 0x000000008a000000| Untracked 
|  75|0x000000008a100000, 0x000000008a100000, 0x000000008a200000|  0%| F|  |TAMS 0x000000008a100000, 0x000000008a100000| Untracked 
|  76|0x000000008a200000, 0x000000008a200000, 0x000000008a300000|  0%| F|  |TAMS 0x000000008a200000, 0x000000008a200000| Untracked 
|  77|0x000000008a300000, 0x000000008a300000, 0x000000008a400000|  0%| F|  |TAMS 0x000000008a300000, 0x000000008a300000| Untracked 
|  78|0x000000008a400000, 0x000000008a400000, 0x000000008a500000|  0%| F|  |TAMS 0x000000008a400000, 0x000000008a400000| Untracked 
|  79|0x000000008a500000, 0x000000008a500000, 0x000000008a600000|  0%| F|  |TAMS 0x000000008a500000, 0x000000008a500000| Untracked 
|  80|0x000000008a600000, 0x000000008a600000, 0x000000008a700000|  0%| F|  |TAMS 0x000000008a600000, 0x000000008a600000| Untracked 
|  81|0x000000008a700000, 0x000000008a700000, 0x000000008a800000|  0%| F|  |TAMS 0x000000008a700000, 0x000000008a700000| Untracked 
|  82|0x000000008a800000, 0x000000008a800000, 0x000000008a900000|  0%| F|  |TAMS 0x000000008a800000, 0x000000008a800000| Untracked 
|  83|0x000000008a900000, 0x000000008a900000, 0x000000008aa00000|  0%| F|  |TAMS 0x000000008a900000, 0x000000008a900000| Untracked 
|  84|0x000000008aa00000, 0x000000008aa00000, 0x000000008ab00000|  0%| F|  |TAMS 0x000000008aa00000, 0x000000008aa00000| Untracked 
|  85|0x000000008ab00000, 0x000000008ab00000, 0x000000008ac00000|  0%| F|  |TAMS 0x000000008ab00000, 0x000000008ab00000| Untracked 
|  86|0x000000008ac00000, 0x000000008ac00000, 0x000000008ad00000|  0%| F|  |TAMS 0x000000008ac00000, 0x000000008ac00000| Untracked 
|  87|0x000000008ad00000, 0x000000008ad00000, 0x000000008ae00000|  0%| F|  |TAMS 0x000000008ad00000, 0x000000008ad00000| Untracked 
|  88|0x000000008ae00000, 0x000000008ae00000, 0x000000008af00000|  0%| F|  |TAMS 0x000000008ae00000, 0x000000008ae00000| Untracked 
|  89|0x000000008af00000, 0x000000008af00000, 0x000000008b000000|  0%| F|  |TAMS 0x000000008af00000, 0x000000008af00000| Untracked 
|  90|0x000000008b000000, 0x000000008b000000, 0x000000008b100000|  0%| F|  |TAMS 0x000000008b000000, 0x000000008b000000| Untracked 
|  91|0x000000008b100000, 0x000000008b100000, 0x000000008b200000|  0%| F|  |TAMS 0x000000008b100000, 0x000000008b100000| Untracked 
|  92|0x000000008b200000, 0x000000008b200000, 0x000000008b300000|  0%| F|  |TAMS 0x000000008b200000, 0x000000008b200000| Untracked 
|  93|0x000000008b300000, 0x000000008b300000, 0x000000008b400000|  0%| F|  |TAMS 0x000000008b300000, 0x000000008b300000| Untracked 
|  94|0x000000008b400000, 0x000000008b400000, 0x000000008b500000|  0%| F|  |TAMS 0x000000008b400000, 0x000000008b400000| Untracked 
|  95|0x000000008b500000, 0x000000008b500000, 0x000000008b600000|  0%| F|  |TAMS 0x000000008b500000, 0x000000008b500000| Untracked 
|  96|0x000000008b600000, 0x000000008b600000, 0x000000008b700000|  0%| F|  |TAMS 0x000000008b600000, 0x000000008b600000| Untracked 
|  97|0x000000008b700000, 0x000000008b700000, 0x000000008b800000|  0%| F|  |TAMS 0x000000008b700000, 0x000000008b700000| Untracked 
|  98|0x000000008b800000, 0x000000008b800000, 0x000000008b900000|  0%| F|  |TAMS 0x000000008b800000, 0x000000008b800000| Untracked 
|  99|0x000000008b900000, 0x000000008b900000, 0x000000008ba00000|  0%| F|  |TAMS 0x000000008b900000, 0x000000008b900000| Untracked 
| 100|0x000000008ba00000, 0x000000008ba00000, 0x000000008bb00000|  0%| F|  |TAMS 0x000000008ba00000, 0x000000008ba00000| Untracked 
| 101|0x000000008bb00000, 0x000000008bb00000, 0x000000008bc00000|  0%| F|  |TAMS 0x000000008bb00000, 0x000000008bb00000| Untracked 
| 102|0x000000008bc00000, 0x000000008bc00000, 0x000000008bd00000|  0%| F|  |TAMS 0x000000008bc00000, 0x000000008bc00000| Untracked 
| 103|0x000000008bd00000, 0x000000008bd00000, 0x000000008be00000|  0%| F|  |TAMS 0x000000008bd00000, 0x000000008bd00000| Untracked 
| 104|0x000000008be00000, 0x000000008be00000, 0x000000008bf00000|  0%| F|  |TAMS 0x000000008be00000, 0x000000008be00000| Untracked 
| 105|0x000000008bf00000, 0x000000008bf00000, 0x000000008c000000|  0%| F|  |TAMS 0x000000008bf00000, 0x000000008bf00000| Untracked 
| 106|0x000000008c000000, 0x000000008c000000, 0x000000008c100000|  0%| F|  |TAMS 0x000000008c000000, 0x000000008c000000| Untracked 
| 107|0x000000008c100000, 0x000000008c100000, 0x000000008c200000|  0%| F|  |TAMS 0x000000008c100000, 0x000000008c100000| Untracked 
| 108|0x000000008c200000, 0x000000008c200000, 0x000000008c300000|  0%| F|  |TAMS 0x000000008c200000, 0x000000008c200000| Untracked 
| 109|0x000000008c300000, 0x000000008c400000, 0x000000008c400000|100%| S|CS|TAMS 0x000000008c300000, 0x000000008c300000| Complete 
| 110|0x000000008c400000, 0x000000008c500000, 0x000000008c500000|100%| S|CS|TAMS 0x000000008c400000, 0x000000008c400000| Complete 
| 111|0x000000008c500000, 0x000000008c500000, 0x000000008c600000|  0%| F|  |TAMS 0x000000008c500000, 0x000000008c500000| Untracked 
| 112|0x000000008c600000, 0x000000008c600000, 0x000000008c700000|  0%| F|  |TAMS 0x000000008c600000, 0x000000008c600000| Untracked 
| 113|0x000000008c700000, 0x000000008c700000, 0x000000008c800000|  0%| F|  |TAMS 0x000000008c700000, 0x000000008c700000| Untracked 
| 114|0x000000008c800000, 0x000000008c800000, 0x000000008c900000|  0%| F|  |TAMS 0x000000008c800000, 0x000000008c800000| Untracked 
| 115|0x000000008c900000, 0x000000008c900000, 0x000000008ca00000|  0%| F|  |TAMS 0x000000008c900000, 0x000000008c900000| Untracked 
| 116|0x000000008ca00000, 0x000000008ca00000, 0x000000008cb00000|  0%| F|  |TAMS 0x000000008ca00000, 0x000000008ca00000| Untracked 
| 117|0x000000008cb00000, 0x000000008cb00000, 0x000000008cc00000|  0%| F|  |TAMS 0x000000008cb00000, 0x000000008cb00000| Untracked 
| 118|0x000000008cc00000, 0x000000008cc00000, 0x000000008cd00000|  0%| F|  |TAMS 0x000000008cc00000, 0x000000008cc00000| Untracked 
| 119|0x000000008cd00000, 0x000000008cd00000, 0x000000008ce00000|  0%| F|  |TAMS 0x000000008cd00000, 0x000000008cd00000| Untracked 
| 120|0x000000008ce00000, 0x000000008ce00000, 0x000000008cf00000|  0%| F|  |TAMS 0x000000008ce00000, 0x000000008ce00000| Untracked 
| 121|0x000000008cf00000, 0x000000008cf00000, 0x000000008d000000|  0%| F|  |TAMS 0x000000008cf00000, 0x000000008cf00000| Untracked 
| 122|0x000000008d000000, 0x000000008d000000, 0x000000008d100000|  0%| F|  |TAMS 0x000000008d000000, 0x000000008d000000| Untracked 
| 123|0x000000008d100000, 0x000000008d200000, 0x000000008d200000|100%| E|  |TAMS 0x000000008d100000, 0x000000008d100000| Complete 
|1960|0x00000000ffe00000, 0x00000000ffe76000, 0x00000000fff00000| 46%|OA|  |TAMS 0x00000000ffe00000, 0x00000000ffe00000| Untracked 
|1961|0x00000000fff00000, 0x00000000fff82000, 0x0000000100000000| 50%|CA|  |TAMS 0x00000000fff00000, 0x00000000fff00000| Untracked 

Card table byte_map: [0x00007f2e5627c000,0x00007f2e56651000] _byte_map_base: 0x00007f2e55e51000

Marking Bits (Prev, Next): (CMBitMap*) 0x00007f2e50070960, (CMBitMap*) 0x00007f2e500709a0
 Prev Bits: [0x00007f2e37558000, 0x00007f2e39400000)
 Next Bits: [0x00007f2e356b0000, 0x00007f2e37558000)

Polling page: 0x00007f2e58bff000

Metaspace:

Usage:
  Non-class:      4,54 MB used.
      Class:    510,02 KB used.
       Both:      5,03 MB used.

Virtual space:
  Non-class space:       64,00 MB reserved,       4,62 MB (  7%) committed,  1 nodes.
      Class space:        1,00 GB reserved,     576,00 KB ( <1%) committed,  1 nodes.
             Both:        1,06 GB reserved,       5,19 MB ( <1%) committed. 

Chunk freelists:
   Non-Class:  9,92 MB
       Class:  15,25 MB
        Both:  25,17 MB

MaxMetaspaceSize: unlimited
CompressedClassSpaceSize: 1,00 GB
Initial GC threshold: 21,00 MB
Current GC threshold: 21,00 MB
CDS: on
MetaspaceReclaimPolicy: balanced
 - commit_granule_bytes: 65536.
 - commit_granule_words: 8192.
 - virtual_space_node_default_size: 8388608.
 - enlarge_chunks_in_place: 1.
 - new_chunks_are_fully_committed: 0.
 - uncommit_free_chunks: 1.
 - use_allocation_guard: 0.
 - handle_deallocations: 1.


Internal statistics:

num_allocs_failed_limit: 0.
num_arena_births: 18.
num_arena_deaths: 0.
num_vsnodes_births: 2.
num_vsnodes_deaths: 0.
num_space_committed: 83.
num_space_uncommitted: 0.
num_chunks_returned_to_freelist: 0.
num_chunks_taken_from_freelist: 123.
num_chunk_merges: 0.
num_chunk_splits: 82.
num_chunks_enlarged: 64.
num_inconsistent_stats: 0.

CodeHeap 'non-profiled nmethods': size=120032Kb used=217Kb max_used=217Kb free=119815Kb
 bounds [0x00007f2e40ec8000, 0x00007f2e41138000, 0x00007f2e48400000]
CodeHeap 'profiled nmethods': size=120028Kb used=1182Kb max_used=1182Kb free=118846Kb
 bounds [0x00007f2e39400000, 0x00007f2e39670000, 0x00007f2e40937000]
CodeHeap 'non-nmethods': size=5700Kb used=1241Kb max_used=1257Kb free=4458Kb
 bounds [0x00007f2e40937000, 0x00007f2e40ba7000, 0x00007f2e40ec8000]
 total_blobs=1249 nmethods=694 adapters=469
 compilation: enabled
              stopped_count=0, restarted_count=0
 full_count=0

Compilation events (20 events):
Event: 1,427 Thread 0x00007f2e50121ab0 nmethod 686 0x00007f2e39523c90 code [0x00007f2e39523e20, 0x00007f2e39523f30]
Event: 1,428 Thread 0x00007f2e50121ab0  687       3       java.lang.reflect.Modifier::isProtected (12 bytes)
Event: 1,428 Thread 0x00007f2e50121ab0 nmethod 687 0x00007f2e39523f90 code [0x00007f2e39524120, 0x00007f2e39524270]
Event: 1,430 Thread 0x00007f2e50121ab0  688       3       sun.invoke.util.VerifyAccess::isClassAccessible (230 bytes)
Event: 1,432 Thread 0x00007f2e50121ab0 nmethod 688 0x00007f2e39524310 code [0x00007f2e39524620, 0x00007f2e39525510]
Event: 1,432 Thread 0x00007f2e50121ab0  689       3       java.lang.invoke.LambdaForm::forceInterpretation (14 bytes)
Event: 1,433 Thread 0x00007f2e50121ab0 nmethod 689 0x00007f2e39525910 code [0x00007f2e39525aa0, 0x00007f2e39525c10]
Event: 1,433 Thread 0x00007f2e50121ab0  690       3       java.lang.invoke.MethodHandles$Lookup::lookupClassOrNull (17 bytes)
Event: 1,433 Thread 0x00007f2e50121ab0 nmethod 690 0x00007f2e39525c90 code [0x00007f2e39525e40, 0x00007f2e39525fd0]
Event: 1,436 Thread 0x00007f2e50120580 nmethod 683 0x00007f2e40efd790 code [0x00007f2e40efd940, 0x00007f2e40efdeb8]
Event: 1,437 Thread 0x00007f2e50120580  671       4       java.util.concurrent.ConcurrentHashMap::setTabAt (20 bytes)
Event: 1,437 Thread 0x00007f2e50121ab0  691   !   3       java.lang.invoke.MemberName::clone (14 bytes)
Event: 1,438 Thread 0x00007f2e50121ab0 nmethod 691 0x00007f2e39526090 code [0x00007f2e39526260, 0x00007f2e395265d0]
Event: 1,438 Thread 0x00007f2e50120580 nmethod 671 0x00007f2e40efe110 code [0x00007f2e40efe280, 0x00007f2e40efe3b8]
Event: 1,440 Thread 0x00007f2e50121ab0  692       3       java.util.regex.Pattern::peek (26 bytes)
Event: 1,440 Thread 0x00007f2e50121ab0 nmethod 692 0x00007f2e39526710 code [0x00007f2e395268c0, 0x00007f2e39526b20]
Event: 1,446 Thread 0x00007f2e50121ab0  693       3       java.lang.invoke.LambdaForm::uncustomize (57 bytes)
Event: 1,446 Thread 0x00007f2e50121ab0 nmethod 693 0x00007f2e39526c90 code [0x00007f2e39526e60, 0x00007f2e39527180]
Event: 1,449 Thread 0x00007f2e50121ab0  694       3       java.util.concurrent.ConcurrentHashMap$Node::<init> (14 bytes)
Event: 1,449 Thread 0x00007f2e50121ab0 nmethod 694 0x00007f2e39527290 code [0x00007f2e39527440, 0x00007f2e39527730]

GC Heap History (2 events):
Event: 1,353 GC heap before
{Heap before GC invocations=0 (full 0):
 garbage-first heap   total 129024K, used 15328K [0x0000000085600000, 0x0000000100000000)
  region size 1024K, 13 young (13312K), 0 survivors (0K)
 Metaspace       used 4796K, committed 4928K, reserved 1114112K
  class space    used 468K, committed 512K, reserved 1048576K
}
Event: 1,378 GC heap after
{Heap after GC invocations=1 (full 0):
 garbage-first heap   total 129024K, used 4991K [0x0000000085600000, 0x0000000100000000)
  region size 1024K, 2 young (2048K), 2 survivors (2048K)
 Metaspace       used 4796K, committed 4928K, reserved 1114112K
  class space    used 468K, committed 512K, reserved 1048576K
}

Dll operation events (11 events):
Event: 0,003 Loaded shared library /usr/lib/jvm/java-17-openjdk-amd64/lib/libjava.so
Event: 0,031 Loaded shared library /usr/lib/jvm/java-17-openjdk-amd64/lib/libjsvml.so
Event: 0,305 Loaded shared library /usr/lib/jvm/java-17-openjdk-amd64/lib/libzip.so
Event: 0,307 Loaded shared library /usr/lib/jvm/java-17-openjdk-amd64/lib/libinstrument.so
Event: 0,319 Loaded shared library /usr/lib/jvm/java-17-openjdk-amd64/lib/libnio.so
Event: 0,340 Loaded shared library /usr/lib/jvm/java-17-openjdk-amd64/lib/libzip.so
Event: 0,435 Loaded shared library /usr/lib/jvm/java-17-openjdk-amd64/lib/libnet.so
Event: 0,440 Loaded shared library /usr/lib/jvm/java-17-openjdk-amd64/lib/libjimage.so
Event: 0,453 Loaded shared library /usr/lib/jvm/java-17-openjdk-amd64/lib/libextnet.so
Event: 0,653 Loaded shared library /tmp/jffi9235867434461019840.so
Event: 0,709 Loaded shared library /usr/lib/jvm/java-17-openjdk-amd64/lib/libverify.so

Deoptimization events (20 events):
Event: 0,385 Thread 0x00007f2e50016800 Uncommon trap: trap_request=0xffffff45 fr.pc=0x00007f2e40ed4bd0 relative=0x00000000000006f0
Event: 0,385 Thread 0x00007f2e50016800 Uncommon trap: reason=unstable_if action=reinterpret pc=0x00007f2e40ed4bd0 method=java.util.HashMap.putVal(ILjava/lang/Object;Ljava/lang/Object;ZZ)Ljava/lang/Object; @ 69 c2
Event: 0,385 Thread 0x00007f2e50016800 DEOPT PACKING pc=0x00007f2e40ed4bd0 sp=0x00007f2e573fdf50
Event: 0,385 Thread 0x00007f2e50016800 DEOPT UNPACKING pc=0x00007f2e4098d699 sp=0x00007f2e573fdef0 mode 2
Event: 0,424 Thread 0x00007f2e50016800 Uncommon trap: trap_request=0xffffff45 fr.pc=0x00007f2e40ed8628 relative=0x0000000000000188
Event: 0,424 Thread 0x00007f2e50016800 Uncommon trap: reason=unstable_if action=reinterpret pc=0x00007f2e40ed8628 method=java.util.zip.ZipFile$Source.isMetaName([BII)Z @ 57 c2
Event: 0,424 Thread 0x00007f2e50016800 DEOPT PACKING pc=0x00007f2e40ed8628 sp=0x00007f2e573fd670
Event: 0,425 Thread 0x00007f2e50016800 DEOPT UNPACKING pc=0x00007f2e4098d699 sp=0x00007f2e573fd638 mode 2
Event: 0,548 Thread 0x00007f2e50016800 Uncommon trap: trap_request=0xffffff45 fr.pc=0x00007f2e40ed9898 relative=0x0000000000000078
Event: 0,548 Thread 0x00007f2e50016800 Uncommon trap: reason=unstable_if action=reinterpret pc=0x00007f2e40ed9898 method=java.lang.String.isLatin1()Z @ 10 c2
Event: 0,548 Thread 0x00007f2e50016800 DEOPT PACKING pc=0x00007f2e40ed9898 sp=0x00007f2e573fa700
Event: 0,548 Thread 0x00007f2e50016800 DEOPT UNPACKING pc=0x00007f2e4098d699 sp=0x00007f2e573fa660 mode 2
Event: 1,426 Thread 0x00007f2e50016800 Uncommon trap: trap_request=0xffffff45 fr.pc=0x00007f2e40efa57c relative=0x00000000000015bc
Event: 1,426 Thread 0x00007f2e50016800 Uncommon trap: reason=unstable_if action=reinterpret pc=0x00007f2e40efa57c method=java.util.HashMap.hash(Ljava/lang/Object;)I @ 1 c2
Event: 1,426 Thread 0x00007f2e50016800 DEOPT PACKING pc=0x00007f2e40efa57c sp=0x00007f2e573fdd60
Event: 1,427 Thread 0x00007f2e50016800 DEOPT UNPACKING pc=0x00007f2e4098d699 sp=0x00007f2e573fdd10 mode 2
Event: 1,427 Thread 0x00007f2e50016800 Uncommon trap: trap_request=0xffffff45 fr.pc=0x00007f2e40efbd38 relative=0x0000000000000098
Event: 1,427 Thread 0x00007f2e50016800 Uncommon trap: reason=unstable_if action=reinterpret pc=0x00007f2e40efbd38 method=java.util.HashMap.hash(Ljava/lang/Object;)I @ 1 c2
Event: 1,427 Thread 0x00007f2e50016800 DEOPT PACKING pc=0x00007f2e40efbd38 sp=0x00007f2e573fdd50
Event: 1,427 Thread 0x00007f2e50016800 DEOPT UNPACKING pc=0x00007f2e4098d699 sp=0x00007f2e573fdd08 mode 2

Classes unloaded (0 events):
No events

Classes redefined (0 events):
No events

Internal exceptions (10 events):
Event: 0,340 Thread 0x00007f2e50016800 Implicit null exception at 0x00007f2e40ed1f55 to 0x00007f2e40ed20bc
Event: 0,441 Thread 0x00007f2e502418f0 Exception <a 'java/lang/NoSuchMethodError'{0x000000008cfe2b48}: 'java.lang.Object java.lang.invoke.DirectMethodHandle$Holder.invokeStaticInit(java.lang.Object)'> (0x000000008cfe2b48) 
thrown [./src/hotspot/share/interpreter/linkResolver.cpp, line 758]
Event: 0,455 Thread 0x00007f2e502418f0 Exception <a 'java/lang/NoSuchMethodError'{0x000000008cff11f0}: 'void java.lang.invoke.DirectMethodHandle$Holder.invokeStatic(java.lang.Object, java.lang.Object)'> (0x000000008cff11f0) 
thrown [./src/hotspot/share/interpreter/linkResolver.cpp, line 758]
Event: 0,925 Thread 0x00007f2e50016800 Exception <a 'java/lang/UnsatisfiedLinkError'{0x000000008cafc318}: meos: Ne peut ouvrir le fichier d'objet partagé: Aucun fichier ou dossier de ce type> (0x000000008cafc318) 
thrown [./src/hotspot/share/prims/jni.cpp, line 535]
Event: 1,187 Thread 0x00007f2e50016800 Exception <a 'java/lang/NoSuchMethodError'{0x000000008c60a850}: 'java.lang.Object java.lang.invoke.DirectMethodHandle$Holder.newInvokeSpecial(java.lang.Object, java.lang.Object, java.lang.Object, java.lang.Object, java.lang.Object)'> (0x000000008c60a850) 
thrown [./src/hotspot/share/interpreter/linkResolver.cpp, line 758]
Event: 1,289 Thread 0x00007f2e50016800 Exception <a 'java/lang/UnsatisfiedLinkError'{0x000000008c5617e8}: /usr/local/lib/libmeos.so: undefined symbol: intrange_to_intspan> (0x000000008c5617e8) 
thrown [./src/hotspot/share/prims/jni.cpp, line 535]
Event: 1,294 Thread 0x00007f2e50016800 Exception <a 'java/lang/UnsatisfiedLinkError'{0x000000008c5633d0}: /usr/local/lib/libmeos.so: undefined symbol: floatrange_to_floatspan> (0x000000008c5633d0) 
thrown [./src/hotspot/share/prims/jni.cpp, line 535]
Event: 1,295 Thread 0x00007f2e50016800 Exception <a 'java/lang/UnsatisfiedLinkError'{0x000000008c568f00}: /usr/local/lib/libmeos.so: undefined symbol: distance_timestamp_timestamp> (0x000000008c568f00) 
thrown [./src/hotspot/share/prims/jni.cpp, line 535]
Event: 1,426 Thread 0x00007f2e50016800 Implicit null exception at 0x00007f2e40ef9000 to 0x00007f2e40efa568
Event: 1,427 Thread 0x00007f2e50016800 Implicit null exception at 0x00007f2e40efbcaf to 0x00007f2e40efbd29

VM Operations (10 events):
Event: 0,258 Executing VM operation: HandshakeAllThreads
Event: 0,258 Executing VM operation: HandshakeAllThreads done
Event: 0,436 Executing VM operation: HandshakeAllThreads
Event: 0,438 Executing VM operation: HandshakeAllThreads done
Event: 0,581 Executing VM operation: HandshakeAllThreads
Event: 0,581 Executing VM operation: HandshakeAllThreads done
Event: 0,853 Executing VM operation: HandshakeAllThreads
Event: 0,853 Executing VM operation: HandshakeAllThreads done
Event: 1,349 Executing VM operation: G1CollectForAllocation
Event: 1,378 Executing VM operation: G1CollectForAllocation done

Events (20 events):
Event: 1,378 loading class sun/util/resources/TimeZoneNames
Event: 1,379 loading class sun/util/resources/TimeZoneNames done
Event: 1,379 loading class sun/util/resources/TimeZoneNames_en
Event: 1,380 loading class sun/util/resources/TimeZoneNames_en done
Event: 1,416 loading class java/util/Stack
Event: 1,416 loading class java/util/Stack done
Event: 1,429 loading class java/time/OffsetDateTime
Event: 1,429 loading class java/time/OffsetDateTime done
Event: 1,436 loading class java/text/ParsePosition
Event: 1,436 loading class java/text/ParsePosition done
Event: 1,436 loading class java/time/format/DateTimeParseContext
Event: 1,437 loading class java/time/format/DateTimeParseContext done
Event: 1,437 loading class java/time/format/Parsed
Event: 1,437 loading class java/time/format/Parsed done
Event: 1,442 loading class java/time/ZonedDateTime
Event: 1,443 loading class java/time/chrono/ChronoZonedDateTime
Event: 1,443 loading class java/time/chrono/ChronoZonedDateTime done
Event: 1,443 loading class java/time/ZonedDateTime done
Event: 1,444 loading class java/nio/StringCharBuffer
Event: 1,445 loading class java/nio/StringCharBuffer done


Dynamic libraries:
85600000-8d200000 rw-p 00000000 00:00 0 
8d200000-ffe00000 ---p 00000000 00:00 0 
ffe00000-ffe76000 rw-p 00c9d000 08:02 10491600                           /usr/lib/jvm/java-17-openjdk-amd64/lib/server/classes.jsa
ffe76000-fff00000 rw-p 00000000 00:00 0 
fff00000-fff82000 rw-p 00c1b000 08:02 10491600                           /usr/lib/jvm/java-17-openjdk-amd64/lib/server/classes.jsa
fff82000-100000000 rw-p 00000000 00:00 0 
800000000-800458000 rw-p 00001000 08:02 10491600                         /usr/lib/jvm/java-17-openjdk-amd64/lib/server/classes.jsa
800458000-800be2000 r--p 00459000 08:02 10491600                         /usr/lib/jvm/java-17-openjdk-amd64/lib/server/classes.jsa
800be2000-801000000 ---p 00000000 00:00 0 
801000000-801040000 rw-p 00000000 00:00 0 
801040000-801090000 rw-p 00000000 00:00 0 
801090000-841000000 ---p 00000000 00:00 0 
55a153494000-55a153495000 r--p 00000000 08:02 10485864                   /usr/lib/jvm/java-17-openjdk-amd64/bin/java
55a153495000-55a153496000 r-xp 00001000 08:02 10485864                   /usr/lib/jvm/java-17-openjdk-amd64/bin/java
55a153496000-55a153497000 r--p 00002000 08:02 10485864                   /usr/lib/jvm/java-17-openjdk-amd64/bin/java
55a153497000-55a153498000 r--p 00002000 08:02 10485864                   /usr/lib/jvm/java-17-openjdk-amd64/bin/java
55a153498000-55a153499000 rw-p 00003000 08:02 10485864                   /usr/lib/jvm/java-17-openjdk-amd64/bin/java
55a1539a2000-55a1539ea000 rw-p 00000000 00:00 0                          [heap]
7f2dd4000000-7f2dd4021000 rw-p 00000000 00:00 0 
7f2dd4021000-7f2dd8000000 ---p 00000000 00:00 0 
7f2dd8000000-7f2dd8021000 rw-p 00000000 00:00 0 
7f2dd8021000-7f2ddc000000 ---p 00000000 00:00 0 
7f2ddc000000-7f2ddc027000 rw-p 00000000 00:00 0 
7f2ddc027000-7f2de0000000 ---p 00000000 00:00 0 
7f2de0000000-7f2de0021000 rw-p 00000000 00:00 0 
7f2de0021000-7f2de4000000 ---p 00000000 00:00 0 
7f2de4000000-7f2de4021000 rw-p 00000000 00:00 0 
7f2de4021000-7f2de8000000 ---p 00000000 00:00 0 
7f2de8000000-7f2de8021000 rw-p 00000000 00:00 0 
7f2de8021000-7f2dec000000 ---p 00000000 00:00 0 
7f2dec000000-7f2dec021000 rw-p 00000000 00:00 0 
7f2dec021000-7f2df0000000 ---p 00000000 00:00 0 
7f2df0000000-7f2df0021000 rw-p 00000000 00:00 0 
7f2df0021000-7f2df4000000 ---p 00000000 00:00 0 
7f2df4000000-7f2df43fd000 rw-p 00000000 00:00 0 
7f2df43fd000-7f2df8000000 ---p 00000000 00:00 0 
7f2df8000000-7f2df8021000 rw-p 00000000 00:00 0 
7f2df8021000-7f2dfc000000 ---p 00000000 00:00 0 
7f2dfc000000-7f2dfc021000 rw-p 00000000 00:00 0 
7f2dfc021000-7f2e00000000 ---p 00000000 00:00 0 
7f2e00000000-7f2e00298000 rw-p 00000000 00:00 0 
7f2e00298000-7f2e04000000 ---p 00000000 00:00 0 
7f2e04000000-7f2e04021000 rw-p 00000000 00:00 0 
7f2e04021000-7f2e08000000 ---p 00000000 00:00 0 
7f2e08000000-7f2e08021000 rw-p 00000000 00:00 0 
7f2e08021000-7f2e0c000000 ---p 00000000 00:00 0 
7f2e0c000000-7f2e0c021000 rw-p 00000000 00:00 0 
7f2e0c021000-7f2e10000000 ---p 00000000 00:00 0 
7f2e10000000-7f2e10021000 rw-p 00000000 00:00 0 
7f2e10021000-7f2e14000000 ---p 00000000 00:00 0 
7f2e14000000-7f2e14021000 rw-p 00000000 00:00 0 
7f2e14021000-7f2e18000000 ---p 00000000 00:00 0 
7f2e18000000-7f2e18021000 rw-p 00000000 00:00 0 
7f2e18021000-7f2e1c000000 ---p 00000000 00:00 0 
7f2e1c000000-7f2e1c280000 rw-p 00000000 00:00 0 
7f2e1c280000-7f2e1c400000 ---p 00000000 00:00 0 
7f2e1c400000-7f2e1c620000 rw-p 00000000 00:00 0 
7f2e1c620000-7f2e20000000 ---p 00000000 00:00 0 
7f2e20000000-7f2e20021000 rw-p 00000000 00:00 0 
7f2e20021000-7f2e24000000 ---p 00000000 00:00 0 
7f2e2552f000-7f2e25530000 ---p 00000000 00:00 0 
7f2e25530000-7f2e25631000 rw-p 00000000 00:00 0 
7f2e25631000-7f2e25632000 ---p 00000000 00:00 0 
7f2e25632000-7f2e25733000 rw-p 00000000 00:00 0 
7f2e25733000-7f2e25734000 ---p 00000000 00:00 0 
7f2e25734000-7f2e25835000 rw-p 00000000 00:00 0 
7f2e25835000-7f2e25839000 ---p 00000000 00:00 0 
7f2e25839000-7f2e25935000 rw-p 00000000 00:00 0 
7f2e25935000-7f2e25956000 r--p 00000000 08:02 10356892                   /usr/lib/x86_64-linux-gnu/libkrb5.so.3.3
7f2e25956000-7f2e259b3000 r-xp 00021000 08:02 10356892                   /usr/lib/x86_64-linux-gnu/libkrb5.so.3.3
7f2e259b3000-7f2e259f0000 r--p 0007e000 08:02 10356892                   /usr/lib/x86_64-linux-gnu/libkrb5.so.3.3
7f2e259f0000-7f2e259f1000 ---p 000bb000 08:02 10356892                   /usr/lib/x86_64-linux-gnu/libkrb5.so.3.3
7f2e259f1000-7f2e259fe000 r--p 000bb000 08:02 10356892                   /usr/lib/x86_64-linux-gnu/libkrb5.so.3.3
7f2e259fe000-7f2e25a00000 rw-p 000c8000 08:02 10356892                   /usr/lib/x86_64-linux-gnu/libkrb5.so.3.3
7f2e25a00000-7f2e25ab2000 r--p 00000000 08:02 10357909                   /usr/lib/x86_64-linux-gnu/libcrypto.so.3
7f2e25ab2000-7f2e25d10000 r-xp 000b2000 08:02 10357909                   /usr/lib/x86_64-linux-gnu/libcrypto.so.3
7f2e25d10000-7f2e25de2000 r--p 00310000 08:02 10357909                   /usr/lib/x86_64-linux-gnu/libcrypto.so.3
7f2e25de2000-7f2e25e3d000 r--p 003e1000 08:02 10357909                   /usr/lib/x86_64-linux-gnu/libcrypto.so.3
7f2e25e3d000-7f2e25e40000 rw-p 0043c000 08:02 10357909                   /usr/lib/x86_64-linux-gnu/libcrypto.so.3
7f2e25e40000-7f2e25e43000 rw-p 00000000 00:00 0 
7f2e25e73000-7f2e25e76000 r--p 00000000 08:02 10365379                   /usr/lib/x86_64-linux-gnu/libresolv.so.2
7f2e25e76000-7f2e25e80000 r-xp 00003000 08:02 10365379                   /usr/lib/x86_64-linux-gnu/libresolv.so.2
7f2e25e80000-7f2e25e83000 r--p 0000d000 08:02 10365379                   /usr/lib/x86_64-linux-gnu/libresolv.so.2
7f2e25e83000-7f2e25e84000 r--p 0000f000 08:02 10365379                   /usr/lib/x86_64-linux-gnu/libresolv.so.2
7f2e25e84000-7f2e25e85000 rw-p 00010000 08:02 10365379                   /usr/lib/x86_64-linux-gnu/libresolv.so.2
7f2e25e85000-7f2e25e87000 rw-p 00000000 00:00 0 
7f2e25e87000-7f2e25e88000 r--p 00000000 08:02 10355681                   /usr/lib/x86_64-linux-gnu/libbrotlicommon.so.1.0.9
7f2e25e88000-7f2e25e89000 r-xp 00001000 08:02 10355681                   /usr/lib/x86_64-linux-gnu/libbrotlicommon.so.1.0.9
7f2e25e89000-7f2e25ea8000 r--p 00002000 08:02 10355681                   /usr/lib/x86_64-linux-gnu/libbrotlicommon.so.1.0.9
7f2e25ea8000-7f2e25ea9000 r--p 00020000 08:02 10355681                   /usr/lib/x86_64-linux-gnu/libbrotlicommon.so.1.0.9
7f2e25ea9000-7f2e25eaa000 rw-p 00021000 08:02 10355681                   /usr/lib/x86_64-linux-gnu/libbrotlicommon.so.1.0.9
7f2e25eaa000-7f2e25ead000 r--p 00000000 08:02 10356794                   /usr/lib/x86_64-linux-gnu/libsasl2.so.2.0.25
7f2e25ead000-7f2e25ebe000 r-xp 00003000 08:02 10356794                   /usr/lib/x86_64-linux-gnu/libsasl2.so.2.0.25
7f2e25ebe000-7f2e25ec3000 r--p 00014000 08:02 10356794                   /usr/lib/x86_64-linux-gnu/libsasl2.so.2.0.25
7f2e25ec3000-7f2e25ec4000 r--p 00018000 08:02 10356794                   /usr/lib/x86_64-linux-gnu/libsasl2.so.2.0.25
7f2e25ec4000-7f2e25ec5000 rw-p 00019000 08:02 10356794                   /usr/lib/x86_64-linux-gnu/libsasl2.so.2.0.25
7f2e25ec5000-7f2e25eee000 r--p 00000000 08:02 10356002                   /usr/lib/x86_64-linux-gnu/libp11-kit.so.0.3.0
7f2e25eee000-7f2e25f92000 r-xp 00029000 08:02 10356002                   /usr/lib/x86_64-linux-gnu/libp11-kit.so.0.3.0
7f2e25f92000-7f2e25fec000 r--p 000cd000 08:02 10356002                   /usr/lib/x86_64-linux-gnu/libp11-kit.so.0.3.0
7f2e25fec000-7f2e25ff6000 r--p 00126000 08:02 10356002                   /usr/lib/x86_64-linux-gnu/libp11-kit.so.0.3.0
7f2e25ff6000-7f2e26000000 rw-p 00130000 08:02 10356002                   /usr/lib/x86_64-linux-gnu/libp11-kit.so.0.3.0
7f2e26000000-7f2e28000000 rw-p 00000000 00:00 0 
7f2e28000000-7f2e28021000 rw-p 00000000 00:00 0 
7f2e28021000-7f2e2c000000 ---p 00000000 00:00 0 
7f2e2c000000-7f2e2c021000 rw-p 00000000 00:00 0 
7f2e2c021000-7f2e30000000 ---p 00000000 00:00 0 
7f2e30000000-7f2e30021000 rw-p 00000000 00:00 0 
7f2e30021000-7f2e34000000 ---p 00000000 00:00 0 
7f2e3400c000-7f2e34010000 r--p 00000000 08:02 10357711                   /usr/lib/x86_64-linux-gnu/libk5crypto.so.3.1
7f2e34010000-7f2e3402b000 r-xp 00004000 08:02 10357711                   /usr/lib/x86_64-linux-gnu/libk5crypto.so.3.1
7f2e3402b000-7f2e34037000 r--p 0001f000 08:02 10357711                   /usr/lib/x86_64-linux-gnu/libk5crypto.so.3.1
7f2e34037000-7f2e34038000 ---p 0002b000 08:02 10357711                   /usr/lib/x86_64-linux-gnu/libk5crypto.so.3.1
7f2e34038000-7f2e34039000 r--p 0002b000 08:02 10357711                   /usr/lib/x86_64-linux-gnu/libk5crypto.so.3.1
7f2e34039000-7f2e3403a000 rw-p 0002c000 08:02 10357711                   /usr/lib/x86_64-linux-gnu/libk5crypto.so.3.1
7f2e3403a000-7f2e3403b000 rw-p 00000000 00:00 0 
7f2e3403b000-7f2e34045000 r--p 00000000 08:02 10357741                   /usr/lib/x86_64-linux-gnu/libgmp.so.10.4.1
7f2e34045000-7f2e340a4000 r-xp 0000a000 08:02 10357741                   /usr/lib/x86_64-linux-gnu/libgmp.so.10.4.1
7f2e340a4000-7f2e340bb000 r--p 00069000 08:02 10357741                   /usr/lib/x86_64-linux-gnu/libgmp.so.10.4.1
7f2e340bb000-7f2e340bc000 r--p 0007f000 08:02 10357741                   /usr/lib/x86_64-linux-gnu/libgmp.so.10.4.1
7f2e340bc000-7f2e340bd000 rw-p 00080000 08:02 10357741                   /usr/lib/x86_64-linux-gnu/libgmp.so.10.4.1
7f2e340bd000-7f2e340c5000 r--p 00000000 08:02 10360657                   /usr/lib/x86_64-linux-gnu/libhogweed.so.6.4
7f2e340c5000-7f2e340d8000 r-xp 00008000 08:02 10360657                   /usr/lib/x86_64-linux-gnu/libhogweed.so.6.4
7f2e340d8000-7f2e34102000 r--p 0001b000 08:02 10360657                   /usr/lib/x86_64-linux-gnu/libhogweed.so.6.4
7f2e34102000-7f2e34103000 ---p 00045000 08:02 10360657                   /usr/lib/x86_64-linux-gnu/libhogweed.so.6.4
7f2e34103000-7f2e34104000 r--p 00045000 08:02 10360657                   /usr/lib/x86_64-linux-gnu/libhogweed.so.6.4
7f2e34104000-7f2e34105000 rw-p 00046000 08:02 10360657                   /usr/lib/x86_64-linux-gnu/libhogweed.so.6.4
7f2e34105000-7f2e34116000 r--p 00000000 08:02 10360661                   /usr/lib/x86_64-linux-gnu/libunistring.so.2.2.0
7f2e34116000-7f2e3414c000 r-xp 00011000 08:02 10360661                   /usr/lib/x86_64-linux-gnu/libunistring.so.2.2.0
7f2e3414c000-7f2e342aa000 r--p 00047000 08:02 10360661                   /usr/lib/x86_64-linux-gnu/libunistring.so.2.2.0
7f2e342aa000-7f2e342ae000 r--p 001a5000 08:02 10360661                   /usr/lib/x86_64-linux-gnu/libunistring.so.2.2.0
7f2e342ae000-7f2e342af000 rw-p 001a9000 08:02 10360661                   /usr/lib/x86_64-linux-gnu/libunistring.so.2.2.0
7f2e342af000-7f2e342bd000 r--p 00000000 08:02 10362052                   /usr/lib/x86_64-linux-gnu/libldap-2.5.so.0.1.9
7f2e342bd000-7f2e342f7000 r-xp 0000e000 08:02 10362052                   /usr/lib/x86_64-linux-gnu/libldap-2.5.so.0.1.9
7f2e342f7000-7f2e34308000 r--p 00048000 08:02 10362052                   /usr/lib/x86_64-linux-gnu/libldap-2.5.so.0.1.9
7f2e34308000-7f2e34309000 ---p 00059000 08:02 10362052                   /usr/lib/x86_64-linux-gnu/libldap-2.5.so.0.1.9
7f2e34309000-7f2e3430b000 r--p 00059000 08:02 10362052                   /usr/lib/x86_64-linux-gnu/libldap-2.5.so.0.1.9
7f2e3430b000-7f2e3430c000 rw-p 0005b000 08:02 10362052                   /usr/lib/x86_64-linux-gnu/libldap-2.5.so.0.1.9
7f2e3430c000-7f2e3430e000 rw-p 00000000 00:00 0 
7f2e3430e000-7f2e34319000 r--p 00000000 08:02 10357451                   /usr/lib/x86_64-linux-gnu/libgssapi_krb5.so.2.2
7f2e34319000-7f2e34351000 r-xp 0000b000 08:02 10357451                   /usr/lib/x86_64-linux-gnu/libgssapi_krb5.so.2.2
7f2e34351000-7f2e3435d000 r--p 00043000 08:02 10357451                   /usr/lib/x86_64-linux-gnu/libgssapi_krb5.so.2.2
7f2e3435d000-7f2e3435e000 ---p 0004f000 08:02 10357451                   /usr/lib/x86_64-linux-gnu/libgssapi_krb5.so.2.2
7f2e3435e000-7f2e34360000 r--p 0004f000 08:02 10357451                   /usr/lib/x86_64-linux-gnu/libgssapi_krb5.so.2.2
7f2e34360000-7f2e34362000 rw-p 00051000 08:02 10357451                   /usr/lib/x86_64-linux-gnu/libgssapi_krb5.so.2.2
7f2e34362000-7f2e34393000 r--p 00000000 08:02 10357230                   /usr/lib/x86_64-linux-gnu/libgnutls.so.30.31.0
7f2e34393000-7f2e344bc000 r-xp 00031000 08:02 10357230                   /usr/lib/x86_64-linux-gnu/libgnutls.so.30.31.0
7f2e344bc000-7f2e34539000 r--p 0015a000 08:02 10357230                   /usr/lib/x86_64-linux-gnu/libgnutls.so.30.31.0
7f2e34539000-7f2e34549000 r--p 001d6000 08:02 10357230                   /usr/lib/x86_64-linux-gnu/libgnutls.so.30.31.0
7f2e34549000-7f2e3454b000 rw-p 001e6000 08:02 10357230                   /usr/lib/x86_64-linux-gnu/libgnutls.so.30.31.0
7f2e3454b000-7f2e3454d000 rw-p 00000000 00:00 0 
7f2e3454d000-7f2e34557000 r--p 00000000 08:02 10355057                   /usr/lib/x86_64-linux-gnu/libnettle.so.8.4
7f2e34557000-7f2e3457a000 r-xp 0000a000 08:02 10355057                   /usr/lib/x86_64-linux-gnu/libnettle.so.8.4
7f2e3457a000-7f2e34590000 r--p 0002d000 08:02 10355057                   /usr/lib/x86_64-linux-gnu/libnettle.so.8.4
7f2e34590000-7f2e34592000 r--p 00042000 08:02 10355057                   /usr/lib/x86_64-linux-gnu/libnettle.so.8.4
7f2e34592000-7f2e34593000 rw-p 00044000 08:02 10355057                   /usr/lib/x86_64-linux-gnu/libnettle.so.8.4
7f2e34593000-7f2e345a0000 r--p 00000000 08:02 10355513                   /usr/lib/x86_64-linux-gnu/libssh.so.4.8.7
7f2e345a0000-7f2e345e3000 r-xp 0000d000 08:02 10355513                   /usr/lib/x86_64-linux-gnu/libssh.so.4.8.7
7f2e345e3000-7f2e345fb000 r--p 00050000 08:02 10355513                   /usr/lib/x86_64-linux-gnu/libssh.so.4.8.7
7f2e345fb000-7f2e345fc000 ---p 00068000 08:02 10355513                   /usr/lib/x86_64-linux-gnu/libssh.so.4.8.7
7f2e345fc000-7f2e345fe000 r--p 00068000 08:02 10355513                   /usr/lib/x86_64-linux-gnu/libssh.so.4.8.7
7f2e345fe000-7f2e34600000 rw-p 0006a000 08:02 10355513                   /usr/lib/x86_64-linux-gnu/libssh.so.4.8.7
7f2e34600000-7f2e34678000 r--p 00000000 08:02 10366481                   /usr/lib/x86_64-linux-gnu/libgeos.so.3.10.2
7f2e34678000-7f2e347a6000 r-xp 00078000 08:02 10366481                   /usr/lib/x86_64-linux-gnu/libgeos.so.3.10.2
7f2e347a6000-7f2e34803000 r--p 001a6000 08:02 10366481                   /usr/lib/x86_64-linux-gnu/libgeos.so.3.10.2
7f2e34803000-7f2e3480a000 r--p 00202000 08:02 10366481                   /usr/lib/x86_64-linux-gnu/libgeos.so.3.10.2
7f2e3480a000-7f2e3480b000 rw-p 00209000 08:02 10366481                   /usr/lib/x86_64-linux-gnu/libgeos.so.3.10.2
7f2e34817000-7f2e34819000 r--p 00000000 08:02 10356728                   /usr/lib/x86_64-linux-gnu/libffi.so.8.1.0
7f2e34819000-7f2e34820000 r-xp 00002000 08:02 10356728                   /usr/lib/x86_64-linux-gnu/libffi.so.8.1.0
7f2e34820000-7f2e34821000 r--p 00009000 08:02 10356728                   /usr/lib/x86_64-linux-gnu/libffi.so.8.1.0
7f2e34821000-7f2e34822000 ---p 0000a000 08:02 10356728                   /usr/lib/x86_64-linux-gnu/libffi.so.8.1.0
7f2e34822000-7f2e34823000 r--p 0000a000 08:02 10356728                   /usr/lib/x86_64-linux-gnu/libffi.so.8.1.0
7f2e34823000-7f2e34824000 rw-p 0000b000 08:02 10356728                   /usr/lib/x86_64-linux-gnu/libffi.so.8.1.0
7f2e34824000-7f2e34827000 r--p 00000000 08:02 10355637                   /usr/lib/x86_64-linux-gnu/libkrb5support.so.0.1
7f2e34827000-7f2e3482d000 r-xp 00003000 08:02 10355637                   /usr/lib/x86_64-linux-gnu/libkrb5support.so.0.1
7f2e3482d000-7f2e3482f000 r--p 00009000 08:02 10355637                   /usr/lib/x86_64-linux-gnu/libkrb5support.so.0.1
7f2e3482f000-7f2e34830000 ---p 0000b000 08:02 10355637                   /usr/lib/x86_64-linux-gnu/libkrb5support.so.0.1
7f2e34830000-7f2e34831000 r--p 0000b000 08:02 10355637                   /usr/lib/x86_64-linux-gnu/libkrb5support.so.0.1
7f2e34831000-7f2e34832000 rw-p 0000c000 08:02 10355637                   /usr/lib/x86_64-linux-gnu/libkrb5support.so.0.1
7f2e34832000-7f2e34836000 r--p 00000000 08:02 10355582                   /usr/lib/x86_64-linux-gnu/libjpeg.so.8.2.2
7f2e34836000-7f2e3487f000 r-xp 00004000 08:02 10355582                   /usr/lib/x86_64-linux-gnu/libjpeg.so.8.2.2
7f2e3487f000-7f2e348b1000 r--p 0004d000 08:02 10355582                   /usr/lib/x86_64-linux-gnu/libjpeg.so.8.2.2
7f2e348b1000-7f2e348b2000 r--p 0007e000 08:02 10355582                   /usr/lib/x86_64-linux-gnu/libjpeg.so.8.2.2
7f2e348b2000-7f2e348b3000 rw-p 0007f000 08:02 10355582                   /usr/lib/x86_64-linux-gnu/libjpeg.so.8.2.2
7f2e348b3000-7f2e348d1000 r--p 00000000 08:02 10355997                   /usr/lib/x86_64-linux-gnu/libsqlite3.so.0.8.6
7f2e348d1000-7f2e349bd000 r-xp 0001e000 08:02 10355997                   /usr/lib/x86_64-linux-gnu/libsqlite3.so.0.8.6
7f2e349bd000-7f2e349f8000 r--p 0010a000 08:02 10355997                   /usr/lib/x86_64-linux-gnu/libsqlite3.so.0.8.6
7f2e349f8000-7f2e349fc000 r--p 00144000 08:02 10355997                   /usr/lib/x86_64-linux-gnu/libsqlite3.so.0.8.6
7f2e349fc000-7f2e34a00000 rw-p 00148000 08:02 10355997                   /usr/lib/x86_64-linux-gnu/libsqlite3.so.0.8.6
7f2e34a00000-7f2e34a5b000 r--p 00000000 08:02 10360429                   /usr/lib/x86_64-linux-gnu/libgsl.so.27.0.0
7f2e34a5b000-7f2e34c32000 r-xp 0005b000 08:02 10360429                   /usr/lib/x86_64-linux-gnu/libgsl.so.27.0.0
7f2e34c32000-7f2e34cab000 r--p 00232000 08:02 10360429                   /usr/lib/x86_64-linux-gnu/libgsl.so.27.0.0
7f2e34cab000-7f2e34cac000 ---p 002ab000 08:02 10360429                   /usr/lib/x86_64-linux-gnu/libgsl.so.27.0.0
7f2e34cac000-7f2e34cb0000 r--p 002ab000 08:02 10360429                   /usr/lib/x86_64-linux-gnu/libgsl.so.27.0.0
7f2e34cb0000-7f2e34cbe000 rw-p 002af000 08:02 10360429                   /usr/lib/x86_64-linux-gnu/libgsl.so.27.0.0
7f2e34cbe000-7f2e34cbf000 rw-p 00000000 00:00 0 
7f2e34cc8000-7f2e34ccb000 r--p 00000000 08:02 10361751                   /usr/lib/x86_64-linux-gnu/libtasn1.so.6.6.2
7f2e34ccb000-7f2e34cd9000 r-xp 00003000 08:02 10361751                   /usr/lib/x86_64-linux-gnu/libtasn1.so.6.6.2
7f2e34cd9000-7f2e34cdd000 r--p 00011000 08:02 10361751                   /usr/lib/x86_64-linux-gnu/libtasn1.so.6.6.2
7f2e34cdd000-7f2e34cde000 ---p 00015000 08:02 10361751                   /usr/lib/x86_64-linux-gnu/libtasn1.so.6.6.2
7f2e34cde000-7f2e34cdf000 r--p 00015000 08:02 10361751                   /usr/lib/x86_64-linux-gnu/libtasn1.so.6.6.2
7f2e34cdf000-7f2e34ce0000 rw-p 00016000 08:02 10361751                   /usr/lib/x86_64-linux-gnu/libtasn1.so.6.6.2
7f2e34ce0000-7f2e34ce3000 r--p 00000000 08:02 10355303                   /usr/lib/x86_64-linux-gnu/liblber-2.5.so.0.1.9
7f2e34ce3000-7f2e34ceb000 r-xp 00003000 08:02 10355303                   /usr/lib/x86_64-linux-gnu/liblber-2.5.so.0.1.9
7f2e34ceb000-7f2e34cee000 r--p 0000b000 08:02 10355303                   /usr/lib/x86_64-linux-gnu/liblber-2.5.so.0.1.9
7f2e34cee000-7f2e34cef000 ---p 0000e000 08:02 10355303                   /usr/lib/x86_64-linux-gnu/liblber-2.5.so.0.1.9
7f2e34cef000-7f2e34cf0000 r--p 0000e000 08:02 10355303                   /usr/lib/x86_64-linux-gnu/liblber-2.5.so.0.1.9
7f2e34cf0000-7f2e34cf1000 rw-p 0000f000 08:02 10355303                   /usr/lib/x86_64-linux-gnu/liblber-2.5.so.0.1.9
7f2e34cf1000-7f2e34cf6000 r--p 00000000 08:02 10355338                   /usr/lib/x86_64-linux-gnu/librtmp.so.1
7f2e34cf6000-7f2e34d06000 r-xp 00005000 08:02 10355338                   /usr/lib/x86_64-linux-gnu/librtmp.so.1
7f2e34d06000-7f2e34d0d000 r--p 00015000 08:02 10355338                   /usr/lib/x86_64-linux-gnu/librtmp.so.1
7f2e34d0d000-7f2e34d0e000 ---p 0001c000 08:02 10355338                   /usr/lib/x86_64-linux-gnu/librtmp.so.1
7f2e34d0e000-7f2e34d0f000 r--p 0001c000 08:02 10355338                   /usr/lib/x86_64-linux-gnu/librtmp.so.1
7f2e34d0f000-7f2e34d10000 rw-p 0001d000 08:02 10355338                   /usr/lib/x86_64-linux-gnu/librtmp.so.1
7f2e34d10000-7f2e34d12000 r--p 00000000 08:02 10361325                   /usr/lib/x86_64-linux-gnu/libidn2.so.0.3.7
7f2e34d12000-7f2e34d16000 r-xp 00002000 08:02 10361325                   /usr/lib/x86_64-linux-gnu/libidn2.so.0.3.7
7f2e34d16000-7f2e34d2f000 r--p 00006000 08:02 10361325                   /usr/lib/x86_64-linux-gnu/libidn2.so.0.3.7
7f2e34d2f000-7f2e34d30000 r--p 0001e000 08:02 10361325                   /usr/lib/x86_64-linux-gnu/libidn2.so.0.3.7
7f2e34d30000-7f2e34d31000 rw-p 0001f000 08:02 10361325                   /usr/lib/x86_64-linux-gnu/libidn2.so.0.3.7
7f2e34d31000-7f2e34d3b000 r--p 00000000 08:02 10354868                   /usr/lib/x86_64-linux-gnu/libzstd.so.1.4.8
7f2e34d3b000-7f2e34ded000 r-xp 0000a000 08:02 10354868                   /usr/lib/x86_64-linux-gnu/libzstd.so.1.4.8
7f2e34ded000-7f2e34dfe000 r--p 000bc000 08:02 10354868                   /usr/lib/x86_64-linux-gnu/libzstd.so.1.4.8
7f2e34dfe000-7f2e34dff000 r--p 000cc000 08:02 10354868                   /usr/lib/x86_64-linux-gnu/libzstd.so.1.4.8
7f2e34dff000-7f2e34e00000 rw-p 000cd000 08:02 10354868                   /usr/lib/x86_64-linux-gnu/libzstd.so.1.4.8
7f2e34e00000-7f2e34e68000 r--p 00000000 08:02 10358220                   /usr/lib/x86_64-linux-gnu/libproj.so.22.2.1
7f2e34e68000-7f2e350b7000 r-xp 00068000 08:02 10358220                   /usr/lib/x86_64-linux-gnu/libproj.so.22.2.1
7f2e350b7000-7f2e3514c000 r--p 002b7000 08:02 10358220                   /usr/lib/x86_64-linux-gnu/libproj.so.22.2.1
7f2e3514c000-7f2e3514d000 ---p 0034c000 08:02 10358220                   /usr/lib/x86_64-linux-gnu/libproj.so.22.2.1
7f2e3514d000-7f2e35164000 r--p 0034c000 08:02 10358220                   /usr/lib/x86_64-linux-gnu/libproj.so.22.2.1
7f2e35164000-7f2e35166000 rw-p 00363000 08:02 10358220                   /usr/lib/x86_64-linux-gnu/libproj.so.22.2.1
7f2e35166000-7f2e35169000 rw-p 00000000 00:00 0 
7f2e35169000-7f2e3516b000 r--p 00000000 08:02 10357718                   /usr/lib/x86_64-linux-gnu/libkeyutils.so.1.9
7f2e3516b000-7f2e3516d000 r-xp 00002000 08:02 10357718                   /usr/lib/x86_64-linux-gnu/libkeyutils.so.1.9
7f2e3516d000-7f2e3516e000 r--p 00004000 08:02 10357718                   /usr/lib/x86_64-linux-gnu/libkeyutils.so.1.9
7f2e3516e000-7f2e3516f000 r--p 00004000 08:02 10357718                   /usr/lib/x86_64-linux-gnu/libkeyutils.so.1.9
7f2e3516f000-7f2e35170000 rw-p 00005000 08:02 10357718                   /usr/lib/x86_64-linux-gnu/libkeyutils.so.1.9
7f2e35170000-7f2e35172000 r--p 00000000 08:02 10358223                   /usr/lib/x86_64-linux-gnu/libwebp.so.7.1.3
7f2e35172000-7f2e351c7000 r-xp 00002000 08:02 10358223                   /usr/lib/x86_64-linux-gnu/libwebp.so.7.1.3
7f2e351c7000-7f2e351d8000 r--p 00057000 08:02 10358223                   /usr/lib/x86_64-linux-gnu/libwebp.so.7.1.3
7f2e351d8000-7f2e351d9000 r--p 00067000 08:02 10358223                   /usr/lib/x86_64-linux-gnu/libwebp.so.7.1.3
7f2e351d9000-7f2e351da000 rw-p 00068000 08:02 10358223                   /usr/lib/x86_64-linux-gnu/libwebp.so.7.1.3
7f2e351da000-7f2e351dc000 rw-p 00000000 00:00 0 
7f2e351dc000-7f2e351ea000 r--p 00000000 08:02 10355046                   /usr/lib/x86_64-linux-gnu/libcurl-gnutls.so.4.7.0
7f2e351ea000-7f2e3525c000 r-xp 0000e000 08:02 10355046                   /usr/lib/x86_64-linux-gnu/libcurl-gnutls.so.4.7.0
7f2e3525c000-7f2e35277000 r--p 00080000 08:02 10355046                   /usr/lib/x86_64-linux-gnu/libcurl-gnutls.so.4.7.0
7f2e35277000-7f2e3527b000 r--p 0009a000 08:02 10355046                   /usr/lib/x86_64-linux-gnu/libcurl-gnutls.so.4.7.0
7f2e3527b000-7f2e3527d000 rw-p 0009e000 08:02 10355046                   /usr/lib/x86_64-linux-gnu/libcurl-gnutls.so.4.7.0
7f2e3527d000-7f2e3527e000 rw-p 00000000 00:00 0 
7f2e3527e000-7f2e352b4000 r--p 00000000 08:02 11142841                   /usr/local/lib/libmeos.so
7f2e352b4000-7f2e353a8000 r-xp 00036000 08:02 11142841                   /usr/local/lib/libmeos.so
7f2e353a8000-7f2e353f3000 r--p 0012a000 08:02 11142841                   /usr/local/lib/libmeos.so
7f2e353f3000-7f2e353f4000 ---p 00175000 08:02 11142841                   /usr/local/lib/libmeos.so
7f2e353f4000-7f2e353f5000 r--p 00175000 08:02 11142841                   /usr/local/lib/libmeos.so
7f2e353f5000-7f2e353fa000 rw-p 00176000 08:02 11142841                   /usr/local/lib/libmeos.so
7f2e353fa000-7f2e35400000 rw-p 00000000 00:00 0 
7f2e35400000-7f2e35412000 r-xp 00000000 08:02 1705150                    /tmp/jffi9235867434461019840.so (deleted)
7f2e35412000-7f2e35611000 ---p 00012000 08:02 1705150                    /tmp/jffi9235867434461019840.so (deleted)
7f2e35611000-7f2e35612000 rw-p 00011000 08:02 1705150                    /tmp/jffi9235867434461019840.so (deleted)
7f2e35612000-7f2e35613000 r--p 00000000 08:02 10355683                   /usr/lib/x86_64-linux-gnu/libbrotlidec.so.1.0.9
7f2e35613000-7f2e3561b000 r-xp 00001000 08:02 10355683                   /usr/lib/x86_64-linux-gnu/libbrotlidec.so.1.0.9
7f2e3561b000-7f2e3561e000 r--p 00009000 08:02 10355683                   /usr/lib/x86_64-linux-gnu/libbrotlidec.so.1.0.9
7f2e3561e000-7f2e3561f000 r--p 0000b000 08:02 10355683                   /usr/lib/x86_64-linux-gnu/libbrotlidec.so.1.0.9
7f2e3561f000-7f2e35620000 rw-p 0000c000 08:02 10355683                   /usr/lib/x86_64-linux-gnu/libbrotlidec.so.1.0.9
7f2e35620000-7f2e35625000 r--p 00000000 08:02 10354889                   /usr/lib/x86_64-linux-gnu/libnghttp2.so.14.20.1
7f2e35625000-7f2e3563a000 r-xp 00005000 08:02 10354889                   /usr/lib/x86_64-linux-gnu/libnghttp2.so.14.20.1
7f2e3563a000-7f2e35646000 r--p 0001a000 08:02 10354889                   /usr/lib/x86_64-linux-gnu/libnghttp2.so.14.20.1
7f2e35646000-7f2e35649000 r--p 00025000 08:02 10354889                   /usr/lib/x86_64-linux-gnu/libnghttp2.so.14.20.1
7f2e35649000-7f2e3564a000 rw-p 00028000 08:02 10354889                   /usr/lib/x86_64-linux-gnu/libnghttp2.so.14.20.1
7f2e3564a000-7f2e3564b000 r--p 00000000 08:02 10355584                   /usr/lib/x86_64-linux-gnu/libdeflate.so.0
7f2e3564b000-7f2e35667000 r-xp 00001000 08:02 10355584                   /usr/lib/x86_64-linux-gnu/libdeflate.so.0
7f2e35667000-7f2e3566b000 r--p 0001d000 08:02 10355584                   /usr/lib/x86_64-linux-gnu/libdeflate.so.0
7f2e3566b000-7f2e3566c000 ---p 00021000 08:02 10355584                   /usr/lib/x86_64-linux-gnu/libdeflate.so.0
7f2e3566c000-7f2e3566d000 r--p 00021000 08:02 10355584                   /usr/lib/x86_64-linux-gnu/libdeflate.so.0
7f2e3566d000-7f2e3566e000 rw-p 00022000 08:02 10355584                   /usr/lib/x86_64-linux-gnu/libdeflate.so.0
7f2e3566e000-7f2e35671000 r--p 00000000 08:02 10360435                   /usr/lib/x86_64-linux-gnu/libgslcblas.so.0.0.0
7f2e35671000-7f2e356aa000 r-xp 00003000 08:02 10360435                   /usr/lib/x86_64-linux-gnu/libgslcblas.so.0.0.0
7f2e356aa000-7f2e356ae000 r--p 0003c000 08:02 10360435                   /usr/lib/x86_64-linux-gnu/libgslcblas.so.0.0.0
7f2e356ae000-7f2e356af000 r--p 0003f000 08:02 10360435                   /usr/lib/x86_64-linux-gnu/libgslcblas.so.0.0.0
7f2e356af000-7f2e356b0000 rw-p 00040000 08:02 10360435                   /usr/lib/x86_64-linux-gnu/libgslcblas.so.0.0.0
7f2e356b0000-7f2e358a0000 rw-p 00000000 00:00 0 
7f2e358a0000-7f2e37550000 ---p 00000000 00:00 0 
7f2e37550000-7f2e37748000 rw-p 00000000 00:00 0 
7f2e37748000-7f2e393f8000 ---p 00000000 00:00 0 
7f2e393f8000-7f2e39400000 rw-p 00000000 00:00 0 
7f2e39400000-7f2e39670000 rwxp 00000000 00:00 0 
7f2e39670000-7f2e40937000 ---p 00000000 00:00 0 
7f2e40937000-7f2e40ba7000 rwxp 00000000 00:00 0 
7f2e40ba7000-7f2e40ec8000 ---p 00000000 00:00 0 
7f2e40ec8000-7f2e41138000 rwxp 00000000 00:00 0 
7f2e41138000-7f2e48400000 ---p 00000000 00:00 0 
7f2e48400000-7f2e4fe43000 r--s 00000000 08:02 10491594                   /usr/lib/jvm/java-17-openjdk-amd64/lib/modules
7f2e4fe47000-7f2e4fe49000 r--p 00000000 08:02 10357716                   /usr/lib/x86_64-linux-gnu/libcom_err.so.2.1
7f2e4fe49000-7f2e4fe4a000 r-xp 00002000 08:02 10357716                   /usr/lib/x86_64-linux-gnu/libcom_err.so.2.1
7f2e4fe4a000-7f2e4fe4b000 r--p 00003000 08:02 10357716                   /usr/lib/x86_64-linux-gnu/libcom_err.so.2.1
7f2e4fe4b000-7f2e4fe4c000 r--p 00003000 08:02 10357716                   /usr/lib/x86_64-linux-gnu/libcom_err.so.2.1
7f2e4fe4c000-7f2e4fe4d000 rw-p 00004000 08:02 10357716                   /usr/lib/x86_64-linux-gnu/libcom_err.so.2.1
7f2e4fe4d000-7f2e4fe50000 r--p 00000000 08:02 10359160                   /usr/lib/x86_64-linux-gnu/liblzma.so.5.2.5
7f2e4fe50000-7f2e4fe6b000 r-xp 00003000 08:02 10359160                   /usr/lib/x86_64-linux-gnu/liblzma.so.5.2.5
7f2e4fe6b000-7f2e4fe76000 r--p 0001e000 08:02 10359160                   /usr/lib/x86_64-linux-gnu/liblzma.so.5.2.5
7f2e4fe76000-7f2e4fe77000 r--p 00028000 08:02 10359160                   /usr/lib/x86_64-linux-gnu/liblzma.so.5.2.5
7f2e4fe77000-7f2e4fe78000 rw-p 00029000 08:02 10359160                   /usr/lib/x86_64-linux-gnu/liblzma.so.5.2.5
7f2e4fe78000-7f2e4fe80000 r--p 00000000 08:02 10358811                   /usr/lib/x86_64-linux-gnu/libtiff.so.5.7.0
7f2e4fe80000-7f2e4fec8000 r-xp 00008000 08:02 10358811                   /usr/lib/x86_64-linux-gnu/libtiff.so.5.7.0
7f2e4fec8000-7f2e4fef8000 r--p 00050000 08:02 10358811                   /usr/lib/x86_64-linux-gnu/libtiff.so.5.7.0
7f2e4fef8000-7f2e4fefd000 r--p 0007f000 08:02 10358811                   /usr/lib/x86_64-linux-gnu/libtiff.so.5.7.0
7f2e4fefd000-7f2e4fefe000 rw-p 00084000 08:02 10358811                   /usr/lib/x86_64-linux-gnu/libtiff.so.5.7.0
7f2e4fefe000-7f2e4feff000 ---p 00000000 00:00 0 
7f2e4feff000-7f2e50000000 rw-p 00000000 00:00 0 
7f2e50000000-7f2e504b1000 rw-p 00000000 00:00 0 
7f2e504b1000-7f2e54000000 ---p 00000000 00:00 0 
7f2e54000000-7f2e54004000 ---p 00000000 00:00 0 
7f2e54004000-7f2e54100000 rw-p 00000000 00:00 0 
7f2e54100000-7f2e54104000 ---p 00000000 00:00 0 
7f2e54104000-7f2e54200000 rw-p 00000000 00:00 0 
7f2e54200000-7f2e54204000 ---p 00000000 00:00 0 
7f2e54204000-7f2e54300000 rw-p 00000000 00:00 0 
7f2e54300000-7f2e54304000 ---p 00000000 00:00 0 
7f2e54304000-7f2e54400000 rw-p 00000000 00:00 0 
7f2e54400000-7f2e54404000 ---p 00000000 00:00 0 
7f2e54404000-7f2e54500000 rw-p 00000000 00:00 0 
7f2e54500000-7f2e54504000 ---p 00000000 00:00 0 
7f2e54504000-7f2e54600000 rw-p 00000000 00:00 0 
7f2e54600000-7f2e54604000 ---p 00000000 00:00 0 
7f2e54604000-7f2e54700000 rw-p 00000000 00:00 0 
7f2e54700000-7f2e54704000 ---p 00000000 00:00 0 
7f2e54704000-7f2e54800000 rw-p 00000000 00:00 0 
7f2e54800000-7f2e54ff0000 r--p 00000000 08:02 10356383                   /usr/lib/locale/locale-archive
7f2e54ff2000-7f2e54ff4000 r--p 00000000 08:02 10361503                   /usr/lib/x86_64-linux-gnu/libpsl.so.5.3.2
7f2e54ff4000-7f2e54ff6000 r-xp 00002000 08:02 10361503                   /usr/lib/x86_64-linux-gnu/libpsl.so.5.3.2
7f2e54ff6000-7f2e55004000 r--p 00004000 08:02 10361503                   /usr/lib/x86_64-linux-gnu/libpsl.so.5.3.2
7f2e55004000-7f2e55005000 r--p 00011000 08:02 10361503                   /usr/lib/x86_64-linux-gnu/libpsl.so.5.3.2
7f2e55005000-7f2e55006000 rw-p 00012000 08:02 10361503                   /usr/lib/x86_64-linux-gnu/libpsl.so.5.3.2
7f2e55006000-7f2e55015000 r--p 00000000 08:02 10366483                   /usr/lib/x86_64-linux-gnu/libgeos_c.so.1.16.0
7f2e55015000-7f2e55035000 r-xp 0000f000 08:02 10366483                   /usr/lib/x86_64-linux-gnu/libgeos_c.so.1.16.0
7f2e55035000-7f2e55042000 r--p 0002f000 08:02 10366483                   /usr/lib/x86_64-linux-gnu/libgeos_c.so.1.16.0
7f2e55042000-7f2e55043000 ---p 0003c000 08:02 10366483                   /usr/lib/x86_64-linux-gnu/libgeos_c.so.1.16.0
7f2e55043000-7f2e55044000 r--p 0003c000 08:02 10366483                   /usr/lib/x86_64-linux-gnu/libgeos_c.so.1.16.0
7f2e55044000-7f2e55045000 rw-p 0003d000 08:02 10366483                   /usr/lib/x86_64-linux-gnu/libgeos_c.so.1.16.0
7f2e55045000-7f2e55049000 ---p 00000000 00:00 0 
7f2e55049000-7f2e55145000 rw-p 00000000 00:00 0 
7f2e55145000-7f2e55149000 ---p 00000000 00:00 0 
7f2e55149000-7f2e55245000 rw-p 00000000 00:00 0 
7f2e55245000-7f2e55249000 ---p 00000000 00:00 0 
7f2e55249000-7f2e55345000 rw-p 00000000 00:00 0 
7f2e55345000-7f2e55346000 ---p 00000000 00:00 0 
7f2e55346000-7f2e55447000 rw-p 00000000 00:00 0 
7f2e55447000-7f2e5544c000 r--p 00000000 08:02 10491564                   /usr/lib/jvm/java-17-openjdk-amd64/lib/libjsvml.so
7f2e5544c000-7f2e5548d000 r-xp 00005000 08:02 10491564                   /usr/lib/jvm/java-17-openjdk-amd64/lib/libjsvml.so
7f2e5548d000-7f2e55516000 r--p 00046000 08:02 10491564                   /usr/lib/jvm/java-17-openjdk-amd64/lib/libjsvml.so
7f2e55516000-7f2e55517000 r--p 000ce000 08:02 10491564                   /usr/lib/jvm/java-17-openjdk-amd64/lib/libjsvml.so
7f2e55517000-7f2e55518000 rw-p 000cf000 08:02 10491564                   /usr/lib/jvm/java-17-openjdk-amd64/lib/libjsvml.so
7f2e55518000-7f2e55599000 rw-p 00000000 00:00 0 
7f2e55599000-7f2e5559a000 ---p 00000000 00:00 0 
7f2e5559a000-7f2e5569b000 rw-p 00000000 00:00 0 
7f2e5569b000-7f2e5569c000 ---p 00000000 00:00 0 
7f2e5569c000-7f2e55ba1000 rw-p 00000000 00:00 0 
7f2e55ba1000-7f2e55ba2000 ---p 00000000 00:00 0 
7f2e55ba2000-7f2e55ca3000 rw-p 00000000 00:00 0 
7f2e55ca3000-7f2e55ca4000 ---p 00000000 00:00 0 
7f2e55ca4000-7f2e55da5000 rw-p 00000000 00:00 0 
7f2e55da5000-7f2e55da6000 ---p 00000000 00:00 0 
7f2e55da6000-7f2e55ee5000 rw-p 00000000 00:00 0 
7f2e55ee5000-7f2e5627b000 ---p 00000000 00:00 0 
7f2e5627b000-7f2e562ba000 rw-p 00000000 00:00 0 
7f2e562ba000-7f2e56650000 ---p 00000000 00:00 0 
7f2e56650000-7f2e5668f000 rw-p 00000000 00:00 0 
7f2e5668f000-7f2e56a25000 ---p 00000000 00:00 0 
7f2e56a25000-7f2e56e2f000 rw-p 00000000 00:00 0 
7f2e56e2f000-7f2e56f15000 ---p 00000000 00:00 0 
7f2e56f15000-7f2e56f1a000 rw-p 00000000 00:00 0 
7f2e56f1a000-7f2e57000000 ---p 00000000 00:00 0 
7f2e57000000-7f2e5709a000 r--p 00000000 08:02 10354705                   /usr/lib/x86_64-linux-gnu/libstdc++.so.6.0.30
7f2e5709a000-7f2e571aa000 r-xp 0009a000 08:02 10354705                   /usr/lib/x86_64-linux-gnu/libstdc++.so.6.0.30
7f2e571aa000-7f2e57219000 r--p 001aa000 08:02 10354705                   /usr/lib/x86_64-linux-gnu/libstdc++.so.6.0.30
7f2e57219000-7f2e57224000 r--p 00218000 08:02 10354705                   /usr/lib/x86_64-linux-gnu/libstdc++.so.6.0.30
7f2e57224000-7f2e57227000 rw-p 00223000 08:02 10354705                   /usr/lib/x86_64-linux-gnu/libstdc++.so.6.0.30
7f2e57227000-7f2e5722a000 rw-p 00000000 00:00 0 
7f2e5722f000-7f2e57231000 r--p 00000000 08:02 10355587                   /usr/lib/x86_64-linux-gnu/libjbig.so.0
7f2e57231000-7f2e5723a000 r-xp 00002000 08:02 10355587                   /usr/lib/x86_64-linux-gnu/libjbig.so.0
7f2e5723a000-7f2e5723c000 r--p 0000b000 08:02 10355587                   /usr/lib/x86_64-linux-gnu/libjbig.so.0
7f2e5723c000-7f2e5723d000 r--p 0000c000 08:02 10355587                   /usr/lib/x86_64-linux-gnu/libjbig.so.0
7f2e5723d000-7f2e57240000 rw-p 0000d000 08:02 10355587                   /usr/lib/x86_64-linux-gnu/libjbig.so.0
7f2e57240000-7f2e57244000 r--p 00000000 08:02 10355662                   /usr/lib/x86_64-linux-gnu/libjson-c.so.5.1.0
7f2e57244000-7f2e5724d000 r-xp 00004000 08:02 10355662                   /usr/lib/x86_64-linux-gnu/libjson-c.so.5.1.0
7f2e5724d000-7f2e57250000 r--p 0000d000 08:02 10355662                   /usr/lib/x86_64-linux-gnu/libjson-c.so.5.1.0
7f2e57250000-7f2e57251000 ---p 00010000 08:02 10355662                   /usr/lib/x86_64-linux-gnu/libjson-c.so.5.1.0
7f2e57251000-7f2e57252000 r--p 00010000 08:02 10355662                   /usr/lib/x86_64-linux-gnu/libjson-c.so.5.1.0
7f2e57252000-7f2e57253000 rw-p 00011000 08:02 10355662                   /usr/lib/x86_64-linux-gnu/libjson-c.so.5.1.0
7f2e57269000-7f2e5728e000 r--p 00000000 08:02 12591460                   /usr/share/locale-langpack/fr/LC_MESSAGES/libc.mo
7f2e5728e000-7f2e57295000 r--s 00000000 08:02 11013395                   /usr/lib/x86_64-linux-gnu/gconv/gconv-modules.cache
7f2e57295000-7f2e57299000 r--p 00000000 08:02 10491590                   /usr/lib/jvm/java-17-openjdk-amd64/lib/libverify.so
7f2e57299000-7f2e572a0000 r-xp 00004000 08:02 10491590                   /usr/lib/jvm/java-17-openjdk-amd64/lib/libverify.so
7f2e572a0000-7f2e572a2000 r--p 0000b000 08:02 10491590                   /usr/lib/jvm/java-17-openjdk-amd64/lib/libverify.so
7f2e572a2000-7f2e572a4000 r--p 0000c000 08:02 10491590                   /usr/lib/jvm/java-17-openjdk-amd64/lib/libverify.so
7f2e572a4000-7f2e572a5000 rw-p 0000e000 08:02 10491590                   /usr/lib/jvm/java-17-openjdk-amd64/lib/libverify.so
7f2e572a5000-7f2e57300000 rw-p 00000000 00:00 0 
7f2e57300000-7f2e57304000 ---p 00000000 00:00 0 
7f2e57304000-7f2e57400000 rw-p 00000000 00:00 0 
7f2e57400000-7f2e57650000 r--p 00000000 08:02 10491606                   /usr/lib/jvm/java-17-openjdk-amd64/lib/server/libjvm.so
7f2e57650000-7f2e583d4000 r-xp 00250000 08:02 10491606                   /usr/lib/jvm/java-17-openjdk-amd64/lib/server/libjvm.so
7f2e583d4000-7f2e58657000 r--p 00fd4000 08:02 10491606                   /usr/lib/jvm/java-17-openjdk-amd64/lib/server/libjvm.so
7f2e58657000-7f2e5870f000 r--p 01256000 08:02 10491606                   /usr/lib/jvm/java-17-openjdk-amd64/lib/server/libjvm.so
7f2e5870f000-7f2e58744000 rw-p 0130e000 08:02 10491606                   /usr/lib/jvm/java-17-openjdk-amd64/lib/server/libjvm.so
7f2e58744000-7f2e5879e000 rw-p 00000000 00:00 0 
7f2e587a2000-7f2e587a3000 r--p 00000000 08:02 10491501                   /usr/lib/jvm/java-17-openjdk-amd64/lib/libextnet.so
7f2e587a3000-7f2e587a4000 r-xp 00001000 08:02 10491501                   /usr/lib/jvm/java-17-openjdk-amd64/lib/libextnet.so
7f2e587a4000-7f2e587a5000 r--p 00002000 08:02 10491501                   /usr/lib/jvm/java-17-openjdk-amd64/lib/libextnet.so
7f2e587a5000-7f2e587a6000 r--p 00002000 08:02 10491501                   /usr/lib/jvm/java-17-openjdk-amd64/lib/libextnet.so
7f2e587a6000-7f2e587a7000 rw-p 00003000 08:02 10491501                   /usr/lib/jvm/java-17-openjdk-amd64/lib/libextnet.so
7f2e587a7000-7f2e587ab000 r--p 00000000 08:02 10491576                   /usr/lib/jvm/java-17-openjdk-amd64/lib/libnet.so
7f2e587ab000-7f2e587b9000 r-xp 00004000 08:02 10491576                   /usr/lib/jvm/java-17-openjdk-amd64/lib/libnet.so
7f2e587b9000-7f2e587bd000 r--p 00012000 08:02 10491576                   /usr/lib/jvm/java-17-openjdk-amd64/lib/libnet.so
7f2e587bd000-7f2e587be000 r--p 00015000 08:02 10491576                   /usr/lib/jvm/java-17-openjdk-amd64/lib/libnet.so
7f2e587be000-7f2e587bf000 rw-p 00016000 08:02 10491576                   /usr/lib/jvm/java-17-openjdk-amd64/lib/libnet.so
7f2e587bf000-7f2e58800000 rw-p 00000000 00:00 0 
7f2e58800000-7f2e58828000 r--p 00000000 08:02 10365356                   /usr/lib/x86_64-linux-gnu/libc.so.6
7f2e58828000-7f2e589bd000 r-xp 00028000 08:02 10365356                   /usr/lib/x86_64-linux-gnu/libc.so.6
7f2e589bd000-7f2e58a15000 r--p 001bd000 08:02 10365356                   /usr/lib/x86_64-linux-gnu/libc.so.6
7f2e58a15000-7f2e58a19000 r--p 00214000 08:02 10365356                   /usr/lib/x86_64-linux-gnu/libc.so.6
7f2e58a19000-7f2e58a1b000 rw-p 00218000 08:02 10365356                   /usr/lib/x86_64-linux-gnu/libc.so.6
7f2e58a1b000-7f2e58a28000 rw-p 00000000 00:00 0 
7f2e58a2b000-7f2e58a31000 r--p 00000000 08:02 10491578                   /usr/lib/jvm/java-17-openjdk-amd64/lib/libnio.so
7f2e58a31000-7f2e58a3a000 r-xp 00006000 08:02 10491578                   /usr/lib/jvm/java-17-openjdk-amd64/lib/libnio.so
7f2e58a3a000-7f2e58a3e000 r--p 0000f000 08:02 10491578                   /usr/lib/jvm/java-17-openjdk-amd64/lib/libnio.so
7f2e58a3e000-7f2e58a3f000 ---p 00013000 08:02 10491578                   /usr/lib/jvm/java-17-openjdk-amd64/lib/libnio.so
7f2e58a3f000-7f2e58a40000 r--p 00013000 08:02 10491578                   /usr/lib/jvm/java-17-openjdk-amd64/lib/libnio.so
7f2e58a40000-7f2e58a41000 rw-p 00014000 08:02 10491578                   /usr/lib/jvm/java-17-openjdk-amd64/lib/libnio.so
7f2e58a41000-7f2e58a43000 r--p 00000000 08:02 10491592                   /usr/lib/jvm/java-17-openjdk-amd64/lib/libzip.so
7f2e58a43000-7f2e58a48000 r-xp 00002000 08:02 10491592                   /usr/lib/jvm/java-17-openjdk-amd64/lib/libzip.so
7f2e58a48000-7f2e58a4a000 r--p 00007000 08:02 10491592                   /usr/lib/jvm/java-17-openjdk-amd64/lib/libzip.so
7f2e58a4a000-7f2e58a4b000 r--p 00008000 08:02 10491592                   /usr/lib/jvm/java-17-openjdk-amd64/lib/libzip.so
7f2e58a4b000-7f2e58a4c000 rw-p 00009000 08:02 10491592                   /usr/lib/jvm/java-17-openjdk-amd64/lib/libzip.so
7f2e58a4c000-7f2e58a93000 rw-p 00000000 00:00 0 
7f2e58a93000-7f2e58a9a000 ---p 00000000 00:00 0 
7f2e58a9a000-7f2e58aa6000 r--p 00000000 08:02 10491515                   /usr/lib/jvm/java-17-openjdk-amd64/lib/libjava.so
7f2e58aa6000-7f2e58ab9000 r-xp 0000c000 08:02 10491515                   /usr/lib/jvm/java-17-openjdk-amd64/lib/libjava.so
7f2e58ab9000-7f2e58abf000 r--p 0001f000 08:02 10491515                   /usr/lib/jvm/java-17-openjdk-amd64/lib/libjava.so
7f2e58abf000-7f2e58ac0000 r--p 00024000 08:02 10491515                   /usr/lib/jvm/java-17-openjdk-amd64/lib/libjava.so
7f2e58ac0000-7f2e58ac1000 rw-p 00025000 08:02 10491515                   /usr/lib/jvm/java-17-openjdk-amd64/lib/libjava.so
7f2e58ac1000-7f2e58ac2000 rw-p 00000000 00:00 0 
7f2e58ac2000-7f2e58ac3000 r--p 00000000 08:02 10491505                   /usr/lib/jvm/java-17-openjdk-amd64/lib/libinstrument.so
7f2e58ac3000-7f2e58ac9000 r-xp 00001000 08:02 10491505                   /usr/lib/jvm/java-17-openjdk-amd64/lib/libinstrument.so
7f2e58ac9000-7f2e58acc000 r--p 00007000 08:02 10491505                   /usr/lib/jvm/java-17-openjdk-amd64/lib/libinstrument.so
7f2e58acc000-7f2e58acd000 r--p 00009000 08:02 10491505                   /usr/lib/jvm/java-17-openjdk-amd64/lib/libinstrument.so
7f2e58acd000-7f2e58ace000 rw-p 0000a000 08:02 10491505                   /usr/lib/jvm/java-17-openjdk-amd64/lib/libinstrument.so
7f2e58ace000-7f2e58ad1000 r--p 00000000 08:02 10354703                   /usr/lib/x86_64-linux-gnu/libgcc_s.so.1
7f2e58ad1000-7f2e58ae8000 r-xp 00003000 08:02 10354703                   /usr/lib/x86_64-linux-gnu/libgcc_s.so.1
7f2e58ae8000-7f2e58aec000 r--p 0001a000 08:02 10354703                   /usr/lib/x86_64-linux-gnu/libgcc_s.so.1
7f2e58aec000-7f2e58aed000 r--p 0001d000 08:02 10354703                   /usr/lib/x86_64-linux-gnu/libgcc_s.so.1
7f2e58aed000-7f2e58aee000 rw-p 0001e000 08:02 10354703                   /usr/lib/x86_64-linux-gnu/libgcc_s.so.1
7f2e58aee000-7f2e58afc000 r--p 00000000 08:02 10365361                   /usr/lib/x86_64-linux-gnu/libm.so.6
7f2e58afc000-7f2e58b78000 r-xp 0000e000 08:02 10365361                   /usr/lib/x86_64-linux-gnu/libm.so.6
7f2e58b78000-7f2e58bd3000 r--p 0008a000 08:02 10365361                   /usr/lib/x86_64-linux-gnu/libm.so.6
7f2e58bd3000-7f2e58bd4000 r--p 000e4000 08:02 10365361                   /usr/lib/x86_64-linux-gnu/libm.so.6
7f2e58bd4000-7f2e58bd5000 rw-p 000e5000 08:02 10365361                   /usr/lib/x86_64-linux-gnu/libm.so.6
7f2e58bd5000-7f2e58bd8000 rw-p 00000000 00:00 0 
7f2e58bd8000-7f2e58bda000 r--p 00000000 08:02 10354880                   /usr/lib/x86_64-linux-gnu/libz.so.1.2.11
7f2e58bda000-7f2e58beb000 r-xp 00002000 08:02 10354880                   /usr/lib/x86_64-linux-gnu/libz.so.1.2.11
7f2e58beb000-7f2e58bf1000 r--p 00013000 08:02 10354880                   /usr/lib/x86_64-linux-gnu/libz.so.1.2.11
7f2e58bf1000-7f2e58bf2000 ---p 00019000 08:02 10354880                   /usr/lib/x86_64-linux-gnu/libz.so.1.2.11
7f2e58bf2000-7f2e58bf3000 r--p 00019000 08:02 10354880                   /usr/lib/x86_64-linux-gnu/libz.so.1.2.11
7f2e58bf3000-7f2e58bf4000 rw-p 0001a000 08:02 10354880                   /usr/lib/x86_64-linux-gnu/libz.so.1.2.11
7f2e58bf6000-7f2e58bf7000 r-xp 00000000 00:00 0 
7f2e58bf7000-7f2e58bff000 rw-s 00000000 08:02 1967198                    /tmp/hsperfdata_nidhal/354876
7f2e58bff000-7f2e58c00000 ---p 00000000 00:00 0 
7f2e58c00000-7f2e58c01000 r--p 00000000 00:00 0 
7f2e58c01000-7f2e58c03000 r--p 00000000 08:02 10491521                   /usr/lib/jvm/java-17-openjdk-amd64/lib/libjimage.so
7f2e58c03000-7f2e58c06000 r-xp 00002000 08:02 10491521                   /usr/lib/jvm/java-17-openjdk-amd64/lib/libjimage.so
7f2e58c06000-7f2e58c07000 r--p 00005000 08:02 10491521                   /usr/lib/jvm/java-17-openjdk-amd64/lib/libjimage.so
7f2e58c07000-7f2e58c08000 ---p 00006000 08:02 10491521                   /usr/lib/jvm/java-17-openjdk-amd64/lib/libjimage.so
7f2e58c08000-7f2e58c09000 r--p 00006000 08:02 10491521                   /usr/lib/jvm/java-17-openjdk-amd64/lib/libjimage.so
7f2e58c09000-7f2e58c0a000 rw-p 00007000 08:02 10491521                   /usr/lib/jvm/java-17-openjdk-amd64/lib/libjimage.so
7f2e58c0a000-7f2e58c0c000 r--p 00000000 08:02 10491523                   /usr/lib/jvm/java-17-openjdk-amd64/lib/libjli.so
7f2e58c0c000-7f2e58c16000 r-xp 00002000 08:02 10491523                   /usr/lib/jvm/java-17-openjdk-amd64/lib/libjli.so
7f2e58c16000-7f2e58c19000 r--p 0000c000 08:02 10491523                   /usr/lib/jvm/java-17-openjdk-amd64/lib/libjli.so
7f2e58c19000-7f2e58c1a000 r--p 0000e000 08:02 10491523                   /usr/lib/jvm/java-17-openjdk-amd64/lib/libjli.so
7f2e58c1a000-7f2e58c1b000 rw-p 0000f000 08:02 10491523                   /usr/lib/jvm/java-17-openjdk-amd64/lib/libjli.so
7f2e58c1b000-7f2e58c1d000 rw-p 00000000 00:00 0 
7f2e58c1d000-7f2e58c1f000 r--p 00000000 08:02 10356375                   /usr/lib/x86_64-linux-gnu/ld-linux-x86-64.so.2
7f2e58c1f000-7f2e58c49000 r-xp 00002000 08:02 10356375                   /usr/lib/x86_64-linux-gnu/ld-linux-x86-64.so.2
7f2e58c49000-7f2e58c54000 r--p 0002c000 08:02 10356375                   /usr/lib/x86_64-linux-gnu/ld-linux-x86-64.so.2
7f2e58c54000-7f2e58c55000 ---p 00000000 00:00 0 
7f2e58c55000-7f2e58c57000 r--p 00037000 08:02 10356375                   /usr/lib/x86_64-linux-gnu/ld-linux-x86-64.so.2
7f2e58c57000-7f2e58c59000 rw-p 00039000 08:02 10356375                   /usr/lib/x86_64-linux-gnu/ld-linux-x86-64.so.2
7ffdf106e000-7ffdf1090000 rw-p 00000000 00:00 0                          [stack]
7ffdf10f5000-7ffdf10f9000 r--p 00000000 00:00 0                          [vvar]
7ffdf10f9000-7ffdf10fb000 r-xp 00000000 00:00 0                          [vdso]
ffffffffff600000-ffffffffff601000 --xp 00000000 00:00 0                  [vsyscall]


VM Arguments:
jvm_args: -javaagent:/snap/intellij-idea-ultimate/430/lib/idea_rt.jar=42167:/snap/intellij-idea-ultimate/430/bin -Dfile.encoding=UTF-8 
java_command: tutorials.hello_world
java_class_path (initial): /home/nidhal/IdeaProjects/JMEOS/target/classes:/home/nidhal/.m2/repository/com/github/jnr/jnr-ffi/2.2.11/jnr-ffi-2.2.11.jar:/home/nidhal/.m2/repository/com/github/jnr/jffi/1.3.9/jffi-1.3.9.jar:/home/nidhal/.m2/repository/com/github/jnr/jffi/1.3.9/jffi-1.3.9-native.jar:/home/nidhal/.m2/repository/org/ow2/asm/asm/9.2/asm-9.2.jar:/home/nidhal/.m2/repository/org/ow2/asm/asm-commons/9.2/asm-commons-9.2.jar:/home/nidhal/.m2/repository/org/ow2/asm/asm-analysis/9.2/asm-analysis-9.2.jar:/home/nidhal/.m2/repository/org/ow2/asm/asm-tree/9.2/asm-tree-9.2.jar:/home/nidhal/.m2/repository/org/ow2/asm/asm-util/9.2/asm-util-9.2.jar:/home/nidhal/.m2/repository/com/github/jnr/jnr-a64asm/1.0.0/jnr-a64asm-1.0.0.jar:/home/nidhal/.m2/repository/com/github/jnr/jnr-x86asm/1.0.2/jnr-x86asm-1.0.2.jar:/home/nidhal/.m2/repository/org/hibernate/orm/hibernate-core/6.2.2.Final/hibernate-core-6.2.2.Final.jar:/home/nidhal/.m2/repository/jakarta/persistence/jakarta.persistence-api/3.1.0/jakarta.persistence-api-3.1.0.jar:/home/nidhal/.m2/repository/jakarta/transaction/jakarta.transaction-api/2.0.1/jakarta.transaction-api-2.0.1.jar:/home/nidhal/.m2/repository/org/jboss/logging/jboss-logging/3.5.0.Final/jboss-logging-3.5.0.Final.jar:/home/nidhal/.m2/repository/org/hibernate/common/hibernate-commons-annotations/6.0.6.Final/hibernate-commons-annotations-6.0.6.Final.jar:/home/nidhal/.m2/repository/io/smallrye/jandex/3.0.5/jandex-3.0.5.jar:/home/nidhal/.m2/repository/com/fasterxml/classmate/1.5.1/classmate-1.5.1.jar:/home/nidhal/.m2/repository/net/bytebuddy/byte-buddy/1.12.18/byte-buddy-1.12.18.jar:/home/nidhal/.m2/repository/jakarta/xml/bind/jakarta.xml.bind-api/4.0.0/jakarta.xml.bind-api-4.0.0.jar:/home/nidhal/.m2/repository/jakarta/activation/jakarta.activation-api/2.1.0/jakarta.activation-api-2.1.0.jar:/home/nidhal/.m2/repository/org/glassfish/jaxb/jaxb-runtime/4.0.2/jaxb-runtime-4.0.2.jar:/home/nidhal/.m2/repository/org/glassfish/jaxb/jaxb-core/4.0.2/jaxb-core-4.0.2.jar:/ho
Launcher Type: SUN_STANDARD

[Global flags]
     intx CICompilerCount                          = 3                                         {product} {ergonomic}
     uint ConcGCThreads                            = 1                                         {product} {ergonomic}
     uint G1ConcRefinementThreads                  = 4                                         {product} {ergonomic}
   size_t G1HeapRegionSize                         = 1048576                                   {product} {ergonomic}
    uintx GCDrainStackTargetSize                   = 64                                        {product} {ergonomic}
   size_t InitialHeapSize                          = 130023424                                 {product} {ergonomic}
   size_t MarkStackSize                            = 4194304                                   {product} {ergonomic}
   size_t MaxHeapSize                              = 2057306112                                {product} {ergonomic}
   size_t MaxNewSize                               = 1234173952                                {product} {ergonomic}
   size_t MinHeapDeltaBytes                        = 1048576                                   {product} {ergonomic}
   size_t MinHeapSize                              = 8388608                                   {product} {ergonomic}
    uintx NonNMethodCodeHeapSize                   = 5832780                                {pd product} {ergonomic}
    uintx NonProfiledCodeHeapSize                  = 122912730                              {pd product} {ergonomic}
    uintx ProfiledCodeHeapSize                     = 122912730                              {pd product} {ergonomic}
    uintx ReservedCodeCacheSize                    = 251658240                              {pd product} {ergonomic}
     bool SegmentedCodeCache                       = true                                      {product} {ergonomic}
   size_t SoftMaxHeapSize                          = 2057306112                             {manageable} {ergonomic}
     bool UseCompressedClassPointers               = true                           {product lp64_product} {ergonomic}
     bool UseCompressedOops                        = true                           {product lp64_product} {ergonomic}
     bool UseG1GC                                  = true                                      {product} {ergonomic}

Logging:
Log output configuration:
 #0: stdout all=warning uptime,level,tags
 #1: stderr all=off uptime,level,tags

Environment Variables:
JAVA_HOME=/opt/jdk-13.0.2
PATH=/home/nidhal/.local/bin:/usr/local/sbin:/usr/local/bin:/usr/sbin:/usr/bin:/sbin:/bin:/usr/games:/usr/local/games:/snap/bin:/snap/bin/opt/jdk-13.0.2/bin
USERNAME=nidhal
SHELL=/bin/bash
DISPLAY=:0
LANG=fr_FR.UTF-8

Active Locale:
LC_ALL=fr_FR.UTF-8
LC_COLLATE=fr_FR.UTF-8
LC_CTYPE=fr_FR.UTF-8
LC_MESSAGES=fr_FR.UTF-8
LC_MONETARY=fr_FR.UTF-8
LC_NUMERIC=fr_FR.UTF-8
LC_TIME=fr_FR.UTF-8

Signal Handlers:
   SIGSEGV: crash_handler in libjvm.so, mask=11100100010111111101111111111110, flags=SA_RESTART|SA_SIGINFO, unblocked
    SIGBUS: crash_handler in libjvm.so, mask=11100100010111111101111111111110, flags=SA_RESTART|SA_SIGINFO, unblocked
    SIGFPE: crash_handler in libjvm.so, mask=11100100010111111101111111111110, flags=SA_RESTART|SA_SIGINFO, unblocked
   SIGPIPE: javaSignalHandler in libjvm.so, mask=11100100010111111101111111111110, flags=SA_RESTART|SA_SIGINFO, blocked
   SIGXFSZ: javaSignalHandler in libjvm.so, mask=11100100010111111101111111111110, flags=SA_RESTART|SA_SIGINFO, blocked
    SIGILL: crash_handler in libjvm.so, mask=11100100010111111101111111111110, flags=SA_RESTART|SA_SIGINFO, unblocked
   SIGUSR2: SR_handler in libjvm.so, mask=00100000000000000000000000000000, flags=SA_RESTART|SA_SIGINFO, blocked
    SIGHUP: UserHandler in libjvm.so, mask=11100100010111111101111111111110, flags=SA_RESTART|SA_SIGINFO, blocked
    SIGINT: UserHandler in libjvm.so, mask=11100100010111111101111111111110, flags=SA_RESTART|SA_SIGINFO, blocked
   SIGTERM: UserHandler in libjvm.so, mask=11100100010111111101111111111110, flags=SA_RESTART|SA_SIGINFO, blocked
   SIGQUIT: UserHandler in libjvm.so, mask=11100100010111111101111111111110, flags=SA_RESTART|SA_SIGINFO, blocked
   SIGTRAP: crash_handler in libjvm.so, mask=11100100010111111101111111111110, flags=SA_RESTART|SA_SIGINFO, unblocked


---------------  S Y S T E M  ---------------

OS:
DISTRIB_ID=Ubuntu
DISTRIB_RELEASE=22.04
DISTRIB_CODENAME=jammy
DISTRIB_DESCRIPTION="Ubuntu 22.04.2 LTS"
uname: Linux 5.19.0-42-generic #43~22.04.1-Ubuntu SMP PREEMPT_DYNAMIC Fri Apr 21 16:51:08 UTC 2 x86_64
OS uptime: 0 days 4:35 hours
libc: glibc 2.35 NPTL 2.35 
rlimit (soft/hard): STACK 8192k/infinity , CORE 0k/infinity , NPROC 31051/31051 , NOFILE 1048576/1048576 , AS infinity/infinity , CPU infinity/infinity , DATA infinity/infinity , FSIZE infinity/infinity , MEMLOCK 1003616k/1003616k
load average: 3,69 3,28 3,24

/proc/meminfo:
MemTotal:        8028956 kB
MemFree:          299136 kB
MemAvailable:    2610316 kB
Buffers:          224588 kB
Cached:          2436224 kB
SwapCached:        27536 kB
Active:          2235308 kB
Inactive:        4640720 kB
Active(anon):    1182264 kB
Inactive(anon):  3444004 kB
Active(file):    1053044 kB
Inactive(file):  1196716 kB
Unevictable:       81312 kB
Mlocked:              16 kB
SwapTotal:       2097148 kB
SwapFree:        1308156 kB
Zswap:                 0 kB
Zswapped:              0 kB
Dirty:              3864 kB
Writeback:             0 kB
AnonPages:       4285744 kB
Mapped:           933580 kB
Shmem:            416736 kB
KReclaimable:     366588 kB
Slab:             604872 kB
SReclaimable:     366588 kB
SUnreclaim:       238284 kB
KernelStack:       21876 kB
PageTables:        45028 kB
NFS_Unstable:          0 kB
Bounce:                0 kB
WritebackTmp:          0 kB
CommitLimit:     6111624 kB
Committed_AS:   12609864 kB
VmallocTotal:   34359738367 kB
VmallocUsed:       77892 kB
VmallocChunk:          0 kB
Percpu:             5680 kB
HardwareCorrupted:     0 kB
AnonHugePages:         0 kB
ShmemHugePages:        0 kB
ShmemPmdMapped:        0 kB
FileHugePages:         0 kB
FilePmdMapped:         0 kB
HugePages_Total:       0
HugePages_Free:        0
HugePages_Rsvd:        0
HugePages_Surp:        0
Hugepagesize:       2048 kB
Hugetlb:               0 kB
DirectMap4k:      489240 kB
DirectMap2M:     7788544 kB
DirectMap1G:           0 kB

/sys/kernel/mm/transparent_hugepage/enabled: always [madvise] never
/sys/kernel/mm/transparent_hugepage/defrag (defrag/compaction efforts parameter): always defer defer+madvise [madvise] never

Process Memory:
Virtual Size: 5231660K (peak: 5231660K)
Resident Set Size: 85204K (peak: 85204K) (anon: 46036K, file: 39168K, shmem: 0K)
Swapped out: 0K
C-Heap outstanding allocations: 24029K, retained: 2758K
glibc malloc tunables: (default)

/proc/sys/kernel/threads-max (system-wide limit on the number of threads): 62103
/proc/sys/vm/max_map_count (maximum number of memory map areas a process may have): 65530
/proc/sys/kernel/pid_max (system-wide limit on number of process identifiers): 4194304

container (cgroup) information:
container_type: cgroupv2
cpu_cpuset_cpus: not supported
cpu_memory_nodes: not supported
active_processor_count: 4
cpu_quota: not supported
cpu_period: not supported
cpu_shares: not supported
memory_limit_in_bytes: unlimited
memory_and_swap_limit_in_bytes: unlimited
memory_soft_limit_in_bytes: unlimited
memory_usage_in_bytes: 3407756 k
memory_max_usage_in_bytes: not supported
memory_swap_current_in_bytes: 456800 k
memory_swap_max_limit_in_bytes: unlimited
maximum number of tasks: 9315
current number of tasks: 235

Steal ticks since vm start: 0
Steal ticks percentage since vm start:  0,000

CPU: total 4 (initial active 4) (2 cores per cpu, 2 threads per core) family 6 model 78 stepping 3 microcode 0xf0, cx8, cmov, fxsr, ht, mmx, 3dnowpref, sse, sse2, sse3, ssse3, sse4.1, sse4.2, popcnt, lzcnt, tsc, tscinvbit, avx, avx2, aes, erms, clmul, bmi1, bmi2, adx, fma, vzeroupper, clflush, clflushopt
CPU Model and flags from /proc/cpuinfo:
model name	: Intel(R) Core(TM) i3-6100U CPU @ 2.30GHz
flags		: fpu vme de pse tsc msr pae mce cx8 apic sep mtrr pge mca cmov pat pse36 clflush dts acpi mmx fxsr sse sse2 ss ht tm pbe syscall nx pdpe1gb rdtscp lm constant_tsc art arch_perfmon pebs bts rep_good nopl xtopology nonstop_tsc cpuid aperfmperf pni pclmulqdq dtes64 monitor ds_cpl est tm2 ssse3 sdbg fma cx16 xtpr pdcm pcid sse4_1 sse4_2 x2apic movbe popcnt tsc_deadline_timer aes xsave avx f16c rdrand lahf_lm abm 3dnowprefetch cpuid_fault epb invpcid_single pti ssbd ibrs ibpb stibp fsgsbase tsc_adjust bmi1 avx2 smep bmi2 erms invpcid mpx rdseed adx smap clflushopt intel_pt xsaveopt xsavec xgetbv1 xsaves dtherm ida arat pln pts hwp hwp_notify hwp_act_window hwp_epp md_clear flush_l1d arch_capabilities

Online cpus: 0-3
Offline cpus: 
BIOS frequency limitation: <Not Available>
Frequency switch latency (ns): 0
Available cpu frequencies: <Not Available>
Current governor: powersave
Core performance/turbo boost: <Not Available>

Memory: 4k page, physical 8028956k(299136k free), swap 2097148k(1308156k free)
Page Sizes: 4k

vm_info: OpenJDK 64-Bit Server VM (17.0.7+7-Ubuntu-0ubuntu122.04.2) for linux-amd64 JRE (17.0.7+7-Ubuntu-0ubuntu122.04.2), built on May 10 2023 04:02:16 by "buildd" with gcc 11.3.0

END.
