#
# A fatal error has been detected by the Java Runtime Environment:
#
#  SIGSEGV (0xb) at pc=0x00007fac7d59d97d, pid=242898, tid=242905
#
# JRE version: OpenJDK Runtime Environment (17.0.7+7) (build 17.0.7+7-Ubuntu-0ubuntu122.04.2)
# Java VM: OpenJDK 64-Bit Server VM (17.0.7+7-Ubuntu-0ubuntu122.04.2, mixed mode, sharing, tiered, compressed oops, compressed class ptrs, g1 gc, linux-amd64)
# Problematic frame:
# C  [libc.so.6+0x19d97d]
#
# Core dump will be written. Default location: Core dumps may be processed with "/usr/share/apport/apport -p%p -s%s -c%c -d%d -P%P -u%u -g%g -- %E" (or dumping to /home/nidhal/IdeaProjects/JMEOS/core.242898)
#
# If you would like to submit a bug report, please visit:
#   Unknown
# The crash happened outside the Java Virtual Machine in native code.
# See problematic frame for where to report the bug.
#

---------------  S U M M A R Y ------------

Command Line: -javaagent:/snap/intellij-idea-ultimate/437/lib/idea_rt.jar=33663:/snap/intellij-idea-ultimate/437/bin -Dfile.encoding=UTF-8 tutorials.reading

Host: Intel(R) Core(TM) i3-6100U CPU @ 2.30GHz, 4 cores, 7G, Ubuntu 22.04.2 LTS
Time: Mon Jun 26 03:07:22 2023 CEST elapsed time: 1.942572 seconds (0d 0h 0m 1s)

---------------  T H R E A D  ---------------

Current thread (0x00007fac740166d0):  JavaThread "main" [_thread_in_native, id=242905, stack(0x00007fac7bf00000,0x00007fac7c000000)]

Stack: [0x00007fac7bf00000,0x00007fac7c000000],  sp=0x00007fac7bffe6e8,  free space=1017k
Native frames: (J=compiled Java code, j=interpreted, Vv=VM code, C=native code)
C  [libc.so.6+0x19d97d]
j  com.kenai.jffi.Foreign.getZeroTerminatedByteArray(J)[B+0
j  com.kenai.jffi.UnsafeMemoryIO.getZeroTerminatedByteArray(J)[B+1
j  jnr.ffi.provider.jffi.DirectMemoryIO.getString(J)Ljava/lang/String;+12
j  tutorials.reading.main([Ljava/lang/String;)V+430
v  ~StubRoutines::call_stub
V  [libjvm.so+0x833045]  JavaCalls::call_helper(JavaValue*, methodHandle const&, JavaCallArguments*, JavaThread*)+0x325
V  [libjvm.so+0x8cf51a]  jni_invoke_static(JNIEnv_*, JavaValue*, _jobject*, JNICallType, _jmethodID*, JNI_ArgumentPusher*, JavaThread*) [clone .constprop.1]+0x3aa
V  [libjvm.so+0x8d2251]  jni_CallStaticVoidMethod+0x171
C  [libjli.so+0x4a25]  JavaMain+0xd75
C  [libjli.so+0x7fbd]  ThreadJavaMain+0xd

Java frames: (J=compiled Java code, j=interpreted, Vv=VM code)
j  com.kenai.jffi.Foreign.getZeroTerminatedByteArray(J)[B+0
j  com.kenai.jffi.UnsafeMemoryIO.getZeroTerminatedByteArray(J)[B+1
j  jnr.ffi.provider.jffi.DirectMemoryIO.getString(J)Ljava/lang/String;+12
j  tutorials.reading.main([Ljava/lang/String;)V+430
v  ~StubRoutines::call_stub

siginfo: si_signo: 11 (SIGSEGV), si_code: 128 (SI_KERNEL), si_addr: 0x0000000000000000

Register to memory mapping:

RAX=0x0000000000000d80 is an unknown value
RBX=0x00007fac74016978 points into unknown readable memory: 0x00007fac7d3154c0 | c0 54 31 7d ac 7f 00 00
RCX=0x0000000000000001 is an unknown value
RDX=0x00025b5728126d80 is an unknown value
RSP=0x00007fac7bffe6e8 is pointing into the stack for thread: 0x00007fac740166d0
RBP=0x00007fac7bffe710 is pointing into the stack for thread: 0x00007fac740166d0
RSI=0x00007fac7bffe788 is pointing into the stack for thread: 0x00007fac740166d0
RDI=0x00025b5728126d80 is an unknown value
R8 ={method} {0x00007fac404221d8} 'getZeroTerminatedByteArray' '(J)[B' in 'com/kenai/jffi/Foreign'
R9 =0x0000000000000002 is an unknown value
R10=0x00007fac7d40e940: <offset 0x000000000000e940> in /lib/x86_64-linux-gnu/libc.so.6 at 0x00007fac7d400000
R11=0x00007fac7d59d960: <offset 0x000000000019d960> in /lib/x86_64-linux-gnu/libc.so.6 at 0x00007fac7d400000
R12=0x0 is NULL
R13={method} {0x00007fac404221d8} 'getZeroTerminatedByteArray' '(J)[B' in 'com/kenai/jffi/Foreign'
R14=0x00025b5728126d80 is an unknown value
R15=0x00007fac740166d0 is a thread


Registers:
RAX=0x0000000000000d80, RBX=0x00007fac74016978, RCX=0x0000000000000001, RDX=0x00025b5728126d80
RSP=0x00007fac7bffe6e8, RBP=0x00007fac7bffe710, RSI=0x00007fac7bffe788, RDI=0x00025b5728126d80
R8 =0x00007fac404221d8, R9 =0x0000000000000002, R10=0x00007fac7d40e940, R11=0x00007fac7d59d960
R12=0x0000000000000000, R13=0x00007fac404221d8, R14=0x00025b5728126d80, R15=0x00007fac740166d0
RIP=0x00007fac7d59d97d, EFLAGS=0x0000000000010287, CSGSFS=0x002b000000000033, ERR=0x0000000000000000
  TRAPNO=0x000000000000000d

Top of Stack: (sp=0x00007fac7bffe6e8)
0x00007fac7bffe6e8:   00007fac0fc0c166 00007fac404221d8
0x00007fac7bffe6f8:   0000000000000000 00007fac404221d8
0x00007fac7bffe708:   00007fac7bffe7a0 00007fac7bffe778
0x00007fac7bffe718:   00007fac6494451a 0000000000000000 

Instructions: (pc=0x00007fac7d59d97d)
0x00007fac7d59d87d:   fd d7 ca c5 fd d7 c3 09 c1 75 38 c5 fd 6f 0f c5
0x00007fac7d59d88d:   fd 74 d1 48 83 c7 20 c5 dd 74 d9 c5 fd d7 ca c5
0x00007fac7d59d89d:   fd d7 c3 09 c1 75 1c c5 fd 6f 0f c5 fd 74 d1 48
0x00007fac7d59d8ad:   83 c7 20 c5 dd 74 d9 c5 fd d7 ca c5 fd d7 c3 09
0x00007fac7d59d8bd:   c1 74 90 85 c0 75 1c 85 d2 0f 84 84 00 00 00 89
0x00007fac7d59d8cd:   d0 48 89 f7 0f bd c0 48 8d 44 07 e0 c5 f8 77 c3
0x00007fac7d59d8dd:   0f 1f 00 c5 fd d7 ca 85 c9 75 18 89 c2 48 89 fe
0x00007fac7d59d8ed:   e9 5e ff ff ff 66 66 2e 0f 1f 84 00 00 00 00 00
0x00007fac7d59d8fd:   0f 1f 00 41 89 c8 41 83 e8 01 41 31 c8 44 21 c0
0x00007fac7d59d90d:   85 c0 74 b3 0f bd c0 48 8d 44 07 e0 c5 f8 77 c3
0x00007fac7d59d91d:   0f 1f 00 48 01 cf 89 d1 41 89 c8 41 83 e8 01 41
0x00007fac7d59d92d:   31 c8 44 21 c0 85 c0 74 1a 0f bd c0 48 8d 44 07
0x00007fac7d59d93d:   e0 c5 f8 77 c3 66 66 2e 0f 1f 84 00 00 00 00 00
0x00007fac7d59d94d:   0f 1f 00 31 c0 c5 f8 77 c3 66 2e 0f 1f 84 00 00
0x00007fac7d59d95d:   00 00 00 f3 0f 1e fa 89 f8 48 89 fa c5 f9 ef c0
0x00007fac7d59d96d:   25 ff 0f 00 00 3d e0 0f 00 00 0f 87 33 01 00 00
0x00007fac7d59d97d:   c5 fd 74 0f c5 fd d7 c1 85 c0 74 57 f3 0f bc c0
0x00007fac7d59d98d:   c5 f8 77 c3 66 66 2e 0f 1f 84 00 00 00 00 00 0f
0x00007fac7d59d99d:   1f 40 00 f3 0f bc c0 29 d7 ff c7 01 f8 c5 f8 77
0x00007fac7d59d9ad:   c3 66 90 f3 0f bc c0 29 d7 83 c7 21 01 f8 c5 f8
0x00007fac7d59d9bd:   77 c3 90 f3 0f bc c0 29 d7 83 c7 41 01 f8 c5 f8
0x00007fac7d59d9cd:   77 c3 90 f3 0f bc c0 29 d7 83 c7 61 01 f8 c5 f8
0x00007fac7d59d9dd:   77 c3 90 48 83 cf 1f c5 fd 74 4f 01 c5 fd d7 c1
0x00007fac7d59d9ed:   85 c0 75 af c5 fd 74 4f 21 c5 fd d7 c1 85 c0 75
0x00007fac7d59d9fd:   b2 c5 fd 74 4f 41 c5 fd d7 c1 85 c0 75 b5 c5 fd
0x00007fac7d59da0d:   74 4f 61 c5 fd d7 c1 85 c0 75 b8 48 ff c7 48 83
0x00007fac7d59da1d:   cf 7f 90 c5 fd 6f 4f 01 c5 f5 da 57 21 c5 fd 6f
0x00007fac7d59da2d:   5f 41 c5 e5 da 67 61 c5 dd da ea c5 fd 74 ed c5
0x00007fac7d59da3d:   fd d7 cd 48 83 ef 80 85 c9 74 d8 c5 fd 74 c9 c5
0x00007fac7d59da4d:   fd d7 c1 48 29 d7 85 c0 75 39 c5 fd 74 d2 c5 fd
0x00007fac7d59da5d:   d7 c2 85 c0 75 3d c5 fd 74 db c5 fd d7 c3 48 c1
0x00007fac7d59da6d:   e1 20 48 09 c8 f3 48 0f bc c0 48 83 ef 3f 48 01 


Stack slot to memory mapping:
stack at sp + 0 slots: 0x00007fac0fc0c166: Java_com_kenai_jffi_Foreign_getZeroTerminatedByteArray__J+0x0000000000000026 in /tmp/jffi1627323188391562495.so at 0x00007fac0fc00000
stack at sp + 1 slots: {method} {0x00007fac404221d8} 'getZeroTerminatedByteArray' '(J)[B' in 'com/kenai/jffi/Foreign'
stack at sp + 2 slots: 0x0 is NULL
stack at sp + 3 slots: {method} {0x00007fac404221d8} 'getZeroTerminatedByteArray' '(J)[B' in 'com/kenai/jffi/Foreign'
stack at sp + 4 slots: 0x00007fac7bffe7a0 is pointing into the stack for thread: 0x00007fac740166d0
stack at sp + 5 slots: 0x00007fac7bffe778 is pointing into the stack for thread: 0x00007fac740166d0
stack at sp + 6 slots: 0x00007fac6494451a is at code_begin+890 in an Interpreter codelet
method entry point (kind = native)  [0x00007fac649441a0, 0x00007fac64944a00]  2144 bytes
stack at sp + 7 slots: 0x0 is NULL


---------------  P R O C E S S  ---------------

Threads class SMR info:
_java_thread_list=0x00007fac34001f70, length=13, elements={
0x00007fac740166d0, 0x00007fac74115480, 0x00007fac74116860, 0x00007fac7411c010,
0x00007fac7411d3c0, 0x00007fac7411e7d0, 0x00007fac74120180, 0x00007fac741216b0,
0x00007fac74122b20, 0x00007fac7412de60, 0x00007fac7430bcf0, 0x00007fac7430d440,
0x00007fac34000fe0
}

Java Threads: ( => current thread )
=>0x00007fac740166d0 JavaThread "main" [_thread_in_native, id=242905, stack(0x00007fac7bf00000,0x00007fac7c000000)]
  0x00007fac74115480 JavaThread "Reference Handler" daemon [_thread_blocked, id=242915, stack(0x00007fac73f00000,0x00007fac74000000)]
  0x00007fac74116860 JavaThread "Finalizer" daemon [_thread_blocked, id=242916, stack(0x00007fac59468000,0x00007fac59568000)]
  0x00007fac7411c010 JavaThread "Signal Dispatcher" daemon [_thread_blocked, id=242918, stack(0x00007fac58b00000,0x00007fac58c00000)]
  0x00007fac7411d3c0 JavaThread "Service Thread" daemon [_thread_blocked, id=242919, stack(0x00007fac58a00000,0x00007fac58b00000)]
  0x00007fac7411e7d0 JavaThread "Monitor Deflation Thread" daemon [_thread_blocked, id=242921, stack(0x00007fac58900000,0x00007fac58a00000)]
  0x00007fac74120180 JavaThread "C2 CompilerThread0" daemon [_thread_in_native, id=242922, stack(0x00007fac58800000,0x00007fac58900000)]
  0x00007fac741216b0 JavaThread "C1 CompilerThread0" daemon [_thread_in_vm, id=242923, stack(0x00007fac58700000,0x00007fac58800000)]
  0x00007fac74122b20 JavaThread "Sweeper thread" daemon [_thread_blocked, id=242924, stack(0x00007fac58600000,0x00007fac58700000)]
  0x00007fac7412de60 JavaThread "Common-Cleaner" daemon [_thread_blocked, id=242929, stack(0x00007fac58500000,0x00007fac58600000)]
  0x00007fac7430bcf0 JavaThread "Monitor Ctrl-Break" daemon [_thread_in_native, id=242931, stack(0x00007fac58400000,0x00007fac58500000)]
  0x00007fac7430d440 JavaThread "Notification Thread" daemon [_thread_blocked, id=242932, stack(0x00007fac58300000,0x00007fac58400000)]
  0x00007fac34000fe0 JavaThread "Attach Listener" daemon [_thread_blocked, id=242953, stack(0x00007fac580fe000,0x00007fac581fe000)]

Other Threads:
  0x00007fac741113d0 VMThread "VM Thread" [stack: 0x00007fac780b5000,0x00007fac781b5000] [id=242913]
  0x00007fac740191e0 WatcherThread [stack: 0x00007fac58200000,0x00007fac58300000] [id=242933]
  0x00007fac7406fbc0 GCTaskThread "GC Thread#0" [stack: 0x00007fac78b15000,0x00007fac78c15000] [id=242906]
  0x00007fac38005200 GCTaskThread "GC Thread#1" [stack: 0x00007fac0e35f000,0x00007fac0e45f000] [id=242956]
  0x00007fac38005c80 GCTaskThread "GC Thread#2" [stack: 0x00007fac0e25d000,0x00007fac0e35d000] [id=242957]
  0x00007fac3800bc90 GCTaskThread "GC Thread#3" [stack: 0x00007fac0e15b000,0x00007fac0e25b000] [id=242958]
  0x00007fac74080660 ConcurrentGCThread "G1 Main Marker" [stack: 0x00007fac78a13000,0x00007fac78b13000] [id=242907]
  0x00007fac740815c0 ConcurrentGCThread "G1 Conc#0" [stack: 0x00007fac78911000,0x00007fac78a11000] [id=242908]
  0x00007fac740e5cb0 ConcurrentGCThread "G1 Refine#0" [stack: 0x00007fac7840b000,0x00007fac7850b000] [id=242909]
  0x00007fac740e6ba0 ConcurrentGCThread "G1 Service" [stack: 0x00007fac78309000,0x00007fac78409000] [id=242910]

Threads with active compile tasks:
C2 CompilerThread0     1958  760       4       java.lang.String::substring (58 bytes)
C1 CompilerThread0     1958  867       3       java.util.ArrayList$SubList::toArray (79 bytes)

VM state: not at safepoint (normal execution)

VM Mutex/Monitor currently owned by a thread:  ([mutex/lock_event])
[0x00007fac74014440] MethodData_lock - owner thread: 0x00007fac741216b0

Heap address: 0x0000000085a00000, size: 1958 MB, Compressed Oops mode: 32-bit

CDS archive(s) mapped at: [0x0000000800000000-0x0000000800be2000-0x0000000800be2000), size 12460032, SharedBaseAddress: 0x0000000800000000, ArchiveRelocationMode: 0.
Compressed class space mapped at: 0x0000000801000000-0x0000000841000000, reserved size: 1073741824
Narrow klass base: 0x0000000800000000, Narrow klass shift: 0, Narrow klass range: 0x100000000

GC Precious Log:
 CPUs: 4 total, 4 available
 Memory: 7828M
 Large Page Support: Disabled
 NUMA Support: Disabled
 Compressed Oops: Enabled (32-bit)
 Heap Region Size: 1M
 Heap Min Capacity: 8M
 Heap Initial Capacity: 124M
 Heap Max Capacity: 1958M
 Pre-touch: Disabled
 Parallel Workers: 4
 Concurrent Workers: 1
 Concurrent Refinement Workers: 4
 Periodic GC: Disabled

Heap:
 garbage-first heap   total 129024K, used 7364K [0x0000000085a00000, 0x0000000100000000)
  region size 1024K, 5 young (5120K), 2 survivors (2048K)
 Metaspace       used 5152K, committed 5248K, reserved 1114112K
  class space    used 492K, committed 512K, reserved 1048576K

Heap Regions: E=young(eden), S=young(survivor), O=old, HS=humongous(starts), HC=humongous(continues), CS=collection set, F=free, OA=open archive, CA=closed archive, TAMS=top-at-mark-start (previous, next)
|   0|0x0000000085a00000, 0x0000000085b00000, 0x0000000085b00000|100%|HS|  |TAMS 0x0000000085a00000, 0x0000000085a00000| Complete 
|   1|0x0000000085b00000, 0x0000000085c00000, 0x0000000085c00000|100%| O|  |TAMS 0x0000000085b00000, 0x0000000085b00000| Untracked 
|   2|0x0000000085c00000, 0x0000000085c39000, 0x0000000085d00000| 22%| O|  |TAMS 0x0000000085c00000, 0x0000000085c00000| Untracked 
|   3|0x0000000085d00000, 0x0000000085d00000, 0x0000000085e00000|  0%| F|  |TAMS 0x0000000085d00000, 0x0000000085d00000| Untracked 
|   4|0x0000000085e00000, 0x0000000085e00000, 0x0000000085f00000|  0%| F|  |TAMS 0x0000000085e00000, 0x0000000085e00000| Untracked 
|   5|0x0000000085f00000, 0x0000000085f00000, 0x0000000086000000|  0%| F|  |TAMS 0x0000000085f00000, 0x0000000085f00000| Untracked 
|   6|0x0000000086000000, 0x0000000086000000, 0x0000000086100000|  0%| F|  |TAMS 0x0000000086000000, 0x0000000086000000| Untracked 
|   7|0x0000000086100000, 0x0000000086100000, 0x0000000086200000|  0%| F|  |TAMS 0x0000000086100000, 0x0000000086100000| Untracked 
|   8|0x0000000086200000, 0x0000000086200000, 0x0000000086300000|  0%| F|  |TAMS 0x0000000086200000, 0x0000000086200000| Untracked 
|   9|0x0000000086300000, 0x0000000086300000, 0x0000000086400000|  0%| F|  |TAMS 0x0000000086300000, 0x0000000086300000| Untracked 
|  10|0x0000000086400000, 0x0000000086400000, 0x0000000086500000|  0%| F|  |TAMS 0x0000000086400000, 0x0000000086400000| Untracked 
|  11|0x0000000086500000, 0x0000000086500000, 0x0000000086600000|  0%| F|  |TAMS 0x0000000086500000, 0x0000000086500000| Untracked 
|  12|0x0000000086600000, 0x0000000086600000, 0x0000000086700000|  0%| F|  |TAMS 0x0000000086600000, 0x0000000086600000| Untracked 
|  13|0x0000000086700000, 0x0000000086700000, 0x0000000086800000|  0%| F|  |TAMS 0x0000000086700000, 0x0000000086700000| Untracked 
|  14|0x0000000086800000, 0x0000000086800000, 0x0000000086900000|  0%| F|  |TAMS 0x0000000086800000, 0x0000000086800000| Untracked 
|  15|0x0000000086900000, 0x0000000086900000, 0x0000000086a00000|  0%| F|  |TAMS 0x0000000086900000, 0x0000000086900000| Untracked 
|  16|0x0000000086a00000, 0x0000000086a00000, 0x0000000086b00000|  0%| F|  |TAMS 0x0000000086a00000, 0x0000000086a00000| Untracked 
|  17|0x0000000086b00000, 0x0000000086b00000, 0x0000000086c00000|  0%| F|  |TAMS 0x0000000086b00000, 0x0000000086b00000| Untracked 
|  18|0x0000000086c00000, 0x0000000086c00000, 0x0000000086d00000|  0%| F|  |TAMS 0x0000000086c00000, 0x0000000086c00000| Untracked 
|  19|0x0000000086d00000, 0x0000000086d00000, 0x0000000086e00000|  0%| F|  |TAMS 0x0000000086d00000, 0x0000000086d00000| Untracked 
|  20|0x0000000086e00000, 0x0000000086e00000, 0x0000000086f00000|  0%| F|  |TAMS 0x0000000086e00000, 0x0000000086e00000| Untracked 
|  21|0x0000000086f00000, 0x0000000086f00000, 0x0000000087000000|  0%| F|  |TAMS 0x0000000086f00000, 0x0000000086f00000| Untracked 
|  22|0x0000000087000000, 0x0000000087000000, 0x0000000087100000|  0%| F|  |TAMS 0x0000000087000000, 0x0000000087000000| Untracked 
|  23|0x0000000087100000, 0x0000000087100000, 0x0000000087200000|  0%| F|  |TAMS 0x0000000087100000, 0x0000000087100000| Untracked 
|  24|0x0000000087200000, 0x0000000087200000, 0x0000000087300000|  0%| F|  |TAMS 0x0000000087200000, 0x0000000087200000| Untracked 
|  25|0x0000000087300000, 0x0000000087300000, 0x0000000087400000|  0%| F|  |TAMS 0x0000000087300000, 0x0000000087300000| Untracked 
|  26|0x0000000087400000, 0x0000000087400000, 0x0000000087500000|  0%| F|  |TAMS 0x0000000087400000, 0x0000000087400000| Untracked 
|  27|0x0000000087500000, 0x0000000087500000, 0x0000000087600000|  0%| F|  |TAMS 0x0000000087500000, 0x0000000087500000| Untracked 
|  28|0x0000000087600000, 0x0000000087600000, 0x0000000087700000|  0%| F|  |TAMS 0x0000000087600000, 0x0000000087600000| Untracked 
|  29|0x0000000087700000, 0x0000000087700000, 0x0000000087800000|  0%| F|  |TAMS 0x0000000087700000, 0x0000000087700000| Untracked 
|  30|0x0000000087800000, 0x0000000087800000, 0x0000000087900000|  0%| F|  |TAMS 0x0000000087800000, 0x0000000087800000| Untracked 
|  31|0x0000000087900000, 0x0000000087900000, 0x0000000087a00000|  0%| F|  |TAMS 0x0000000087900000, 0x0000000087900000| Untracked 
|  32|0x0000000087a00000, 0x0000000087a00000, 0x0000000087b00000|  0%| F|  |TAMS 0x0000000087a00000, 0x0000000087a00000| Untracked 
|  33|0x0000000087b00000, 0x0000000087b00000, 0x0000000087c00000|  0%| F|  |TAMS 0x0000000087b00000, 0x0000000087b00000| Untracked 
|  34|0x0000000087c00000, 0x0000000087c00000, 0x0000000087d00000|  0%| F|  |TAMS 0x0000000087c00000, 0x0000000087c00000| Untracked 
|  35|0x0000000087d00000, 0x0000000087d00000, 0x0000000087e00000|  0%| F|  |TAMS 0x0000000087d00000, 0x0000000087d00000| Untracked 
|  36|0x0000000087e00000, 0x0000000087e00000, 0x0000000087f00000|  0%| F|  |TAMS 0x0000000087e00000, 0x0000000087e00000| Untracked 
|  37|0x0000000087f00000, 0x0000000087f00000, 0x0000000088000000|  0%| F|  |TAMS 0x0000000087f00000, 0x0000000087f00000| Untracked 
|  38|0x0000000088000000, 0x0000000088000000, 0x0000000088100000|  0%| F|  |TAMS 0x0000000088000000, 0x0000000088000000| Untracked 
|  39|0x0000000088100000, 0x0000000088100000, 0x0000000088200000|  0%| F|  |TAMS 0x0000000088100000, 0x0000000088100000| Untracked 
|  40|0x0000000088200000, 0x0000000088200000, 0x0000000088300000|  0%| F|  |TAMS 0x0000000088200000, 0x0000000088200000| Untracked 
|  41|0x0000000088300000, 0x0000000088300000, 0x0000000088400000|  0%| F|  |TAMS 0x0000000088300000, 0x0000000088300000| Untracked 
|  42|0x0000000088400000, 0x0000000088400000, 0x0000000088500000|  0%| F|  |TAMS 0x0000000088400000, 0x0000000088400000| Untracked 
|  43|0x0000000088500000, 0x0000000088500000, 0x0000000088600000|  0%| F|  |TAMS 0x0000000088500000, 0x0000000088500000| Untracked 
|  44|0x0000000088600000, 0x0000000088600000, 0x0000000088700000|  0%| F|  |TAMS 0x0000000088600000, 0x0000000088600000| Untracked 
|  45|0x0000000088700000, 0x0000000088700000, 0x0000000088800000|  0%| F|  |TAMS 0x0000000088700000, 0x0000000088700000| Untracked 
|  46|0x0000000088800000, 0x0000000088800000, 0x0000000088900000|  0%| F|  |TAMS 0x0000000088800000, 0x0000000088800000| Untracked 
|  47|0x0000000088900000, 0x0000000088900000, 0x0000000088a00000|  0%| F|  |TAMS 0x0000000088900000, 0x0000000088900000| Untracked 
|  48|0x0000000088a00000, 0x0000000088a00000, 0x0000000088b00000|  0%| F|  |TAMS 0x0000000088a00000, 0x0000000088a00000| Untracked 
|  49|0x0000000088b00000, 0x0000000088b00000, 0x0000000088c00000|  0%| F|  |TAMS 0x0000000088b00000, 0x0000000088b00000| Untracked 
|  50|0x0000000088c00000, 0x0000000088c00000, 0x0000000088d00000|  0%| F|  |TAMS 0x0000000088c00000, 0x0000000088c00000| Untracked 
|  51|0x0000000088d00000, 0x0000000088d00000, 0x0000000088e00000|  0%| F|  |TAMS 0x0000000088d00000, 0x0000000088d00000| Untracked 
|  52|0x0000000088e00000, 0x0000000088e00000, 0x0000000088f00000|  0%| F|  |TAMS 0x0000000088e00000, 0x0000000088e00000| Untracked 
|  53|0x0000000088f00000, 0x0000000088f00000, 0x0000000089000000|  0%| F|  |TAMS 0x0000000088f00000, 0x0000000088f00000| Untracked 
|  54|0x0000000089000000, 0x0000000089000000, 0x0000000089100000|  0%| F|  |TAMS 0x0000000089000000, 0x0000000089000000| Untracked 
|  55|0x0000000089100000, 0x0000000089100000, 0x0000000089200000|  0%| F|  |TAMS 0x0000000089100000, 0x0000000089100000| Untracked 
|  56|0x0000000089200000, 0x0000000089200000, 0x0000000089300000|  0%| F|  |TAMS 0x0000000089200000, 0x0000000089200000| Untracked 
|  57|0x0000000089300000, 0x0000000089300000, 0x0000000089400000|  0%| F|  |TAMS 0x0000000089300000, 0x0000000089300000| Untracked 
|  58|0x0000000089400000, 0x0000000089400000, 0x0000000089500000|  0%| F|  |TAMS 0x0000000089400000, 0x0000000089400000| Untracked 
|  59|0x0000000089500000, 0x0000000089500000, 0x0000000089600000|  0%| F|  |TAMS 0x0000000089500000, 0x0000000089500000| Untracked 
|  60|0x0000000089600000, 0x0000000089600000, 0x0000000089700000|  0%| F|  |TAMS 0x0000000089600000, 0x0000000089600000| Untracked 
|  61|0x0000000089700000, 0x0000000089700000, 0x0000000089800000|  0%| F|  |TAMS 0x0000000089700000, 0x0000000089700000| Untracked 
|  62|0x0000000089800000, 0x0000000089800000, 0x0000000089900000|  0%| F|  |TAMS 0x0000000089800000, 0x0000000089800000| Untracked 
|  63|0x0000000089900000, 0x0000000089900000, 0x0000000089a00000|  0%| F|  |TAMS 0x0000000089900000, 0x0000000089900000| Untracked 
|  64|0x0000000089a00000, 0x0000000089a00000, 0x0000000089b00000|  0%| F|  |TAMS 0x0000000089a00000, 0x0000000089a00000| Untracked 
|  65|0x0000000089b00000, 0x0000000089b00000, 0x0000000089c00000|  0%| F|  |TAMS 0x0000000089b00000, 0x0000000089b00000| Untracked 
|  66|0x0000000089c00000, 0x0000000089c00000, 0x0000000089d00000|  0%| F|  |TAMS 0x0000000089c00000, 0x0000000089c00000| Untracked 
|  67|0x0000000089d00000, 0x0000000089d00000, 0x0000000089e00000|  0%| F|  |TAMS 0x0000000089d00000, 0x0000000089d00000| Untracked 
|  68|0x0000000089e00000, 0x0000000089e00000, 0x0000000089f00000|  0%| F|  |TAMS 0x0000000089e00000, 0x0000000089e00000| Untracked 
|  69|0x0000000089f00000, 0x0000000089f00000, 0x000000008a000000|  0%| F|  |TAMS 0x0000000089f00000, 0x0000000089f00000| Untracked 
|  70|0x000000008a000000, 0x000000008a000000, 0x000000008a100000|  0%| F|  |TAMS 0x000000008a000000, 0x000000008a000000| Untracked 
|  71|0x000000008a100000, 0x000000008a100000, 0x000000008a200000|  0%| F|  |TAMS 0x000000008a100000, 0x000000008a100000| Untracked 
|  72|0x000000008a200000, 0x000000008a200000, 0x000000008a300000|  0%| F|  |TAMS 0x000000008a200000, 0x000000008a200000| Untracked 
|  73|0x000000008a300000, 0x000000008a300000, 0x000000008a400000|  0%| F|  |TAMS 0x000000008a300000, 0x000000008a300000| Untracked 
|  74|0x000000008a400000, 0x000000008a400000, 0x000000008a500000|  0%| F|  |TAMS 0x000000008a400000, 0x000000008a400000| Untracked 
|  75|0x000000008a500000, 0x000000008a500000, 0x000000008a600000|  0%| F|  |TAMS 0x000000008a500000, 0x000000008a500000| Untracked 
|  76|0x000000008a600000, 0x000000008a600000, 0x000000008a700000|  0%| F|  |TAMS 0x000000008a600000, 0x000000008a600000| Untracked 
|  77|0x000000008a700000, 0x000000008a700000, 0x000000008a800000|  0%| F|  |TAMS 0x000000008a700000, 0x000000008a700000| Untracked 
|  78|0x000000008a800000, 0x000000008a800000, 0x000000008a900000|  0%| F|  |TAMS 0x000000008a800000, 0x000000008a800000| Untracked 
|  79|0x000000008a900000, 0x000000008a900000, 0x000000008aa00000|  0%| F|  |TAMS 0x000000008a900000, 0x000000008a900000| Untracked 
|  80|0x000000008aa00000, 0x000000008aa00000, 0x000000008ab00000|  0%| F|  |TAMS 0x000000008aa00000, 0x000000008aa00000| Untracked 
|  81|0x000000008ab00000, 0x000000008ab00000, 0x000000008ac00000|  0%| F|  |TAMS 0x000000008ab00000, 0x000000008ab00000| Untracked 
|  82|0x000000008ac00000, 0x000000008ac00000, 0x000000008ad00000|  0%| F|  |TAMS 0x000000008ac00000, 0x000000008ac00000| Untracked 
|  83|0x000000008ad00000, 0x000000008ad00000, 0x000000008ae00000|  0%| F|  |TAMS 0x000000008ad00000, 0x000000008ad00000| Untracked 
|  84|0x000000008ae00000, 0x000000008ae00000, 0x000000008af00000|  0%| F|  |TAMS 0x000000008ae00000, 0x000000008ae00000| Untracked 
|  85|0x000000008af00000, 0x000000008af00000, 0x000000008b000000|  0%| F|  |TAMS 0x000000008af00000, 0x000000008af00000| Untracked 
|  86|0x000000008b000000, 0x000000008b000000, 0x000000008b100000|  0%| F|  |TAMS 0x000000008b000000, 0x000000008b000000| Untracked 
|  87|0x000000008b100000, 0x000000008b100000, 0x000000008b200000|  0%| F|  |TAMS 0x000000008b100000, 0x000000008b100000| Untracked 
|  88|0x000000008b200000, 0x000000008b200000, 0x000000008b300000|  0%| F|  |TAMS 0x000000008b200000, 0x000000008b200000| Untracked 
|  89|0x000000008b300000, 0x000000008b300000, 0x000000008b400000|  0%| F|  |TAMS 0x000000008b300000, 0x000000008b300000| Untracked 
|  90|0x000000008b400000, 0x000000008b400000, 0x000000008b500000|  0%| F|  |TAMS 0x000000008b400000, 0x000000008b400000| Untracked 
|  91|0x000000008b500000, 0x000000008b500000, 0x000000008b600000|  0%| F|  |TAMS 0x000000008b500000, 0x000000008b500000| Untracked 
|  92|0x000000008b600000, 0x000000008b600000, 0x000000008b700000|  0%| F|  |TAMS 0x000000008b600000, 0x000000008b600000| Untracked 
|  93|0x000000008b700000, 0x000000008b700000, 0x000000008b800000|  0%| F|  |TAMS 0x000000008b700000, 0x000000008b700000| Untracked 
|  94|0x000000008b800000, 0x000000008b800000, 0x000000008b900000|  0%| F|  |TAMS 0x000000008b800000, 0x000000008b800000| Untracked 
|  95|0x000000008b900000, 0x000000008b900000, 0x000000008ba00000|  0%| F|  |TAMS 0x000000008b900000, 0x000000008b900000| Untracked 
|  96|0x000000008ba00000, 0x000000008ba00000, 0x000000008bb00000|  0%| F|  |TAMS 0x000000008ba00000, 0x000000008ba00000| Untracked 
|  97|0x000000008bb00000, 0x000000008bb00000, 0x000000008bc00000|  0%| F|  |TAMS 0x000000008bb00000, 0x000000008bb00000| Untracked 
|  98|0x000000008bc00000, 0x000000008bc00000, 0x000000008bd00000|  0%| F|  |TAMS 0x000000008bc00000, 0x000000008bc00000| Untracked 
|  99|0x000000008bd00000, 0x000000008bd00000, 0x000000008be00000|  0%| F|  |TAMS 0x000000008bd00000, 0x000000008bd00000| Untracked 
| 100|0x000000008be00000, 0x000000008be00000, 0x000000008bf00000|  0%| F|  |TAMS 0x000000008be00000, 0x000000008be00000| Untracked 
| 101|0x000000008bf00000, 0x000000008bf00000, 0x000000008c000000|  0%| F|  |TAMS 0x000000008bf00000, 0x000000008bf00000| Untracked 
| 102|0x000000008c000000, 0x000000008c000000, 0x000000008c100000|  0%| F|  |TAMS 0x000000008c000000, 0x000000008c000000| Untracked 
| 103|0x000000008c100000, 0x000000008c100000, 0x000000008c200000|  0%| F|  |TAMS 0x000000008c100000, 0x000000008c100000| Untracked 
| 104|0x000000008c200000, 0x000000008c200000, 0x000000008c300000|  0%| F|  |TAMS 0x000000008c200000, 0x000000008c200000| Untracked 
| 105|0x000000008c300000, 0x000000008c300000, 0x000000008c400000|  0%| F|  |TAMS 0x000000008c300000, 0x000000008c300000| Untracked 
| 106|0x000000008c400000, 0x000000008c400000, 0x000000008c500000|  0%| F|  |TAMS 0x000000008c400000, 0x000000008c400000| Untracked 
| 107|0x000000008c500000, 0x000000008c500000, 0x000000008c600000|  0%| F|  |TAMS 0x000000008c500000, 0x000000008c500000| Untracked 
| 108|0x000000008c600000, 0x000000008c600000, 0x000000008c700000|  0%| F|  |TAMS 0x000000008c600000, 0x000000008c600000| Untracked 
| 109|0x000000008c700000, 0x000000008c800000, 0x000000008c800000|100%| S|CS|TAMS 0x000000008c700000, 0x000000008c700000| Complete 
| 110|0x000000008c800000, 0x000000008c900000, 0x000000008c900000|100%| S|CS|TAMS 0x000000008c800000, 0x000000008c800000| Complete 
| 111|0x000000008c900000, 0x000000008c900000, 0x000000008ca00000|  0%| F|  |TAMS 0x000000008c900000, 0x000000008c900000| Untracked 
| 112|0x000000008ca00000, 0x000000008ca00000, 0x000000008cb00000|  0%| F|  |TAMS 0x000000008ca00000, 0x000000008ca00000| Untracked 
| 113|0x000000008cb00000, 0x000000008cb00000, 0x000000008cc00000|  0%| F|  |TAMS 0x000000008cb00000, 0x000000008cb00000| Untracked 
| 114|0x000000008cc00000, 0x000000008cc00000, 0x000000008cd00000|  0%| F|  |TAMS 0x000000008cc00000, 0x000000008cc00000| Untracked 
| 115|0x000000008cd00000, 0x000000008cd00000, 0x000000008ce00000|  0%| F|  |TAMS 0x000000008cd00000, 0x000000008cd00000| Untracked 
| 116|0x000000008ce00000, 0x000000008ce00000, 0x000000008cf00000|  0%| F|  |TAMS 0x000000008ce00000, 0x000000008ce00000| Untracked 
| 117|0x000000008cf00000, 0x000000008cf00000, 0x000000008d000000|  0%| F|  |TAMS 0x000000008cf00000, 0x000000008cf00000| Untracked 
| 118|0x000000008d000000, 0x000000008d000000, 0x000000008d100000|  0%| F|  |TAMS 0x000000008d000000, 0x000000008d000000| Untracked 
| 119|0x000000008d100000, 0x000000008d100000, 0x000000008d200000|  0%| F|  |TAMS 0x000000008d100000, 0x000000008d100000| Untracked 
| 120|0x000000008d200000, 0x000000008d200000, 0x000000008d300000|  0%| F|  |TAMS 0x000000008d200000, 0x000000008d200000| Untracked 
| 121|0x000000008d300000, 0x000000008d400000, 0x000000008d400000|100%| E|  |TAMS 0x000000008d300000, 0x000000008d300000| Complete 
| 122|0x000000008d400000, 0x000000008d500000, 0x000000008d500000|100%| E|CS|TAMS 0x000000008d400000, 0x000000008d400000| Complete 
| 123|0x000000008d500000, 0x000000008d600000, 0x000000008d600000|100%| E|CS|TAMS 0x000000008d500000, 0x000000008d500000| Complete 
|1956|0x00000000ffe00000, 0x00000000ffe76000, 0x00000000fff00000| 46%|OA|  |TAMS 0x00000000ffe00000, 0x00000000ffe00000| Untracked 
|1957|0x00000000fff00000, 0x00000000fff82000, 0x0000000100000000| 50%|CA|  |TAMS 0x00000000fff00000, 0x00000000fff00000| Untracked 

Card table byte_map: [0x00007fac7ae80000,0x00007fac7b253000] _byte_map_base: 0x00007fac7aa53000

Marking Bits (Prev, Next): (CMBitMap*) 0x00007fac74070640, (CMBitMap*) 0x00007fac74070680
 Prev Bits: [0x00007fac78c15000, 0x00007fac7aaad000)
 Next Bits: [0x00007fac5b568000, 0x00007fac5d400000)

Polling page: 0x00007fac7d7dd000

Metaspace:

Usage:
  Non-class:      4,55 MB used.
      Class:    492,02 KB used.
       Both:      5,03 MB used.

Virtual space:
  Non-class space:       64,00 MB reserved,       4,62 MB (  7%) committed,  1 nodes.
      Class space:        1,00 GB reserved,     512,00 KB ( <1%) committed,  1 nodes.
             Both:        1,06 GB reserved,       5,12 MB ( <1%) committed. 

Chunk freelists:
   Non-Class:  9,97 MB
       Class:  15,50 MB
        Both:  25,47 MB

MaxMetaspaceSize: unlimited
CompressedClassSpaceSize: 1,00 GB
Initial GC threshold: 21,00 MB
Current GC threshold: 21,00 MB
CDS: on
MetaspaceReclaimPolicy: balanced
 - commit_granule_bytes: 65536.
 - commit_granule_words: 8192.
 - virtual_space_node_default_size: 8388608.
 - enlarge_chunks_in_place: 1.
 - new_chunks_are_fully_committed: 0.
 - uncommit_free_chunks: 1.
 - use_allocation_guard: 0.
 - handle_deallocations: 1.


Internal statistics:

num_allocs_failed_limit: 0.
num_arena_births: 22.
num_arena_deaths: 0.
num_vsnodes_births: 2.
num_vsnodes_deaths: 0.
num_space_committed: 82.
num_space_uncommitted: 0.
num_chunks_returned_to_freelist: 0.
num_chunks_taken_from_freelist: 124.
num_chunk_merges: 0.
num_chunk_splits: 84.
num_chunks_enlarged: 67.
num_inconsistent_stats: 0.

CodeHeap 'non-profiled nmethods': size=120032Kb used=242Kb max_used=242Kb free=119789Kb
 bounds [0x00007fac64ec8000, 0x00007fac65138000, 0x00007fac6c400000]
CodeHeap 'profiled nmethods': size=120028Kb used=1534Kb max_used=1534Kb free=118493Kb
 bounds [0x00007fac5d400000, 0x00007fac5d670000, 0x00007fac64937000]
CodeHeap 'non-nmethods': size=5700Kb used=1242Kb max_used=1258Kb free=4457Kb
 bounds [0x00007fac64937000, 0x00007fac64ba7000, 0x00007fac64ec8000]
 total_blobs=1420 nmethods=867 adapters=467
 compilation: enabled
              stopped_count=0, restarted_count=0
 full_count=0

Compilation events (20 events):
Event: 1,927 Thread 0x00007fac741216b0 nmethod 845 0x00007fac5d56fa90 code [0x00007fac5d56fc20, 0x00007fac5d56fd30]
Event: 1,927 Thread 0x00007fac741216b0  837       3       java.util.regex.Matcher::region (79 bytes)
Event: 1,927 Thread 0x00007fac741216b0 nmethod 837 0x00007fac5d56fe10 code [0x00007fac5d570040, 0x00007fac5d5707b0]
Event: 1,927 Thread 0x00007fac741216b0  851       3       java.lang.ThreadLocal::get (38 bytes)
Event: 1,929 Thread 0x00007fac741216b0 nmethod 851 0x00007fac5d570a90 code [0x00007fac5d570c60, 0x00007fac5d570f90]
Event: 1,929 Thread 0x00007fac741216b0  839       3       java.util.Scanner::clearCaches (11 bytes)
Event: 1,929 Thread 0x00007fac741216b0 nmethod 839 0x00007fac5d571110 code [0x00007fac5d5712a0, 0x00007fac5d5713f0]
Event: 1,929 Thread 0x00007fac741216b0  840       3       java.util.regex.Matcher::find (69 bytes)
Event: 1,929 Thread 0x00007fac741216b0 nmethod 840 0x00007fac5d571490 code [0x00007fac5d571660, 0x00007fac5d571940]
Event: 1,930 Thread 0x00007fac741216b0  853       3       java.nio.HeapCharBuffer::<init> (31 bytes)
Event: 1,930 Thread 0x00007fac741216b0 nmethod 853 0x00007fac5d571a10 code [0x00007fac5d571bc0, 0x00007fac5d571d40]
Event: 1,930 Thread 0x00007fac741216b0  841       3       java.util.Scanner::findPatternInBuffer (169 bytes)
Event: 1,931 Thread 0x00007fac741216b0 nmethod 841 0x00007fac5d571e10 code [0x00007fac5d572040, 0x00007fac5d572770]
Event: 1,931 Thread 0x00007fac741216b0  855       3       java.lang.String::split (327 bytes)
Event: 1,939 Thread 0x00007fac74120180 nmethod 847 0x00007fac64f02e90 code [0x00007fac64f03020, 0x00007fac64f03188]
Event: 1,939 Thread 0x00007fac74120180  836       4       java.lang.CharacterData::of (136 bytes)
Event: 1,940 Thread 0x00007fac74120180 nmethod 836 0x00007fac64f03310 code [0x00007fac64f034a0, 0x00007fac64f03538]
Event: 1,940 Thread 0x00007fac74120180  752       4       java.lang.String::checkBoundsBeginEnd (63 bytes)
Event: 1,941 Thread 0x00007fac74120180 nmethod 752 0x00007fac64f03610 code [0x00007fac64f037a0, 0x00007fac64f03858]
Event: 1,941 Thread 0x00007fac74120180  760       4       java.lang.String::substring (58 bytes)

GC Heap History (2 events):
Event: 1,756 GC heap before
{Heap before GC invocations=0 (full 0):
 garbage-first heap   total 129024K, used 14304K [0x0000000085a00000, 0x0000000100000000)
  region size 1024K, 13 young (13312K), 0 survivors (0K)
 Metaspace       used 4752K, committed 4864K, reserved 1114112K
  class space    used 456K, committed 512K, reserved 1048576K
}
Event: 1,771 GC heap after
{Heap after GC invocations=1 (full 0):
 garbage-first heap   total 129024K, used 5316K [0x0000000085a00000, 0x0000000100000000)
  region size 1024K, 2 young (2048K), 2 survivors (2048K)
 Metaspace       used 4752K, committed 4864K, reserved 1114112K
  class space    used 456K, committed 512K, reserved 1048576K
}

Dll operation events (11 events):
Event: 0,014 Loaded shared library /usr/lib/jvm/java-17-openjdk-amd64/lib/libjava.so
Event: 0,056 Loaded shared library /usr/lib/jvm/java-17-openjdk-amd64/lib/libjsvml.so
Event: 0,442 Loaded shared library /usr/lib/jvm/java-17-openjdk-amd64/lib/libzip.so
Event: 0,444 Loaded shared library /usr/lib/jvm/java-17-openjdk-amd64/lib/libinstrument.so
Event: 0,452 Loaded shared library /usr/lib/jvm/java-17-openjdk-amd64/lib/libnio.so
Event: 0,463 Loaded shared library /usr/lib/jvm/java-17-openjdk-amd64/lib/libzip.so
Event: 0,550 Loaded shared library /usr/lib/jvm/java-17-openjdk-amd64/lib/libnet.so
Event: 0,601 Loaded shared library /usr/lib/jvm/java-17-openjdk-amd64/lib/libextnet.so
Event: 0,705 Loaded shared library /usr/lib/jvm/java-17-openjdk-amd64/lib/libjimage.so
Event: 0,888 Loaded shared library /tmp/jffi1627323188391562495.so
Event: 0,962 Loaded shared library /usr/lib/jvm/java-17-openjdk-amd64/lib/libverify.so

Deoptimization events (20 events):
Event: 1,898 Thread 0x00007fac740166d0 DEOPT PACKING pc=0x00007fac5d45f7ff sp=0x00007fac7bffe500
Event: 1,898 Thread 0x00007fac740166d0 DEOPT UNPACKING pc=0x00007fac6498de2f sp=0x00007fac7bffd990 mode 0
Event: 1,899 Thread 0x00007fac740166d0 DEOPT PACKING pc=0x00007fac5d45f7ff sp=0x00007fac7bffe500
Event: 1,899 Thread 0x00007fac740166d0 DEOPT UNPACKING pc=0x00007fac6498de2f sp=0x00007fac7bffd990 mode 0
Event: 1,900 Thread 0x00007fac740166d0 DEOPT PACKING pc=0x00007fac5d45f7ff sp=0x00007fac7bffe500
Event: 1,900 Thread 0x00007fac740166d0 DEOPT UNPACKING pc=0x00007fac6498de2f sp=0x00007fac7bffd990 mode 0
Event: 1,901 Thread 0x00007fac740166d0 DEOPT PACKING pc=0x00007fac5d45f7ff sp=0x00007fac7bffe500
Event: 1,901 Thread 0x00007fac740166d0 DEOPT UNPACKING pc=0x00007fac6498de2f sp=0x00007fac7bffd990 mode 0
Event: 1,901 Thread 0x00007fac740166d0 DEOPT PACKING pc=0x00007fac5d45f7ff sp=0x00007fac7bffe500
Event: 1,901 Thread 0x00007fac740166d0 DEOPT UNPACKING pc=0x00007fac6498de2f sp=0x00007fac7bffd990 mode 0
Event: 1,902 Thread 0x00007fac740166d0 DEOPT PACKING pc=0x00007fac5d45f7ff sp=0x00007fac7bffe500
Event: 1,902 Thread 0x00007fac740166d0 DEOPT UNPACKING pc=0x00007fac6498de2f sp=0x00007fac7bffd990 mode 0
Event: 1,903 Thread 0x00007fac740166d0 DEOPT PACKING pc=0x00007fac5d45f7ff sp=0x00007fac7bffe500
Event: 1,903 Thread 0x00007fac740166d0 DEOPT UNPACKING pc=0x00007fac6498de2f sp=0x00007fac7bffd990 mode 0
Event: 1,904 Thread 0x00007fac740166d0 DEOPT PACKING pc=0x00007fac5d45f7ff sp=0x00007fac7bffe500
Event: 1,904 Thread 0x00007fac740166d0 DEOPT UNPACKING pc=0x00007fac6498de2f sp=0x00007fac7bffd990 mode 0
Event: 1,905 Thread 0x00007fac740166d0 DEOPT PACKING pc=0x00007fac5d45f7ff sp=0x00007fac7bffe500
Event: 1,905 Thread 0x00007fac740166d0 DEOPT UNPACKING pc=0x00007fac6498de2f sp=0x00007fac7bffd990 mode 0
Event: 1,906 Thread 0x00007fac740166d0 DEOPT PACKING pc=0x00007fac5d45f7ff sp=0x00007fac7bffe500
Event: 1,906 Thread 0x00007fac740166d0 DEOPT UNPACKING pc=0x00007fac6498de2f sp=0x00007fac7bffd990 mode 0

Classes unloaded (0 events):
No events

Classes redefined (0 events):
No events

Internal exceptions (6 events):
Event: 0,462 Thread 0x00007fac740166d0 Implicit null exception at 0x00007fac64ed2bd5 to 0x00007fac64ed2d3c
Event: 0,582 Thread 0x00007fac7430bcf0 Exception <a 'java/lang/NoSuchMethodError'{0x000000008d3ae370}: 'java.lang.Object java.lang.invoke.DirectMethodHandle$Holder.invokeStaticInit(java.lang.Object)'> (0x000000008d3ae370) 
thrown [./src/hotspot/share/interpreter/linkResolver.cpp, line 758]
Event: 0,602 Thread 0x00007fac7430bcf0 Exception <a 'java/lang/NoSuchMethodError'{0x000000008d3bca18}: 'void java.lang.invoke.DirectMethodHandle$Holder.invokeStatic(java.lang.Object, java.lang.Object)'> (0x000000008d3bca18) 
thrown [./src/hotspot/share/interpreter/linkResolver.cpp, line 758]
Event: 1,228 Thread 0x00007fac740166d0 Exception <a 'java/lang/UnsatisfiedLinkError'{0x000000008ceb8cd0}: meos: Ne peut ouvrir le fichier d'objet partagé: Aucun fichier ou dossier de ce type> (0x000000008ceb8cd0) 
thrown [./src/hotspot/share/prims/jni.cpp, line 535]
Event: 1,543 Thread 0x00007fac740166d0 Exception <a 'java/lang/NoSuchMethodError'{0x000000008ca97570}: 'java.lang.Object java.lang.invoke.DirectMethodHandle$Holder.newInvokeSpecial(java.lang.Object, java.lang.Object, java.lang.Object, java.lang.Object, java.lang.Object)'> (0x000000008ca97570) 
thrown [./src/hotspot/share/interpreter/linkResolver.cpp, line 758]
Event: 1,710 Thread 0x00007fac740166d0 Exception <a 'java/lang/UnsatisfiedLinkError'{0x000000008c9bd4b8}: /usr/local/lib/libmeos.so: undefined symbol: distance_timestamp_timestamp> (0x000000008c9bd4b8) 
thrown [./src/hotspot/share/prims/jni.cpp, line 535]

VM Operations (12 events):
Event: 0,383 Executing VM operation: HandshakeAllThreads
Event: 0,383 Executing VM operation: HandshakeAllThreads done
Event: 0,551 Executing VM operation: HandshakeAllThreads
Event: 0,580 Executing VM operation: HandshakeAllThreads done
Event: 0,773 Executing VM operation: HandshakeAllThreads
Event: 0,779 Executing VM operation: HandshakeAllThreads done
Event: 1,145 Executing VM operation: HandshakeAllThreads
Event: 1,145 Executing VM operation: HandshakeAllThreads done
Event: 1,145 Executing VM operation: Cleanup
Event: 1,145 Executing VM operation: Cleanup done
Event: 1,752 Executing VM operation: G1CollectForAllocation
Event: 1,771 Executing VM operation: G1CollectForAllocation done

Events (20 events):
Event: 1,777 loading class java/util/LinkedList$ListItr
Event: 1,777 loading class java/util/LinkedList$ListItr done
Event: 1,785 loading class sun/misc/Unsafe
Event: 1,786 loading class sun/misc/Unsafe done
Event: 1,802 loading class java/util/Scanner
Event: 1,804 loading class java/util/Scanner done
Event: 1,810 loading class java/util/Scanner$PatternLRUCache
Event: 1,810 loading class java/util/Scanner$PatternLRUCache done
Event: 1,815 loading class java/util/regex/Matcher$ImmutableMatchResult
Event: 1,815 loading class java/util/regex/Matcher$ImmutableMatchResult done
Event: 1,815 loading class java/nio/StringCharBuffer
Event: 1,816 loading class java/nio/StringCharBuffer done
Event: 1,939 loading class jdk/internal/math/FormattedFloatingDecimal$Form
Event: 1,939 loading class jdk/internal/math/FormattedFloatingDecimal$Form done
Event: 1,940 loading class jdk/internal/math/FormattedFloatingDecimal
Event: 1,940 loading class jdk/internal/math/FormattedFloatingDecimal done
Event: 1,940 loading class jdk/internal/math/FormattedFloatingDecimal$1
Event: 1,940 loading class jdk/internal/math/FormattedFloatingDecimal$1 done
Event: 1,940 loading class jdk/internal/math/FormattedFloatingDecimal$2
Event: 1,940 loading class jdk/internal/math/FormattedFloatingDecimal$2 done


Dynamic libraries:
85a00000-8d600000 rw-p 00000000 00:00 0 
8d600000-ffe00000 ---p 00000000 00:00 0 
ffe00000-ffe76000 rw-p 00c9d000 08:02 10491600                           /usr/lib/jvm/java-17-openjdk-amd64/lib/server/classes.jsa
ffe76000-fff00000 rw-p 00000000 00:00 0 
fff00000-fff82000 rw-p 00c1b000 08:02 10491600                           /usr/lib/jvm/java-17-openjdk-amd64/lib/server/classes.jsa
fff82000-100000000 rw-p 00000000 00:00 0 
800000000-800458000 rw-p 00001000 08:02 10491600                         /usr/lib/jvm/java-17-openjdk-amd64/lib/server/classes.jsa
800458000-800be2000 r--p 00459000 08:02 10491600                         /usr/lib/jvm/java-17-openjdk-amd64/lib/server/classes.jsa
800be2000-801000000 ---p 00000000 00:00 0 
801000000-801040000 rw-p 00000000 00:00 0 
801040000-801080000 rw-p 00000000 00:00 0 
801080000-841000000 ---p 00000000 00:00 0 
55f954cc7000-55f954cc8000 r--p 00000000 08:02 10485864                   /usr/lib/jvm/java-17-openjdk-amd64/bin/java
55f954cc8000-55f954cc9000 r-xp 00001000 08:02 10485864                   /usr/lib/jvm/java-17-openjdk-amd64/bin/java
55f954cc9000-55f954cca000 r--p 00002000 08:02 10485864                   /usr/lib/jvm/java-17-openjdk-amd64/bin/java
55f954cca000-55f954ccb000 r--p 00002000 08:02 10485864                   /usr/lib/jvm/java-17-openjdk-amd64/bin/java
55f954ccb000-55f954ccc000 rw-p 00003000 08:02 10485864                   /usr/lib/jvm/java-17-openjdk-amd64/bin/java
55f95635c000-55f9563a3000 rw-p 00000000 00:00 0                          [heap]
7fabf4000000-7fabf4021000 rw-p 00000000 00:00 0 
7fabf4021000-7fabf8000000 ---p 00000000 00:00 0 
7fabfc000000-7fabfc021000 rw-p 00000000 00:00 0 
7fabfc021000-7fac00000000 ---p 00000000 00:00 0 
7fac00000000-7fac00021000 rw-p 00000000 00:00 0 
7fac00021000-7fac04000000 ---p 00000000 00:00 0 
7fac04000000-7fac04027000 rw-p 00000000 00:00 0 
7fac04027000-7fac08000000 ---p 00000000 00:00 0 
7fac08000000-7fac08021000 rw-p 00000000 00:00 0 
7fac08021000-7fac0c000000 ---p 00000000 00:00 0 
7fac0dd72000-7fac0e159000 rw-p 00000000 00:00 0 
7fac0e159000-7fac0e15a000 ---p 00000000 00:00 0 
7fac0e15a000-7fac0e25b000 rw-p 00000000 00:00 0 
7fac0e25b000-7fac0e25c000 ---p 00000000 00:00 0 
7fac0e25c000-7fac0e35d000 rw-p 00000000 00:00 0 
7fac0e35d000-7fac0e35e000 ---p 00000000 00:00 0 
7fac0e35e000-7fac0e45f000 rw-p 00000000 00:00 0 
7fac0e45f000-7fac0e462000 r--p 00000000 08:02 10365379                   /usr/lib/x86_64-linux-gnu/libresolv.so.2
7fac0e462000-7fac0e46c000 r-xp 00003000 08:02 10365379                   /usr/lib/x86_64-linux-gnu/libresolv.so.2
7fac0e46c000-7fac0e46f000 r--p 0000d000 08:02 10365379                   /usr/lib/x86_64-linux-gnu/libresolv.so.2
7fac0e46f000-7fac0e470000 r--p 0000f000 08:02 10365379                   /usr/lib/x86_64-linux-gnu/libresolv.so.2
7fac0e470000-7fac0e471000 rw-p 00010000 08:02 10365379                   /usr/lib/x86_64-linux-gnu/libresolv.so.2
7fac0e471000-7fac0e473000 rw-p 00000000 00:00 0 
7fac0e473000-7fac0e474000 r--p 00000000 08:02 10355681                   /usr/lib/x86_64-linux-gnu/libbrotlicommon.so.1.0.9
7fac0e474000-7fac0e475000 r-xp 00001000 08:02 10355681                   /usr/lib/x86_64-linux-gnu/libbrotlicommon.so.1.0.9
7fac0e475000-7fac0e494000 r--p 00002000 08:02 10355681                   /usr/lib/x86_64-linux-gnu/libbrotlicommon.so.1.0.9
7fac0e494000-7fac0e495000 r--p 00020000 08:02 10355681                   /usr/lib/x86_64-linux-gnu/libbrotlicommon.so.1.0.9
7fac0e495000-7fac0e496000 rw-p 00021000 08:02 10355681                   /usr/lib/x86_64-linux-gnu/libbrotlicommon.so.1.0.9
7fac0e496000-7fac0e49a000 r--p 00000000 08:02 10357711                   /usr/lib/x86_64-linux-gnu/libk5crypto.so.3.1
7fac0e49a000-7fac0e4b5000 r-xp 00004000 08:02 10357711                   /usr/lib/x86_64-linux-gnu/libk5crypto.so.3.1
7fac0e4b5000-7fac0e4c1000 r--p 0001f000 08:02 10357711                   /usr/lib/x86_64-linux-gnu/libk5crypto.so.3.1
7fac0e4c1000-7fac0e4c2000 ---p 0002b000 08:02 10357711                   /usr/lib/x86_64-linux-gnu/libk5crypto.so.3.1
7fac0e4c2000-7fac0e4c3000 r--p 0002b000 08:02 10357711                   /usr/lib/x86_64-linux-gnu/libk5crypto.so.3.1
7fac0e4c3000-7fac0e4c4000 rw-p 0002c000 08:02 10357711                   /usr/lib/x86_64-linux-gnu/libk5crypto.so.3.1
7fac0e4c4000-7fac0e4c5000 rw-p 00000000 00:00 0 
7fac0e4c5000-7fac0e4ee000 r--p 00000000 08:02 10356002                   /usr/lib/x86_64-linux-gnu/libp11-kit.so.0.3.0
7fac0e4ee000-7fac0e592000 r-xp 00029000 08:02 10356002                   /usr/lib/x86_64-linux-gnu/libp11-kit.so.0.3.0
7fac0e592000-7fac0e5ec000 r--p 000cd000 08:02 10356002                   /usr/lib/x86_64-linux-gnu/libp11-kit.so.0.3.0
7fac0e5ec000-7fac0e5f6000 r--p 00126000 08:02 10356002                   /usr/lib/x86_64-linux-gnu/libp11-kit.so.0.3.0
7fac0e5f6000-7fac0e600000 rw-p 00130000 08:02 10356002                   /usr/lib/x86_64-linux-gnu/libp11-kit.so.0.3.0
7fac0e600000-7fac0e6b2000 r--p 00000000 08:02 10354984                   /usr/lib/x86_64-linux-gnu/libcrypto.so.3
7fac0e6b2000-7fac0e90f000 r-xp 000b2000 08:02 10354984                   /usr/lib/x86_64-linux-gnu/libcrypto.so.3
7fac0e90f000-7fac0e9e1000 r--p 0030f000 08:02 10354984                   /usr/lib/x86_64-linux-gnu/libcrypto.so.3
7fac0e9e1000-7fac0ea3c000 r--p 003e0000 08:02 10354984                   /usr/lib/x86_64-linux-gnu/libcrypto.so.3
7fac0ea3c000-7fac0ea3f000 rw-p 0043b000 08:02 10354984                   /usr/lib/x86_64-linux-gnu/libcrypto.so.3
7fac0ea3f000-7fac0ea42000 rw-p 00000000 00:00 0 
7fac0ea44000-7fac0ea47000 r--p 00000000 08:02 10356794                   /usr/lib/x86_64-linux-gnu/libsasl2.so.2.0.25
7fac0ea47000-7fac0ea58000 r-xp 00003000 08:02 10356794                   /usr/lib/x86_64-linux-gnu/libsasl2.so.2.0.25
7fac0ea58000-7fac0ea5d000 r--p 00014000 08:02 10356794                   /usr/lib/x86_64-linux-gnu/libsasl2.so.2.0.25
7fac0ea5d000-7fac0ea5e000 r--p 00018000 08:02 10356794                   /usr/lib/x86_64-linux-gnu/libsasl2.so.2.0.25
7fac0ea5e000-7fac0ea5f000 rw-p 00019000 08:02 10356794                   /usr/lib/x86_64-linux-gnu/libsasl2.so.2.0.25
7fac0ea5f000-7fac0ea80000 r--p 00000000 08:02 10356892                   /usr/lib/x86_64-linux-gnu/libkrb5.so.3.3
7fac0ea80000-7fac0eadd000 r-xp 00021000 08:02 10356892                   /usr/lib/x86_64-linux-gnu/libkrb5.so.3.3
7fac0eadd000-7fac0eb1a000 r--p 0007e000 08:02 10356892                   /usr/lib/x86_64-linux-gnu/libkrb5.so.3.3
7fac0eb1a000-7fac0eb1b000 ---p 000bb000 08:02 10356892                   /usr/lib/x86_64-linux-gnu/libkrb5.so.3.3
7fac0eb1b000-7fac0eb28000 r--p 000bb000 08:02 10356892                   /usr/lib/x86_64-linux-gnu/libkrb5.so.3.3
7fac0eb28000-7fac0eb2a000 rw-p 000c8000 08:02 10356892                   /usr/lib/x86_64-linux-gnu/libkrb5.so.3.3
7fac0eb2a000-7fac0eb2d000 r--p 00000000 08:02 10361751                   /usr/lib/x86_64-linux-gnu/libtasn1.so.6.6.2
7fac0eb2d000-7fac0eb3b000 r-xp 00003000 08:02 10361751                   /usr/lib/x86_64-linux-gnu/libtasn1.so.6.6.2
7fac0eb3b000-7fac0eb3f000 r--p 00011000 08:02 10361751                   /usr/lib/x86_64-linux-gnu/libtasn1.so.6.6.2
7fac0eb3f000-7fac0eb40000 ---p 00015000 08:02 10361751                   /usr/lib/x86_64-linux-gnu/libtasn1.so.6.6.2
7fac0eb40000-7fac0eb41000 r--p 00015000 08:02 10361751                   /usr/lib/x86_64-linux-gnu/libtasn1.so.6.6.2
7fac0eb41000-7fac0eb42000 rw-p 00016000 08:02 10361751                   /usr/lib/x86_64-linux-gnu/libtasn1.so.6.6.2
7fac0eb42000-7fac0eb4c000 r--p 00000000 08:02 10357741                   /usr/lib/x86_64-linux-gnu/libgmp.so.10.4.1
7fac0eb4c000-7fac0ebab000 r-xp 0000a000 08:02 10357741                   /usr/lib/x86_64-linux-gnu/libgmp.so.10.4.1
7fac0ebab000-7fac0ebc2000 r--p 00069000 08:02 10357741                   /usr/lib/x86_64-linux-gnu/libgmp.so.10.4.1
7fac0ebc2000-7fac0ebc3000 r--p 0007f000 08:02 10357741                   /usr/lib/x86_64-linux-gnu/libgmp.so.10.4.1
7fac0ebc3000-7fac0ebc4000 rw-p 00080000 08:02 10357741                   /usr/lib/x86_64-linux-gnu/libgmp.so.10.4.1
7fac0ebc4000-7fac0ebcc000 r--p 00000000 08:02 10360657                   /usr/lib/x86_64-linux-gnu/libhogweed.so.6.4
7fac0ebcc000-7fac0ebdf000 r-xp 00008000 08:02 10360657                   /usr/lib/x86_64-linux-gnu/libhogweed.so.6.4
7fac0ebdf000-7fac0ec09000 r--p 0001b000 08:02 10360657                   /usr/lib/x86_64-linux-gnu/libhogweed.so.6.4
7fac0ec09000-7fac0ec0a000 ---p 00045000 08:02 10360657                   /usr/lib/x86_64-linux-gnu/libhogweed.so.6.4
7fac0ec0a000-7fac0ec0b000 r--p 00045000 08:02 10360657                   /usr/lib/x86_64-linux-gnu/libhogweed.so.6.4
7fac0ec0b000-7fac0ec0c000 rw-p 00046000 08:02 10360657                   /usr/lib/x86_64-linux-gnu/libhogweed.so.6.4
7fac0ec0c000-7fac0ec1d000 r--p 00000000 08:02 10360661                   /usr/lib/x86_64-linux-gnu/libunistring.so.2.2.0
7fac0ec1d000-7fac0ec53000 r-xp 00011000 08:02 10360661                   /usr/lib/x86_64-linux-gnu/libunistring.so.2.2.0
7fac0ec53000-7fac0edb1000 r--p 00047000 08:02 10360661                   /usr/lib/x86_64-linux-gnu/libunistring.so.2.2.0
7fac0edb1000-7fac0edb5000 r--p 001a5000 08:02 10360661                   /usr/lib/x86_64-linux-gnu/libunistring.so.2.2.0
7fac0edb5000-7fac0edb6000 rw-p 001a9000 08:02 10360661                   /usr/lib/x86_64-linux-gnu/libunistring.so.2.2.0
7fac0edb6000-7fac0edc4000 r--p 00000000 08:02 10362052                   /usr/lib/x86_64-linux-gnu/libldap-2.5.so.0.1.9
7fac0edc4000-7fac0edfe000 r-xp 0000e000 08:02 10362052                   /usr/lib/x86_64-linux-gnu/libldap-2.5.so.0.1.9
7fac0edfe000-7fac0ee0f000 r--p 00048000 08:02 10362052                   /usr/lib/x86_64-linux-gnu/libldap-2.5.so.0.1.9
7fac0ee0f000-7fac0ee10000 ---p 00059000 08:02 10362052                   /usr/lib/x86_64-linux-gnu/libldap-2.5.so.0.1.9
7fac0ee10000-7fac0ee12000 r--p 00059000 08:02 10362052                   /usr/lib/x86_64-linux-gnu/libldap-2.5.so.0.1.9
7fac0ee12000-7fac0ee13000 rw-p 0005b000 08:02 10362052                   /usr/lib/x86_64-linux-gnu/libldap-2.5.so.0.1.9
7fac0ee13000-7fac0ee15000 rw-p 00000000 00:00 0 
7fac0ee15000-7fac0ee46000 r--p 00000000 08:02 10357230                   /usr/lib/x86_64-linux-gnu/libgnutls.so.30.31.0
7fac0ee46000-7fac0ef6f000 r-xp 00031000 08:02 10357230                   /usr/lib/x86_64-linux-gnu/libgnutls.so.30.31.0
7fac0ef6f000-7fac0efec000 r--p 0015a000 08:02 10357230                   /usr/lib/x86_64-linux-gnu/libgnutls.so.30.31.0
7fac0efec000-7fac0effc000 r--p 001d6000 08:02 10357230                   /usr/lib/x86_64-linux-gnu/libgnutls.so.30.31.0
7fac0effc000-7fac0effe000 rw-p 001e6000 08:02 10357230                   /usr/lib/x86_64-linux-gnu/libgnutls.so.30.31.0
7fac0effe000-7fac0f000000 rw-p 00000000 00:00 0 
7fac0f000000-7fac0f078000 r--p 00000000 08:02 10366481                   /usr/lib/x86_64-linux-gnu/libgeos.so.3.10.2
7fac0f078000-7fac0f1a6000 r-xp 00078000 08:02 10366481                   /usr/lib/x86_64-linux-gnu/libgeos.so.3.10.2
7fac0f1a6000-7fac0f203000 r--p 001a6000 08:02 10366481                   /usr/lib/x86_64-linux-gnu/libgeos.so.3.10.2
7fac0f203000-7fac0f20a000 r--p 00202000 08:02 10366481                   /usr/lib/x86_64-linux-gnu/libgeos.so.3.10.2
7fac0f20a000-7fac0f20b000 rw-p 00209000 08:02 10366481                   /usr/lib/x86_64-linux-gnu/libgeos.so.3.10.2
7fac0f219000-7fac0f224000 r--p 00000000 08:02 10357451                   /usr/lib/x86_64-linux-gnu/libgssapi_krb5.so.2.2
7fac0f224000-7fac0f25c000 r-xp 0000b000 08:02 10357451                   /usr/lib/x86_64-linux-gnu/libgssapi_krb5.so.2.2
7fac0f25c000-7fac0f268000 r--p 00043000 08:02 10357451                   /usr/lib/x86_64-linux-gnu/libgssapi_krb5.so.2.2
7fac0f268000-7fac0f269000 ---p 0004f000 08:02 10357451                   /usr/lib/x86_64-linux-gnu/libgssapi_krb5.so.2.2
7fac0f269000-7fac0f26b000 r--p 0004f000 08:02 10357451                   /usr/lib/x86_64-linux-gnu/libgssapi_krb5.so.2.2
7fac0f26b000-7fac0f26d000 rw-p 00051000 08:02 10357451                   /usr/lib/x86_64-linux-gnu/libgssapi_krb5.so.2.2
7fac0f26d000-7fac0f277000 r--p 00000000 08:02 10355057                   /usr/lib/x86_64-linux-gnu/libnettle.so.8.4
7fac0f277000-7fac0f29a000 r-xp 0000a000 08:02 10355057                   /usr/lib/x86_64-linux-gnu/libnettle.so.8.4
7fac0f29a000-7fac0f2b0000 r--p 0002d000 08:02 10355057                   /usr/lib/x86_64-linux-gnu/libnettle.so.8.4
7fac0f2b0000-7fac0f2b2000 r--p 00042000 08:02 10355057                   /usr/lib/x86_64-linux-gnu/libnettle.so.8.4
7fac0f2b2000-7fac0f2b3000 rw-p 00044000 08:02 10355057                   /usr/lib/x86_64-linux-gnu/libnettle.so.8.4
7fac0f2b3000-7fac0f2d1000 r--p 00000000 08:02 10355997                   /usr/lib/x86_64-linux-gnu/libsqlite3.so.0.8.6
7fac0f2d1000-7fac0f3bd000 r-xp 0001e000 08:02 10355997                   /usr/lib/x86_64-linux-gnu/libsqlite3.so.0.8.6
7fac0f3bd000-7fac0f3f8000 r--p 0010a000 08:02 10355997                   /usr/lib/x86_64-linux-gnu/libsqlite3.so.0.8.6
7fac0f3f8000-7fac0f3fc000 r--p 00144000 08:02 10355997                   /usr/lib/x86_64-linux-gnu/libsqlite3.so.0.8.6
7fac0f3fc000-7fac0f400000 rw-p 00148000 08:02 10355997                   /usr/lib/x86_64-linux-gnu/libsqlite3.so.0.8.6
7fac0f400000-7fac0f45b000 r--p 00000000 08:02 10360429                   /usr/lib/x86_64-linux-gnu/libgsl.so.27.0.0
7fac0f45b000-7fac0f632000 r-xp 0005b000 08:02 10360429                   /usr/lib/x86_64-linux-gnu/libgsl.so.27.0.0
7fac0f632000-7fac0f6ab000 r--p 00232000 08:02 10360429                   /usr/lib/x86_64-linux-gnu/libgsl.so.27.0.0
7fac0f6ab000-7fac0f6ac000 ---p 002ab000 08:02 10360429                   /usr/lib/x86_64-linux-gnu/libgsl.so.27.0.0
7fac0f6ac000-7fac0f6b0000 r--p 002ab000 08:02 10360429                   /usr/lib/x86_64-linux-gnu/libgsl.so.27.0.0
7fac0f6b0000-7fac0f6be000 rw-p 002af000 08:02 10360429                   /usr/lib/x86_64-linux-gnu/libgsl.so.27.0.0
7fac0f6be000-7fac0f6bf000 rw-p 00000000 00:00 0 
7fac0f6c4000-7fac0f6d1000 r--p 00000000 08:02 10355188                   /usr/lib/x86_64-linux-gnu/libssh.so.4.8.7
7fac0f6d1000-7fac0f714000 r-xp 0000d000 08:02 10355188                   /usr/lib/x86_64-linux-gnu/libssh.so.4.8.7
7fac0f714000-7fac0f72d000 r--p 00050000 08:02 10355188                   /usr/lib/x86_64-linux-gnu/libssh.so.4.8.7
7fac0f72d000-7fac0f72f000 r--p 00068000 08:02 10355188                   /usr/lib/x86_64-linux-gnu/libssh.so.4.8.7
7fac0f72f000-7fac0f731000 rw-p 0006a000 08:02 10355188                   /usr/lib/x86_64-linux-gnu/libssh.so.4.8.7
7fac0f731000-7fac0f73b000 r--p 00000000 08:02 10354868                   /usr/lib/x86_64-linux-gnu/libzstd.so.1.4.8
7fac0f73b000-7fac0f7ed000 r-xp 0000a000 08:02 10354868                   /usr/lib/x86_64-linux-gnu/libzstd.so.1.4.8
7fac0f7ed000-7fac0f7fe000 r--p 000bc000 08:02 10354868                   /usr/lib/x86_64-linux-gnu/libzstd.so.1.4.8
7fac0f7fe000-7fac0f7ff000 r--p 000cc000 08:02 10354868                   /usr/lib/x86_64-linux-gnu/libzstd.so.1.4.8
7fac0f7ff000-7fac0f800000 rw-p 000cd000 08:02 10354868                   /usr/lib/x86_64-linux-gnu/libzstd.so.1.4.8
7fac0f800000-7fac0f868000 r--p 00000000 08:02 10358220                   /usr/lib/x86_64-linux-gnu/libproj.so.22.2.1
7fac0f868000-7fac0fab7000 r-xp 00068000 08:02 10358220                   /usr/lib/x86_64-linux-gnu/libproj.so.22.2.1
7fac0fab7000-7fac0fb4c000 r--p 002b7000 08:02 10358220                   /usr/lib/x86_64-linux-gnu/libproj.so.22.2.1
7fac0fb4c000-7fac0fb4d000 ---p 0034c000 08:02 10358220                   /usr/lib/x86_64-linux-gnu/libproj.so.22.2.1
7fac0fb4d000-7fac0fb64000 r--p 0034c000 08:02 10358220                   /usr/lib/x86_64-linux-gnu/libproj.so.22.2.1
7fac0fb64000-7fac0fb66000 rw-p 00363000 08:02 10358220                   /usr/lib/x86_64-linux-gnu/libproj.so.22.2.1
7fac0fb66000-7fac0fb69000 rw-p 00000000 00:00 0 
7fac0fb72000-7fac0fb74000 r--p 00000000 08:02 10356728                   /usr/lib/x86_64-linux-gnu/libffi.so.8.1.0
7fac0fb74000-7fac0fb7b000 r-xp 00002000 08:02 10356728                   /usr/lib/x86_64-linux-gnu/libffi.so.8.1.0
7fac0fb7b000-7fac0fb7c000 r--p 00009000 08:02 10356728                   /usr/lib/x86_64-linux-gnu/libffi.so.8.1.0
7fac0fb7c000-7fac0fb7d000 ---p 0000a000 08:02 10356728                   /usr/lib/x86_64-linux-gnu/libffi.so.8.1.0
7fac0fb7d000-7fac0fb7e000 r--p 0000a000 08:02 10356728                   /usr/lib/x86_64-linux-gnu/libffi.so.8.1.0
7fac0fb7e000-7fac0fb7f000 rw-p 0000b000 08:02 10356728                   /usr/lib/x86_64-linux-gnu/libffi.so.8.1.0
7fac0fb7f000-7fac0fb83000 r--p 00000000 08:02 10355582                   /usr/lib/x86_64-linux-gnu/libjpeg.so.8.2.2
7fac0fb83000-7fac0fbcc000 r-xp 00004000 08:02 10355582                   /usr/lib/x86_64-linux-gnu/libjpeg.so.8.2.2
7fac0fbcc000-7fac0fbfe000 r--p 0004d000 08:02 10355582                   /usr/lib/x86_64-linux-gnu/libjpeg.so.8.2.2
7fac0fbfe000-7fac0fbff000 r--p 0007e000 08:02 10355582                   /usr/lib/x86_64-linux-gnu/libjpeg.so.8.2.2
7fac0fbff000-7fac0fc00000 rw-p 0007f000 08:02 10355582                   /usr/lib/x86_64-linux-gnu/libjpeg.so.8.2.2
7fac0fc00000-7fac0fc12000 r-xp 00000000 08:02 1705159                    /tmp/jffi1627323188391562495.so (deleted)
7fac0fc12000-7fac0fe11000 ---p 00012000 08:02 1705159                    /tmp/jffi1627323188391562495.so (deleted)
7fac0fe11000-7fac0fe12000 rw-p 00011000 08:02 1705159                    /tmp/jffi1627323188391562495.so (deleted)
7fac0fe19000-7fac0fe1c000 r--p 00000000 08:02 10355303                   /usr/lib/x86_64-linux-gnu/liblber-2.5.so.0.1.9
7fac0fe1c000-7fac0fe24000 r-xp 00003000 08:02 10355303                   /usr/lib/x86_64-linux-gnu/liblber-2.5.so.0.1.9
7fac0fe24000-7fac0fe27000 r--p 0000b000 08:02 10355303                   /usr/lib/x86_64-linux-gnu/liblber-2.5.so.0.1.9
7fac0fe27000-7fac0fe28000 ---p 0000e000 08:02 10355303                   /usr/lib/x86_64-linux-gnu/liblber-2.5.so.0.1.9
7fac0fe28000-7fac0fe29000 r--p 0000e000 08:02 10355303                   /usr/lib/x86_64-linux-gnu/liblber-2.5.so.0.1.9
7fac0fe29000-7fac0fe2a000 rw-p 0000f000 08:02 10355303                   /usr/lib/x86_64-linux-gnu/liblber-2.5.so.0.1.9
7fac0fe2a000-7fac0fe2c000 r--p 00000000 08:02 10361503                   /usr/lib/x86_64-linux-gnu/libpsl.so.5.3.2
7fac0fe2c000-7fac0fe2e000 r-xp 00002000 08:02 10361503                   /usr/lib/x86_64-linux-gnu/libpsl.so.5.3.2
7fac0fe2e000-7fac0fe3c000 r--p 00004000 08:02 10361503                   /usr/lib/x86_64-linux-gnu/libpsl.so.5.3.2
7fac0fe3c000-7fac0fe3d000 r--p 00011000 08:02 10361503                   /usr/lib/x86_64-linux-gnu/libpsl.so.5.3.2
7fac0fe3d000-7fac0fe3e000 rw-p 00012000 08:02 10361503                   /usr/lib/x86_64-linux-gnu/libpsl.so.5.3.2
7fac0fe3e000-7fac0fe43000 r--p 00000000 08:02 10355338                   /usr/lib/x86_64-linux-gnu/librtmp.so.1
7fac0fe43000-7fac0fe53000 r-xp 00005000 08:02 10355338                   /usr/lib/x86_64-linux-gnu/librtmp.so.1
7fac0fe53000-7fac0fe5a000 r--p 00015000 08:02 10355338                   /usr/lib/x86_64-linux-gnu/librtmp.so.1
7fac0fe5a000-7fac0fe5b000 ---p 0001c000 08:02 10355338                   /usr/lib/x86_64-linux-gnu/librtmp.so.1
7fac0fe5b000-7fac0fe5c000 r--p 0001c000 08:02 10355338                   /usr/lib/x86_64-linux-gnu/librtmp.so.1
7fac0fe5c000-7fac0fe5d000 rw-p 0001d000 08:02 10355338                   /usr/lib/x86_64-linux-gnu/librtmp.so.1
7fac0fe5d000-7fac0fe5f000 r--p 00000000 08:02 10361325                   /usr/lib/x86_64-linux-gnu/libidn2.so.0.3.7
7fac0fe5f000-7fac0fe63000 r-xp 00002000 08:02 10361325                   /usr/lib/x86_64-linux-gnu/libidn2.so.0.3.7
7fac0fe63000-7fac0fe7c000 r--p 00006000 08:02 10361325                   /usr/lib/x86_64-linux-gnu/libidn2.so.0.3.7
7fac0fe7c000-7fac0fe7d000 r--p 0001e000 08:02 10361325                   /usr/lib/x86_64-linux-gnu/libidn2.so.0.3.7
7fac0fe7d000-7fac0fe7e000 rw-p 0001f000 08:02 10361325                   /usr/lib/x86_64-linux-gnu/libidn2.so.0.3.7
7fac0fe7e000-7fac0feb4000 r--p 00000000 08:02 11142841                   /usr/local/lib/libmeos.so
7fac0feb4000-7fac0ffa8000 r-xp 00036000 08:02 11142841                   /usr/local/lib/libmeos.so
7fac0ffa8000-7fac0fff3000 r--p 0012a000 08:02 11142841                   /usr/local/lib/libmeos.so
7fac0fff3000-7fac0fff4000 ---p 00175000 08:02 11142841                   /usr/local/lib/libmeos.so
7fac0fff4000-7fac0fff5000 r--p 00175000 08:02 11142841                   /usr/local/lib/libmeos.so
7fac0fff5000-7fac0fffa000 rw-p 00176000 08:02 11142841                   /usr/local/lib/libmeos.so
7fac0fffa000-7fac10000000 rw-p 00000000 00:00 0 
7fac10000000-7fac10021000 rw-p 00000000 00:00 0 
7fac10021000-7fac14000000 ---p 00000000 00:00 0 
7fac14000000-7fac14021000 rw-p 00000000 00:00 0 
7fac14021000-7fac18000000 ---p 00000000 00:00 0 
7fac18000000-7fac18021000 rw-p 00000000 00:00 0 
7fac18021000-7fac1c000000 ---p 00000000 00:00 0 
7fac1c000000-7fac1c021000 rw-p 00000000 00:00 0 
7fac1c021000-7fac20000000 ---p 00000000 00:00 0 
7fac20000000-7fac202b3000 rw-p 00000000 00:00 0 
7fac202b3000-7fac24000000 ---p 00000000 00:00 0 
7fac24000000-7fac243ed000 rw-p 00000000 00:00 0 
7fac243ed000-7fac28000000 ---p 00000000 00:00 0 
7fac28000000-7fac28021000 rw-p 00000000 00:00 0 
7fac28021000-7fac2c000000 ---p 00000000 00:00 0 
7fac2c000000-7fac2c021000 rw-p 00000000 00:00 0 
7fac2c021000-7fac30000000 ---p 00000000 00:00 0 
7fac30000000-7fac30021000 rw-p 00000000 00:00 0 
7fac30021000-7fac34000000 ---p 00000000 00:00 0 
7fac34000000-7fac34021000 rw-p 00000000 00:00 0 
7fac34021000-7fac38000000 ---p 00000000 00:00 0 
7fac38000000-7fac38021000 rw-p 00000000 00:00 0 
7fac38021000-7fac3c000000 ---p 00000000 00:00 0 
7fac3c000000-7fac3c021000 rw-p 00000000 00:00 0 
7fac3c021000-7fac40000000 ---p 00000000 00:00 0 
7fac40000000-7fac40290000 rw-p 00000000 00:00 0 
7fac40290000-7fac40400000 ---p 00000000 00:00 0 
7fac40400000-7fac40610000 rw-p 00000000 00:00 0 
7fac40610000-7fac44000000 ---p 00000000 00:00 0 
7fac44000000-7fac44021000 rw-p 00000000 00:00 0 
7fac44021000-7fac48000000 ---p 00000000 00:00 0 
7fac48000000-7fac48021000 rw-p 00000000 00:00 0 
7fac48021000-7fac4c000000 ---p 00000000 00:00 0 
7fac4c000000-7fac4c021000 rw-p 00000000 00:00 0 
7fac4c021000-7fac50000000 ---p 00000000 00:00 0 
7fac50000000-7fac50021000 rw-p 00000000 00:00 0 
7fac50021000-7fac54000000 ---p 00000000 00:00 0 
7fac54000000-7fac54021000 rw-p 00000000 00:00 0 
7fac54021000-7fac58000000 ---p 00000000 00:00 0 
7fac58000000-7fac58003000 r--p 00000000 08:02 10355637                   /usr/lib/x86_64-linux-gnu/libkrb5support.so.0.1
7fac58003000-7fac58009000 r-xp 00003000 08:02 10355637                   /usr/lib/x86_64-linux-gnu/libkrb5support.so.0.1
7fac58009000-7fac5800b000 r--p 00009000 08:02 10355637                   /usr/lib/x86_64-linux-gnu/libkrb5support.so.0.1
7fac5800b000-7fac5800c000 ---p 0000b000 08:02 10355637                   /usr/lib/x86_64-linux-gnu/libkrb5support.so.0.1
7fac5800c000-7fac5800d000 r--p 0000b000 08:02 10355637                   /usr/lib/x86_64-linux-gnu/libkrb5support.so.0.1
7fac5800d000-7fac5800e000 rw-p 0000c000 08:02 10355637                   /usr/lib/x86_64-linux-gnu/libkrb5support.so.0.1
7fac5800e000-7fac58013000 r--p 00000000 08:02 10354889                   /usr/lib/x86_64-linux-gnu/libnghttp2.so.14.20.1
7fac58013000-7fac58028000 r-xp 00005000 08:02 10354889                   /usr/lib/x86_64-linux-gnu/libnghttp2.so.14.20.1
7fac58028000-7fac58034000 r--p 0001a000 08:02 10354889                   /usr/lib/x86_64-linux-gnu/libnghttp2.so.14.20.1
7fac58034000-7fac58037000 r--p 00025000 08:02 10354889                   /usr/lib/x86_64-linux-gnu/libnghttp2.so.14.20.1
7fac58037000-7fac58038000 rw-p 00028000 08:02 10354889                   /usr/lib/x86_64-linux-gnu/libnghttp2.so.14.20.1
7fac58038000-7fac58039000 r--p 00000000 08:02 10355584                   /usr/lib/x86_64-linux-gnu/libdeflate.so.0
7fac58039000-7fac58055000 r-xp 00001000 08:02 10355584                   /usr/lib/x86_64-linux-gnu/libdeflate.so.0
7fac58055000-7fac58059000 r--p 0001d000 08:02 10355584                   /usr/lib/x86_64-linux-gnu/libdeflate.so.0
7fac58059000-7fac5805a000 ---p 00021000 08:02 10355584                   /usr/lib/x86_64-linux-gnu/libdeflate.so.0
7fac5805a000-7fac5805b000 r--p 00021000 08:02 10355584                   /usr/lib/x86_64-linux-gnu/libdeflate.so.0
7fac5805b000-7fac5805c000 rw-p 00022000 08:02 10355584                   /usr/lib/x86_64-linux-gnu/libdeflate.so.0
7fac5805c000-7fac5806a000 r--p 00000000 08:02 10355046                   /usr/lib/x86_64-linux-gnu/libcurl-gnutls.so.4.7.0
7fac5806a000-7fac580dc000 r-xp 0000e000 08:02 10355046                   /usr/lib/x86_64-linux-gnu/libcurl-gnutls.so.4.7.0
7fac580dc000-7fac580f7000 r--p 00080000 08:02 10355046                   /usr/lib/x86_64-linux-gnu/libcurl-gnutls.so.4.7.0
7fac580f7000-7fac580fb000 r--p 0009a000 08:02 10355046                   /usr/lib/x86_64-linux-gnu/libcurl-gnutls.so.4.7.0
7fac580fb000-7fac580fd000 rw-p 0009e000 08:02 10355046                   /usr/lib/x86_64-linux-gnu/libcurl-gnutls.so.4.7.0
7fac580fd000-7fac580fe000 rw-p 00000000 00:00 0 
7fac580fe000-7fac58102000 ---p 00000000 00:00 0 
7fac58102000-7fac581fe000 rw-p 00000000 00:00 0 
7fac581fe000-7fac581ff000 ---p 00000000 00:00 0 
7fac581ff000-7fac58300000 rw-p 00000000 00:00 0 
7fac58300000-7fac58304000 ---p 00000000 00:00 0 
7fac58304000-7fac58400000 rw-p 00000000 00:00 0 
7fac58400000-7fac58404000 ---p 00000000 00:00 0 
7fac58404000-7fac58500000 rw-p 00000000 00:00 0 
7fac58500000-7fac58504000 ---p 00000000 00:00 0 
7fac58504000-7fac58600000 rw-p 00000000 00:00 0 
7fac58600000-7fac58604000 ---p 00000000 00:00 0 
7fac58604000-7fac58700000 rw-p 00000000 00:00 0 
7fac58700000-7fac58704000 ---p 00000000 00:00 0 
7fac58704000-7fac58800000 rw-p 00000000 00:00 0 
7fac58800000-7fac58804000 ---p 00000000 00:00 0 
7fac58804000-7fac58900000 rw-p 00000000 00:00 0 
7fac58900000-7fac58904000 ---p 00000000 00:00 0 
7fac58904000-7fac58a00000 rw-p 00000000 00:00 0 
7fac58a00000-7fac58a04000 ---p 00000000 00:00 0 
7fac58a04000-7fac58b00000 rw-p 00000000 00:00 0 
7fac58b00000-7fac58b04000 ---p 00000000 00:00 0 
7fac58b04000-7fac58c00000 rw-p 00000000 00:00 0 
7fac58c00000-7fac593f0000 r--p 00000000 08:02 10356383                   /usr/lib/locale/locale-archive
7fac593fc000-7fac593fe000 r--p 00000000 08:02 10358223                   /usr/lib/x86_64-linux-gnu/libwebp.so.7.1.3
7fac593fe000-7fac59453000 r-xp 00002000 08:02 10358223                   /usr/lib/x86_64-linux-gnu/libwebp.so.7.1.3
7fac59453000-7fac59464000 r--p 00057000 08:02 10358223                   /usr/lib/x86_64-linux-gnu/libwebp.so.7.1.3
7fac59464000-7fac59465000 r--p 00067000 08:02 10358223                   /usr/lib/x86_64-linux-gnu/libwebp.so.7.1.3
7fac59465000-7fac59466000 rw-p 00068000 08:02 10358223                   /usr/lib/x86_64-linux-gnu/libwebp.so.7.1.3
7fac59466000-7fac59468000 rw-p 00000000 00:00 0 
7fac59468000-7fac5946c000 ---p 00000000 00:00 0 
7fac5946c000-7fac5b758000 rw-p 00000000 00:00 0 
7fac5b758000-7fac5d3f8000 ---p 00000000 00:00 0 
7fac5d3f8000-7fac5d400000 rw-p 00000000 00:00 0 
7fac5d400000-7fac5d670000 rwxp 00000000 00:00 0 
7fac5d670000-7fac64937000 ---p 00000000 00:00 0 
7fac64937000-7fac64ba7000 rwxp 00000000 00:00 0 
7fac64ba7000-7fac64ec8000 ---p 00000000 00:00 0 
7fac64ec8000-7fac65138000 rwxp 00000000 00:00 0 
7fac65138000-7fac6c400000 ---p 00000000 00:00 0 
7fac6c400000-7fac73e43000 r--s 00000000 08:02 10491594                   /usr/lib/jvm/java-17-openjdk-amd64/lib/modules
7fac73e48000-7fac73e4a000 r--p 00000000 08:02 10357718                   /usr/lib/x86_64-linux-gnu/libkeyutils.so.1.9
7fac73e4a000-7fac73e4c000 r-xp 00002000 08:02 10357718                   /usr/lib/x86_64-linux-gnu/libkeyutils.so.1.9
7fac73e4c000-7fac73e4d000 r--p 00004000 08:02 10357718                   /usr/lib/x86_64-linux-gnu/libkeyutils.so.1.9
7fac73e4d000-7fac73e4e000 r--p 00004000 08:02 10357718                   /usr/lib/x86_64-linux-gnu/libkeyutils.so.1.9
7fac73e4e000-7fac73e4f000 rw-p 00005000 08:02 10357718                   /usr/lib/x86_64-linux-gnu/libkeyutils.so.1.9
7fac73e4f000-7fac73e52000 r--p 00000000 08:02 10359160                   /usr/lib/x86_64-linux-gnu/liblzma.so.5.2.5
7fac73e52000-7fac73e6d000 r-xp 00003000 08:02 10359160                   /usr/lib/x86_64-linux-gnu/liblzma.so.5.2.5
7fac73e6d000-7fac73e78000 r--p 0001e000 08:02 10359160                   /usr/lib/x86_64-linux-gnu/liblzma.so.5.2.5
7fac73e78000-7fac73e79000 r--p 00028000 08:02 10359160                   /usr/lib/x86_64-linux-gnu/liblzma.so.5.2.5
7fac73e79000-7fac73e7a000 rw-p 00029000 08:02 10359160                   /usr/lib/x86_64-linux-gnu/liblzma.so.5.2.5
7fac73e7a000-7fac73e82000 r--p 00000000 08:02 10358811                   /usr/lib/x86_64-linux-gnu/libtiff.so.5.7.0
7fac73e82000-7fac73eca000 r-xp 00008000 08:02 10358811                   /usr/lib/x86_64-linux-gnu/libtiff.so.5.7.0
7fac73eca000-7fac73efa000 r--p 00050000 08:02 10358811                   /usr/lib/x86_64-linux-gnu/libtiff.so.5.7.0
7fac73efa000-7fac73eff000 r--p 0007f000 08:02 10358811                   /usr/lib/x86_64-linux-gnu/libtiff.so.5.7.0
7fac73eff000-7fac73f00000 rw-p 00084000 08:02 10358811                   /usr/lib/x86_64-linux-gnu/libtiff.so.5.7.0
7fac73f00000-7fac73f04000 ---p 00000000 00:00 0 
7fac73f04000-7fac74000000 rw-p 00000000 00:00 0 
7fac74000000-7fac74526000 rw-p 00000000 00:00 0 
7fac74526000-7fac78000000 ---p 00000000 00:00 0 
7fac78000000-7fac78001000 r--p 00000000 08:02 10355683                   /usr/lib/x86_64-linux-gnu/libbrotlidec.so.1.0.9
7fac78001000-7fac78009000 r-xp 00001000 08:02 10355683                   /usr/lib/x86_64-linux-gnu/libbrotlidec.so.1.0.9
7fac78009000-7fac7800c000 r--p 00009000 08:02 10355683                   /usr/lib/x86_64-linux-gnu/libbrotlidec.so.1.0.9
7fac7800c000-7fac7800d000 r--p 0000b000 08:02 10355683                   /usr/lib/x86_64-linux-gnu/libbrotlidec.so.1.0.9
7fac7800d000-7fac7800e000 rw-p 0000c000 08:02 10355683                   /usr/lib/x86_64-linux-gnu/libbrotlidec.so.1.0.9
7fac7800e000-7fac78010000 r--p 00000000 08:02 10355587                   /usr/lib/x86_64-linux-gnu/libjbig.so.0
7fac78010000-7fac78019000 r-xp 00002000 08:02 10355587                   /usr/lib/x86_64-linux-gnu/libjbig.so.0
7fac78019000-7fac7801b000 r--p 0000b000 08:02 10355587                   /usr/lib/x86_64-linux-gnu/libjbig.so.0
7fac7801b000-7fac7801c000 r--p 0000c000 08:02 10355587                   /usr/lib/x86_64-linux-gnu/libjbig.so.0
7fac7801c000-7fac7801f000 rw-p 0000d000 08:02 10355587                   /usr/lib/x86_64-linux-gnu/libjbig.so.0
7fac7801f000-7fac78022000 r--p 00000000 08:02 10360435                   /usr/lib/x86_64-linux-gnu/libgslcblas.so.0.0.0
7fac78022000-7fac7805b000 r-xp 00003000 08:02 10360435                   /usr/lib/x86_64-linux-gnu/libgslcblas.so.0.0.0
7fac7805b000-7fac7805f000 r--p 0003c000 08:02 10360435                   /usr/lib/x86_64-linux-gnu/libgslcblas.so.0.0.0
7fac7805f000-7fac78060000 r--p 0003f000 08:02 10360435                   /usr/lib/x86_64-linux-gnu/libgslcblas.so.0.0.0
7fac78060000-7fac78061000 rw-p 00040000 08:02 10360435                   /usr/lib/x86_64-linux-gnu/libgslcblas.so.0.0.0
7fac78061000-7fac78070000 r--p 00000000 08:02 10366483                   /usr/lib/x86_64-linux-gnu/libgeos_c.so.1.16.0
7fac78070000-7fac78090000 r-xp 0000f000 08:02 10366483                   /usr/lib/x86_64-linux-gnu/libgeos_c.so.1.16.0
7fac78090000-7fac7809d000 r--p 0002f000 08:02 10366483                   /usr/lib/x86_64-linux-gnu/libgeos_c.so.1.16.0
7fac7809d000-7fac7809e000 ---p 0003c000 08:02 10366483                   /usr/lib/x86_64-linux-gnu/libgeos_c.so.1.16.0
7fac7809e000-7fac7809f000 r--p 0003c000 08:02 10366483                   /usr/lib/x86_64-linux-gnu/libgeos_c.so.1.16.0
7fac7809f000-7fac780a0000 rw-p 0003d000 08:02 10366483                   /usr/lib/x86_64-linux-gnu/libgeos_c.so.1.16.0
7fac780a0000-7fac780a4000 r--p 00000000 08:02 10355662                   /usr/lib/x86_64-linux-gnu/libjson-c.so.5.1.0
7fac780a4000-7fac780ad000 r-xp 00004000 08:02 10355662                   /usr/lib/x86_64-linux-gnu/libjson-c.so.5.1.0
7fac780ad000-7fac780b0000 r--p 0000d000 08:02 10355662                   /usr/lib/x86_64-linux-gnu/libjson-c.so.5.1.0
7fac780b0000-7fac780b1000 ---p 00010000 08:02 10355662                   /usr/lib/x86_64-linux-gnu/libjson-c.so.5.1.0
7fac780b1000-7fac780b2000 r--p 00010000 08:02 10355662                   /usr/lib/x86_64-linux-gnu/libjson-c.so.5.1.0
7fac780b2000-7fac780b3000 rw-p 00011000 08:02 10355662                   /usr/lib/x86_64-linux-gnu/libjson-c.so.5.1.0
7fac780b3000-7fac780b4000 ---p 00000000 00:00 0 
7fac780b4000-7fac781b5000 rw-p 00000000 00:00 0 
7fac781b5000-7fac781ba000 r--p 00000000 08:02 10491564                   /usr/lib/jvm/java-17-openjdk-amd64/lib/libjsvml.so
7fac781ba000-7fac781fb000 r-xp 00005000 08:02 10491564                   /usr/lib/jvm/java-17-openjdk-amd64/lib/libjsvml.so
7fac781fb000-7fac78284000 r--p 00046000 08:02 10491564                   /usr/lib/jvm/java-17-openjdk-amd64/lib/libjsvml.so
7fac78284000-7fac78285000 r--p 000ce000 08:02 10491564                   /usr/lib/jvm/java-17-openjdk-amd64/lib/libjsvml.so
7fac78285000-7fac78286000 rw-p 000cf000 08:02 10491564                   /usr/lib/jvm/java-17-openjdk-amd64/lib/libjsvml.so
7fac78286000-7fac78307000 rw-p 00000000 00:00 0 
7fac78307000-7fac78308000 ---p 00000000 00:00 0 
7fac78308000-7fac78409000 rw-p 00000000 00:00 0 
7fac78409000-7fac7840a000 ---p 00000000 00:00 0 
7fac7840a000-7fac7890f000 rw-p 00000000 00:00 0 
7fac7890f000-7fac78910000 ---p 00000000 00:00 0 
7fac78910000-7fac78a11000 rw-p 00000000 00:00 0 
7fac78a11000-7fac78a12000 ---p 00000000 00:00 0 
7fac78a12000-7fac78b13000 rw-p 00000000 00:00 0 
7fac78b13000-7fac78b14000 ---p 00000000 00:00 0 
7fac78b14000-7fac78e05000 rw-p 00000000 00:00 0 
7fac78e05000-7fac7aaa5000 ---p 00000000 00:00 0 
7fac7aaa5000-7fac7aaeb000 rw-p 00000000 00:00 0 
7fac7aaeb000-7fac7ae7f000 ---p 00000000 00:00 0 
7fac7ae7f000-7fac7aebe000 rw-p 00000000 00:00 0 
7fac7aebe000-7fac7b252000 ---p 00000000 00:00 0 
7fac7b252000-7fac7b291000 rw-p 00000000 00:00 0 
7fac7b291000-7fac7b625000 ---p 00000000 00:00 0 
7fac7b625000-7fac7ba2f000 rw-p 00000000 00:00 0 
7fac7ba2f000-7fac7bb15000 ---p 00000000 00:00 0 
7fac7bb15000-7fac7bb1a000 rw-p 00000000 00:00 0 
7fac7bb1a000-7fac7bc00000 ---p 00000000 00:00 0 
7fac7bc00000-7fac7bc9a000 r--p 00000000 08:02 10354705                   /usr/lib/x86_64-linux-gnu/libstdc++.so.6.0.30
7fac7bc9a000-7fac7bdaa000 r-xp 0009a000 08:02 10354705                   /usr/lib/x86_64-linux-gnu/libstdc++.so.6.0.30
7fac7bdaa000-7fac7be19000 r--p 001aa000 08:02 10354705                   /usr/lib/x86_64-linux-gnu/libstdc++.so.6.0.30
7fac7be19000-7fac7be24000 r--p 00218000 08:02 10354705                   /usr/lib/x86_64-linux-gnu/libstdc++.so.6.0.30
7fac7be24000-7fac7be27000 rw-p 00223000 08:02 10354705                   /usr/lib/x86_64-linux-gnu/libstdc++.so.6.0.30
7fac7be27000-7fac7be2a000 rw-p 00000000 00:00 0 
7fac7be30000-7fac7be32000 r--p 00000000 08:02 10357716                   /usr/lib/x86_64-linux-gnu/libcom_err.so.2.1
7fac7be32000-7fac7be33000 r-xp 00002000 08:02 10357716                   /usr/lib/x86_64-linux-gnu/libcom_err.so.2.1
7fac7be33000-7fac7be34000 r--p 00003000 08:02 10357716                   /usr/lib/x86_64-linux-gnu/libcom_err.so.2.1
7fac7be34000-7fac7be35000 r--p 00003000 08:02 10357716                   /usr/lib/x86_64-linux-gnu/libcom_err.so.2.1
7fac7be35000-7fac7be36000 rw-p 00004000 08:02 10357716                   /usr/lib/x86_64-linux-gnu/libcom_err.so.2.1
7fac7be4c000-7fac7be71000 r--p 00000000 08:02 12591460                   /usr/share/locale-langpack/fr/LC_MESSAGES/libc.mo
7fac7be71000-7fac7be78000 r--s 00000000 08:02 11013395                   /usr/lib/x86_64-linux-gnu/gconv/gconv-modules.cache
7fac7be78000-7fac7be7c000 r--p 00000000 08:02 10491590                   /usr/lib/jvm/java-17-openjdk-amd64/lib/libverify.so
7fac7be7c000-7fac7be83000 r-xp 00004000 08:02 10491590                   /usr/lib/jvm/java-17-openjdk-amd64/lib/libverify.so
7fac7be83000-7fac7be85000 r--p 0000b000 08:02 10491590                   /usr/lib/jvm/java-17-openjdk-amd64/lib/libverify.so
7fac7be85000-7fac7be87000 r--p 0000c000 08:02 10491590                   /usr/lib/jvm/java-17-openjdk-amd64/lib/libverify.so
7fac7be87000-7fac7be88000 rw-p 0000e000 08:02 10491590                   /usr/lib/jvm/java-17-openjdk-amd64/lib/libverify.so
7fac7be88000-7fac7be89000 r--p 00000000 08:02 10491501                   /usr/lib/jvm/java-17-openjdk-amd64/lib/libextnet.so
7fac7be89000-7fac7be8a000 r-xp 00001000 08:02 10491501                   /usr/lib/jvm/java-17-openjdk-amd64/lib/libextnet.so
7fac7be8a000-7fac7be8b000 r--p 00002000 08:02 10491501                   /usr/lib/jvm/java-17-openjdk-amd64/lib/libextnet.so
7fac7be8b000-7fac7be8c000 r--p 00002000 08:02 10491501                   /usr/lib/jvm/java-17-openjdk-amd64/lib/libextnet.so
7fac7be8c000-7fac7be8d000 rw-p 00003000 08:02 10491501                   /usr/lib/jvm/java-17-openjdk-amd64/lib/libextnet.so
7fac7be8d000-7fac7be91000 r--p 00000000 08:02 10491576                   /usr/lib/jvm/java-17-openjdk-amd64/lib/libnet.so
7fac7be91000-7fac7be9f000 r-xp 00004000 08:02 10491576                   /usr/lib/jvm/java-17-openjdk-amd64/lib/libnet.so
7fac7be9f000-7fac7bea3000 r--p 00012000 08:02 10491576                   /usr/lib/jvm/java-17-openjdk-amd64/lib/libnet.so
7fac7bea3000-7fac7bea4000 r--p 00015000 08:02 10491576                   /usr/lib/jvm/java-17-openjdk-amd64/lib/libnet.so
7fac7bea4000-7fac7bea5000 rw-p 00016000 08:02 10491576                   /usr/lib/jvm/java-17-openjdk-amd64/lib/libnet.so
7fac7bea5000-7fac7bf00000 rw-p 00000000 00:00 0 
7fac7bf00000-7fac7bf04000 ---p 00000000 00:00 0 
7fac7bf04000-7fac7c000000 rw-p 00000000 00:00 0 
7fac7c000000-7fac7c250000 r--p 00000000 08:02 10491606                   /usr/lib/jvm/java-17-openjdk-amd64/lib/server/libjvm.so
7fac7c250000-7fac7cfd4000 r-xp 00250000 08:02 10491606                   /usr/lib/jvm/java-17-openjdk-amd64/lib/server/libjvm.so
7fac7cfd4000-7fac7d257000 r--p 00fd4000 08:02 10491606                   /usr/lib/jvm/java-17-openjdk-amd64/lib/server/libjvm.so
7fac7d257000-7fac7d30f000 r--p 01256000 08:02 10491606                   /usr/lib/jvm/java-17-openjdk-amd64/lib/server/libjvm.so
7fac7d30f000-7fac7d344000 rw-p 0130e000 08:02 10491606                   /usr/lib/jvm/java-17-openjdk-amd64/lib/server/libjvm.so
7fac7d344000-7fac7d39e000 rw-p 00000000 00:00 0 
7fac7d39e000-7fac7d3a4000 r--p 00000000 08:02 10491578                   /usr/lib/jvm/java-17-openjdk-amd64/lib/libnio.so
7fac7d3a4000-7fac7d3ad000 r-xp 00006000 08:02 10491578                   /usr/lib/jvm/java-17-openjdk-amd64/lib/libnio.so
7fac7d3ad000-7fac7d3b1000 r--p 0000f000 08:02 10491578                   /usr/lib/jvm/java-17-openjdk-amd64/lib/libnio.so
7fac7d3b1000-7fac7d3b2000 ---p 00013000 08:02 10491578                   /usr/lib/jvm/java-17-openjdk-amd64/lib/libnio.so
7fac7d3b2000-7fac7d3b3000 r--p 00013000 08:02 10491578                   /usr/lib/jvm/java-17-openjdk-amd64/lib/libnio.so
7fac7d3b3000-7fac7d3b4000 rw-p 00014000 08:02 10491578                   /usr/lib/jvm/java-17-openjdk-amd64/lib/libnio.so
7fac7d3b4000-7fac7d3b6000 r--p 00000000 08:02 10491592                   /usr/lib/jvm/java-17-openjdk-amd64/lib/libzip.so
7fac7d3b6000-7fac7d3bb000 r-xp 00002000 08:02 10491592                   /usr/lib/jvm/java-17-openjdk-amd64/lib/libzip.so
7fac7d3bb000-7fac7d3bd000 r--p 00007000 08:02 10491592                   /usr/lib/jvm/java-17-openjdk-amd64/lib/libzip.so
7fac7d3bd000-7fac7d3be000 r--p 00008000 08:02 10491592                   /usr/lib/jvm/java-17-openjdk-amd64/lib/libzip.so
7fac7d3be000-7fac7d3bf000 rw-p 00009000 08:02 10491592                   /usr/lib/jvm/java-17-openjdk-amd64/lib/libzip.so
7fac7d3bf000-7fac7d400000 rw-p 00000000 00:00 0 
7fac7d400000-7fac7d428000 r--p 00000000 08:02 10365356                   /usr/lib/x86_64-linux-gnu/libc.so.6
7fac7d428000-7fac7d5bd000 r-xp 00028000 08:02 10365356                   /usr/lib/x86_64-linux-gnu/libc.so.6
7fac7d5bd000-7fac7d615000 r--p 001bd000 08:02 10365356                   /usr/lib/x86_64-linux-gnu/libc.so.6
7fac7d615000-7fac7d619000 r--p 00214000 08:02 10365356                   /usr/lib/x86_64-linux-gnu/libc.so.6
7fac7d619000-7fac7d61b000 rw-p 00218000 08:02 10365356                   /usr/lib/x86_64-linux-gnu/libc.so.6
7fac7d61b000-7fac7d628000 rw-p 00000000 00:00 0 
7fac7d62a000-7fac7d671000 rw-p 00000000 00:00 0 
7fac7d671000-7fac7d678000 ---p 00000000 00:00 0 
7fac7d678000-7fac7d684000 r--p 00000000 08:02 10491515                   /usr/lib/jvm/java-17-openjdk-amd64/lib/libjava.so
7fac7d684000-7fac7d697000 r-xp 0000c000 08:02 10491515                   /usr/lib/jvm/java-17-openjdk-amd64/lib/libjava.so
7fac7d697000-7fac7d69d000 r--p 0001f000 08:02 10491515                   /usr/lib/jvm/java-17-openjdk-amd64/lib/libjava.so
7fac7d69d000-7fac7d69e000 r--p 00024000 08:02 10491515                   /usr/lib/jvm/java-17-openjdk-amd64/lib/libjava.so
7fac7d69e000-7fac7d69f000 rw-p 00025000 08:02 10491515                   /usr/lib/jvm/java-17-openjdk-amd64/lib/libjava.so
7fac7d69f000-7fac7d6a0000 rw-p 00000000 00:00 0 
7fac7d6a0000-7fac7d6a1000 r--p 00000000 08:02 10491505                   /usr/lib/jvm/java-17-openjdk-amd64/lib/libinstrument.so
7fac7d6a1000-7fac7d6a7000 r-xp 00001000 08:02 10491505                   /usr/lib/jvm/java-17-openjdk-amd64/lib/libinstrument.so
7fac7d6a7000-7fac7d6aa000 r--p 00007000 08:02 10491505                   /usr/lib/jvm/java-17-openjdk-amd64/lib/libinstrument.so
7fac7d6aa000-7fac7d6ab000 r--p 00009000 08:02 10491505                   /usr/lib/jvm/java-17-openjdk-amd64/lib/libinstrument.so
7fac7d6ab000-7fac7d6ac000 rw-p 0000a000 08:02 10491505                   /usr/lib/jvm/java-17-openjdk-amd64/lib/libinstrument.so
7fac7d6ac000-7fac7d6af000 r--p 00000000 08:02 10354703                   /usr/lib/x86_64-linux-gnu/libgcc_s.so.1
7fac7d6af000-7fac7d6c6000 r-xp 00003000 08:02 10354703                   /usr/lib/x86_64-linux-gnu/libgcc_s.so.1
7fac7d6c6000-7fac7d6ca000 r--p 0001a000 08:02 10354703                   /usr/lib/x86_64-linux-gnu/libgcc_s.so.1
7fac7d6ca000-7fac7d6cb000 r--p 0001d000 08:02 10354703                   /usr/lib/x86_64-linux-gnu/libgcc_s.so.1
7fac7d6cb000-7fac7d6cc000 rw-p 0001e000 08:02 10354703                   /usr/lib/x86_64-linux-gnu/libgcc_s.so.1
7fac7d6cc000-7fac7d6da000 r--p 00000000 08:02 10365361                   /usr/lib/x86_64-linux-gnu/libm.so.6
7fac7d6da000-7fac7d756000 r-xp 0000e000 08:02 10365361                   /usr/lib/x86_64-linux-gnu/libm.so.6
7fac7d756000-7fac7d7b1000 r--p 0008a000 08:02 10365361                   /usr/lib/x86_64-linux-gnu/libm.so.6
7fac7d7b1000-7fac7d7b2000 r--p 000e4000 08:02 10365361                   /usr/lib/x86_64-linux-gnu/libm.so.6
7fac7d7b2000-7fac7d7b3000 rw-p 000e5000 08:02 10365361                   /usr/lib/x86_64-linux-gnu/libm.so.6
7fac7d7b3000-7fac7d7b6000 rw-p 00000000 00:00 0 
7fac7d7b6000-7fac7d7b8000 r--p 00000000 08:02 10354880                   /usr/lib/x86_64-linux-gnu/libz.so.1.2.11
7fac7d7b8000-7fac7d7c9000 r-xp 00002000 08:02 10354880                   /usr/lib/x86_64-linux-gnu/libz.so.1.2.11
7fac7d7c9000-7fac7d7cf000 r--p 00013000 08:02 10354880                   /usr/lib/x86_64-linux-gnu/libz.so.1.2.11
7fac7d7cf000-7fac7d7d0000 ---p 00019000 08:02 10354880                   /usr/lib/x86_64-linux-gnu/libz.so.1.2.11
7fac7d7d0000-7fac7d7d1000 r--p 00019000 08:02 10354880                   /usr/lib/x86_64-linux-gnu/libz.so.1.2.11
7fac7d7d1000-7fac7d7d2000 rw-p 0001a000 08:02 10354880                   /usr/lib/x86_64-linux-gnu/libz.so.1.2.11
7fac7d7d4000-7fac7d7d5000 r-xp 00000000 00:00 0 
7fac7d7d5000-7fac7d7dd000 rw-s 00000000 08:02 1978359                    /tmp/hsperfdata_nidhal/242898
7fac7d7dd000-7fac7d7de000 ---p 00000000 00:00 0 
7fac7d7de000-7fac7d7df000 r--p 00000000 00:00 0 
7fac7d7df000-7fac7d7e1000 r--p 00000000 08:02 10491521                   /usr/lib/jvm/java-17-openjdk-amd64/lib/libjimage.so
7fac7d7e1000-7fac7d7e4000 r-xp 00002000 08:02 10491521                   /usr/lib/jvm/java-17-openjdk-amd64/lib/libjimage.so
7fac7d7e4000-7fac7d7e5000 r--p 00005000 08:02 10491521                   /usr/lib/jvm/java-17-openjdk-amd64/lib/libjimage.so
7fac7d7e5000-7fac7d7e6000 ---p 00006000 08:02 10491521                   /usr/lib/jvm/java-17-openjdk-amd64/lib/libjimage.so
7fac7d7e6000-7fac7d7e7000 r--p 00006000 08:02 10491521                   /usr/lib/jvm/java-17-openjdk-amd64/lib/libjimage.so
7fac7d7e7000-7fac7d7e8000 rw-p 00007000 08:02 10491521                   /usr/lib/jvm/java-17-openjdk-amd64/lib/libjimage.so
7fac7d7e8000-7fac7d7ea000 r--p 00000000 08:02 10491523                   /usr/lib/jvm/java-17-openjdk-amd64/lib/libjli.so
7fac7d7ea000-7fac7d7f4000 r-xp 00002000 08:02 10491523                   /usr/lib/jvm/java-17-openjdk-amd64/lib/libjli.so
7fac7d7f4000-7fac7d7f7000 r--p 0000c000 08:02 10491523                   /usr/lib/jvm/java-17-openjdk-amd64/lib/libjli.so
7fac7d7f7000-7fac7d7f8000 r--p 0000e000 08:02 10491523                   /usr/lib/jvm/java-17-openjdk-amd64/lib/libjli.so
7fac7d7f8000-7fac7d7f9000 rw-p 0000f000 08:02 10491523                   /usr/lib/jvm/java-17-openjdk-amd64/lib/libjli.so
7fac7d7f9000-7fac7d7fb000 rw-p 00000000 00:00 0 
7fac7d7fb000-7fac7d7fd000 r--p 00000000 08:02 10356375                   /usr/lib/x86_64-linux-gnu/ld-linux-x86-64.so.2
7fac7d7fd000-7fac7d827000 r-xp 00002000 08:02 10356375                   /usr/lib/x86_64-linux-gnu/ld-linux-x86-64.so.2
7fac7d827000-7fac7d832000 r--p 0002c000 08:02 10356375                   /usr/lib/x86_64-linux-gnu/ld-linux-x86-64.so.2
7fac7d832000-7fac7d833000 ---p 00000000 00:00 0 
7fac7d833000-7fac7d835000 r--p 00037000 08:02 10356375                   /usr/lib/x86_64-linux-gnu/ld-linux-x86-64.so.2
7fac7d835000-7fac7d837000 rw-p 00039000 08:02 10356375                   /usr/lib/x86_64-linux-gnu/ld-linux-x86-64.so.2
7fff6a529000-7fff6a54b000 rw-p 00000000 00:00 0                          [stack]
7fff6a5bb000-7fff6a5bf000 r--p 00000000 00:00 0                          [vvar]
7fff6a5bf000-7fff6a5c1000 r-xp 00000000 00:00 0                          [vdso]
ffffffffff600000-ffffffffff601000 --xp 00000000 00:00 0                  [vsyscall]


VM Arguments:
jvm_args: -javaagent:/snap/intellij-idea-ultimate/437/lib/idea_rt.jar=33663:/snap/intellij-idea-ultimate/437/bin -Dfile.encoding=UTF-8 
java_command: tutorials.reading
java_class_path (initial): /home/nidhal/IdeaProjects/JMEOS/target/classes:/home/nidhal/.m2/repository/com/github/jnr/jnr-ffi/2.2.11/jnr-ffi-2.2.11.jar:/home/nidhal/.m2/repository/com/github/jnr/jffi/1.3.9/jffi-1.3.9.jar:/home/nidhal/.m2/repository/com/github/jnr/jffi/1.3.9/jffi-1.3.9-native.jar:/home/nidhal/.m2/repository/org/ow2/asm/asm/9.2/asm-9.2.jar:/home/nidhal/.m2/repository/org/ow2/asm/asm-commons/9.2/asm-commons-9.2.jar:/home/nidhal/.m2/repository/org/ow2/asm/asm-analysis/9.2/asm-analysis-9.2.jar:/home/nidhal/.m2/repository/org/ow2/asm/asm-tree/9.2/asm-tree-9.2.jar:/home/nidhal/.m2/repository/org/ow2/asm/asm-util/9.2/asm-util-9.2.jar:/home/nidhal/.m2/repository/com/github/jnr/jnr-a64asm/1.0.0/jnr-a64asm-1.0.0.jar:/home/nidhal/.m2/repository/com/github/jnr/jnr-x86asm/1.0.2/jnr-x86asm-1.0.2.jar:/home/nidhal/.m2/repository/org/hibernate/orm/hibernate-core/6.2.2.Final/hibernate-core-6.2.2.Final.jar:/home/nidhal/.m2/repository/jakarta/persistence/jakarta.persistence-api/3.1.0/jakarta.persistence-api-3.1.0.jar:/home/nidhal/.m2/repository/jakarta/transaction/jakarta.transaction-api/2.0.1/jakarta.transaction-api-2.0.1.jar:/home/nidhal/.m2/repository/org/jboss/logging/jboss-logging/3.5.0.Final/jboss-logging-3.5.0.Final.jar:/home/nidhal/.m2/repository/org/hibernate/common/hibernate-commons-annotations/6.0.6.Final/hibernate-commons-annotations-6.0.6.Final.jar:/home/nidhal/.m2/repository/io/smallrye/jandex/3.0.5/jandex-3.0.5.jar:/home/nidhal/.m2/repository/com/fasterxml/classmate/1.5.1/classmate-1.5.1.jar:/home/nidhal/.m2/repository/net/bytebuddy/byte-buddy/1.12.18/byte-buddy-1.12.18.jar:/home/nidhal/.m2/repository/jakarta/xml/bind/jakarta.xml.bind-api/4.0.0/jakarta.xml.bind-api-4.0.0.jar:/home/nidhal/.m2/repository/jakarta/activation/jakarta.activation-api/2.1.0/jakarta.activation-api-2.1.0.jar:/home/nidhal/.m2/repository/org/glassfish/jaxb/jaxb-runtime/4.0.2/jaxb-runtime-4.0.2.jar:/home/nidhal/.m2/repository/org/glassfish/jaxb/jaxb-core/4.0.2/jaxb-core-4.0.2.jar:/ho
Launcher Type: SUN_STANDARD

[Global flags]
     intx CICompilerCount                          = 3                                         {product} {ergonomic}
     uint ConcGCThreads                            = 1                                         {product} {ergonomic}
     uint G1ConcRefinementThreads                  = 4                                         {product} {ergonomic}
   size_t G1HeapRegionSize                         = 1048576                                   {product} {ergonomic}
    uintx GCDrainStackTargetSize                   = 64                                        {product} {ergonomic}
   size_t InitialHeapSize                          = 130023424                                 {product} {ergonomic}
   size_t MarkStackSize                            = 4194304                                   {product} {ergonomic}
   size_t MaxHeapSize                              = 2053111808                                {product} {ergonomic}
   size_t MaxNewSize                               = 1231028224                                {product} {ergonomic}
   size_t MinHeapDeltaBytes                        = 1048576                                   {product} {ergonomic}
   size_t MinHeapSize                              = 8388608                                   {product} {ergonomic}
    uintx NonNMethodCodeHeapSize                   = 5832780                                {pd product} {ergonomic}
    uintx NonProfiledCodeHeapSize                  = 122912730                              {pd product} {ergonomic}
    uintx ProfiledCodeHeapSize                     = 122912730                              {pd product} {ergonomic}
    uintx ReservedCodeCacheSize                    = 251658240                              {pd product} {ergonomic}
     bool SegmentedCodeCache                       = true                                      {product} {ergonomic}
   size_t SoftMaxHeapSize                          = 2053111808                             {manageable} {ergonomic}
     bool UseCompressedClassPointers               = true                           {product lp64_product} {ergonomic}
     bool UseCompressedOops                        = true                           {product lp64_product} {ergonomic}
     bool UseG1GC                                  = true                                      {product} {ergonomic}

Logging:
Log output configuration:
 #0: stdout all=warning uptime,level,tags
 #1: stderr all=off uptime,level,tags

Environment Variables:
JAVA_HOME=/opt/jdk-13.0.2
PATH=/home/nidhal/.local/bin:/usr/local/sbin:/usr/local/bin:/usr/sbin:/usr/bin:/sbin:/bin:/usr/games:/usr/local/games:/snap/bin:/snap/bin/opt/jdk-13.0.2/bin
USERNAME=nidhal
SHELL=/bin/bash
DISPLAY=:0
LANG=fr_FR.UTF-8

Active Locale:
LC_ALL=fr_FR.UTF-8
LC_COLLATE=fr_FR.UTF-8
LC_CTYPE=fr_FR.UTF-8
LC_MESSAGES=fr_FR.UTF-8
LC_MONETARY=fr_FR.UTF-8
LC_NUMERIC=fr_FR.UTF-8
LC_TIME=fr_FR.UTF-8

Signal Handlers:
   SIGSEGV: crash_handler in libjvm.so, mask=11100100010111111101111111111110, flags=SA_RESTART|SA_SIGINFO, unblocked
    SIGBUS: crash_handler in libjvm.so, mask=11100100010111111101111111111110, flags=SA_RESTART|SA_SIGINFO, unblocked
    SIGFPE: crash_handler in libjvm.so, mask=11100100010111111101111111111110, flags=SA_RESTART|SA_SIGINFO, unblocked
   SIGPIPE: javaSignalHandler in libjvm.so, mask=11100100010111111101111111111110, flags=SA_RESTART|SA_SIGINFO, blocked
   SIGXFSZ: javaSignalHandler in libjvm.so, mask=11100100010111111101111111111110, flags=SA_RESTART|SA_SIGINFO, blocked
    SIGILL: crash_handler in libjvm.so, mask=11100100010111111101111111111110, flags=SA_RESTART|SA_SIGINFO, unblocked
   SIGUSR2: SR_handler in libjvm.so, mask=00100000000000000000000000000000, flags=SA_RESTART|SA_SIGINFO, blocked
    SIGHUP: UserHandler in libjvm.so, mask=11100100010111111101111111111110, flags=SA_RESTART|SA_SIGINFO, blocked
    SIGINT: UserHandler in libjvm.so, mask=11100100010111111101111111111110, flags=SA_RESTART|SA_SIGINFO, blocked
   SIGTERM: UserHandler in libjvm.so, mask=11100100010111111101111111111110, flags=SA_RESTART|SA_SIGINFO, blocked
   SIGQUIT: UserHandler in libjvm.so, mask=11100100010111111101111111111110, flags=SA_RESTART|SA_SIGINFO, blocked
   SIGTRAP: crash_handler in libjvm.so, mask=11100100010111111101111111111110, flags=SA_RESTART|SA_SIGINFO, unblocked


---------------  S Y S T E M  ---------------

OS:
DISTRIB_ID=Ubuntu
DISTRIB_RELEASE=22.04
DISTRIB_CODENAME=jammy
DISTRIB_DESCRIPTION="Ubuntu 22.04.2 LTS"
uname: Linux 5.19.0-45-generic #46~22.04.1-Ubuntu SMP PREEMPT_DYNAMIC Wed Jun 7 15:06:04 UTC 20 x86_64
OS uptime: 2 days 21:24 hours
libc: glibc 2.35 NPTL 2.35 
rlimit (soft/hard): STACK 8192k/infinity , CORE 0k/infinity , NPROC 31003/31003 , NOFILE 1048576/1048576 , AS infinity/infinity , CPU infinity/infinity , DATA infinity/infinity , FSIZE infinity/infinity , MEMLOCK 1002084k/1002084k
load average: 7,05 5,17 4,84

/proc/meminfo:
MemTotal:        8016676 kB
MemFree:          315736 kB
MemAvailable:    3516736 kB
Buffers:          241752 kB
Cached:          3155936 kB
SwapCached:         4348 kB
Active:          1788212 kB
Inactive:        5131208 kB
Active(anon):     112756 kB
Inactive(anon):  3650832 kB
Active(file):    1675456 kB
Inactive(file):  1480376 kB
Unevictable:       40744 kB
Mlocked:              16 kB
SwapTotal:       2097148 kB
SwapFree:        2046080 kB
Zswap:                 0 kB
Zswapped:              0 kB
Dirty:              4024 kB
Writeback:             0 kB
AnonPages:       3558624 kB
Mapped:          1300700 kB
Shmem:            255600 kB
KReclaimable:     350524 kB
Slab:             574684 kB
SReclaimable:     350524 kB
SUnreclaim:       224160 kB
KernelStack:       16496 kB
PageTables:        34792 kB
NFS_Unstable:          0 kB
Bounce:                0 kB
WritebackTmp:          0 kB
CommitLimit:     6105484 kB
Committed_AS:   10120544 kB
VmallocTotal:   34359738367 kB
VmallocUsed:       72400 kB
VmallocChunk:          0 kB
Percpu:             6304 kB
HardwareCorrupted:     0 kB
AnonHugePages:         0 kB
ShmemHugePages:        0 kB
ShmemPmdMapped:        0 kB
FileHugePages:         0 kB
FilePmdMapped:         0 kB
HugePages_Total:       0
HugePages_Free:        0
HugePages_Rsvd:        0
HugePages_Surp:        0
Hugepagesize:       2048 kB
Hugetlb:               0 kB
DirectMap4k:      481048 kB
DirectMap2M:     6748160 kB
DirectMap1G:     1048576 kB

/sys/kernel/mm/transparent_hugepage/enabled: always [madvise] never
/sys/kernel/mm/transparent_hugepage/defrag (defrag/compaction efforts parameter): always defer defer+madvise [madvise] never

Process Memory:
Virtual Size: 5227404K (peak: 5288940K)
Resident Set Size: 86456K (peak: 86456K) (anon: 47188K, file: 39268K, shmem: 0K)
Swapped out: 0K
C-Heap outstanding allocations: 24489K, retained: 3070K
glibc malloc tunables: (default)

/proc/sys/kernel/threads-max (system-wide limit on the number of threads): 62007
/proc/sys/vm/max_map_count (maximum number of memory map areas a process may have): 65530
/proc/sys/kernel/pid_max (system-wide limit on number of process identifiers): 4194304

container (cgroup) information:
container_type: cgroupv2
cpu_cpuset_cpus: not supported
cpu_memory_nodes: not supported
active_processor_count: 4
cpu_quota: not supported
cpu_period: not supported
cpu_shares: not supported
memory_limit_in_bytes: unlimited
memory_and_swap_limit_in_bytes: unlimited
memory_soft_limit_in_bytes: unlimited
memory_usage_in_bytes: 2945656 k
memory_max_usage_in_bytes: not supported
memory_swap_current_in_bytes: unlimited
memory_swap_max_limit_in_bytes: unlimited
maximum number of tasks: 9301
current number of tasks: 165

Steal ticks since vm start: 0
Steal ticks percentage since vm start:  0,000

CPU: total 4 (initial active 4) (2 cores per cpu, 2 threads per core) family 6 model 78 stepping 3 microcode 0xf0, cx8, cmov, fxsr, ht, mmx, 3dnowpref, sse, sse2, sse3, ssse3, sse4.1, sse4.2, popcnt, lzcnt, tsc, tscinvbit, avx, avx2, aes, erms, clmul, bmi1, bmi2, adx, fma, vzeroupper, clflush, clflushopt
CPU Model and flags from /proc/cpuinfo:
model name	: Intel(R) Core(TM) i3-6100U CPU @ 2.30GHz
flags		: fpu vme de pse tsc msr pae mce cx8 apic sep mtrr pge mca cmov pat pse36 clflush dts acpi mmx fxsr sse sse2 ss ht tm pbe syscall nx pdpe1gb rdtscp lm constant_tsc art arch_perfmon pebs bts rep_good nopl xtopology nonstop_tsc cpuid aperfmperf pni pclmulqdq dtes64 monitor ds_cpl est tm2 ssse3 sdbg fma cx16 xtpr pdcm pcid sse4_1 sse4_2 x2apic movbe popcnt tsc_deadline_timer aes xsave avx f16c rdrand lahf_lm abm 3dnowprefetch cpuid_fault epb invpcid_single pti ssbd ibrs ibpb stibp fsgsbase tsc_adjust bmi1 avx2 smep bmi2 erms invpcid mpx rdseed adx smap clflushopt intel_pt xsaveopt xsavec xgetbv1 xsaves dtherm ida arat pln pts hwp hwp_notify hwp_act_window hwp_epp md_clear flush_l1d arch_capabilities

Online cpus: 0-3
Offline cpus: 
BIOS frequency limitation: <Not Available>
Frequency switch latency (ns): 0
Available cpu frequencies: <Not Available>
Current governor: powersave
Core performance/turbo boost: <Not Available>

Memory: 4k page, physical 8016676k(315736k free), swap 2097148k(2046080k free)
Page Sizes: 4k

vm_info: OpenJDK 64-Bit Server VM (17.0.7+7-Ubuntu-0ubuntu122.04.2) for linux-amd64 JRE (17.0.7+7-Ubuntu-0ubuntu122.04.2), built on May 10 2023 04:02:16 by "buildd" with gcc 11.3.0

END.
