#
# A fatal error has been detected by the Java Runtime Environment:
#
#  SIGSEGV (0xb) at pc=0x00007f1923b24979, pid=318066, tid=318069
#
# JRE version: OpenJDK Runtime Environment (17.0.7+7) (build 17.0.7+7-Ubuntu-0ubuntu122.04.2)
# Java VM: OpenJDK 64-Bit Server VM (17.0.7+7-Ubuntu-0ubuntu122.04.2, mixed mode, sharing, tiered, compressed oops, compressed class ptrs, g1 gc, linux-amd64)
# Problematic frame:
# C  [libmeos.so+0xa8979]  pg_next_dst_boundary+0x29
#
# Core dump will be written. Default location: Core dumps may be processed with "/usr/share/apport/apport -p%p -s%s -c%c -d%d -P%P -u%u -g%g -- %E" (or dumping to /home/nidhal/IdeaProjects/JMEOS/core.318066)
#
# If you would like to submit a bug report, please visit:
#   Unknown
# The crash happened outside the Java Virtual Machine in native code.
# See problematic frame for where to report the bug.
#

---------------  S U M M A R Y ------------

Command Line: -javaagent:/snap/intellij-idea-ultimate/430/lib/idea_rt.jar=41563:/snap/intellij-idea-ultimate/430/bin -Dfile.encoding=UTF-8 tutorials.hello_world

Host: Intel(R) Core(TM) i3-6100U CPU @ 2.30GHz, 4 cores, 7G, Ubuntu 22.04.2 LTS
Time: Mon May 29 21:55:15 2023 CEST elapsed time: 1.001094 seconds (0d 0h 0m 1s)

---------------  T H R E A D  ---------------

Current thread (0x00007f1978016800):  JavaThread "main" [_thread_in_native, id=318069, stack(0x00007f197f900000,0x00007f197fa00000)]

Stack: [0x00007f197f900000,0x00007f197fa00000],  sp=0x00007f197f9fdfa0,  free space=1015k
Native frames: (J=compiled Java code, j=interpreted, Vv=VM code, C=native code)
C  [libmeos.so+0xa8979]  pg_next_dst_boundary+0x29

Java frames: (J=compiled Java code, j=interpreted, Vv=VM code)
j  com.kenai.jffi.Foreign.invokeN1O1(JJJLjava/lang/Object;III)J+0
j  com.kenai.jffi.Invoker.invokeN1(Lcom/kenai/jffi/CallContext;JJILjava/lang/Object;Lcom/kenai/jffi/ObjectParameterStrategy;Lcom/kenai/jffi/ObjectParameterInfo;)J+57
j  tutorials.hello_world$MeosLibrary$jnr$ffi$0.tgeompoint_in(Ljava/lang/String;)Ljnr/ffi/Pointer;+75
j  tutorials.hello_world.main([Ljava/lang/String;)V+93
v  ~StubRoutines::call_stub

siginfo: si_signo: 11 (SIGSEGV), si_code: 1 (SEGV_MAPERR), si_addr: 0x0000000000000104

Register to memory mapping:

RAX=0x0 is NULL
RBX=0x0 is NULL
RCX=0x00007f197f9fe000 is pointing into the stack for thread: 0x00007f1978016800
RDX=0x00007f197f9fdff0 is pointing into the stack for thread: 0x00007f1978016800
RSP=0x00007f197f9fdfa0 is pointing into the stack for thread: 0x00007f1978016800
RBP=0x00000000386bf200 is an unknown value
RSI=0x00007f197f9fe008 is pointing into the stack for thread: 0x00007f1978016800
RDI=0x00007f197f9fdff8 is pointing into the stack for thread: 0x00007f1978016800
R8 =0x00007f197f9fe010 is pointing into the stack for thread: 0x00007f1978016800
R9 =0x00007f197f9fdff4 is pointing into the stack for thread: 0x00007f1978016800
R10=0x00007f197f9fdff0 is pointing into the stack for thread: 0x00007f1978016800
R11=0x00007f1923b24950: pg_next_dst_boundary+0x0000000000000000 in /usr/local/lib/libmeos.so at 0x00007f1923a7c000
R12=0x00007f197f9fe050 is pointing into the stack for thread: 0x00007f1978016800
R13=0x0 is NULL
R14=0x0 is NULL
R15=0x00007f197f9fe1c0 is pointing into the stack for thread: 0x00007f1978016800


Registers:
RAX=0x0000000000000000, RBX=0x0000000000000000, RCX=0x00007f197f9fe000, RDX=0x00007f197f9fdff0
RSP=0x00007f197f9fdfa0, RBP=0x00000000386bf200, RSI=0x00007f197f9fe008, RDI=0x00007f197f9fdff8
R8 =0x00007f197f9fe010, R9 =0x00007f197f9fdff4, R10=0x00007f197f9fdff0, R11=0x00007f1923b24950
R12=0x00007f197f9fe050, R13=0x0000000000000000, R14=0x0000000000000000, R15=0x00007f197f9fe1c0
RIP=0x00007f1923b24979, EFLAGS=0x0000000000010246, CSGSFS=0x002b000000000033, ERR=0x0000000000000004
  TRAPNO=0x000000000000000e

Top of Stack: (sp=0x00007f197f9fdfa0)
0x00007f197f9fdfa0:   00000000ffffffff 8fa35a97486c9500
0x00007f197f9fdfb0:   00007f1923a949c8 00007f197f9fe1c0
0x00007f197f9fdfc0:   00000000386d4380 00007f197f9fe050
0x00007f197f9fdfd0:   0000000000000000 00007f1923b2625c 

Instructions: (pc=0x00007f1923b24979)
0x00007f1923b24879:   00 00 00 00 0f 1f 00 f3 0f 1e fa 49 89 f8 48 8d
0x00007f1923b24889:   be 00 01 00 00 4c 89 c6 e9 ca fd ff ff 66 2e 0f
0x00007f1923b24899:   1f 84 00 00 00 00 00 f3 0f 1e fa 41 55 41 54 55
0x00007f1923b248a9:   48 89 fd 53 48 83 ec 08 48 8b 1d 68 89 0d 00 48
0x00007f1923b248b9:   85 db 74 2b 48 8b 7d 00 48 89 da 31 f6 48 81 c3
0x00007f1923b248c9:   68 56 00 00 e8 ce df ff ff 48 89 1d 97 89 0d 00
0x00007f1923b248d9:   48 83 c4 08 5b 5d 41 5c 41 5d c3 0f 1f 40 00 bf
0x00007f1923b248e9:   90 5b 00 00 e8 8e 66 f9 ff 48 89 05 27 89 0d 00
0x00007f1923b248f9:   49 89 c4 48 85 c0 74 d8 4c 8d 2d 38 5a 08 00 31
0x00007f1923b24909:   f6 b9 01 00 00 00 48 89 c2 4c 89 ef e8 56 72 f9
0x00007f1923b24919:   ff 85 c0 75 12 48 8b 1d fb 88 0d 00 eb 96 66 0f
0x00007f1923b24929:   1f 84 00 00 00 00 00 ba 01 00 00 00 4c 89 e6 4c
0x00007f1923b24939:   89 ef e8 60 70 f9 ff eb dc 66 66 2e 0f 1f 84 00
0x00007f1923b24949:   00 00 00 00 0f 1f 00 f3 0f 1e fa 41 55 49 89 d2
0x00007f1923b24959:   41 54 55 53 48 83 ec 18 48 8b 2f 64 48 8b 04 25
0x00007f1923b24969:   28 00 00 00 48 89 44 24 08 31 c0 48 8b 5c 24 40
0x00007f1923b24979:   44 8b 9b 04 01 00 00 45 85 db 0f 84 27 02 00 00
0x00007f1923b24989:   80 bb 10 01 00 00 00 49 89 cc 75 6b 41 8d 53 ff
0x00007f1923b24999:   80 bb 11 01 00 00 00 48 63 ca 48 8b 84 cb 18 01
0x00007f1923b249a9:   00 00 0f 84 ef 00 00 00 48 39 c5 0f 8e e6 00 00
0x00007f1923b249b9:   00 48 8b 8b 18 01 00 00 48 39 e9 7f 46 48 bf e7
0x00007f1923b249c9:   58 ef 44 46 ef 35 ae 48 89 ea 48 29 c2 48 83 ea
0x00007f1923b249d9:   01 48 89 d0 48 f7 e7 48 b8 80 59 60 f0 02 00 00
0x00007f1923b249e9:   00 48 c1 ea 21 4c 8d 6a 01 4c 0f af e8 48 89 e8
0x00007f1923b249f9:   4c 29 e8 eb 43 66 90 48 8b 8b 18 01 00 00 48 39
0x00007f1923b24a09:   e9 7e 89 48 bf e7 58 ef 44 46 ef 35 ae 48 89 ca
0x00007f1923b24a19:   48 29 ea 48 83 ea 01 48 89 d0 48 f7 e7 48 b8 80
0x00007f1923b24a29:   59 60 f0 02 00 00 00 48 c1 ea 21 4c 8d 6a 01 4c
0x00007f1923b24a39:   0f af e8 4a 8d 44 2d 00 48 89 04 24 48 39 c1 0f
0x00007f1923b24a49:   8f 12 02 00 00 41 8d 53 ff 41 bb ff ff ff ff 48
0x00007f1923b24a59:   63 d2 48 39 84 d3 18 01 00 00 0f 8c 83 01 00 00
0x00007f1923b24a69:   48 89 e7 48 83 ec 08 4c 89 d2 4c 89 e1 53 e8 d4 


Stack slot to memory mapping:
stack at sp + 0 slots: 0x00000000ffffffff points into unknown readable memory: 00
stack at sp + 1 slots: 0x8fa35a97486c9500 is an unknown value
stack at sp + 2 slots: 0x00007f1923a949c8: <offset 0x00000000000189c8> in /usr/local/lib/libmeos.so at 0x00007f1923a7c000
stack at sp + 3 slots: 0x00007f197f9fe1c0 is pointing into the stack for thread: 0x00007f1978016800
stack at sp + 4 slots: 0x00000000386d4380 is an unknown value
stack at sp + 5 slots: 0x00007f197f9fe050 is pointing into the stack for thread: 0x00007f1978016800
stack at sp + 6 slots: 0x0 is NULL
stack at sp + 7 slots: 0x00007f1923b2625c: <offset 0x00000000000aa25c> in /usr/local/lib/libmeos.so at 0x00007f1923a7c000


---------------  P R O C E S S  ---------------

Threads class SMR info:
_java_thread_list=0x00007f19782fbfb0, length=12, elements={
0x00007f1978016800, 0x00007f1978115880, 0x00007f1978116c60, 0x00007f197811c410,
0x00007f197811d7c0, 0x00007f197811ebd0, 0x00007f1978120580, 0x00007f1978121ab0,
0x00007f1978122f20, 0x00007f197812e200, 0x00007f19782f9960, 0x00007f19782fb0b0
}

Java Threads: ( => current thread )
=>0x00007f1978016800 JavaThread "main" [_thread_in_native, id=318069, stack(0x00007f197f900000,0x00007f197fa00000)]
  0x00007f1978115880 JavaThread "Reference Handler" daemon [_thread_blocked, id=318089, stack(0x00007f195cf80000,0x00007f195d080000)]
  0x00007f1978116c60 JavaThread "Finalizer" daemon [_thread_blocked, id=318090, stack(0x00007f195ce80000,0x00007f195cf80000)]
  0x00007f197811c410 JavaThread "Signal Dispatcher" daemon [_thread_blocked, id=318092, stack(0x00007f195c500000,0x00007f195c600000)]
  0x00007f197811d7c0 JavaThread "Service Thread" daemon [_thread_blocked, id=318093, stack(0x00007f195c400000,0x00007f195c500000)]
  0x00007f197811ebd0 JavaThread "Monitor Deflation Thread" daemon [_thread_blocked, id=318094, stack(0x00007f195c300000,0x00007f195c400000)]
  0x00007f1978120580 JavaThread "C2 CompilerThread0" daemon [_thread_blocked, id=318095, stack(0x00007f195c200000,0x00007f195c300000)]
  0x00007f1978121ab0 JavaThread "C1 CompilerThread0" daemon [_thread_blocked, id=318096, stack(0x00007f195c100000,0x00007f195c200000)]
  0x00007f1978122f20 JavaThread "Sweeper thread" daemon [_thread_blocked, id=318097, stack(0x00007f195c000000,0x00007f195c100000)]
  0x00007f197812e200 JavaThread "Common-Cleaner" daemon [_thread_blocked, id=318101, stack(0x00007f1923f00000,0x00007f1924000000)]
  0x00007f19782f9960 JavaThread "Monitor Ctrl-Break" daemon [_thread_in_native, id=318104, stack(0x00007f1923e00000,0x00007f1923f00000)]
  0x00007f19782fb0b0 JavaThread "Notification Thread" daemon [_thread_blocked, id=318105, stack(0x00007f1923d00000,0x00007f1923e00000)]

Other Threads:
  0x00007f19781117d0 VMThread "VM Thread" [stack: 0x00007f195d082000,0x00007f195d182000] [id=318083]
  0x00007f1978019310 WatcherThread [stack: 0x00007f1923c00000,0x00007f1923d00000] [id=318106]
  0x00007f197806fee0 GCTaskThread "GC Thread#0" [stack: 0x00007f197c4ff000,0x00007f197c5ff000] [id=318072]
  0x00007f193c0051a0 GCTaskThread "GC Thread#1" [stack: 0x00007f1921dfe000,0x00007f1921efe000] [id=318108]
  0x00007f193c005c20 GCTaskThread "GC Thread#2" [stack: 0x00007f1921cfc000,0x00007f1921dfc000] [id=318109]
  0x00007f193c00bc70 GCTaskThread "GC Thread#3" [stack: 0x00007f1921bfa000,0x00007f1921cfa000] [id=318110]
  0x00007f1978080a00 ConcurrentGCThread "G1 Main Marker" [stack: 0x00007f197c3fd000,0x00007f197c4fd000] [id=318073]
  0x00007f1978081960 ConcurrentGCThread "G1 Conc#0" [stack: 0x00007f197c2fb000,0x00007f197c3fb000] [id=318075]
  0x00007f19780e6050 ConcurrentGCThread "G1 Refine#0" [stack: 0x00007f195d357000,0x00007f195d457000] [id=318078]
  0x00007f19780e6f40 ConcurrentGCThread "G1 Service" [stack: 0x00007f195d255000,0x00007f195d355000] [id=318079]

Threads with active compile tasks:

VM state: not at safepoint (normal execution)

VM Mutex/Monitor currently owned by a thread: None

Heap address: 0x0000000085600000, size: 1962 MB, Compressed Oops mode: 32-bit

CDS archive(s) mapped at: [0x0000000800000000-0x0000000800be2000-0x0000000800be2000), size 12460032, SharedBaseAddress: 0x0000000800000000, ArchiveRelocationMode: 0.
Compressed class space mapped at: 0x0000000801000000-0x0000000841000000, reserved size: 1073741824
Narrow klass base: 0x0000000800000000, Narrow klass shift: 0, Narrow klass range: 0x100000000

GC Precious Log:
 CPUs: 4 total, 4 available
 Memory: 7840M
 Large Page Support: Disabled
 NUMA Support: Disabled
 Compressed Oops: Enabled (32-bit)
 Heap Region Size: 1M
 Heap Min Capacity: 8M
 Heap Initial Capacity: 124M
 Heap Max Capacity: 1962M
 Pre-touch: Disabled
 Parallel Workers: 4
 Concurrent Workers: 1
 Concurrent Refinement Workers: 4
 Periodic GC: Disabled

Heap:
 garbage-first heap   total 129024K, used 4820K [0x0000000085600000, 0x0000000100000000)
  region size 1024K, 3 young (3072K), 2 survivors (2048K)
 Metaspace       used 4995K, committed 5120K, reserved 1114112K
  class space    used 493K, committed 512K, reserved 1048576K

Heap Regions: E=young(eden), S=young(survivor), O=old, HS=humongous(starts), HC=humongous(continues), CS=collection set, F=free, OA=open archive, CA=closed archive, TAMS=top-at-mark-start (previous, next)
|   0|0x0000000085600000, 0x0000000085700000, 0x0000000085700000|100%|HS|  |TAMS 0x0000000085600000, 0x0000000085600000| Complete 
|   1|0x0000000085700000, 0x00000000857bd200, 0x0000000085800000| 73%| O|  |TAMS 0x0000000085700000, 0x0000000085700000| Untracked 
|   2|0x0000000085800000, 0x0000000085800000, 0x0000000085900000|  0%| F|  |TAMS 0x0000000085800000, 0x0000000085800000| Untracked 
|   3|0x0000000085900000, 0x0000000085900000, 0x0000000085a00000|  0%| F|  |TAMS 0x0000000085900000, 0x0000000085900000| Untracked 
|   4|0x0000000085a00000, 0x0000000085a00000, 0x0000000085b00000|  0%| F|  |TAMS 0x0000000085a00000, 0x0000000085a00000| Untracked 
|   5|0x0000000085b00000, 0x0000000085b00000, 0x0000000085c00000|  0%| F|  |TAMS 0x0000000085b00000, 0x0000000085b00000| Untracked 
|   6|0x0000000085c00000, 0x0000000085c00000, 0x0000000085d00000|  0%| F|  |TAMS 0x0000000085c00000, 0x0000000085c00000| Untracked 
|   7|0x0000000085d00000, 0x0000000085d00000, 0x0000000085e00000|  0%| F|  |TAMS 0x0000000085d00000, 0x0000000085d00000| Untracked 
|   8|0x0000000085e00000, 0x0000000085e00000, 0x0000000085f00000|  0%| F|  |TAMS 0x0000000085e00000, 0x0000000085e00000| Untracked 
|   9|0x0000000085f00000, 0x0000000085f00000, 0x0000000086000000|  0%| F|  |TAMS 0x0000000085f00000, 0x0000000085f00000| Untracked 
|  10|0x0000000086000000, 0x0000000086000000, 0x0000000086100000|  0%| F|  |TAMS 0x0000000086000000, 0x0000000086000000| Untracked 
|  11|0x0000000086100000, 0x0000000086100000, 0x0000000086200000|  0%| F|  |TAMS 0x0000000086100000, 0x0000000086100000| Untracked 
|  12|0x0000000086200000, 0x0000000086200000, 0x0000000086300000|  0%| F|  |TAMS 0x0000000086200000, 0x0000000086200000| Untracked 
|  13|0x0000000086300000, 0x0000000086300000, 0x0000000086400000|  0%| F|  |TAMS 0x0000000086300000, 0x0000000086300000| Untracked 
|  14|0x0000000086400000, 0x0000000086400000, 0x0000000086500000|  0%| F|  |TAMS 0x0000000086400000, 0x0000000086400000| Untracked 
|  15|0x0000000086500000, 0x0000000086500000, 0x0000000086600000|  0%| F|  |TAMS 0x0000000086500000, 0x0000000086500000| Untracked 
|  16|0x0000000086600000, 0x0000000086600000, 0x0000000086700000|  0%| F|  |TAMS 0x0000000086600000, 0x0000000086600000| Untracked 
|  17|0x0000000086700000, 0x0000000086700000, 0x0000000086800000|  0%| F|  |TAMS 0x0000000086700000, 0x0000000086700000| Untracked 
|  18|0x0000000086800000, 0x0000000086800000, 0x0000000086900000|  0%| F|  |TAMS 0x0000000086800000, 0x0000000086800000| Untracked 
|  19|0x0000000086900000, 0x0000000086900000, 0x0000000086a00000|  0%| F|  |TAMS 0x0000000086900000, 0x0000000086900000| Untracked 
|  20|0x0000000086a00000, 0x0000000086a00000, 0x0000000086b00000|  0%| F|  |TAMS 0x0000000086a00000, 0x0000000086a00000| Untracked 
|  21|0x0000000086b00000, 0x0000000086b00000, 0x0000000086c00000|  0%| F|  |TAMS 0x0000000086b00000, 0x0000000086b00000| Untracked 
|  22|0x0000000086c00000, 0x0000000086c00000, 0x0000000086d00000|  0%| F|  |TAMS 0x0000000086c00000, 0x0000000086c00000| Untracked 
|  23|0x0000000086d00000, 0x0000000086d00000, 0x0000000086e00000|  0%| F|  |TAMS 0x0000000086d00000, 0x0000000086d00000| Untracked 
|  24|0x0000000086e00000, 0x0000000086e00000, 0x0000000086f00000|  0%| F|  |TAMS 0x0000000086e00000, 0x0000000086e00000| Untracked 
|  25|0x0000000086f00000, 0x0000000086f00000, 0x0000000087000000|  0%| F|  |TAMS 0x0000000086f00000, 0x0000000086f00000| Untracked 
|  26|0x0000000087000000, 0x0000000087000000, 0x0000000087100000|  0%| F|  |TAMS 0x0000000087000000, 0x0000000087000000| Untracked 
|  27|0x0000000087100000, 0x0000000087100000, 0x0000000087200000|  0%| F|  |TAMS 0x0000000087100000, 0x0000000087100000| Untracked 
|  28|0x0000000087200000, 0x0000000087200000, 0x0000000087300000|  0%| F|  |TAMS 0x0000000087200000, 0x0000000087200000| Untracked 
|  29|0x0000000087300000, 0x0000000087300000, 0x0000000087400000|  0%| F|  |TAMS 0x0000000087300000, 0x0000000087300000| Untracked 
|  30|0x0000000087400000, 0x0000000087400000, 0x0000000087500000|  0%| F|  |TAMS 0x0000000087400000, 0x0000000087400000| Untracked 
|  31|0x0000000087500000, 0x0000000087500000, 0x0000000087600000|  0%| F|  |TAMS 0x0000000087500000, 0x0000000087500000| Untracked 
|  32|0x0000000087600000, 0x0000000087600000, 0x0000000087700000|  0%| F|  |TAMS 0x0000000087600000, 0x0000000087600000| Untracked 
|  33|0x0000000087700000, 0x0000000087700000, 0x0000000087800000|  0%| F|  |TAMS 0x0000000087700000, 0x0000000087700000| Untracked 
|  34|0x0000000087800000, 0x0000000087800000, 0x0000000087900000|  0%| F|  |TAMS 0x0000000087800000, 0x0000000087800000| Untracked 
|  35|0x0000000087900000, 0x0000000087900000, 0x0000000087a00000|  0%| F|  |TAMS 0x0000000087900000, 0x0000000087900000| Untracked 
|  36|0x0000000087a00000, 0x0000000087a00000, 0x0000000087b00000|  0%| F|  |TAMS 0x0000000087a00000, 0x0000000087a00000| Untracked 
|  37|0x0000000087b00000, 0x0000000087b00000, 0x0000000087c00000|  0%| F|  |TAMS 0x0000000087b00000, 0x0000000087b00000| Untracked 
|  38|0x0000000087c00000, 0x0000000087c00000, 0x0000000087d00000|  0%| F|  |TAMS 0x0000000087c00000, 0x0000000087c00000| Untracked 
|  39|0x0000000087d00000, 0x0000000087d00000, 0x0000000087e00000|  0%| F|  |TAMS 0x0000000087d00000, 0x0000000087d00000| Untracked 
|  40|0x0000000087e00000, 0x0000000087e00000, 0x0000000087f00000|  0%| F|  |TAMS 0x0000000087e00000, 0x0000000087e00000| Untracked 
|  41|0x0000000087f00000, 0x0000000087f00000, 0x0000000088000000|  0%| F|  |TAMS 0x0000000087f00000, 0x0000000087f00000| Untracked 
|  42|0x0000000088000000, 0x0000000088000000, 0x0000000088100000|  0%| F|  |TAMS 0x0000000088000000, 0x0000000088000000| Untracked 
|  43|0x0000000088100000, 0x0000000088100000, 0x0000000088200000|  0%| F|  |TAMS 0x0000000088100000, 0x0000000088100000| Untracked 
|  44|0x0000000088200000, 0x0000000088200000, 0x0000000088300000|  0%| F|  |TAMS 0x0000000088200000, 0x0000000088200000| Untracked 
|  45|0x0000000088300000, 0x0000000088300000, 0x0000000088400000|  0%| F|  |TAMS 0x0000000088300000, 0x0000000088300000| Untracked 
|  46|0x0000000088400000, 0x0000000088400000, 0x0000000088500000|  0%| F|  |TAMS 0x0000000088400000, 0x0000000088400000| Untracked 
|  47|0x0000000088500000, 0x0000000088500000, 0x0000000088600000|  0%| F|  |TAMS 0x0000000088500000, 0x0000000088500000| Untracked 
|  48|0x0000000088600000, 0x0000000088600000, 0x0000000088700000|  0%| F|  |TAMS 0x0000000088600000, 0x0000000088600000| Untracked 
|  49|0x0000000088700000, 0x0000000088700000, 0x0000000088800000|  0%| F|  |TAMS 0x0000000088700000, 0x0000000088700000| Untracked 
|  50|0x0000000088800000, 0x0000000088800000, 0x0000000088900000|  0%| F|  |TAMS 0x0000000088800000, 0x0000000088800000| Untracked 
|  51|0x0000000088900000, 0x0000000088900000, 0x0000000088a00000|  0%| F|  |TAMS 0x0000000088900000, 0x0000000088900000| Untracked 
|  52|0x0000000088a00000, 0x0000000088a00000, 0x0000000088b00000|  0%| F|  |TAMS 0x0000000088a00000, 0x0000000088a00000| Untracked 
|  53|0x0000000088b00000, 0x0000000088b00000, 0x0000000088c00000|  0%| F|  |TAMS 0x0000000088b00000, 0x0000000088b00000| Untracked 
|  54|0x0000000088c00000, 0x0000000088c00000, 0x0000000088d00000|  0%| F|  |TAMS 0x0000000088c00000, 0x0000000088c00000| Untracked 
|  55|0x0000000088d00000, 0x0000000088d00000, 0x0000000088e00000|  0%| F|  |TAMS 0x0000000088d00000, 0x0000000088d00000| Untracked 
|  56|0x0000000088e00000, 0x0000000088e00000, 0x0000000088f00000|  0%| F|  |TAMS 0x0000000088e00000, 0x0000000088e00000| Untracked 
|  57|0x0000000088f00000, 0x0000000088f00000, 0x0000000089000000|  0%| F|  |TAMS 0x0000000088f00000, 0x0000000088f00000| Untracked 
|  58|0x0000000089000000, 0x0000000089000000, 0x0000000089100000|  0%| F|  |TAMS 0x0000000089000000, 0x0000000089000000| Untracked 
|  59|0x0000000089100000, 0x0000000089100000, 0x0000000089200000|  0%| F|  |TAMS 0x0000000089100000, 0x0000000089100000| Untracked 
|  60|0x0000000089200000, 0x0000000089200000, 0x0000000089300000|  0%| F|  |TAMS 0x0000000089200000, 0x0000000089200000| Untracked 
|  61|0x0000000089300000, 0x0000000089300000, 0x0000000089400000|  0%| F|  |TAMS 0x0000000089300000, 0x0000000089300000| Untracked 
|  62|0x0000000089400000, 0x0000000089400000, 0x0000000089500000|  0%| F|  |TAMS 0x0000000089400000, 0x0000000089400000| Untracked 
|  63|0x0000000089500000, 0x0000000089500000, 0x0000000089600000|  0%| F|  |TAMS 0x0000000089500000, 0x0000000089500000| Untracked 
|  64|0x0000000089600000, 0x0000000089600000, 0x0000000089700000|  0%| F|  |TAMS 0x0000000089600000, 0x0000000089600000| Untracked 
|  65|0x0000000089700000, 0x0000000089700000, 0x0000000089800000|  0%| F|  |TAMS 0x0000000089700000, 0x0000000089700000| Untracked 
|  66|0x0000000089800000, 0x0000000089800000, 0x0000000089900000|  0%| F|  |TAMS 0x0000000089800000, 0x0000000089800000| Untracked 
|  67|0x0000000089900000, 0x0000000089900000, 0x0000000089a00000|  0%| F|  |TAMS 0x0000000089900000, 0x0000000089900000| Untracked 
|  68|0x0000000089a00000, 0x0000000089a00000, 0x0000000089b00000|  0%| F|  |TAMS 0x0000000089a00000, 0x0000000089a00000| Untracked 
|  69|0x0000000089b00000, 0x0000000089b00000, 0x0000000089c00000|  0%| F|  |TAMS 0x0000000089b00000, 0x0000000089b00000| Untracked 
|  70|0x0000000089c00000, 0x0000000089c00000, 0x0000000089d00000|  0%| F|  |TAMS 0x0000000089c00000, 0x0000000089c00000| Untracked 
|  71|0x0000000089d00000, 0x0000000089d00000, 0x0000000089e00000|  0%| F|  |TAMS 0x0000000089d00000, 0x0000000089d00000| Untracked 
|  72|0x0000000089e00000, 0x0000000089e00000, 0x0000000089f00000|  0%| F|  |TAMS 0x0000000089e00000, 0x0000000089e00000| Untracked 
|  73|0x0000000089f00000, 0x0000000089f00000, 0x000000008a000000|  0%| F|  |TAMS 0x0000000089f00000, 0x0000000089f00000| Untracked 
|  74|0x000000008a000000, 0x000000008a000000, 0x000000008a100000|  0%| F|  |TAMS 0x000000008a000000, 0x000000008a000000| Untracked 
|  75|0x000000008a100000, 0x000000008a100000, 0x000000008a200000|  0%| F|  |TAMS 0x000000008a100000, 0x000000008a100000| Untracked 
|  76|0x000000008a200000, 0x000000008a200000, 0x000000008a300000|  0%| F|  |TAMS 0x000000008a200000, 0x000000008a200000| Untracked 
|  77|0x000000008a300000, 0x000000008a300000, 0x000000008a400000|  0%| F|  |TAMS 0x000000008a300000, 0x000000008a300000| Untracked 
|  78|0x000000008a400000, 0x000000008a400000, 0x000000008a500000|  0%| F|  |TAMS 0x000000008a400000, 0x000000008a400000| Untracked 
|  79|0x000000008a500000, 0x000000008a500000, 0x000000008a600000|  0%| F|  |TAMS 0x000000008a500000, 0x000000008a500000| Untracked 
|  80|0x000000008a600000, 0x000000008a600000, 0x000000008a700000|  0%| F|  |TAMS 0x000000008a600000, 0x000000008a600000| Untracked 
|  81|0x000000008a700000, 0x000000008a700000, 0x000000008a800000|  0%| F|  |TAMS 0x000000008a700000, 0x000000008a700000| Untracked 
|  82|0x000000008a800000, 0x000000008a800000, 0x000000008a900000|  0%| F|  |TAMS 0x000000008a800000, 0x000000008a800000| Untracked 
|  83|0x000000008a900000, 0x000000008a900000, 0x000000008aa00000|  0%| F|  |TAMS 0x000000008a900000, 0x000000008a900000| Untracked 
|  84|0x000000008aa00000, 0x000000008aa00000, 0x000000008ab00000|  0%| F|  |TAMS 0x000000008aa00000, 0x000000008aa00000| Untracked 
|  85|0x000000008ab00000, 0x000000008ab00000, 0x000000008ac00000|  0%| F|  |TAMS 0x000000008ab00000, 0x000000008ab00000| Untracked 
|  86|0x000000008ac00000, 0x000000008ac00000, 0x000000008ad00000|  0%| F|  |TAMS 0x000000008ac00000, 0x000000008ac00000| Untracked 
|  87|0x000000008ad00000, 0x000000008ad00000, 0x000000008ae00000|  0%| F|  |TAMS 0x000000008ad00000, 0x000000008ad00000| Untracked 
|  88|0x000000008ae00000, 0x000000008ae00000, 0x000000008af00000|  0%| F|  |TAMS 0x000000008ae00000, 0x000000008ae00000| Untracked 
|  89|0x000000008af00000, 0x000000008af00000, 0x000000008b000000|  0%| F|  |TAMS 0x000000008af00000, 0x000000008af00000| Untracked 
|  90|0x000000008b000000, 0x000000008b000000, 0x000000008b100000|  0%| F|  |TAMS 0x000000008b000000, 0x000000008b000000| Untracked 
|  91|0x000000008b100000, 0x000000008b100000, 0x000000008b200000|  0%| F|  |TAMS 0x000000008b100000, 0x000000008b100000| Untracked 
|  92|0x000000008b200000, 0x000000008b200000, 0x000000008b300000|  0%| F|  |TAMS 0x000000008b200000, 0x000000008b200000| Untracked 
|  93|0x000000008b300000, 0x000000008b300000, 0x000000008b400000|  0%| F|  |TAMS 0x000000008b300000, 0x000000008b300000| Untracked 
|  94|0x000000008b400000, 0x000000008b400000, 0x000000008b500000|  0%| F|  |TAMS 0x000000008b400000, 0x000000008b400000| Untracked 
|  95|0x000000008b500000, 0x000000008b500000, 0x000000008b600000|  0%| F|  |TAMS 0x000000008b500000, 0x000000008b500000| Untracked 
|  96|0x000000008b600000, 0x000000008b600000, 0x000000008b700000|  0%| F|  |TAMS 0x000000008b600000, 0x000000008b600000| Untracked 
|  97|0x000000008b700000, 0x000000008b700000, 0x000000008b800000|  0%| F|  |TAMS 0x000000008b700000, 0x000000008b700000| Untracked 
|  98|0x000000008b800000, 0x000000008b800000, 0x000000008b900000|  0%| F|  |TAMS 0x000000008b800000, 0x000000008b800000| Untracked 
|  99|0x000000008b900000, 0x000000008b900000, 0x000000008ba00000|  0%| F|  |TAMS 0x000000008b900000, 0x000000008b900000| Untracked 
| 100|0x000000008ba00000, 0x000000008ba00000, 0x000000008bb00000|  0%| F|  |TAMS 0x000000008ba00000, 0x000000008ba00000| Untracked 
| 101|0x000000008bb00000, 0x000000008bb00000, 0x000000008bc00000|  0%| F|  |TAMS 0x000000008bb00000, 0x000000008bb00000| Untracked 
| 102|0x000000008bc00000, 0x000000008bc00000, 0x000000008bd00000|  0%| F|  |TAMS 0x000000008bc00000, 0x000000008bc00000| Untracked 
| 103|0x000000008bd00000, 0x000000008bd00000, 0x000000008be00000|  0%| F|  |TAMS 0x000000008bd00000, 0x000000008bd00000| Untracked 
| 104|0x000000008be00000, 0x000000008be00000, 0x000000008bf00000|  0%| F|  |TAMS 0x000000008be00000, 0x000000008be00000| Untracked 
| 105|0x000000008bf00000, 0x000000008bf00000, 0x000000008c000000|  0%| F|  |TAMS 0x000000008bf00000, 0x000000008bf00000| Untracked 
| 106|0x000000008c000000, 0x000000008c000000, 0x000000008c100000|  0%| F|  |TAMS 0x000000008c000000, 0x000000008c000000| Untracked 
| 107|0x000000008c100000, 0x000000008c100000, 0x000000008c200000|  0%| F|  |TAMS 0x000000008c100000, 0x000000008c100000| Untracked 
| 108|0x000000008c200000, 0x000000008c200000, 0x000000008c300000|  0%| F|  |TAMS 0x000000008c200000, 0x000000008c200000| Untracked 
| 109|0x000000008c300000, 0x000000008c400000, 0x000000008c400000|100%| S|CS|TAMS 0x000000008c300000, 0x000000008c300000| Complete 
| 110|0x000000008c400000, 0x000000008c500000, 0x000000008c500000|100%| S|CS|TAMS 0x000000008c400000, 0x000000008c400000| Complete 
| 111|0x000000008c500000, 0x000000008c500000, 0x000000008c600000|  0%| F|  |TAMS 0x000000008c500000, 0x000000008c500000| Untracked 
| 112|0x000000008c600000, 0x000000008c600000, 0x000000008c700000|  0%| F|  |TAMS 0x000000008c600000, 0x000000008c600000| Untracked 
| 113|0x000000008c700000, 0x000000008c700000, 0x000000008c800000|  0%| F|  |TAMS 0x000000008c700000, 0x000000008c700000| Untracked 
| 114|0x000000008c800000, 0x000000008c800000, 0x000000008c900000|  0%| F|  |TAMS 0x000000008c800000, 0x000000008c800000| Untracked 
| 115|0x000000008c900000, 0x000000008c900000, 0x000000008ca00000|  0%| F|  |TAMS 0x000000008c900000, 0x000000008c900000| Untracked 
| 116|0x000000008ca00000, 0x000000008ca00000, 0x000000008cb00000|  0%| F|  |TAMS 0x000000008ca00000, 0x000000008ca00000| Untracked 
| 117|0x000000008cb00000, 0x000000008cb00000, 0x000000008cc00000|  0%| F|  |TAMS 0x000000008cb00000, 0x000000008cb00000| Untracked 
| 118|0x000000008cc00000, 0x000000008cc00000, 0x000000008cd00000|  0%| F|  |TAMS 0x000000008cc00000, 0x000000008cc00000| Untracked 
| 119|0x000000008cd00000, 0x000000008cd00000, 0x000000008ce00000|  0%| F|  |TAMS 0x000000008cd00000, 0x000000008cd00000| Untracked 
| 120|0x000000008ce00000, 0x000000008ce00000, 0x000000008cf00000|  0%| F|  |TAMS 0x000000008ce00000, 0x000000008ce00000| Untracked 
| 121|0x000000008cf00000, 0x000000008cf00000, 0x000000008d000000|  0%| F|  |TAMS 0x000000008cf00000, 0x000000008cf00000| Untracked 
| 122|0x000000008d000000, 0x000000008d000000, 0x000000008d100000|  0%| F|  |TAMS 0x000000008d000000, 0x000000008d000000| Untracked 
| 123|0x000000008d100000, 0x000000008d15ce70, 0x000000008d200000| 36%| E|  |TAMS 0x000000008d100000, 0x000000008d100000| Complete 
|1960|0x00000000ffe00000, 0x00000000ffe76000, 0x00000000fff00000| 46%|OA|  |TAMS 0x00000000ffe00000, 0x00000000ffe00000| Untracked 
|1961|0x00000000fff00000, 0x00000000fff82000, 0x0000000100000000| 50%|CA|  |TAMS 0x00000000fff00000, 0x00000000fff00000| Untracked 

Card table byte_map: [0x00007f197e87c000,0x00007f197ec51000] _byte_map_base: 0x00007f197e451000

Marking Bits (Prev, Next): (CMBitMap*) 0x00007f1978070960, (CMBitMap*) 0x00007f19780709a0
 Prev Bits: [0x00007f197c5ff000, 0x00007f197e4a7000)
 Next Bits: [0x00007f195f558000, 0x00007f1961400000)

Polling page: 0x00007f19811a4000

Metaspace:

Usage:
  Non-class:      4,40 MB used.
      Class:    493,43 KB used.
       Both:      4,88 MB used.

Virtual space:
  Non-class space:       64,00 MB reserved,       4,50 MB (  7%) committed,  1 nodes.
      Class space:        1,00 GB reserved,     512,00 KB ( <1%) committed,  1 nodes.
             Both:        1,06 GB reserved,       5,00 MB ( <1%) committed. 

Chunk freelists:
   Non-Class:  9,92 MB
       Class:  15,50 MB
        Both:  25,42 MB

MaxMetaspaceSize: unlimited
CompressedClassSpaceSize: 1,00 GB
Initial GC threshold: 21,00 MB
Current GC threshold: 21,00 MB
CDS: on
MetaspaceReclaimPolicy: balanced
 - commit_granule_bytes: 65536.
 - commit_granule_words: 8192.
 - virtual_space_node_default_size: 8388608.
 - enlarge_chunks_in_place: 1.
 - new_chunks_are_fully_committed: 0.
 - uncommit_free_chunks: 1.
 - use_allocation_guard: 0.
 - handle_deallocations: 1.


Internal statistics:

num_allocs_failed_limit: 0.
num_arena_births: 18.
num_arena_deaths: 0.
num_vsnodes_births: 2.
num_vsnodes_deaths: 0.
num_space_committed: 80.
num_space_uncommitted: 0.
num_chunks_returned_to_freelist: 0.
num_chunks_taken_from_freelist: 118.
num_chunk_merges: 0.
num_chunk_splits: 85.
num_chunks_enlarged: 68.
num_inconsistent_stats: 0.

CodeHeap 'non-profiled nmethods': size=120032Kb used=221Kb max_used=221Kb free=119810Kb
 bounds [0x00007f1968ec8000, 0x00007f1969138000, 0x00007f1970400000]
CodeHeap 'profiled nmethods': size=120028Kb used=1281Kb max_used=1281Kb free=118746Kb
 bounds [0x00007f1961400000, 0x00007f1961670000, 0x00007f1968937000]
CodeHeap 'non-nmethods': size=5700Kb used=1242Kb max_used=1258Kb free=4457Kb
 bounds [0x00007f1968937000, 0x00007f1968ba7000, 0x00007f1968ec8000]
 total_blobs=1289 nmethods=736 adapters=467
 compilation: enabled
              stopped_count=0, restarted_count=0
 full_count=0

Compilation events (20 events):
Event: 0,969 Thread 0x00007f1978120580  724       4       java.lang.String::substring (58 bytes)
Event: 0,977 Thread 0x00007f1978120580 nmethod 724 0x00007f1968efe190 code [0x00007f1968efe340, 0x00007f1968efe898]
Event: 0,979 Thread 0x00007f1978121ab0  728       3       java.util.Arrays::equals (57 bytes)
Event: 0,979 Thread 0x00007f1978121ab0 nmethod 728 0x00007f196153e010 code [0x00007f196153e200, 0x00007f196153e7c0]
Event: 0,979 Thread 0x00007f1978121ab0  729       3       java.util.regex.Pattern::isSupplementary (21 bytes)
Event: 0,980 Thread 0x00007f1978121ab0 nmethod 729 0x00007f196153e990 code [0x00007f196153eb40, 0x00007f196153edb0]
Event: 0,980 Thread 0x00007f1978121ab0  730       3       java.lang.Character::isSurrogate (18 bytes)
Event: 0,980 Thread 0x00007f1978121ab0 nmethod 730 0x00007f196153ee90 code [0x00007f196153f020, 0x00007f196153f1b0]
Event: 0,980 Thread 0x00007f1978121ab0  726       3       java.util.ArrayList::<init> (12 bytes)
Event: 0,980 Thread 0x00007f1978121ab0 nmethod 726 0x00007f196153f210 code [0x00007f196153f3c0, 0x00007f196153f650]
Event: 0,980 Thread 0x00007f1978121ab0  731       1       java.lang.invoke.MethodHandles$Lookup::previousLookupClass (5 bytes)
Event: 0,980 Thread 0x00007f1978121ab0 nmethod 731 0x00007f1968efee90 code [0x00007f1968eff020, 0x00007f1968eff0f0]
Event: 0,980 Thread 0x00007f1978121ab0  733       3       java.lang.invoke.LambdaForm::forceInterpretation (14 bytes)
Event: 0,981 Thread 0x00007f1978121ab0 nmethod 733 0x00007f196153f790 code [0x00007f196153f920, 0x00007f196153fa90]
Event: 0,981 Thread 0x00007f1978121ab0  734       3       java.util.HashMap::hash (20 bytes)
Event: 0,981 Thread 0x00007f1978121ab0 nmethod 734 0x00007f196153fb10 code [0x00007f196153fcc0, 0x00007f196153fec0]
Event: 0,983 Thread 0x00007f1978120580  735       4       sun.net.www.ParseUtil::firstEncodeIndex (86 bytes)
Event: 0,999 Thread 0x00007f1978120580 nmethod 735 0x00007f1968eff190 code [0x00007f1968eff320, 0x00007f1968eff548]
Event: 0,999 Thread 0x00007f1978121ab0  736       3       java.util.concurrent.ConcurrentHashMap$Node::<init> (14 bytes)
Event: 0,999 Thread 0x00007f1978121ab0 nmethod 736 0x00007f196153ff90 code [0x00007f1961540140, 0x00007f1961540430]

GC Heap History (2 events):
Event: 0,987 GC heap before
{Heap before GC invocations=0 (full 0):
 garbage-first heap   total 129024K, used 15328K [0x0000000085600000, 0x0000000100000000)
  region size 1024K, 13 young (13312K), 0 survivors (0K)
 Metaspace       used 4987K, committed 5120K, reserved 1114112K
  class space    used 492K, committed 512K, reserved 1048576K
}
Event: 0,998 GC heap after
{Heap after GC invocations=1 (full 0):
 garbage-first heap   total 129024K, used 4820K [0x0000000085600000, 0x0000000100000000)
  region size 1024K, 2 young (2048K), 2 survivors (2048K)
 Metaspace       used 4987K, committed 5120K, reserved 1114112K
  class space    used 492K, committed 512K, reserved 1048576K
}

Dll operation events (11 events):
Event: 0,007 Loaded shared library /usr/lib/jvm/java-17-openjdk-amd64/lib/libjava.so
Event: 0,032 Loaded shared library /usr/lib/jvm/java-17-openjdk-amd64/lib/libjsvml.so
Event: 0,226 Loaded shared library /usr/lib/jvm/java-17-openjdk-amd64/lib/libzip.so
Event: 0,229 Loaded shared library /usr/lib/jvm/java-17-openjdk-amd64/lib/libinstrument.so
Event: 0,240 Loaded shared library /usr/lib/jvm/java-17-openjdk-amd64/lib/libnio.so
Event: 0,250 Loaded shared library /usr/lib/jvm/java-17-openjdk-amd64/lib/libzip.so
Event: 0,341 Loaded shared library /usr/lib/jvm/java-17-openjdk-amd64/lib/libnet.so
Event: 0,345 Loaded shared library /usr/lib/jvm/java-17-openjdk-amd64/lib/libjimage.so
Event: 0,365 Loaded shared library /usr/lib/jvm/java-17-openjdk-amd64/lib/libextnet.so
Event: 0,495 Loaded shared library /tmp/jffi2253640557741501391.so
Event: 0,554 Loaded shared library /usr/lib/jvm/java-17-openjdk-amd64/lib/libverify.so

Deoptimization events (20 events):
Event: 0,419 Thread 0x00007f1978016800 Uncommon trap: trap_request=0xffffff45 fr.pc=0x00007f1968ed9a18 relative=0x0000000000000078
Event: 0,419 Thread 0x00007f1978016800 Uncommon trap: reason=unstable_if action=reinterpret pc=0x00007f1968ed9a18 method=java.lang.String.isLatin1()Z @ 10 c2
Event: 0,419 Thread 0x00007f1978016800 DEOPT PACKING pc=0x00007f1968ed9a18 sp=0x00007f197f9fa700
Event: 0,419 Thread 0x00007f1978016800 DEOPT UNPACKING pc=0x00007f196898d699 sp=0x00007f197f9fa660 mode 2
Event: 0,421 Thread 0x00007f1978016800 Uncommon trap: trap_request=0xffffff45 fr.pc=0x00007f1968ed96fc relative=0x000000000000005c
Event: 0,421 Thread 0x00007f1978016800 Uncommon trap: reason=unstable_if action=reinterpret pc=0x00007f1968ed96fc method=java.lang.String.isLatin1()Z @ 10 c2
Event: 0,421 Thread 0x00007f1978016800 DEOPT PACKING pc=0x00007f1968ed96fc sp=0x00007f197f9fa650
Event: 0,421 Thread 0x00007f1978016800 DEOPT UNPACKING pc=0x00007f196898d699 sp=0x00007f197f9fa600 mode 2
Event: 0,473 Thread 0x00007f1978016800 Uncommon trap: trap_request=0xffffff45 fr.pc=0x00007f1968ed44ac relative=0x00000000000008ac
Event: 0,473 Thread 0x00007f1978016800 Uncommon trap: reason=unstable_if action=reinterpret pc=0x00007f1968ed44ac method=java.util.HashMap.putVal(ILjava/lang/Object;Ljava/lang/Object;ZZ)Ljava/lang/Object; @ 181 c2
Event: 0,473 Thread 0x00007f1978016800 DEOPT PACKING pc=0x00007f1968ed44ac sp=0x00007f197f9f9da0
Event: 0,473 Thread 0x00007f1978016800 DEOPT UNPACKING pc=0x00007f196898d699 sp=0x00007f197f9f9d40 mode 2
Event: 0,971 Thread 0x00007f1978016800 Uncommon trap: trap_request=0xffffff45 fr.pc=0x00007f1968ef7fd4 relative=0x0000000000001594
Event: 0,971 Thread 0x00007f1978016800 Uncommon trap: reason=unstable_if action=reinterpret pc=0x00007f1968ef7fd4 method=java.util.HashMap.hash(Ljava/lang/Object;)I @ 1 c2
Event: 0,971 Thread 0x00007f1978016800 DEOPT PACKING pc=0x00007f1968ef7fd4 sp=0x00007f197f9fdd60
Event: 0,971 Thread 0x00007f1978016800 DEOPT UNPACKING pc=0x00007f196898d699 sp=0x00007f197f9fdd10 mode 2
Event: 0,971 Thread 0x00007f1978016800 Uncommon trap: trap_request=0xffffff45 fr.pc=0x00007f1968efb038 relative=0x0000000000000098
Event: 0,971 Thread 0x00007f1978016800 Uncommon trap: reason=unstable_if action=reinterpret pc=0x00007f1968efb038 method=java.util.HashMap.hash(Ljava/lang/Object;)I @ 1 c2
Event: 0,971 Thread 0x00007f1978016800 DEOPT PACKING pc=0x00007f1968efb038 sp=0x00007f197f9fdd50
Event: 0,971 Thread 0x00007f1978016800 DEOPT UNPACKING pc=0x00007f196898d699 sp=0x00007f197f9fdd08 mode 2

Classes unloaded (0 events):
No events

Classes redefined (0 events):
No events

Internal exceptions (9 events):
Event: 0,345 Thread 0x00007f19782f9960 Exception <a 'java/lang/NoSuchMethodError'{0x000000008cfe2b48}: 'java.lang.Object java.lang.invoke.DirectMethodHandle$Holder.invokeStaticInit(java.lang.Object)'> (0x000000008cfe2b48) 
thrown [./src/hotspot/share/interpreter/linkResolver.cpp, line 758]
Event: 0,368 Thread 0x00007f19782f9960 Exception <a 'java/lang/NoSuchMethodError'{0x000000008cff11f0}: 'void java.lang.invoke.DirectMethodHandle$Holder.invokeStatic(java.lang.Object, java.lang.Object)'> (0x000000008cff11f0) 
thrown [./src/hotspot/share/interpreter/linkResolver.cpp, line 758]
Event: 0,671 Thread 0x00007f1978016800 Exception <a 'java/lang/UnsatisfiedLinkError'{0x000000008cafc318}: meos: Ne peut ouvrir le fichier d'objet partagé: Aucun fichier ou dossier de ce type> (0x000000008cafc318) 
thrown [./src/hotspot/share/prims/jni.cpp, line 535]
Event: 0,823 Thread 0x00007f1978016800 Exception <a 'java/lang/NoSuchMethodError'{0x000000008c60a050}: 'java.lang.Object java.lang.invoke.DirectMethodHandle$Holder.newInvokeSpecial(java.lang.Object, java.lang.Object, java.lang.Object, java.lang.Object, java.lang.Object)'> (0x000000008c60a050) 
thrown [./src/hotspot/share/interpreter/linkResolver.cpp, line 758]
Event: 0,921 Thread 0x00007f1978016800 Exception <a 'java/lang/UnsatisfiedLinkError'{0x000000008c51cf50}: /usr/local/lib/libmeos.so: undefined symbol: intrange_to_intspan> (0x000000008c51cf50) 
thrown [./src/hotspot/share/prims/jni.cpp, line 535]
Event: 0,922 Thread 0x00007f1978016800 Exception <a 'java/lang/UnsatisfiedLinkError'{0x000000008c51eb38}: /usr/local/lib/libmeos.so: undefined symbol: floatrange_to_floatspan> (0x000000008c51eb38) 
thrown [./src/hotspot/share/prims/jni.cpp, line 535]
Event: 0,924 Thread 0x00007f1978016800 Exception <a 'java/lang/UnsatisfiedLinkError'{0x000000008c524668}: /usr/local/lib/libmeos.so: undefined symbol: distance_timestamp_timestamp> (0x000000008c524668) 
thrown [./src/hotspot/share/prims/jni.cpp, line 535]
Event: 0,971 Thread 0x00007f1978016800 Implicit null exception at 0x00007f1968ef6a80 to 0x00007f1968ef7fc0
Event: 0,971 Thread 0x00007f1978016800 Implicit null exception at 0x00007f1968efafaf to 0x00007f1968efb029

VM Operations (10 events):
Event: 0,163 Executing VM operation: HandshakeAllThreads
Event: 0,163 Executing VM operation: HandshakeAllThreads done
Event: 0,443 Executing VM operation: HandshakeAllThreads
Event: 0,443 Executing VM operation: HandshakeAllThreads done
Event: 0,544 Executing VM operation: HandshakeAllThreads
Event: 0,544 Executing VM operation: HandshakeAllThreads done
Event: 0,633 Executing VM operation: HandshakeAllThreads
Event: 0,633 Executing VM operation: HandshakeAllThreads done
Event: 0,986 Executing VM operation: G1CollectForAllocation
Event: 0,999 Executing VM operation: G1CollectForAllocation done

Events (20 events):
Event: 0,935 loading class java/util/LinkedList$ListItr
Event: 0,936 loading class java/util/LinkedList$ListItr done
Event: 0,940 loading class sun/misc/Unsafe
Event: 0,940 loading class sun/misc/Unsafe done
Event: 0,966 loading class java/util/Stack
Event: 0,966 loading class java/util/Stack done
Event: 0,972 loading class java/time/OffsetDateTime
Event: 0,972 loading class java/time/OffsetDateTime done
Event: 0,978 loading class java/text/ParsePosition
Event: 0,978 loading class java/text/ParsePosition done
Event: 0,978 loading class java/time/format/DateTimeParseContext
Event: 0,978 loading class java/time/format/DateTimeParseContext done
Event: 0,978 loading class java/time/format/Parsed
Event: 0,979 loading class java/time/format/Parsed done
Event: 0,981 loading class java/time/ZonedDateTime
Event: 0,981 loading class java/time/chrono/ChronoZonedDateTime
Event: 0,982 loading class java/time/chrono/ChronoZonedDateTime done
Event: 0,982 loading class java/time/ZonedDateTime done
Event: 0,983 loading class java/nio/StringCharBuffer
Event: 0,983 loading class java/nio/StringCharBuffer done


Dynamic libraries:
85600000-8d200000 rw-p 00000000 00:00 0 
8d200000-ffe00000 ---p 00000000 00:00 0 
ffe00000-ffe76000 rw-p 00c9d000 08:02 10491600                           /usr/lib/jvm/java-17-openjdk-amd64/lib/server/classes.jsa
ffe76000-fff00000 rw-p 00000000 00:00 0 
fff00000-fff82000 rw-p 00c1b000 08:02 10491600                           /usr/lib/jvm/java-17-openjdk-amd64/lib/server/classes.jsa
fff82000-100000000 rw-p 00000000 00:00 0 
800000000-800458000 rw-p 00001000 08:02 10491600                         /usr/lib/jvm/java-17-openjdk-amd64/lib/server/classes.jsa
800458000-800be2000 r--p 00459000 08:02 10491600                         /usr/lib/jvm/java-17-openjdk-amd64/lib/server/classes.jsa
800be2000-801000000 ---p 00000000 00:00 0 
801000000-801040000 rw-p 00000000 00:00 0 
801040000-801080000 rw-p 00000000 00:00 0 
801080000-841000000 ---p 00000000 00:00 0 
555d9c471000-555d9c472000 r--p 00000000 08:02 10485864                   /usr/lib/jvm/java-17-openjdk-amd64/bin/java
555d9c472000-555d9c473000 r-xp 00001000 08:02 10485864                   /usr/lib/jvm/java-17-openjdk-amd64/bin/java
555d9c473000-555d9c474000 r--p 00002000 08:02 10485864                   /usr/lib/jvm/java-17-openjdk-amd64/bin/java
555d9c474000-555d9c475000 r--p 00002000 08:02 10485864                   /usr/lib/jvm/java-17-openjdk-amd64/bin/java
555d9c475000-555d9c476000 rw-p 00003000 08:02 10485864                   /usr/lib/jvm/java-17-openjdk-amd64/bin/java
555d9da5c000-555d9daa4000 rw-p 00000000 00:00 0                          [heap]
7f1900000000-7f1900021000 rw-p 00000000 00:00 0 
7f1900021000-7f1904000000 ---p 00000000 00:00 0 
7f1904000000-7f1904021000 rw-p 00000000 00:00 0 
7f1904021000-7f1908000000 ---p 00000000 00:00 0 
7f1908000000-7f1908021000 rw-p 00000000 00:00 0 
7f1908021000-7f190c000000 ---p 00000000 00:00 0 
7f190c000000-7f190c021000 rw-p 00000000 00:00 0 
7f190c021000-7f1910000000 ---p 00000000 00:00 0 
7f1910000000-7f1910021000 rw-p 00000000 00:00 0 
7f1910021000-7f1914000000 ---p 00000000 00:00 0 
7f1914000000-7f1914021000 rw-p 00000000 00:00 0 
7f1914021000-7f1918000000 ---p 00000000 00:00 0 
7f1918000000-7f1918021000 rw-p 00000000 00:00 0 
7f1918021000-7f191c000000 ---p 00000000 00:00 0 
7f191c000000-7f191c021000 rw-p 00000000 00:00 0 
7f191c021000-7f1920000000 ---p 00000000 00:00 0 
7f1921bf8000-7f1921bf9000 ---p 00000000 00:00 0 
7f1921bf9000-7f1921cfa000 rw-p 00000000 00:00 0 
7f1921cfa000-7f1921cfb000 ---p 00000000 00:00 0 
7f1921cfb000-7f1921dfc000 rw-p 00000000 00:00 0 
7f1921dfc000-7f1921dfd000 ---p 00000000 00:00 0 
7f1921dfd000-7f1921efe000 rw-p 00000000 00:00 0 
7f1921efe000-7f1921f01000 r--p 00000000 08:02 10365379                   /usr/lib/x86_64-linux-gnu/libresolv.so.2
7f1921f01000-7f1921f0b000 r-xp 00003000 08:02 10365379                   /usr/lib/x86_64-linux-gnu/libresolv.so.2
7f1921f0b000-7f1921f0e000 r--p 0000d000 08:02 10365379                   /usr/lib/x86_64-linux-gnu/libresolv.so.2
7f1921f0e000-7f1921f0f000 r--p 0000f000 08:02 10365379                   /usr/lib/x86_64-linux-gnu/libresolv.so.2
7f1921f0f000-7f1921f10000 rw-p 00010000 08:02 10365379                   /usr/lib/x86_64-linux-gnu/libresolv.so.2
7f1921f10000-7f1921f12000 rw-p 00000000 00:00 0 
7f1921f12000-7f1921f13000 r--p 00000000 08:02 10355681                   /usr/lib/x86_64-linux-gnu/libbrotlicommon.so.1.0.9
7f1921f13000-7f1921f14000 r-xp 00001000 08:02 10355681                   /usr/lib/x86_64-linux-gnu/libbrotlicommon.so.1.0.9
7f1921f14000-7f1921f33000 r--p 00002000 08:02 10355681                   /usr/lib/x86_64-linux-gnu/libbrotlicommon.so.1.0.9
7f1921f33000-7f1921f34000 r--p 00020000 08:02 10355681                   /usr/lib/x86_64-linux-gnu/libbrotlicommon.so.1.0.9
7f1921f34000-7f1921f35000 rw-p 00021000 08:02 10355681                   /usr/lib/x86_64-linux-gnu/libbrotlicommon.so.1.0.9
7f1921f35000-7f1921f56000 r--p 00000000 08:02 10356892                   /usr/lib/x86_64-linux-gnu/libkrb5.so.3.3
7f1921f56000-7f1921fb3000 r-xp 00021000 08:02 10356892                   /usr/lib/x86_64-linux-gnu/libkrb5.so.3.3
7f1921fb3000-7f1921ff0000 r--p 0007e000 08:02 10356892                   /usr/lib/x86_64-linux-gnu/libkrb5.so.3.3
7f1921ff0000-7f1921ff1000 ---p 000bb000 08:02 10356892                   /usr/lib/x86_64-linux-gnu/libkrb5.so.3.3
7f1921ff1000-7f1921ffe000 r--p 000bb000 08:02 10356892                   /usr/lib/x86_64-linux-gnu/libkrb5.so.3.3
7f1921ffe000-7f1922000000 rw-p 000c8000 08:02 10356892                   /usr/lib/x86_64-linux-gnu/libkrb5.so.3.3
7f1922000000-7f19220b2000 r--p 00000000 08:02 10357909                   /usr/lib/x86_64-linux-gnu/libcrypto.so.3
7f19220b2000-7f1922310000 r-xp 000b2000 08:02 10357909                   /usr/lib/x86_64-linux-gnu/libcrypto.so.3
7f1922310000-7f19223e2000 r--p 00310000 08:02 10357909                   /usr/lib/x86_64-linux-gnu/libcrypto.so.3
7f19223e2000-7f192243d000 r--p 003e1000 08:02 10357909                   /usr/lib/x86_64-linux-gnu/libcrypto.so.3
7f192243d000-7f1922440000 rw-p 0043c000 08:02 10357909                   /usr/lib/x86_64-linux-gnu/libcrypto.so.3
7f1922440000-7f1922443000 rw-p 00000000 00:00 0 
7f1922454000-7f1922457000 r--p 00000000 08:02 10356794                   /usr/lib/x86_64-linux-gnu/libsasl2.so.2.0.25
7f1922457000-7f1922468000 r-xp 00003000 08:02 10356794                   /usr/lib/x86_64-linux-gnu/libsasl2.so.2.0.25
7f1922468000-7f192246d000 r--p 00014000 08:02 10356794                   /usr/lib/x86_64-linux-gnu/libsasl2.so.2.0.25
7f192246d000-7f192246e000 r--p 00018000 08:02 10356794                   /usr/lib/x86_64-linux-gnu/libsasl2.so.2.0.25
7f192246e000-7f192246f000 rw-p 00019000 08:02 10356794                   /usr/lib/x86_64-linux-gnu/libsasl2.so.2.0.25
7f192246f000-7f1922473000 r--p 00000000 08:02 10357711                   /usr/lib/x86_64-linux-gnu/libk5crypto.so.3.1
7f1922473000-7f192248e000 r-xp 00004000 08:02 10357711                   /usr/lib/x86_64-linux-gnu/libk5crypto.so.3.1
7f192248e000-7f192249a000 r--p 0001f000 08:02 10357711                   /usr/lib/x86_64-linux-gnu/libk5crypto.so.3.1
7f192249a000-7f192249b000 ---p 0002b000 08:02 10357711                   /usr/lib/x86_64-linux-gnu/libk5crypto.so.3.1
7f192249b000-7f192249c000 r--p 0002b000 08:02 10357711                   /usr/lib/x86_64-linux-gnu/libk5crypto.so.3.1
7f192249c000-7f192249d000 rw-p 0002c000 08:02 10357711                   /usr/lib/x86_64-linux-gnu/libk5crypto.so.3.1
7f192249d000-7f192249e000 rw-p 00000000 00:00 0 
7f192249e000-7f19224c7000 r--p 00000000 08:02 10356002                   /usr/lib/x86_64-linux-gnu/libp11-kit.so.0.3.0
7f19224c7000-7f192256b000 r-xp 00029000 08:02 10356002                   /usr/lib/x86_64-linux-gnu/libp11-kit.so.0.3.0
7f192256b000-7f19225c5000 r--p 000cd000 08:02 10356002                   /usr/lib/x86_64-linux-gnu/libp11-kit.so.0.3.0
7f19225c5000-7f19225cf000 r--p 00126000 08:02 10356002                   /usr/lib/x86_64-linux-gnu/libp11-kit.so.0.3.0
7f19225cf000-7f19225d9000 rw-p 00130000 08:02 10356002                   /usr/lib/x86_64-linux-gnu/libp11-kit.so.0.3.0
7f19225d9000-7f19225e3000 r--p 00000000 08:02 10357741                   /usr/lib/x86_64-linux-gnu/libgmp.so.10.4.1
7f19225e3000-7f1922642000 r-xp 0000a000 08:02 10357741                   /usr/lib/x86_64-linux-gnu/libgmp.so.10.4.1
7f1922642000-7f1922659000 r--p 00069000 08:02 10357741                   /usr/lib/x86_64-linux-gnu/libgmp.so.10.4.1
7f1922659000-7f192265a000 r--p 0007f000 08:02 10357741                   /usr/lib/x86_64-linux-gnu/libgmp.so.10.4.1
7f192265a000-7f192265b000 rw-p 00080000 08:02 10357741                   /usr/lib/x86_64-linux-gnu/libgmp.so.10.4.1
7f192265b000-7f1922663000 r--p 00000000 08:02 10360657                   /usr/lib/x86_64-linux-gnu/libhogweed.so.6.4
7f1922663000-7f1922676000 r-xp 00008000 08:02 10360657                   /usr/lib/x86_64-linux-gnu/libhogweed.so.6.4
7f1922676000-7f19226a0000 r--p 0001b000 08:02 10360657                   /usr/lib/x86_64-linux-gnu/libhogweed.so.6.4
7f19226a0000-7f19226a1000 ---p 00045000 08:02 10360657                   /usr/lib/x86_64-linux-gnu/libhogweed.so.6.4
7f19226a1000-7f19226a2000 r--p 00045000 08:02 10360657                   /usr/lib/x86_64-linux-gnu/libhogweed.so.6.4
7f19226a2000-7f19226a3000 rw-p 00046000 08:02 10360657                   /usr/lib/x86_64-linux-gnu/libhogweed.so.6.4
7f19226a3000-7f19226b4000 r--p 00000000 08:02 10360661                   /usr/lib/x86_64-linux-gnu/libunistring.so.2.2.0
7f19226b4000-7f19226ea000 r-xp 00011000 08:02 10360661                   /usr/lib/x86_64-linux-gnu/libunistring.so.2.2.0
7f19226ea000-7f1922848000 r--p 00047000 08:02 10360661                   /usr/lib/x86_64-linux-gnu/libunistring.so.2.2.0
7f1922848000-7f192284c000 r--p 001a5000 08:02 10360661                   /usr/lib/x86_64-linux-gnu/libunistring.so.2.2.0
7f192284c000-7f192284d000 rw-p 001a9000 08:02 10360661                   /usr/lib/x86_64-linux-gnu/libunistring.so.2.2.0
7f192284d000-7f192285b000 r--p 00000000 08:02 10362052                   /usr/lib/x86_64-linux-gnu/libldap-2.5.so.0.1.9
7f192285b000-7f1922895000 r-xp 0000e000 08:02 10362052                   /usr/lib/x86_64-linux-gnu/libldap-2.5.so.0.1.9
7f1922895000-7f19228a6000 r--p 00048000 08:02 10362052                   /usr/lib/x86_64-linux-gnu/libldap-2.5.so.0.1.9
7f19228a6000-7f19228a7000 ---p 00059000 08:02 10362052                   /usr/lib/x86_64-linux-gnu/libldap-2.5.so.0.1.9
7f19228a7000-7f19228a9000 r--p 00059000 08:02 10362052                   /usr/lib/x86_64-linux-gnu/libldap-2.5.so.0.1.9
7f19228a9000-7f19228aa000 rw-p 0005b000 08:02 10362052                   /usr/lib/x86_64-linux-gnu/libldap-2.5.so.0.1.9
7f19228aa000-7f19228ac000 rw-p 00000000 00:00 0 
7f19228ac000-7f19228b7000 r--p 00000000 08:02 10357451                   /usr/lib/x86_64-linux-gnu/libgssapi_krb5.so.2.2
7f19228b7000-7f19228ef000 r-xp 0000b000 08:02 10357451                   /usr/lib/x86_64-linux-gnu/libgssapi_krb5.so.2.2
7f19228ef000-7f19228fb000 r--p 00043000 08:02 10357451                   /usr/lib/x86_64-linux-gnu/libgssapi_krb5.so.2.2
7f19228fb000-7f19228fc000 ---p 0004f000 08:02 10357451                   /usr/lib/x86_64-linux-gnu/libgssapi_krb5.so.2.2
7f19228fc000-7f19228fe000 r--p 0004f000 08:02 10357451                   /usr/lib/x86_64-linux-gnu/libgssapi_krb5.so.2.2
7f19228fe000-7f1922900000 rw-p 00051000 08:02 10357451                   /usr/lib/x86_64-linux-gnu/libgssapi_krb5.so.2.2
7f1922900000-7f1922931000 r--p 00000000 08:02 10357230                   /usr/lib/x86_64-linux-gnu/libgnutls.so.30.31.0
7f1922931000-7f1922a5a000 r-xp 00031000 08:02 10357230                   /usr/lib/x86_64-linux-gnu/libgnutls.so.30.31.0
7f1922a5a000-7f1922ad7000 r--p 0015a000 08:02 10357230                   /usr/lib/x86_64-linux-gnu/libgnutls.so.30.31.0
7f1922ad7000-7f1922ae7000 r--p 001d6000 08:02 10357230                   /usr/lib/x86_64-linux-gnu/libgnutls.so.30.31.0
7f1922ae7000-7f1922ae9000 rw-p 001e6000 08:02 10357230                   /usr/lib/x86_64-linux-gnu/libgnutls.so.30.31.0
7f1922ae9000-7f1922aeb000 rw-p 00000000 00:00 0 
7f1922aeb000-7f1922af5000 r--p 00000000 08:02 10355057                   /usr/lib/x86_64-linux-gnu/libnettle.so.8.4
7f1922af5000-7f1922b18000 r-xp 0000a000 08:02 10355057                   /usr/lib/x86_64-linux-gnu/libnettle.so.8.4
7f1922b18000-7f1922b2e000 r--p 0002d000 08:02 10355057                   /usr/lib/x86_64-linux-gnu/libnettle.so.8.4
7f1922b2e000-7f1922b30000 r--p 00042000 08:02 10355057                   /usr/lib/x86_64-linux-gnu/libnettle.so.8.4
7f1922b30000-7f1922b31000 rw-p 00044000 08:02 10355057                   /usr/lib/x86_64-linux-gnu/libnettle.so.8.4
7f1922b31000-7f1922b3b000 r--p 00000000 08:02 10354868                   /usr/lib/x86_64-linux-gnu/libzstd.so.1.4.8
7f1922b3b000-7f1922bed000 r-xp 0000a000 08:02 10354868                   /usr/lib/x86_64-linux-gnu/libzstd.so.1.4.8
7f1922bed000-7f1922bfe000 r--p 000bc000 08:02 10354868                   /usr/lib/x86_64-linux-gnu/libzstd.so.1.4.8
7f1922bfe000-7f1922bff000 r--p 000cc000 08:02 10354868                   /usr/lib/x86_64-linux-gnu/libzstd.so.1.4.8
7f1922bff000-7f1922c00000 rw-p 000cd000 08:02 10354868                   /usr/lib/x86_64-linux-gnu/libzstd.so.1.4.8
7f1922c00000-7f1922c78000 r--p 00000000 08:02 10366481                   /usr/lib/x86_64-linux-gnu/libgeos.so.3.10.2
7f1922c78000-7f1922da6000 r-xp 00078000 08:02 10366481                   /usr/lib/x86_64-linux-gnu/libgeos.so.3.10.2
7f1922da6000-7f1922e03000 r--p 001a6000 08:02 10366481                   /usr/lib/x86_64-linux-gnu/libgeos.so.3.10.2
7f1922e03000-7f1922e0a000 r--p 00202000 08:02 10366481                   /usr/lib/x86_64-linux-gnu/libgeos.so.3.10.2
7f1922e0a000-7f1922e0b000 rw-p 00209000 08:02 10366481                   /usr/lib/x86_64-linux-gnu/libgeos.so.3.10.2
7f1922e0c000-7f1922e0e000 r--p 00000000 08:02 10356728                   /usr/lib/x86_64-linux-gnu/libffi.so.8.1.0
7f1922e0e000-7f1922e15000 r-xp 00002000 08:02 10356728                   /usr/lib/x86_64-linux-gnu/libffi.so.8.1.0
7f1922e15000-7f1922e16000 r--p 00009000 08:02 10356728                   /usr/lib/x86_64-linux-gnu/libffi.so.8.1.0
7f1922e16000-7f1922e17000 ---p 0000a000 08:02 10356728                   /usr/lib/x86_64-linux-gnu/libffi.so.8.1.0
7f1922e17000-7f1922e18000 r--p 0000a000 08:02 10356728                   /usr/lib/x86_64-linux-gnu/libffi.so.8.1.0
7f1922e18000-7f1922e19000 rw-p 0000b000 08:02 10356728                   /usr/lib/x86_64-linux-gnu/libffi.so.8.1.0
7f1922e19000-7f1922e1c000 r--p 00000000 08:02 10355637                   /usr/lib/x86_64-linux-gnu/libkrb5support.so.0.1
7f1922e1c000-7f1922e22000 r-xp 00003000 08:02 10355637                   /usr/lib/x86_64-linux-gnu/libkrb5support.so.0.1
7f1922e22000-7f1922e24000 r--p 00009000 08:02 10355637                   /usr/lib/x86_64-linux-gnu/libkrb5support.so.0.1
7f1922e24000-7f1922e25000 ---p 0000b000 08:02 10355637                   /usr/lib/x86_64-linux-gnu/libkrb5support.so.0.1
7f1922e25000-7f1922e26000 r--p 0000b000 08:02 10355637                   /usr/lib/x86_64-linux-gnu/libkrb5support.so.0.1
7f1922e26000-7f1922e27000 rw-p 0000c000 08:02 10355637                   /usr/lib/x86_64-linux-gnu/libkrb5support.so.0.1
7f1922e27000-7f1922e34000 r--p 00000000 08:02 10355513                   /usr/lib/x86_64-linux-gnu/libssh.so.4.8.7
7f1922e34000-7f1922e77000 r-xp 0000d000 08:02 10355513                   /usr/lib/x86_64-linux-gnu/libssh.so.4.8.7
7f1922e77000-7f1922e8f000 r--p 00050000 08:02 10355513                   /usr/lib/x86_64-linux-gnu/libssh.so.4.8.7
7f1922e8f000-7f1922e90000 ---p 00068000 08:02 10355513                   /usr/lib/x86_64-linux-gnu/libssh.so.4.8.7
7f1922e90000-7f1922e92000 r--p 00068000 08:02 10355513                   /usr/lib/x86_64-linux-gnu/libssh.so.4.8.7
7f1922e92000-7f1922e94000 rw-p 0006a000 08:02 10355513                   /usr/lib/x86_64-linux-gnu/libssh.so.4.8.7
7f1922e94000-7f1922e99000 r--p 00000000 08:02 10355338                   /usr/lib/x86_64-linux-gnu/librtmp.so.1
7f1922e99000-7f1922ea9000 r-xp 00005000 08:02 10355338                   /usr/lib/x86_64-linux-gnu/librtmp.so.1
7f1922ea9000-7f1922eb0000 r--p 00015000 08:02 10355338                   /usr/lib/x86_64-linux-gnu/librtmp.so.1
7f1922eb0000-7f1922eb1000 ---p 0001c000 08:02 10355338                   /usr/lib/x86_64-linux-gnu/librtmp.so.1
7f1922eb1000-7f1922eb2000 r--p 0001c000 08:02 10355338                   /usr/lib/x86_64-linux-gnu/librtmp.so.1
7f1922eb2000-7f1922eb3000 rw-p 0001d000 08:02 10355338                   /usr/lib/x86_64-linux-gnu/librtmp.so.1
7f1922eb3000-7f1922ed1000 r--p 00000000 08:02 10355997                   /usr/lib/x86_64-linux-gnu/libsqlite3.so.0.8.6
7f1922ed1000-7f1922fbd000 r-xp 0001e000 08:02 10355997                   /usr/lib/x86_64-linux-gnu/libsqlite3.so.0.8.6
7f1922fbd000-7f1922ff8000 r--p 0010a000 08:02 10355997                   /usr/lib/x86_64-linux-gnu/libsqlite3.so.0.8.6
7f1922ff8000-7f1922ffc000 r--p 00144000 08:02 10355997                   /usr/lib/x86_64-linux-gnu/libsqlite3.so.0.8.6
7f1922ffc000-7f1923000000 rw-p 00148000 08:02 10355997                   /usr/lib/x86_64-linux-gnu/libsqlite3.so.0.8.6
7f1923000000-7f192305b000 r--p 00000000 08:02 10360429                   /usr/lib/x86_64-linux-gnu/libgsl.so.27.0.0
7f192305b000-7f1923232000 r-xp 0005b000 08:02 10360429                   /usr/lib/x86_64-linux-gnu/libgsl.so.27.0.0
7f1923232000-7f19232ab000 r--p 00232000 08:02 10360429                   /usr/lib/x86_64-linux-gnu/libgsl.so.27.0.0
7f19232ab000-7f19232ac000 ---p 002ab000 08:02 10360429                   /usr/lib/x86_64-linux-gnu/libgsl.so.27.0.0
7f19232ac000-7f19232b0000 r--p 002ab000 08:02 10360429                   /usr/lib/x86_64-linux-gnu/libgsl.so.27.0.0
7f19232b0000-7f19232be000 rw-p 002af000 08:02 10360429                   /usr/lib/x86_64-linux-gnu/libgsl.so.27.0.0
7f19232be000-7f19232bf000 rw-p 00000000 00:00 0 
7f19232c5000-7f19232c8000 r--p 00000000 08:02 10361751                   /usr/lib/x86_64-linux-gnu/libtasn1.so.6.6.2
7f19232c8000-7f19232d6000 r-xp 00003000 08:02 10361751                   /usr/lib/x86_64-linux-gnu/libtasn1.so.6.6.2
7f19232d6000-7f19232da000 r--p 00011000 08:02 10361751                   /usr/lib/x86_64-linux-gnu/libtasn1.so.6.6.2
7f19232da000-7f19232db000 ---p 00015000 08:02 10361751                   /usr/lib/x86_64-linux-gnu/libtasn1.so.6.6.2
7f19232db000-7f19232dc000 r--p 00015000 08:02 10361751                   /usr/lib/x86_64-linux-gnu/libtasn1.so.6.6.2
7f19232dc000-7f19232dd000 rw-p 00016000 08:02 10361751                   /usr/lib/x86_64-linux-gnu/libtasn1.so.6.6.2
7f19232dd000-7f19232e1000 r--p 00000000 08:02 10355582                   /usr/lib/x86_64-linux-gnu/libjpeg.so.8.2.2
7f19232e1000-7f192332a000 r-xp 00004000 08:02 10355582                   /usr/lib/x86_64-linux-gnu/libjpeg.so.8.2.2
7f192332a000-7f192335c000 r--p 0004d000 08:02 10355582                   /usr/lib/x86_64-linux-gnu/libjpeg.so.8.2.2
7f192335c000-7f192335d000 r--p 0007e000 08:02 10355582                   /usr/lib/x86_64-linux-gnu/libjpeg.so.8.2.2
7f192335d000-7f192335e000 rw-p 0007f000 08:02 10355582                   /usr/lib/x86_64-linux-gnu/libjpeg.so.8.2.2
7f192335e000-7f192336c000 r--p 00000000 08:02 10355046                   /usr/lib/x86_64-linux-gnu/libcurl-gnutls.so.4.7.0
7f192336c000-7f19233de000 r-xp 0000e000 08:02 10355046                   /usr/lib/x86_64-linux-gnu/libcurl-gnutls.so.4.7.0
7f19233de000-7f19233f9000 r--p 00080000 08:02 10355046                   /usr/lib/x86_64-linux-gnu/libcurl-gnutls.so.4.7.0
7f19233f9000-7f19233fd000 r--p 0009a000 08:02 10355046                   /usr/lib/x86_64-linux-gnu/libcurl-gnutls.so.4.7.0
7f19233fd000-7f19233ff000 rw-p 0009e000 08:02 10355046                   /usr/lib/x86_64-linux-gnu/libcurl-gnutls.so.4.7.0
7f19233ff000-7f1923400000 rw-p 00000000 00:00 0 
7f1923400000-7f1923468000 r--p 00000000 08:02 10358220                   /usr/lib/x86_64-linux-gnu/libproj.so.22.2.1
7f1923468000-7f19236b7000 r-xp 00068000 08:02 10358220                   /usr/lib/x86_64-linux-gnu/libproj.so.22.2.1
7f19236b7000-7f192374c000 r--p 002b7000 08:02 10358220                   /usr/lib/x86_64-linux-gnu/libproj.so.22.2.1
7f192374c000-7f192374d000 ---p 0034c000 08:02 10358220                   /usr/lib/x86_64-linux-gnu/libproj.so.22.2.1
7f192374d000-7f1923764000 r--p 0034c000 08:02 10358220                   /usr/lib/x86_64-linux-gnu/libproj.so.22.2.1
7f1923764000-7f1923766000 rw-p 00363000 08:02 10358220                   /usr/lib/x86_64-linux-gnu/libproj.so.22.2.1
7f1923766000-7f1923769000 rw-p 00000000 00:00 0 
7f1923773000-7f1923775000 r--p 00000000 08:02 10361325                   /usr/lib/x86_64-linux-gnu/libidn2.so.0.3.7
7f1923775000-7f1923779000 r-xp 00002000 08:02 10361325                   /usr/lib/x86_64-linux-gnu/libidn2.so.0.3.7
7f1923779000-7f1923792000 r--p 00006000 08:02 10361325                   /usr/lib/x86_64-linux-gnu/libidn2.so.0.3.7
7f1923792000-7f1923793000 r--p 0001e000 08:02 10361325                   /usr/lib/x86_64-linux-gnu/libidn2.so.0.3.7
7f1923793000-7f1923794000 rw-p 0001f000 08:02 10361325                   /usr/lib/x86_64-linux-gnu/libidn2.so.0.3.7
7f1923794000-7f1923796000 r--p 00000000 08:02 10358223                   /usr/lib/x86_64-linux-gnu/libwebp.so.7.1.3
7f1923796000-7f19237eb000 r-xp 00002000 08:02 10358223                   /usr/lib/x86_64-linux-gnu/libwebp.so.7.1.3
7f19237eb000-7f19237fc000 r--p 00057000 08:02 10358223                   /usr/lib/x86_64-linux-gnu/libwebp.so.7.1.3
7f19237fc000-7f19237fd000 r--p 00067000 08:02 10358223                   /usr/lib/x86_64-linux-gnu/libwebp.so.7.1.3
7f19237fd000-7f19237fe000 rw-p 00068000 08:02 10358223                   /usr/lib/x86_64-linux-gnu/libwebp.so.7.1.3
7f19237fe000-7f1923800000 rw-p 00000000 00:00 0 
7f1923800000-7f1923812000 r-xp 00000000 08:02 1705150                    /tmp/jffi2253640557741501391.so (deleted)
7f1923812000-7f1923a11000 ---p 00012000 08:02 1705150                    /tmp/jffi2253640557741501391.so (deleted)
7f1923a11000-7f1923a12000 rw-p 00011000 08:02 1705150                    /tmp/jffi2253640557741501391.so (deleted)
7f1923a1d000-7f1923a20000 r--p 00000000 08:02 10355303                   /usr/lib/x86_64-linux-gnu/liblber-2.5.so.0.1.9
7f1923a20000-7f1923a28000 r-xp 00003000 08:02 10355303                   /usr/lib/x86_64-linux-gnu/liblber-2.5.so.0.1.9
7f1923a28000-7f1923a2b000 r--p 0000b000 08:02 10355303                   /usr/lib/x86_64-linux-gnu/liblber-2.5.so.0.1.9
7f1923a2b000-7f1923a2c000 ---p 0000e000 08:02 10355303                   /usr/lib/x86_64-linux-gnu/liblber-2.5.so.0.1.9
7f1923a2c000-7f1923a2d000 r--p 0000e000 08:02 10355303                   /usr/lib/x86_64-linux-gnu/liblber-2.5.so.0.1.9
7f1923a2d000-7f1923a2e000 rw-p 0000f000 08:02 10355303                   /usr/lib/x86_64-linux-gnu/liblber-2.5.so.0.1.9
7f1923a2e000-7f1923a33000 r--p 00000000 08:02 10354889                   /usr/lib/x86_64-linux-gnu/libnghttp2.so.14.20.1
7f1923a33000-7f1923a48000 r-xp 00005000 08:02 10354889                   /usr/lib/x86_64-linux-gnu/libnghttp2.so.14.20.1
7f1923a48000-7f1923a54000 r--p 0001a000 08:02 10354889                   /usr/lib/x86_64-linux-gnu/libnghttp2.so.14.20.1
7f1923a54000-7f1923a57000 r--p 00025000 08:02 10354889                   /usr/lib/x86_64-linux-gnu/libnghttp2.so.14.20.1
7f1923a57000-7f1923a58000 rw-p 00028000 08:02 10354889                   /usr/lib/x86_64-linux-gnu/libnghttp2.so.14.20.1
7f1923a58000-7f1923a59000 r--p 00000000 08:02 10355584                   /usr/lib/x86_64-linux-gnu/libdeflate.so.0
7f1923a59000-7f1923a75000 r-xp 00001000 08:02 10355584                   /usr/lib/x86_64-linux-gnu/libdeflate.so.0
7f1923a75000-7f1923a79000 r--p 0001d000 08:02 10355584                   /usr/lib/x86_64-linux-gnu/libdeflate.so.0
7f1923a79000-7f1923a7a000 ---p 00021000 08:02 10355584                   /usr/lib/x86_64-linux-gnu/libdeflate.so.0
7f1923a7a000-7f1923a7b000 r--p 00021000 08:02 10355584                   /usr/lib/x86_64-linux-gnu/libdeflate.so.0
7f1923a7b000-7f1923a7c000 rw-p 00022000 08:02 10355584                   /usr/lib/x86_64-linux-gnu/libdeflate.so.0
7f1923a7c000-7f1923ab2000 r--p 00000000 08:02 11142841                   /usr/local/lib/libmeos.so
7f1923ab2000-7f1923ba6000 r-xp 00036000 08:02 11142841                   /usr/local/lib/libmeos.so
7f1923ba6000-7f1923bf1000 r--p 0012a000 08:02 11142841                   /usr/local/lib/libmeos.so
7f1923bf1000-7f1923bf2000 ---p 00175000 08:02 11142841                   /usr/local/lib/libmeos.so
7f1923bf2000-7f1923bf3000 r--p 00175000 08:02 11142841                   /usr/local/lib/libmeos.so
7f1923bf3000-7f1923bf8000 rw-p 00176000 08:02 11142841                   /usr/local/lib/libmeos.so
7f1923bf8000-7f1923bfe000 rw-p 00000000 00:00 0 
7f1923bfe000-7f1923bff000 ---p 00000000 00:00 0 
7f1923bff000-7f1923d00000 rw-p 00000000 00:00 0 
7f1923d00000-7f1923d04000 ---p 00000000 00:00 0 
7f1923d04000-7f1923e00000 rw-p 00000000 00:00 0 
7f1923e00000-7f1923e04000 ---p 00000000 00:00 0 
7f1923e04000-7f1923f00000 rw-p 00000000 00:00 0 
7f1923f00000-7f1923f04000 ---p 00000000 00:00 0 
7f1923f04000-7f1924000000 rw-p 00000000 00:00 0 
7f1924000000-7f19242b1000 rw-p 00000000 00:00 0 
7f19242b1000-7f1928000000 ---p 00000000 00:00 0 
7f1928000000-7f1928346000 rw-p 00000000 00:00 0 
7f1928346000-7f192c000000 ---p 00000000 00:00 0 
7f192c000000-7f192c021000 rw-p 00000000 00:00 0 
7f192c021000-7f1930000000 ---p 00000000 00:00 0 
7f1930000000-7f1930021000 rw-p 00000000 00:00 0 
7f1930021000-7f1934000000 ---p 00000000 00:00 0 
7f1934000000-7f1934021000 rw-p 00000000 00:00 0 
7f1934021000-7f1938000000 ---p 00000000 00:00 0 
7f1938000000-7f1938021000 rw-p 00000000 00:00 0 
7f1938021000-7f193c000000 ---p 00000000 00:00 0 
7f193c000000-7f193c021000 rw-p 00000000 00:00 0 
7f193c021000-7f1940000000 ---p 00000000 00:00 0 
7f1940000000-7f1940021000 rw-p 00000000 00:00 0 
7f1940021000-7f1944000000 ---p 00000000 00:00 0 
7f1944000000-7f1944260000 rw-p 00000000 00:00 0 
7f1944260000-7f1944400000 ---p 00000000 00:00 0 
7f1944400000-7f1944620000 rw-p 00000000 00:00 0 
7f1944620000-7f1948000000 ---p 00000000 00:00 0 
7f1948000000-7f1948021000 rw-p 00000000 00:00 0 
7f1948021000-7f194c000000 ---p 00000000 00:00 0 
7f194c000000-7f194c021000 rw-p 00000000 00:00 0 
7f194c021000-7f1950000000 ---p 00000000 00:00 0 
7f1950000000-7f1950021000 rw-p 00000000 00:00 0 
7f1950021000-7f1954000000 ---p 00000000 00:00 0 
7f1954000000-7f1954021000 rw-p 00000000 00:00 0 
7f1954021000-7f1958000000 ---p 00000000 00:00 0 
7f1958000000-7f1958021000 rw-p 00000000 00:00 0 
7f1958021000-7f195c000000 ---p 00000000 00:00 0 
7f195c000000-7f195c004000 ---p 00000000 00:00 0 
7f195c004000-7f195c100000 rw-p 00000000 00:00 0 
7f195c100000-7f195c104000 ---p 00000000 00:00 0 
7f195c104000-7f195c200000 rw-p 00000000 00:00 0 
7f195c200000-7f195c204000 ---p 00000000 00:00 0 
7f195c204000-7f195c300000 rw-p 00000000 00:00 0 
7f195c300000-7f195c304000 ---p 00000000 00:00 0 
7f195c304000-7f195c400000 rw-p 00000000 00:00 0 
7f195c400000-7f195c404000 ---p 00000000 00:00 0 
7f195c404000-7f195c500000 rw-p 00000000 00:00 0 
7f195c500000-7f195c504000 ---p 00000000 00:00 0 
7f195c504000-7f195c600000 rw-p 00000000 00:00 0 
7f195c600000-7f195cdf0000 r--p 00000000 08:02 10356383                   /usr/lib/locale/locale-archive
7f195cdf3000-7f195cdf5000 r--p 00000000 08:02 10357718                   /usr/lib/x86_64-linux-gnu/libkeyutils.so.1.9
7f195cdf5000-7f195cdf7000 r-xp 00002000 08:02 10357718                   /usr/lib/x86_64-linux-gnu/libkeyutils.so.1.9
7f195cdf7000-7f195cdf8000 r--p 00004000 08:02 10357718                   /usr/lib/x86_64-linux-gnu/libkeyutils.so.1.9
7f195cdf8000-7f195cdf9000 r--p 00004000 08:02 10357718                   /usr/lib/x86_64-linux-gnu/libkeyutils.so.1.9
7f195cdf9000-7f195cdfa000 rw-p 00005000 08:02 10357718                   /usr/lib/x86_64-linux-gnu/libkeyutils.so.1.9
7f195cdfa000-7f195ce02000 r--p 00000000 08:02 10358811                   /usr/lib/x86_64-linux-gnu/libtiff.so.5.7.0
7f195ce02000-7f195ce4a000 r-xp 00008000 08:02 10358811                   /usr/lib/x86_64-linux-gnu/libtiff.so.5.7.0
7f195ce4a000-7f195ce7a000 r--p 00050000 08:02 10358811                   /usr/lib/x86_64-linux-gnu/libtiff.so.5.7.0
7f195ce7a000-7f195ce7f000 r--p 0007f000 08:02 10358811                   /usr/lib/x86_64-linux-gnu/libtiff.so.5.7.0
7f195ce7f000-7f195ce80000 rw-p 00084000 08:02 10358811                   /usr/lib/x86_64-linux-gnu/libtiff.so.5.7.0
7f195ce80000-7f195ce84000 ---p 00000000 00:00 0 
7f195ce84000-7f195cf80000 rw-p 00000000 00:00 0 
7f195cf80000-7f195cf84000 ---p 00000000 00:00 0 
7f195cf84000-7f195d080000 rw-p 00000000 00:00 0 
7f195d080000-7f195d081000 ---p 00000000 00:00 0 
7f195d081000-7f195d182000 rw-p 00000000 00:00 0 
7f195d182000-7f195d187000 r--p 00000000 08:02 10491564                   /usr/lib/jvm/java-17-openjdk-amd64/lib/libjsvml.so
7f195d187000-7f195d1c8000 r-xp 00005000 08:02 10491564                   /usr/lib/jvm/java-17-openjdk-amd64/lib/libjsvml.so
7f195d1c8000-7f195d251000 r--p 00046000 08:02 10491564                   /usr/lib/jvm/java-17-openjdk-amd64/lib/libjsvml.so
7f195d251000-7f195d252000 r--p 000ce000 08:02 10491564                   /usr/lib/jvm/java-17-openjdk-amd64/lib/libjsvml.so
7f195d252000-7f195d253000 rw-p 000cf000 08:02 10491564                   /usr/lib/jvm/java-17-openjdk-amd64/lib/libjsvml.so
7f195d253000-7f195d254000 ---p 00000000 00:00 0 
7f195d254000-7f195d355000 rw-p 00000000 00:00 0 
7f195d355000-7f195d356000 ---p 00000000 00:00 0 
7f195d356000-7f195f748000 rw-p 00000000 00:00 0 
7f195f748000-7f19613f8000 ---p 00000000 00:00 0 
7f19613f8000-7f1961400000 rw-p 00000000 00:00 0 
7f1961400000-7f1961670000 rwxp 00000000 00:00 0 
7f1961670000-7f1968937000 ---p 00000000 00:00 0 
7f1968937000-7f1968ba7000 rwxp 00000000 00:00 0 
7f1968ba7000-7f1968ec8000 ---p 00000000 00:00 0 
7f1968ec8000-7f1969138000 rwxp 00000000 00:00 0 
7f1969138000-7f1970400000 ---p 00000000 00:00 0 
7f1970400000-7f1977e43000 r--s 00000000 08:02 10491594                   /usr/lib/jvm/java-17-openjdk-amd64/lib/modules
7f1977e45000-7f1977e46000 r--p 00000000 08:02 10355683                   /usr/lib/x86_64-linux-gnu/libbrotlidec.so.1.0.9
7f1977e46000-7f1977e4e000 r-xp 00001000 08:02 10355683                   /usr/lib/x86_64-linux-gnu/libbrotlidec.so.1.0.9
7f1977e4e000-7f1977e51000 r--p 00009000 08:02 10355683                   /usr/lib/x86_64-linux-gnu/libbrotlidec.so.1.0.9
7f1977e51000-7f1977e52000 r--p 0000b000 08:02 10355683                   /usr/lib/x86_64-linux-gnu/libbrotlidec.so.1.0.9
7f1977e52000-7f1977e53000 rw-p 0000c000 08:02 10355683                   /usr/lib/x86_64-linux-gnu/libbrotlidec.so.1.0.9
7f1977e53000-7f1977e56000 r--p 00000000 08:02 10359160                   /usr/lib/x86_64-linux-gnu/liblzma.so.5.2.5
7f1977e56000-7f1977e71000 r-xp 00003000 08:02 10359160                   /usr/lib/x86_64-linux-gnu/liblzma.so.5.2.5
7f1977e71000-7f1977e7c000 r--p 0001e000 08:02 10359160                   /usr/lib/x86_64-linux-gnu/liblzma.so.5.2.5
7f1977e7c000-7f1977e7d000 r--p 00028000 08:02 10359160                   /usr/lib/x86_64-linux-gnu/liblzma.so.5.2.5
7f1977e7d000-7f1977e7e000 rw-p 00029000 08:02 10359160                   /usr/lib/x86_64-linux-gnu/liblzma.so.5.2.5
7f1977e7e000-7f1977e81000 r--p 00000000 08:02 10360435                   /usr/lib/x86_64-linux-gnu/libgslcblas.so.0.0.0
7f1977e81000-7f1977eba000 r-xp 00003000 08:02 10360435                   /usr/lib/x86_64-linux-gnu/libgslcblas.so.0.0.0
7f1977eba000-7f1977ebe000 r--p 0003c000 08:02 10360435                   /usr/lib/x86_64-linux-gnu/libgslcblas.so.0.0.0
7f1977ebe000-7f1977ebf000 r--p 0003f000 08:02 10360435                   /usr/lib/x86_64-linux-gnu/libgslcblas.so.0.0.0
7f1977ebf000-7f1977ec0000 rw-p 00040000 08:02 10360435                   /usr/lib/x86_64-linux-gnu/libgslcblas.so.0.0.0
7f1977ec0000-7f1977ecf000 r--p 00000000 08:02 10366483                   /usr/lib/x86_64-linux-gnu/libgeos_c.so.1.16.0
7f1977ecf000-7f1977eef000 r-xp 0000f000 08:02 10366483                   /usr/lib/x86_64-linux-gnu/libgeos_c.so.1.16.0
7f1977eef000-7f1977efc000 r--p 0002f000 08:02 10366483                   /usr/lib/x86_64-linux-gnu/libgeos_c.so.1.16.0
7f1977efc000-7f1977efd000 ---p 0003c000 08:02 10366483                   /usr/lib/x86_64-linux-gnu/libgeos_c.so.1.16.0
7f1977efd000-7f1977efe000 r--p 0003c000 08:02 10366483                   /usr/lib/x86_64-linux-gnu/libgeos_c.so.1.16.0
7f1977efe000-7f1977eff000 rw-p 0003d000 08:02 10366483                   /usr/lib/x86_64-linux-gnu/libgeos_c.so.1.16.0
7f1977eff000-7f1978000000 rw-p 00000000 00:00 0 
7f1978000000-7f1978537000 rw-p 00000000 00:00 0 
7f1978537000-7f197c000000 ---p 00000000 00:00 0 
7f197c003000-7f197c005000 r--p 00000000 08:02 10361503                   /usr/lib/x86_64-linux-gnu/libpsl.so.5.3.2
7f197c005000-7f197c007000 r-xp 00002000 08:02 10361503                   /usr/lib/x86_64-linux-gnu/libpsl.so.5.3.2
7f197c007000-7f197c015000 r--p 00004000 08:02 10361503                   /usr/lib/x86_64-linux-gnu/libpsl.so.5.3.2
7f197c015000-7f197c016000 r--p 00011000 08:02 10361503                   /usr/lib/x86_64-linux-gnu/libpsl.so.5.3.2
7f197c016000-7f197c017000 rw-p 00012000 08:02 10361503                   /usr/lib/x86_64-linux-gnu/libpsl.so.5.3.2
7f197c017000-7f197c019000 r--p 00000000 08:02 10355587                   /usr/lib/x86_64-linux-gnu/libjbig.so.0
7f197c019000-7f197c022000 r-xp 00002000 08:02 10355587                   /usr/lib/x86_64-linux-gnu/libjbig.so.0
7f197c022000-7f197c024000 r--p 0000b000 08:02 10355587                   /usr/lib/x86_64-linux-gnu/libjbig.so.0
7f197c024000-7f197c025000 r--p 0000c000 08:02 10355587                   /usr/lib/x86_64-linux-gnu/libjbig.so.0
7f197c025000-7f197c028000 rw-p 0000d000 08:02 10355587                   /usr/lib/x86_64-linux-gnu/libjbig.so.0
7f197c028000-7f197c02c000 r--p 00000000 08:02 10355662                   /usr/lib/x86_64-linux-gnu/libjson-c.so.5.1.0
7f197c02c000-7f197c035000 r-xp 00004000 08:02 10355662                   /usr/lib/x86_64-linux-gnu/libjson-c.so.5.1.0
7f197c035000-7f197c038000 r--p 0000d000 08:02 10355662                   /usr/lib/x86_64-linux-gnu/libjson-c.so.5.1.0
7f197c038000-7f197c039000 ---p 00010000 08:02 10355662                   /usr/lib/x86_64-linux-gnu/libjson-c.so.5.1.0
7f197c039000-7f197c03a000 r--p 00010000 08:02 10355662                   /usr/lib/x86_64-linux-gnu/libjson-c.so.5.1.0
7f197c03a000-7f197c03b000 rw-p 00011000 08:02 10355662                   /usr/lib/x86_64-linux-gnu/libjson-c.so.5.1.0
7f197c051000-7f197c076000 r--p 00000000 08:02 12591460                   /usr/share/locale-langpack/fr/LC_MESSAGES/libc.mo
7f197c076000-7f197c2f9000 rw-p 00000000 00:00 0 
7f197c2f9000-7f197c2fa000 ---p 00000000 00:00 0 
7f197c2fa000-7f197c3fb000 rw-p 00000000 00:00 0 
7f197c3fb000-7f197c3fc000 ---p 00000000 00:00 0 
7f197c3fc000-7f197c4fd000 rw-p 00000000 00:00 0 
7f197c4fd000-7f197c4fe000 ---p 00000000 00:00 0 
7f197c4fe000-7f197c7ef000 rw-p 00000000 00:00 0 
7f197c7ef000-7f197e49f000 ---p 00000000 00:00 0 
7f197e49f000-7f197e4e5000 rw-p 00000000 00:00 0 
7f197e4e5000-7f197e87b000 ---p 00000000 00:00 0 
7f197e87b000-7f197e8ba000 rw-p 00000000 00:00 0 
7f197e8ba000-7f197ec50000 ---p 00000000 00:00 0 
7f197ec50000-7f197ec8f000 rw-p 00000000 00:00 0 
7f197ec8f000-7f197f025000 ---p 00000000 00:00 0 
7f197f025000-7f197f42f000 rw-p 00000000 00:00 0 
7f197f42f000-7f197f515000 ---p 00000000 00:00 0 
7f197f515000-7f197f51a000 rw-p 00000000 00:00 0 
7f197f51a000-7f197f600000 ---p 00000000 00:00 0 
7f197f600000-7f197f69a000 r--p 00000000 08:02 10354705                   /usr/lib/x86_64-linux-gnu/libstdc++.so.6.0.30
7f197f69a000-7f197f7aa000 r-xp 0009a000 08:02 10354705                   /usr/lib/x86_64-linux-gnu/libstdc++.so.6.0.30
7f197f7aa000-7f197f819000 r--p 001aa000 08:02 10354705                   /usr/lib/x86_64-linux-gnu/libstdc++.so.6.0.30
7f197f819000-7f197f824000 r--p 00218000 08:02 10354705                   /usr/lib/x86_64-linux-gnu/libstdc++.so.6.0.30
7f197f824000-7f197f827000 rw-p 00223000 08:02 10354705                   /usr/lib/x86_64-linux-gnu/libstdc++.so.6.0.30
7f197f827000-7f197f82a000 rw-p 00000000 00:00 0 
7f197f82f000-7f197f831000 r--p 00000000 08:02 10357716                   /usr/lib/x86_64-linux-gnu/libcom_err.so.2.1
7f197f831000-7f197f832000 r-xp 00002000 08:02 10357716                   /usr/lib/x86_64-linux-gnu/libcom_err.so.2.1
7f197f832000-7f197f833000 r--p 00003000 08:02 10357716                   /usr/lib/x86_64-linux-gnu/libcom_err.so.2.1
7f197f833000-7f197f834000 r--p 00003000 08:02 10357716                   /usr/lib/x86_64-linux-gnu/libcom_err.so.2.1
7f197f834000-7f197f835000 rw-p 00004000 08:02 10357716                   /usr/lib/x86_64-linux-gnu/libcom_err.so.2.1
7f197f835000-7f197f83c000 r--s 00000000 08:02 11013395                   /usr/lib/x86_64-linux-gnu/gconv/gconv-modules.cache
7f197f83c000-7f197f840000 r--p 00000000 08:02 10491590                   /usr/lib/jvm/java-17-openjdk-amd64/lib/libverify.so
7f197f840000-7f197f847000 r-xp 00004000 08:02 10491590                   /usr/lib/jvm/java-17-openjdk-amd64/lib/libverify.so
7f197f847000-7f197f849000 r--p 0000b000 08:02 10491590                   /usr/lib/jvm/java-17-openjdk-amd64/lib/libverify.so
7f197f849000-7f197f84b000 r--p 0000c000 08:02 10491590                   /usr/lib/jvm/java-17-openjdk-amd64/lib/libverify.so
7f197f84b000-7f197f84c000 rw-p 0000e000 08:02 10491590                   /usr/lib/jvm/java-17-openjdk-amd64/lib/libverify.so
7f197f84c000-7f197f850000 r--p 00000000 08:02 10491576                   /usr/lib/jvm/java-17-openjdk-amd64/lib/libnet.so
7f197f850000-7f197f85e000 r-xp 00004000 08:02 10491576                   /usr/lib/jvm/java-17-openjdk-amd64/lib/libnet.so
7f197f85e000-7f197f862000 r--p 00012000 08:02 10491576                   /usr/lib/jvm/java-17-openjdk-amd64/lib/libnet.so
7f197f862000-7f197f863000 r--p 00015000 08:02 10491576                   /usr/lib/jvm/java-17-openjdk-amd64/lib/libnet.so
7f197f863000-7f197f864000 rw-p 00016000 08:02 10491576                   /usr/lib/jvm/java-17-openjdk-amd64/lib/libnet.so
7f197f864000-7f197f900000 rw-p 00000000 00:00 0 
7f197f900000-7f197f904000 ---p 00000000 00:00 0 
7f197f904000-7f197fa00000 rw-p 00000000 00:00 0 
7f197fa00000-7f197fc50000 r--p 00000000 08:02 10491606                   /usr/lib/jvm/java-17-openjdk-amd64/lib/server/libjvm.so
7f197fc50000-7f19809d4000 r-xp 00250000 08:02 10491606                   /usr/lib/jvm/java-17-openjdk-amd64/lib/server/libjvm.so
7f19809d4000-7f1980c57000 r--p 00fd4000 08:02 10491606                   /usr/lib/jvm/java-17-openjdk-amd64/lib/server/libjvm.so
7f1980c57000-7f1980d0f000 r--p 01256000 08:02 10491606                   /usr/lib/jvm/java-17-openjdk-amd64/lib/server/libjvm.so
7f1980d0f000-7f1980d44000 rw-p 0130e000 08:02 10491606                   /usr/lib/jvm/java-17-openjdk-amd64/lib/server/libjvm.so
7f1980d44000-7f1980d9e000 rw-p 00000000 00:00 0 
7f1980da3000-7f1980da4000 r--p 00000000 08:02 10491501                   /usr/lib/jvm/java-17-openjdk-amd64/lib/libextnet.so
7f1980da4000-7f1980da5000 r-xp 00001000 08:02 10491501                   /usr/lib/jvm/java-17-openjdk-amd64/lib/libextnet.so
7f1980da5000-7f1980da6000 r--p 00002000 08:02 10491501                   /usr/lib/jvm/java-17-openjdk-amd64/lib/libextnet.so
7f1980da6000-7f1980da7000 r--p 00002000 08:02 10491501                   /usr/lib/jvm/java-17-openjdk-amd64/lib/libextnet.so
7f1980da7000-7f1980da8000 rw-p 00003000 08:02 10491501                   /usr/lib/jvm/java-17-openjdk-amd64/lib/libextnet.so
7f1980da8000-7f1980dae000 r--p 00000000 08:02 10491578                   /usr/lib/jvm/java-17-openjdk-amd64/lib/libnio.so
7f1980dae000-7f1980db7000 r-xp 00006000 08:02 10491578                   /usr/lib/jvm/java-17-openjdk-amd64/lib/libnio.so
7f1980db7000-7f1980dbb000 r--p 0000f000 08:02 10491578                   /usr/lib/jvm/java-17-openjdk-amd64/lib/libnio.so
7f1980dbb000-7f1980dbc000 ---p 00013000 08:02 10491578                   /usr/lib/jvm/java-17-openjdk-amd64/lib/libnio.so
7f1980dbc000-7f1980dbd000 r--p 00013000 08:02 10491578                   /usr/lib/jvm/java-17-openjdk-amd64/lib/libnio.so
7f1980dbd000-7f1980dbe000 rw-p 00014000 08:02 10491578                   /usr/lib/jvm/java-17-openjdk-amd64/lib/libnio.so
7f1980dbe000-7f1980e00000 rw-p 00000000 00:00 0 
7f1980e00000-7f1980e28000 r--p 00000000 08:02 10365356                   /usr/lib/x86_64-linux-gnu/libc.so.6
7f1980e28000-7f1980fbd000 r-xp 00028000 08:02 10365356                   /usr/lib/x86_64-linux-gnu/libc.so.6
7f1980fbd000-7f1981015000 r--p 001bd000 08:02 10365356                   /usr/lib/x86_64-linux-gnu/libc.so.6
7f1981015000-7f1981019000 r--p 00214000 08:02 10365356                   /usr/lib/x86_64-linux-gnu/libc.so.6
7f1981019000-7f198101b000 rw-p 00218000 08:02 10365356                   /usr/lib/x86_64-linux-gnu/libc.so.6
7f198101b000-7f1981028000 rw-p 00000000 00:00 0 
7f1981028000-7f198102a000 r--p 00000000 08:02 10491592                   /usr/lib/jvm/java-17-openjdk-amd64/lib/libzip.so
7f198102a000-7f198102f000 r-xp 00002000 08:02 10491592                   /usr/lib/jvm/java-17-openjdk-amd64/lib/libzip.so
7f198102f000-7f1981031000 r--p 00007000 08:02 10491592                   /usr/lib/jvm/java-17-openjdk-amd64/lib/libzip.so
7f1981031000-7f1981032000 r--p 00008000 08:02 10491592                   /usr/lib/jvm/java-17-openjdk-amd64/lib/libzip.so
7f1981032000-7f1981033000 rw-p 00009000 08:02 10491592                   /usr/lib/jvm/java-17-openjdk-amd64/lib/libzip.so
7f1981033000-7f1981038000 rw-p 00000000 00:00 0 
7f1981038000-7f198103f000 ---p 00000000 00:00 0 
7f198103f000-7f198104b000 r--p 00000000 08:02 10491515                   /usr/lib/jvm/java-17-openjdk-amd64/lib/libjava.so
7f198104b000-7f198105e000 r-xp 0000c000 08:02 10491515                   /usr/lib/jvm/java-17-openjdk-amd64/lib/libjava.so
7f198105e000-7f1981064000 r--p 0001f000 08:02 10491515                   /usr/lib/jvm/java-17-openjdk-amd64/lib/libjava.so
7f1981064000-7f1981065000 r--p 00024000 08:02 10491515                   /usr/lib/jvm/java-17-openjdk-amd64/lib/libjava.so
7f1981065000-7f1981066000 rw-p 00025000 08:02 10491515                   /usr/lib/jvm/java-17-openjdk-amd64/lib/libjava.so
7f1981066000-7f1981067000 rw-p 00000000 00:00 0 
7f1981067000-7f1981068000 r--p 00000000 08:02 10491505                   /usr/lib/jvm/java-17-openjdk-amd64/lib/libinstrument.so
7f1981068000-7f198106e000 r-xp 00001000 08:02 10491505                   /usr/lib/jvm/java-17-openjdk-amd64/lib/libinstrument.so
7f198106e000-7f1981071000 r--p 00007000 08:02 10491505                   /usr/lib/jvm/java-17-openjdk-amd64/lib/libinstrument.so
7f1981071000-7f1981072000 r--p 00009000 08:02 10491505                   /usr/lib/jvm/java-17-openjdk-amd64/lib/libinstrument.so
7f1981072000-7f1981073000 rw-p 0000a000 08:02 10491505                   /usr/lib/jvm/java-17-openjdk-amd64/lib/libinstrument.so
7f1981073000-7f1981076000 r--p 00000000 08:02 10354703                   /usr/lib/x86_64-linux-gnu/libgcc_s.so.1
7f1981076000-7f198108d000 r-xp 00003000 08:02 10354703                   /usr/lib/x86_64-linux-gnu/libgcc_s.so.1
7f198108d000-7f1981091000 r--p 0001a000 08:02 10354703                   /usr/lib/x86_64-linux-gnu/libgcc_s.so.1
7f1981091000-7f1981092000 r--p 0001d000 08:02 10354703                   /usr/lib/x86_64-linux-gnu/libgcc_s.so.1
7f1981092000-7f1981093000 rw-p 0001e000 08:02 10354703                   /usr/lib/x86_64-linux-gnu/libgcc_s.so.1
7f1981093000-7f19810a1000 r--p 00000000 08:02 10365361                   /usr/lib/x86_64-linux-gnu/libm.so.6
7f19810a1000-7f198111d000 r-xp 0000e000 08:02 10365361                   /usr/lib/x86_64-linux-gnu/libm.so.6
7f198111d000-7f1981178000 r--p 0008a000 08:02 10365361                   /usr/lib/x86_64-linux-gnu/libm.so.6
7f1981178000-7f1981179000 r--p 000e4000 08:02 10365361                   /usr/lib/x86_64-linux-gnu/libm.so.6
7f1981179000-7f198117a000 rw-p 000e5000 08:02 10365361                   /usr/lib/x86_64-linux-gnu/libm.so.6
7f198117a000-7f198117d000 rw-p 00000000 00:00 0 
7f198117d000-7f198117f000 r--p 00000000 08:02 10354880                   /usr/lib/x86_64-linux-gnu/libz.so.1.2.11
7f198117f000-7f1981190000 r-xp 00002000 08:02 10354880                   /usr/lib/x86_64-linux-gnu/libz.so.1.2.11
7f1981190000-7f1981196000 r--p 00013000 08:02 10354880                   /usr/lib/x86_64-linux-gnu/libz.so.1.2.11
7f1981196000-7f1981197000 ---p 00019000 08:02 10354880                   /usr/lib/x86_64-linux-gnu/libz.so.1.2.11
7f1981197000-7f1981198000 r--p 00019000 08:02 10354880                   /usr/lib/x86_64-linux-gnu/libz.so.1.2.11
7f1981198000-7f1981199000 rw-p 0001a000 08:02 10354880                   /usr/lib/x86_64-linux-gnu/libz.so.1.2.11
7f198119b000-7f198119c000 r-xp 00000000 00:00 0 
7f198119c000-7f19811a4000 rw-s 00000000 08:02 1978130                    /tmp/hsperfdata_nidhal/318066
7f19811a4000-7f19811a5000 ---p 00000000 00:00 0 
7f19811a5000-7f19811a6000 r--p 00000000 00:00 0 
7f19811a6000-7f19811a8000 r--p 00000000 08:02 10491521                   /usr/lib/jvm/java-17-openjdk-amd64/lib/libjimage.so
7f19811a8000-7f19811ab000 r-xp 00002000 08:02 10491521                   /usr/lib/jvm/java-17-openjdk-amd64/lib/libjimage.so
7f19811ab000-7f19811ac000 r--p 00005000 08:02 10491521                   /usr/lib/jvm/java-17-openjdk-amd64/lib/libjimage.so
7f19811ac000-7f19811ad000 ---p 00006000 08:02 10491521                   /usr/lib/jvm/java-17-openjdk-amd64/lib/libjimage.so
7f19811ad000-7f19811ae000 r--p 00006000 08:02 10491521                   /usr/lib/jvm/java-17-openjdk-amd64/lib/libjimage.so
7f19811ae000-7f19811af000 rw-p 00007000 08:02 10491521                   /usr/lib/jvm/java-17-openjdk-amd64/lib/libjimage.so
7f19811af000-7f19811b1000 r--p 00000000 08:02 10491523                   /usr/lib/jvm/java-17-openjdk-amd64/lib/libjli.so
7f19811b1000-7f19811bb000 r-xp 00002000 08:02 10491523                   /usr/lib/jvm/java-17-openjdk-amd64/lib/libjli.so
7f19811bb000-7f19811be000 r--p 0000c000 08:02 10491523                   /usr/lib/jvm/java-17-openjdk-amd64/lib/libjli.so
7f19811be000-7f19811bf000 r--p 0000e000 08:02 10491523                   /usr/lib/jvm/java-17-openjdk-amd64/lib/libjli.so
7f19811bf000-7f19811c0000 rw-p 0000f000 08:02 10491523                   /usr/lib/jvm/java-17-openjdk-amd64/lib/libjli.so
7f19811c0000-7f19811c2000 rw-p 00000000 00:00 0 
7f19811c2000-7f19811c4000 r--p 00000000 08:02 10356375                   /usr/lib/x86_64-linux-gnu/ld-linux-x86-64.so.2
7f19811c4000-7f19811ee000 r-xp 00002000 08:02 10356375                   /usr/lib/x86_64-linux-gnu/ld-linux-x86-64.so.2
7f19811ee000-7f19811f9000 r--p 0002c000 08:02 10356375                   /usr/lib/x86_64-linux-gnu/ld-linux-x86-64.so.2
7f19811f9000-7f19811fa000 ---p 00000000 00:00 0 
7f19811fa000-7f19811fc000 r--p 00037000 08:02 10356375                   /usr/lib/x86_64-linux-gnu/ld-linux-x86-64.so.2
7f19811fc000-7f19811fe000 rw-p 00039000 08:02 10356375                   /usr/lib/x86_64-linux-gnu/ld-linux-x86-64.so.2
7ffda7b18000-7ffda7b3a000 rw-p 00000000 00:00 0                          [stack]
7ffda7bd5000-7ffda7bd9000 r--p 00000000 00:00 0                          [vvar]
7ffda7bd9000-7ffda7bdb000 r-xp 00000000 00:00 0                          [vdso]
ffffffffff600000-ffffffffff601000 --xp 00000000 00:00 0                  [vsyscall]


VM Arguments:
jvm_args: -javaagent:/snap/intellij-idea-ultimate/430/lib/idea_rt.jar=41563:/snap/intellij-idea-ultimate/430/bin -Dfile.encoding=UTF-8 
java_command: tutorials.hello_world
java_class_path (initial): /home/nidhal/IdeaProjects/JMEOS/target/classes:/home/nidhal/.m2/repository/com/github/jnr/jnr-ffi/2.2.11/jnr-ffi-2.2.11.jar:/home/nidhal/.m2/repository/com/github/jnr/jffi/1.3.9/jffi-1.3.9.jar:/home/nidhal/.m2/repository/com/github/jnr/jffi/1.3.9/jffi-1.3.9-native.jar:/home/nidhal/.m2/repository/org/ow2/asm/asm/9.2/asm-9.2.jar:/home/nidhal/.m2/repository/org/ow2/asm/asm-commons/9.2/asm-commons-9.2.jar:/home/nidhal/.m2/repository/org/ow2/asm/asm-analysis/9.2/asm-analysis-9.2.jar:/home/nidhal/.m2/repository/org/ow2/asm/asm-tree/9.2/asm-tree-9.2.jar:/home/nidhal/.m2/repository/org/ow2/asm/asm-util/9.2/asm-util-9.2.jar:/home/nidhal/.m2/repository/com/github/jnr/jnr-a64asm/1.0.0/jnr-a64asm-1.0.0.jar:/home/nidhal/.m2/repository/com/github/jnr/jnr-x86asm/1.0.2/jnr-x86asm-1.0.2.jar:/home/nidhal/.m2/repository/org/hibernate/orm/hibernate-core/6.2.2.Final/hibernate-core-6.2.2.Final.jar:/home/nidhal/.m2/repository/jakarta/persistence/jakarta.persistence-api/3.1.0/jakarta.persistence-api-3.1.0.jar:/home/nidhal/.m2/repository/jakarta/transaction/jakarta.transaction-api/2.0.1/jakarta.transaction-api-2.0.1.jar:/home/nidhal/.m2/repository/org/jboss/logging/jboss-logging/3.5.0.Final/jboss-logging-3.5.0.Final.jar:/home/nidhal/.m2/repository/org/hibernate/common/hibernate-commons-annotations/6.0.6.Final/hibernate-commons-annotations-6.0.6.Final.jar:/home/nidhal/.m2/repository/io/smallrye/jandex/3.0.5/jandex-3.0.5.jar:/home/nidhal/.m2/repository/com/fasterxml/classmate/1.5.1/classmate-1.5.1.jar:/home/nidhal/.m2/repository/net/bytebuddy/byte-buddy/1.12.18/byte-buddy-1.12.18.jar:/home/nidhal/.m2/repository/jakarta/xml/bind/jakarta.xml.bind-api/4.0.0/jakarta.xml.bind-api-4.0.0.jar:/home/nidhal/.m2/repository/jakarta/activation/jakarta.activation-api/2.1.0/jakarta.activation-api-2.1.0.jar:/home/nidhal/.m2/repository/org/glassfish/jaxb/jaxb-runtime/4.0.2/jaxb-runtime-4.0.2.jar:/home/nidhal/.m2/repository/org/glassfish/jaxb/jaxb-core/4.0.2/jaxb-core-4.0.2.jar:/ho
Launcher Type: SUN_STANDARD

[Global flags]
     intx CICompilerCount                          = 3                                         {product} {ergonomic}
     uint ConcGCThreads                            = 1                                         {product} {ergonomic}
     uint G1ConcRefinementThreads                  = 4                                         {product} {ergonomic}
   size_t G1HeapRegionSize                         = 1048576                                   {product} {ergonomic}
    uintx GCDrainStackTargetSize                   = 64                                        {product} {ergonomic}
   size_t InitialHeapSize                          = 130023424                                 {product} {ergonomic}
   size_t MarkStackSize                            = 4194304                                   {product} {ergonomic}
   size_t MaxHeapSize                              = 2057306112                                {product} {ergonomic}
   size_t MaxNewSize                               = 1234173952                                {product} {ergonomic}
   size_t MinHeapDeltaBytes                        = 1048576                                   {product} {ergonomic}
   size_t MinHeapSize                              = 8388608                                   {product} {ergonomic}
    uintx NonNMethodCodeHeapSize                   = 5832780                                {pd product} {ergonomic}
    uintx NonProfiledCodeHeapSize                  = 122912730                              {pd product} {ergonomic}
    uintx ProfiledCodeHeapSize                     = 122912730                              {pd product} {ergonomic}
    uintx ReservedCodeCacheSize                    = 251658240                              {pd product} {ergonomic}
     bool SegmentedCodeCache                       = true                                      {product} {ergonomic}
   size_t SoftMaxHeapSize                          = 2057306112                             {manageable} {ergonomic}
     bool UseCompressedClassPointers               = true                           {product lp64_product} {ergonomic}
     bool UseCompressedOops                        = true                           {product lp64_product} {ergonomic}
     bool UseG1GC                                  = true                                      {product} {ergonomic}

Logging:
Log output configuration:
 #0: stdout all=warning uptime,level,tags
 #1: stderr all=off uptime,level,tags

Environment Variables:
JAVA_HOME=/opt/jdk-13.0.2
PATH=/home/nidhal/.local/bin:/usr/local/sbin:/usr/local/bin:/usr/sbin:/usr/bin:/sbin:/bin:/usr/games:/usr/local/games:/snap/bin:/snap/bin/opt/jdk-13.0.2/bin
USERNAME=nidhal
SHELL=/bin/bash
DISPLAY=:0
LANG=fr_FR.UTF-8

Active Locale:
LC_ALL=fr_FR.UTF-8
LC_COLLATE=fr_FR.UTF-8
LC_CTYPE=fr_FR.UTF-8
LC_MESSAGES=fr_FR.UTF-8
LC_MONETARY=fr_FR.UTF-8
LC_NUMERIC=fr_FR.UTF-8
LC_TIME=fr_FR.UTF-8

Signal Handlers:
   SIGSEGV: crash_handler in libjvm.so, mask=11100100010111111101111111111110, flags=SA_RESTART|SA_SIGINFO, unblocked
    SIGBUS: crash_handler in libjvm.so, mask=11100100010111111101111111111110, flags=SA_RESTART|SA_SIGINFO, unblocked
    SIGFPE: crash_handler in libjvm.so, mask=11100100010111111101111111111110, flags=SA_RESTART|SA_SIGINFO, unblocked
   SIGPIPE: javaSignalHandler in libjvm.so, mask=11100100010111111101111111111110, flags=SA_RESTART|SA_SIGINFO, blocked
   SIGXFSZ: javaSignalHandler in libjvm.so, mask=11100100010111111101111111111110, flags=SA_RESTART|SA_SIGINFO, blocked
    SIGILL: crash_handler in libjvm.so, mask=11100100010111111101111111111110, flags=SA_RESTART|SA_SIGINFO, unblocked
   SIGUSR2: SR_handler in libjvm.so, mask=00100000000000000000000000000000, flags=SA_RESTART|SA_SIGINFO, blocked
    SIGHUP: UserHandler in libjvm.so, mask=11100100010111111101111111111110, flags=SA_RESTART|SA_SIGINFO, blocked
    SIGINT: UserHandler in libjvm.so, mask=11100100010111111101111111111110, flags=SA_RESTART|SA_SIGINFO, blocked
   SIGTERM: UserHandler in libjvm.so, mask=11100100010111111101111111111110, flags=SA_RESTART|SA_SIGINFO, blocked
   SIGQUIT: UserHandler in libjvm.so, mask=11100100010111111101111111111110, flags=SA_RESTART|SA_SIGINFO, blocked
   SIGTRAP: crash_handler in libjvm.so, mask=11100100010111111101111111111110, flags=SA_RESTART|SA_SIGINFO, unblocked


---------------  S Y S T E M  ---------------

OS:
DISTRIB_ID=Ubuntu
DISTRIB_RELEASE=22.04
DISTRIB_CODENAME=jammy
DISTRIB_DESCRIPTION="Ubuntu 22.04.2 LTS"
uname: Linux 5.19.0-42-generic #43~22.04.1-Ubuntu SMP PREEMPT_DYNAMIC Fri Apr 21 16:51:08 UTC 2 x86_64
OS uptime: 0 days 4:06 hours
libc: glibc 2.35 NPTL 2.35 
rlimit (soft/hard): STACK 8192k/infinity , CORE 0k/infinity , NPROC 31051/31051 , NOFILE 1048576/1048576 , AS infinity/infinity , CPU infinity/infinity , DATA infinity/infinity , FSIZE infinity/infinity , MEMLOCK 1003616k/1003616k
load average: 10,62 5,30 3,65

/proc/meminfo:
MemTotal:        8028956 kB
MemFree:          326060 kB
MemAvailable:    2737944 kB
Buffers:          212512 kB
Cached:          2526988 kB
SwapCached:        25528 kB
Active:          2076320 kB
Inactive:        4765656 kB
Active(anon):     990812 kB
Inactive(anon):  3516376 kB
Active(file):    1085508 kB
Inactive(file):  1249280 kB
Unevictable:       70164 kB
Mlocked:              16 kB
SwapTotal:       2097148 kB
SwapFree:        1325564 kB
Zswap:                 0 kB
Zswapped:              0 kB
Dirty:              6096 kB
Writeback:             0 kB
AnonPages:       4163756 kB
Mapped:           947832 kB
Shmem:            410556 kB
KReclaimable:     382264 kB
Slab:             619980 kB
SReclaimable:     382264 kB
SUnreclaim:       237716 kB
KernelStack:       21308 kB
PageTables:        43104 kB
NFS_Unstable:          0 kB
Bounce:                0 kB
WritebackTmp:          0 kB
CommitLimit:     6111624 kB
Committed_AS:   12407436 kB
VmallocTotal:   34359738367 kB
VmallocUsed:       77368 kB
VmallocChunk:          0 kB
Percpu:             5680 kB
HardwareCorrupted:     0 kB
AnonHugePages:         0 kB
ShmemHugePages:        0 kB
ShmemPmdMapped:        0 kB
FileHugePages:         0 kB
FilePmdMapped:         0 kB
HugePages_Total:       0
HugePages_Free:        0
HugePages_Rsvd:        0
HugePages_Surp:        0
Hugepagesize:       2048 kB
Hugetlb:               0 kB
DirectMap4k:      487192 kB
DirectMap2M:     7790592 kB
DirectMap1G:           0 kB

/sys/kernel/mm/transparent_hugepage/enabled: always [madvise] never
/sys/kernel/mm/transparent_hugepage/defrag (defrag/compaction efforts parameter): always defer defer+madvise [madvise] never

Process Memory:
Virtual Size: 5165100K (peak: 5165100K)
Resident Set Size: 84836K (peak: 84836K) (anon: 45568K, file: 39268K, shmem: 0K)
Swapped out: 0K
C-Heap outstanding allocations: 23600K, retained: 3199K
glibc malloc tunables: (default)

/proc/sys/kernel/threads-max (system-wide limit on the number of threads): 62103
/proc/sys/vm/max_map_count (maximum number of memory map areas a process may have): 65530
/proc/sys/kernel/pid_max (system-wide limit on number of process identifiers): 4194304

container (cgroup) information:
container_type: cgroupv2
cpu_cpuset_cpus: not supported
cpu_memory_nodes: not supported
active_processor_count: 4
cpu_quota: not supported
cpu_period: not supported
cpu_shares: not supported
memory_limit_in_bytes: unlimited
memory_and_swap_limit_in_bytes: unlimited
memory_soft_limit_in_bytes: unlimited
memory_usage_in_bytes: 3406964 k
memory_max_usage_in_bytes: not supported
memory_swap_current_in_bytes: 456620 k
memory_swap_max_limit_in_bytes: unlimited
maximum number of tasks: 9315
current number of tasks: 239

Steal ticks since vm start: 0
Steal ticks percentage since vm start:  0,000

CPU: total 4 (initial active 4) (2 cores per cpu, 2 threads per core) family 6 model 78 stepping 3 microcode 0xf0, cx8, cmov, fxsr, ht, mmx, 3dnowpref, sse, sse2, sse3, ssse3, sse4.1, sse4.2, popcnt, lzcnt, tsc, tscinvbit, avx, avx2, aes, erms, clmul, bmi1, bmi2, adx, fma, vzeroupper, clflush, clflushopt
CPU Model and flags from /proc/cpuinfo:
model name	: Intel(R) Core(TM) i3-6100U CPU @ 2.30GHz
flags		: fpu vme de pse tsc msr pae mce cx8 apic sep mtrr pge mca cmov pat pse36 clflush dts acpi mmx fxsr sse sse2 ss ht tm pbe syscall nx pdpe1gb rdtscp lm constant_tsc art arch_perfmon pebs bts rep_good nopl xtopology nonstop_tsc cpuid aperfmperf pni pclmulqdq dtes64 monitor ds_cpl est tm2 ssse3 sdbg fma cx16 xtpr pdcm pcid sse4_1 sse4_2 x2apic movbe popcnt tsc_deadline_timer aes xsave avx f16c rdrand lahf_lm abm 3dnowprefetch cpuid_fault epb invpcid_single pti ssbd ibrs ibpb stibp fsgsbase tsc_adjust bmi1 avx2 smep bmi2 erms invpcid mpx rdseed adx smap clflushopt intel_pt xsaveopt xsavec xgetbv1 xsaves dtherm ida arat pln pts hwp hwp_notify hwp_act_window hwp_epp md_clear flush_l1d arch_capabilities

Online cpus: 0-3
Offline cpus: 
BIOS frequency limitation: <Not Available>
Frequency switch latency (ns): 0
Available cpu frequencies: <Not Available>
Current governor: powersave
Core performance/turbo boost: <Not Available>

Memory: 4k page, physical 8028956k(325304k free), swap 2097148k(1325564k free)
Page Sizes: 4k

vm_info: OpenJDK 64-Bit Server VM (17.0.7+7-Ubuntu-0ubuntu122.04.2) for linux-amd64 JRE (17.0.7+7-Ubuntu-0ubuntu122.04.2), built on May 10 2023 04:02:16 by "buildd" with gcc 11.3.0

END.
