#
# A fatal error has been detected by the Java Runtime Environment:
#
#  SIGSEGV (0xb) at pc=0x00007f0598d24979, pid=419352, tid=419353
#
# JRE version: OpenJDK Runtime Environment (17.0.7+7) (build 17.0.7+7-Ubuntu-0ubuntu122.04.2)
# Java VM: OpenJDK 64-Bit Server VM (17.0.7+7-Ubuntu-0ubuntu122.04.2, mixed mode, sharing, tiered, compressed oops, compressed class ptrs, g1 gc, linux-amd64)
# Problematic frame:
# C  [libmeos.so+0xa8979]  pg_next_dst_boundary+0x29
#
# Core dump will be written. Default location: Core dumps may be processed with "/usr/share/apport/apport -p%p -s%s -c%c -d%d -P%P -u%u -g%g -- %E" (or dumping to /home/nidhal/IdeaProjects/JMEOS/core.419352)
#
# If you would like to submit a bug report, please visit:
#   Unknown
# The crash happened outside the Java Virtual Machine in native code.
# See problematic frame for where to report the bug.
#

---------------  S U M M A R Y ------------

Command Line: -javaagent:/snap/intellij-idea-ultimate/430/lib/idea_rt.jar=33595:/snap/intellij-idea-ultimate/430/bin -Dfile.encoding=UTF-8 tutorials.hello_world

Host: Intel(R) Core(TM) i3-6100U CPU @ 2.30GHz, 4 cores, 7G, Ubuntu 22.04.2 LTS
Time: Mon May 29 23:14:10 2023 CEST elapsed time: 1.167779 seconds (0d 0h 0m 1s)

---------------  T H R E A D  ---------------

Current thread (0x00007f05c4016800):  JavaThread "main" [_thread_in_native, id=419353, stack(0x00007f05c8700000,0x00007f05c8800000)]

Stack: [0x00007f05c8700000,0x00007f05c8800000],  sp=0x00007f05c87fdfa0,  free space=1015k
Native frames: (J=compiled Java code, j=interpreted, Vv=VM code, C=native code)
C  [libmeos.so+0xa8979]  pg_next_dst_boundary+0x29

Java frames: (J=compiled Java code, j=interpreted, Vv=VM code)
j  com.kenai.jffi.Foreign.invokeN1O1(JJJLjava/lang/Object;III)J+0
j  com.kenai.jffi.Invoker.invokeN1(Lcom/kenai/jffi/CallContext;JJILjava/lang/Object;Lcom/kenai/jffi/ObjectParameterStrategy;Lcom/kenai/jffi/ObjectParameterInfo;)J+57
j  tutorials.hello_world$MeosLibrary$jnr$ffi$0.tgeompoint_in([B)Ljnr/ffi/Pointer;+52
j  tutorials.hello_world.main([Ljava/lang/String;)V+122
v  ~StubRoutines::call_stub

siginfo: si_signo: 11 (SIGSEGV), si_code: 1 (SEGV_MAPERR), si_addr: 0x0000000000000104

Register to memory mapping:

RAX=0x0 is NULL
RBX=0x0 is NULL
RCX=0x00007f05c87fe000 is pointing into the stack for thread: 0x00007f05c4016800
RDX=0x00007f05c87fdff0 is pointing into the stack for thread: 0x00007f05c4016800
RSP=0x00007f05c87fdfa0 is pointing into the stack for thread: 0x00007f05c4016800
RBP=0x00000000386bf200 is an unknown value
RSI=0x00007f05c87fe008 is pointing into the stack for thread: 0x00007f05c4016800
RDI=0x00007f05c87fdff8 is pointing into the stack for thread: 0x00007f05c4016800
R8 =0x00007f05c87fe010 is pointing into the stack for thread: 0x00007f05c4016800
R9 =0x00007f05c87fdff4 is pointing into the stack for thread: 0x00007f05c4016800
R10=0x00007f05c87fdff0 is pointing into the stack for thread: 0x00007f05c4016800
R11=0x00007f0598d24950: pg_next_dst_boundary+0x0000000000000000 in /usr/local/lib/libmeos.so at 0x00007f0598c7c000
R12=0x00007f05c87fe050 is pointing into the stack for thread: 0x00007f05c4016800
R13=0x0 is NULL
R14=0x0 is NULL
R15=0x00007f05c87fe1c0 is pointing into the stack for thread: 0x00007f05c4016800


Registers:
RAX=0x0000000000000000, RBX=0x0000000000000000, RCX=0x00007f05c87fe000, RDX=0x00007f05c87fdff0
RSP=0x00007f05c87fdfa0, RBP=0x00000000386bf200, RSI=0x00007f05c87fe008, RDI=0x00007f05c87fdff8
R8 =0x00007f05c87fe010, R9 =0x00007f05c87fdff4, R10=0x00007f05c87fdff0, R11=0x00007f0598d24950
R12=0x00007f05c87fe050, R13=0x0000000000000000, R14=0x0000000000000000, R15=0x00007f05c87fe1c0
RIP=0x00007f0598d24979, EFLAGS=0x0000000000010246, CSGSFS=0x002b000000000033, ERR=0x0000000000000004
  TRAPNO=0x000000000000000e

Top of Stack: (sp=0x00007f05c87fdfa0)
0x00007f05c87fdfa0:   00000000ffffffff 4e8095c4514aa200
0x00007f05c87fdfb0:   00007f0598c949c8 00007f05c87fe1c0
0x00007f05c87fdfc0:   00000000386d4380 00007f05c87fe050
0x00007f05c87fdfd0:   0000000000000000 00007f0598d2625c 

Instructions: (pc=0x00007f0598d24979)
0x00007f0598d24879:   00 00 00 00 0f 1f 00 f3 0f 1e fa 49 89 f8 48 8d
0x00007f0598d24889:   be 00 01 00 00 4c 89 c6 e9 ca fd ff ff 66 2e 0f
0x00007f0598d24899:   1f 84 00 00 00 00 00 f3 0f 1e fa 41 55 41 54 55
0x00007f0598d248a9:   48 89 fd 53 48 83 ec 08 48 8b 1d 68 89 0d 00 48
0x00007f0598d248b9:   85 db 74 2b 48 8b 7d 00 48 89 da 31 f6 48 81 c3
0x00007f0598d248c9:   68 56 00 00 e8 ce df ff ff 48 89 1d 97 89 0d 00
0x00007f0598d248d9:   48 83 c4 08 5b 5d 41 5c 41 5d c3 0f 1f 40 00 bf
0x00007f0598d248e9:   90 5b 00 00 e8 8e 66 f9 ff 48 89 05 27 89 0d 00
0x00007f0598d248f9:   49 89 c4 48 85 c0 74 d8 4c 8d 2d 38 5a 08 00 31
0x00007f0598d24909:   f6 b9 01 00 00 00 48 89 c2 4c 89 ef e8 56 72 f9
0x00007f0598d24919:   ff 85 c0 75 12 48 8b 1d fb 88 0d 00 eb 96 66 0f
0x00007f0598d24929:   1f 84 00 00 00 00 00 ba 01 00 00 00 4c 89 e6 4c
0x00007f0598d24939:   89 ef e8 60 70 f9 ff eb dc 66 66 2e 0f 1f 84 00
0x00007f0598d24949:   00 00 00 00 0f 1f 00 f3 0f 1e fa 41 55 49 89 d2
0x00007f0598d24959:   41 54 55 53 48 83 ec 18 48 8b 2f 64 48 8b 04 25
0x00007f0598d24969:   28 00 00 00 48 89 44 24 08 31 c0 48 8b 5c 24 40
0x00007f0598d24979:   44 8b 9b 04 01 00 00 45 85 db 0f 84 27 02 00 00
0x00007f0598d24989:   80 bb 10 01 00 00 00 49 89 cc 75 6b 41 8d 53 ff
0x00007f0598d24999:   80 bb 11 01 00 00 00 48 63 ca 48 8b 84 cb 18 01
0x00007f0598d249a9:   00 00 0f 84 ef 00 00 00 48 39 c5 0f 8e e6 00 00
0x00007f0598d249b9:   00 48 8b 8b 18 01 00 00 48 39 e9 7f 46 48 bf e7
0x00007f0598d249c9:   58 ef 44 46 ef 35 ae 48 89 ea 48 29 c2 48 83 ea
0x00007f0598d249d9:   01 48 89 d0 48 f7 e7 48 b8 80 59 60 f0 02 00 00
0x00007f0598d249e9:   00 48 c1 ea 21 4c 8d 6a 01 4c 0f af e8 48 89 e8
0x00007f0598d249f9:   4c 29 e8 eb 43 66 90 48 8b 8b 18 01 00 00 48 39
0x00007f0598d24a09:   e9 7e 89 48 bf e7 58 ef 44 46 ef 35 ae 48 89 ca
0x00007f0598d24a19:   48 29 ea 48 83 ea 01 48 89 d0 48 f7 e7 48 b8 80
0x00007f0598d24a29:   59 60 f0 02 00 00 00 48 c1 ea 21 4c 8d 6a 01 4c
0x00007f0598d24a39:   0f af e8 4a 8d 44 2d 00 48 89 04 24 48 39 c1 0f
0x00007f0598d24a49:   8f 12 02 00 00 41 8d 53 ff 41 bb ff ff ff ff 48
0x00007f0598d24a59:   63 d2 48 39 84 d3 18 01 00 00 0f 8c 83 01 00 00
0x00007f0598d24a69:   48 89 e7 48 83 ec 08 4c 89 d2 4c 89 e1 53 e8 d4 


Stack slot to memory mapping:
stack at sp + 0 slots: 0x00000000ffffffff points into unknown readable memory: 00
stack at sp + 1 slots: 0x4e8095c4514aa200 is an unknown value
stack at sp + 2 slots: 0x00007f0598c949c8: <offset 0x00000000000189c8> in /usr/local/lib/libmeos.so at 0x00007f0598c7c000
stack at sp + 3 slots: 0x00007f05c87fe1c0 is pointing into the stack for thread: 0x00007f05c4016800
stack at sp + 4 slots: 0x00000000386d4380 is an unknown value
stack at sp + 5 slots: 0x00007f05c87fe050 is pointing into the stack for thread: 0x00007f05c4016800
stack at sp + 6 slots: 0x0 is NULL
stack at sp + 7 slots: 0x00007f0598d2625c: <offset 0x00000000000aa25c> in /usr/local/lib/libmeos.so at 0x00007f0598c7c000


---------------  P R O C E S S  ---------------

Threads class SMR info:
_java_thread_list=0x00007f0578001fc0, length=13, elements={
0x00007f05c4016800, 0x00007f05c4115880, 0x00007f05c4116c60, 0x00007f05c411c410,
0x00007f05c411d7c0, 0x00007f05c411ebd0, 0x00007f05c4120580, 0x00007f05c4121ab0,
0x00007f05c4122f20, 0x00007f05c412eaa0, 0x00007f05c430b7b0, 0x00007f05c430ceb0,
0x00007f0578000fe0
}

Java Threads: ( => current thread )
=>0x00007f05c4016800 JavaThread "main" [_thread_in_native, id=419353, stack(0x00007f05c8700000,0x00007f05c8800000)]
  0x00007f05c4115880 JavaThread "Reference Handler" daemon [_thread_blocked, id=419383, stack(0x00007f05a81d5000,0x00007f05a82d5000)]
  0x00007f05c4116c60 JavaThread "Finalizer" daemon [_thread_blocked, id=419384, stack(0x00007f05a80d5000,0x00007f05a81d5000)]
  0x00007f05c411c410 JavaThread "Signal Dispatcher" daemon [_thread_blocked, id=419387, stack(0x00007f0599700000,0x00007f0599800000)]
  0x00007f05c411d7c0 JavaThread "Service Thread" daemon [_thread_blocked, id=419388, stack(0x00007f0599600000,0x00007f0599700000)]
  0x00007f05c411ebd0 JavaThread "Monitor Deflation Thread" daemon [_thread_blocked, id=419389, stack(0x00007f0599500000,0x00007f0599600000)]
  0x00007f05c4120580 JavaThread "C2 CompilerThread0" daemon [_thread_blocked, id=419390, stack(0x00007f0599400000,0x00007f0599500000)]
  0x00007f05c4121ab0 JavaThread "C1 CompilerThread0" daemon [_thread_blocked, id=419391, stack(0x00007f0599300000,0x00007f0599400000)]
  0x00007f05c4122f20 JavaThread "Sweeper thread" daemon [_thread_blocked, id=419392, stack(0x00007f0599200000,0x00007f0599300000)]
  0x00007f05c412eaa0 JavaThread "Common-Cleaner" daemon [_thread_blocked, id=419397, stack(0x00007f0599100000,0x00007f0599200000)]
  0x00007f05c430b7b0 JavaThread "Monitor Ctrl-Break" daemon [_thread_in_native, id=419398, stack(0x00007f0599000000,0x00007f0599100000)]
  0x00007f05c430ceb0 JavaThread "Notification Thread" daemon [_thread_blocked, id=419399, stack(0x00007f0598f00000,0x00007f0599000000)]
  0x00007f0578000fe0 JavaThread "Attach Listener" daemon [_thread_blocked, id=419421, stack(0x00007f0556c6d000,0x00007f0556d6d000)]

Other Threads:
  0x00007f05c41117d0 VMThread "VM Thread" [stack: 0x00007f05a82d7000,0x00007f05a83d7000] [id=419378]
  0x00007f05c4019310 WatcherThread [stack: 0x00007f0598e00000,0x00007f0598f00000] [id=419400]
  0x00007f05c406fee0 GCTaskThread "GC Thread#0" [stack: 0x00007f05c8111000,0x00007f05c8211000] [id=419360]
  0x00007f05880051c0 GCTaskThread "GC Thread#1" [stack: 0x00007f0556f73000,0x00007f0557073000] [id=419418]
  0x00007f0588005c40 GCTaskThread "GC Thread#2" [stack: 0x00007f0556e71000,0x00007f0556f71000] [id=419419]
  0x00007f058800bc90 GCTaskThread "GC Thread#3" [stack: 0x00007f0556d6f000,0x00007f0556e6f000] [id=419420]
  0x00007f05c4080a00 ConcurrentGCThread "G1 Main Marker" [stack: 0x00007f05c800f000,0x00007f05c810f000] [id=419363]
  0x00007f05c4081960 ConcurrentGCThread "G1 Conc#0" [stack: 0x00007f05c3f00000,0x00007f05c4000000] [id=419372]
  0x00007f05c40e6050 ConcurrentGCThread "G1 Refine#0" [stack: 0x00007f05a862d000,0x00007f05a872d000] [id=419374]
  0x00007f05c40e6f40 ConcurrentGCThread "G1 Service" [stack: 0x00007f05a852b000,0x00007f05a862b000] [id=419376]

Threads with active compile tasks:

VM state: not at safepoint (normal execution)

VM Mutex/Monitor currently owned by a thread: None

Heap address: 0x0000000085600000, size: 1962 MB, Compressed Oops mode: 32-bit

CDS archive(s) mapped at: [0x0000000800000000-0x0000000800be2000-0x0000000800be2000), size 12460032, SharedBaseAddress: 0x0000000800000000, ArchiveRelocationMode: 0.
Compressed class space mapped at: 0x0000000801000000-0x0000000841000000, reserved size: 1073741824
Narrow klass base: 0x0000000800000000, Narrow klass shift: 0, Narrow klass range: 0x100000000

GC Precious Log:
 CPUs: 4 total, 4 available
 Memory: 7840M
 Large Page Support: Disabled
 NUMA Support: Disabled
 Compressed Oops: Enabled (32-bit)
 Heap Region Size: 1M
 Heap Min Capacity: 8M
 Heap Initial Capacity: 124M
 Heap Max Capacity: 1962M
 Pre-touch: Disabled
 Parallel Workers: 4
 Concurrent Workers: 1
 Concurrent Refinement Workers: 4
 Periodic GC: Disabled

Heap:
 garbage-first heap   total 129024K, used 4753K [0x0000000085600000, 0x0000000100000000)
  region size 1024K, 3 young (3072K), 2 survivors (2048K)
 Metaspace       used 4997K, committed 5184K, reserved 1114112K
  class space    used 496K, committed 576K, reserved 1048576K

Heap Regions: E=young(eden), S=young(survivor), O=old, HS=humongous(starts), HC=humongous(continues), CS=collection set, F=free, OA=open archive, CA=closed archive, TAMS=top-at-mark-start (previous, next)
|   0|0x0000000085600000, 0x0000000085700000, 0x0000000085700000|100%|HS|  |TAMS 0x0000000085600000, 0x0000000085600000| Complete 
|   1|0x0000000085700000, 0x00000000857ac400, 0x0000000085800000| 67%| O|  |TAMS 0x0000000085700000, 0x0000000085700000| Untracked 
|   2|0x0000000085800000, 0x0000000085800000, 0x0000000085900000|  0%| F|  |TAMS 0x0000000085800000, 0x0000000085800000| Untracked 
|   3|0x0000000085900000, 0x0000000085900000, 0x0000000085a00000|  0%| F|  |TAMS 0x0000000085900000, 0x0000000085900000| Untracked 
|   4|0x0000000085a00000, 0x0000000085a00000, 0x0000000085b00000|  0%| F|  |TAMS 0x0000000085a00000, 0x0000000085a00000| Untracked 
|   5|0x0000000085b00000, 0x0000000085b00000, 0x0000000085c00000|  0%| F|  |TAMS 0x0000000085b00000, 0x0000000085b00000| Untracked 
|   6|0x0000000085c00000, 0x0000000085c00000, 0x0000000085d00000|  0%| F|  |TAMS 0x0000000085c00000, 0x0000000085c00000| Untracked 
|   7|0x0000000085d00000, 0x0000000085d00000, 0x0000000085e00000|  0%| F|  |TAMS 0x0000000085d00000, 0x0000000085d00000| Untracked 
|   8|0x0000000085e00000, 0x0000000085e00000, 0x0000000085f00000|  0%| F|  |TAMS 0x0000000085e00000, 0x0000000085e00000| Untracked 
|   9|0x0000000085f00000, 0x0000000085f00000, 0x0000000086000000|  0%| F|  |TAMS 0x0000000085f00000, 0x0000000085f00000| Untracked 
|  10|0x0000000086000000, 0x0000000086000000, 0x0000000086100000|  0%| F|  |TAMS 0x0000000086000000, 0x0000000086000000| Untracked 
|  11|0x0000000086100000, 0x0000000086100000, 0x0000000086200000|  0%| F|  |TAMS 0x0000000086100000, 0x0000000086100000| Untracked 
|  12|0x0000000086200000, 0x0000000086200000, 0x0000000086300000|  0%| F|  |TAMS 0x0000000086200000, 0x0000000086200000| Untracked 
|  13|0x0000000086300000, 0x0000000086300000, 0x0000000086400000|  0%| F|  |TAMS 0x0000000086300000, 0x0000000086300000| Untracked 
|  14|0x0000000086400000, 0x0000000086400000, 0x0000000086500000|  0%| F|  |TAMS 0x0000000086400000, 0x0000000086400000| Untracked 
|  15|0x0000000086500000, 0x0000000086500000, 0x0000000086600000|  0%| F|  |TAMS 0x0000000086500000, 0x0000000086500000| Untracked 
|  16|0x0000000086600000, 0x0000000086600000, 0x0000000086700000|  0%| F|  |TAMS 0x0000000086600000, 0x0000000086600000| Untracked 
|  17|0x0000000086700000, 0x0000000086700000, 0x0000000086800000|  0%| F|  |TAMS 0x0000000086700000, 0x0000000086700000| Untracked 
|  18|0x0000000086800000, 0x0000000086800000, 0x0000000086900000|  0%| F|  |TAMS 0x0000000086800000, 0x0000000086800000| Untracked 
|  19|0x0000000086900000, 0x0000000086900000, 0x0000000086a00000|  0%| F|  |TAMS 0x0000000086900000, 0x0000000086900000| Untracked 
|  20|0x0000000086a00000, 0x0000000086a00000, 0x0000000086b00000|  0%| F|  |TAMS 0x0000000086a00000, 0x0000000086a00000| Untracked 
|  21|0x0000000086b00000, 0x0000000086b00000, 0x0000000086c00000|  0%| F|  |TAMS 0x0000000086b00000, 0x0000000086b00000| Untracked 
|  22|0x0000000086c00000, 0x0000000086c00000, 0x0000000086d00000|  0%| F|  |TAMS 0x0000000086c00000, 0x0000000086c00000| Untracked 
|  23|0x0000000086d00000, 0x0000000086d00000, 0x0000000086e00000|  0%| F|  |TAMS 0x0000000086d00000, 0x0000000086d00000| Untracked 
|  24|0x0000000086e00000, 0x0000000086e00000, 0x0000000086f00000|  0%| F|  |TAMS 0x0000000086e00000, 0x0000000086e00000| Untracked 
|  25|0x0000000086f00000, 0x0000000086f00000, 0x0000000087000000|  0%| F|  |TAMS 0x0000000086f00000, 0x0000000086f00000| Untracked 
|  26|0x0000000087000000, 0x0000000087000000, 0x0000000087100000|  0%| F|  |TAMS 0x0000000087000000, 0x0000000087000000| Untracked 
|  27|0x0000000087100000, 0x0000000087100000, 0x0000000087200000|  0%| F|  |TAMS 0x0000000087100000, 0x0000000087100000| Untracked 
|  28|0x0000000087200000, 0x0000000087200000, 0x0000000087300000|  0%| F|  |TAMS 0x0000000087200000, 0x0000000087200000| Untracked 
|  29|0x0000000087300000, 0x0000000087300000, 0x0000000087400000|  0%| F|  |TAMS 0x0000000087300000, 0x0000000087300000| Untracked 
|  30|0x0000000087400000, 0x0000000087400000, 0x0000000087500000|  0%| F|  |TAMS 0x0000000087400000, 0x0000000087400000| Untracked 
|  31|0x0000000087500000, 0x0000000087500000, 0x0000000087600000|  0%| F|  |TAMS 0x0000000087500000, 0x0000000087500000| Untracked 
|  32|0x0000000087600000, 0x0000000087600000, 0x0000000087700000|  0%| F|  |TAMS 0x0000000087600000, 0x0000000087600000| Untracked 
|  33|0x0000000087700000, 0x0000000087700000, 0x0000000087800000|  0%| F|  |TAMS 0x0000000087700000, 0x0000000087700000| Untracked 
|  34|0x0000000087800000, 0x0000000087800000, 0x0000000087900000|  0%| F|  |TAMS 0x0000000087800000, 0x0000000087800000| Untracked 
|  35|0x0000000087900000, 0x0000000087900000, 0x0000000087a00000|  0%| F|  |TAMS 0x0000000087900000, 0x0000000087900000| Untracked 
|  36|0x0000000087a00000, 0x0000000087a00000, 0x0000000087b00000|  0%| F|  |TAMS 0x0000000087a00000, 0x0000000087a00000| Untracked 
|  37|0x0000000087b00000, 0x0000000087b00000, 0x0000000087c00000|  0%| F|  |TAMS 0x0000000087b00000, 0x0000000087b00000| Untracked 
|  38|0x0000000087c00000, 0x0000000087c00000, 0x0000000087d00000|  0%| F|  |TAMS 0x0000000087c00000, 0x0000000087c00000| Untracked 
|  39|0x0000000087d00000, 0x0000000087d00000, 0x0000000087e00000|  0%| F|  |TAMS 0x0000000087d00000, 0x0000000087d00000| Untracked 
|  40|0x0000000087e00000, 0x0000000087e00000, 0x0000000087f00000|  0%| F|  |TAMS 0x0000000087e00000, 0x0000000087e00000| Untracked 
|  41|0x0000000087f00000, 0x0000000087f00000, 0x0000000088000000|  0%| F|  |TAMS 0x0000000087f00000, 0x0000000087f00000| Untracked 
|  42|0x0000000088000000, 0x0000000088000000, 0x0000000088100000|  0%| F|  |TAMS 0x0000000088000000, 0x0000000088000000| Untracked 
|  43|0x0000000088100000, 0x0000000088100000, 0x0000000088200000|  0%| F|  |TAMS 0x0000000088100000, 0x0000000088100000| Untracked 
|  44|0x0000000088200000, 0x0000000088200000, 0x0000000088300000|  0%| F|  |TAMS 0x0000000088200000, 0x0000000088200000| Untracked 
|  45|0x0000000088300000, 0x0000000088300000, 0x0000000088400000|  0%| F|  |TAMS 0x0000000088300000, 0x0000000088300000| Untracked 
|  46|0x0000000088400000, 0x0000000088400000, 0x0000000088500000|  0%| F|  |TAMS 0x0000000088400000, 0x0000000088400000| Untracked 
|  47|0x0000000088500000, 0x0000000088500000, 0x0000000088600000|  0%| F|  |TAMS 0x0000000088500000, 0x0000000088500000| Untracked 
|  48|0x0000000088600000, 0x0000000088600000, 0x0000000088700000|  0%| F|  |TAMS 0x0000000088600000, 0x0000000088600000| Untracked 
|  49|0x0000000088700000, 0x0000000088700000, 0x0000000088800000|  0%| F|  |TAMS 0x0000000088700000, 0x0000000088700000| Untracked 
|  50|0x0000000088800000, 0x0000000088800000, 0x0000000088900000|  0%| F|  |TAMS 0x0000000088800000, 0x0000000088800000| Untracked 
|  51|0x0000000088900000, 0x0000000088900000, 0x0000000088a00000|  0%| F|  |TAMS 0x0000000088900000, 0x0000000088900000| Untracked 
|  52|0x0000000088a00000, 0x0000000088a00000, 0x0000000088b00000|  0%| F|  |TAMS 0x0000000088a00000, 0x0000000088a00000| Untracked 
|  53|0x0000000088b00000, 0x0000000088b00000, 0x0000000088c00000|  0%| F|  |TAMS 0x0000000088b00000, 0x0000000088b00000| Untracked 
|  54|0x0000000088c00000, 0x0000000088c00000, 0x0000000088d00000|  0%| F|  |TAMS 0x0000000088c00000, 0x0000000088c00000| Untracked 
|  55|0x0000000088d00000, 0x0000000088d00000, 0x0000000088e00000|  0%| F|  |TAMS 0x0000000088d00000, 0x0000000088d00000| Untracked 
|  56|0x0000000088e00000, 0x0000000088e00000, 0x0000000088f00000|  0%| F|  |TAMS 0x0000000088e00000, 0x0000000088e00000| Untracked 
|  57|0x0000000088f00000, 0x0000000088f00000, 0x0000000089000000|  0%| F|  |TAMS 0x0000000088f00000, 0x0000000088f00000| Untracked 
|  58|0x0000000089000000, 0x0000000089000000, 0x0000000089100000|  0%| F|  |TAMS 0x0000000089000000, 0x0000000089000000| Untracked 
|  59|0x0000000089100000, 0x0000000089100000, 0x0000000089200000|  0%| F|  |TAMS 0x0000000089100000, 0x0000000089100000| Untracked 
|  60|0x0000000089200000, 0x0000000089200000, 0x0000000089300000|  0%| F|  |TAMS 0x0000000089200000, 0x0000000089200000| Untracked 
|  61|0x0000000089300000, 0x0000000089300000, 0x0000000089400000|  0%| F|  |TAMS 0x0000000089300000, 0x0000000089300000| Untracked 
|  62|0x0000000089400000, 0x0000000089400000, 0x0000000089500000|  0%| F|  |TAMS 0x0000000089400000, 0x0000000089400000| Untracked 
|  63|0x0000000089500000, 0x0000000089500000, 0x0000000089600000|  0%| F|  |TAMS 0x0000000089500000, 0x0000000089500000| Untracked 
|  64|0x0000000089600000, 0x0000000089600000, 0x0000000089700000|  0%| F|  |TAMS 0x0000000089600000, 0x0000000089600000| Untracked 
|  65|0x0000000089700000, 0x0000000089700000, 0x0000000089800000|  0%| F|  |TAMS 0x0000000089700000, 0x0000000089700000| Untracked 
|  66|0x0000000089800000, 0x0000000089800000, 0x0000000089900000|  0%| F|  |TAMS 0x0000000089800000, 0x0000000089800000| Untracked 
|  67|0x0000000089900000, 0x0000000089900000, 0x0000000089a00000|  0%| F|  |TAMS 0x0000000089900000, 0x0000000089900000| Untracked 
|  68|0x0000000089a00000, 0x0000000089a00000, 0x0000000089b00000|  0%| F|  |TAMS 0x0000000089a00000, 0x0000000089a00000| Untracked 
|  69|0x0000000089b00000, 0x0000000089b00000, 0x0000000089c00000|  0%| F|  |TAMS 0x0000000089b00000, 0x0000000089b00000| Untracked 
|  70|0x0000000089c00000, 0x0000000089c00000, 0x0000000089d00000|  0%| F|  |TAMS 0x0000000089c00000, 0x0000000089c00000| Untracked 
|  71|0x0000000089d00000, 0x0000000089d00000, 0x0000000089e00000|  0%| F|  |TAMS 0x0000000089d00000, 0x0000000089d00000| Untracked 
|  72|0x0000000089e00000, 0x0000000089e00000, 0x0000000089f00000|  0%| F|  |TAMS 0x0000000089e00000, 0x0000000089e00000| Untracked 
|  73|0x0000000089f00000, 0x0000000089f00000, 0x000000008a000000|  0%| F|  |TAMS 0x0000000089f00000, 0x0000000089f00000| Untracked 
|  74|0x000000008a000000, 0x000000008a000000, 0x000000008a100000|  0%| F|  |TAMS 0x000000008a000000, 0x000000008a000000| Untracked 
|  75|0x000000008a100000, 0x000000008a100000, 0x000000008a200000|  0%| F|  |TAMS 0x000000008a100000, 0x000000008a100000| Untracked 
|  76|0x000000008a200000, 0x000000008a200000, 0x000000008a300000|  0%| F|  |TAMS 0x000000008a200000, 0x000000008a200000| Untracked 
|  77|0x000000008a300000, 0x000000008a300000, 0x000000008a400000|  0%| F|  |TAMS 0x000000008a300000, 0x000000008a300000| Untracked 
|  78|0x000000008a400000, 0x000000008a400000, 0x000000008a500000|  0%| F|  |TAMS 0x000000008a400000, 0x000000008a400000| Untracked 
|  79|0x000000008a500000, 0x000000008a500000, 0x000000008a600000|  0%| F|  |TAMS 0x000000008a500000, 0x000000008a500000| Untracked 
|  80|0x000000008a600000, 0x000000008a600000, 0x000000008a700000|  0%| F|  |TAMS 0x000000008a600000, 0x000000008a600000| Untracked 
|  81|0x000000008a700000, 0x000000008a700000, 0x000000008a800000|  0%| F|  |TAMS 0x000000008a700000, 0x000000008a700000| Untracked 
|  82|0x000000008a800000, 0x000000008a800000, 0x000000008a900000|  0%| F|  |TAMS 0x000000008a800000, 0x000000008a800000| Untracked 
|  83|0x000000008a900000, 0x000000008a900000, 0x000000008aa00000|  0%| F|  |TAMS 0x000000008a900000, 0x000000008a900000| Untracked 
|  84|0x000000008aa00000, 0x000000008aa00000, 0x000000008ab00000|  0%| F|  |TAMS 0x000000008aa00000, 0x000000008aa00000| Untracked 
|  85|0x000000008ab00000, 0x000000008ab00000, 0x000000008ac00000|  0%| F|  |TAMS 0x000000008ab00000, 0x000000008ab00000| Untracked 
|  86|0x000000008ac00000, 0x000000008ac00000, 0x000000008ad00000|  0%| F|  |TAMS 0x000000008ac00000, 0x000000008ac00000| Untracked 
|  87|0x000000008ad00000, 0x000000008ad00000, 0x000000008ae00000|  0%| F|  |TAMS 0x000000008ad00000, 0x000000008ad00000| Untracked 
|  88|0x000000008ae00000, 0x000000008ae00000, 0x000000008af00000|  0%| F|  |TAMS 0x000000008ae00000, 0x000000008ae00000| Untracked 
|  89|0x000000008af00000, 0x000000008af00000, 0x000000008b000000|  0%| F|  |TAMS 0x000000008af00000, 0x000000008af00000| Untracked 
|  90|0x000000008b000000, 0x000000008b000000, 0x000000008b100000|  0%| F|  |TAMS 0x000000008b000000, 0x000000008b000000| Untracked 
|  91|0x000000008b100000, 0x000000008b100000, 0x000000008b200000|  0%| F|  |TAMS 0x000000008b100000, 0x000000008b100000| Untracked 
|  92|0x000000008b200000, 0x000000008b200000, 0x000000008b300000|  0%| F|  |TAMS 0x000000008b200000, 0x000000008b200000| Untracked 
|  93|0x000000008b300000, 0x000000008b300000, 0x000000008b400000|  0%| F|  |TAMS 0x000000008b300000, 0x000000008b300000| Untracked 
|  94|0x000000008b400000, 0x000000008b400000, 0x000000008b500000|  0%| F|  |TAMS 0x000000008b400000, 0x000000008b400000| Untracked 
|  95|0x000000008b500000, 0x000000008b500000, 0x000000008b600000|  0%| F|  |TAMS 0x000000008b500000, 0x000000008b500000| Untracked 
|  96|0x000000008b600000, 0x000000008b600000, 0x000000008b700000|  0%| F|  |TAMS 0x000000008b600000, 0x000000008b600000| Untracked 
|  97|0x000000008b700000, 0x000000008b700000, 0x000000008b800000|  0%| F|  |TAMS 0x000000008b700000, 0x000000008b700000| Untracked 
|  98|0x000000008b800000, 0x000000008b800000, 0x000000008b900000|  0%| F|  |TAMS 0x000000008b800000, 0x000000008b800000| Untracked 
|  99|0x000000008b900000, 0x000000008b900000, 0x000000008ba00000|  0%| F|  |TAMS 0x000000008b900000, 0x000000008b900000| Untracked 
| 100|0x000000008ba00000, 0x000000008ba00000, 0x000000008bb00000|  0%| F|  |TAMS 0x000000008ba00000, 0x000000008ba00000| Untracked 
| 101|0x000000008bb00000, 0x000000008bb00000, 0x000000008bc00000|  0%| F|  |TAMS 0x000000008bb00000, 0x000000008bb00000| Untracked 
| 102|0x000000008bc00000, 0x000000008bc00000, 0x000000008bd00000|  0%| F|  |TAMS 0x000000008bc00000, 0x000000008bc00000| Untracked 
| 103|0x000000008bd00000, 0x000000008bd00000, 0x000000008be00000|  0%| F|  |TAMS 0x000000008bd00000, 0x000000008bd00000| Untracked 
| 104|0x000000008be00000, 0x000000008be00000, 0x000000008bf00000|  0%| F|  |TAMS 0x000000008be00000, 0x000000008be00000| Untracked 
| 105|0x000000008bf00000, 0x000000008bf00000, 0x000000008c000000|  0%| F|  |TAMS 0x000000008bf00000, 0x000000008bf00000| Untracked 
| 106|0x000000008c000000, 0x000000008c000000, 0x000000008c100000|  0%| F|  |TAMS 0x000000008c000000, 0x000000008c000000| Untracked 
| 107|0x000000008c100000, 0x000000008c100000, 0x000000008c200000|  0%| F|  |TAMS 0x000000008c100000, 0x000000008c100000| Untracked 
| 108|0x000000008c200000, 0x000000008c200000, 0x000000008c300000|  0%| F|  |TAMS 0x000000008c200000, 0x000000008c200000| Untracked 
| 109|0x000000008c300000, 0x000000008c400000, 0x000000008c400000|100%| S|CS|TAMS 0x000000008c300000, 0x000000008c300000| Complete 
| 110|0x000000008c400000, 0x000000008c500000, 0x000000008c500000|100%| S|CS|TAMS 0x000000008c400000, 0x000000008c400000| Complete 
| 111|0x000000008c500000, 0x000000008c500000, 0x000000008c600000|  0%| F|  |TAMS 0x000000008c500000, 0x000000008c500000| Untracked 
| 112|0x000000008c600000, 0x000000008c600000, 0x000000008c700000|  0%| F|  |TAMS 0x000000008c600000, 0x000000008c600000| Untracked 
| 113|0x000000008c700000, 0x000000008c700000, 0x000000008c800000|  0%| F|  |TAMS 0x000000008c700000, 0x000000008c700000| Untracked 
| 114|0x000000008c800000, 0x000000008c800000, 0x000000008c900000|  0%| F|  |TAMS 0x000000008c800000, 0x000000008c800000| Untracked 
| 115|0x000000008c900000, 0x000000008c900000, 0x000000008ca00000|  0%| F|  |TAMS 0x000000008c900000, 0x000000008c900000| Untracked 
| 116|0x000000008ca00000, 0x000000008ca00000, 0x000000008cb00000|  0%| F|  |TAMS 0x000000008ca00000, 0x000000008ca00000| Untracked 
| 117|0x000000008cb00000, 0x000000008cb00000, 0x000000008cc00000|  0%| F|  |TAMS 0x000000008cb00000, 0x000000008cb00000| Untracked 
| 118|0x000000008cc00000, 0x000000008cc00000, 0x000000008cd00000|  0%| F|  |TAMS 0x000000008cc00000, 0x000000008cc00000| Untracked 
| 119|0x000000008cd00000, 0x000000008cd00000, 0x000000008ce00000|  0%| F|  |TAMS 0x000000008cd00000, 0x000000008cd00000| Untracked 
| 120|0x000000008ce00000, 0x000000008ce00000, 0x000000008cf00000|  0%| F|  |TAMS 0x000000008ce00000, 0x000000008ce00000| Untracked 
| 121|0x000000008cf00000, 0x000000008cf00000, 0x000000008d000000|  0%| F|  |TAMS 0x000000008cf00000, 0x000000008cf00000| Untracked 
| 122|0x000000008d000000, 0x000000008d000000, 0x000000008d100000|  0%| F|  |TAMS 0x000000008d000000, 0x000000008d000000| Untracked 
| 123|0x000000008d100000, 0x000000008d1a4518, 0x000000008d200000| 64%| E|  |TAMS 0x000000008d100000, 0x000000008d100000| Complete 
|1960|0x00000000ffe00000, 0x00000000ffe76000, 0x00000000fff00000| 46%|OA|  |TAMS 0x00000000ffe00000, 0x00000000ffe00000| Untracked 
|1961|0x00000000fff00000, 0x00000000fff82000, 0x0000000100000000| 50%|CA|  |TAMS 0x00000000fff00000, 0x00000000fff00000| Untracked 

Card table byte_map: [0x00007f05acc56000,0x00007f05ad02b000] _byte_map_base: 0x00007f05ac82b000

Marking Bits (Prev, Next): (CMBitMap*) 0x00007f05c4070960, (CMBitMap*) 0x00007f05c40709a0
 Prev Bits: [0x00007f05aa9d9000, 0x00007f05ac881000)
 Next Bits: [0x00007f05a8b31000, 0x00007f05aa9d9000)

Polling page: 0x00007f05ca310000

Metaspace:

Usage:
  Non-class:      4,40 MB used.
      Class:    496,02 KB used.
       Both:      4,88 MB used.

Virtual space:
  Non-class space:       64,00 MB reserved,       4,50 MB (  7%) committed,  1 nodes.
      Class space:        1,00 GB reserved,     576,00 KB ( <1%) committed,  1 nodes.
             Both:        1,06 GB reserved,       5,06 MB ( <1%) committed. 

Chunk freelists:
   Non-Class:  9,92 MB
       Class:  15,48 MB
        Both:  25,41 MB

MaxMetaspaceSize: unlimited
CompressedClassSpaceSize: 1,00 GB
Initial GC threshold: 21,00 MB
Current GC threshold: 21,00 MB
CDS: on
MetaspaceReclaimPolicy: balanced
 - commit_granule_bytes: 65536.
 - commit_granule_words: 8192.
 - virtual_space_node_default_size: 8388608.
 - enlarge_chunks_in_place: 1.
 - new_chunks_are_fully_committed: 0.
 - uncommit_free_chunks: 1.
 - use_allocation_guard: 0.
 - handle_deallocations: 1.


Internal statistics:

num_allocs_failed_limit: 0.
num_arena_births: 18.
num_arena_deaths: 0.
num_vsnodes_births: 2.
num_vsnodes_deaths: 0.
num_space_committed: 81.
num_space_uncommitted: 0.
num_chunks_returned_to_freelist: 0.
num_chunks_taken_from_freelist: 126.
num_chunk_merges: 0.
num_chunk_splits: 83.
num_chunks_enlarged: 63.
num_inconsistent_stats: 0.

CodeHeap 'non-profiled nmethods': size=120032Kb used=221Kb max_used=221Kb free=119810Kb
 bounds [0x00007f05b4ec8000, 0x00007f05b5138000, 0x00007f05bc400000]
CodeHeap 'profiled nmethods': size=120028Kb used=1266Kb max_used=1266Kb free=118761Kb
 bounds [0x00007f05ad400000, 0x00007f05ad670000, 0x00007f05b4937000]
CodeHeap 'non-nmethods': size=5700Kb used=1238Kb max_used=1254Kb free=4461Kb
 bounds [0x00007f05b4937000, 0x00007f05b4ba7000, 0x00007f05b4ec8000]
 total_blobs=1267 nmethods=714 adapters=467
 compilation: enabled
              stopped_count=0, restarted_count=0
 full_count=0

Compilation events (20 events):
Event: 1,134 Thread 0x00007f05c4121ab0  698       3       java.util.WeakHashMap::put (160 bytes)
Event: 1,135 Thread 0x00007f05c4121ab0 nmethod 698 0x00007f05ad539390 code [0x00007f05ad539620, 0x00007f05ad53a5e0]
Event: 1,135 Thread 0x00007f05c4121ab0  699       3       java.util.WeakHashMap$Entry::<init> (24 bytes)
Event: 1,136 Thread 0x00007f05c4121ab0 nmethod 699 0x00007f05ad53ab10 code [0x00007f05ad53ace0, 0x00007f05ad53b0d0]
Event: 1,136 Thread 0x00007f05c4121ab0  697       3       java.util.Collections$SetFromMap::add (22 bytes)
Event: 1,141 Thread 0x00007f05c4121ab0 nmethod 697 0x00007f05ad53b210 code [0x00007f05ad53b3c0, 0x00007f05ad53b5e0]
Event: 1,141 Thread 0x00007f05c4121ab0  709       3       jdk.internal.org.objectweb.asm.ClassReader::readUnsignedShort (26 bytes)
Event: 1,142 Thread 0x00007f05c4121ab0 nmethod 709 0x00007f05ad53b690 code [0x00007f05ad53b840, 0x00007f05ad53b9b0]
Event: 1,142 Thread 0x00007f05c4121ab0  707       1       java.lang.invoke.MethodTypeForm::basicType (5 bytes)
Event: 1,142 Thread 0x00007f05c4121ab0 nmethod 707 0x00007f05b4efd790 code [0x00007f05b4efd920, 0x00007f05b4efd9f0]
Event: 1,142 Thread 0x00007f05c4121ab0  710       1       java.lang.invoke.MethodHandles$Lookup::previousLookupClass (5 bytes)
Event: 1,142 Thread 0x00007f05c4121ab0 nmethod 710 0x00007f05b4efda90 code [0x00007f05b4efdc20, 0x00007f05b4efdcf0]
Event: 1,156 Thread 0x00007f05c4120580 nmethod 704 0x00007f05b4efdd90 code [0x00007f05b4efdf20, 0x00007f05b4efe148]
Event: 1,156 Thread 0x00007f05c4120580  705       4       java.lang.String::checkBoundsBeginEnd (63 bytes)
Event: 1,156 Thread 0x00007f05c4120580 nmethod 705 0x00007f05b4efe310 code [0x00007f05b4efe4a0, 0x00007f05b4efe558]
Event: 1,156 Thread 0x00007f05c4120580  706       4       java.lang.String::substring (58 bytes)
Event: 1,159 Thread 0x00007f05c4121ab0  712       3       java.util.concurrent.ConcurrentHashMap$Node::<init> (14 bytes)
Event: 1,159 Thread 0x00007f05c4121ab0 nmethod 712 0x00007f05ad53ba90 code [0x00007f05ad53bc40, 0x00007f05ad53bf30]
Event: 1,162 Thread 0x00007f05c4121ab0  714   !   3       java.lang.ClassLoader::addClass (27 bytes)
Event: 1,163 Thread 0x00007f05c4121ab0 nmethod 714 0x00007f05ad53c010 code [0x00007f05ad53c200, 0x00007f05ad53c7c0]

GC Heap History (2 events):
Event: 1,147 GC heap before
{Heap before GC invocations=0 (full 0):
 garbage-first heap   total 129024K, used 15328K [0x0000000085600000, 0x0000000100000000)
  region size 1024K, 13 young (13312K), 0 survivors (0K)
 Metaspace       used 4975K, committed 5056K, reserved 1114112K
  class space    used 490K, committed 512K, reserved 1048576K
}
Event: 1,156 GC heap after
{Heap after GC invocations=1 (full 0):
 garbage-first heap   total 129024K, used 4753K [0x0000000085600000, 0x0000000100000000)
  region size 1024K, 2 young (2048K), 2 survivors (2048K)
 Metaspace       used 4975K, committed 5056K, reserved 1114112K
  class space    used 490K, committed 512K, reserved 1048576K
}

Dll operation events (11 events):
Event: 0,004 Loaded shared library /usr/lib/jvm/java-17-openjdk-amd64/lib/libjava.so
Event: 0,067 Loaded shared library /usr/lib/jvm/java-17-openjdk-amd64/lib/libjsvml.so
Event: 0,271 Loaded shared library /usr/lib/jvm/java-17-openjdk-amd64/lib/libzip.so
Event: 0,275 Loaded shared library /usr/lib/jvm/java-17-openjdk-amd64/lib/libinstrument.so
Event: 0,279 Loaded shared library /usr/lib/jvm/java-17-openjdk-amd64/lib/libnio.so
Event: 0,288 Loaded shared library /usr/lib/jvm/java-17-openjdk-amd64/lib/libzip.so
Event: 0,381 Loaded shared library /usr/lib/jvm/java-17-openjdk-amd64/lib/libnet.so
Event: 0,394 Loaded shared library /usr/lib/jvm/java-17-openjdk-amd64/lib/libjimage.so
Event: 0,410 Loaded shared library /usr/lib/jvm/java-17-openjdk-amd64/lib/libextnet.so
Event: 0,626 Loaded shared library /tmp/jffi10098371552700949795.so
Event: 0,693 Loaded shared library /usr/lib/jvm/java-17-openjdk-amd64/lib/libverify.so

Deoptimization events (20 events):
Event: 0,353 Thread 0x00007f05c4016800 DEOPT PACKING pc=0x00007f05ad41bb8c sp=0x00007f05c87fd540
Event: 0,353 Thread 0x00007f05c4016800 DEOPT UNPACKING pc=0x00007f05b498de2f sp=0x00007f05c87fc9f0 mode 0
Event: 0,357 Thread 0x00007f05c4016800 DEOPT PACKING pc=0x00007f05ad41bb8c sp=0x00007f05c87fd540
Event: 0,357 Thread 0x00007f05c4016800 DEOPT UNPACKING pc=0x00007f05b498de2f sp=0x00007f05c87fc9f0 mode 0
Event: 0,357 Thread 0x00007f05c4016800 DEOPT PACKING pc=0x00007f05ad41bb8c sp=0x00007f05c87fd540
Event: 0,357 Thread 0x00007f05c4016800 DEOPT UNPACKING pc=0x00007f05b498de2f sp=0x00007f05c87fc9f0 mode 0
Event: 0,358 Thread 0x00007f05c4016800 DEOPT PACKING pc=0x00007f05ad41bb8c sp=0x00007f05c87fd540
Event: 0,358 Thread 0x00007f05c4016800 DEOPT UNPACKING pc=0x00007f05b498de2f sp=0x00007f05c87fc9f0 mode 0
Event: 0,487 Thread 0x00007f05c4016800 Uncommon trap: trap_request=0xffffff45 fr.pc=0x00007f05b4eda798 relative=0x0000000000000078
Event: 0,487 Thread 0x00007f05c4016800 Uncommon trap: reason=unstable_if action=reinterpret pc=0x00007f05b4eda798 method=java.lang.String.isLatin1()Z @ 10 c2
Event: 0,487 Thread 0x00007f05c4016800 DEOPT PACKING pc=0x00007f05b4eda798 sp=0x00007f05c87fa700
Event: 0,487 Thread 0x00007f05c4016800 DEOPT UNPACKING pc=0x00007f05b498d699 sp=0x00007f05c87fa660 mode 2
Event: 0,584 Thread 0x00007f05c4016800 Uncommon trap: trap_request=0xffffff45 fr.pc=0x00007f05b4ed5c50 relative=0x0000000000000850
Event: 0,584 Thread 0x00007f05c4016800 Uncommon trap: reason=unstable_if action=reinterpret pc=0x00007f05b4ed5c50 method=java.util.HashMap.putVal(ILjava/lang/Object;Ljava/lang/Object;ZZ)Ljava/lang/Object; @ 181 c2
Event: 0,584 Thread 0x00007f05c4016800 DEOPT PACKING pc=0x00007f05b4ed5c50 sp=0x00007f05c87f9db0
Event: 0,584 Thread 0x00007f05c4016800 DEOPT UNPACKING pc=0x00007f05b498d699 sp=0x00007f05c87f9d40 mode 2
Event: 1,135 Thread 0x00007f05c4016800 Uncommon trap: trap_request=0xffffff45 fr.pc=0x00007f05b4ef8374 relative=0x00000000000015b4
Event: 1,135 Thread 0x00007f05c4016800 Uncommon trap: reason=unstable_if action=reinterpret pc=0x00007f05b4ef8374 method=java.util.HashMap.hash(Ljava/lang/Object;)I @ 1 c2
Event: 1,135 Thread 0x00007f05c4016800 DEOPT PACKING pc=0x00007f05b4ef8374 sp=0x00007f05c87fdd60
Event: 1,135 Thread 0x00007f05c4016800 DEOPT UNPACKING pc=0x00007f05b498d699 sp=0x00007f05c87fdd10 mode 2

Classes unloaded (0 events):
No events

Classes redefined (0 events):
No events

Internal exceptions (9 events):
Event: 0,287 Thread 0x00007f05c4016800 Implicit null exception at 0x00007f05b4ed19d5 to 0x00007f05b4ed1b3c
Event: 0,397 Thread 0x00007f05c430b7b0 Exception <a 'java/lang/NoSuchMethodError'{0x000000008cfe2b48}: 'java.lang.Object java.lang.invoke.DirectMethodHandle$Holder.invokeStaticInit(java.lang.Object)'> (0x000000008cfe2b48) 
thrown [./src/hotspot/share/interpreter/linkResolver.cpp, line 758]
Event: 0,412 Thread 0x00007f05c430b7b0 Exception <a 'java/lang/NoSuchMethodError'{0x000000008cff11f0}: 'void java.lang.invoke.DirectMethodHandle$Holder.invokeStatic(java.lang.Object, java.lang.Object)'> (0x000000008cff11f0) 
thrown [./src/hotspot/share/interpreter/linkResolver.cpp, line 758]
Event: 0,825 Thread 0x00007f05c4016800 Exception <a 'java/lang/UnsatisfiedLinkError'{0x000000008cafc318}: meos: Ne peut ouvrir le fichier d'objet partagé: Aucun fichier ou dossier de ce type> (0x000000008cafc318) 
thrown [./src/hotspot/share/prims/jni.cpp, line 535]
Event: 1,027 Thread 0x00007f05c4016800 Exception <a 'java/lang/NoSuchMethodError'{0x000000008c684ed8}: 'java.lang.Object java.lang.invoke.DirectMethodHandle$Holder.newInvokeSpecial(java.lang.Object, java.lang.Object, java.lang.Object, java.lang.Object, java.lang.Object)'> (0x000000008c684ed8) 
thrown [./src/hotspot/share/interpreter/linkResolver.cpp, line 758]
Event: 1,092 Thread 0x00007f05c4016800 Exception <a 'java/lang/UnsatisfiedLinkError'{0x000000008c51bfb8}: /usr/local/lib/libmeos.so: undefined symbol: intrange_to_intspan> (0x000000008c51bfb8) 
thrown [./src/hotspot/share/prims/jni.cpp, line 535]
Event: 1,093 Thread 0x00007f05c4016800 Exception <a 'java/lang/UnsatisfiedLinkError'{0x000000008c51dba0}: /usr/local/lib/libmeos.so: undefined symbol: floatrange_to_floatspan> (0x000000008c51dba0) 
thrown [./src/hotspot/share/prims/jni.cpp, line 535]
Event: 1,094 Thread 0x00007f05c4016800 Exception <a 'java/lang/UnsatisfiedLinkError'{0x000000008c5256e0}: /usr/local/lib/libmeos.so: undefined symbol: distance_timestamp_timestamp> (0x000000008c5256e0) 
thrown [./src/hotspot/share/prims/jni.cpp, line 535]
Event: 1,135 Thread 0x00007f05c4016800 Implicit null exception at 0x00007f05b4ef6e00 to 0x00007f05b4ef8360

VM Operations (12 events):
Event: 0,238 Executing VM operation: HandshakeAllThreads
Event: 0,238 Executing VM operation: HandshakeAllThreads done
Event: 0,381 Executing VM operation: HandshakeAllThreads
Event: 0,387 Executing VM operation: HandshakeAllThreads done
Event: 0,534 Executing VM operation: HandshakeAllThreads
Event: 0,534 Executing VM operation: HandshakeAllThreads done
Event: 0,677 Executing VM operation: HandshakeAllThreads
Event: 0,677 Executing VM operation: HandshakeAllThreads done
Event: 0,780 Executing VM operation: HandshakeAllThreads
Event: 0,780 Executing VM operation: HandshakeAllThreads done
Event: 1,147 Executing VM operation: G1CollectForAllocation
Event: 1,156 Executing VM operation: G1CollectForAllocation done

Events (20 events):
Event: 1,082 loading class jdk/internal/reflect/BootstrapConstructorAccessorImpl
Event: 1,082 loading class jdk/internal/reflect/BootstrapConstructorAccessorImpl done
Event: 1,104 loading class java/util/LinkedList$ListItr
Event: 1,104 loading class java/util/LinkedList$ListItr done
Event: 1,109 loading class sun/misc/Unsafe
Event: 1,109 loading class sun/misc/Unsafe done
Event: 1,130 loading class java/util/Stack
Event: 1,130 loading class java/util/Stack done
Event: 1,136 loading class java/time/OffsetDateTime
Event: 1,136 loading class java/time/OffsetDateTime done
Event: 1,138 loading class java/text/ParsePosition
Event: 1,138 loading class java/text/ParsePosition done
Event: 1,138 loading class java/time/format/DateTimeParseContext
Event: 1,138 loading class java/time/format/DateTimeParseContext done
Event: 1,138 loading class java/time/format/Parsed
Event: 1,138 loading class java/time/format/Parsed done
Event: 1,140 loading class java/time/ZonedDateTime
Event: 1,140 loading class java/time/chrono/ChronoZonedDateTime
Event: 1,141 loading class java/time/chrono/ChronoZonedDateTime done
Event: 1,141 loading class java/time/ZonedDateTime done


Dynamic libraries:
85600000-8d200000 rw-p 00000000 00:00 0 
8d200000-ffe00000 ---p 00000000 00:00 0 
ffe00000-ffe76000 rw-p 00c9d000 08:02 10491600                           /usr/lib/jvm/java-17-openjdk-amd64/lib/server/classes.jsa
ffe76000-fff00000 rw-p 00000000 00:00 0 
fff00000-fff82000 rw-p 00c1b000 08:02 10491600                           /usr/lib/jvm/java-17-openjdk-amd64/lib/server/classes.jsa
fff82000-100000000 rw-p 00000000 00:00 0 
800000000-800458000 rw-p 00001000 08:02 10491600                         /usr/lib/jvm/java-17-openjdk-amd64/lib/server/classes.jsa
800458000-800be2000 r--p 00459000 08:02 10491600                         /usr/lib/jvm/java-17-openjdk-amd64/lib/server/classes.jsa
800be2000-801000000 ---p 00000000 00:00 0 
801000000-801040000 rw-p 00000000 00:00 0 
801040000-801090000 rw-p 00000000 00:00 0 
801090000-841000000 ---p 00000000 00:00 0 
5577738d7000-5577738d8000 r--p 00000000 08:02 10485864                   /usr/lib/jvm/java-17-openjdk-amd64/bin/java
5577738d8000-5577738d9000 r-xp 00001000 08:02 10485864                   /usr/lib/jvm/java-17-openjdk-amd64/bin/java
5577738d9000-5577738da000 r--p 00002000 08:02 10485864                   /usr/lib/jvm/java-17-openjdk-amd64/bin/java
5577738da000-5577738db000 r--p 00002000 08:02 10485864                   /usr/lib/jvm/java-17-openjdk-amd64/bin/java
5577738db000-5577738dc000 rw-p 00003000 08:02 10485864                   /usr/lib/jvm/java-17-openjdk-amd64/bin/java
557773c21000-557773c69000 rw-p 00000000 00:00 0                          [heap]
7f0540000000-7f0540021000 rw-p 00000000 00:00 0 
7f0540021000-7f0544000000 ---p 00000000 00:00 0 
7f0548000000-7f0548021000 rw-p 00000000 00:00 0 
7f0548021000-7f054c000000 ---p 00000000 00:00 0 
7f054c000000-7f054c021000 rw-p 00000000 00:00 0 
7f054c021000-7f0550000000 ---p 00000000 00:00 0 
7f0550000000-7f0550021000 rw-p 00000000 00:00 0 
7f0550021000-7f0554000000 ---p 00000000 00:00 0 
7f0556c6d000-7f0556c71000 ---p 00000000 00:00 0 
7f0556c71000-7f0556d6d000 rw-p 00000000 00:00 0 
7f0556d6d000-7f0556d6e000 ---p 00000000 00:00 0 
7f0556d6e000-7f0556e6f000 rw-p 00000000 00:00 0 
7f0556e6f000-7f0556e70000 ---p 00000000 00:00 0 
7f0556e70000-7f0556f71000 rw-p 00000000 00:00 0 
7f0556f71000-7f0556f72000 ---p 00000000 00:00 0 
7f0556f72000-7f0557073000 rw-p 00000000 00:00 0 
7f0557073000-7f0557076000 r--p 00000000 08:02 10365379                   /usr/lib/x86_64-linux-gnu/libresolv.so.2
7f0557076000-7f0557080000 r-xp 00003000 08:02 10365379                   /usr/lib/x86_64-linux-gnu/libresolv.so.2
7f0557080000-7f0557083000 r--p 0000d000 08:02 10365379                   /usr/lib/x86_64-linux-gnu/libresolv.so.2
7f0557083000-7f0557084000 r--p 0000f000 08:02 10365379                   /usr/lib/x86_64-linux-gnu/libresolv.so.2
7f0557084000-7f0557085000 rw-p 00010000 08:02 10365379                   /usr/lib/x86_64-linux-gnu/libresolv.so.2
7f0557085000-7f0557087000 rw-p 00000000 00:00 0 
7f0557087000-7f0557088000 r--p 00000000 08:02 10355681                   /usr/lib/x86_64-linux-gnu/libbrotlicommon.so.1.0.9
7f0557088000-7f0557089000 r-xp 00001000 08:02 10355681                   /usr/lib/x86_64-linux-gnu/libbrotlicommon.so.1.0.9
7f0557089000-7f05570a8000 r--p 00002000 08:02 10355681                   /usr/lib/x86_64-linux-gnu/libbrotlicommon.so.1.0.9
7f05570a8000-7f05570a9000 r--p 00020000 08:02 10355681                   /usr/lib/x86_64-linux-gnu/libbrotlicommon.so.1.0.9
7f05570a9000-7f05570aa000 rw-p 00021000 08:02 10355681                   /usr/lib/x86_64-linux-gnu/libbrotlicommon.so.1.0.9
7f05570aa000-7f05570ad000 r--p 00000000 08:02 10356794                   /usr/lib/x86_64-linux-gnu/libsasl2.so.2.0.25
7f05570ad000-7f05570be000 r-xp 00003000 08:02 10356794                   /usr/lib/x86_64-linux-gnu/libsasl2.so.2.0.25
7f05570be000-7f05570c3000 r--p 00014000 08:02 10356794                   /usr/lib/x86_64-linux-gnu/libsasl2.so.2.0.25
7f05570c3000-7f05570c4000 r--p 00018000 08:02 10356794                   /usr/lib/x86_64-linux-gnu/libsasl2.so.2.0.25
7f05570c4000-7f05570c5000 rw-p 00019000 08:02 10356794                   /usr/lib/x86_64-linux-gnu/libsasl2.so.2.0.25
7f05570c5000-7f05570ee000 r--p 00000000 08:02 10356002                   /usr/lib/x86_64-linux-gnu/libp11-kit.so.0.3.0
7f05570ee000-7f0557192000 r-xp 00029000 08:02 10356002                   /usr/lib/x86_64-linux-gnu/libp11-kit.so.0.3.0
7f0557192000-7f05571ec000 r--p 000cd000 08:02 10356002                   /usr/lib/x86_64-linux-gnu/libp11-kit.so.0.3.0
7f05571ec000-7f05571f6000 r--p 00126000 08:02 10356002                   /usr/lib/x86_64-linux-gnu/libp11-kit.so.0.3.0
7f05571f6000-7f0557200000 rw-p 00130000 08:02 10356002                   /usr/lib/x86_64-linux-gnu/libp11-kit.so.0.3.0
7f0557200000-7f05572b2000 r--p 00000000 08:02 10357909                   /usr/lib/x86_64-linux-gnu/libcrypto.so.3
7f05572b2000-7f0557510000 r-xp 000b2000 08:02 10357909                   /usr/lib/x86_64-linux-gnu/libcrypto.so.3
7f0557510000-7f05575e2000 r--p 00310000 08:02 10357909                   /usr/lib/x86_64-linux-gnu/libcrypto.so.3
7f05575e2000-7f055763d000 r--p 003e1000 08:02 10357909                   /usr/lib/x86_64-linux-gnu/libcrypto.so.3
7f055763d000-7f0557640000 rw-p 0043c000 08:02 10357909                   /usr/lib/x86_64-linux-gnu/libcrypto.so.3
7f0557640000-7f0557643000 rw-p 00000000 00:00 0 
7f0557648000-7f055764c000 r--p 00000000 08:02 10357711                   /usr/lib/x86_64-linux-gnu/libk5crypto.so.3.1
7f055764c000-7f0557667000 r-xp 00004000 08:02 10357711                   /usr/lib/x86_64-linux-gnu/libk5crypto.so.3.1
7f0557667000-7f0557673000 r--p 0001f000 08:02 10357711                   /usr/lib/x86_64-linux-gnu/libk5crypto.so.3.1
7f0557673000-7f0557674000 ---p 0002b000 08:02 10357711                   /usr/lib/x86_64-linux-gnu/libk5crypto.so.3.1
7f0557674000-7f0557675000 r--p 0002b000 08:02 10357711                   /usr/lib/x86_64-linux-gnu/libk5crypto.so.3.1
7f0557675000-7f0557676000 rw-p 0002c000 08:02 10357711                   /usr/lib/x86_64-linux-gnu/libk5crypto.so.3.1
7f0557676000-7f0557677000 rw-p 00000000 00:00 0 
7f0557677000-7f0557698000 r--p 00000000 08:02 10356892                   /usr/lib/x86_64-linux-gnu/libkrb5.so.3.3
7f0557698000-7f05576f5000 r-xp 00021000 08:02 10356892                   /usr/lib/x86_64-linux-gnu/libkrb5.so.3.3
7f05576f5000-7f0557732000 r--p 0007e000 08:02 10356892                   /usr/lib/x86_64-linux-gnu/libkrb5.so.3.3
7f0557732000-7f0557733000 ---p 000bb000 08:02 10356892                   /usr/lib/x86_64-linux-gnu/libkrb5.so.3.3
7f0557733000-7f0557740000 r--p 000bb000 08:02 10356892                   /usr/lib/x86_64-linux-gnu/libkrb5.so.3.3
7f0557740000-7f0557742000 rw-p 000c8000 08:02 10356892                   /usr/lib/x86_64-linux-gnu/libkrb5.so.3.3
7f0557742000-7f055774c000 r--p 00000000 08:02 10357741                   /usr/lib/x86_64-linux-gnu/libgmp.so.10.4.1
7f055774c000-7f05577ab000 r-xp 0000a000 08:02 10357741                   /usr/lib/x86_64-linux-gnu/libgmp.so.10.4.1
7f05577ab000-7f05577c2000 r--p 00069000 08:02 10357741                   /usr/lib/x86_64-linux-gnu/libgmp.so.10.4.1
7f05577c2000-7f05577c3000 r--p 0007f000 08:02 10357741                   /usr/lib/x86_64-linux-gnu/libgmp.so.10.4.1
7f05577c3000-7f05577c4000 rw-p 00080000 08:02 10357741                   /usr/lib/x86_64-linux-gnu/libgmp.so.10.4.1
7f05577c4000-7f05577cc000 r--p 00000000 08:02 10360657                   /usr/lib/x86_64-linux-gnu/libhogweed.so.6.4
7f05577cc000-7f05577df000 r-xp 00008000 08:02 10360657                   /usr/lib/x86_64-linux-gnu/libhogweed.so.6.4
7f05577df000-7f0557809000 r--p 0001b000 08:02 10360657                   /usr/lib/x86_64-linux-gnu/libhogweed.so.6.4
7f0557809000-7f055780a000 ---p 00045000 08:02 10360657                   /usr/lib/x86_64-linux-gnu/libhogweed.so.6.4
7f055780a000-7f055780b000 r--p 00045000 08:02 10360657                   /usr/lib/x86_64-linux-gnu/libhogweed.so.6.4
7f055780b000-7f055780c000 rw-p 00046000 08:02 10360657                   /usr/lib/x86_64-linux-gnu/libhogweed.so.6.4
7f055780c000-7f055781d000 r--p 00000000 08:02 10360661                   /usr/lib/x86_64-linux-gnu/libunistring.so.2.2.0
7f055781d000-7f0557853000 r-xp 00011000 08:02 10360661                   /usr/lib/x86_64-linux-gnu/libunistring.so.2.2.0
7f0557853000-7f05579b1000 r--p 00047000 08:02 10360661                   /usr/lib/x86_64-linux-gnu/libunistring.so.2.2.0
7f05579b1000-7f05579b5000 r--p 001a5000 08:02 10360661                   /usr/lib/x86_64-linux-gnu/libunistring.so.2.2.0
7f05579b5000-7f05579b6000 rw-p 001a9000 08:02 10360661                   /usr/lib/x86_64-linux-gnu/libunistring.so.2.2.0
7f05579b6000-7f05579c4000 r--p 00000000 08:02 10362052                   /usr/lib/x86_64-linux-gnu/libldap-2.5.so.0.1.9
7f05579c4000-7f05579fe000 r-xp 0000e000 08:02 10362052                   /usr/lib/x86_64-linux-gnu/libldap-2.5.so.0.1.9
7f05579fe000-7f0557a0f000 r--p 00048000 08:02 10362052                   /usr/lib/x86_64-linux-gnu/libldap-2.5.so.0.1.9
7f0557a0f000-7f0557a10000 ---p 00059000 08:02 10362052                   /usr/lib/x86_64-linux-gnu/libldap-2.5.so.0.1.9
7f0557a10000-7f0557a12000 r--p 00059000 08:02 10362052                   /usr/lib/x86_64-linux-gnu/libldap-2.5.so.0.1.9
7f0557a12000-7f0557a13000 rw-p 0005b000 08:02 10362052                   /usr/lib/x86_64-linux-gnu/libldap-2.5.so.0.1.9
7f0557a13000-7f0557a15000 rw-p 00000000 00:00 0 
7f0557a15000-7f0557a46000 r--p 00000000 08:02 10357230                   /usr/lib/x86_64-linux-gnu/libgnutls.so.30.31.0
7f0557a46000-7f0557b6f000 r-xp 00031000 08:02 10357230                   /usr/lib/x86_64-linux-gnu/libgnutls.so.30.31.0
7f0557b6f000-7f0557bec000 r--p 0015a000 08:02 10357230                   /usr/lib/x86_64-linux-gnu/libgnutls.so.30.31.0
7f0557bec000-7f0557bfc000 r--p 001d6000 08:02 10357230                   /usr/lib/x86_64-linux-gnu/libgnutls.so.30.31.0
7f0557bfc000-7f0557bfe000 rw-p 001e6000 08:02 10357230                   /usr/lib/x86_64-linux-gnu/libgnutls.so.30.31.0
7f0557bfe000-7f0557c00000 rw-p 00000000 00:00 0 
7f0557c00000-7f0557c78000 r--p 00000000 08:02 10366481                   /usr/lib/x86_64-linux-gnu/libgeos.so.3.10.2
7f0557c78000-7f0557da6000 r-xp 00078000 08:02 10366481                   /usr/lib/x86_64-linux-gnu/libgeos.so.3.10.2
7f0557da6000-7f0557e03000 r--p 001a6000 08:02 10366481                   /usr/lib/x86_64-linux-gnu/libgeos.so.3.10.2
7f0557e03000-7f0557e0a000 r--p 00202000 08:02 10366481                   /usr/lib/x86_64-linux-gnu/libgeos.so.3.10.2
7f0557e0a000-7f0557e0b000 rw-p 00209000 08:02 10366481                   /usr/lib/x86_64-linux-gnu/libgeos.so.3.10.2
7f0557e12000-7f0557e15000 r--p 00000000 08:02 10361751                   /usr/lib/x86_64-linux-gnu/libtasn1.so.6.6.2
7f0557e15000-7f0557e23000 r-xp 00003000 08:02 10361751                   /usr/lib/x86_64-linux-gnu/libtasn1.so.6.6.2
7f0557e23000-7f0557e27000 r--p 00011000 08:02 10361751                   /usr/lib/x86_64-linux-gnu/libtasn1.so.6.6.2
7f0557e27000-7f0557e28000 ---p 00015000 08:02 10361751                   /usr/lib/x86_64-linux-gnu/libtasn1.so.6.6.2
7f0557e28000-7f0557e29000 r--p 00015000 08:02 10361751                   /usr/lib/x86_64-linux-gnu/libtasn1.so.6.6.2
7f0557e29000-7f0557e2a000 rw-p 00016000 08:02 10361751                   /usr/lib/x86_64-linux-gnu/libtasn1.so.6.6.2
7f0557e2a000-7f0557e35000 r--p 00000000 08:02 10357451                   /usr/lib/x86_64-linux-gnu/libgssapi_krb5.so.2.2
7f0557e35000-7f0557e6d000 r-xp 0000b000 08:02 10357451                   /usr/lib/x86_64-linux-gnu/libgssapi_krb5.so.2.2
7f0557e6d000-7f0557e79000 r--p 00043000 08:02 10357451                   /usr/lib/x86_64-linux-gnu/libgssapi_krb5.so.2.2
7f0557e79000-7f0557e7a000 ---p 0004f000 08:02 10357451                   /usr/lib/x86_64-linux-gnu/libgssapi_krb5.so.2.2
7f0557e7a000-7f0557e7c000 r--p 0004f000 08:02 10357451                   /usr/lib/x86_64-linux-gnu/libgssapi_krb5.so.2.2
7f0557e7c000-7f0557e7e000 rw-p 00051000 08:02 10357451                   /usr/lib/x86_64-linux-gnu/libgssapi_krb5.so.2.2
7f0557e7e000-7f0557e88000 r--p 00000000 08:02 10355057                   /usr/lib/x86_64-linux-gnu/libnettle.so.8.4
7f0557e88000-7f0557eab000 r-xp 0000a000 08:02 10355057                   /usr/lib/x86_64-linux-gnu/libnettle.so.8.4
7f0557eab000-7f0557ec1000 r--p 0002d000 08:02 10355057                   /usr/lib/x86_64-linux-gnu/libnettle.so.8.4
7f0557ec1000-7f0557ec3000 r--p 00042000 08:02 10355057                   /usr/lib/x86_64-linux-gnu/libnettle.so.8.4
7f0557ec3000-7f0557ec4000 rw-p 00044000 08:02 10355057                   /usr/lib/x86_64-linux-gnu/libnettle.so.8.4
7f0557ec4000-7f0557ed1000 r--p 00000000 08:02 10355513                   /usr/lib/x86_64-linux-gnu/libssh.so.4.8.7
7f0557ed1000-7f0557f14000 r-xp 0000d000 08:02 10355513                   /usr/lib/x86_64-linux-gnu/libssh.so.4.8.7
7f0557f14000-7f0557f2c000 r--p 00050000 08:02 10355513                   /usr/lib/x86_64-linux-gnu/libssh.so.4.8.7
7f0557f2c000-7f0557f2d000 ---p 00068000 08:02 10355513                   /usr/lib/x86_64-linux-gnu/libssh.so.4.8.7
7f0557f2d000-7f0557f2f000 r--p 00068000 08:02 10355513                   /usr/lib/x86_64-linux-gnu/libssh.so.4.8.7
7f0557f2f000-7f0557f31000 rw-p 0006a000 08:02 10355513                   /usr/lib/x86_64-linux-gnu/libssh.so.4.8.7
7f0557f31000-7f0557f3b000 r--p 00000000 08:02 10354868                   /usr/lib/x86_64-linux-gnu/libzstd.so.1.4.8
7f0557f3b000-7f0557fed000 r-xp 0000a000 08:02 10354868                   /usr/lib/x86_64-linux-gnu/libzstd.so.1.4.8
7f0557fed000-7f0557ffe000 r--p 000bc000 08:02 10354868                   /usr/lib/x86_64-linux-gnu/libzstd.so.1.4.8
7f0557ffe000-7f0557fff000 r--p 000cc000 08:02 10354868                   /usr/lib/x86_64-linux-gnu/libzstd.so.1.4.8
7f0557fff000-7f0558000000 rw-p 000cd000 08:02 10354868                   /usr/lib/x86_64-linux-gnu/libzstd.so.1.4.8
7f0558000000-7f0558021000 rw-p 00000000 00:00 0 
7f0558021000-7f055c000000 ---p 00000000 00:00 0 
7f055c000000-7f055c021000 rw-p 00000000 00:00 0 
7f055c021000-7f0560000000 ---p 00000000 00:00 0 
7f0560000000-7f0560021000 rw-p 00000000 00:00 0 
7f0560021000-7f0564000000 ---p 00000000 00:00 0 
7f0564000000-7f0564021000 rw-p 00000000 00:00 0 
7f0564021000-7f0568000000 ---p 00000000 00:00 0 
7f0568000000-7f05683a6000 rw-p 00000000 00:00 0 
7f05683a6000-7f056c000000 ---p 00000000 00:00 0 
7f056c000000-7f056c021000 rw-p 00000000 00:00 0 
7f056c021000-7f0570000000 ---p 00000000 00:00 0 
7f0570000000-7f0570021000 rw-p 00000000 00:00 0 
7f0570021000-7f0574000000 ---p 00000000 00:00 0 
7f0574000000-7f057432d000 rw-p 00000000 00:00 0 
7f057432d000-7f0578000000 ---p 00000000 00:00 0 
7f0578000000-7f0578021000 rw-p 00000000 00:00 0 
7f0578021000-7f057c000000 ---p 00000000 00:00 0 
7f057c000000-7f057c021000 rw-p 00000000 00:00 0 
7f057c021000-7f0580000000 ---p 00000000 00:00 0 
7f0580000000-7f0580021000 rw-p 00000000 00:00 0 
7f0580021000-7f0584000000 ---p 00000000 00:00 0 
7f0584000000-7f0584021000 rw-p 00000000 00:00 0 
7f0584021000-7f0588000000 ---p 00000000 00:00 0 
7f0588000000-7f0588021000 rw-p 00000000 00:00 0 
7f0588021000-7f058c000000 ---p 00000000 00:00 0 
7f058c000000-7f058c021000 rw-p 00000000 00:00 0 
7f058c021000-7f0590000000 ---p 00000000 00:00 0 
7f0590000000-7f0590260000 rw-p 00000000 00:00 0 
7f0590260000-7f0590400000 ---p 00000000 00:00 0 
7f0590400000-7f0590620000 rw-p 00000000 00:00 0 
7f0590620000-7f0594000000 ---p 00000000 00:00 0 
7f0594000000-7f0594021000 rw-p 00000000 00:00 0 
7f0594021000-7f0598000000 ---p 00000000 00:00 0 
7f0598013000-7f0598018000 r--p 00000000 08:02 10355338                   /usr/lib/x86_64-linux-gnu/librtmp.so.1
7f0598018000-7f0598028000 r-xp 00005000 08:02 10355338                   /usr/lib/x86_64-linux-gnu/librtmp.so.1
7f0598028000-7f059802f000 r--p 00015000 08:02 10355338                   /usr/lib/x86_64-linux-gnu/librtmp.so.1
7f059802f000-7f0598030000 ---p 0001c000 08:02 10355338                   /usr/lib/x86_64-linux-gnu/librtmp.so.1
7f0598030000-7f0598031000 r--p 0001c000 08:02 10355338                   /usr/lib/x86_64-linux-gnu/librtmp.so.1
7f0598031000-7f0598032000 rw-p 0001d000 08:02 10355338                   /usr/lib/x86_64-linux-gnu/librtmp.so.1
7f0598032000-7f0598036000 r--p 00000000 08:02 10355582                   /usr/lib/x86_64-linux-gnu/libjpeg.so.8.2.2
7f0598036000-7f059807f000 r-xp 00004000 08:02 10355582                   /usr/lib/x86_64-linux-gnu/libjpeg.so.8.2.2
7f059807f000-7f05980b1000 r--p 0004d000 08:02 10355582                   /usr/lib/x86_64-linux-gnu/libjpeg.so.8.2.2
7f05980b1000-7f05980b2000 r--p 0007e000 08:02 10355582                   /usr/lib/x86_64-linux-gnu/libjpeg.so.8.2.2
7f05980b2000-7f05980b3000 rw-p 0007f000 08:02 10355582                   /usr/lib/x86_64-linux-gnu/libjpeg.so.8.2.2
7f05980b3000-7f05980d1000 r--p 00000000 08:02 10355997                   /usr/lib/x86_64-linux-gnu/libsqlite3.so.0.8.6
7f05980d1000-7f05981bd000 r-xp 0001e000 08:02 10355997                   /usr/lib/x86_64-linux-gnu/libsqlite3.so.0.8.6
7f05981bd000-7f05981f8000 r--p 0010a000 08:02 10355997                   /usr/lib/x86_64-linux-gnu/libsqlite3.so.0.8.6
7f05981f8000-7f05981fc000 r--p 00144000 08:02 10355997                   /usr/lib/x86_64-linux-gnu/libsqlite3.so.0.8.6
7f05981fc000-7f0598200000 rw-p 00148000 08:02 10355997                   /usr/lib/x86_64-linux-gnu/libsqlite3.so.0.8.6
7f0598200000-7f059825b000 r--p 00000000 08:02 10360429                   /usr/lib/x86_64-linux-gnu/libgsl.so.27.0.0
7f059825b000-7f0598432000 r-xp 0005b000 08:02 10360429                   /usr/lib/x86_64-linux-gnu/libgsl.so.27.0.0
7f0598432000-7f05984ab000 r--p 00232000 08:02 10360429                   /usr/lib/x86_64-linux-gnu/libgsl.so.27.0.0
7f05984ab000-7f05984ac000 ---p 002ab000 08:02 10360429                   /usr/lib/x86_64-linux-gnu/libgsl.so.27.0.0
7f05984ac000-7f05984b0000 r--p 002ab000 08:02 10360429                   /usr/lib/x86_64-linux-gnu/libgsl.so.27.0.0
7f05984b0000-7f05984be000 rw-p 002af000 08:02 10360429                   /usr/lib/x86_64-linux-gnu/libgsl.so.27.0.0
7f05984be000-7f05984bf000 rw-p 00000000 00:00 0 
7f05984c3000-7f05984c6000 r--p 00000000 08:02 10355637                   /usr/lib/x86_64-linux-gnu/libkrb5support.so.0.1
7f05984c6000-7f05984cc000 r-xp 00003000 08:02 10355637                   /usr/lib/x86_64-linux-gnu/libkrb5support.so.0.1
7f05984cc000-7f05984ce000 r--p 00009000 08:02 10355637                   /usr/lib/x86_64-linux-gnu/libkrb5support.so.0.1
7f05984ce000-7f05984cf000 ---p 0000b000 08:02 10355637                   /usr/lib/x86_64-linux-gnu/libkrb5support.so.0.1
7f05984cf000-7f05984d0000 r--p 0000b000 08:02 10355637                   /usr/lib/x86_64-linux-gnu/libkrb5support.so.0.1
7f05984d0000-7f05984d1000 rw-p 0000c000 08:02 10355637                   /usr/lib/x86_64-linux-gnu/libkrb5support.so.0.1
7f05984d1000-7f05984d3000 r--p 00000000 08:02 10361325                   /usr/lib/x86_64-linux-gnu/libidn2.so.0.3.7
7f05984d3000-7f05984d7000 r-xp 00002000 08:02 10361325                   /usr/lib/x86_64-linux-gnu/libidn2.so.0.3.7
7f05984d7000-7f05984f0000 r--p 00006000 08:02 10361325                   /usr/lib/x86_64-linux-gnu/libidn2.so.0.3.7
7f05984f0000-7f05984f1000 r--p 0001e000 08:02 10361325                   /usr/lib/x86_64-linux-gnu/libidn2.so.0.3.7
7f05984f1000-7f05984f2000 rw-p 0001f000 08:02 10361325                   /usr/lib/x86_64-linux-gnu/libidn2.so.0.3.7
7f05984f2000-7f05984f4000 r--p 00000000 08:02 10358223                   /usr/lib/x86_64-linux-gnu/libwebp.so.7.1.3
7f05984f4000-7f0598549000 r-xp 00002000 08:02 10358223                   /usr/lib/x86_64-linux-gnu/libwebp.so.7.1.3
7f0598549000-7f059855a000 r--p 00057000 08:02 10358223                   /usr/lib/x86_64-linux-gnu/libwebp.so.7.1.3
7f059855a000-7f059855b000 r--p 00067000 08:02 10358223                   /usr/lib/x86_64-linux-gnu/libwebp.so.7.1.3
7f059855b000-7f059855c000 rw-p 00068000 08:02 10358223                   /usr/lib/x86_64-linux-gnu/libwebp.so.7.1.3
7f059855c000-7f059855e000 rw-p 00000000 00:00 0 
7f059855e000-7f059856c000 r--p 00000000 08:02 10355046                   /usr/lib/x86_64-linux-gnu/libcurl-gnutls.so.4.7.0
7f059856c000-7f05985de000 r-xp 0000e000 08:02 10355046                   /usr/lib/x86_64-linux-gnu/libcurl-gnutls.so.4.7.0
7f05985de000-7f05985f9000 r--p 00080000 08:02 10355046                   /usr/lib/x86_64-linux-gnu/libcurl-gnutls.so.4.7.0
7f05985f9000-7f05985fd000 r--p 0009a000 08:02 10355046                   /usr/lib/x86_64-linux-gnu/libcurl-gnutls.so.4.7.0
7f05985fd000-7f05985ff000 rw-p 0009e000 08:02 10355046                   /usr/lib/x86_64-linux-gnu/libcurl-gnutls.so.4.7.0
7f05985ff000-7f0598600000 rw-p 00000000 00:00 0 
7f0598600000-7f0598668000 r--p 00000000 08:02 10358220                   /usr/lib/x86_64-linux-gnu/libproj.so.22.2.1
7f0598668000-7f05988b7000 r-xp 00068000 08:02 10358220                   /usr/lib/x86_64-linux-gnu/libproj.so.22.2.1
7f05988b7000-7f059894c000 r--p 002b7000 08:02 10358220                   /usr/lib/x86_64-linux-gnu/libproj.so.22.2.1
7f059894c000-7f059894d000 ---p 0034c000 08:02 10358220                   /usr/lib/x86_64-linux-gnu/libproj.so.22.2.1
7f059894d000-7f0598964000 r--p 0034c000 08:02 10358220                   /usr/lib/x86_64-linux-gnu/libproj.so.22.2.1
7f0598964000-7f0598966000 rw-p 00363000 08:02 10358220                   /usr/lib/x86_64-linux-gnu/libproj.so.22.2.1
7f0598966000-7f0598969000 rw-p 00000000 00:00 0 
7f0598969000-7f059896c000 r--p 00000000 08:02 10355303                   /usr/lib/x86_64-linux-gnu/liblber-2.5.so.0.1.9
7f059896c000-7f0598974000 r-xp 00003000 08:02 10355303                   /usr/lib/x86_64-linux-gnu/liblber-2.5.so.0.1.9
7f0598974000-7f0598977000 r--p 0000b000 08:02 10355303                   /usr/lib/x86_64-linux-gnu/liblber-2.5.so.0.1.9
7f0598977000-7f0598978000 ---p 0000e000 08:02 10355303                   /usr/lib/x86_64-linux-gnu/liblber-2.5.so.0.1.9
7f0598978000-7f0598979000 r--p 0000e000 08:02 10355303                   /usr/lib/x86_64-linux-gnu/liblber-2.5.so.0.1.9
7f0598979000-7f059897a000 rw-p 0000f000 08:02 10355303                   /usr/lib/x86_64-linux-gnu/liblber-2.5.so.0.1.9
7f059897a000-7f0598982000 r--p 00000000 08:02 10358811                   /usr/lib/x86_64-linux-gnu/libtiff.so.5.7.0
7f0598982000-7f05989ca000 r-xp 00008000 08:02 10358811                   /usr/lib/x86_64-linux-gnu/libtiff.so.5.7.0
7f05989ca000-7f05989fa000 r--p 00050000 08:02 10358811                   /usr/lib/x86_64-linux-gnu/libtiff.so.5.7.0
7f05989fa000-7f05989ff000 r--p 0007f000 08:02 10358811                   /usr/lib/x86_64-linux-gnu/libtiff.so.5.7.0
7f05989ff000-7f0598a00000 rw-p 00084000 08:02 10358811                   /usr/lib/x86_64-linux-gnu/libtiff.so.5.7.0
7f0598a00000-7f0598a12000 r-xp 00000000 08:02 1705150                    /tmp/jffi10098371552700949795.so (deleted)
7f0598a12000-7f0598c11000 ---p 00012000 08:02 1705150                    /tmp/jffi10098371552700949795.so (deleted)
7f0598c11000-7f0598c12000 rw-p 00011000 08:02 1705150                    /tmp/jffi10098371552700949795.so (deleted)
7f0598c13000-7f0598c15000 r--p 00000000 08:02 10357718                   /usr/lib/x86_64-linux-gnu/libkeyutils.so.1.9
7f0598c15000-7f0598c17000 r-xp 00002000 08:02 10357718                   /usr/lib/x86_64-linux-gnu/libkeyutils.so.1.9
7f0598c17000-7f0598c18000 r--p 00004000 08:02 10357718                   /usr/lib/x86_64-linux-gnu/libkeyutils.so.1.9
7f0598c18000-7f0598c19000 r--p 00004000 08:02 10357718                   /usr/lib/x86_64-linux-gnu/libkeyutils.so.1.9
7f0598c19000-7f0598c1a000 rw-p 00005000 08:02 10357718                   /usr/lib/x86_64-linux-gnu/libkeyutils.so.1.9
7f0598c1a000-7f0598c1c000 r--p 00000000 08:02 10361503                   /usr/lib/x86_64-linux-gnu/libpsl.so.5.3.2
7f0598c1c000-7f0598c1e000 r-xp 00002000 08:02 10361503                   /usr/lib/x86_64-linux-gnu/libpsl.so.5.3.2
7f0598c1e000-7f0598c2c000 r--p 00004000 08:02 10361503                   /usr/lib/x86_64-linux-gnu/libpsl.so.5.3.2
7f0598c2c000-7f0598c2d000 r--p 00011000 08:02 10361503                   /usr/lib/x86_64-linux-gnu/libpsl.so.5.3.2
7f0598c2d000-7f0598c2e000 rw-p 00012000 08:02 10361503                   /usr/lib/x86_64-linux-gnu/libpsl.so.5.3.2
7f0598c2e000-7f0598c33000 r--p 00000000 08:02 10354889                   /usr/lib/x86_64-linux-gnu/libnghttp2.so.14.20.1
7f0598c33000-7f0598c48000 r-xp 00005000 08:02 10354889                   /usr/lib/x86_64-linux-gnu/libnghttp2.so.14.20.1
7f0598c48000-7f0598c54000 r--p 0001a000 08:02 10354889                   /usr/lib/x86_64-linux-gnu/libnghttp2.so.14.20.1
7f0598c54000-7f0598c57000 r--p 00025000 08:02 10354889                   /usr/lib/x86_64-linux-gnu/libnghttp2.so.14.20.1
7f0598c57000-7f0598c58000 rw-p 00028000 08:02 10354889                   /usr/lib/x86_64-linux-gnu/libnghttp2.so.14.20.1
7f0598c58000-7f0598c59000 r--p 00000000 08:02 10355584                   /usr/lib/x86_64-linux-gnu/libdeflate.so.0
7f0598c59000-7f0598c75000 r-xp 00001000 08:02 10355584                   /usr/lib/x86_64-linux-gnu/libdeflate.so.0
7f0598c75000-7f0598c79000 r--p 0001d000 08:02 10355584                   /usr/lib/x86_64-linux-gnu/libdeflate.so.0
7f0598c79000-7f0598c7a000 ---p 00021000 08:02 10355584                   /usr/lib/x86_64-linux-gnu/libdeflate.so.0
7f0598c7a000-7f0598c7b000 r--p 00021000 08:02 10355584                   /usr/lib/x86_64-linux-gnu/libdeflate.so.0
7f0598c7b000-7f0598c7c000 rw-p 00022000 08:02 10355584                   /usr/lib/x86_64-linux-gnu/libdeflate.so.0
7f0598c7c000-7f0598cb2000 r--p 00000000 08:02 11142841                   /usr/local/lib/libmeos.so
7f0598cb2000-7f0598da6000 r-xp 00036000 08:02 11142841                   /usr/local/lib/libmeos.so
7f0598da6000-7f0598df1000 r--p 0012a000 08:02 11142841                   /usr/local/lib/libmeos.so
7f0598df1000-7f0598df2000 ---p 00175000 08:02 11142841                   /usr/local/lib/libmeos.so
7f0598df2000-7f0598df3000 r--p 00175000 08:02 11142841                   /usr/local/lib/libmeos.so
7f0598df3000-7f0598df8000 rw-p 00176000 08:02 11142841                   /usr/local/lib/libmeos.so
7f0598df8000-7f0598dfe000 rw-p 00000000 00:00 0 
7f0598dfe000-7f0598dff000 ---p 00000000 00:00 0 
7f0598dff000-7f0598f00000 rw-p 00000000 00:00 0 
7f0598f00000-7f0598f04000 ---p 00000000 00:00 0 
7f0598f04000-7f0599000000 rw-p 00000000 00:00 0 
7f0599000000-7f0599004000 ---p 00000000 00:00 0 
7f0599004000-7f0599100000 rw-p 00000000 00:00 0 
7f0599100000-7f0599104000 ---p 00000000 00:00 0 
7f0599104000-7f0599200000 rw-p 00000000 00:00 0 
7f0599200000-7f0599204000 ---p 00000000 00:00 0 
7f0599204000-7f0599300000 rw-p 00000000 00:00 0 
7f0599300000-7f0599304000 ---p 00000000 00:00 0 
7f0599304000-7f0599400000 rw-p 00000000 00:00 0 
7f0599400000-7f0599404000 ---p 00000000 00:00 0 
7f0599404000-7f0599500000 rw-p 00000000 00:00 0 
7f0599500000-7f0599504000 ---p 00000000 00:00 0 
7f0599504000-7f0599600000 rw-p 00000000 00:00 0 
7f0599600000-7f0599604000 ---p 00000000 00:00 0 
7f0599604000-7f0599700000 rw-p 00000000 00:00 0 
7f0599700000-7f0599704000 ---p 00000000 00:00 0 
7f0599704000-7f0599800000 rw-p 00000000 00:00 0 
7f0599800000-7f0599ff0000 r--p 00000000 08:02 10356383                   /usr/lib/locale/locale-archive
7f0599ff2000-7f0599ff3000 r--p 00000000 08:02 10355683                   /usr/lib/x86_64-linux-gnu/libbrotlidec.so.1.0.9
7f0599ff3000-7f0599ffb000 r-xp 00001000 08:02 10355683                   /usr/lib/x86_64-linux-gnu/libbrotlidec.so.1.0.9
7f0599ffb000-7f0599ffe000 r--p 00009000 08:02 10355683                   /usr/lib/x86_64-linux-gnu/libbrotlidec.so.1.0.9
7f0599ffe000-7f0599fff000 r--p 0000b000 08:02 10355683                   /usr/lib/x86_64-linux-gnu/libbrotlidec.so.1.0.9
7f0599fff000-7f059a000000 rw-p 0000c000 08:02 10355683                   /usr/lib/x86_64-linux-gnu/libbrotlidec.so.1.0.9
7f059a000000-7f059c000000 rw-p 00000000 00:00 0 
7f059c000000-7f059c021000 rw-p 00000000 00:00 0 
7f059c021000-7f05a0000000 ---p 00000000 00:00 0 
7f05a0000000-7f05a0021000 rw-p 00000000 00:00 0 
7f05a0021000-7f05a4000000 ---p 00000000 00:00 0 
7f05a4000000-7f05a4021000 rw-p 00000000 00:00 0 
7f05a4021000-7f05a8000000 ---p 00000000 00:00 0 
7f05a8002000-7f05a8004000 r--p 00000000 08:02 10355587                   /usr/lib/x86_64-linux-gnu/libjbig.so.0
7f05a8004000-7f05a800d000 r-xp 00002000 08:02 10355587                   /usr/lib/x86_64-linux-gnu/libjbig.so.0
7f05a800d000-7f05a800f000 r--p 0000b000 08:02 10355587                   /usr/lib/x86_64-linux-gnu/libjbig.so.0
7f05a800f000-7f05a8010000 r--p 0000c000 08:02 10355587                   /usr/lib/x86_64-linux-gnu/libjbig.so.0
7f05a8010000-7f05a8013000 rw-p 0000d000 08:02 10355587                   /usr/lib/x86_64-linux-gnu/libjbig.so.0
7f05a8013000-7f05a8016000 r--p 00000000 08:02 10359160                   /usr/lib/x86_64-linux-gnu/liblzma.so.5.2.5
7f05a8016000-7f05a8031000 r-xp 00003000 08:02 10359160                   /usr/lib/x86_64-linux-gnu/liblzma.so.5.2.5
7f05a8031000-7f05a803c000 r--p 0001e000 08:02 10359160                   /usr/lib/x86_64-linux-gnu/liblzma.so.5.2.5
7f05a803c000-7f05a803d000 r--p 00028000 08:02 10359160                   /usr/lib/x86_64-linux-gnu/liblzma.so.5.2.5
7f05a803d000-7f05a803e000 rw-p 00029000 08:02 10359160                   /usr/lib/x86_64-linux-gnu/liblzma.so.5.2.5
7f05a803e000-7f05a8041000 r--p 00000000 08:02 10360435                   /usr/lib/x86_64-linux-gnu/libgslcblas.so.0.0.0
7f05a8041000-7f05a807a000 r-xp 00003000 08:02 10360435                   /usr/lib/x86_64-linux-gnu/libgslcblas.so.0.0.0
7f05a807a000-7f05a807e000 r--p 0003c000 08:02 10360435                   /usr/lib/x86_64-linux-gnu/libgslcblas.so.0.0.0
7f05a807e000-7f05a807f000 r--p 0003f000 08:02 10360435                   /usr/lib/x86_64-linux-gnu/libgslcblas.so.0.0.0
7f05a807f000-7f05a8080000 rw-p 00040000 08:02 10360435                   /usr/lib/x86_64-linux-gnu/libgslcblas.so.0.0.0
7f05a8080000-7f05a808f000 r--p 00000000 08:02 10366483                   /usr/lib/x86_64-linux-gnu/libgeos_c.so.1.16.0
7f05a808f000-7f05a80af000 r-xp 0000f000 08:02 10366483                   /usr/lib/x86_64-linux-gnu/libgeos_c.so.1.16.0
7f05a80af000-7f05a80bc000 r--p 0002f000 08:02 10366483                   /usr/lib/x86_64-linux-gnu/libgeos_c.so.1.16.0
7f05a80bc000-7f05a80bd000 ---p 0003c000 08:02 10366483                   /usr/lib/x86_64-linux-gnu/libgeos_c.so.1.16.0
7f05a80bd000-7f05a80be000 r--p 0003c000 08:02 10366483                   /usr/lib/x86_64-linux-gnu/libgeos_c.so.1.16.0
7f05a80be000-7f05a80bf000 rw-p 0003d000 08:02 10366483                   /usr/lib/x86_64-linux-gnu/libgeos_c.so.1.16.0
7f05a80d5000-7f05a80d9000 ---p 00000000 00:00 0 
7f05a80d9000-7f05a81d5000 rw-p 00000000 00:00 0 
7f05a81d5000-7f05a81d9000 ---p 00000000 00:00 0 
7f05a81d9000-7f05a82d5000 rw-p 00000000 00:00 0 
7f05a82d5000-7f05a82d6000 ---p 00000000 00:00 0 
7f05a82d6000-7f05a83d7000 rw-p 00000000 00:00 0 
7f05a83d7000-7f05a83dc000 r--p 00000000 08:02 10491564                   /usr/lib/jvm/java-17-openjdk-amd64/lib/libjsvml.so
7f05a83dc000-7f05a841d000 r-xp 00005000 08:02 10491564                   /usr/lib/jvm/java-17-openjdk-amd64/lib/libjsvml.so
7f05a841d000-7f05a84a6000 r--p 00046000 08:02 10491564                   /usr/lib/jvm/java-17-openjdk-amd64/lib/libjsvml.so
7f05a84a6000-7f05a84a7000 r--p 000ce000 08:02 10491564                   /usr/lib/jvm/java-17-openjdk-amd64/lib/libjsvml.so
7f05a84a7000-7f05a84a8000 rw-p 000cf000 08:02 10491564                   /usr/lib/jvm/java-17-openjdk-amd64/lib/libjsvml.so
7f05a84a8000-7f05a8529000 rw-p 00000000 00:00 0 
7f05a8529000-7f05a852a000 ---p 00000000 00:00 0 
7f05a852a000-7f05a862b000 rw-p 00000000 00:00 0 
7f05a862b000-7f05a862c000 ---p 00000000 00:00 0 
7f05a862c000-7f05a8d21000 rw-p 00000000 00:00 0 
7f05a8d21000-7f05aa9d1000 ---p 00000000 00:00 0 
7f05aa9d1000-7f05aabc9000 rw-p 00000000 00:00 0 
7f05aabc9000-7f05ac879000 ---p 00000000 00:00 0 
7f05ac879000-7f05ac8bf000 rw-p 00000000 00:00 0 
7f05ac8bf000-7f05acc55000 ---p 00000000 00:00 0 
7f05acc55000-7f05acc94000 rw-p 00000000 00:00 0 
7f05acc94000-7f05ad02a000 ---p 00000000 00:00 0 
7f05ad02a000-7f05ad069000 rw-p 00000000 00:00 0 
7f05ad069000-7f05ad3ff000 ---p 00000000 00:00 0 
7f05ad3ff000-7f05ad400000 rw-p 00000000 00:00 0 
7f05ad400000-7f05ad670000 rwxp 00000000 00:00 0 
7f05ad670000-7f05b4937000 ---p 00000000 00:00 0 
7f05b4937000-7f05b4ba7000 rwxp 00000000 00:00 0 
7f05b4ba7000-7f05b4ec8000 ---p 00000000 00:00 0 
7f05b4ec8000-7f05b5138000 rwxp 00000000 00:00 0 
7f05b5138000-7f05bc400000 ---p 00000000 00:00 0 
7f05bc400000-7f05c3e43000 r--s 00000000 08:02 10491594                   /usr/lib/jvm/java-17-openjdk-amd64/lib/modules
7f05c3e43000-7f05c3e47000 r--p 00000000 08:02 10355662                   /usr/lib/x86_64-linux-gnu/libjson-c.so.5.1.0
7f05c3e47000-7f05c3e50000 r-xp 00004000 08:02 10355662                   /usr/lib/x86_64-linux-gnu/libjson-c.so.5.1.0
7f05c3e50000-7f05c3e53000 r--p 0000d000 08:02 10355662                   /usr/lib/x86_64-linux-gnu/libjson-c.so.5.1.0
7f05c3e53000-7f05c3e54000 ---p 00010000 08:02 10355662                   /usr/lib/x86_64-linux-gnu/libjson-c.so.5.1.0
7f05c3e54000-7f05c3e55000 r--p 00010000 08:02 10355662                   /usr/lib/x86_64-linux-gnu/libjson-c.so.5.1.0
7f05c3e55000-7f05c3e56000 rw-p 00011000 08:02 10355662                   /usr/lib/x86_64-linux-gnu/libjson-c.so.5.1.0
7f05c3e56000-7f05c3e7b000 r--p 00000000 08:02 12591460                   /usr/share/locale-langpack/fr/LC_MESSAGES/libc.mo
7f05c3e7b000-7f05c3e7f000 r--p 00000000 08:02 10491590                   /usr/lib/jvm/java-17-openjdk-amd64/lib/libverify.so
7f05c3e7f000-7f05c3e86000 r-xp 00004000 08:02 10491590                   /usr/lib/jvm/java-17-openjdk-amd64/lib/libverify.so
7f05c3e86000-7f05c3e88000 r--p 0000b000 08:02 10491590                   /usr/lib/jvm/java-17-openjdk-amd64/lib/libverify.so
7f05c3e88000-7f05c3e8a000 r--p 0000c000 08:02 10491590                   /usr/lib/jvm/java-17-openjdk-amd64/lib/libverify.so
7f05c3e8a000-7f05c3e8b000 rw-p 0000e000 08:02 10491590                   /usr/lib/jvm/java-17-openjdk-amd64/lib/libverify.so
7f05c3e8b000-7f05c3e8f000 r--p 00000000 08:02 10491576                   /usr/lib/jvm/java-17-openjdk-amd64/lib/libnet.so
7f05c3e8f000-7f05c3e9d000 r-xp 00004000 08:02 10491576                   /usr/lib/jvm/java-17-openjdk-amd64/lib/libnet.so
7f05c3e9d000-7f05c3ea1000 r--p 00012000 08:02 10491576                   /usr/lib/jvm/java-17-openjdk-amd64/lib/libnet.so
7f05c3ea1000-7f05c3ea2000 r--p 00015000 08:02 10491576                   /usr/lib/jvm/java-17-openjdk-amd64/lib/libnet.so
7f05c3ea2000-7f05c3ea3000 rw-p 00016000 08:02 10491576                   /usr/lib/jvm/java-17-openjdk-amd64/lib/libnet.so
7f05c3ea3000-7f05c3efe000 rw-p 00000000 00:00 0 
7f05c3efe000-7f05c3eff000 ---p 00000000 00:00 0 
7f05c3eff000-7f05c4000000 rw-p 00000000 00:00 0 
7f05c4000000-7f05c44e2000 rw-p 00000000 00:00 0 
7f05c44e2000-7f05c8000000 ---p 00000000 00:00 0 
7f05c8000000-7f05c8002000 r--p 00000000 08:02 10356728                   /usr/lib/x86_64-linux-gnu/libffi.so.8.1.0
7f05c8002000-7f05c8009000 r-xp 00002000 08:02 10356728                   /usr/lib/x86_64-linux-gnu/libffi.so.8.1.0
7f05c8009000-7f05c800a000 r--p 00009000 08:02 10356728                   /usr/lib/x86_64-linux-gnu/libffi.so.8.1.0
7f05c800a000-7f05c800b000 ---p 0000a000 08:02 10356728                   /usr/lib/x86_64-linux-gnu/libffi.so.8.1.0
7f05c800b000-7f05c800c000 r--p 0000a000 08:02 10356728                   /usr/lib/x86_64-linux-gnu/libffi.so.8.1.0
7f05c800c000-7f05c800d000 rw-p 0000b000 08:02 10356728                   /usr/lib/x86_64-linux-gnu/libffi.so.8.1.0
7f05c800d000-7f05c800e000 ---p 00000000 00:00 0 
7f05c800e000-7f05c810f000 rw-p 00000000 00:00 0 
7f05c810f000-7f05c8110000 ---p 00000000 00:00 0 
7f05c8110000-7f05c861a000 rw-p 00000000 00:00 0 
7f05c861a000-7f05c8700000 ---p 00000000 00:00 0 
7f05c8700000-7f05c8704000 ---p 00000000 00:00 0 
7f05c8704000-7f05c8800000 rw-p 00000000 00:00 0 
7f05c8800000-7f05c889a000 r--p 00000000 08:02 10354705                   /usr/lib/x86_64-linux-gnu/libstdc++.so.6.0.30
7f05c889a000-7f05c89aa000 r-xp 0009a000 08:02 10354705                   /usr/lib/x86_64-linux-gnu/libstdc++.so.6.0.30
7f05c89aa000-7f05c8a19000 r--p 001aa000 08:02 10354705                   /usr/lib/x86_64-linux-gnu/libstdc++.so.6.0.30
7f05c8a19000-7f05c8a24000 r--p 00218000 08:02 10354705                   /usr/lib/x86_64-linux-gnu/libstdc++.so.6.0.30
7f05c8a24000-7f05c8a27000 rw-p 00223000 08:02 10354705                   /usr/lib/x86_64-linux-gnu/libstdc++.so.6.0.30
7f05c8a27000-7f05c8a2a000 rw-p 00000000 00:00 0 
7f05c8a2e000-7f05c8a33000 rw-p 00000000 00:00 0 
7f05c8a33000-7f05c8b19000 ---p 00000000 00:00 0 
7f05c8b19000-7f05c8b27000 r--p 00000000 08:02 10365361                   /usr/lib/x86_64-linux-gnu/libm.so.6
7f05c8b27000-7f05c8ba3000 r-xp 0000e000 08:02 10365361                   /usr/lib/x86_64-linux-gnu/libm.so.6
7f05c8ba3000-7f05c8bfe000 r--p 0008a000 08:02 10365361                   /usr/lib/x86_64-linux-gnu/libm.so.6
7f05c8bfe000-7f05c8bff000 r--p 000e4000 08:02 10365361                   /usr/lib/x86_64-linux-gnu/libm.so.6
7f05c8bff000-7f05c8c00000 rw-p 000e5000 08:02 10365361                   /usr/lib/x86_64-linux-gnu/libm.so.6
7f05c8c00000-7f05c8e50000 r--p 00000000 08:02 10491606                   /usr/lib/jvm/java-17-openjdk-amd64/lib/server/libjvm.so
7f05c8e50000-7f05c9bd4000 r-xp 00250000 08:02 10491606                   /usr/lib/jvm/java-17-openjdk-amd64/lib/server/libjvm.so
7f05c9bd4000-7f05c9e57000 r--p 00fd4000 08:02 10491606                   /usr/lib/jvm/java-17-openjdk-amd64/lib/server/libjvm.so
7f05c9e57000-7f05c9f0f000 r--p 01256000 08:02 10491606                   /usr/lib/jvm/java-17-openjdk-amd64/lib/server/libjvm.so
7f05c9f0f000-7f05c9f44000 rw-p 0130e000 08:02 10491606                   /usr/lib/jvm/java-17-openjdk-amd64/lib/server/libjvm.so
7f05c9f44000-7f05c9f9e000 rw-p 00000000 00:00 0 
7f05c9fa3000-7f05c9fa5000 r--p 00000000 08:02 10357716                   /usr/lib/x86_64-linux-gnu/libcom_err.so.2.1
7f05c9fa5000-7f05c9fa6000 r-xp 00002000 08:02 10357716                   /usr/lib/x86_64-linux-gnu/libcom_err.so.2.1
7f05c9fa6000-7f05c9fa7000 r--p 00003000 08:02 10357716                   /usr/lib/x86_64-linux-gnu/libcom_err.so.2.1
7f05c9fa7000-7f05c9fa8000 r--p 00003000 08:02 10357716                   /usr/lib/x86_64-linux-gnu/libcom_err.so.2.1
7f05c9fa8000-7f05c9fa9000 rw-p 00004000 08:02 10357716                   /usr/lib/x86_64-linux-gnu/libcom_err.so.2.1
7f05c9fa9000-7f05c9faf000 r--p 00000000 08:02 10491578                   /usr/lib/jvm/java-17-openjdk-amd64/lib/libnio.so
7f05c9faf000-7f05c9fb8000 r-xp 00006000 08:02 10491578                   /usr/lib/jvm/java-17-openjdk-amd64/lib/libnio.so
7f05c9fb8000-7f05c9fbc000 r--p 0000f000 08:02 10491578                   /usr/lib/jvm/java-17-openjdk-amd64/lib/libnio.so
7f05c9fbc000-7f05c9fbd000 ---p 00013000 08:02 10491578                   /usr/lib/jvm/java-17-openjdk-amd64/lib/libnio.so
7f05c9fbd000-7f05c9fbe000 r--p 00013000 08:02 10491578                   /usr/lib/jvm/java-17-openjdk-amd64/lib/libnio.so
7f05c9fbe000-7f05c9fbf000 rw-p 00014000 08:02 10491578                   /usr/lib/jvm/java-17-openjdk-amd64/lib/libnio.so
7f05c9fbf000-7f05ca000000 rw-p 00000000 00:00 0 
7f05ca000000-7f05ca028000 r--p 00000000 08:02 10365356                   /usr/lib/x86_64-linux-gnu/libc.so.6
7f05ca028000-7f05ca1bd000 r-xp 00028000 08:02 10365356                   /usr/lib/x86_64-linux-gnu/libc.so.6
7f05ca1bd000-7f05ca215000 r--p 001bd000 08:02 10365356                   /usr/lib/x86_64-linux-gnu/libc.so.6
7f05ca215000-7f05ca219000 r--p 00214000 08:02 10365356                   /usr/lib/x86_64-linux-gnu/libc.so.6
7f05ca219000-7f05ca21b000 rw-p 00218000 08:02 10365356                   /usr/lib/x86_64-linux-gnu/libc.so.6
7f05ca21b000-7f05ca228000 rw-p 00000000 00:00 0 
7f05ca22d000-7f05ca234000 r--s 00000000 08:02 11013395                   /usr/lib/x86_64-linux-gnu/gconv/gconv-modules.cache
7f05ca234000-7f05ca235000 r--p 00000000 08:02 10491501                   /usr/lib/jvm/java-17-openjdk-amd64/lib/libextnet.so
7f05ca235000-7f05ca236000 r-xp 00001000 08:02 10491501                   /usr/lib/jvm/java-17-openjdk-amd64/lib/libextnet.so
7f05ca236000-7f05ca237000 r--p 00002000 08:02 10491501                   /usr/lib/jvm/java-17-openjdk-amd64/lib/libextnet.so
7f05ca237000-7f05ca238000 r--p 00002000 08:02 10491501                   /usr/lib/jvm/java-17-openjdk-amd64/lib/libextnet.so
7f05ca238000-7f05ca239000 rw-p 00003000 08:02 10491501                   /usr/lib/jvm/java-17-openjdk-amd64/lib/libextnet.so
7f05ca239000-7f05ca23b000 r--p 00000000 08:02 10491592                   /usr/lib/jvm/java-17-openjdk-amd64/lib/libzip.so
7f05ca23b000-7f05ca240000 r-xp 00002000 08:02 10491592                   /usr/lib/jvm/java-17-openjdk-amd64/lib/libzip.so
7f05ca240000-7f05ca242000 r--p 00007000 08:02 10491592                   /usr/lib/jvm/java-17-openjdk-amd64/lib/libzip.so
7f05ca242000-7f05ca243000 r--p 00008000 08:02 10491592                   /usr/lib/jvm/java-17-openjdk-amd64/lib/libzip.so
7f05ca243000-7f05ca244000 rw-p 00009000 08:02 10491592                   /usr/lib/jvm/java-17-openjdk-amd64/lib/libzip.so
7f05ca244000-7f05ca28b000 rw-p 00000000 00:00 0 
7f05ca28b000-7f05ca292000 ---p 00000000 00:00 0 
7f05ca292000-7f05ca29e000 r--p 00000000 08:02 10491515                   /usr/lib/jvm/java-17-openjdk-amd64/lib/libjava.so
7f05ca29e000-7f05ca2b1000 r-xp 0000c000 08:02 10491515                   /usr/lib/jvm/java-17-openjdk-amd64/lib/libjava.so
7f05ca2b1000-7f05ca2b7000 r--p 0001f000 08:02 10491515                   /usr/lib/jvm/java-17-openjdk-amd64/lib/libjava.so
7f05ca2b7000-7f05ca2b8000 r--p 00024000 08:02 10491515                   /usr/lib/jvm/java-17-openjdk-amd64/lib/libjava.so
7f05ca2b8000-7f05ca2b9000 rw-p 00025000 08:02 10491515                   /usr/lib/jvm/java-17-openjdk-amd64/lib/libjava.so
7f05ca2b9000-7f05ca2ba000 rw-p 00000000 00:00 0 
7f05ca2ba000-7f05ca2bb000 r--p 00000000 08:02 10491505                   /usr/lib/jvm/java-17-openjdk-amd64/lib/libinstrument.so
7f05ca2bb000-7f05ca2c1000 r-xp 00001000 08:02 10491505                   /usr/lib/jvm/java-17-openjdk-amd64/lib/libinstrument.so
7f05ca2c1000-7f05ca2c4000 r--p 00007000 08:02 10491505                   /usr/lib/jvm/java-17-openjdk-amd64/lib/libinstrument.so
7f05ca2c4000-7f05ca2c5000 r--p 00009000 08:02 10491505                   /usr/lib/jvm/java-17-openjdk-amd64/lib/libinstrument.so
7f05ca2c5000-7f05ca2c6000 rw-p 0000a000 08:02 10491505                   /usr/lib/jvm/java-17-openjdk-amd64/lib/libinstrument.so
7f05ca2c6000-7f05ca2c9000 r--p 00000000 08:02 10354703                   /usr/lib/x86_64-linux-gnu/libgcc_s.so.1
7f05ca2c9000-7f05ca2e0000 r-xp 00003000 08:02 10354703                   /usr/lib/x86_64-linux-gnu/libgcc_s.so.1
7f05ca2e0000-7f05ca2e4000 r--p 0001a000 08:02 10354703                   /usr/lib/x86_64-linux-gnu/libgcc_s.so.1
7f05ca2e4000-7f05ca2e5000 r--p 0001d000 08:02 10354703                   /usr/lib/x86_64-linux-gnu/libgcc_s.so.1
7f05ca2e5000-7f05ca2e6000 rw-p 0001e000 08:02 10354703                   /usr/lib/x86_64-linux-gnu/libgcc_s.so.1
7f05ca2e6000-7f05ca2e9000 rw-p 00000000 00:00 0 
7f05ca2e9000-7f05ca2eb000 r--p 00000000 08:02 10354880                   /usr/lib/x86_64-linux-gnu/libz.so.1.2.11
7f05ca2eb000-7f05ca2fc000 r-xp 00002000 08:02 10354880                   /usr/lib/x86_64-linux-gnu/libz.so.1.2.11
7f05ca2fc000-7f05ca302000 r--p 00013000 08:02 10354880                   /usr/lib/x86_64-linux-gnu/libz.so.1.2.11
7f05ca302000-7f05ca303000 ---p 00019000 08:02 10354880                   /usr/lib/x86_64-linux-gnu/libz.so.1.2.11
7f05ca303000-7f05ca304000 r--p 00019000 08:02 10354880                   /usr/lib/x86_64-linux-gnu/libz.so.1.2.11
7f05ca304000-7f05ca305000 rw-p 0001a000 08:02 10354880                   /usr/lib/x86_64-linux-gnu/libz.so.1.2.11
7f05ca307000-7f05ca308000 r-xp 00000000 00:00 0 
7f05ca308000-7f05ca310000 rw-s 00000000 08:02 1967081                    /tmp/hsperfdata_nidhal/419352
7f05ca310000-7f05ca311000 ---p 00000000 00:00 0 
7f05ca311000-7f05ca312000 r--p 00000000 00:00 0 
7f05ca312000-7f05ca314000 r--p 00000000 08:02 10491521                   /usr/lib/jvm/java-17-openjdk-amd64/lib/libjimage.so
7f05ca314000-7f05ca317000 r-xp 00002000 08:02 10491521                   /usr/lib/jvm/java-17-openjdk-amd64/lib/libjimage.so
7f05ca317000-7f05ca318000 r--p 00005000 08:02 10491521                   /usr/lib/jvm/java-17-openjdk-amd64/lib/libjimage.so
7f05ca318000-7f05ca319000 ---p 00006000 08:02 10491521                   /usr/lib/jvm/java-17-openjdk-amd64/lib/libjimage.so
7f05ca319000-7f05ca31a000 r--p 00006000 08:02 10491521                   /usr/lib/jvm/java-17-openjdk-amd64/lib/libjimage.so
7f05ca31a000-7f05ca31b000 rw-p 00007000 08:02 10491521                   /usr/lib/jvm/java-17-openjdk-amd64/lib/libjimage.so
7f05ca31b000-7f05ca31d000 r--p 00000000 08:02 10491523                   /usr/lib/jvm/java-17-openjdk-amd64/lib/libjli.so
7f05ca31d000-7f05ca327000 r-xp 00002000 08:02 10491523                   /usr/lib/jvm/java-17-openjdk-amd64/lib/libjli.so
7f05ca327000-7f05ca32a000 r--p 0000c000 08:02 10491523                   /usr/lib/jvm/java-17-openjdk-amd64/lib/libjli.so
7f05ca32a000-7f05ca32b000 r--p 0000e000 08:02 10491523                   /usr/lib/jvm/java-17-openjdk-amd64/lib/libjli.so
7f05ca32b000-7f05ca32c000 rw-p 0000f000 08:02 10491523                   /usr/lib/jvm/java-17-openjdk-amd64/lib/libjli.so
7f05ca32c000-7f05ca32e000 rw-p 00000000 00:00 0 
7f05ca32e000-7f05ca330000 r--p 00000000 08:02 10356375                   /usr/lib/x86_64-linux-gnu/ld-linux-x86-64.so.2
7f05ca330000-7f05ca35a000 r-xp 00002000 08:02 10356375                   /usr/lib/x86_64-linux-gnu/ld-linux-x86-64.so.2
7f05ca35a000-7f05ca365000 r--p 0002c000 08:02 10356375                   /usr/lib/x86_64-linux-gnu/ld-linux-x86-64.so.2
7f05ca365000-7f05ca366000 ---p 00000000 00:00 0 
7f05ca366000-7f05ca368000 r--p 00037000 08:02 10356375                   /usr/lib/x86_64-linux-gnu/ld-linux-x86-64.so.2
7f05ca368000-7f05ca36a000 rw-p 00039000 08:02 10356375                   /usr/lib/x86_64-linux-gnu/ld-linux-x86-64.so.2
7ffc57212000-7ffc57234000 rw-p 00000000 00:00 0                          [stack]
7ffc57354000-7ffc57358000 r--p 00000000 00:00 0                          [vvar]
7ffc57358000-7ffc5735a000 r-xp 00000000 00:00 0                          [vdso]
ffffffffff600000-ffffffffff601000 --xp 00000000 00:00 0                  [vsyscall]


VM Arguments:
jvm_args: -javaagent:/snap/intellij-idea-ultimate/430/lib/idea_rt.jar=33595:/snap/intellij-idea-ultimate/430/bin -Dfile.encoding=UTF-8 
java_command: tutorials.hello_world
java_class_path (initial): /home/nidhal/IdeaProjects/JMEOS/target/classes:/home/nidhal/.m2/repository/com/github/jnr/jnr-ffi/2.2.11/jnr-ffi-2.2.11.jar:/home/nidhal/.m2/repository/com/github/jnr/jffi/1.3.9/jffi-1.3.9.jar:/home/nidhal/.m2/repository/com/github/jnr/jffi/1.3.9/jffi-1.3.9-native.jar:/home/nidhal/.m2/repository/org/ow2/asm/asm/9.2/asm-9.2.jar:/home/nidhal/.m2/repository/org/ow2/asm/asm-commons/9.2/asm-commons-9.2.jar:/home/nidhal/.m2/repository/org/ow2/asm/asm-analysis/9.2/asm-analysis-9.2.jar:/home/nidhal/.m2/repository/org/ow2/asm/asm-tree/9.2/asm-tree-9.2.jar:/home/nidhal/.m2/repository/org/ow2/asm/asm-util/9.2/asm-util-9.2.jar:/home/nidhal/.m2/repository/com/github/jnr/jnr-a64asm/1.0.0/jnr-a64asm-1.0.0.jar:/home/nidhal/.m2/repository/com/github/jnr/jnr-x86asm/1.0.2/jnr-x86asm-1.0.2.jar:/home/nidhal/.m2/repository/org/hibernate/orm/hibernate-core/6.2.2.Final/hibernate-core-6.2.2.Final.jar:/home/nidhal/.m2/repository/jakarta/persistence/jakarta.persistence-api/3.1.0/jakarta.persistence-api-3.1.0.jar:/home/nidhal/.m2/repository/jakarta/transaction/jakarta.transaction-api/2.0.1/jakarta.transaction-api-2.0.1.jar:/home/nidhal/.m2/repository/org/jboss/logging/jboss-logging/3.5.0.Final/jboss-logging-3.5.0.Final.jar:/home/nidhal/.m2/repository/org/hibernate/common/hibernate-commons-annotations/6.0.6.Final/hibernate-commons-annotations-6.0.6.Final.jar:/home/nidhal/.m2/repository/io/smallrye/jandex/3.0.5/jandex-3.0.5.jar:/home/nidhal/.m2/repository/com/fasterxml/classmate/1.5.1/classmate-1.5.1.jar:/home/nidhal/.m2/repository/net/bytebuddy/byte-buddy/1.12.18/byte-buddy-1.12.18.jar:/home/nidhal/.m2/repository/jakarta/xml/bind/jakarta.xml.bind-api/4.0.0/jakarta.xml.bind-api-4.0.0.jar:/home/nidhal/.m2/repository/jakarta/activation/jakarta.activation-api/2.1.0/jakarta.activation-api-2.1.0.jar:/home/nidhal/.m2/repository/org/glassfish/jaxb/jaxb-runtime/4.0.2/jaxb-runtime-4.0.2.jar:/home/nidhal/.m2/repository/org/glassfish/jaxb/jaxb-core/4.0.2/jaxb-core-4.0.2.jar:/ho
Launcher Type: SUN_STANDARD

[Global flags]
     intx CICompilerCount                          = 3                                         {product} {ergonomic}
     uint ConcGCThreads                            = 1                                         {product} {ergonomic}
     uint G1ConcRefinementThreads                  = 4                                         {product} {ergonomic}
   size_t G1HeapRegionSize                         = 1048576                                   {product} {ergonomic}
    uintx GCDrainStackTargetSize                   = 64                                        {product} {ergonomic}
   size_t InitialHeapSize                          = 130023424                                 {product} {ergonomic}
   size_t MarkStackSize                            = 4194304                                   {product} {ergonomic}
   size_t MaxHeapSize                              = 2057306112                                {product} {ergonomic}
   size_t MaxNewSize                               = 1234173952                                {product} {ergonomic}
   size_t MinHeapDeltaBytes                        = 1048576                                   {product} {ergonomic}
   size_t MinHeapSize                              = 8388608                                   {product} {ergonomic}
    uintx NonNMethodCodeHeapSize                   = 5832780                                {pd product} {ergonomic}
    uintx NonProfiledCodeHeapSize                  = 122912730                              {pd product} {ergonomic}
    uintx ProfiledCodeHeapSize                     = 122912730                              {pd product} {ergonomic}
    uintx ReservedCodeCacheSize                    = 251658240                              {pd product} {ergonomic}
     bool SegmentedCodeCache                       = true                                      {product} {ergonomic}
   size_t SoftMaxHeapSize                          = 2057306112                             {manageable} {ergonomic}
     bool UseCompressedClassPointers               = true                           {product lp64_product} {ergonomic}
     bool UseCompressedOops                        = true                           {product lp64_product} {ergonomic}
     bool UseG1GC                                  = true                                      {product} {ergonomic}

Logging:
Log output configuration:
 #0: stdout all=warning uptime,level,tags
 #1: stderr all=off uptime,level,tags

Environment Variables:
JAVA_HOME=/opt/jdk-13.0.2
PATH=/home/nidhal/.local/bin:/usr/local/sbin:/usr/local/bin:/usr/sbin:/usr/bin:/sbin:/bin:/usr/games:/usr/local/games:/snap/bin:/snap/bin/opt/jdk-13.0.2/bin
USERNAME=nidhal
SHELL=/bin/bash
DISPLAY=:0
LANG=fr_FR.UTF-8

Active Locale:
LC_ALL=fr_FR.UTF-8
LC_COLLATE=fr_FR.UTF-8
LC_CTYPE=fr_FR.UTF-8
LC_MESSAGES=fr_FR.UTF-8
LC_MONETARY=fr_FR.UTF-8
LC_NUMERIC=fr_FR.UTF-8
LC_TIME=fr_FR.UTF-8

Signal Handlers:
   SIGSEGV: crash_handler in libjvm.so, mask=11100100010111111101111111111110, flags=SA_RESTART|SA_SIGINFO, unblocked
    SIGBUS: crash_handler in libjvm.so, mask=11100100010111111101111111111110, flags=SA_RESTART|SA_SIGINFO, unblocked
    SIGFPE: crash_handler in libjvm.so, mask=11100100010111111101111111111110, flags=SA_RESTART|SA_SIGINFO, unblocked
   SIGPIPE: javaSignalHandler in libjvm.so, mask=11100100010111111101111111111110, flags=SA_RESTART|SA_SIGINFO, blocked
   SIGXFSZ: javaSignalHandler in libjvm.so, mask=11100100010111111101111111111110, flags=SA_RESTART|SA_SIGINFO, blocked
    SIGILL: crash_handler in libjvm.so, mask=11100100010111111101111111111110, flags=SA_RESTART|SA_SIGINFO, unblocked
   SIGUSR2: SR_handler in libjvm.so, mask=00100000000000000000000000000000, flags=SA_RESTART|SA_SIGINFO, blocked
    SIGHUP: UserHandler in libjvm.so, mask=11100100010111111101111111111110, flags=SA_RESTART|SA_SIGINFO, blocked
    SIGINT: UserHandler in libjvm.so, mask=11100100010111111101111111111110, flags=SA_RESTART|SA_SIGINFO, blocked
   SIGTERM: UserHandler in libjvm.so, mask=11100100010111111101111111111110, flags=SA_RESTART|SA_SIGINFO, blocked
   SIGQUIT: UserHandler in libjvm.so, mask=11100100010111111101111111111110, flags=SA_RESTART|SA_SIGINFO, blocked
   SIGTRAP: crash_handler in libjvm.so, mask=11100100010111111101111111111110, flags=SA_RESTART|SA_SIGINFO, unblocked


---------------  S Y S T E M  ---------------

OS:
DISTRIB_ID=Ubuntu
DISTRIB_RELEASE=22.04
DISTRIB_CODENAME=jammy
DISTRIB_DESCRIPTION="Ubuntu 22.04.2 LTS"
uname: Linux 5.19.0-42-generic #43~22.04.1-Ubuntu SMP PREEMPT_DYNAMIC Fri Apr 21 16:51:08 UTC 2 x86_64
OS uptime: 0 days 5:25 hours
libc: glibc 2.35 NPTL 2.35 
rlimit (soft/hard): STACK 8192k/infinity , CORE 0k/infinity , NPROC 31051/31051 , NOFILE 1048576/1048576 , AS infinity/infinity , CPU infinity/infinity , DATA infinity/infinity , FSIZE infinity/infinity , MEMLOCK 1003616k/1003616k
load average: 4,40 3,39 3,05

/proc/meminfo:
MemTotal:        8028956 kB
MemFree:          275580 kB
MemAvailable:    2625564 kB
Buffers:          256068 kB
Cached:          2326660 kB
SwapCached:        26164 kB
Active:          2300992 kB
Inactive:        4504748 kB
Active(anon):    1286648 kB
Inactive(anon):  3335728 kB
Active(file):    1014344 kB
Inactive(file):  1169020 kB
Unevictable:       67976 kB
Mlocked:              16 kB
SwapTotal:       2097148 kB
SwapFree:        1281276 kB
Zswap:                 0 kB
Zswapped:              0 kB
Dirty:              7472 kB
Writeback:             0 kB
AnonPages:       4281736 kB
Mapped:           911524 kB
Shmem:            405348 kB
KReclaimable:     471788 kB
Slab:             711276 kB
SReclaimable:     471788 kB
SUnreclaim:       239488 kB
KernelStack:       21760 kB
PageTables:        44724 kB
NFS_Unstable:          0 kB
Bounce:                0 kB
WritebackTmp:          0 kB
CommitLimit:     6111624 kB
Committed_AS:   12604288 kB
VmallocTotal:   34359738367 kB
VmallocUsed:       77784 kB
VmallocChunk:          0 kB
Percpu:             5680 kB
HardwareCorrupted:     0 kB
AnonHugePages:         0 kB
ShmemHugePages:        0 kB
ShmemPmdMapped:        0 kB
FileHugePages:         0 kB
FilePmdMapped:         0 kB
HugePages_Total:       0
HugePages_Free:        0
HugePages_Rsvd:        0
HugePages_Surp:        0
Hugepagesize:       2048 kB
Hugetlb:               0 kB
DirectMap4k:      489240 kB
DirectMap2M:     7788544 kB
DirectMap1G:           0 kB

/sys/kernel/mm/transparent_hugepage/enabled: always [madvise] never
/sys/kernel/mm/transparent_hugepage/defrag (defrag/compaction efforts parameter): always defer defer+madvise [madvise] never

Process Memory:
Virtual Size: 5231660K (peak: 5293200K)
Resident Set Size: 85248K (peak: 85248K) (anon: 45968K, file: 39280K, shmem: 0K)
Swapped out: 0K
C-Heap outstanding allocations: 24132K, retained: 3339K
glibc malloc tunables: (default)

/proc/sys/kernel/threads-max (system-wide limit on the number of threads): 62103
/proc/sys/vm/max_map_count (maximum number of memory map areas a process may have): 65530
/proc/sys/kernel/pid_max (system-wide limit on number of process identifiers): 4194304

container (cgroup) information:
container_type: cgroupv2
cpu_cpuset_cpus: not supported
cpu_memory_nodes: not supported
active_processor_count: 4
cpu_quota: not supported
cpu_period: not supported
cpu_shares: not supported
memory_limit_in_bytes: unlimited
memory_and_swap_limit_in_bytes: unlimited
memory_soft_limit_in_bytes: unlimited
memory_usage_in_bytes: 3415760 k
memory_max_usage_in_bytes: not supported
memory_swap_current_in_bytes: 461060 k
memory_swap_max_limit_in_bytes: unlimited
maximum number of tasks: 9315
current number of tasks: 235

Steal ticks since vm start: 0
Steal ticks percentage since vm start:  0,000

CPU: total 4 (initial active 4) (2 cores per cpu, 2 threads per core) family 6 model 78 stepping 3 microcode 0xf0, cx8, cmov, fxsr, ht, mmx, 3dnowpref, sse, sse2, sse3, ssse3, sse4.1, sse4.2, popcnt, lzcnt, tsc, tscinvbit, avx, avx2, aes, erms, clmul, bmi1, bmi2, adx, fma, vzeroupper, clflush, clflushopt
CPU Model and flags from /proc/cpuinfo:
model name	: Intel(R) Core(TM) i3-6100U CPU @ 2.30GHz
flags		: fpu vme de pse tsc msr pae mce cx8 apic sep mtrr pge mca cmov pat pse36 clflush dts acpi mmx fxsr sse sse2 ss ht tm pbe syscall nx pdpe1gb rdtscp lm constant_tsc art arch_perfmon pebs bts rep_good nopl xtopology nonstop_tsc cpuid aperfmperf pni pclmulqdq dtes64 monitor ds_cpl est tm2 ssse3 sdbg fma cx16 xtpr pdcm pcid sse4_1 sse4_2 x2apic movbe popcnt tsc_deadline_timer aes xsave avx f16c rdrand lahf_lm abm 3dnowprefetch cpuid_fault epb invpcid_single pti ssbd ibrs ibpb stibp fsgsbase tsc_adjust bmi1 avx2 smep bmi2 erms invpcid mpx rdseed adx smap clflushopt intel_pt xsaveopt xsavec xgetbv1 xsaves dtherm ida arat pln pts hwp hwp_notify hwp_act_window hwp_epp md_clear flush_l1d arch_capabilities

Online cpus: 0-3
Offline cpus: 
BIOS frequency limitation: <Not Available>
Frequency switch latency (ns): 0
Available cpu frequencies: <Not Available>
Current governor: powersave
Core performance/turbo boost: <Not Available>

Memory: 4k page, physical 8028956k(274824k free), swap 2097148k(1281276k free)
Page Sizes: 4k

vm_info: OpenJDK 64-Bit Server VM (17.0.7+7-Ubuntu-0ubuntu122.04.2) for linux-amd64 JRE (17.0.7+7-Ubuntu-0ubuntu122.04.2), built on May 10 2023 04:02:16 by "buildd" with gcc 11.3.0

END.
