#
# A fatal error has been detected by the Java Runtime Environment:
#
#  SIGSEGV (0xb) at pc=0x00007f3d8fd9d97d, pid=236762, tid=236767
#
# JRE version: OpenJDK Runtime Environment (17.0.7+7) (build 17.0.7+7-Ubuntu-0ubuntu122.04.2)
# Java VM: OpenJDK 64-Bit Server VM (17.0.7+7-Ubuntu-0ubuntu122.04.2, mixed mode, sharing, tiered, compressed oops, compressed class ptrs, g1 gc, linux-amd64)
# Problematic frame:
# C  [libc.so.6+0x19d97d]
#
# Core dump will be written. Default location: Core dumps may be processed with "/usr/share/apport/apport -p%p -s%s -c%c -d%d -P%P -u%u -g%g -- %E" (or dumping to /home/nidhal/IdeaProjects/JMEOS/core.236762)
#
# If you would like to submit a bug report, please visit:
#   Unknown
# The crash happened outside the Java Virtual Machine in native code.
# See problematic frame for where to report the bug.
#

---------------  S U M M A R Y ------------

Command Line: -javaagent:/snap/intellij-idea-ultimate/437/lib/idea_rt.jar=39261:/snap/intellij-idea-ultimate/437/bin -Dfile.encoding=UTF-8 tutorials.reading

Host: Intel(R) Core(TM) i3-6100U CPU @ 2.30GHz, 4 cores, 7G, Ubuntu 22.04.2 LTS
Time: Mon Jun 26 03:03:24 2023 CEST elapsed time: 2.205663 seconds (0d 0h 0m 2s)

---------------  T H R E A D  ---------------

Current thread (0x00007f3d880166d0):  JavaThread "main" [_thread_in_native, id=236767, stack(0x00007f3d8e300000,0x00007f3d8e400000)]

Stack: [0x00007f3d8e300000,0x00007f3d8e400000],  sp=0x00007f3d8e3fe6e8,  free space=1017k
Native frames: (J=compiled Java code, j=interpreted, Vv=VM code, C=native code)
C  [libc.so.6+0x19d97d]
j  com.kenai.jffi.Foreign.getZeroTerminatedByteArray(J)[B+0
j  com.kenai.jffi.UnsafeMemoryIO.getZeroTerminatedByteArray(J)[B+1
j  jnr.ffi.provider.jffi.DirectMemoryIO.getString(J)Ljava/lang/String;+12
j  tutorials.reading.main([Ljava/lang/String;)V+441
v  ~StubRoutines::call_stub
V  [libjvm.so+0x833045]  JavaCalls::call_helper(JavaValue*, methodHandle const&, JavaCallArguments*, JavaThread*)+0x325
V  [libjvm.so+0x8cf51a]  jni_invoke_static(JNIEnv_*, JavaValue*, _jobject*, JNICallType, _jmethodID*, JNI_ArgumentPusher*, JavaThread*) [clone .constprop.1]+0x3aa
V  [libjvm.so+0x8d2251]  jni_CallStaticVoidMethod+0x171
C  [libjli.so+0x4a25]  JavaMain+0xd75
C  [libjli.so+0x7fbd]  ThreadJavaMain+0xd

Java frames: (J=compiled Java code, j=interpreted, Vv=VM code)
j  com.kenai.jffi.Foreign.getZeroTerminatedByteArray(J)[B+0
j  com.kenai.jffi.UnsafeMemoryIO.getZeroTerminatedByteArray(J)[B+1
j  jnr.ffi.provider.jffi.DirectMemoryIO.getString(J)Ljava/lang/String;+12
j  tutorials.reading.main([Ljava/lang/String;)V+441
v  ~StubRoutines::call_stub

siginfo: si_signo: 11 (SIGSEGV), si_code: 128 (SI_KERNEL), si_addr: 0x0000000000000000

Register to memory mapping:

RAX=0x0000000000000d80 is an unknown value
RBX=0x00007f3d88016978 points into unknown readable memory: 0x00007f3d8fb154c0 | c0 54 b1 8f 3d 7f 00 00
RCX=0x0000000000000001 is an unknown value
RDX=0x00025b5728126d80 is an unknown value
RSP=0x00007f3d8e3fe6e8 is pointing into the stack for thread: 0x00007f3d880166d0
RBP=0x00007f3d8e3fe710 is pointing into the stack for thread: 0x00007f3d880166d0
RSI=0x00007f3d8e3fe790 is pointing into the stack for thread: 0x00007f3d880166d0
RDI=0x00025b5728126d80 is an unknown value
R8 ={method} {0x00007f3d54422140} 'getZeroTerminatedByteArray' '(J)[B' in 'com/kenai/jffi/Foreign'
R9 =0x0000000000000002 is an unknown value
R10=0x00007f3d8fc0e940: <offset 0x000000000000e940> in /lib/x86_64-linux-gnu/libc.so.6 at 0x00007f3d8fc00000
R11=0x00007f3d8fd9d960: <offset 0x000000000019d960> in /lib/x86_64-linux-gnu/libc.so.6 at 0x00007f3d8fc00000
R12=0x0 is NULL
R13={method} {0x00007f3d54422140} 'getZeroTerminatedByteArray' '(J)[B' in 'com/kenai/jffi/Foreign'
R14=0x00025b5728126d80 is an unknown value
R15=0x00007f3d880166d0 is a thread


Registers:
RAX=0x0000000000000d80, RBX=0x00007f3d88016978, RCX=0x0000000000000001, RDX=0x00025b5728126d80
RSP=0x00007f3d8e3fe6e8, RBP=0x00007f3d8e3fe710, RSI=0x00007f3d8e3fe790, RDI=0x00025b5728126d80
R8 =0x00007f3d54422140, R9 =0x0000000000000002, R10=0x00007f3d8fc0e940, R11=0x00007f3d8fd9d960
R12=0x0000000000000000, R13=0x00007f3d54422140, R14=0x00025b5728126d80, R15=0x00007f3d880166d0
RIP=0x00007f3d8fd9d97d, EFLAGS=0x0000000000010287, CSGSFS=0x002b000000000033, ERR=0x0000000000000000
  TRAPNO=0x000000000000000d

Top of Stack: (sp=0x00007f3d8e3fe6e8)
0x00007f3d8e3fe6e8:   00007f3d6c60c166 00007f3d54422140
0x00007f3d8e3fe6f8:   0000000000000000 00007f3d54422140
0x00007f3d8e3fe708:   00007f3d8e3fe7a8 00007f3d8e3fe780
0x00007f3d8e3fe718:   00007f3d7894451a 00007f3d8e3fe780 

Instructions: (pc=0x00007f3d8fd9d97d)
0x00007f3d8fd9d87d:   fd d7 ca c5 fd d7 c3 09 c1 75 38 c5 fd 6f 0f c5
0x00007f3d8fd9d88d:   fd 74 d1 48 83 c7 20 c5 dd 74 d9 c5 fd d7 ca c5
0x00007f3d8fd9d89d:   fd d7 c3 09 c1 75 1c c5 fd 6f 0f c5 fd 74 d1 48
0x00007f3d8fd9d8ad:   83 c7 20 c5 dd 74 d9 c5 fd d7 ca c5 fd d7 c3 09
0x00007f3d8fd9d8bd:   c1 74 90 85 c0 75 1c 85 d2 0f 84 84 00 00 00 89
0x00007f3d8fd9d8cd:   d0 48 89 f7 0f bd c0 48 8d 44 07 e0 c5 f8 77 c3
0x00007f3d8fd9d8dd:   0f 1f 00 c5 fd d7 ca 85 c9 75 18 89 c2 48 89 fe
0x00007f3d8fd9d8ed:   e9 5e ff ff ff 66 66 2e 0f 1f 84 00 00 00 00 00
0x00007f3d8fd9d8fd:   0f 1f 00 41 89 c8 41 83 e8 01 41 31 c8 44 21 c0
0x00007f3d8fd9d90d:   85 c0 74 b3 0f bd c0 48 8d 44 07 e0 c5 f8 77 c3
0x00007f3d8fd9d91d:   0f 1f 00 48 01 cf 89 d1 41 89 c8 41 83 e8 01 41
0x00007f3d8fd9d92d:   31 c8 44 21 c0 85 c0 74 1a 0f bd c0 48 8d 44 07
0x00007f3d8fd9d93d:   e0 c5 f8 77 c3 66 66 2e 0f 1f 84 00 00 00 00 00
0x00007f3d8fd9d94d:   0f 1f 00 31 c0 c5 f8 77 c3 66 2e 0f 1f 84 00 00
0x00007f3d8fd9d95d:   00 00 00 f3 0f 1e fa 89 f8 48 89 fa c5 f9 ef c0
0x00007f3d8fd9d96d:   25 ff 0f 00 00 3d e0 0f 00 00 0f 87 33 01 00 00
0x00007f3d8fd9d97d:   c5 fd 74 0f c5 fd d7 c1 85 c0 74 57 f3 0f bc c0
0x00007f3d8fd9d98d:   c5 f8 77 c3 66 66 2e 0f 1f 84 00 00 00 00 00 0f
0x00007f3d8fd9d99d:   1f 40 00 f3 0f bc c0 29 d7 ff c7 01 f8 c5 f8 77
0x00007f3d8fd9d9ad:   c3 66 90 f3 0f bc c0 29 d7 83 c7 21 01 f8 c5 f8
0x00007f3d8fd9d9bd:   77 c3 90 f3 0f bc c0 29 d7 83 c7 41 01 f8 c5 f8
0x00007f3d8fd9d9cd:   77 c3 90 f3 0f bc c0 29 d7 83 c7 61 01 f8 c5 f8
0x00007f3d8fd9d9dd:   77 c3 90 48 83 cf 1f c5 fd 74 4f 01 c5 fd d7 c1
0x00007f3d8fd9d9ed:   85 c0 75 af c5 fd 74 4f 21 c5 fd d7 c1 85 c0 75
0x00007f3d8fd9d9fd:   b2 c5 fd 74 4f 41 c5 fd d7 c1 85 c0 75 b5 c5 fd
0x00007f3d8fd9da0d:   74 4f 61 c5 fd d7 c1 85 c0 75 b8 48 ff c7 48 83
0x00007f3d8fd9da1d:   cf 7f 90 c5 fd 6f 4f 01 c5 f5 da 57 21 c5 fd 6f
0x00007f3d8fd9da2d:   5f 41 c5 e5 da 67 61 c5 dd da ea c5 fd 74 ed c5
0x00007f3d8fd9da3d:   fd d7 cd 48 83 ef 80 85 c9 74 d8 c5 fd 74 c9 c5
0x00007f3d8fd9da4d:   fd d7 c1 48 29 d7 85 c0 75 39 c5 fd 74 d2 c5 fd
0x00007f3d8fd9da5d:   d7 c2 85 c0 75 3d c5 fd 74 db c5 fd d7 c3 48 c1
0x00007f3d8fd9da6d:   e1 20 48 09 c8 f3 48 0f bc c0 48 83 ef 3f 48 01 


Stack slot to memory mapping:
stack at sp + 0 slots: 0x00007f3d6c60c166: Java_com_kenai_jffi_Foreign_getZeroTerminatedByteArray__J+0x0000000000000026 in /tmp/jffi1818439889163546135.so at 0x00007f3d6c600000
stack at sp + 1 slots: {method} {0x00007f3d54422140} 'getZeroTerminatedByteArray' '(J)[B' in 'com/kenai/jffi/Foreign'
stack at sp + 2 slots: 0x0 is NULL
stack at sp + 3 slots: {method} {0x00007f3d54422140} 'getZeroTerminatedByteArray' '(J)[B' in 'com/kenai/jffi/Foreign'
stack at sp + 4 slots: 0x00007f3d8e3fe7a8 is pointing into the stack for thread: 0x00007f3d880166d0
stack at sp + 5 slots: 0x00007f3d8e3fe780 is pointing into the stack for thread: 0x00007f3d880166d0
stack at sp + 6 slots: 0x00007f3d7894451a is at code_begin+890 in an Interpreter codelet
method entry point (kind = native)  [0x00007f3d789441a0, 0x00007f3d78944a00]  2144 bytes
stack at sp + 7 slots: 0x00007f3d8e3fe780 is pointing into the stack for thread: 0x00007f3d880166d0


---------------  P R O C E S S  ---------------

Threads class SMR info:
_java_thread_list=0x00007f3d3c001f70, length=13, elements={
0x00007f3d880166d0, 0x00007f3d88115480, 0x00007f3d88116860, 0x00007f3d8811c010,
0x00007f3d8811d3c0, 0x00007f3d8811e7d0, 0x00007f3d88120180, 0x00007f3d881216b0,
0x00007f3d88122b20, 0x00007f3d8812dfa0, 0x00007f3d882db680, 0x00007f3d882dcb80,
0x00007f3d3c000fe0
}

Java Threads: ( => current thread )
=>0x00007f3d880166d0 JavaThread "main" [_thread_in_native, id=236767, stack(0x00007f3d8e300000,0x00007f3d8e400000)]
  0x00007f3d88115480 JavaThread "Reference Handler" daemon [_thread_blocked, id=236784, stack(0x00007f3d8c59a000,0x00007f3d8c69a000)]
  0x00007f3d88116860 JavaThread "Finalizer" daemon [_thread_blocked, id=236785, stack(0x00007f3d8c49a000,0x00007f3d8c59a000)]
  0x00007f3d8811c010 JavaThread "Signal Dispatcher" daemon [_thread_blocked, id=236786, stack(0x00007f3d8c39a000,0x00007f3d8c49a000)]
  0x00007f3d8811d3c0 JavaThread "Service Thread" daemon [_thread_blocked, id=236787, stack(0x00007f3d8c29a000,0x00007f3d8c39a000)]
  0x00007f3d8811e7d0 JavaThread "Monitor Deflation Thread" daemon [_thread_blocked, id=236788, stack(0x00007f3d8c19a000,0x00007f3d8c29a000)]
  0x00007f3d88120180 JavaThread "C2 CompilerThread0" daemon [_thread_in_native, id=236789, stack(0x00007f3d8c09a000,0x00007f3d8c19a000)]
  0x00007f3d881216b0 JavaThread "C1 CompilerThread0" daemon [_thread_blocked, id=236790, stack(0x00007f3d87f00000,0x00007f3d88000000)]
  0x00007f3d88122b20 JavaThread "Sweeper thread" daemon [_thread_blocked, id=236791, stack(0x00007f3d6cd00000,0x00007f3d6ce00000)]
  0x00007f3d8812dfa0 JavaThread "Common-Cleaner" daemon [_thread_blocked, id=236797, stack(0x00007f3d6cc00000,0x00007f3d6cd00000)]
  0x00007f3d882db680 JavaThread "Monitor Ctrl-Break" daemon [_thread_in_native, id=236811, stack(0x00007f3d6cb00000,0x00007f3d6cc00000)]
  0x00007f3d882dcb80 JavaThread "Notification Thread" daemon [_thread_blocked, id=236812, stack(0x00007f3d6ca00000,0x00007f3d6cb00000)]
  0x00007f3d3c000fe0 JavaThread "Attach Listener" daemon [_thread_blocked, id=236816, stack(0x00007f3d6c500000,0x00007f3d6c600000)]

Other Threads:
  0x00007f3d881113d0 VMThread "VM Thread" [stack: 0x00007f3d8c69c000,0x00007f3d8c79c000] [id=236783]
  0x00007f3d880191e0 WatcherThread [stack: 0x00007f3d6c900000,0x00007f3d6ca00000] [id=236813]
  0x00007f3d8806fbc0 GCTaskThread "GC Thread#0" [stack: 0x00007f3d8d198000,0x00007f3d8d298000] [id=236772]
  0x00007f3d4c0051e0 GCTaskThread "GC Thread#1" [stack: 0x00007f3d5ca35000,0x00007f3d5cb35000] [id=236818]
  0x00007f3d4c005c60 GCTaskThread "GC Thread#2" [stack: 0x00007f3d5c933000,0x00007f3d5ca33000] [id=236819]
  0x00007f3d4c00bc70 GCTaskThread "GC Thread#3" [stack: 0x00007f3d5c831000,0x00007f3d5c931000] [id=236820]
  0x00007f3d88080660 ConcurrentGCThread "G1 Main Marker" [stack: 0x00007f3d8d096000,0x00007f3d8d196000] [id=236774]
  0x00007f3d880815c0 ConcurrentGCThread "G1 Conc#0" [stack: 0x00007f3d8cf94000,0x00007f3d8d094000] [id=236779]
  0x00007f3d880e5cb0 ConcurrentGCThread "G1 Refine#0" [stack: 0x00007f3d8ca8e000,0x00007f3d8cb8e000] [id=236780]
  0x00007f3d880e6ba0 ConcurrentGCThread "G1 Service" [stack: 0x00007f3d8c98c000,0x00007f3d8ca8c000] [id=236781]

Threads with active compile tasks:
C2 CompilerThread0     2224  975       4       java.util.regex.Pattern$Branch::match (66 bytes)

VM state: not at safepoint (normal execution)

VM Mutex/Monitor currently owned by a thread: None

Heap address: 0x0000000085a00000, size: 1958 MB, Compressed Oops mode: 32-bit

CDS archive(s) mapped at: [0x0000000800000000-0x0000000800be2000-0x0000000800be2000), size 12460032, SharedBaseAddress: 0x0000000800000000, ArchiveRelocationMode: 0.
Compressed class space mapped at: 0x0000000801000000-0x0000000841000000, reserved size: 1073741824
Narrow klass base: 0x0000000800000000, Narrow klass shift: 0, Narrow klass range: 0x100000000

GC Precious Log:
 CPUs: 4 total, 4 available
 Memory: 7828M
 Large Page Support: Disabled
 NUMA Support: Disabled
 Compressed Oops: Enabled (32-bit)
 Heap Region Size: 1M
 Heap Min Capacity: 8M
 Heap Initial Capacity: 124M
 Heap Max Capacity: 1958M
 Pre-touch: Disabled
 Parallel Workers: 4
 Concurrent Workers: 1
 Concurrent Refinement Workers: 4
 Periodic GC: Disabled

Heap:
 garbage-first heap   total 129024K, used 9339K [0x0000000085a00000, 0x0000000100000000)
  region size 1024K, 7 young (7168K), 2 survivors (2048K)
 Metaspace       used 5253K, committed 5312K, reserved 1114112K
  class space    used 493K, committed 512K, reserved 1048576K

Heap Regions: E=young(eden), S=young(survivor), O=old, HS=humongous(starts), HC=humongous(continues), CS=collection set, F=free, OA=open archive, CA=closed archive, TAMS=top-at-mark-start (previous, next)
|   0|0x0000000085a00000, 0x0000000085b00000, 0x0000000085b00000|100%|HS|  |TAMS 0x0000000085a00000, 0x0000000085a00000| Complete 
|   1|0x0000000085b00000, 0x0000000085c00000, 0x0000000085c00000|100%| O|  |TAMS 0x0000000085b00000, 0x0000000085b00000| Untracked 
|   2|0x0000000085c00000, 0x0000000085c26e00, 0x0000000085d00000| 15%| O|  |TAMS 0x0000000085c00000, 0x0000000085c00000| Untracked 
|   3|0x0000000085d00000, 0x0000000085d00000, 0x0000000085e00000|  0%| F|  |TAMS 0x0000000085d00000, 0x0000000085d00000| Untracked 
|   4|0x0000000085e00000, 0x0000000085e00000, 0x0000000085f00000|  0%| F|  |TAMS 0x0000000085e00000, 0x0000000085e00000| Untracked 
|   5|0x0000000085f00000, 0x0000000085f00000, 0x0000000086000000|  0%| F|  |TAMS 0x0000000085f00000, 0x0000000085f00000| Untracked 
|   6|0x0000000086000000, 0x0000000086000000, 0x0000000086100000|  0%| F|  |TAMS 0x0000000086000000, 0x0000000086000000| Untracked 
|   7|0x0000000086100000, 0x0000000086100000, 0x0000000086200000|  0%| F|  |TAMS 0x0000000086100000, 0x0000000086100000| Untracked 
|   8|0x0000000086200000, 0x0000000086200000, 0x0000000086300000|  0%| F|  |TAMS 0x0000000086200000, 0x0000000086200000| Untracked 
|   9|0x0000000086300000, 0x0000000086300000, 0x0000000086400000|  0%| F|  |TAMS 0x0000000086300000, 0x0000000086300000| Untracked 
|  10|0x0000000086400000, 0x0000000086400000, 0x0000000086500000|  0%| F|  |TAMS 0x0000000086400000, 0x0000000086400000| Untracked 
|  11|0x0000000086500000, 0x0000000086500000, 0x0000000086600000|  0%| F|  |TAMS 0x0000000086500000, 0x0000000086500000| Untracked 
|  12|0x0000000086600000, 0x0000000086600000, 0x0000000086700000|  0%| F|  |TAMS 0x0000000086600000, 0x0000000086600000| Untracked 
|  13|0x0000000086700000, 0x0000000086700000, 0x0000000086800000|  0%| F|  |TAMS 0x0000000086700000, 0x0000000086700000| Untracked 
|  14|0x0000000086800000, 0x0000000086800000, 0x0000000086900000|  0%| F|  |TAMS 0x0000000086800000, 0x0000000086800000| Untracked 
|  15|0x0000000086900000, 0x0000000086900000, 0x0000000086a00000|  0%| F|  |TAMS 0x0000000086900000, 0x0000000086900000| Untracked 
|  16|0x0000000086a00000, 0x0000000086a00000, 0x0000000086b00000|  0%| F|  |TAMS 0x0000000086a00000, 0x0000000086a00000| Untracked 
|  17|0x0000000086b00000, 0x0000000086b00000, 0x0000000086c00000|  0%| F|  |TAMS 0x0000000086b00000, 0x0000000086b00000| Untracked 
|  18|0x0000000086c00000, 0x0000000086c00000, 0x0000000086d00000|  0%| F|  |TAMS 0x0000000086c00000, 0x0000000086c00000| Untracked 
|  19|0x0000000086d00000, 0x0000000086d00000, 0x0000000086e00000|  0%| F|  |TAMS 0x0000000086d00000, 0x0000000086d00000| Untracked 
|  20|0x0000000086e00000, 0x0000000086e00000, 0x0000000086f00000|  0%| F|  |TAMS 0x0000000086e00000, 0x0000000086e00000| Untracked 
|  21|0x0000000086f00000, 0x0000000086f00000, 0x0000000087000000|  0%| F|  |TAMS 0x0000000086f00000, 0x0000000086f00000| Untracked 
|  22|0x0000000087000000, 0x0000000087000000, 0x0000000087100000|  0%| F|  |TAMS 0x0000000087000000, 0x0000000087000000| Untracked 
|  23|0x0000000087100000, 0x0000000087100000, 0x0000000087200000|  0%| F|  |TAMS 0x0000000087100000, 0x0000000087100000| Untracked 
|  24|0x0000000087200000, 0x0000000087200000, 0x0000000087300000|  0%| F|  |TAMS 0x0000000087200000, 0x0000000087200000| Untracked 
|  25|0x0000000087300000, 0x0000000087300000, 0x0000000087400000|  0%| F|  |TAMS 0x0000000087300000, 0x0000000087300000| Untracked 
|  26|0x0000000087400000, 0x0000000087400000, 0x0000000087500000|  0%| F|  |TAMS 0x0000000087400000, 0x0000000087400000| Untracked 
|  27|0x0000000087500000, 0x0000000087500000, 0x0000000087600000|  0%| F|  |TAMS 0x0000000087500000, 0x0000000087500000| Untracked 
|  28|0x0000000087600000, 0x0000000087600000, 0x0000000087700000|  0%| F|  |TAMS 0x0000000087600000, 0x0000000087600000| Untracked 
|  29|0x0000000087700000, 0x0000000087700000, 0x0000000087800000|  0%| F|  |TAMS 0x0000000087700000, 0x0000000087700000| Untracked 
|  30|0x0000000087800000, 0x0000000087800000, 0x0000000087900000|  0%| F|  |TAMS 0x0000000087800000, 0x0000000087800000| Untracked 
|  31|0x0000000087900000, 0x0000000087900000, 0x0000000087a00000|  0%| F|  |TAMS 0x0000000087900000, 0x0000000087900000| Untracked 
|  32|0x0000000087a00000, 0x0000000087a00000, 0x0000000087b00000|  0%| F|  |TAMS 0x0000000087a00000, 0x0000000087a00000| Untracked 
|  33|0x0000000087b00000, 0x0000000087b00000, 0x0000000087c00000|  0%| F|  |TAMS 0x0000000087b00000, 0x0000000087b00000| Untracked 
|  34|0x0000000087c00000, 0x0000000087c00000, 0x0000000087d00000|  0%| F|  |TAMS 0x0000000087c00000, 0x0000000087c00000| Untracked 
|  35|0x0000000087d00000, 0x0000000087d00000, 0x0000000087e00000|  0%| F|  |TAMS 0x0000000087d00000, 0x0000000087d00000| Untracked 
|  36|0x0000000087e00000, 0x0000000087e00000, 0x0000000087f00000|  0%| F|  |TAMS 0x0000000087e00000, 0x0000000087e00000| Untracked 
|  37|0x0000000087f00000, 0x0000000087f00000, 0x0000000088000000|  0%| F|  |TAMS 0x0000000087f00000, 0x0000000087f00000| Untracked 
|  38|0x0000000088000000, 0x0000000088000000, 0x0000000088100000|  0%| F|  |TAMS 0x0000000088000000, 0x0000000088000000| Untracked 
|  39|0x0000000088100000, 0x0000000088100000, 0x0000000088200000|  0%| F|  |TAMS 0x0000000088100000, 0x0000000088100000| Untracked 
|  40|0x0000000088200000, 0x0000000088200000, 0x0000000088300000|  0%| F|  |TAMS 0x0000000088200000, 0x0000000088200000| Untracked 
|  41|0x0000000088300000, 0x0000000088300000, 0x0000000088400000|  0%| F|  |TAMS 0x0000000088300000, 0x0000000088300000| Untracked 
|  42|0x0000000088400000, 0x0000000088400000, 0x0000000088500000|  0%| F|  |TAMS 0x0000000088400000, 0x0000000088400000| Untracked 
|  43|0x0000000088500000, 0x0000000088500000, 0x0000000088600000|  0%| F|  |TAMS 0x0000000088500000, 0x0000000088500000| Untracked 
|  44|0x0000000088600000, 0x0000000088600000, 0x0000000088700000|  0%| F|  |TAMS 0x0000000088600000, 0x0000000088600000| Untracked 
|  45|0x0000000088700000, 0x0000000088700000, 0x0000000088800000|  0%| F|  |TAMS 0x0000000088700000, 0x0000000088700000| Untracked 
|  46|0x0000000088800000, 0x0000000088800000, 0x0000000088900000|  0%| F|  |TAMS 0x0000000088800000, 0x0000000088800000| Untracked 
|  47|0x0000000088900000, 0x0000000088900000, 0x0000000088a00000|  0%| F|  |TAMS 0x0000000088900000, 0x0000000088900000| Untracked 
|  48|0x0000000088a00000, 0x0000000088a00000, 0x0000000088b00000|  0%| F|  |TAMS 0x0000000088a00000, 0x0000000088a00000| Untracked 
|  49|0x0000000088b00000, 0x0000000088b00000, 0x0000000088c00000|  0%| F|  |TAMS 0x0000000088b00000, 0x0000000088b00000| Untracked 
|  50|0x0000000088c00000, 0x0000000088c00000, 0x0000000088d00000|  0%| F|  |TAMS 0x0000000088c00000, 0x0000000088c00000| Untracked 
|  51|0x0000000088d00000, 0x0000000088d00000, 0x0000000088e00000|  0%| F|  |TAMS 0x0000000088d00000, 0x0000000088d00000| Untracked 
|  52|0x0000000088e00000, 0x0000000088e00000, 0x0000000088f00000|  0%| F|  |TAMS 0x0000000088e00000, 0x0000000088e00000| Untracked 
|  53|0x0000000088f00000, 0x0000000088f00000, 0x0000000089000000|  0%| F|  |TAMS 0x0000000088f00000, 0x0000000088f00000| Untracked 
|  54|0x0000000089000000, 0x0000000089000000, 0x0000000089100000|  0%| F|  |TAMS 0x0000000089000000, 0x0000000089000000| Untracked 
|  55|0x0000000089100000, 0x0000000089100000, 0x0000000089200000|  0%| F|  |TAMS 0x0000000089100000, 0x0000000089100000| Untracked 
|  56|0x0000000089200000, 0x0000000089200000, 0x0000000089300000|  0%| F|  |TAMS 0x0000000089200000, 0x0000000089200000| Untracked 
|  57|0x0000000089300000, 0x0000000089300000, 0x0000000089400000|  0%| F|  |TAMS 0x0000000089300000, 0x0000000089300000| Untracked 
|  58|0x0000000089400000, 0x0000000089400000, 0x0000000089500000|  0%| F|  |TAMS 0x0000000089400000, 0x0000000089400000| Untracked 
|  59|0x0000000089500000, 0x0000000089500000, 0x0000000089600000|  0%| F|  |TAMS 0x0000000089500000, 0x0000000089500000| Untracked 
|  60|0x0000000089600000, 0x0000000089600000, 0x0000000089700000|  0%| F|  |TAMS 0x0000000089600000, 0x0000000089600000| Untracked 
|  61|0x0000000089700000, 0x0000000089700000, 0x0000000089800000|  0%| F|  |TAMS 0x0000000089700000, 0x0000000089700000| Untracked 
|  62|0x0000000089800000, 0x0000000089800000, 0x0000000089900000|  0%| F|  |TAMS 0x0000000089800000, 0x0000000089800000| Untracked 
|  63|0x0000000089900000, 0x0000000089900000, 0x0000000089a00000|  0%| F|  |TAMS 0x0000000089900000, 0x0000000089900000| Untracked 
|  64|0x0000000089a00000, 0x0000000089a00000, 0x0000000089b00000|  0%| F|  |TAMS 0x0000000089a00000, 0x0000000089a00000| Untracked 
|  65|0x0000000089b00000, 0x0000000089b00000, 0x0000000089c00000|  0%| F|  |TAMS 0x0000000089b00000, 0x0000000089b00000| Untracked 
|  66|0x0000000089c00000, 0x0000000089c00000, 0x0000000089d00000|  0%| F|  |TAMS 0x0000000089c00000, 0x0000000089c00000| Untracked 
|  67|0x0000000089d00000, 0x0000000089d00000, 0x0000000089e00000|  0%| F|  |TAMS 0x0000000089d00000, 0x0000000089d00000| Untracked 
|  68|0x0000000089e00000, 0x0000000089e00000, 0x0000000089f00000|  0%| F|  |TAMS 0x0000000089e00000, 0x0000000089e00000| Untracked 
|  69|0x0000000089f00000, 0x0000000089f00000, 0x000000008a000000|  0%| F|  |TAMS 0x0000000089f00000, 0x0000000089f00000| Untracked 
|  70|0x000000008a000000, 0x000000008a000000, 0x000000008a100000|  0%| F|  |TAMS 0x000000008a000000, 0x000000008a000000| Untracked 
|  71|0x000000008a100000, 0x000000008a100000, 0x000000008a200000|  0%| F|  |TAMS 0x000000008a100000, 0x000000008a100000| Untracked 
|  72|0x000000008a200000, 0x000000008a200000, 0x000000008a300000|  0%| F|  |TAMS 0x000000008a200000, 0x000000008a200000| Untracked 
|  73|0x000000008a300000, 0x000000008a300000, 0x000000008a400000|  0%| F|  |TAMS 0x000000008a300000, 0x000000008a300000| Untracked 
|  74|0x000000008a400000, 0x000000008a400000, 0x000000008a500000|  0%| F|  |TAMS 0x000000008a400000, 0x000000008a400000| Untracked 
|  75|0x000000008a500000, 0x000000008a500000, 0x000000008a600000|  0%| F|  |TAMS 0x000000008a500000, 0x000000008a500000| Untracked 
|  76|0x000000008a600000, 0x000000008a600000, 0x000000008a700000|  0%| F|  |TAMS 0x000000008a600000, 0x000000008a600000| Untracked 
|  77|0x000000008a700000, 0x000000008a700000, 0x000000008a800000|  0%| F|  |TAMS 0x000000008a700000, 0x000000008a700000| Untracked 
|  78|0x000000008a800000, 0x000000008a800000, 0x000000008a900000|  0%| F|  |TAMS 0x000000008a800000, 0x000000008a800000| Untracked 
|  79|0x000000008a900000, 0x000000008a900000, 0x000000008aa00000|  0%| F|  |TAMS 0x000000008a900000, 0x000000008a900000| Untracked 
|  80|0x000000008aa00000, 0x000000008aa00000, 0x000000008ab00000|  0%| F|  |TAMS 0x000000008aa00000, 0x000000008aa00000| Untracked 
|  81|0x000000008ab00000, 0x000000008ab00000, 0x000000008ac00000|  0%| F|  |TAMS 0x000000008ab00000, 0x000000008ab00000| Untracked 
|  82|0x000000008ac00000, 0x000000008ac00000, 0x000000008ad00000|  0%| F|  |TAMS 0x000000008ac00000, 0x000000008ac00000| Untracked 
|  83|0x000000008ad00000, 0x000000008ad00000, 0x000000008ae00000|  0%| F|  |TAMS 0x000000008ad00000, 0x000000008ad00000| Untracked 
|  84|0x000000008ae00000, 0x000000008ae00000, 0x000000008af00000|  0%| F|  |TAMS 0x000000008ae00000, 0x000000008ae00000| Untracked 
|  85|0x000000008af00000, 0x000000008af00000, 0x000000008b000000|  0%| F|  |TAMS 0x000000008af00000, 0x000000008af00000| Untracked 
|  86|0x000000008b000000, 0x000000008b000000, 0x000000008b100000|  0%| F|  |TAMS 0x000000008b000000, 0x000000008b000000| Untracked 
|  87|0x000000008b100000, 0x000000008b100000, 0x000000008b200000|  0%| F|  |TAMS 0x000000008b100000, 0x000000008b100000| Untracked 
|  88|0x000000008b200000, 0x000000008b200000, 0x000000008b300000|  0%| F|  |TAMS 0x000000008b200000, 0x000000008b200000| Untracked 
|  89|0x000000008b300000, 0x000000008b300000, 0x000000008b400000|  0%| F|  |TAMS 0x000000008b300000, 0x000000008b300000| Untracked 
|  90|0x000000008b400000, 0x000000008b400000, 0x000000008b500000|  0%| F|  |TAMS 0x000000008b400000, 0x000000008b400000| Untracked 
|  91|0x000000008b500000, 0x000000008b500000, 0x000000008b600000|  0%| F|  |TAMS 0x000000008b500000, 0x000000008b500000| Untracked 
|  92|0x000000008b600000, 0x000000008b600000, 0x000000008b700000|  0%| F|  |TAMS 0x000000008b600000, 0x000000008b600000| Untracked 
|  93|0x000000008b700000, 0x000000008b700000, 0x000000008b800000|  0%| F|  |TAMS 0x000000008b700000, 0x000000008b700000| Untracked 
|  94|0x000000008b800000, 0x000000008b800000, 0x000000008b900000|  0%| F|  |TAMS 0x000000008b800000, 0x000000008b800000| Untracked 
|  95|0x000000008b900000, 0x000000008b900000, 0x000000008ba00000|  0%| F|  |TAMS 0x000000008b900000, 0x000000008b900000| Untracked 
|  96|0x000000008ba00000, 0x000000008ba00000, 0x000000008bb00000|  0%| F|  |TAMS 0x000000008ba00000, 0x000000008ba00000| Untracked 
|  97|0x000000008bb00000, 0x000000008bb00000, 0x000000008bc00000|  0%| F|  |TAMS 0x000000008bb00000, 0x000000008bb00000| Untracked 
|  98|0x000000008bc00000, 0x000000008bc00000, 0x000000008bd00000|  0%| F|  |TAMS 0x000000008bc00000, 0x000000008bc00000| Untracked 
|  99|0x000000008bd00000, 0x000000008bd00000, 0x000000008be00000|  0%| F|  |TAMS 0x000000008bd00000, 0x000000008bd00000| Untracked 
| 100|0x000000008be00000, 0x000000008be00000, 0x000000008bf00000|  0%| F|  |TAMS 0x000000008be00000, 0x000000008be00000| Untracked 
| 101|0x000000008bf00000, 0x000000008bf00000, 0x000000008c000000|  0%| F|  |TAMS 0x000000008bf00000, 0x000000008bf00000| Untracked 
| 102|0x000000008c000000, 0x000000008c000000, 0x000000008c100000|  0%| F|  |TAMS 0x000000008c000000, 0x000000008c000000| Untracked 
| 103|0x000000008c100000, 0x000000008c100000, 0x000000008c200000|  0%| F|  |TAMS 0x000000008c100000, 0x000000008c100000| Untracked 
| 104|0x000000008c200000, 0x000000008c200000, 0x000000008c300000|  0%| F|  |TAMS 0x000000008c200000, 0x000000008c200000| Untracked 
| 105|0x000000008c300000, 0x000000008c300000, 0x000000008c400000|  0%| F|  |TAMS 0x000000008c300000, 0x000000008c300000| Untracked 
| 106|0x000000008c400000, 0x000000008c400000, 0x000000008c500000|  0%| F|  |TAMS 0x000000008c400000, 0x000000008c400000| Untracked 
| 107|0x000000008c500000, 0x000000008c500000, 0x000000008c600000|  0%| F|  |TAMS 0x000000008c500000, 0x000000008c500000| Untracked 
| 108|0x000000008c600000, 0x000000008c600000, 0x000000008c700000|  0%| F|  |TAMS 0x000000008c600000, 0x000000008c600000| Untracked 
| 109|0x000000008c700000, 0x000000008c800000, 0x000000008c800000|100%| S|CS|TAMS 0x000000008c700000, 0x000000008c700000| Complete 
| 110|0x000000008c800000, 0x000000008c900000, 0x000000008c900000|100%| S|CS|TAMS 0x000000008c800000, 0x000000008c800000| Complete 
| 111|0x000000008c900000, 0x000000008c900000, 0x000000008ca00000|  0%| F|  |TAMS 0x000000008c900000, 0x000000008c900000| Untracked 
| 112|0x000000008ca00000, 0x000000008ca00000, 0x000000008cb00000|  0%| F|  |TAMS 0x000000008ca00000, 0x000000008ca00000| Untracked 
| 113|0x000000008cb00000, 0x000000008cb00000, 0x000000008cc00000|  0%| F|  |TAMS 0x000000008cb00000, 0x000000008cb00000| Untracked 
| 114|0x000000008cc00000, 0x000000008cc00000, 0x000000008cd00000|  0%| F|  |TAMS 0x000000008cc00000, 0x000000008cc00000| Untracked 
| 115|0x000000008cd00000, 0x000000008cd00000, 0x000000008ce00000|  0%| F|  |TAMS 0x000000008cd00000, 0x000000008cd00000| Untracked 
| 116|0x000000008ce00000, 0x000000008ce00000, 0x000000008cf00000|  0%| F|  |TAMS 0x000000008ce00000, 0x000000008ce00000| Untracked 
| 117|0x000000008cf00000, 0x000000008cf00000, 0x000000008d000000|  0%| F|  |TAMS 0x000000008cf00000, 0x000000008cf00000| Untracked 
| 118|0x000000008d000000, 0x000000008d000000, 0x000000008d100000|  0%| F|  |TAMS 0x000000008d000000, 0x000000008d000000| Untracked 
| 119|0x000000008d100000, 0x000000008d154900, 0x000000008d200000| 33%| E|  |TAMS 0x000000008d100000, 0x000000008d100000| Complete 
| 120|0x000000008d200000, 0x000000008d300000, 0x000000008d300000|100%| E|CS|TAMS 0x000000008d200000, 0x000000008d200000| Complete 
| 121|0x000000008d300000, 0x000000008d400000, 0x000000008d400000|100%| E|CS|TAMS 0x000000008d300000, 0x000000008d300000| Complete 
| 122|0x000000008d400000, 0x000000008d500000, 0x000000008d500000|100%| E|CS|TAMS 0x000000008d400000, 0x000000008d400000| Complete 
| 123|0x000000008d500000, 0x000000008d600000, 0x000000008d600000|100%| E|CS|TAMS 0x000000008d500000, 0x000000008d500000| Complete 
|1956|0x00000000ffe00000, 0x00000000ffe76000, 0x00000000fff00000| 46%|OA|  |TAMS 0x00000000ffe00000, 0x00000000ffe00000| Untracked 
|1957|0x00000000fff00000, 0x00000000fff82000, 0x0000000100000000| 50%|CA|  |TAMS 0x00000000fff00000, 0x00000000fff00000| Untracked 

Card table byte_map: [0x00007f3d8d66b000,0x00007f3d8da3e000] _byte_map_base: 0x00007f3d8d23e000

Marking Bits (Prev, Next): (CMBitMap*) 0x00007f3d88070640, (CMBitMap*) 0x00007f3d88070680
 Prev Bits: [0x00007f3d6f568000, 0x00007f3d71400000)
 Next Bits: [0x00007f3d6d6d0000, 0x00007f3d6f568000)

Polling page: 0x00007f3d8feac000

Metaspace:

Usage:
  Non-class:      4,65 MB used.
      Class:    493,16 KB used.
       Both:      5,13 MB used.

Virtual space:
  Non-class space:       64,00 MB reserved,       4,69 MB (  7%) committed,  1 nodes.
      Class space:        1,00 GB reserved,     512,00 KB ( <1%) committed,  1 nodes.
             Both:        1,06 GB reserved,       5,19 MB ( <1%) committed. 

Chunk freelists:
   Non-Class:  9,95 MB
       Class:  15,50 MB
        Both:  25,45 MB

MaxMetaspaceSize: unlimited
CompressedClassSpaceSize: 1,00 GB
Initial GC threshold: 21,00 MB
Current GC threshold: 21,00 MB
CDS: on
MetaspaceReclaimPolicy: balanced
 - commit_granule_bytes: 65536.
 - commit_granule_words: 8192.
 - virtual_space_node_default_size: 8388608.
 - enlarge_chunks_in_place: 1.
 - new_chunks_are_fully_committed: 0.
 - uncommit_free_chunks: 1.
 - use_allocation_guard: 0.
 - handle_deallocations: 1.


Internal statistics:

num_allocs_failed_limit: 0.
num_arena_births: 22.
num_arena_deaths: 0.
num_vsnodes_births: 2.
num_vsnodes_deaths: 0.
num_space_committed: 83.
num_space_uncommitted: 0.
num_chunks_returned_to_freelist: 0.
num_chunks_taken_from_freelist: 130.
num_chunk_merges: 0.
num_chunk_splits: 87.
num_chunks_enlarged: 66.
num_inconsistent_stats: 0.

CodeHeap 'non-profiled nmethods': size=120032Kb used=272Kb max_used=272Kb free=119759Kb
 bounds [0x00007f3d78ec8000, 0x00007f3d79138000, 0x00007f3d80400000]
CodeHeap 'profiled nmethods': size=120028Kb used=1741Kb max_used=1741Kb free=118286Kb
 bounds [0x00007f3d71400000, 0x00007f3d71670000, 0x00007f3d78937000]
CodeHeap 'non-nmethods': size=5700Kb used=1242Kb max_used=1258Kb free=4457Kb
 bounds [0x00007f3d78937000, 0x00007f3d78ba7000, 0x00007f3d78ec8000]
 total_blobs=1528 nmethods=975 adapters=467
 compilation: enabled
              stopped_count=0, restarted_count=0
 full_count=0

Compilation events (20 events):
Event: 2,190 Thread 0x00007f3d881216b0  966       3       jnr.ffi.provider.converters.StringUtil::getEncoder (42 bytes)
Event: 2,191 Thread 0x00007f3d881216b0 nmethod 966 0x00007f3d715aef90 code [0x00007f3d715af180, 0x00007f3d715af740]
Event: 2,191 Thread 0x00007f3d881216b0  967       3       java.nio.CharBuffer::wrap (12 bytes)
Event: 2,191 Thread 0x00007f3d881216b0 nmethod 967 0x00007f3d715af910 code [0x00007f3d715afac0, 0x00007f3d715afcb0]
Event: 2,191 Thread 0x00007f3d881216b0  968   !   3       java.nio.CharBuffer::wrap (20 bytes)
Event: 2,191 Thread 0x00007f3d881216b0 nmethod 968 0x00007f3d715afd90 code [0x00007f3d715aff60, 0x00007f3d715b01f0]
Event: 2,191 Thread 0x00007f3d881216b0  969       3       java.nio.StringCharBuffer::<init> (41 bytes)
Event: 2,192 Thread 0x00007f3d881216b0 nmethod 969 0x00007f3d715b0390 code [0x00007f3d715b0580, 0x00007f3d715b0ad0]
Event: 2,192 Thread 0x00007f3d881216b0  970       3       java.nio.CharBuffer::<init> (14 bytes)
Event: 2,192 Thread 0x00007f3d881216b0 nmethod 970 0x00007f3d715b0c90 code [0x00007f3d715b0e40, 0x00007f3d715b0f80]
Event: 2,192 Thread 0x00007f3d881216b0  971       3       java.nio.charset.CharsetEncoder::reset (11 bytes)
Event: 2,193 Thread 0x00007f3d881216b0 nmethod 971 0x00007f3d715b1010 code [0x00007f3d715b11c0, 0x00007f3d715b13b0]
Event: 2,193 Thread 0x00007f3d881216b0  972       3       java.nio.charset.CharsetEncoder::implReset (1 bytes)
Event: 2,193 Thread 0x00007f3d881216b0 nmethod 972 0x00007f3d715b1490 code [0x00007f3d715b1620, 0x00007f3d715b1730]
Event: 2,193 Thread 0x00007f3d881216b0  959       3       java.util.Scanner::nextLine (99 bytes)
Event: 2,194 Thread 0x00007f3d881216b0 nmethod 959 0x00007f3d715b1790 code [0x00007f3d715b1a60, 0x00007f3d715b27c0]
Event: 2,194 Thread 0x00007f3d881216b0  962       3       java.util.regex.Matcher::start (22 bytes)
Event: 2,195 Thread 0x00007f3d881216b0 nmethod 962 0x00007f3d715b2c90 code [0x00007f3d715b2e40, 0x00007f3d715b3060]
Event: 2,195 Thread 0x00007f3d881216b0  963       3       function.functions::pg_timestamp_in (11 bytes)
Event: 2,195 Thread 0x00007f3d881216b0 nmethod 963 0x00007f3d715b3190 code [0x00007f3d715b3340, 0x00007f3d715b3460]

GC Heap History (2 events):
Event: 1,581 GC heap before
{Heap before GC invocations=0 (full 0):
 garbage-first heap   total 129024K, used 14304K [0x0000000085a00000, 0x0000000100000000)
  region size 1024K, 13 young (13312K), 0 survivors (0K)
 Metaspace       used 4685K, committed 4800K, reserved 1114112K
  class space    used 453K, committed 512K, reserved 1048576K
}
Event: 1,596 GC heap after
{Heap after GC invocations=1 (full 0):
 garbage-first heap   total 129024K, used 5243K [0x0000000085a00000, 0x0000000100000000)
  region size 1024K, 2 young (2048K), 2 survivors (2048K)
 Metaspace       used 4685K, committed 4800K, reserved 1114112K
  class space    used 453K, committed 512K, reserved 1048576K
}

Dll operation events (11 events):
Event: 0,017 Loaded shared library /usr/lib/jvm/java-17-openjdk-amd64/lib/libjava.so
Event: 0,089 Loaded shared library /usr/lib/jvm/java-17-openjdk-amd64/lib/libjsvml.so
Event: 0,409 Loaded shared library /usr/lib/jvm/java-17-openjdk-amd64/lib/libzip.so
Event: 0,411 Loaded shared library /usr/lib/jvm/java-17-openjdk-amd64/lib/libinstrument.so
Event: 0,422 Loaded shared library /usr/lib/jvm/java-17-openjdk-amd64/lib/libnio.so
Event: 0,443 Loaded shared library /usr/lib/jvm/java-17-openjdk-amd64/lib/libzip.so
Event: 0,564 Loaded shared library /usr/lib/jvm/java-17-openjdk-amd64/lib/libnet.so
Event: 0,578 Loaded shared library /usr/lib/jvm/java-17-openjdk-amd64/lib/libextnet.so
Event: 0,648 Loaded shared library /usr/lib/jvm/java-17-openjdk-amd64/lib/libjimage.so
Event: 0,794 Loaded shared library /tmp/jffi1818439889163546135.so
Event: 0,994 Loaded shared library /usr/lib/jvm/java-17-openjdk-amd64/lib/libverify.so

Deoptimization events (20 events):
Event: 1,661 Thread 0x00007f3d880166d0 Uncommon trap: trap_request=0xffffffbe fr.pc=0x00007f3d78ef28c8 relative=0x0000000000000228
Event: 1,661 Thread 0x00007f3d880166d0 Uncommon trap: reason=profile_predicate action=maybe_recompile pc=0x00007f3d78ef28c8 method=java.util.regex.Pattern$Slice.match(Ljava/util/regex/Matcher;ILjava/lang/CharSequence;)Z @ 18 c2
Event: 1,661 Thread 0x00007f3d880166d0 DEOPT PACKING pc=0x00007f3d78ef28c8 sp=0x00007f3d8e3fe320
Event: 1,661 Thread 0x00007f3d880166d0 DEOPT UNPACKING pc=0x00007f3d7898d699 sp=0x00007f3d8e3fe2f0 mode 2
Event: 1,665 Thread 0x00007f3d880166d0 Uncommon trap: trap_request=0xffffffbe fr.pc=0x00007f3d78ef28c8 relative=0x0000000000000228
Event: 1,665 Thread 0x00007f3d880166d0 Uncommon trap: reason=profile_predicate action=maybe_recompile pc=0x00007f3d78ef28c8 method=java.util.regex.Pattern$Slice.match(Ljava/util/regex/Matcher;ILjava/lang/CharSequence;)Z @ 18 c2
Event: 1,665 Thread 0x00007f3d880166d0 DEOPT PACKING pc=0x00007f3d78ef28c8 sp=0x00007f3d8e3fe320
Event: 1,665 Thread 0x00007f3d880166d0 DEOPT UNPACKING pc=0x00007f3d7898d699 sp=0x00007f3d8e3fe2f0 mode 2
Event: 1,666 Thread 0x00007f3d880166d0 Uncommon trap: trap_request=0xffffffbe fr.pc=0x00007f3d78ef28c8 relative=0x0000000000000228
Event: 1,666 Thread 0x00007f3d880166d0 Uncommon trap: reason=profile_predicate action=maybe_recompile pc=0x00007f3d78ef28c8 method=java.util.regex.Pattern$Slice.match(Ljava/util/regex/Matcher;ILjava/lang/CharSequence;)Z @ 18 c2
Event: 1,666 Thread 0x00007f3d880166d0 DEOPT PACKING pc=0x00007f3d78ef28c8 sp=0x00007f3d8e3fe320
Event: 1,666 Thread 0x00007f3d880166d0 DEOPT UNPACKING pc=0x00007f3d7898d699 sp=0x00007f3d8e3fe2f0 mode 2
Event: 1,983 Thread 0x00007f3d880166d0 DEOPT PACKING pc=0x00007f3d714cd7bc sp=0x00007f3d8e3fe1e0
Event: 1,983 Thread 0x00007f3d880166d0 DEOPT UNPACKING pc=0x00007f3d7898de2f sp=0x00007f3d8e3fd6a0 mode 0
Event: 2,018 Thread 0x00007f3d880166d0 DEOPT PACKING pc=0x00007f3d714cd7bc sp=0x00007f3d8e3fe540
Event: 2,018 Thread 0x00007f3d880166d0 DEOPT UNPACKING pc=0x00007f3d7898de2f sp=0x00007f3d8e3fd9d8 mode 0
Event: 2,030 Thread 0x00007f3d880166d0 DEOPT PACKING pc=0x00007f3d714cd7bc sp=0x00007f3d8e3fe540
Event: 2,030 Thread 0x00007f3d880166d0 DEOPT UNPACKING pc=0x00007f3d7898de2f sp=0x00007f3d8e3fd9d8 mode 0
Event: 2,044 Thread 0x00007f3d880166d0 DEOPT PACKING pc=0x00007f3d714cd7bc sp=0x00007f3d8e3fe1e0
Event: 2,044 Thread 0x00007f3d880166d0 DEOPT UNPACKING pc=0x00007f3d7898de2f sp=0x00007f3d8e3fd6a0 mode 0

Classes unloaded (0 events):
No events

Classes redefined (0 events):
No events

Internal exceptions (6 events):
Event: 0,442 Thread 0x00007f3d880166d0 Implicit null exception at 0x00007f3d78ed22d5 to 0x00007f3d78ed243c
Event: 0,567 Thread 0x00007f3d882db680 Exception <a 'java/lang/NoSuchMethodError'{0x000000008d3ae370}: 'java.lang.Object java.lang.invoke.DirectMethodHandle$Holder.invokeStaticInit(java.lang.Object)'> (0x000000008d3ae370) 
thrown [./src/hotspot/share/interpreter/linkResolver.cpp, line 758]
Event: 0,580 Thread 0x00007f3d882db680 Exception <a 'java/lang/NoSuchMethodError'{0x000000008d3bca18}: 'void java.lang.invoke.DirectMethodHandle$Holder.invokeStatic(java.lang.Object, java.lang.Object)'> (0x000000008d3bca18) 
thrown [./src/hotspot/share/interpreter/linkResolver.cpp, line 758]
Event: 1,202 Thread 0x00007f3d880166d0 Exception <a 'java/lang/UnsatisfiedLinkError'{0x000000008cee3c60}: meos: Ne peut ouvrir le fichier d'objet partagé: Aucun fichier ou dossier de ce type> (0x000000008cee3c60) 
thrown [./src/hotspot/share/prims/jni.cpp, line 535]
Event: 1,497 Thread 0x00007f3d880166d0 Exception <a 'java/lang/NoSuchMethodError'{0x000000008c919440}: 'java.lang.Object java.lang.invoke.DirectMethodHandle$Holder.newInvokeSpecial(java.lang.Object, java.lang.Object, java.lang.Object, java.lang.Object, java.lang.Object)'> (0x000000008c919440) 
thrown [./src/hotspot/share/interpreter/linkResolver.cpp, line 758]
Event: 1,561 Thread 0x00007f3d880166d0 Exception <a 'java/lang/UnsatisfiedLinkError'{0x000000008c9ca898}: /usr/local/lib/libmeos.so: undefined symbol: distance_timestamp_timestamp> (0x000000008c9ca898) 
thrown [./src/hotspot/share/prims/jni.cpp, line 535]

VM Operations (12 events):
Event: 0,326 Executing VM operation: HandshakeAllThreads
Event: 0,326 Executing VM operation: HandshakeAllThreads done
Event: 0,714 Executing VM operation: HandshakeAllThreads
Event: 0,714 Executing VM operation: HandshakeAllThreads done
Event: 0,717 Executing VM operation: HandshakeAllThreads
Event: 0,717 Executing VM operation: HandshakeAllThreads done
Event: 1,151 Executing VM operation: HandshakeAllThreads
Event: 1,151 Executing VM operation: HandshakeAllThreads done
Event: 1,151 Executing VM operation: Cleanup
Event: 1,151 Executing VM operation: Cleanup done
Event: 1,581 Executing VM operation: G1CollectForAllocation
Event: 1,596 Executing VM operation: G1CollectForAllocation done

Events (20 events):
Event: 1,608 loading class java/util/LinkedList$ListItr
Event: 1,608 loading class java/util/LinkedList$ListItr done
Event: 1,613 loading class sun/misc/Unsafe
Event: 1,614 loading class sun/misc/Unsafe done
Event: 1,649 loading class java/util/Scanner
Event: 1,650 loading class java/util/Scanner done
Event: 1,657 loading class java/util/Scanner$PatternLRUCache
Event: 1,657 loading class java/util/Scanner$PatternLRUCache done
Event: 1,661 loading class java/util/regex/Matcher$ImmutableMatchResult
Event: 1,661 loading class java/util/regex/Matcher$ImmutableMatchResult done
Event: 1,662 loading class java/nio/StringCharBuffer
Event: 1,662 loading class java/nio/StringCharBuffer done
Event: 2,178 loading class jdk/internal/math/FormattedFloatingDecimal$Form
Event: 2,178 loading class jdk/internal/math/FormattedFloatingDecimal$Form done
Event: 2,179 loading class jdk/internal/math/FormattedFloatingDecimal
Event: 2,179 loading class jdk/internal/math/FormattedFloatingDecimal done
Event: 2,179 loading class jdk/internal/math/FormattedFloatingDecimal$1
Event: 2,179 loading class jdk/internal/math/FormattedFloatingDecimal$1 done
Event: 2,179 loading class jdk/internal/math/FormattedFloatingDecimal$2
Event: 2,179 loading class jdk/internal/math/FormattedFloatingDecimal$2 done


Dynamic libraries:
85a00000-8d600000 rw-p 00000000 00:00 0 
8d600000-ffe00000 ---p 00000000 00:00 0 
ffe00000-ffe76000 rw-p 00c9d000 08:02 10491600                           /usr/lib/jvm/java-17-openjdk-amd64/lib/server/classes.jsa
ffe76000-fff00000 rw-p 00000000 00:00 0 
fff00000-fff82000 rw-p 00c1b000 08:02 10491600                           /usr/lib/jvm/java-17-openjdk-amd64/lib/server/classes.jsa
fff82000-100000000 rw-p 00000000 00:00 0 
800000000-800458000 rw-p 00001000 08:02 10491600                         /usr/lib/jvm/java-17-openjdk-amd64/lib/server/classes.jsa
800458000-800be2000 r--p 00459000 08:02 10491600                         /usr/lib/jvm/java-17-openjdk-amd64/lib/server/classes.jsa
800be2000-801000000 ---p 00000000 00:00 0 
801000000-801040000 rw-p 00000000 00:00 0 
801040000-801080000 rw-p 00000000 00:00 0 
801080000-841000000 ---p 00000000 00:00 0 
55b334ad9000-55b334ada000 r--p 00000000 08:02 10485864                   /usr/lib/jvm/java-17-openjdk-amd64/bin/java
55b334ada000-55b334adb000 r-xp 00001000 08:02 10485864                   /usr/lib/jvm/java-17-openjdk-amd64/bin/java
55b334adb000-55b334adc000 r--p 00002000 08:02 10485864                   /usr/lib/jvm/java-17-openjdk-amd64/bin/java
55b334adc000-55b334add000 r--p 00002000 08:02 10485864                   /usr/lib/jvm/java-17-openjdk-amd64/bin/java
55b334add000-55b334ade000 rw-p 00003000 08:02 10485864                   /usr/lib/jvm/java-17-openjdk-amd64/bin/java
55b336566000-55b3365ad000 rw-p 00000000 00:00 0                          [heap]
7f3d0c000000-7f3d0c021000 rw-p 00000000 00:00 0 
7f3d0c021000-7f3d10000000 ---p 00000000 00:00 0 
7f3d10000000-7f3d10021000 rw-p 00000000 00:00 0 
7f3d10021000-7f3d14000000 ---p 00000000 00:00 0 
7f3d14000000-7f3d14027000 rw-p 00000000 00:00 0 
7f3d14027000-7f3d18000000 ---p 00000000 00:00 0 
7f3d18000000-7f3d18021000 rw-p 00000000 00:00 0 
7f3d18021000-7f3d1c000000 ---p 00000000 00:00 0 
7f3d1c000000-7f3d1c021000 rw-p 00000000 00:00 0 
7f3d1c021000-7f3d20000000 ---p 00000000 00:00 0 
7f3d20000000-7f3d20021000 rw-p 00000000 00:00 0 
7f3d20021000-7f3d24000000 ---p 00000000 00:00 0 
7f3d24000000-7f3d24021000 rw-p 00000000 00:00 0 
7f3d24021000-7f3d28000000 ---p 00000000 00:00 0 
7f3d28000000-7f3d28021000 rw-p 00000000 00:00 0 
7f3d28021000-7f3d2c000000 ---p 00000000 00:00 0 
7f3d2c000000-7f3d2c34a000 rw-p 00000000 00:00 0 
7f3d2c34a000-7f3d30000000 ---p 00000000 00:00 0 
7f3d30000000-7f3d30021000 rw-p 00000000 00:00 0 
7f3d30021000-7f3d34000000 ---p 00000000 00:00 0 
7f3d34000000-7f3d34021000 rw-p 00000000 00:00 0 
7f3d34021000-7f3d38000000 ---p 00000000 00:00 0 
7f3d38000000-7f3d38294000 rw-p 00000000 00:00 0 
7f3d38294000-7f3d3c000000 ---p 00000000 00:00 0 
7f3d3c000000-7f3d3c021000 rw-p 00000000 00:00 0 
7f3d3c021000-7f3d40000000 ---p 00000000 00:00 0 
7f3d40000000-7f3d40021000 rw-p 00000000 00:00 0 
7f3d40021000-7f3d44000000 ---p 00000000 00:00 0 
7f3d44000000-7f3d44021000 rw-p 00000000 00:00 0 
7f3d44021000-7f3d48000000 ---p 00000000 00:00 0 
7f3d48000000-7f3d48021000 rw-p 00000000 00:00 0 
7f3d48021000-7f3d4c000000 ---p 00000000 00:00 0 
7f3d4c000000-7f3d4c021000 rw-p 00000000 00:00 0 
7f3d4c021000-7f3d50000000 ---p 00000000 00:00 0 
7f3d50000000-7f3d50021000 rw-p 00000000 00:00 0 
7f3d50021000-7f3d54000000 ---p 00000000 00:00 0 
7f3d54000000-7f3d542a0000 rw-p 00000000 00:00 0 
7f3d542a0000-7f3d54400000 ---p 00000000 00:00 0 
7f3d54400000-7f3d54610000 rw-p 00000000 00:00 0 
7f3d54610000-7f3d58000000 ---p 00000000 00:00 0 
7f3d58000000-7f3d58021000 rw-p 00000000 00:00 0 
7f3d58021000-7f3d5c000000 ---p 00000000 00:00 0 
7f3d5c448000-7f3d5c82f000 rw-p 00000000 00:00 0 
7f3d5c82f000-7f3d5c830000 ---p 00000000 00:00 0 
7f3d5c830000-7f3d5c931000 rw-p 00000000 00:00 0 
7f3d5c931000-7f3d5c932000 ---p 00000000 00:00 0 
7f3d5c932000-7f3d5ca33000 rw-p 00000000 00:00 0 
7f3d5ca33000-7f3d5ca34000 ---p 00000000 00:00 0 
7f3d5ca34000-7f3d5cb35000 rw-p 00000000 00:00 0 
7f3d5cb35000-7f3d5cb56000 r--p 00000000 08:02 10356892                   /usr/lib/x86_64-linux-gnu/libkrb5.so.3.3
7f3d5cb56000-7f3d5cbb3000 r-xp 00021000 08:02 10356892                   /usr/lib/x86_64-linux-gnu/libkrb5.so.3.3
7f3d5cbb3000-7f3d5cbf0000 r--p 0007e000 08:02 10356892                   /usr/lib/x86_64-linux-gnu/libkrb5.so.3.3
7f3d5cbf0000-7f3d5cbf1000 ---p 000bb000 08:02 10356892                   /usr/lib/x86_64-linux-gnu/libkrb5.so.3.3
7f3d5cbf1000-7f3d5cbfe000 r--p 000bb000 08:02 10356892                   /usr/lib/x86_64-linux-gnu/libkrb5.so.3.3
7f3d5cbfe000-7f3d5cc00000 rw-p 000c8000 08:02 10356892                   /usr/lib/x86_64-linux-gnu/libkrb5.so.3.3
7f3d5cc00000-7f3d5ccb2000 r--p 00000000 08:02 10354984                   /usr/lib/x86_64-linux-gnu/libcrypto.so.3
7f3d5ccb2000-7f3d5cf0f000 r-xp 000b2000 08:02 10354984                   /usr/lib/x86_64-linux-gnu/libcrypto.so.3
7f3d5cf0f000-7f3d5cfe1000 r--p 0030f000 08:02 10354984                   /usr/lib/x86_64-linux-gnu/libcrypto.so.3
7f3d5cfe1000-7f3d5d03c000 r--p 003e0000 08:02 10354984                   /usr/lib/x86_64-linux-gnu/libcrypto.so.3
7f3d5d03c000-7f3d5d03f000 rw-p 0043b000 08:02 10354984                   /usr/lib/x86_64-linux-gnu/libcrypto.so.3
7f3d5d03f000-7f3d5d042000 rw-p 00000000 00:00 0 
7f3d5d047000-7f3d5d04a000 r--p 00000000 08:02 10365379                   /usr/lib/x86_64-linux-gnu/libresolv.so.2
7f3d5d04a000-7f3d5d054000 r-xp 00003000 08:02 10365379                   /usr/lib/x86_64-linux-gnu/libresolv.so.2
7f3d5d054000-7f3d5d057000 r--p 0000d000 08:02 10365379                   /usr/lib/x86_64-linux-gnu/libresolv.so.2
7f3d5d057000-7f3d5d058000 r--p 0000f000 08:02 10365379                   /usr/lib/x86_64-linux-gnu/libresolv.so.2
7f3d5d058000-7f3d5d059000 rw-p 00010000 08:02 10365379                   /usr/lib/x86_64-linux-gnu/libresolv.so.2
7f3d5d059000-7f3d5d05b000 rw-p 00000000 00:00 0 
7f3d5d05b000-7f3d5d05c000 r--p 00000000 08:02 10355681                   /usr/lib/x86_64-linux-gnu/libbrotlicommon.so.1.0.9
7f3d5d05c000-7f3d5d05d000 r-xp 00001000 08:02 10355681                   /usr/lib/x86_64-linux-gnu/libbrotlicommon.so.1.0.9
7f3d5d05d000-7f3d5d07c000 r--p 00002000 08:02 10355681                   /usr/lib/x86_64-linux-gnu/libbrotlicommon.so.1.0.9
7f3d5d07c000-7f3d5d07d000 r--p 00020000 08:02 10355681                   /usr/lib/x86_64-linux-gnu/libbrotlicommon.so.1.0.9
7f3d5d07d000-7f3d5d07e000 rw-p 00021000 08:02 10355681                   /usr/lib/x86_64-linux-gnu/libbrotlicommon.so.1.0.9
7f3d5d07e000-7f3d5d081000 r--p 00000000 08:02 10356794                   /usr/lib/x86_64-linux-gnu/libsasl2.so.2.0.25
7f3d5d081000-7f3d5d092000 r-xp 00003000 08:02 10356794                   /usr/lib/x86_64-linux-gnu/libsasl2.so.2.0.25
7f3d5d092000-7f3d5d097000 r--p 00014000 08:02 10356794                   /usr/lib/x86_64-linux-gnu/libsasl2.so.2.0.25
7f3d5d097000-7f3d5d098000 r--p 00018000 08:02 10356794                   /usr/lib/x86_64-linux-gnu/libsasl2.so.2.0.25
7f3d5d098000-7f3d5d099000 rw-p 00019000 08:02 10356794                   /usr/lib/x86_64-linux-gnu/libsasl2.so.2.0.25
7f3d5d099000-7f3d5d0c2000 r--p 00000000 08:02 10356002                   /usr/lib/x86_64-linux-gnu/libp11-kit.so.0.3.0
7f3d5d0c2000-7f3d5d166000 r-xp 00029000 08:02 10356002                   /usr/lib/x86_64-linux-gnu/libp11-kit.so.0.3.0
7f3d5d166000-7f3d5d1c0000 r--p 000cd000 08:02 10356002                   /usr/lib/x86_64-linux-gnu/libp11-kit.so.0.3.0
7f3d5d1c0000-7f3d5d1ca000 r--p 00126000 08:02 10356002                   /usr/lib/x86_64-linux-gnu/libp11-kit.so.0.3.0
7f3d5d1ca000-7f3d5d1d4000 rw-p 00130000 08:02 10356002                   /usr/lib/x86_64-linux-gnu/libp11-kit.so.0.3.0
7f3d5d1d4000-7f3d5d1de000 r--p 00000000 08:02 10357741                   /usr/lib/x86_64-linux-gnu/libgmp.so.10.4.1
7f3d5d1de000-7f3d5d23d000 r-xp 0000a000 08:02 10357741                   /usr/lib/x86_64-linux-gnu/libgmp.so.10.4.1
7f3d5d23d000-7f3d5d254000 r--p 00069000 08:02 10357741                   /usr/lib/x86_64-linux-gnu/libgmp.so.10.4.1
7f3d5d254000-7f3d5d255000 r--p 0007f000 08:02 10357741                   /usr/lib/x86_64-linux-gnu/libgmp.so.10.4.1
7f3d5d255000-7f3d5d256000 rw-p 00080000 08:02 10357741                   /usr/lib/x86_64-linux-gnu/libgmp.so.10.4.1
7f3d5d256000-7f3d5d267000 r--p 00000000 08:02 10360661                   /usr/lib/x86_64-linux-gnu/libunistring.so.2.2.0
7f3d5d267000-7f3d5d29d000 r-xp 00011000 08:02 10360661                   /usr/lib/x86_64-linux-gnu/libunistring.so.2.2.0
7f3d5d29d000-7f3d5d3fb000 r--p 00047000 08:02 10360661                   /usr/lib/x86_64-linux-gnu/libunistring.so.2.2.0
7f3d5d3fb000-7f3d5d3ff000 r--p 001a5000 08:02 10360661                   /usr/lib/x86_64-linux-gnu/libunistring.so.2.2.0
7f3d5d3ff000-7f3d5d400000 rw-p 001a9000 08:02 10360661                   /usr/lib/x86_64-linux-gnu/libunistring.so.2.2.0
7f3d5d400000-7f3d5d478000 r--p 00000000 08:02 10366481                   /usr/lib/x86_64-linux-gnu/libgeos.so.3.10.2
7f3d5d478000-7f3d5d5a6000 r-xp 00078000 08:02 10366481                   /usr/lib/x86_64-linux-gnu/libgeos.so.3.10.2
7f3d5d5a6000-7f3d5d603000 r--p 001a6000 08:02 10366481                   /usr/lib/x86_64-linux-gnu/libgeos.so.3.10.2
7f3d5d603000-7f3d5d60a000 r--p 00202000 08:02 10366481                   /usr/lib/x86_64-linux-gnu/libgeos.so.3.10.2
7f3d5d60a000-7f3d5d60b000 rw-p 00209000 08:02 10366481                   /usr/lib/x86_64-linux-gnu/libgeos.so.3.10.2
7f3d5d615000-7f3d5d646000 r--p 00000000 08:02 10357230                   /usr/lib/x86_64-linux-gnu/libgnutls.so.30.31.0
7f3d5d646000-7f3d5d76f000 r-xp 00031000 08:02 10357230                   /usr/lib/x86_64-linux-gnu/libgnutls.so.30.31.0
7f3d5d76f000-7f3d5d7ec000 r--p 0015a000 08:02 10357230                   /usr/lib/x86_64-linux-gnu/libgnutls.so.30.31.0
7f3d5d7ec000-7f3d5d7fc000 r--p 001d6000 08:02 10357230                   /usr/lib/x86_64-linux-gnu/libgnutls.so.30.31.0
7f3d5d7fc000-7f3d5d7fe000 rw-p 001e6000 08:02 10357230                   /usr/lib/x86_64-linux-gnu/libgnutls.so.30.31.0
7f3d5d7fe000-7f3d5d800000 rw-p 00000000 00:00 0 
7f3d5d800000-7f3d5d85b000 r--p 00000000 08:02 10360429                   /usr/lib/x86_64-linux-gnu/libgsl.so.27.0.0
7f3d5d85b000-7f3d5da32000 r-xp 0005b000 08:02 10360429                   /usr/lib/x86_64-linux-gnu/libgsl.so.27.0.0
7f3d5da32000-7f3d5daab000 r--p 00232000 08:02 10360429                   /usr/lib/x86_64-linux-gnu/libgsl.so.27.0.0
7f3d5daab000-7f3d5daac000 ---p 002ab000 08:02 10360429                   /usr/lib/x86_64-linux-gnu/libgsl.so.27.0.0
7f3d5daac000-7f3d5dab0000 r--p 002ab000 08:02 10360429                   /usr/lib/x86_64-linux-gnu/libgsl.so.27.0.0
7f3d5dab0000-7f3d5dabe000 rw-p 002af000 08:02 10360429                   /usr/lib/x86_64-linux-gnu/libgsl.so.27.0.0
7f3d5dabe000-7f3d5dabf000 rw-p 00000000 00:00 0 
7f3d5dac9000-7f3d5dacb000 r--p 00000000 08:02 10356728                   /usr/lib/x86_64-linux-gnu/libffi.so.8.1.0
7f3d5dacb000-7f3d5dad2000 r-xp 00002000 08:02 10356728                   /usr/lib/x86_64-linux-gnu/libffi.so.8.1.0
7f3d5dad2000-7f3d5dad3000 r--p 00009000 08:02 10356728                   /usr/lib/x86_64-linux-gnu/libffi.so.8.1.0
7f3d5dad3000-7f3d5dad4000 ---p 0000a000 08:02 10356728                   /usr/lib/x86_64-linux-gnu/libffi.so.8.1.0
7f3d5dad4000-7f3d5dad5000 r--p 0000a000 08:02 10356728                   /usr/lib/x86_64-linux-gnu/libffi.so.8.1.0
7f3d5dad5000-7f3d5dad6000 rw-p 0000b000 08:02 10356728                   /usr/lib/x86_64-linux-gnu/libffi.so.8.1.0
7f3d5dad6000-7f3d5dada000 r--p 00000000 08:02 10357711                   /usr/lib/x86_64-linux-gnu/libk5crypto.so.3.1
7f3d5dada000-7f3d5daf5000 r-xp 00004000 08:02 10357711                   /usr/lib/x86_64-linux-gnu/libk5crypto.so.3.1
7f3d5daf5000-7f3d5db01000 r--p 0001f000 08:02 10357711                   /usr/lib/x86_64-linux-gnu/libk5crypto.so.3.1
7f3d5db01000-7f3d5db02000 ---p 0002b000 08:02 10357711                   /usr/lib/x86_64-linux-gnu/libk5crypto.so.3.1
7f3d5db02000-7f3d5db03000 r--p 0002b000 08:02 10357711                   /usr/lib/x86_64-linux-gnu/libk5crypto.so.3.1
7f3d5db03000-7f3d5db04000 rw-p 0002c000 08:02 10357711                   /usr/lib/x86_64-linux-gnu/libk5crypto.so.3.1
7f3d5db04000-7f3d5db05000 rw-p 00000000 00:00 0 
7f3d5db05000-7f3d5db0d000 r--p 00000000 08:02 10360657                   /usr/lib/x86_64-linux-gnu/libhogweed.so.6.4
7f3d5db0d000-7f3d5db20000 r-xp 00008000 08:02 10360657                   /usr/lib/x86_64-linux-gnu/libhogweed.so.6.4
7f3d5db20000-7f3d5db4a000 r--p 0001b000 08:02 10360657                   /usr/lib/x86_64-linux-gnu/libhogweed.so.6.4
7f3d5db4a000-7f3d5db4b000 ---p 00045000 08:02 10360657                   /usr/lib/x86_64-linux-gnu/libhogweed.so.6.4
7f3d5db4b000-7f3d5db4c000 r--p 00045000 08:02 10360657                   /usr/lib/x86_64-linux-gnu/libhogweed.so.6.4
7f3d5db4c000-7f3d5db4d000 rw-p 00046000 08:02 10360657                   /usr/lib/x86_64-linux-gnu/libhogweed.so.6.4
7f3d5db4d000-7f3d5db5b000 r--p 00000000 08:02 10362052                   /usr/lib/x86_64-linux-gnu/libldap-2.5.so.0.1.9
7f3d5db5b000-7f3d5db95000 r-xp 0000e000 08:02 10362052                   /usr/lib/x86_64-linux-gnu/libldap-2.5.so.0.1.9
7f3d5db95000-7f3d5dba6000 r--p 00048000 08:02 10362052                   /usr/lib/x86_64-linux-gnu/libldap-2.5.so.0.1.9
7f3d5dba6000-7f3d5dba7000 ---p 00059000 08:02 10362052                   /usr/lib/x86_64-linux-gnu/libldap-2.5.so.0.1.9
7f3d5dba7000-7f3d5dba9000 r--p 00059000 08:02 10362052                   /usr/lib/x86_64-linux-gnu/libldap-2.5.so.0.1.9
7f3d5dba9000-7f3d5dbaa000 rw-p 0005b000 08:02 10362052                   /usr/lib/x86_64-linux-gnu/libldap-2.5.so.0.1.9
7f3d5dbaa000-7f3d5dbac000 rw-p 00000000 00:00 0 
7f3d5dbac000-7f3d5dbb7000 r--p 00000000 08:02 10357451                   /usr/lib/x86_64-linux-gnu/libgssapi_krb5.so.2.2
7f3d5dbb7000-7f3d5dbef000 r-xp 0000b000 08:02 10357451                   /usr/lib/x86_64-linux-gnu/libgssapi_krb5.so.2.2
7f3d5dbef000-7f3d5dbfb000 r--p 00043000 08:02 10357451                   /usr/lib/x86_64-linux-gnu/libgssapi_krb5.so.2.2
7f3d5dbfb000-7f3d5dbfc000 ---p 0004f000 08:02 10357451                   /usr/lib/x86_64-linux-gnu/libgssapi_krb5.so.2.2
7f3d5dbfc000-7f3d5dbfe000 r--p 0004f000 08:02 10357451                   /usr/lib/x86_64-linux-gnu/libgssapi_krb5.so.2.2
7f3d5dbfe000-7f3d5dc00000 rw-p 00051000 08:02 10357451                   /usr/lib/x86_64-linux-gnu/libgssapi_krb5.so.2.2
7f3d5dc00000-7f3d5dc68000 r--p 00000000 08:02 10358220                   /usr/lib/x86_64-linux-gnu/libproj.so.22.2.1
7f3d5dc68000-7f3d5deb7000 r-xp 00068000 08:02 10358220                   /usr/lib/x86_64-linux-gnu/libproj.so.22.2.1
7f3d5deb7000-7f3d5df4c000 r--p 002b7000 08:02 10358220                   /usr/lib/x86_64-linux-gnu/libproj.so.22.2.1
7f3d5df4c000-7f3d5df4d000 ---p 0034c000 08:02 10358220                   /usr/lib/x86_64-linux-gnu/libproj.so.22.2.1
7f3d5df4d000-7f3d5df64000 r--p 0034c000 08:02 10358220                   /usr/lib/x86_64-linux-gnu/libproj.so.22.2.1
7f3d5df64000-7f3d5df66000 rw-p 00363000 08:02 10358220                   /usr/lib/x86_64-linux-gnu/libproj.so.22.2.1
7f3d5df66000-7f3d5df69000 rw-p 00000000 00:00 0 
7f3d5df6f000-7f3d5df72000 r--p 00000000 08:02 10355637                   /usr/lib/x86_64-linux-gnu/libkrb5support.so.0.1
7f3d5df72000-7f3d5df78000 r-xp 00003000 08:02 10355637                   /usr/lib/x86_64-linux-gnu/libkrb5support.so.0.1
7f3d5df78000-7f3d5df7a000 r--p 00009000 08:02 10355637                   /usr/lib/x86_64-linux-gnu/libkrb5support.so.0.1
7f3d5df7a000-7f3d5df7b000 ---p 0000b000 08:02 10355637                   /usr/lib/x86_64-linux-gnu/libkrb5support.so.0.1
7f3d5df7b000-7f3d5df7c000 r--p 0000b000 08:02 10355637                   /usr/lib/x86_64-linux-gnu/libkrb5support.so.0.1
7f3d5df7c000-7f3d5df7d000 rw-p 0000c000 08:02 10355637                   /usr/lib/x86_64-linux-gnu/libkrb5support.so.0.1
7f3d5df7d000-7f3d5df80000 r--p 00000000 08:02 10361751                   /usr/lib/x86_64-linux-gnu/libtasn1.so.6.6.2
7f3d5df80000-7f3d5df8e000 r-xp 00003000 08:02 10361751                   /usr/lib/x86_64-linux-gnu/libtasn1.so.6.6.2
7f3d5df8e000-7f3d5df92000 r--p 00011000 08:02 10361751                   /usr/lib/x86_64-linux-gnu/libtasn1.so.6.6.2
7f3d5df92000-7f3d5df93000 ---p 00015000 08:02 10361751                   /usr/lib/x86_64-linux-gnu/libtasn1.so.6.6.2
7f3d5df93000-7f3d5df94000 r--p 00015000 08:02 10361751                   /usr/lib/x86_64-linux-gnu/libtasn1.so.6.6.2
7f3d5df94000-7f3d5df95000 rw-p 00016000 08:02 10361751                   /usr/lib/x86_64-linux-gnu/libtasn1.so.6.6.2
7f3d5df95000-7f3d5df98000 r--p 00000000 08:02 10355303                   /usr/lib/x86_64-linux-gnu/liblber-2.5.so.0.1.9
7f3d5df98000-7f3d5dfa0000 r-xp 00003000 08:02 10355303                   /usr/lib/x86_64-linux-gnu/liblber-2.5.so.0.1.9
7f3d5dfa0000-7f3d5dfa3000 r--p 0000b000 08:02 10355303                   /usr/lib/x86_64-linux-gnu/liblber-2.5.so.0.1.9
7f3d5dfa3000-7f3d5dfa4000 ---p 0000e000 08:02 10355303                   /usr/lib/x86_64-linux-gnu/liblber-2.5.so.0.1.9
7f3d5dfa4000-7f3d5dfa5000 r--p 0000e000 08:02 10355303                   /usr/lib/x86_64-linux-gnu/liblber-2.5.so.0.1.9
7f3d5dfa5000-7f3d5dfa6000 rw-p 0000f000 08:02 10355303                   /usr/lib/x86_64-linux-gnu/liblber-2.5.so.0.1.9
7f3d5dfa6000-7f3d5dfb0000 r--p 00000000 08:02 10355057                   /usr/lib/x86_64-linux-gnu/libnettle.so.8.4
7f3d5dfb0000-7f3d5dfd3000 r-xp 0000a000 08:02 10355057                   /usr/lib/x86_64-linux-gnu/libnettle.so.8.4
7f3d5dfd3000-7f3d5dfe9000 r--p 0002d000 08:02 10355057                   /usr/lib/x86_64-linux-gnu/libnettle.so.8.4
7f3d5dfe9000-7f3d5dfeb000 r--p 00042000 08:02 10355057                   /usr/lib/x86_64-linux-gnu/libnettle.so.8.4
7f3d5dfeb000-7f3d5dfec000 rw-p 00044000 08:02 10355057                   /usr/lib/x86_64-linux-gnu/libnettle.so.8.4
7f3d5dfec000-7f3d5dfee000 r--p 00000000 08:02 10361503                   /usr/lib/x86_64-linux-gnu/libpsl.so.5.3.2
7f3d5dfee000-7f3d5dff0000 r-xp 00002000 08:02 10361503                   /usr/lib/x86_64-linux-gnu/libpsl.so.5.3.2
7f3d5dff0000-7f3d5dffe000 r--p 00004000 08:02 10361503                   /usr/lib/x86_64-linux-gnu/libpsl.so.5.3.2
7f3d5dffe000-7f3d5dfff000 r--p 00011000 08:02 10361503                   /usr/lib/x86_64-linux-gnu/libpsl.so.5.3.2
7f3d5dfff000-7f3d5e000000 rw-p 00012000 08:02 10361503                   /usr/lib/x86_64-linux-gnu/libpsl.so.5.3.2
7f3d5e000000-7f3d60000000 rw-p 00000000 00:00 0 
7f3d60000000-7f3d60021000 rw-p 00000000 00:00 0 
7f3d60021000-7f3d64000000 ---p 00000000 00:00 0 
7f3d64000000-7f3d64021000 rw-p 00000000 00:00 0 
7f3d64021000-7f3d68000000 ---p 00000000 00:00 0 
7f3d68000000-7f3d68021000 rw-p 00000000 00:00 0 
7f3d68021000-7f3d6c000000 ---p 00000000 00:00 0 
7f3d6c008000-7f3d6c015000 r--p 00000000 08:02 10355188                   /usr/lib/x86_64-linux-gnu/libssh.so.4.8.7
7f3d6c015000-7f3d6c058000 r-xp 0000d000 08:02 10355188                   /usr/lib/x86_64-linux-gnu/libssh.so.4.8.7
7f3d6c058000-7f3d6c071000 r--p 00050000 08:02 10355188                   /usr/lib/x86_64-linux-gnu/libssh.so.4.8.7
7f3d6c071000-7f3d6c073000 r--p 00068000 08:02 10355188                   /usr/lib/x86_64-linux-gnu/libssh.so.4.8.7
7f3d6c073000-7f3d6c075000 rw-p 0006a000 08:02 10355188                   /usr/lib/x86_64-linux-gnu/libssh.so.4.8.7
7f3d6c075000-7f3d6c079000 r--p 00000000 08:02 10355582                   /usr/lib/x86_64-linux-gnu/libjpeg.so.8.2.2
7f3d6c079000-7f3d6c0c2000 r-xp 00004000 08:02 10355582                   /usr/lib/x86_64-linux-gnu/libjpeg.so.8.2.2
7f3d6c0c2000-7f3d6c0f4000 r--p 0004d000 08:02 10355582                   /usr/lib/x86_64-linux-gnu/libjpeg.so.8.2.2
7f3d6c0f4000-7f3d6c0f5000 r--p 0007e000 08:02 10355582                   /usr/lib/x86_64-linux-gnu/libjpeg.so.8.2.2
7f3d6c0f5000-7f3d6c0f6000 rw-p 0007f000 08:02 10355582                   /usr/lib/x86_64-linux-gnu/libjpeg.so.8.2.2
7f3d6c0f6000-7f3d6c100000 r--p 00000000 08:02 10354868                   /usr/lib/x86_64-linux-gnu/libzstd.so.1.4.8
7f3d6c100000-7f3d6c1b2000 r-xp 0000a000 08:02 10354868                   /usr/lib/x86_64-linux-gnu/libzstd.so.1.4.8
7f3d6c1b2000-7f3d6c1c3000 r--p 000bc000 08:02 10354868                   /usr/lib/x86_64-linux-gnu/libzstd.so.1.4.8
7f3d6c1c3000-7f3d6c1c4000 r--p 000cc000 08:02 10354868                   /usr/lib/x86_64-linux-gnu/libzstd.so.1.4.8
7f3d6c1c4000-7f3d6c1c5000 rw-p 000cd000 08:02 10354868                   /usr/lib/x86_64-linux-gnu/libzstd.so.1.4.8
7f3d6c1c5000-7f3d6c1c7000 r--p 00000000 08:02 10358223                   /usr/lib/x86_64-linux-gnu/libwebp.so.7.1.3
7f3d6c1c7000-7f3d6c21c000 r-xp 00002000 08:02 10358223                   /usr/lib/x86_64-linux-gnu/libwebp.so.7.1.3
7f3d6c21c000-7f3d6c22d000 r--p 00057000 08:02 10358223                   /usr/lib/x86_64-linux-gnu/libwebp.so.7.1.3
7f3d6c22d000-7f3d6c22e000 r--p 00067000 08:02 10358223                   /usr/lib/x86_64-linux-gnu/libwebp.so.7.1.3
7f3d6c22e000-7f3d6c22f000 rw-p 00068000 08:02 10358223                   /usr/lib/x86_64-linux-gnu/libwebp.so.7.1.3
7f3d6c22f000-7f3d6c231000 rw-p 00000000 00:00 0 
7f3d6c231000-7f3d6c24f000 r--p 00000000 08:02 10355997                   /usr/lib/x86_64-linux-gnu/libsqlite3.so.0.8.6
7f3d6c24f000-7f3d6c33b000 r-xp 0001e000 08:02 10355997                   /usr/lib/x86_64-linux-gnu/libsqlite3.so.0.8.6
7f3d6c33b000-7f3d6c376000 r--p 0010a000 08:02 10355997                   /usr/lib/x86_64-linux-gnu/libsqlite3.so.0.8.6
7f3d6c376000-7f3d6c37a000 r--p 00144000 08:02 10355997                   /usr/lib/x86_64-linux-gnu/libsqlite3.so.0.8.6
7f3d6c37a000-7f3d6c37e000 rw-p 00148000 08:02 10355997                   /usr/lib/x86_64-linux-gnu/libsqlite3.so.0.8.6
7f3d6c37e000-7f3d6c3b4000 r--p 00000000 08:02 11142841                   /usr/local/lib/libmeos.so
7f3d6c3b4000-7f3d6c4a8000 r-xp 00036000 08:02 11142841                   /usr/local/lib/libmeos.so
7f3d6c4a8000-7f3d6c4f3000 r--p 0012a000 08:02 11142841                   /usr/local/lib/libmeos.so
7f3d6c4f3000-7f3d6c4f4000 ---p 00175000 08:02 11142841                   /usr/local/lib/libmeos.so
7f3d6c4f4000-7f3d6c4f5000 r--p 00175000 08:02 11142841                   /usr/local/lib/libmeos.so
7f3d6c4f5000-7f3d6c4fa000 rw-p 00176000 08:02 11142841                   /usr/local/lib/libmeos.so
7f3d6c4fa000-7f3d6c500000 rw-p 00000000 00:00 0 
7f3d6c500000-7f3d6c504000 ---p 00000000 00:00 0 
7f3d6c504000-7f3d6c600000 rw-p 00000000 00:00 0 
7f3d6c600000-7f3d6c612000 r-xp 00000000 08:02 1705159                    /tmp/jffi1818439889163546135.so (deleted)
7f3d6c612000-7f3d6c811000 ---p 00012000 08:02 1705159                    /tmp/jffi1818439889163546135.so (deleted)
7f3d6c811000-7f3d6c812000 rw-p 00011000 08:02 1705159                    /tmp/jffi1818439889163546135.so (deleted)
7f3d6c815000-7f3d6c817000 r--p 00000000 08:02 10357718                   /usr/lib/x86_64-linux-gnu/libkeyutils.so.1.9
7f3d6c817000-7f3d6c819000 r-xp 00002000 08:02 10357718                   /usr/lib/x86_64-linux-gnu/libkeyutils.so.1.9
7f3d6c819000-7f3d6c81a000 r--p 00004000 08:02 10357718                   /usr/lib/x86_64-linux-gnu/libkeyutils.so.1.9
7f3d6c81a000-7f3d6c81b000 r--p 00004000 08:02 10357718                   /usr/lib/x86_64-linux-gnu/libkeyutils.so.1.9
7f3d6c81b000-7f3d6c81c000 rw-p 00005000 08:02 10357718                   /usr/lib/x86_64-linux-gnu/libkeyutils.so.1.9
7f3d6c81c000-7f3d6c821000 r--p 00000000 08:02 10355338                   /usr/lib/x86_64-linux-gnu/librtmp.so.1
7f3d6c821000-7f3d6c831000 r-xp 00005000 08:02 10355338                   /usr/lib/x86_64-linux-gnu/librtmp.so.1
7f3d6c831000-7f3d6c838000 r--p 00015000 08:02 10355338                   /usr/lib/x86_64-linux-gnu/librtmp.so.1
7f3d6c838000-7f3d6c839000 ---p 0001c000 08:02 10355338                   /usr/lib/x86_64-linux-gnu/librtmp.so.1
7f3d6c839000-7f3d6c83a000 r--p 0001c000 08:02 10355338                   /usr/lib/x86_64-linux-gnu/librtmp.so.1
7f3d6c83a000-7f3d6c83b000 rw-p 0001d000 08:02 10355338                   /usr/lib/x86_64-linux-gnu/librtmp.so.1
7f3d6c83b000-7f3d6c83d000 r--p 00000000 08:02 10361325                   /usr/lib/x86_64-linux-gnu/libidn2.so.0.3.7
7f3d6c83d000-7f3d6c841000 r-xp 00002000 08:02 10361325                   /usr/lib/x86_64-linux-gnu/libidn2.so.0.3.7
7f3d6c841000-7f3d6c85a000 r--p 00006000 08:02 10361325                   /usr/lib/x86_64-linux-gnu/libidn2.so.0.3.7
7f3d6c85a000-7f3d6c85b000 r--p 0001e000 08:02 10361325                   /usr/lib/x86_64-linux-gnu/libidn2.so.0.3.7
7f3d6c85b000-7f3d6c85c000 rw-p 0001f000 08:02 10361325                   /usr/lib/x86_64-linux-gnu/libidn2.so.0.3.7
7f3d6c85c000-7f3d6c86a000 r--p 00000000 08:02 10355046                   /usr/lib/x86_64-linux-gnu/libcurl-gnutls.so.4.7.0
7f3d6c86a000-7f3d6c8dc000 r-xp 0000e000 08:02 10355046                   /usr/lib/x86_64-linux-gnu/libcurl-gnutls.so.4.7.0
7f3d6c8dc000-7f3d6c8f7000 r--p 00080000 08:02 10355046                   /usr/lib/x86_64-linux-gnu/libcurl-gnutls.so.4.7.0
7f3d6c8f7000-7f3d6c8fb000 r--p 0009a000 08:02 10355046                   /usr/lib/x86_64-linux-gnu/libcurl-gnutls.so.4.7.0
7f3d6c8fb000-7f3d6c8fd000 rw-p 0009e000 08:02 10355046                   /usr/lib/x86_64-linux-gnu/libcurl-gnutls.so.4.7.0
7f3d6c8fd000-7f3d6c8fe000 rw-p 00000000 00:00 0 
7f3d6c8fe000-7f3d6c8ff000 ---p 00000000 00:00 0 
7f3d6c8ff000-7f3d6ca00000 rw-p 00000000 00:00 0 
7f3d6ca00000-7f3d6ca04000 ---p 00000000 00:00 0 
7f3d6ca04000-7f3d6cb00000 rw-p 00000000 00:00 0 
7f3d6cb00000-7f3d6cb04000 ---p 00000000 00:00 0 
7f3d6cb04000-7f3d6cc00000 rw-p 00000000 00:00 0 
7f3d6cc00000-7f3d6cc04000 ---p 00000000 00:00 0 
7f3d6cc04000-7f3d6cd00000 rw-p 00000000 00:00 0 
7f3d6cd00000-7f3d6cd04000 ---p 00000000 00:00 0 
7f3d6cd04000-7f3d6ce00000 rw-p 00000000 00:00 0 
7f3d6ce00000-7f3d6d5f0000 r--p 00000000 08:02 10356383                   /usr/lib/locale/locale-archive
7f3d6d5f6000-7f3d6d5f8000 r--p 00000000 08:02 10357716                   /usr/lib/x86_64-linux-gnu/libcom_err.so.2.1
7f3d6d5f8000-7f3d6d5f9000 r-xp 00002000 08:02 10357716                   /usr/lib/x86_64-linux-gnu/libcom_err.so.2.1
7f3d6d5f9000-7f3d6d5fa000 r--p 00003000 08:02 10357716                   /usr/lib/x86_64-linux-gnu/libcom_err.so.2.1
7f3d6d5fa000-7f3d6d5fb000 r--p 00003000 08:02 10357716                   /usr/lib/x86_64-linux-gnu/libcom_err.so.2.1
7f3d6d5fb000-7f3d6d5fc000 rw-p 00004000 08:02 10357716                   /usr/lib/x86_64-linux-gnu/libcom_err.so.2.1
7f3d6d5fc000-7f3d6d601000 r--p 00000000 08:02 10354889                   /usr/lib/x86_64-linux-gnu/libnghttp2.so.14.20.1
7f3d6d601000-7f3d6d616000 r-xp 00005000 08:02 10354889                   /usr/lib/x86_64-linux-gnu/libnghttp2.so.14.20.1
7f3d6d616000-7f3d6d622000 r--p 0001a000 08:02 10354889                   /usr/lib/x86_64-linux-gnu/libnghttp2.so.14.20.1
7f3d6d622000-7f3d6d625000 r--p 00025000 08:02 10354889                   /usr/lib/x86_64-linux-gnu/libnghttp2.so.14.20.1
7f3d6d625000-7f3d6d626000 rw-p 00028000 08:02 10354889                   /usr/lib/x86_64-linux-gnu/libnghttp2.so.14.20.1
7f3d6d626000-7f3d6d627000 r--p 00000000 08:02 10355584                   /usr/lib/x86_64-linux-gnu/libdeflate.so.0
7f3d6d627000-7f3d6d643000 r-xp 00001000 08:02 10355584                   /usr/lib/x86_64-linux-gnu/libdeflate.so.0
7f3d6d643000-7f3d6d647000 r--p 0001d000 08:02 10355584                   /usr/lib/x86_64-linux-gnu/libdeflate.so.0
7f3d6d647000-7f3d6d648000 ---p 00021000 08:02 10355584                   /usr/lib/x86_64-linux-gnu/libdeflate.so.0
7f3d6d648000-7f3d6d649000 r--p 00021000 08:02 10355584                   /usr/lib/x86_64-linux-gnu/libdeflate.so.0
7f3d6d649000-7f3d6d64a000 rw-p 00022000 08:02 10355584                   /usr/lib/x86_64-linux-gnu/libdeflate.so.0
7f3d6d64a000-7f3d6d652000 r--p 00000000 08:02 10358811                   /usr/lib/x86_64-linux-gnu/libtiff.so.5.7.0
7f3d6d652000-7f3d6d69a000 r-xp 00008000 08:02 10358811                   /usr/lib/x86_64-linux-gnu/libtiff.so.5.7.0
7f3d6d69a000-7f3d6d6ca000 r--p 00050000 08:02 10358811                   /usr/lib/x86_64-linux-gnu/libtiff.so.5.7.0
7f3d6d6ca000-7f3d6d6cf000 r--p 0007f000 08:02 10358811                   /usr/lib/x86_64-linux-gnu/libtiff.so.5.7.0
7f3d6d6cf000-7f3d6d6d0000 rw-p 00084000 08:02 10358811                   /usr/lib/x86_64-linux-gnu/libtiff.so.5.7.0
7f3d6d6d0000-7f3d6d8c0000 rw-p 00000000 00:00 0 
7f3d6d8c0000-7f3d6f560000 ---p 00000000 00:00 0 
7f3d6f560000-7f3d6f758000 rw-p 00000000 00:00 0 
7f3d6f758000-7f3d713f8000 ---p 00000000 00:00 0 
7f3d713f8000-7f3d71400000 rw-p 00000000 00:00 0 
7f3d71400000-7f3d71670000 rwxp 00000000 00:00 0 
7f3d71670000-7f3d78937000 ---p 00000000 00:00 0 
7f3d78937000-7f3d78ba7000 rwxp 00000000 00:00 0 
7f3d78ba7000-7f3d78ec8000 ---p 00000000 00:00 0 
7f3d78ec8000-7f3d79138000 rwxp 00000000 00:00 0 
7f3d79138000-7f3d80400000 ---p 00000000 00:00 0 
7f3d80400000-7f3d87e43000 r--s 00000000 08:02 10491594                   /usr/lib/jvm/java-17-openjdk-amd64/lib/modules
7f3d87e43000-7f3d87e45000 r--p 00000000 08:02 10355587                   /usr/lib/x86_64-linux-gnu/libjbig.so.0
7f3d87e45000-7f3d87e4e000 r-xp 00002000 08:02 10355587                   /usr/lib/x86_64-linux-gnu/libjbig.so.0
7f3d87e4e000-7f3d87e50000 r--p 0000b000 08:02 10355587                   /usr/lib/x86_64-linux-gnu/libjbig.so.0
7f3d87e50000-7f3d87e51000 r--p 0000c000 08:02 10355587                   /usr/lib/x86_64-linux-gnu/libjbig.so.0
7f3d87e51000-7f3d87e54000 rw-p 0000d000 08:02 10355587                   /usr/lib/x86_64-linux-gnu/libjbig.so.0
7f3d87e54000-7f3d87e57000 r--p 00000000 08:02 10359160                   /usr/lib/x86_64-linux-gnu/liblzma.so.5.2.5
7f3d87e57000-7f3d87e72000 r-xp 00003000 08:02 10359160                   /usr/lib/x86_64-linux-gnu/liblzma.so.5.2.5
7f3d87e72000-7f3d87e7d000 r--p 0001e000 08:02 10359160                   /usr/lib/x86_64-linux-gnu/liblzma.so.5.2.5
7f3d87e7d000-7f3d87e7e000 r--p 00028000 08:02 10359160                   /usr/lib/x86_64-linux-gnu/liblzma.so.5.2.5
7f3d87e7e000-7f3d87e7f000 rw-p 00029000 08:02 10359160                   /usr/lib/x86_64-linux-gnu/liblzma.so.5.2.5
7f3d87e7f000-7f3d87e82000 r--p 00000000 08:02 10360435                   /usr/lib/x86_64-linux-gnu/libgslcblas.so.0.0.0
7f3d87e82000-7f3d87ebb000 r-xp 00003000 08:02 10360435                   /usr/lib/x86_64-linux-gnu/libgslcblas.so.0.0.0
7f3d87ebb000-7f3d87ebf000 r--p 0003c000 08:02 10360435                   /usr/lib/x86_64-linux-gnu/libgslcblas.so.0.0.0
7f3d87ebf000-7f3d87ec0000 r--p 0003f000 08:02 10360435                   /usr/lib/x86_64-linux-gnu/libgslcblas.so.0.0.0
7f3d87ec0000-7f3d87ec1000 rw-p 00040000 08:02 10360435                   /usr/lib/x86_64-linux-gnu/libgslcblas.so.0.0.0
7f3d87ec1000-7f3d87ed0000 r--p 00000000 08:02 10366483                   /usr/lib/x86_64-linux-gnu/libgeos_c.so.1.16.0
7f3d87ed0000-7f3d87ef0000 r-xp 0000f000 08:02 10366483                   /usr/lib/x86_64-linux-gnu/libgeos_c.so.1.16.0
7f3d87ef0000-7f3d87efd000 r--p 0002f000 08:02 10366483                   /usr/lib/x86_64-linux-gnu/libgeos_c.so.1.16.0
7f3d87efd000-7f3d87efe000 ---p 0003c000 08:02 10366483                   /usr/lib/x86_64-linux-gnu/libgeos_c.so.1.16.0
7f3d87efe000-7f3d87eff000 r--p 0003c000 08:02 10366483                   /usr/lib/x86_64-linux-gnu/libgeos_c.so.1.16.0
7f3d87eff000-7f3d87f00000 rw-p 0003d000 08:02 10366483                   /usr/lib/x86_64-linux-gnu/libgeos_c.so.1.16.0
7f3d87f00000-7f3d87f04000 ---p 00000000 00:00 0 
7f3d87f04000-7f3d88000000 rw-p 00000000 00:00 0 
7f3d88000000-7f3d8853c000 rw-p 00000000 00:00 0 
7f3d8853c000-7f3d8c000000 ---p 00000000 00:00 0 
7f3d8c000000-7f3d8c001000 r--p 00000000 08:02 10355683                   /usr/lib/x86_64-linux-gnu/libbrotlidec.so.1.0.9
7f3d8c001000-7f3d8c009000 r-xp 00001000 08:02 10355683                   /usr/lib/x86_64-linux-gnu/libbrotlidec.so.1.0.9
7f3d8c009000-7f3d8c00c000 r--p 00009000 08:02 10355683                   /usr/lib/x86_64-linux-gnu/libbrotlidec.so.1.0.9
7f3d8c00c000-7f3d8c00d000 r--p 0000b000 08:02 10355683                   /usr/lib/x86_64-linux-gnu/libbrotlidec.so.1.0.9
7f3d8c00d000-7f3d8c00e000 rw-p 0000c000 08:02 10355683                   /usr/lib/x86_64-linux-gnu/libbrotlidec.so.1.0.9
7f3d8c00e000-7f3d8c012000 r--p 00000000 08:02 10355662                   /usr/lib/x86_64-linux-gnu/libjson-c.so.5.1.0
7f3d8c012000-7f3d8c01b000 r-xp 00004000 08:02 10355662                   /usr/lib/x86_64-linux-gnu/libjson-c.so.5.1.0
7f3d8c01b000-7f3d8c01e000 r--p 0000d000 08:02 10355662                   /usr/lib/x86_64-linux-gnu/libjson-c.so.5.1.0
7f3d8c01e000-7f3d8c01f000 ---p 00010000 08:02 10355662                   /usr/lib/x86_64-linux-gnu/libjson-c.so.5.1.0
7f3d8c01f000-7f3d8c020000 r--p 00010000 08:02 10355662                   /usr/lib/x86_64-linux-gnu/libjson-c.so.5.1.0
7f3d8c020000-7f3d8c021000 rw-p 00011000 08:02 10355662                   /usr/lib/x86_64-linux-gnu/libjson-c.so.5.1.0
7f3d8c037000-7f3d8c05c000 r--p 00000000 08:02 12591460                   /usr/share/locale-langpack/fr/LC_MESSAGES/libc.mo
7f3d8c05c000-7f3d8c060000 r--p 00000000 08:02 10491590                   /usr/lib/jvm/java-17-openjdk-amd64/lib/libverify.so
7f3d8c060000-7f3d8c067000 r-xp 00004000 08:02 10491590                   /usr/lib/jvm/java-17-openjdk-amd64/lib/libverify.so
7f3d8c067000-7f3d8c069000 r--p 0000b000 08:02 10491590                   /usr/lib/jvm/java-17-openjdk-amd64/lib/libverify.so
7f3d8c069000-7f3d8c06b000 r--p 0000c000 08:02 10491590                   /usr/lib/jvm/java-17-openjdk-amd64/lib/libverify.so
7f3d8c06b000-7f3d8c06c000 rw-p 0000e000 08:02 10491590                   /usr/lib/jvm/java-17-openjdk-amd64/lib/libverify.so
7f3d8c06c000-7f3d8c070000 r--p 00000000 08:02 10491576                   /usr/lib/jvm/java-17-openjdk-amd64/lib/libnet.so
7f3d8c070000-7f3d8c07e000 r-xp 00004000 08:02 10491576                   /usr/lib/jvm/java-17-openjdk-amd64/lib/libnet.so
7f3d8c07e000-7f3d8c082000 r--p 00012000 08:02 10491576                   /usr/lib/jvm/java-17-openjdk-amd64/lib/libnet.so
7f3d8c082000-7f3d8c083000 r--p 00015000 08:02 10491576                   /usr/lib/jvm/java-17-openjdk-amd64/lib/libnet.so
7f3d8c083000-7f3d8c084000 rw-p 00016000 08:02 10491576                   /usr/lib/jvm/java-17-openjdk-amd64/lib/libnet.so
7f3d8c084000-7f3d8c08a000 r--p 00000000 08:02 10491578                   /usr/lib/jvm/java-17-openjdk-amd64/lib/libnio.so
7f3d8c08a000-7f3d8c093000 r-xp 00006000 08:02 10491578                   /usr/lib/jvm/java-17-openjdk-amd64/lib/libnio.so
7f3d8c093000-7f3d8c097000 r--p 0000f000 08:02 10491578                   /usr/lib/jvm/java-17-openjdk-amd64/lib/libnio.so
7f3d8c097000-7f3d8c098000 ---p 00013000 08:02 10491578                   /usr/lib/jvm/java-17-openjdk-amd64/lib/libnio.so
7f3d8c098000-7f3d8c099000 r--p 00013000 08:02 10491578                   /usr/lib/jvm/java-17-openjdk-amd64/lib/libnio.so
7f3d8c099000-7f3d8c09a000 rw-p 00014000 08:02 10491578                   /usr/lib/jvm/java-17-openjdk-amd64/lib/libnio.so
7f3d8c09a000-7f3d8c09e000 ---p 00000000 00:00 0 
7f3d8c09e000-7f3d8c19a000 rw-p 00000000 00:00 0 
7f3d8c19a000-7f3d8c19e000 ---p 00000000 00:00 0 
7f3d8c19e000-7f3d8c29a000 rw-p 00000000 00:00 0 
7f3d8c29a000-7f3d8c29e000 ---p 00000000 00:00 0 
7f3d8c29e000-7f3d8c39a000 rw-p 00000000 00:00 0 
7f3d8c39a000-7f3d8c39e000 ---p 00000000 00:00 0 
7f3d8c39e000-7f3d8c49a000 rw-p 00000000 00:00 0 
7f3d8c49a000-7f3d8c49e000 ---p 00000000 00:00 0 
7f3d8c49e000-7f3d8c59a000 rw-p 00000000 00:00 0 
7f3d8c59a000-7f3d8c59e000 ---p 00000000 00:00 0 
7f3d8c59e000-7f3d8c69a000 rw-p 00000000 00:00 0 
7f3d8c69a000-7f3d8c69b000 ---p 00000000 00:00 0 
7f3d8c69b000-7f3d8c79c000 rw-p 00000000 00:00 0 
7f3d8c79c000-7f3d8c7a1000 r--p 00000000 08:02 10491564                   /usr/lib/jvm/java-17-openjdk-amd64/lib/libjsvml.so
7f3d8c7a1000-7f3d8c7e2000 r-xp 00005000 08:02 10491564                   /usr/lib/jvm/java-17-openjdk-amd64/lib/libjsvml.so
7f3d8c7e2000-7f3d8c86b000 r--p 00046000 08:02 10491564                   /usr/lib/jvm/java-17-openjdk-amd64/lib/libjsvml.so
7f3d8c86b000-7f3d8c86c000 r--p 000ce000 08:02 10491564                   /usr/lib/jvm/java-17-openjdk-amd64/lib/libjsvml.so
7f3d8c86c000-7f3d8c86d000 rw-p 000cf000 08:02 10491564                   /usr/lib/jvm/java-17-openjdk-amd64/lib/libjsvml.so
7f3d8c86d000-7f3d8c98a000 rw-p 00000000 00:00 0 
7f3d8c98a000-7f3d8c98b000 ---p 00000000 00:00 0 
7f3d8c98b000-7f3d8ca8c000 rw-p 00000000 00:00 0 
7f3d8ca8c000-7f3d8ca8d000 ---p 00000000 00:00 0 
7f3d8ca8d000-7f3d8cf92000 rw-p 00000000 00:00 0 
7f3d8cf92000-7f3d8cf93000 ---p 00000000 00:00 0 
7f3d8cf93000-7f3d8d094000 rw-p 00000000 00:00 0 
7f3d8d094000-7f3d8d095000 ---p 00000000 00:00 0 
7f3d8d095000-7f3d8d196000 rw-p 00000000 00:00 0 
7f3d8d196000-7f3d8d197000 ---p 00000000 00:00 0 
7f3d8d197000-7f3d8d2d6000 rw-p 00000000 00:00 0 
7f3d8d2d6000-7f3d8d66a000 ---p 00000000 00:00 0 
7f3d8d66a000-7f3d8d6a9000 rw-p 00000000 00:00 0 
7f3d8d6a9000-7f3d8da3d000 ---p 00000000 00:00 0 
7f3d8da3d000-7f3d8da7c000 rw-p 00000000 00:00 0 
7f3d8da7c000-7f3d8de10000 ---p 00000000 00:00 0 
7f3d8de10000-7f3d8e21a000 rw-p 00000000 00:00 0 
7f3d8e21a000-7f3d8e300000 ---p 00000000 00:00 0 
7f3d8e300000-7f3d8e304000 ---p 00000000 00:00 0 
7f3d8e304000-7f3d8e400000 rw-p 00000000 00:00 0 
7f3d8e400000-7f3d8e49a000 r--p 00000000 08:02 10354705                   /usr/lib/x86_64-linux-gnu/libstdc++.so.6.0.30
7f3d8e49a000-7f3d8e5aa000 r-xp 0009a000 08:02 10354705                   /usr/lib/x86_64-linux-gnu/libstdc++.so.6.0.30
7f3d8e5aa000-7f3d8e619000 r--p 001aa000 08:02 10354705                   /usr/lib/x86_64-linux-gnu/libstdc++.so.6.0.30
7f3d8e619000-7f3d8e624000 r--p 00218000 08:02 10354705                   /usr/lib/x86_64-linux-gnu/libstdc++.so.6.0.30
7f3d8e624000-7f3d8e627000 rw-p 00223000 08:02 10354705                   /usr/lib/x86_64-linux-gnu/libstdc++.so.6.0.30
7f3d8e627000-7f3d8e62a000 rw-p 00000000 00:00 0 
7f3d8e62e000-7f3d8e633000 rw-p 00000000 00:00 0 
7f3d8e633000-7f3d8e719000 ---p 00000000 00:00 0 
7f3d8e719000-7f3d8e727000 r--p 00000000 08:02 10365361                   /usr/lib/x86_64-linux-gnu/libm.so.6
7f3d8e727000-7f3d8e7a3000 r-xp 0000e000 08:02 10365361                   /usr/lib/x86_64-linux-gnu/libm.so.6
7f3d8e7a3000-7f3d8e7fe000 r--p 0008a000 08:02 10365361                   /usr/lib/x86_64-linux-gnu/libm.so.6
7f3d8e7fe000-7f3d8e7ff000 r--p 000e4000 08:02 10365361                   /usr/lib/x86_64-linux-gnu/libm.so.6
7f3d8e7ff000-7f3d8e800000 rw-p 000e5000 08:02 10365361                   /usr/lib/x86_64-linux-gnu/libm.so.6
7f3d8e800000-7f3d8ea50000 r--p 00000000 08:02 10491606                   /usr/lib/jvm/java-17-openjdk-amd64/lib/server/libjvm.so
7f3d8ea50000-7f3d8f7d4000 r-xp 00250000 08:02 10491606                   /usr/lib/jvm/java-17-openjdk-amd64/lib/server/libjvm.so
7f3d8f7d4000-7f3d8fa57000 r--p 00fd4000 08:02 10491606                   /usr/lib/jvm/java-17-openjdk-amd64/lib/server/libjvm.so
7f3d8fa57000-7f3d8fb0f000 r--p 01256000 08:02 10491606                   /usr/lib/jvm/java-17-openjdk-amd64/lib/server/libjvm.so
7f3d8fb0f000-7f3d8fb44000 rw-p 0130e000 08:02 10491606                   /usr/lib/jvm/java-17-openjdk-amd64/lib/server/libjvm.so
7f3d8fb44000-7f3d8fb9e000 rw-p 00000000 00:00 0 
7f3d8fba0000-7f3d8fba7000 r--s 00000000 08:02 11013395                   /usr/lib/x86_64-linux-gnu/gconv/gconv-modules.cache
7f3d8fba7000-7f3d8fba9000 r--p 00000000 08:02 10491592                   /usr/lib/jvm/java-17-openjdk-amd64/lib/libzip.so
7f3d8fba9000-7f3d8fbae000 r-xp 00002000 08:02 10491592                   /usr/lib/jvm/java-17-openjdk-amd64/lib/libzip.so
7f3d8fbae000-7f3d8fbb0000 r--p 00007000 08:02 10491592                   /usr/lib/jvm/java-17-openjdk-amd64/lib/libzip.so
7f3d8fbb0000-7f3d8fbb1000 r--p 00008000 08:02 10491592                   /usr/lib/jvm/java-17-openjdk-amd64/lib/libzip.so
7f3d8fbb1000-7f3d8fbb2000 rw-p 00009000 08:02 10491592                   /usr/lib/jvm/java-17-openjdk-amd64/lib/libzip.so
7f3d8fbb2000-7f3d8fbf9000 rw-p 00000000 00:00 0 
7f3d8fbf9000-7f3d8fc00000 ---p 00000000 00:00 0 
7f3d8fc00000-7f3d8fc28000 r--p 00000000 08:02 10365356                   /usr/lib/x86_64-linux-gnu/libc.so.6
7f3d8fc28000-7f3d8fdbd000 r-xp 00028000 08:02 10365356                   /usr/lib/x86_64-linux-gnu/libc.so.6
7f3d8fdbd000-7f3d8fe15000 r--p 001bd000 08:02 10365356                   /usr/lib/x86_64-linux-gnu/libc.so.6
7f3d8fe15000-7f3d8fe19000 r--p 00214000 08:02 10365356                   /usr/lib/x86_64-linux-gnu/libc.so.6
7f3d8fe19000-7f3d8fe1b000 rw-p 00218000 08:02 10365356                   /usr/lib/x86_64-linux-gnu/libc.so.6
7f3d8fe1b000-7f3d8fe28000 rw-p 00000000 00:00 0 
7f3d8fe29000-7f3d8fe2a000 r--p 00000000 08:02 10491501                   /usr/lib/jvm/java-17-openjdk-amd64/lib/libextnet.so
7f3d8fe2a000-7f3d8fe2b000 r-xp 00001000 08:02 10491501                   /usr/lib/jvm/java-17-openjdk-amd64/lib/libextnet.so
7f3d8fe2b000-7f3d8fe2c000 r--p 00002000 08:02 10491501                   /usr/lib/jvm/java-17-openjdk-amd64/lib/libextnet.so
7f3d8fe2c000-7f3d8fe2d000 r--p 00002000 08:02 10491501                   /usr/lib/jvm/java-17-openjdk-amd64/lib/libextnet.so
7f3d8fe2d000-7f3d8fe2e000 rw-p 00003000 08:02 10491501                   /usr/lib/jvm/java-17-openjdk-amd64/lib/libextnet.so
7f3d8fe2e000-7f3d8fe3a000 r--p 00000000 08:02 10491515                   /usr/lib/jvm/java-17-openjdk-amd64/lib/libjava.so
7f3d8fe3a000-7f3d8fe4d000 r-xp 0000c000 08:02 10491515                   /usr/lib/jvm/java-17-openjdk-amd64/lib/libjava.so
7f3d8fe4d000-7f3d8fe53000 r--p 0001f000 08:02 10491515                   /usr/lib/jvm/java-17-openjdk-amd64/lib/libjava.so
7f3d8fe53000-7f3d8fe54000 r--p 00024000 08:02 10491515                   /usr/lib/jvm/java-17-openjdk-amd64/lib/libjava.so
7f3d8fe54000-7f3d8fe55000 rw-p 00025000 08:02 10491515                   /usr/lib/jvm/java-17-openjdk-amd64/lib/libjava.so
7f3d8fe55000-7f3d8fe56000 rw-p 00000000 00:00 0 
7f3d8fe56000-7f3d8fe57000 r--p 00000000 08:02 10491505                   /usr/lib/jvm/java-17-openjdk-amd64/lib/libinstrument.so
7f3d8fe57000-7f3d8fe5d000 r-xp 00001000 08:02 10491505                   /usr/lib/jvm/java-17-openjdk-amd64/lib/libinstrument.so
7f3d8fe5d000-7f3d8fe60000 r--p 00007000 08:02 10491505                   /usr/lib/jvm/java-17-openjdk-amd64/lib/libinstrument.so
7f3d8fe60000-7f3d8fe61000 r--p 00009000 08:02 10491505                   /usr/lib/jvm/java-17-openjdk-amd64/lib/libinstrument.so
7f3d8fe61000-7f3d8fe62000 rw-p 0000a000 08:02 10491505                   /usr/lib/jvm/java-17-openjdk-amd64/lib/libinstrument.so
7f3d8fe62000-7f3d8fe65000 r--p 00000000 08:02 10354703                   /usr/lib/x86_64-linux-gnu/libgcc_s.so.1
7f3d8fe65000-7f3d8fe7c000 r-xp 00003000 08:02 10354703                   /usr/lib/x86_64-linux-gnu/libgcc_s.so.1
7f3d8fe7c000-7f3d8fe80000 r--p 0001a000 08:02 10354703                   /usr/lib/x86_64-linux-gnu/libgcc_s.so.1
7f3d8fe80000-7f3d8fe81000 r--p 0001d000 08:02 10354703                   /usr/lib/x86_64-linux-gnu/libgcc_s.so.1
7f3d8fe81000-7f3d8fe82000 rw-p 0001e000 08:02 10354703                   /usr/lib/x86_64-linux-gnu/libgcc_s.so.1
7f3d8fe82000-7f3d8fe85000 rw-p 00000000 00:00 0 
7f3d8fe85000-7f3d8fe87000 r--p 00000000 08:02 10354880                   /usr/lib/x86_64-linux-gnu/libz.so.1.2.11
7f3d8fe87000-7f3d8fe98000 r-xp 00002000 08:02 10354880                   /usr/lib/x86_64-linux-gnu/libz.so.1.2.11
7f3d8fe98000-7f3d8fe9e000 r--p 00013000 08:02 10354880                   /usr/lib/x86_64-linux-gnu/libz.so.1.2.11
7f3d8fe9e000-7f3d8fe9f000 ---p 00019000 08:02 10354880                   /usr/lib/x86_64-linux-gnu/libz.so.1.2.11
7f3d8fe9f000-7f3d8fea0000 r--p 00019000 08:02 10354880                   /usr/lib/x86_64-linux-gnu/libz.so.1.2.11
7f3d8fea0000-7f3d8fea1000 rw-p 0001a000 08:02 10354880                   /usr/lib/x86_64-linux-gnu/libz.so.1.2.11
7f3d8fea3000-7f3d8fea4000 r-xp 00000000 00:00 0 
7f3d8fea4000-7f3d8feac000 rw-s 00000000 08:02 1971795                    /tmp/hsperfdata_nidhal/236762
7f3d8feac000-7f3d8fead000 ---p 00000000 00:00 0 
7f3d8fead000-7f3d8feae000 r--p 00000000 00:00 0 
7f3d8feae000-7f3d8feb0000 r--p 00000000 08:02 10491521                   /usr/lib/jvm/java-17-openjdk-amd64/lib/libjimage.so
7f3d8feb0000-7f3d8feb3000 r-xp 00002000 08:02 10491521                   /usr/lib/jvm/java-17-openjdk-amd64/lib/libjimage.so
7f3d8feb3000-7f3d8feb4000 r--p 00005000 08:02 10491521                   /usr/lib/jvm/java-17-openjdk-amd64/lib/libjimage.so
7f3d8feb4000-7f3d8feb5000 ---p 00006000 08:02 10491521                   /usr/lib/jvm/java-17-openjdk-amd64/lib/libjimage.so
7f3d8feb5000-7f3d8feb6000 r--p 00006000 08:02 10491521                   /usr/lib/jvm/java-17-openjdk-amd64/lib/libjimage.so
7f3d8feb6000-7f3d8feb7000 rw-p 00007000 08:02 10491521                   /usr/lib/jvm/java-17-openjdk-amd64/lib/libjimage.so
7f3d8feb7000-7f3d8feb9000 r--p 00000000 08:02 10491523                   /usr/lib/jvm/java-17-openjdk-amd64/lib/libjli.so
7f3d8feb9000-7f3d8fec3000 r-xp 00002000 08:02 10491523                   /usr/lib/jvm/java-17-openjdk-amd64/lib/libjli.so
7f3d8fec3000-7f3d8fec6000 r--p 0000c000 08:02 10491523                   /usr/lib/jvm/java-17-openjdk-amd64/lib/libjli.so
7f3d8fec6000-7f3d8fec7000 r--p 0000e000 08:02 10491523                   /usr/lib/jvm/java-17-openjdk-amd64/lib/libjli.so
7f3d8fec7000-7f3d8fec8000 rw-p 0000f000 08:02 10491523                   /usr/lib/jvm/java-17-openjdk-amd64/lib/libjli.so
7f3d8fec8000-7f3d8feca000 rw-p 00000000 00:00 0 
7f3d8feca000-7f3d8fecc000 r--p 00000000 08:02 10356375                   /usr/lib/x86_64-linux-gnu/ld-linux-x86-64.so.2
7f3d8fecc000-7f3d8fef6000 r-xp 00002000 08:02 10356375                   /usr/lib/x86_64-linux-gnu/ld-linux-x86-64.so.2
7f3d8fef6000-7f3d8ff01000 r--p 0002c000 08:02 10356375                   /usr/lib/x86_64-linux-gnu/ld-linux-x86-64.so.2
7f3d8ff01000-7f3d8ff02000 ---p 00000000 00:00 0 
7f3d8ff02000-7f3d8ff04000 r--p 00037000 08:02 10356375                   /usr/lib/x86_64-linux-gnu/ld-linux-x86-64.so.2
7f3d8ff04000-7f3d8ff06000 rw-p 00039000 08:02 10356375                   /usr/lib/x86_64-linux-gnu/ld-linux-x86-64.so.2
7ffff3173000-7ffff3195000 rw-p 00000000 00:00 0                          [stack]
7ffff31c3000-7ffff31c7000 r--p 00000000 00:00 0                          [vvar]
7ffff31c7000-7ffff31c9000 r-xp 00000000 00:00 0                          [vdso]
ffffffffff600000-ffffffffff601000 --xp 00000000 00:00 0                  [vsyscall]


VM Arguments:
jvm_args: -javaagent:/snap/intellij-idea-ultimate/437/lib/idea_rt.jar=39261:/snap/intellij-idea-ultimate/437/bin -Dfile.encoding=UTF-8 
java_command: tutorials.reading
java_class_path (initial): /home/nidhal/IdeaProjects/JMEOS/target/classes:/home/nidhal/.m2/repository/com/github/jnr/jnr-ffi/2.2.11/jnr-ffi-2.2.11.jar:/home/nidhal/.m2/repository/com/github/jnr/jffi/1.3.9/jffi-1.3.9.jar:/home/nidhal/.m2/repository/com/github/jnr/jffi/1.3.9/jffi-1.3.9-native.jar:/home/nidhal/.m2/repository/org/ow2/asm/asm/9.2/asm-9.2.jar:/home/nidhal/.m2/repository/org/ow2/asm/asm-commons/9.2/asm-commons-9.2.jar:/home/nidhal/.m2/repository/org/ow2/asm/asm-analysis/9.2/asm-analysis-9.2.jar:/home/nidhal/.m2/repository/org/ow2/asm/asm-tree/9.2/asm-tree-9.2.jar:/home/nidhal/.m2/repository/org/ow2/asm/asm-util/9.2/asm-util-9.2.jar:/home/nidhal/.m2/repository/com/github/jnr/jnr-a64asm/1.0.0/jnr-a64asm-1.0.0.jar:/home/nidhal/.m2/repository/com/github/jnr/jnr-x86asm/1.0.2/jnr-x86asm-1.0.2.jar:/home/nidhal/.m2/repository/org/hibernate/orm/hibernate-core/6.2.2.Final/hibernate-core-6.2.2.Final.jar:/home/nidhal/.m2/repository/jakarta/persistence/jakarta.persistence-api/3.1.0/jakarta.persistence-api-3.1.0.jar:/home/nidhal/.m2/repository/jakarta/transaction/jakarta.transaction-api/2.0.1/jakarta.transaction-api-2.0.1.jar:/home/nidhal/.m2/repository/org/jboss/logging/jboss-logging/3.5.0.Final/jboss-logging-3.5.0.Final.jar:/home/nidhal/.m2/repository/org/hibernate/common/hibernate-commons-annotations/6.0.6.Final/hibernate-commons-annotations-6.0.6.Final.jar:/home/nidhal/.m2/repository/io/smallrye/jandex/3.0.5/jandex-3.0.5.jar:/home/nidhal/.m2/repository/com/fasterxml/classmate/1.5.1/classmate-1.5.1.jar:/home/nidhal/.m2/repository/net/bytebuddy/byte-buddy/1.12.18/byte-buddy-1.12.18.jar:/home/nidhal/.m2/repository/jakarta/xml/bind/jakarta.xml.bind-api/4.0.0/jakarta.xml.bind-api-4.0.0.jar:/home/nidhal/.m2/repository/jakarta/activation/jakarta.activation-api/2.1.0/jakarta.activation-api-2.1.0.jar:/home/nidhal/.m2/repository/org/glassfish/jaxb/jaxb-runtime/4.0.2/jaxb-runtime-4.0.2.jar:/home/nidhal/.m2/repository/org/glassfish/jaxb/jaxb-core/4.0.2/jaxb-core-4.0.2.jar:/ho
Launcher Type: SUN_STANDARD

[Global flags]
     intx CICompilerCount                          = 3                                         {product} {ergonomic}
     uint ConcGCThreads                            = 1                                         {product} {ergonomic}
     uint G1ConcRefinementThreads                  = 4                                         {product} {ergonomic}
   size_t G1HeapRegionSize                         = 1048576                                   {product} {ergonomic}
    uintx GCDrainStackTargetSize                   = 64                                        {product} {ergonomic}
   size_t InitialHeapSize                          = 130023424                                 {product} {ergonomic}
   size_t MarkStackSize                            = 4194304                                   {product} {ergonomic}
   size_t MaxHeapSize                              = 2053111808                                {product} {ergonomic}
   size_t MaxNewSize                               = 1231028224                                {product} {ergonomic}
   size_t MinHeapDeltaBytes                        = 1048576                                   {product} {ergonomic}
   size_t MinHeapSize                              = 8388608                                   {product} {ergonomic}
    uintx NonNMethodCodeHeapSize                   = 5832780                                {pd product} {ergonomic}
    uintx NonProfiledCodeHeapSize                  = 122912730                              {pd product} {ergonomic}
    uintx ProfiledCodeHeapSize                     = 122912730                              {pd product} {ergonomic}
    uintx ReservedCodeCacheSize                    = 251658240                              {pd product} {ergonomic}
     bool SegmentedCodeCache                       = true                                      {product} {ergonomic}
   size_t SoftMaxHeapSize                          = 2053111808                             {manageable} {ergonomic}
     bool UseCompressedClassPointers               = true                           {product lp64_product} {ergonomic}
     bool UseCompressedOops                        = true                           {product lp64_product} {ergonomic}
     bool UseG1GC                                  = true                                      {product} {ergonomic}

Logging:
Log output configuration:
 #0: stdout all=warning uptime,level,tags
 #1: stderr all=off uptime,level,tags

Environment Variables:
JAVA_HOME=/opt/jdk-13.0.2
PATH=/home/nidhal/.local/bin:/usr/local/sbin:/usr/local/bin:/usr/sbin:/usr/bin:/sbin:/bin:/usr/games:/usr/local/games:/snap/bin:/snap/bin/opt/jdk-13.0.2/bin
USERNAME=nidhal
SHELL=/bin/bash
DISPLAY=:0
LANG=fr_FR.UTF-8

Active Locale:
LC_ALL=fr_FR.UTF-8
LC_COLLATE=fr_FR.UTF-8
LC_CTYPE=fr_FR.UTF-8
LC_MESSAGES=fr_FR.UTF-8
LC_MONETARY=fr_FR.UTF-8
LC_NUMERIC=fr_FR.UTF-8
LC_TIME=fr_FR.UTF-8

Signal Handlers:
   SIGSEGV: crash_handler in libjvm.so, mask=11100100010111111101111111111110, flags=SA_RESTART|SA_SIGINFO, unblocked
    SIGBUS: crash_handler in libjvm.so, mask=11100100010111111101111111111110, flags=SA_RESTART|SA_SIGINFO, unblocked
    SIGFPE: crash_handler in libjvm.so, mask=11100100010111111101111111111110, flags=SA_RESTART|SA_SIGINFO, unblocked
   SIGPIPE: javaSignalHandler in libjvm.so, mask=11100100010111111101111111111110, flags=SA_RESTART|SA_SIGINFO, blocked
   SIGXFSZ: javaSignalHandler in libjvm.so, mask=11100100010111111101111111111110, flags=SA_RESTART|SA_SIGINFO, blocked
    SIGILL: crash_handler in libjvm.so, mask=11100100010111111101111111111110, flags=SA_RESTART|SA_SIGINFO, unblocked
   SIGUSR2: SR_handler in libjvm.so, mask=00100000000000000000000000000000, flags=SA_RESTART|SA_SIGINFO, blocked
    SIGHUP: UserHandler in libjvm.so, mask=11100100010111111101111111111110, flags=SA_RESTART|SA_SIGINFO, blocked
    SIGINT: UserHandler in libjvm.so, mask=11100100010111111101111111111110, flags=SA_RESTART|SA_SIGINFO, blocked
   SIGTERM: UserHandler in libjvm.so, mask=11100100010111111101111111111110, flags=SA_RESTART|SA_SIGINFO, blocked
   SIGQUIT: UserHandler in libjvm.so, mask=11100100010111111101111111111110, flags=SA_RESTART|SA_SIGINFO, blocked
   SIGTRAP: crash_handler in libjvm.so, mask=11100100010111111101111111111110, flags=SA_RESTART|SA_SIGINFO, unblocked


---------------  S Y S T E M  ---------------

OS:
DISTRIB_ID=Ubuntu
DISTRIB_RELEASE=22.04
DISTRIB_CODENAME=jammy
DISTRIB_DESCRIPTION="Ubuntu 22.04.2 LTS"
uname: Linux 5.19.0-45-generic #46~22.04.1-Ubuntu SMP PREEMPT_DYNAMIC Wed Jun 7 15:06:04 UTC 20 x86_64
OS uptime: 2 days 21:20 hours
libc: glibc 2.35 NPTL 2.35 
rlimit (soft/hard): STACK 8192k/infinity , CORE 0k/infinity , NPROC 31003/31003 , NOFILE 1048576/1048576 , AS infinity/infinity , CPU infinity/infinity , DATA infinity/infinity , FSIZE infinity/infinity , MEMLOCK 1002084k/1002084k
load average: 6,17 4,88 4,76

/proc/meminfo:
MemTotal:        8016676 kB
MemFree:          282172 kB
MemAvailable:    3518492 kB
Buffers:          240212 kB
Cached:          3193092 kB
SwapCached:         3924 kB
Active:          1814608 kB
Inactive:        5150408 kB
Active(anon):     109632 kB
Inactive(anon):  3662424 kB
Active(file):    1704976 kB
Inactive(file):  1487984 kB
Unevictable:       42456 kB
Mlocked:              16 kB
SwapTotal:       2097148 kB
SwapFree:        2049152 kB
Zswap:                 0 kB
Zswapped:              0 kB
Dirty:              2896 kB
Writeback:             0 kB
AnonPages:       3570564 kB
Mapped:          1303696 kB
Shmem:            254744 kB
KReclaimable:     348716 kB
Slab:             572788 kB
SReclaimable:     348716 kB
SUnreclaim:       224072 kB
KernelStack:       16608 kB
PageTables:        34848 kB
NFS_Unstable:          0 kB
Bounce:                0 kB
WritebackTmp:          0 kB
CommitLimit:     6105484 kB
Committed_AS:   10141784 kB
VmallocTotal:   34359738367 kB
VmallocUsed:       72428 kB
VmallocChunk:          0 kB
Percpu:             6304 kB
HardwareCorrupted:     0 kB
AnonHugePages:         0 kB
ShmemHugePages:        0 kB
ShmemPmdMapped:        0 kB
FileHugePages:         0 kB
FilePmdMapped:         0 kB
HugePages_Total:       0
HugePages_Free:        0
HugePages_Rsvd:        0
HugePages_Surp:        0
Hugepagesize:       2048 kB
Hugetlb:               0 kB
DirectMap4k:      481048 kB
DirectMap2M:     6748160 kB
DirectMap1G:     1048576 kB

/sys/kernel/mm/transparent_hugepage/enabled: always [madvise] never
/sys/kernel/mm/transparent_hugepage/defrag (defrag/compaction efforts parameter): always defer defer+madvise [madvise] never

Process Memory:
Virtual Size: 5227404K (peak: 5227404K)
Resident Set Size: 86164K (peak: 86164K) (anon: 46924K, file: 39240K, shmem: 0K)
Swapped out: 0K
C-Heap outstanding allocations: 23800K, retained: 3072K
glibc malloc tunables: (default)

/proc/sys/kernel/threads-max (system-wide limit on the number of threads): 62007
/proc/sys/vm/max_map_count (maximum number of memory map areas a process may have): 65530
/proc/sys/kernel/pid_max (system-wide limit on number of process identifiers): 4194304

container (cgroup) information:
container_type: cgroupv2
cpu_cpuset_cpus: not supported
cpu_memory_nodes: not supported
active_processor_count: 4
cpu_quota: not supported
cpu_period: not supported
cpu_shares: not supported
memory_limit_in_bytes: unlimited
memory_and_swap_limit_in_bytes: unlimited
memory_soft_limit_in_bytes: unlimited
memory_usage_in_bytes: 2957600 k
memory_max_usage_in_bytes: not supported
memory_swap_current_in_bytes: unlimited
memory_swap_max_limit_in_bytes: unlimited
maximum number of tasks: 9301
current number of tasks: 168

Steal ticks since vm start: 0
Steal ticks percentage since vm start:  0,000

CPU: total 4 (initial active 4) (2 cores per cpu, 2 threads per core) family 6 model 78 stepping 3 microcode 0xf0, cx8, cmov, fxsr, ht, mmx, 3dnowpref, sse, sse2, sse3, ssse3, sse4.1, sse4.2, popcnt, lzcnt, tsc, tscinvbit, avx, avx2, aes, erms, clmul, bmi1, bmi2, adx, fma, vzeroupper, clflush, clflushopt
CPU Model and flags from /proc/cpuinfo:
model name	: Intel(R) Core(TM) i3-6100U CPU @ 2.30GHz
flags		: fpu vme de pse tsc msr pae mce cx8 apic sep mtrr pge mca cmov pat pse36 clflush dts acpi mmx fxsr sse sse2 ss ht tm pbe syscall nx pdpe1gb rdtscp lm constant_tsc art arch_perfmon pebs bts rep_good nopl xtopology nonstop_tsc cpuid aperfmperf pni pclmulqdq dtes64 monitor ds_cpl est tm2 ssse3 sdbg fma cx16 xtpr pdcm pcid sse4_1 sse4_2 x2apic movbe popcnt tsc_deadline_timer aes xsave avx f16c rdrand lahf_lm abm 3dnowprefetch cpuid_fault epb invpcid_single pti ssbd ibrs ibpb stibp fsgsbase tsc_adjust bmi1 avx2 smep bmi2 erms invpcid mpx rdseed adx smap clflushopt intel_pt xsaveopt xsavec xgetbv1 xsaves dtherm ida arat pln pts hwp hwp_notify hwp_act_window hwp_epp md_clear flush_l1d arch_capabilities

Online cpus: 0-3
Offline cpus: 
BIOS frequency limitation: <Not Available>
Frequency switch latency (ns): 0
Available cpu frequencies: <Not Available>
Current governor: powersave
Core performance/turbo boost: <Not Available>

Memory: 4k page, physical 8016676k(282172k free), swap 2097148k(2049152k free)
Page Sizes: 4k

vm_info: OpenJDK 64-Bit Server VM (17.0.7+7-Ubuntu-0ubuntu122.04.2) for linux-amd64 JRE (17.0.7+7-Ubuntu-0ubuntu122.04.2), built on May 10 2023 04:02:16 by "buildd" with gcc 11.3.0

END.
