#
# A fatal error has been detected by the Java Runtime Environment:
#
#  SIGSEGV (0xb) at pc=0x00007fc975b26979, pid=152100, tid=152101
#
# JRE version: OpenJDK Runtime Environment (17.0.7+7) (build 17.0.7+7-Ubuntu-0ubuntu122.04.2)
# Java VM: OpenJDK 64-Bit Server VM (17.0.7+7-Ubuntu-0ubuntu122.04.2, mixed mode, sharing, tiered, compressed oops, compressed class ptrs, g1 gc, linux-amd64)
# Problematic frame:
# C  [libmeos.so+0xa8979]  pg_next_dst_boundary+0x29
#
# Core dump will be written. Default location: Core dumps may be processed with "/usr/share/apport/apport -p%p -s%s -c%c -d%d -P%P -u%u -g%g -- %E" (or dumping to /home/nidhal/IdeaProjects/JMEOS/core.152100)
#
# If you would like to submit a bug report, please visit:
#   Unknown
# The crash happened outside the Java Virtual Machine in native code.
# See problematic frame for where to report the bug.
#

---------------  S U M M A R Y ------------

Command Line: -javaagent:/snap/intellij-idea-ultimate/430/lib/idea_rt.jar=33967:/snap/intellij-idea-ultimate/430/bin -Dfile.encoding=UTF-8 tutorials.hello_world

Host: Intel(R) Core(TM) i3-6100U CPU @ 2.30GHz, 4 cores, 7G, Ubuntu 22.04.2 LTS
Time: Tue May 30 01:06:40 2023 CEST elapsed time: 1.893647 seconds (0d 0h 0m 1s)

---------------  T H R E A D  ---------------

Current thread (0x00007fc9a00166d0):  JavaThread "main" [_thread_in_native, id=152101, stack(0x00007fc9a5900000,0x00007fc9a5a00000)]

Stack: [0x00007fc9a5900000,0x00007fc9a5a00000],  sp=0x00007fc9a59fdf90,  free space=1015k
Native frames: (J=compiled Java code, j=interpreted, Vv=VM code, C=native code)
C  [libmeos.so+0xa8979]  pg_next_dst_boundary+0x29

Java frames: (J=compiled Java code, j=interpreted, Vv=VM code)
j  com.kenai.jffi.Foreign.invokeN1O1(JJJLjava/lang/Object;III)J+0
j  com.kenai.jffi.Invoker.invokeN1(Lcom/kenai/jffi/CallContext;JJILjava/lang/Object;Lcom/kenai/jffi/ObjectParameterStrategy;Lcom/kenai/jffi/ObjectParameterInfo;)J+57
j  tutorials.hello_world$MeosLibrary$jnr$ffi$0.tgeompoint_in(Ljava/lang/String;)Ljnr/ffi/Pointer;+75
j  tutorials.hello_world.main([Ljava/lang/String;)V+93
v  ~StubRoutines::call_stub

siginfo: si_signo: 11 (SIGSEGV), si_code: 1 (SEGV_MAPERR), si_addr: 0x0000000000000104

Register to memory mapping:

RAX=0x0 is NULL
RBX=0x0 is NULL
RCX=0x00007fc9a59fdff0 is pointing into the stack for thread: 0x00007fc9a00166d0
RDX=0x00007fc9a59fdfe0 is pointing into the stack for thread: 0x00007fc9a00166d0
RSP=0x00007fc9a59fdf90 is pointing into the stack for thread: 0x00007fc9a00166d0
RBP=0x00000000386bf200 is an unknown value
RSI=0x00007fc9a59fdff8 is pointing into the stack for thread: 0x00007fc9a00166d0
RDI=0x00007fc9a59fdfe8 is pointing into the stack for thread: 0x00007fc9a00166d0
R8 =0x00007fc9a59fe000 is pointing into the stack for thread: 0x00007fc9a00166d0
R9 =0x00007fc9a59fdfe4 is pointing into the stack for thread: 0x00007fc9a00166d0
R10=0x00007fc9a59fdfe0 is pointing into the stack for thread: 0x00007fc9a00166d0
R11=0x00007fc975b26950: pg_next_dst_boundary+0x0000000000000000 in /usr/local/lib/libmeos.so at 0x00007fc975a7e000
R12=0x00007fc9a59fe040 is pointing into the stack for thread: 0x00007fc9a00166d0
R13=0x0 is NULL
R14=0x0 is NULL
R15=0x00007fc9a59fe1b0 is pointing into the stack for thread: 0x00007fc9a00166d0


Registers:
RAX=0x0000000000000000, RBX=0x0000000000000000, RCX=0x00007fc9a59fdff0, RDX=0x00007fc9a59fdfe0
RSP=0x00007fc9a59fdf90, RBP=0x00000000386bf200, RSI=0x00007fc9a59fdff8, RDI=0x00007fc9a59fdfe8
R8 =0x00007fc9a59fe000, R9 =0x00007fc9a59fdfe4, R10=0x00007fc9a59fdfe0, R11=0x00007fc975b26950
R12=0x00007fc9a59fe040, R13=0x0000000000000000, R14=0x0000000000000000, R15=0x00007fc9a59fe1b0
RIP=0x00007fc975b26979, EFLAGS=0x0000000000010246, CSGSFS=0x002b000000000033, ERR=0x0000000000000004
  TRAPNO=0x000000000000000e

Top of Stack: (sp=0x00007fc9a59fdf90)
0x00007fc9a59fdf90:   00007fc975bb13c0 c2dd5b84149bb500
0x00007fc9a59fdfa0:   00007fc9a04ac230 00007fc9a59fe1b0
0x00007fc9a59fdfb0:   00000000386d4380 00007fc9a59fe040
0x00007fc9a59fdfc0:   0000000000000000 00007fc975b2825c 

Instructions: (pc=0x00007fc975b26979)
0x00007fc975b26879:   00 00 00 00 0f 1f 00 f3 0f 1e fa 49 89 f8 48 8d
0x00007fc975b26889:   be 00 01 00 00 4c 89 c6 e9 ca fd ff ff 66 2e 0f
0x00007fc975b26899:   1f 84 00 00 00 00 00 f3 0f 1e fa 41 55 41 54 55
0x00007fc975b268a9:   48 89 fd 53 48 83 ec 08 48 8b 1d 68 89 0d 00 48
0x00007fc975b268b9:   85 db 74 2b 48 8b 7d 00 48 89 da 31 f6 48 81 c3
0x00007fc975b268c9:   68 56 00 00 e8 ce df ff ff 48 89 1d 97 89 0d 00
0x00007fc975b268d9:   48 83 c4 08 5b 5d 41 5c 41 5d c3 0f 1f 40 00 bf
0x00007fc975b268e9:   90 5b 00 00 e8 8e 66 f9 ff 48 89 05 27 89 0d 00
0x00007fc975b268f9:   49 89 c4 48 85 c0 74 d8 4c 8d 2d 38 5a 08 00 31
0x00007fc975b26909:   f6 b9 01 00 00 00 48 89 c2 4c 89 ef e8 56 72 f9
0x00007fc975b26919:   ff 85 c0 75 12 48 8b 1d fb 88 0d 00 eb 96 66 0f
0x00007fc975b26929:   1f 84 00 00 00 00 00 ba 01 00 00 00 4c 89 e6 4c
0x00007fc975b26939:   89 ef e8 60 70 f9 ff eb dc 66 66 2e 0f 1f 84 00
0x00007fc975b26949:   00 00 00 00 0f 1f 00 f3 0f 1e fa 41 55 49 89 d2
0x00007fc975b26959:   41 54 55 53 48 83 ec 18 48 8b 2f 64 48 8b 04 25
0x00007fc975b26969:   28 00 00 00 48 89 44 24 08 31 c0 48 8b 5c 24 40
0x00007fc975b26979:   44 8b 9b 04 01 00 00 45 85 db 0f 84 27 02 00 00
0x00007fc975b26989:   80 bb 10 01 00 00 00 49 89 cc 75 6b 41 8d 53 ff
0x00007fc975b26999:   80 bb 11 01 00 00 00 48 63 ca 48 8b 84 cb 18 01
0x00007fc975b269a9:   00 00 0f 84 ef 00 00 00 48 39 c5 0f 8e e6 00 00
0x00007fc975b269b9:   00 48 8b 8b 18 01 00 00 48 39 e9 7f 46 48 bf e7
0x00007fc975b269c9:   58 ef 44 46 ef 35 ae 48 89 ea 48 29 c2 48 83 ea
0x00007fc975b269d9:   01 48 89 d0 48 f7 e7 48 b8 80 59 60 f0 02 00 00
0x00007fc975b269e9:   00 48 c1 ea 21 4c 8d 6a 01 4c 0f af e8 48 89 e8
0x00007fc975b269f9:   4c 29 e8 eb 43 66 90 48 8b 8b 18 01 00 00 48 39
0x00007fc975b26a09:   e9 7e 89 48 bf e7 58 ef 44 46 ef 35 ae 48 89 ca
0x00007fc975b26a19:   48 29 ea 48 83 ea 01 48 89 d0 48 f7 e7 48 b8 80
0x00007fc975b26a29:   59 60 f0 02 00 00 00 48 c1 ea 21 4c 8d 6a 01 4c
0x00007fc975b26a39:   0f af e8 4a 8d 44 2d 00 48 89 04 24 48 39 c1 0f
0x00007fc975b26a49:   8f 12 02 00 00 41 8d 53 ff 41 bb ff ff ff ff 48
0x00007fc975b26a59:   63 d2 48 39 84 d3 18 01 00 00 0f 8c 83 01 00 00
0x00007fc975b26a69:   48 89 e7 48 83 ec 08 4c 89 d2 4c 89 e1 53 e8 d4 


Stack slot to memory mapping:
stack at sp + 0 slots: 0x00007fc975bb13c0: <offset 0x00000000001333c0> in /usr/local/lib/libmeos.so at 0x00007fc975a7e000
stack at sp + 1 slots: 0xc2dd5b84149bb500 is an unknown value
stack at sp + 2 slots: 0x00007fc9a04ac230 points into unknown readable memory: 0x00007fce5cd0c6bc | bc c6 d0 5c ce 7f 00 00
stack at sp + 3 slots: 0x00007fc9a59fe1b0 is pointing into the stack for thread: 0x00007fc9a00166d0
stack at sp + 4 slots: 0x00000000386d4380 is an unknown value
stack at sp + 5 slots: 0x00007fc9a59fe040 is pointing into the stack for thread: 0x00007fc9a00166d0
stack at sp + 6 slots: 0x0 is NULL
stack at sp + 7 slots: 0x00007fc975b2825c: <offset 0x00000000000aa25c> in /usr/local/lib/libmeos.so at 0x00007fc975a7e000


---------------  P R O C E S S  ---------------

Threads class SMR info:
_java_thread_list=0x00007fc954001f70, length=13, elements={
0x00007fc9a00166d0, 0x00007fc9a0115750, 0x00007fc9a0116b30, 0x00007fc9a011c2e0,
0x00007fc9a011d690, 0x00007fc9a011eaa0, 0x00007fc9a0120450, 0x00007fc9a0121980,
0x00007fc9a0122df0, 0x00007fc9a012de50, 0x00007fc9a02f4390, 0x00007fc9a02f5880,
0x00007fc954000fe0
}

Java Threads: ( => current thread )
=>0x00007fc9a00166d0 JavaThread "main" [_thread_in_native, id=152101, stack(0x00007fc9a5900000,0x00007fc9a5a00000)]
  0x00007fc9a0115750 JavaThread "Reference Handler" daemon [_thread_blocked, id=152109, stack(0x00007fc98535c000,0x00007fc98545c000)]
  0x00007fc9a0116b30 JavaThread "Finalizer" daemon [_thread_blocked, id=152110, stack(0x00007fc98525c000,0x00007fc98535c000)]
  0x00007fc9a011c2e0 JavaThread "Signal Dispatcher" daemon [_thread_blocked, id=152111, stack(0x00007fc984900000,0x00007fc984a00000)]
  0x00007fc9a011d690 JavaThread "Service Thread" daemon [_thread_blocked, id=152112, stack(0x00007fc984800000,0x00007fc984900000)]
  0x00007fc9a011eaa0 JavaThread "Monitor Deflation Thread" daemon [_thread_blocked, id=152113, stack(0x00007fc984700000,0x00007fc984800000)]
  0x00007fc9a0120450 JavaThread "C2 CompilerThread0" daemon [_thread_blocked, id=152114, stack(0x00007fc984600000,0x00007fc984700000)]
  0x00007fc9a0121980 JavaThread "C1 CompilerThread0" daemon [_thread_blocked, id=152115, stack(0x00007fc984500000,0x00007fc984600000)]
  0x00007fc9a0122df0 JavaThread "Sweeper thread" daemon [_thread_blocked, id=152116, stack(0x00007fc984400000,0x00007fc984500000)]
  0x00007fc9a012de50 JavaThread "Common-Cleaner" daemon [_thread_blocked, id=152125, stack(0x00007fc984300000,0x00007fc984400000)]
  0x00007fc9a02f4390 JavaThread "Monitor Ctrl-Break" daemon [_thread_in_native, id=152151, stack(0x00007fc984200000,0x00007fc984300000)]
  0x00007fc9a02f5880 JavaThread "Notification Thread" daemon [_thread_blocked, id=152152, stack(0x00007fc984100000,0x00007fc984200000)]
  0x00007fc954000fe0 JavaThread "Attach Listener" daemon [_thread_blocked, id=152158, stack(0x00007fc984000000,0x00007fc984100000)]

Other Threads:
  0x00007fc9a01116a0 VMThread "VM Thread" [stack: 0x00007fc98545e000,0x00007fc98555e000] [id=152108]
  0x00007fc9a00191e0 WatcherThread [stack: 0x00007fc975f00000,0x00007fc976000000] [id=152153]
  0x00007fc9a006fdb0 GCTaskThread "GC Thread#0" [stack: 0x00007fc9a4792000,0x00007fc9a4892000] [id=152103]
  0x00007fc9640051a0 GCTaskThread "GC Thread#1" [stack: 0x00007fc974035000,0x00007fc974135000] [id=152172]
  0x00007fc964005c20 GCTaskThread "GC Thread#2" [stack: 0x00007fc92bf00000,0x00007fc92c000000] [id=152175]
  0x00007fc96400bc70 GCTaskThread "GC Thread#3" [stack: 0x00007fc92bdfe000,0x00007fc92befe000] [id=152179]
  0x00007fc9a00808d0 ConcurrentGCThread "G1 Main Marker" [stack: 0x00007fc9a4690000,0x00007fc9a4790000] [id=152104]
  0x00007fc9a0081830 ConcurrentGCThread "G1 Conc#0" [stack: 0x00007fc9a458e000,0x00007fc9a468e000] [id=152105]
  0x00007fc9a00e5f20 ConcurrentGCThread "G1 Refine#0" [stack: 0x00007fc9a4088000,0x00007fc9a4188000] [id=152106]
  0x00007fc9a00e6e10 ConcurrentGCThread "G1 Service" [stack: 0x00007fc99ff00000,0x00007fc9a0000000] [id=152107]

Threads with active compile tasks:

VM state: not at safepoint (normal execution)

VM Mutex/Monitor currently owned by a thread: None

Heap address: 0x0000000085600000, size: 1962 MB, Compressed Oops mode: 32-bit

CDS archive(s) mapped at: [0x0000000800000000-0x0000000800be2000-0x0000000800be2000), size 12460032, SharedBaseAddress: 0x0000000800000000, ArchiveRelocationMode: 0.
Compressed class space mapped at: 0x0000000801000000-0x0000000841000000, reserved size: 1073741824
Narrow klass base: 0x0000000800000000, Narrow klass shift: 0, Narrow klass range: 0x100000000

GC Precious Log:
 CPUs: 4 total, 4 available
 Memory: 7840M
 Large Page Support: Disabled
 NUMA Support: Disabled
 Compressed Oops: Enabled (32-bit)
 Heap Region Size: 1M
 Heap Min Capacity: 8M
 Heap Initial Capacity: 124M
 Heap Max Capacity: 1962M
 Pre-touch: Disabled
 Parallel Workers: 4
 Concurrent Workers: 1
 Concurrent Refinement Workers: 4
 Periodic GC: Disabled

Heap:
 garbage-first heap   total 129024K, used 5273K [0x0000000085600000, 0x0000000100000000)
  region size 1024K, 3 young (3072K), 2 survivors (2048K)
 Metaspace       used 5167K, committed 5312K, reserved 1114112K
  class space    used 507K, committed 576K, reserved 1048576K

Heap Regions: E=young(eden), S=young(survivor), O=old, HS=humongous(starts), HC=humongous(continues), CS=collection set, F=free, OA=open archive, CA=closed archive, TAMS=top-at-mark-start (previous, next)
|   0|0x0000000085600000, 0x0000000085700000, 0x0000000085700000|100%|HS|  |TAMS 0x0000000085600000, 0x0000000085600000| Complete 
|   1|0x0000000085700000, 0x0000000085800000, 0x0000000085800000|100%| O|  |TAMS 0x0000000085700000, 0x0000000085700000| Untracked 
|   2|0x0000000085800000, 0x000000008582e400, 0x0000000085900000| 18%| O|  |TAMS 0x0000000085800000, 0x0000000085800000| Untracked 
|   3|0x0000000085900000, 0x0000000085900000, 0x0000000085a00000|  0%| F|  |TAMS 0x0000000085900000, 0x0000000085900000| Untracked 
|   4|0x0000000085a00000, 0x0000000085a00000, 0x0000000085b00000|  0%| F|  |TAMS 0x0000000085a00000, 0x0000000085a00000| Untracked 
|   5|0x0000000085b00000, 0x0000000085b00000, 0x0000000085c00000|  0%| F|  |TAMS 0x0000000085b00000, 0x0000000085b00000| Untracked 
|   6|0x0000000085c00000, 0x0000000085c00000, 0x0000000085d00000|  0%| F|  |TAMS 0x0000000085c00000, 0x0000000085c00000| Untracked 
|   7|0x0000000085d00000, 0x0000000085d00000, 0x0000000085e00000|  0%| F|  |TAMS 0x0000000085d00000, 0x0000000085d00000| Untracked 
|   8|0x0000000085e00000, 0x0000000085e00000, 0x0000000085f00000|  0%| F|  |TAMS 0x0000000085e00000, 0x0000000085e00000| Untracked 
|   9|0x0000000085f00000, 0x0000000085f00000, 0x0000000086000000|  0%| F|  |TAMS 0x0000000085f00000, 0x0000000085f00000| Untracked 
|  10|0x0000000086000000, 0x0000000086000000, 0x0000000086100000|  0%| F|  |TAMS 0x0000000086000000, 0x0000000086000000| Untracked 
|  11|0x0000000086100000, 0x0000000086100000, 0x0000000086200000|  0%| F|  |TAMS 0x0000000086100000, 0x0000000086100000| Untracked 
|  12|0x0000000086200000, 0x0000000086200000, 0x0000000086300000|  0%| F|  |TAMS 0x0000000086200000, 0x0000000086200000| Untracked 
|  13|0x0000000086300000, 0x0000000086300000, 0x0000000086400000|  0%| F|  |TAMS 0x0000000086300000, 0x0000000086300000| Untracked 
|  14|0x0000000086400000, 0x0000000086400000, 0x0000000086500000|  0%| F|  |TAMS 0x0000000086400000, 0x0000000086400000| Untracked 
|  15|0x0000000086500000, 0x0000000086500000, 0x0000000086600000|  0%| F|  |TAMS 0x0000000086500000, 0x0000000086500000| Untracked 
|  16|0x0000000086600000, 0x0000000086600000, 0x0000000086700000|  0%| F|  |TAMS 0x0000000086600000, 0x0000000086600000| Untracked 
|  17|0x0000000086700000, 0x0000000086700000, 0x0000000086800000|  0%| F|  |TAMS 0x0000000086700000, 0x0000000086700000| Untracked 
|  18|0x0000000086800000, 0x0000000086800000, 0x0000000086900000|  0%| F|  |TAMS 0x0000000086800000, 0x0000000086800000| Untracked 
|  19|0x0000000086900000, 0x0000000086900000, 0x0000000086a00000|  0%| F|  |TAMS 0x0000000086900000, 0x0000000086900000| Untracked 
|  20|0x0000000086a00000, 0x0000000086a00000, 0x0000000086b00000|  0%| F|  |TAMS 0x0000000086a00000, 0x0000000086a00000| Untracked 
|  21|0x0000000086b00000, 0x0000000086b00000, 0x0000000086c00000|  0%| F|  |TAMS 0x0000000086b00000, 0x0000000086b00000| Untracked 
|  22|0x0000000086c00000, 0x0000000086c00000, 0x0000000086d00000|  0%| F|  |TAMS 0x0000000086c00000, 0x0000000086c00000| Untracked 
|  23|0x0000000086d00000, 0x0000000086d00000, 0x0000000086e00000|  0%| F|  |TAMS 0x0000000086d00000, 0x0000000086d00000| Untracked 
|  24|0x0000000086e00000, 0x0000000086e00000, 0x0000000086f00000|  0%| F|  |TAMS 0x0000000086e00000, 0x0000000086e00000| Untracked 
|  25|0x0000000086f00000, 0x0000000086f00000, 0x0000000087000000|  0%| F|  |TAMS 0x0000000086f00000, 0x0000000086f00000| Untracked 
|  26|0x0000000087000000, 0x0000000087000000, 0x0000000087100000|  0%| F|  |TAMS 0x0000000087000000, 0x0000000087000000| Untracked 
|  27|0x0000000087100000, 0x0000000087100000, 0x0000000087200000|  0%| F|  |TAMS 0x0000000087100000, 0x0000000087100000| Untracked 
|  28|0x0000000087200000, 0x0000000087200000, 0x0000000087300000|  0%| F|  |TAMS 0x0000000087200000, 0x0000000087200000| Untracked 
|  29|0x0000000087300000, 0x0000000087300000, 0x0000000087400000|  0%| F|  |TAMS 0x0000000087300000, 0x0000000087300000| Untracked 
|  30|0x0000000087400000, 0x0000000087400000, 0x0000000087500000|  0%| F|  |TAMS 0x0000000087400000, 0x0000000087400000| Untracked 
|  31|0x0000000087500000, 0x0000000087500000, 0x0000000087600000|  0%| F|  |TAMS 0x0000000087500000, 0x0000000087500000| Untracked 
|  32|0x0000000087600000, 0x0000000087600000, 0x0000000087700000|  0%| F|  |TAMS 0x0000000087600000, 0x0000000087600000| Untracked 
|  33|0x0000000087700000, 0x0000000087700000, 0x0000000087800000|  0%| F|  |TAMS 0x0000000087700000, 0x0000000087700000| Untracked 
|  34|0x0000000087800000, 0x0000000087800000, 0x0000000087900000|  0%| F|  |TAMS 0x0000000087800000, 0x0000000087800000| Untracked 
|  35|0x0000000087900000, 0x0000000087900000, 0x0000000087a00000|  0%| F|  |TAMS 0x0000000087900000, 0x0000000087900000| Untracked 
|  36|0x0000000087a00000, 0x0000000087a00000, 0x0000000087b00000|  0%| F|  |TAMS 0x0000000087a00000, 0x0000000087a00000| Untracked 
|  37|0x0000000087b00000, 0x0000000087b00000, 0x0000000087c00000|  0%| F|  |TAMS 0x0000000087b00000, 0x0000000087b00000| Untracked 
|  38|0x0000000087c00000, 0x0000000087c00000, 0x0000000087d00000|  0%| F|  |TAMS 0x0000000087c00000, 0x0000000087c00000| Untracked 
|  39|0x0000000087d00000, 0x0000000087d00000, 0x0000000087e00000|  0%| F|  |TAMS 0x0000000087d00000, 0x0000000087d00000| Untracked 
|  40|0x0000000087e00000, 0x0000000087e00000, 0x0000000087f00000|  0%| F|  |TAMS 0x0000000087e00000, 0x0000000087e00000| Untracked 
|  41|0x0000000087f00000, 0x0000000087f00000, 0x0000000088000000|  0%| F|  |TAMS 0x0000000087f00000, 0x0000000087f00000| Untracked 
|  42|0x0000000088000000, 0x0000000088000000, 0x0000000088100000|  0%| F|  |TAMS 0x0000000088000000, 0x0000000088000000| Untracked 
|  43|0x0000000088100000, 0x0000000088100000, 0x0000000088200000|  0%| F|  |TAMS 0x0000000088100000, 0x0000000088100000| Untracked 
|  44|0x0000000088200000, 0x0000000088200000, 0x0000000088300000|  0%| F|  |TAMS 0x0000000088200000, 0x0000000088200000| Untracked 
|  45|0x0000000088300000, 0x0000000088300000, 0x0000000088400000|  0%| F|  |TAMS 0x0000000088300000, 0x0000000088300000| Untracked 
|  46|0x0000000088400000, 0x0000000088400000, 0x0000000088500000|  0%| F|  |TAMS 0x0000000088400000, 0x0000000088400000| Untracked 
|  47|0x0000000088500000, 0x0000000088500000, 0x0000000088600000|  0%| F|  |TAMS 0x0000000088500000, 0x0000000088500000| Untracked 
|  48|0x0000000088600000, 0x0000000088600000, 0x0000000088700000|  0%| F|  |TAMS 0x0000000088600000, 0x0000000088600000| Untracked 
|  49|0x0000000088700000, 0x0000000088700000, 0x0000000088800000|  0%| F|  |TAMS 0x0000000088700000, 0x0000000088700000| Untracked 
|  50|0x0000000088800000, 0x0000000088800000, 0x0000000088900000|  0%| F|  |TAMS 0x0000000088800000, 0x0000000088800000| Untracked 
|  51|0x0000000088900000, 0x0000000088900000, 0x0000000088a00000|  0%| F|  |TAMS 0x0000000088900000, 0x0000000088900000| Untracked 
|  52|0x0000000088a00000, 0x0000000088a00000, 0x0000000088b00000|  0%| F|  |TAMS 0x0000000088a00000, 0x0000000088a00000| Untracked 
|  53|0x0000000088b00000, 0x0000000088b00000, 0x0000000088c00000|  0%| F|  |TAMS 0x0000000088b00000, 0x0000000088b00000| Untracked 
|  54|0x0000000088c00000, 0x0000000088c00000, 0x0000000088d00000|  0%| F|  |TAMS 0x0000000088c00000, 0x0000000088c00000| Untracked 
|  55|0x0000000088d00000, 0x0000000088d00000, 0x0000000088e00000|  0%| F|  |TAMS 0x0000000088d00000, 0x0000000088d00000| Untracked 
|  56|0x0000000088e00000, 0x0000000088e00000, 0x0000000088f00000|  0%| F|  |TAMS 0x0000000088e00000, 0x0000000088e00000| Untracked 
|  57|0x0000000088f00000, 0x0000000088f00000, 0x0000000089000000|  0%| F|  |TAMS 0x0000000088f00000, 0x0000000088f00000| Untracked 
|  58|0x0000000089000000, 0x0000000089000000, 0x0000000089100000|  0%| F|  |TAMS 0x0000000089000000, 0x0000000089000000| Untracked 
|  59|0x0000000089100000, 0x0000000089100000, 0x0000000089200000|  0%| F|  |TAMS 0x0000000089100000, 0x0000000089100000| Untracked 
|  60|0x0000000089200000, 0x0000000089200000, 0x0000000089300000|  0%| F|  |TAMS 0x0000000089200000, 0x0000000089200000| Untracked 
|  61|0x0000000089300000, 0x0000000089300000, 0x0000000089400000|  0%| F|  |TAMS 0x0000000089300000, 0x0000000089300000| Untracked 
|  62|0x0000000089400000, 0x0000000089400000, 0x0000000089500000|  0%| F|  |TAMS 0x0000000089400000, 0x0000000089400000| Untracked 
|  63|0x0000000089500000, 0x0000000089500000, 0x0000000089600000|  0%| F|  |TAMS 0x0000000089500000, 0x0000000089500000| Untracked 
|  64|0x0000000089600000, 0x0000000089600000, 0x0000000089700000|  0%| F|  |TAMS 0x0000000089600000, 0x0000000089600000| Untracked 
|  65|0x0000000089700000, 0x0000000089700000, 0x0000000089800000|  0%| F|  |TAMS 0x0000000089700000, 0x0000000089700000| Untracked 
|  66|0x0000000089800000, 0x0000000089800000, 0x0000000089900000|  0%| F|  |TAMS 0x0000000089800000, 0x0000000089800000| Untracked 
|  67|0x0000000089900000, 0x0000000089900000, 0x0000000089a00000|  0%| F|  |TAMS 0x0000000089900000, 0x0000000089900000| Untracked 
|  68|0x0000000089a00000, 0x0000000089a00000, 0x0000000089b00000|  0%| F|  |TAMS 0x0000000089a00000, 0x0000000089a00000| Untracked 
|  69|0x0000000089b00000, 0x0000000089b00000, 0x0000000089c00000|  0%| F|  |TAMS 0x0000000089b00000, 0x0000000089b00000| Untracked 
|  70|0x0000000089c00000, 0x0000000089c00000, 0x0000000089d00000|  0%| F|  |TAMS 0x0000000089c00000, 0x0000000089c00000| Untracked 
|  71|0x0000000089d00000, 0x0000000089d00000, 0x0000000089e00000|  0%| F|  |TAMS 0x0000000089d00000, 0x0000000089d00000| Untracked 
|  72|0x0000000089e00000, 0x0000000089e00000, 0x0000000089f00000|  0%| F|  |TAMS 0x0000000089e00000, 0x0000000089e00000| Untracked 
|  73|0x0000000089f00000, 0x0000000089f00000, 0x000000008a000000|  0%| F|  |TAMS 0x0000000089f00000, 0x0000000089f00000| Untracked 
|  74|0x000000008a000000, 0x000000008a000000, 0x000000008a100000|  0%| F|  |TAMS 0x000000008a000000, 0x000000008a000000| Untracked 
|  75|0x000000008a100000, 0x000000008a100000, 0x000000008a200000|  0%| F|  |TAMS 0x000000008a100000, 0x000000008a100000| Untracked 
|  76|0x000000008a200000, 0x000000008a200000, 0x000000008a300000|  0%| F|  |TAMS 0x000000008a200000, 0x000000008a200000| Untracked 
|  77|0x000000008a300000, 0x000000008a300000, 0x000000008a400000|  0%| F|  |TAMS 0x000000008a300000, 0x000000008a300000| Untracked 
|  78|0x000000008a400000, 0x000000008a400000, 0x000000008a500000|  0%| F|  |TAMS 0x000000008a400000, 0x000000008a400000| Untracked 
|  79|0x000000008a500000, 0x000000008a500000, 0x000000008a600000|  0%| F|  |TAMS 0x000000008a500000, 0x000000008a500000| Untracked 
|  80|0x000000008a600000, 0x000000008a600000, 0x000000008a700000|  0%| F|  |TAMS 0x000000008a600000, 0x000000008a600000| Untracked 
|  81|0x000000008a700000, 0x000000008a700000, 0x000000008a800000|  0%| F|  |TAMS 0x000000008a700000, 0x000000008a700000| Untracked 
|  82|0x000000008a800000, 0x000000008a800000, 0x000000008a900000|  0%| F|  |TAMS 0x000000008a800000, 0x000000008a800000| Untracked 
|  83|0x000000008a900000, 0x000000008a900000, 0x000000008aa00000|  0%| F|  |TAMS 0x000000008a900000, 0x000000008a900000| Untracked 
|  84|0x000000008aa00000, 0x000000008aa00000, 0x000000008ab00000|  0%| F|  |TAMS 0x000000008aa00000, 0x000000008aa00000| Untracked 
|  85|0x000000008ab00000, 0x000000008ab00000, 0x000000008ac00000|  0%| F|  |TAMS 0x000000008ab00000, 0x000000008ab00000| Untracked 
|  86|0x000000008ac00000, 0x000000008ac00000, 0x000000008ad00000|  0%| F|  |TAMS 0x000000008ac00000, 0x000000008ac00000| Untracked 
|  87|0x000000008ad00000, 0x000000008ad00000, 0x000000008ae00000|  0%| F|  |TAMS 0x000000008ad00000, 0x000000008ad00000| Untracked 
|  88|0x000000008ae00000, 0x000000008ae00000, 0x000000008af00000|  0%| F|  |TAMS 0x000000008ae00000, 0x000000008ae00000| Untracked 
|  89|0x000000008af00000, 0x000000008af00000, 0x000000008b000000|  0%| F|  |TAMS 0x000000008af00000, 0x000000008af00000| Untracked 
|  90|0x000000008b000000, 0x000000008b000000, 0x000000008b100000|  0%| F|  |TAMS 0x000000008b000000, 0x000000008b000000| Untracked 
|  91|0x000000008b100000, 0x000000008b100000, 0x000000008b200000|  0%| F|  |TAMS 0x000000008b100000, 0x000000008b100000| Untracked 
|  92|0x000000008b200000, 0x000000008b200000, 0x000000008b300000|  0%| F|  |TAMS 0x000000008b200000, 0x000000008b200000| Untracked 
|  93|0x000000008b300000, 0x000000008b300000, 0x000000008b400000|  0%| F|  |TAMS 0x000000008b300000, 0x000000008b300000| Untracked 
|  94|0x000000008b400000, 0x000000008b400000, 0x000000008b500000|  0%| F|  |TAMS 0x000000008b400000, 0x000000008b400000| Untracked 
|  95|0x000000008b500000, 0x000000008b500000, 0x000000008b600000|  0%| F|  |TAMS 0x000000008b500000, 0x000000008b500000| Untracked 
|  96|0x000000008b600000, 0x000000008b600000, 0x000000008b700000|  0%| F|  |TAMS 0x000000008b600000, 0x000000008b600000| Untracked 
|  97|0x000000008b700000, 0x000000008b700000, 0x000000008b800000|  0%| F|  |TAMS 0x000000008b700000, 0x000000008b700000| Untracked 
|  98|0x000000008b800000, 0x000000008b800000, 0x000000008b900000|  0%| F|  |TAMS 0x000000008b800000, 0x000000008b800000| Untracked 
|  99|0x000000008b900000, 0x000000008b900000, 0x000000008ba00000|  0%| F|  |TAMS 0x000000008b900000, 0x000000008b900000| Untracked 
| 100|0x000000008ba00000, 0x000000008ba00000, 0x000000008bb00000|  0%| F|  |TAMS 0x000000008ba00000, 0x000000008ba00000| Untracked 
| 101|0x000000008bb00000, 0x000000008bb00000, 0x000000008bc00000|  0%| F|  |TAMS 0x000000008bb00000, 0x000000008bb00000| Untracked 
| 102|0x000000008bc00000, 0x000000008bc00000, 0x000000008bd00000|  0%| F|  |TAMS 0x000000008bc00000, 0x000000008bc00000| Untracked 
| 103|0x000000008bd00000, 0x000000008bd00000, 0x000000008be00000|  0%| F|  |TAMS 0x000000008bd00000, 0x000000008bd00000| Untracked 
| 104|0x000000008be00000, 0x000000008be00000, 0x000000008bf00000|  0%| F|  |TAMS 0x000000008be00000, 0x000000008be00000| Untracked 
| 105|0x000000008bf00000, 0x000000008bf00000, 0x000000008c000000|  0%| F|  |TAMS 0x000000008bf00000, 0x000000008bf00000| Untracked 
| 106|0x000000008c000000, 0x000000008c000000, 0x000000008c100000|  0%| F|  |TAMS 0x000000008c000000, 0x000000008c000000| Untracked 
| 107|0x000000008c100000, 0x000000008c100000, 0x000000008c200000|  0%| F|  |TAMS 0x000000008c100000, 0x000000008c100000| Untracked 
| 108|0x000000008c200000, 0x000000008c200000, 0x000000008c300000|  0%| F|  |TAMS 0x000000008c200000, 0x000000008c200000| Untracked 
| 109|0x000000008c300000, 0x000000008c400000, 0x000000008c400000|100%| S|CS|TAMS 0x000000008c300000, 0x000000008c300000| Complete 
| 110|0x000000008c400000, 0x000000008c500000, 0x000000008c500000|100%| S|CS|TAMS 0x000000008c400000, 0x000000008c400000| Complete 
| 111|0x000000008c500000, 0x000000008c500000, 0x000000008c600000|  0%| F|  |TAMS 0x000000008c500000, 0x000000008c500000| Untracked 
| 112|0x000000008c600000, 0x000000008c600000, 0x000000008c700000|  0%| F|  |TAMS 0x000000008c600000, 0x000000008c600000| Untracked 
| 113|0x000000008c700000, 0x000000008c700000, 0x000000008c800000|  0%| F|  |TAMS 0x000000008c700000, 0x000000008c700000| Untracked 
| 114|0x000000008c800000, 0x000000008c800000, 0x000000008c900000|  0%| F|  |TAMS 0x000000008c800000, 0x000000008c800000| Untracked 
| 115|0x000000008c900000, 0x000000008c900000, 0x000000008ca00000|  0%| F|  |TAMS 0x000000008c900000, 0x000000008c900000| Untracked 
| 116|0x000000008ca00000, 0x000000008ca00000, 0x000000008cb00000|  0%| F|  |TAMS 0x000000008ca00000, 0x000000008ca00000| Untracked 
| 117|0x000000008cb00000, 0x000000008cb00000, 0x000000008cc00000|  0%| F|  |TAMS 0x000000008cb00000, 0x000000008cb00000| Untracked 
| 118|0x000000008cc00000, 0x000000008cc00000, 0x000000008cd00000|  0%| F|  |TAMS 0x000000008cc00000, 0x000000008cc00000| Untracked 
| 119|0x000000008cd00000, 0x000000008cd00000, 0x000000008ce00000|  0%| F|  |TAMS 0x000000008cd00000, 0x000000008cd00000| Untracked 
| 120|0x000000008ce00000, 0x000000008ce00000, 0x000000008cf00000|  0%| F|  |TAMS 0x000000008ce00000, 0x000000008ce00000| Untracked 
| 121|0x000000008cf00000, 0x000000008cf00000, 0x000000008d000000|  0%| F|  |TAMS 0x000000008cf00000, 0x000000008cf00000| Untracked 
| 122|0x000000008d000000, 0x000000008d000000, 0x000000008d100000|  0%| F|  |TAMS 0x000000008d000000, 0x000000008d000000| Untracked 
| 123|0x000000008d100000, 0x000000008d1de9b8, 0x000000008d200000| 86%| E|  |TAMS 0x000000008d100000, 0x000000008d100000| Complete 
|1960|0x00000000ffe00000, 0x00000000ffe76000, 0x00000000fff00000| 46%|OA|  |TAMS 0x00000000ffe00000, 0x00000000ffe00000| Untracked 
|1961|0x00000000fff00000, 0x00000000fff82000, 0x0000000100000000| 50%|CA|  |TAMS 0x00000000fff00000, 0x00000000fff00000| Untracked 

Card table byte_map: [0x00007fc9a4c67000,0x00007fc9a503c000] _byte_map_base: 0x00007fc9a483c000

Marking Bits (Prev, Next): (CMBitMap*) 0x00007fc9a0070830, (CMBitMap*) 0x00007fc9a0070870
 Prev Bits: [0x00007fc987558000, 0x00007fc989400000)
 Next Bits: [0x00007fc9856b0000, 0x00007fc987558000)

Polling page: 0x00007fc9a74c7000

Metaspace:

Usage:
  Non-class:      4,55 MB used.
      Class:    507,39 KB used.
       Both:      5,05 MB used.

Virtual space:
  Non-class space:       64,00 MB reserved,       4,62 MB (  7%) committed,  1 nodes.
      Class space:        1,00 GB reserved,     576,00 KB ( <1%) committed,  1 nodes.
             Both:        1,06 GB reserved,       5,19 MB ( <1%) committed. 

Chunk freelists:
   Non-Class:  9,95 MB
       Class:  15,25 MB
        Both:  25,20 MB

MaxMetaspaceSize: unlimited
CompressedClassSpaceSize: 1,00 GB
Initial GC threshold: 21,00 MB
Current GC threshold: 21,00 MB
CDS: on
MetaspaceReclaimPolicy: balanced
 - commit_granule_bytes: 65536.
 - commit_granule_words: 8192.
 - virtual_space_node_default_size: 8388608.
 - enlarge_chunks_in_place: 1.
 - new_chunks_are_fully_committed: 0.
 - uncommit_free_chunks: 1.
 - use_allocation_guard: 0.
 - handle_deallocations: 1.


Internal statistics:

num_allocs_failed_limit: 0.
num_arena_births: 18.
num_arena_deaths: 0.
num_vsnodes_births: 2.
num_vsnodes_deaths: 0.
num_space_committed: 83.
num_space_uncommitted: 0.
num_chunks_returned_to_freelist: 0.
num_chunks_taken_from_freelist: 119.
num_chunk_merges: 0.
num_chunk_splits: 81.
num_chunks_enlarged: 66.
num_inconsistent_stats: 0.

CodeHeap 'non-profiled nmethods': size=120032Kb used=221Kb max_used=221Kb free=119810Kb
 bounds [0x00007fc990ec8000, 0x00007fc991138000, 0x00007fc998400000]
CodeHeap 'profiled nmethods': size=120028Kb used=1288Kb max_used=1288Kb free=118739Kb
 bounds [0x00007fc989400000, 0x00007fc989670000, 0x00007fc990937000]
CodeHeap 'non-nmethods': size=5700Kb used=1242Kb max_used=1257Kb free=4458Kb
 bounds [0x00007fc990937000, 0x00007fc990ba7000, 0x00007fc990ec8000]
 total_blobs=1304 nmethods=749 adapters=469
 compilation: enabled
              stopped_count=0, restarted_count=0
 full_count=0

Compilation events (20 events):
Event: 1,857 Thread 0x00007fc9a0121980  739       3       java.util.WeakHashMap$Entry::<init> (24 bytes)
Event: 1,868 Thread 0x00007fc9a0120450  741       4       java.lang.String::substring (58 bytes)
Event: 1,873 Thread 0x00007fc9a0121980 nmethod 739 0x00007fc98953ee10 code [0x00007fc98953efe0, 0x00007fc98953f3d0]
Event: 1,873 Thread 0x00007fc9a0121980  743       3       sun.invoke.util.VerifyAccess::isClassAccessible (230 bytes)
Event: 1,875 Thread 0x00007fc9a0121980 nmethod 743 0x00007fc98953f510 code [0x00007fc98953f820, 0x00007fc989540710]
Event: 1,875 Thread 0x00007fc9a0121980  744       3       java.util.regex.Pattern::isSupplementary (21 bytes)
Event: 1,875 Thread 0x00007fc9a0121980 nmethod 744 0x00007fc989540b10 code [0x00007fc989540cc0, 0x00007fc989540f30]
Event: 1,875 Thread 0x00007fc9a0121980  745       3       java.lang.Character::isSurrogate (18 bytes)
Event: 1,875 Thread 0x00007fc9a0121980 nmethod 745 0x00007fc989541010 code [0x00007fc9895411a0, 0x00007fc989541330]
Event: 1,875 Thread 0x00007fc9a0121980  742       1       java.lang.invoke.MethodHandles$Lookup::previousLookupClass (5 bytes)
Event: 1,875 Thread 0x00007fc9a0121980 nmethod 742 0x00007fc990efe790 code [0x00007fc990efe920, 0x00007fc990efe9f0]
Event: 1,876 Thread 0x00007fc9a0121980  746       3       java.util.regex.Pattern::peek (26 bytes)
Event: 1,877 Thread 0x00007fc9a0121980 nmethod 746 0x00007fc989541390 code [0x00007fc989541540, 0x00007fc9895417a0]
Event: 1,877 Thread 0x00007fc9a0121980  747       3       java.lang.invoke.LambdaForm::uncustomize (57 bytes)
Event: 1,878 Thread 0x00007fc9a0121980 nmethod 747 0x00007fc989541910 code [0x00007fc989541ae0, 0x00007fc989541e00]
Event: 1,878 Thread 0x00007fc9a0121980  748       3       java.lang.invoke.MemberName::isResolved (13 bytes)
Event: 1,878 Thread 0x00007fc9a0121980 nmethod 748 0x00007fc989541f10 code [0x00007fc9895420a0, 0x00007fc989542210]
Event: 1,886 Thread 0x00007fc9a0120450 nmethod 741 0x00007fc990efea90 code [0x00007fc990efec40, 0x00007fc990eff1b8]
Event: 1,890 Thread 0x00007fc9a0120450  749       4       java.util.concurrent.ConcurrentHashMap::setTabAt (20 bytes)
Event: 1,892 Thread 0x00007fc9a0120450 nmethod 749 0x00007fc990eff410 code [0x00007fc990eff580, 0x00007fc990eff6b8]

GC Heap History (2 events):
Event: 1,746 GC heap before
{Heap before GC invocations=0 (full 0):
 garbage-first heap   total 129024K, used 14304K [0x0000000085600000, 0x0000000100000000)
  region size 1024K, 13 young (13312K), 0 survivors (0K)
 Metaspace       used 4693K, committed 4864K, reserved 1114112K
  class space    used 453K, committed 512K, reserved 1048576K
}
Event: 1,810 GC heap after
{Heap after GC invocations=1 (full 0):
 garbage-first heap   total 129024K, used 5273K [0x0000000085600000, 0x0000000100000000)
  region size 1024K, 2 young (2048K), 2 survivors (2048K)
 Metaspace       used 4693K, committed 4864K, reserved 1114112K
  class space    used 453K, committed 512K, reserved 1048576K
}

Dll operation events (11 events):
Event: 0,006 Loaded shared library /usr/lib/jvm/java-17-openjdk-amd64/lib/libjava.so
Event: 0,018 Loaded shared library /usr/lib/jvm/java-17-openjdk-amd64/lib/libjsvml.so
Event: 0,168 Loaded shared library /usr/lib/jvm/java-17-openjdk-amd64/lib/libzip.so
Event: 0,170 Loaded shared library /usr/lib/jvm/java-17-openjdk-amd64/lib/libinstrument.so
Event: 0,176 Loaded shared library /usr/lib/jvm/java-17-openjdk-amd64/lib/libnio.so
Event: 0,195 Loaded shared library /usr/lib/jvm/java-17-openjdk-amd64/lib/libzip.so
Event: 0,338 Loaded shared library /usr/lib/jvm/java-17-openjdk-amd64/lib/libjimage.so
Event: 0,360 Loaded shared library /usr/lib/jvm/java-17-openjdk-amd64/lib/libnet.so
Event: 0,389 Loaded shared library /usr/lib/jvm/java-17-openjdk-amd64/lib/libextnet.so
Event: 0,797 Loaded shared library /tmp/jffi10098136547677783086.so
Event: 0,997 Loaded shared library /usr/lib/jvm/java-17-openjdk-amd64/lib/libverify.so

Deoptimization events (20 events):
Event: 0,189 Thread 0x00007fc9a00166d0 Uncommon trap: trap_request=0xfffffff4 fr.pc=0x00007fc990ed244c relative=0x00000000000001ac
Event: 0,189 Thread 0x00007fc9a00166d0 Uncommon trap: reason=null_check action=make_not_entrant pc=0x00007fc990ed244c method=java.lang.String.equals(Ljava/lang/Object;)Z @ 8 c2
Event: 0,189 Thread 0x00007fc9a00166d0 DEOPT PACKING pc=0x00007fc990ed244c sp=0x00007fc9a59fd2b0
Event: 0,189 Thread 0x00007fc9a00166d0 DEOPT UNPACKING pc=0x00007fc99098d699 sp=0x00007fc9a59fd278 mode 2
Event: 0,256 Thread 0x00007fc9a00166d0 Uncommon trap: trap_request=0xffffff45 fr.pc=0x00007fc990ed3a10 relative=0x00000000000006b0
Event: 0,256 Thread 0x00007fc9a00166d0 Uncommon trap: reason=unstable_if action=reinterpret pc=0x00007fc990ed3a10 method=java.util.HashMap.putVal(ILjava/lang/Object;Ljava/lang/Object;ZZ)Ljava/lang/Object; @ 69 c2
Event: 0,256 Thread 0x00007fc9a00166d0 DEOPT PACKING pc=0x00007fc990ed3a10 sp=0x00007fc9a59fdf50
Event: 0,256 Thread 0x00007fc9a00166d0 DEOPT UNPACKING pc=0x00007fc99098d699 sp=0x00007fc9a59fdef0 mode 2
Event: 0,487 Thread 0x00007fc9a00166d0 Uncommon trap: trap_request=0xffffff45 fr.pc=0x00007fc990ed9718 relative=0x0000000000000078
Event: 0,487 Thread 0x00007fc9a00166d0 Uncommon trap: reason=unstable_if action=reinterpret pc=0x00007fc990ed9718 method=java.lang.String.isLatin1()Z @ 10 c2
Event: 0,487 Thread 0x00007fc9a00166d0 DEOPT PACKING pc=0x00007fc990ed9718 sp=0x00007fc9a59fa700
Event: 0,487 Thread 0x00007fc9a00166d0 DEOPT UNPACKING pc=0x00007fc99098d699 sp=0x00007fc9a59fa660 mode 2
Event: 0,492 Thread 0x00007fc9a00166d0 Uncommon trap: trap_request=0xffffff45 fr.pc=0x00007fc990eda67c relative=0x000000000000005c
Event: 0,492 Thread 0x00007fc9a00166d0 Uncommon trap: reason=unstable_if action=reinterpret pc=0x00007fc990eda67c method=java.lang.String.isLatin1()Z @ 10 c2
Event: 0,492 Thread 0x00007fc9a00166d0 DEOPT PACKING pc=0x00007fc990eda67c sp=0x00007fc9a59fa650
Event: 0,492 Thread 0x00007fc9a00166d0 DEOPT UNPACKING pc=0x00007fc99098d699 sp=0x00007fc9a59fa600 mode 2
Event: 1,869 Thread 0x00007fc9a00166d0 Uncommon trap: trap_request=0xffffff45 fr.pc=0x00007fc990ef6948 relative=0x0000000000001588
Event: 1,869 Thread 0x00007fc9a00166d0 Uncommon trap: reason=unstable_if action=reinterpret pc=0x00007fc990ef6948 method=java.util.HashMap.hash(Ljava/lang/Object;)I @ 1 c2
Event: 1,869 Thread 0x00007fc9a00166d0 DEOPT PACKING pc=0x00007fc990ef6948 sp=0x00007fc9a59fdd60
Event: 1,869 Thread 0x00007fc9a00166d0 DEOPT UNPACKING pc=0x00007fc99098d699 sp=0x00007fc9a59fdd10 mode 2

Classes unloaded (0 events):
No events

Classes redefined (0 events):
No events

Internal exceptions (7 events):
Event: 0,189 Thread 0x00007fc9a00166d0 Implicit null exception at 0x00007fc990ed22d5 to 0x00007fc990ed243c
Event: 0,370 Thread 0x00007fc9a02f4390 Exception <a 'java/lang/NoSuchMethodError'{0x000000008cff0ca0}: 'java.lang.Object java.lang.invoke.DirectMethodHandle$Holder.invokeStaticInit(java.lang.Object)'> (0x000000008cff0ca0) 
thrown [./src/hotspot/share/interpreter/linkResolver.cpp, line 758]
Event: 0,406 Thread 0x00007fc9a02f4390 Exception <a 'java/lang/NoSuchMethodError'{0x000000008cfff348}: 'void java.lang.invoke.DirectMethodHandle$Holder.invokeStatic(java.lang.Object, java.lang.Object)'> (0x000000008cfff348) 
thrown [./src/hotspot/share/interpreter/linkResolver.cpp, line 758]
Event: 1,343 Thread 0x00007fc9a00166d0 Exception <a 'java/lang/UnsatisfiedLinkError'{0x000000008c908310}: meos: Ne peut ouvrir le fichier d'objet partagé: Aucun fichier ou dossier de ce type> (0x000000008c908310) 
thrown [./src/hotspot/share/prims/jni.cpp, line 535]
Event: 1,668 Thread 0x00007fc9a00166d0 Exception <a 'java/lang/NoSuchMethodError'{0x000000008c6d2858}: 'java.lang.Object java.lang.invoke.DirectMethodHandle$Holder.newInvokeSpecial(java.lang.Object, java.lang.Object, java.lang.Object, java.lang.Object, java.lang.Object)'> (0x000000008c6d2858) 
thrown [./src/hotspot/share/interpreter/linkResolver.cpp, line 758]
Event: 1,742 Thread 0x00007fc9a00166d0 Exception <a 'java/lang/UnsatisfiedLinkError'{0x000000008c5e8f38}: /usr/local/lib/libmeos.so: undefined symbol: distance_timestamp_timestamp> (0x000000008c5e8f38) 
thrown [./src/hotspot/share/prims/jni.cpp, line 535]
Event: 1,869 Thread 0x00007fc9a00166d0 Implicit null exception at 0x00007fc990ef5400 to 0x00007fc990ef6934

VM Operations (14 events):
Event: 0,111 Executing VM operation: HandshakeAllThreads
Event: 0,111 Executing VM operation: HandshakeAllThreads done
Event: 0,367 Executing VM operation: HandshakeAllThreads
Event: 0,367 Executing VM operation: HandshakeAllThreads done
Event: 0,593 Executing VM operation: HandshakeAllThreads
Event: 0,593 Executing VM operation: HandshakeAllThreads done
Event: 0,965 Executing VM operation: HandshakeAllThreads
Event: 0,965 Executing VM operation: HandshakeAllThreads done
Event: 1,224 Executing VM operation: HandshakeAllThreads
Event: 1,224 Executing VM operation: HandshakeAllThreads done
Event: 1,224 Executing VM operation: Cleanup
Event: 1,225 Executing VM operation: Cleanup done
Event: 1,746 Executing VM operation: G1CollectForAllocation
Event: 1,810 Executing VM operation: G1CollectForAllocation done

Events (20 events):
Event: 1,819 loading class java/util/LinkedList$ListItr
Event: 1,819 loading class java/util/LinkedList$ListItr done
Event: 1,827 loading class sun/misc/Unsafe
Event: 1,827 loading class sun/misc/Unsafe done
Event: 1,854 loading class java/util/Stack
Event: 1,854 loading class java/util/Stack done
Event: 1,870 loading class java/time/OffsetDateTime
Event: 1,870 loading class java/time/OffsetDateTime done
Event: 1,872 loading class java/text/ParsePosition
Event: 1,872 loading class java/text/ParsePosition done
Event: 1,872 loading class java/time/format/DateTimeParseContext
Event: 1,872 loading class java/time/format/DateTimeParseContext done
Event: 1,872 loading class java/time/format/Parsed
Event: 1,872 loading class java/time/format/Parsed done
Event: 1,879 loading class java/time/ZonedDateTime
Event: 1,879 loading class java/time/chrono/ChronoZonedDateTime
Event: 1,880 loading class java/time/chrono/ChronoZonedDateTime done
Event: 1,880 loading class java/time/ZonedDateTime done
Event: 1,881 loading class java/nio/StringCharBuffer
Event: 1,887 loading class java/nio/StringCharBuffer done


Dynamic libraries:
85600000-8d200000 rw-p 00000000 00:00 0 
8d200000-ffe00000 ---p 00000000 00:00 0 
ffe00000-ffe76000 rw-p 00c9d000 08:02 10491600                           /usr/lib/jvm/java-17-openjdk-amd64/lib/server/classes.jsa
ffe76000-fff00000 rw-p 00000000 00:00 0 
fff00000-fff82000 rw-p 00c1b000 08:02 10491600                           /usr/lib/jvm/java-17-openjdk-amd64/lib/server/classes.jsa
fff82000-100000000 rw-p 00000000 00:00 0 
800000000-800458000 rw-p 00001000 08:02 10491600                         /usr/lib/jvm/java-17-openjdk-amd64/lib/server/classes.jsa
800458000-800be2000 r--p 00459000 08:02 10491600                         /usr/lib/jvm/java-17-openjdk-amd64/lib/server/classes.jsa
800be2000-801000000 ---p 00000000 00:00 0 
801000000-801040000 rw-p 00000000 00:00 0 
801040000-801090000 rw-p 00000000 00:00 0 
801090000-841000000 ---p 00000000 00:00 0 
55c9245c1000-55c9245c2000 r--p 00000000 08:02 10485864                   /usr/lib/jvm/java-17-openjdk-amd64/bin/java
55c9245c2000-55c9245c3000 r-xp 00001000 08:02 10485864                   /usr/lib/jvm/java-17-openjdk-amd64/bin/java
55c9245c3000-55c9245c4000 r--p 00002000 08:02 10485864                   /usr/lib/jvm/java-17-openjdk-amd64/bin/java
55c9245c4000-55c9245c5000 r--p 00002000 08:02 10485864                   /usr/lib/jvm/java-17-openjdk-amd64/bin/java
55c9245c5000-55c9245c6000 rw-p 00003000 08:02 10485864                   /usr/lib/jvm/java-17-openjdk-amd64/bin/java
55c925276000-55c9252bd000 rw-p 00000000 00:00 0                          [heap]
7fc91c000000-7fc91c021000 rw-p 00000000 00:00 0 
7fc91c021000-7fc920000000 ---p 00000000 00:00 0 
7fc924000000-7fc924021000 rw-p 00000000 00:00 0 
7fc924021000-7fc928000000 ---p 00000000 00:00 0 
7fc92bdfc000-7fc92bdfd000 ---p 00000000 00:00 0 
7fc92bdfd000-7fc92befe000 rw-p 00000000 00:00 0 
7fc92befe000-7fc92beff000 ---p 00000000 00:00 0 
7fc92beff000-7fc92c000000 rw-p 00000000 00:00 0 
7fc92c000000-7fc92c027000 rw-p 00000000 00:00 0 
7fc92c027000-7fc930000000 ---p 00000000 00:00 0 
7fc930000000-7fc930021000 rw-p 00000000 00:00 0 
7fc930021000-7fc934000000 ---p 00000000 00:00 0 
7fc934000000-7fc934021000 rw-p 00000000 00:00 0 
7fc934021000-7fc938000000 ---p 00000000 00:00 0 
7fc938000000-7fc938021000 rw-p 00000000 00:00 0 
7fc938021000-7fc93c000000 ---p 00000000 00:00 0 
7fc93c000000-7fc93c021000 rw-p 00000000 00:00 0 
7fc93c021000-7fc940000000 ---p 00000000 00:00 0 
7fc940000000-7fc940021000 rw-p 00000000 00:00 0 
7fc940021000-7fc944000000 ---p 00000000 00:00 0 
7fc944000000-7fc944305000 rw-p 00000000 00:00 0 
7fc944305000-7fc948000000 ---p 00000000 00:00 0 
7fc948000000-7fc948021000 rw-p 00000000 00:00 0 
7fc948021000-7fc94c000000 ---p 00000000 00:00 0 
7fc94c000000-7fc94c021000 rw-p 00000000 00:00 0 
7fc94c021000-7fc950000000 ---p 00000000 00:00 0 
7fc950000000-7fc95033e000 rw-p 00000000 00:00 0 
7fc95033e000-7fc954000000 ---p 00000000 00:00 0 
7fc954000000-7fc954021000 rw-p 00000000 00:00 0 
7fc954021000-7fc958000000 ---p 00000000 00:00 0 
7fc958000000-7fc958021000 rw-p 00000000 00:00 0 
7fc958021000-7fc95c000000 ---p 00000000 00:00 0 
7fc95c000000-7fc95c021000 rw-p 00000000 00:00 0 
7fc95c021000-7fc960000000 ---p 00000000 00:00 0 
7fc960000000-7fc960021000 rw-p 00000000 00:00 0 
7fc960021000-7fc964000000 ---p 00000000 00:00 0 
7fc964000000-7fc964021000 rw-p 00000000 00:00 0 
7fc964021000-7fc968000000 ---p 00000000 00:00 0 
7fc968000000-7fc968021000 rw-p 00000000 00:00 0 
7fc968021000-7fc96c000000 ---p 00000000 00:00 0 
7fc96c000000-7fc96c290000 rw-p 00000000 00:00 0 
7fc96c290000-7fc96c400000 ---p 00000000 00:00 0 
7fc96c400000-7fc96c610000 rw-p 00000000 00:00 0 
7fc96c610000-7fc970000000 ---p 00000000 00:00 0 
7fc970000000-7fc970021000 rw-p 00000000 00:00 0 
7fc970021000-7fc974000000 ---p 00000000 00:00 0 
7fc974033000-7fc974034000 ---p 00000000 00:00 0 
7fc974034000-7fc974135000 rw-p 00000000 00:00 0 
7fc974135000-7fc974156000 r--p 00000000 08:02 10356892                   /usr/lib/x86_64-linux-gnu/libkrb5.so.3.3
7fc974156000-7fc9741b3000 r-xp 00021000 08:02 10356892                   /usr/lib/x86_64-linux-gnu/libkrb5.so.3.3
7fc9741b3000-7fc9741f0000 r--p 0007e000 08:02 10356892                   /usr/lib/x86_64-linux-gnu/libkrb5.so.3.3
7fc9741f0000-7fc9741f1000 ---p 000bb000 08:02 10356892                   /usr/lib/x86_64-linux-gnu/libkrb5.so.3.3
7fc9741f1000-7fc9741fe000 r--p 000bb000 08:02 10356892                   /usr/lib/x86_64-linux-gnu/libkrb5.so.3.3
7fc9741fe000-7fc974200000 rw-p 000c8000 08:02 10356892                   /usr/lib/x86_64-linux-gnu/libkrb5.so.3.3
7fc974200000-7fc9742b2000 r--p 00000000 08:02 10357909                   /usr/lib/x86_64-linux-gnu/libcrypto.so.3
7fc9742b2000-7fc974510000 r-xp 000b2000 08:02 10357909                   /usr/lib/x86_64-linux-gnu/libcrypto.so.3
7fc974510000-7fc9745e2000 r--p 00310000 08:02 10357909                   /usr/lib/x86_64-linux-gnu/libcrypto.so.3
7fc9745e2000-7fc97463d000 r--p 003e1000 08:02 10357909                   /usr/lib/x86_64-linux-gnu/libcrypto.so.3
7fc97463d000-7fc974640000 rw-p 0043c000 08:02 10357909                   /usr/lib/x86_64-linux-gnu/libcrypto.so.3
7fc974640000-7fc974643000 rw-p 00000000 00:00 0 
7fc97464c000-7fc97464f000 r--p 00000000 08:02 10365379                   /usr/lib/x86_64-linux-gnu/libresolv.so.2
7fc97464f000-7fc974659000 r-xp 00003000 08:02 10365379                   /usr/lib/x86_64-linux-gnu/libresolv.so.2
7fc974659000-7fc97465c000 r--p 0000d000 08:02 10365379                   /usr/lib/x86_64-linux-gnu/libresolv.so.2
7fc97465c000-7fc97465d000 r--p 0000f000 08:02 10365379                   /usr/lib/x86_64-linux-gnu/libresolv.so.2
7fc97465d000-7fc97465e000 rw-p 00010000 08:02 10365379                   /usr/lib/x86_64-linux-gnu/libresolv.so.2
7fc97465e000-7fc974660000 rw-p 00000000 00:00 0 
7fc974660000-7fc974662000 r--p 00000000 08:02 10356728                   /usr/lib/x86_64-linux-gnu/libffi.so.8.1.0
7fc974662000-7fc974669000 r-xp 00002000 08:02 10356728                   /usr/lib/x86_64-linux-gnu/libffi.so.8.1.0
7fc974669000-7fc97466a000 r--p 00009000 08:02 10356728                   /usr/lib/x86_64-linux-gnu/libffi.so.8.1.0
7fc97466a000-7fc97466b000 ---p 0000a000 08:02 10356728                   /usr/lib/x86_64-linux-gnu/libffi.so.8.1.0
7fc97466b000-7fc97466c000 r--p 0000a000 08:02 10356728                   /usr/lib/x86_64-linux-gnu/libffi.so.8.1.0
7fc97466c000-7fc97466d000 rw-p 0000b000 08:02 10356728                   /usr/lib/x86_64-linux-gnu/libffi.so.8.1.0
7fc97466d000-7fc97466e000 r--p 00000000 08:02 10355681                   /usr/lib/x86_64-linux-gnu/libbrotlicommon.so.1.0.9
7fc97466e000-7fc97466f000 r-xp 00001000 08:02 10355681                   /usr/lib/x86_64-linux-gnu/libbrotlicommon.so.1.0.9
7fc97466f000-7fc97468e000 r--p 00002000 08:02 10355681                   /usr/lib/x86_64-linux-gnu/libbrotlicommon.so.1.0.9
7fc97468e000-7fc97468f000 r--p 00020000 08:02 10355681                   /usr/lib/x86_64-linux-gnu/libbrotlicommon.so.1.0.9
7fc97468f000-7fc974690000 rw-p 00021000 08:02 10355681                   /usr/lib/x86_64-linux-gnu/libbrotlicommon.so.1.0.9
7fc974690000-7fc974693000 r--p 00000000 08:02 10356794                   /usr/lib/x86_64-linux-gnu/libsasl2.so.2.0.25
7fc974693000-7fc9746a4000 r-xp 00003000 08:02 10356794                   /usr/lib/x86_64-linux-gnu/libsasl2.so.2.0.25
7fc9746a4000-7fc9746a9000 r--p 00014000 08:02 10356794                   /usr/lib/x86_64-linux-gnu/libsasl2.so.2.0.25
7fc9746a9000-7fc9746aa000 r--p 00018000 08:02 10356794                   /usr/lib/x86_64-linux-gnu/libsasl2.so.2.0.25
7fc9746aa000-7fc9746ab000 rw-p 00019000 08:02 10356794                   /usr/lib/x86_64-linux-gnu/libsasl2.so.2.0.25
7fc9746ab000-7fc9746ae000 r--p 00000000 08:02 10355637                   /usr/lib/x86_64-linux-gnu/libkrb5support.so.0.1
7fc9746ae000-7fc9746b4000 r-xp 00003000 08:02 10355637                   /usr/lib/x86_64-linux-gnu/libkrb5support.so.0.1
7fc9746b4000-7fc9746b6000 r--p 00009000 08:02 10355637                   /usr/lib/x86_64-linux-gnu/libkrb5support.so.0.1
7fc9746b6000-7fc9746b7000 ---p 0000b000 08:02 10355637                   /usr/lib/x86_64-linux-gnu/libkrb5support.so.0.1
7fc9746b7000-7fc9746b8000 r--p 0000b000 08:02 10355637                   /usr/lib/x86_64-linux-gnu/libkrb5support.so.0.1
7fc9746b8000-7fc9746b9000 rw-p 0000c000 08:02 10355637                   /usr/lib/x86_64-linux-gnu/libkrb5support.so.0.1
7fc9746b9000-7fc9746bd000 r--p 00000000 08:02 10357711                   /usr/lib/x86_64-linux-gnu/libk5crypto.so.3.1
7fc9746bd000-7fc9746d8000 r-xp 00004000 08:02 10357711                   /usr/lib/x86_64-linux-gnu/libk5crypto.so.3.1
7fc9746d8000-7fc9746e4000 r--p 0001f000 08:02 10357711                   /usr/lib/x86_64-linux-gnu/libk5crypto.so.3.1
7fc9746e4000-7fc9746e5000 ---p 0002b000 08:02 10357711                   /usr/lib/x86_64-linux-gnu/libk5crypto.so.3.1
7fc9746e5000-7fc9746e6000 r--p 0002b000 08:02 10357711                   /usr/lib/x86_64-linux-gnu/libk5crypto.so.3.1
7fc9746e6000-7fc9746e7000 rw-p 0002c000 08:02 10357711                   /usr/lib/x86_64-linux-gnu/libk5crypto.so.3.1
7fc9746e7000-7fc9746e8000 rw-p 00000000 00:00 0 
7fc9746e8000-7fc9746eb000 r--p 00000000 08:02 10361751                   /usr/lib/x86_64-linux-gnu/libtasn1.so.6.6.2
7fc9746eb000-7fc9746f9000 r-xp 00003000 08:02 10361751                   /usr/lib/x86_64-linux-gnu/libtasn1.so.6.6.2
7fc9746f9000-7fc9746fd000 r--p 00011000 08:02 10361751                   /usr/lib/x86_64-linux-gnu/libtasn1.so.6.6.2
7fc9746fd000-7fc9746fe000 ---p 00015000 08:02 10361751                   /usr/lib/x86_64-linux-gnu/libtasn1.so.6.6.2
7fc9746fe000-7fc9746ff000 r--p 00015000 08:02 10361751                   /usr/lib/x86_64-linux-gnu/libtasn1.so.6.6.2
7fc9746ff000-7fc974700000 rw-p 00016000 08:02 10361751                   /usr/lib/x86_64-linux-gnu/libtasn1.so.6.6.2
7fc974700000-7fc974729000 r--p 00000000 08:02 10356002                   /usr/lib/x86_64-linux-gnu/libp11-kit.so.0.3.0
7fc974729000-7fc9747cd000 r-xp 00029000 08:02 10356002                   /usr/lib/x86_64-linux-gnu/libp11-kit.so.0.3.0
7fc9747cd000-7fc974827000 r--p 000cd000 08:02 10356002                   /usr/lib/x86_64-linux-gnu/libp11-kit.so.0.3.0
7fc974827000-7fc974831000 r--p 00126000 08:02 10356002                   /usr/lib/x86_64-linux-gnu/libp11-kit.so.0.3.0
7fc974831000-7fc97483b000 rw-p 00130000 08:02 10356002                   /usr/lib/x86_64-linux-gnu/libp11-kit.so.0.3.0
7fc97483b000-7fc974845000 r--p 00000000 08:02 10357741                   /usr/lib/x86_64-linux-gnu/libgmp.so.10.4.1
7fc974845000-7fc9748a4000 r-xp 0000a000 08:02 10357741                   /usr/lib/x86_64-linux-gnu/libgmp.so.10.4.1
7fc9748a4000-7fc9748bb000 r--p 00069000 08:02 10357741                   /usr/lib/x86_64-linux-gnu/libgmp.so.10.4.1
7fc9748bb000-7fc9748bc000 r--p 0007f000 08:02 10357741                   /usr/lib/x86_64-linux-gnu/libgmp.so.10.4.1
7fc9748bc000-7fc9748bd000 rw-p 00080000 08:02 10357741                   /usr/lib/x86_64-linux-gnu/libgmp.so.10.4.1
7fc9748bd000-7fc9748c5000 r--p 00000000 08:02 10360657                   /usr/lib/x86_64-linux-gnu/libhogweed.so.6.4
7fc9748c5000-7fc9748d8000 r-xp 00008000 08:02 10360657                   /usr/lib/x86_64-linux-gnu/libhogweed.so.6.4
7fc9748d8000-7fc974902000 r--p 0001b000 08:02 10360657                   /usr/lib/x86_64-linux-gnu/libhogweed.so.6.4
7fc974902000-7fc974903000 ---p 00045000 08:02 10360657                   /usr/lib/x86_64-linux-gnu/libhogweed.so.6.4
7fc974903000-7fc974904000 r--p 00045000 08:02 10360657                   /usr/lib/x86_64-linux-gnu/libhogweed.so.6.4
7fc974904000-7fc974905000 rw-p 00046000 08:02 10360657                   /usr/lib/x86_64-linux-gnu/libhogweed.so.6.4
7fc974905000-7fc974916000 r--p 00000000 08:02 10360661                   /usr/lib/x86_64-linux-gnu/libunistring.so.2.2.0
7fc974916000-7fc97494c000 r-xp 00011000 08:02 10360661                   /usr/lib/x86_64-linux-gnu/libunistring.so.2.2.0
7fc97494c000-7fc974aaa000 r--p 00047000 08:02 10360661                   /usr/lib/x86_64-linux-gnu/libunistring.so.2.2.0
7fc974aaa000-7fc974aae000 r--p 001a5000 08:02 10360661                   /usr/lib/x86_64-linux-gnu/libunistring.so.2.2.0
7fc974aae000-7fc974aaf000 rw-p 001a9000 08:02 10360661                   /usr/lib/x86_64-linux-gnu/libunistring.so.2.2.0
7fc974aaf000-7fc974abd000 r--p 00000000 08:02 10362052                   /usr/lib/x86_64-linux-gnu/libldap-2.5.so.0.1.9
7fc974abd000-7fc974af7000 r-xp 0000e000 08:02 10362052                   /usr/lib/x86_64-linux-gnu/libldap-2.5.so.0.1.9
7fc974af7000-7fc974b08000 r--p 00048000 08:02 10362052                   /usr/lib/x86_64-linux-gnu/libldap-2.5.so.0.1.9
7fc974b08000-7fc974b09000 ---p 00059000 08:02 10362052                   /usr/lib/x86_64-linux-gnu/libldap-2.5.so.0.1.9
7fc974b09000-7fc974b0b000 r--p 00059000 08:02 10362052                   /usr/lib/x86_64-linux-gnu/libldap-2.5.so.0.1.9
7fc974b0b000-7fc974b0c000 rw-p 0005b000 08:02 10362052                   /usr/lib/x86_64-linux-gnu/libldap-2.5.so.0.1.9
7fc974b0c000-7fc974b0e000 rw-p 00000000 00:00 0 
7fc974b0e000-7fc974b19000 r--p 00000000 08:02 10357451                   /usr/lib/x86_64-linux-gnu/libgssapi_krb5.so.2.2
7fc974b19000-7fc974b51000 r-xp 0000b000 08:02 10357451                   /usr/lib/x86_64-linux-gnu/libgssapi_krb5.so.2.2
7fc974b51000-7fc974b5d000 r--p 00043000 08:02 10357451                   /usr/lib/x86_64-linux-gnu/libgssapi_krb5.so.2.2
7fc974b5d000-7fc974b5e000 ---p 0004f000 08:02 10357451                   /usr/lib/x86_64-linux-gnu/libgssapi_krb5.so.2.2
7fc974b5e000-7fc974b60000 r--p 0004f000 08:02 10357451                   /usr/lib/x86_64-linux-gnu/libgssapi_krb5.so.2.2
7fc974b60000-7fc974b62000 rw-p 00051000 08:02 10357451                   /usr/lib/x86_64-linux-gnu/libgssapi_krb5.so.2.2
7fc974b62000-7fc974b93000 r--p 00000000 08:02 10357230                   /usr/lib/x86_64-linux-gnu/libgnutls.so.30.31.0
7fc974b93000-7fc974cbc000 r-xp 00031000 08:02 10357230                   /usr/lib/x86_64-linux-gnu/libgnutls.so.30.31.0
7fc974cbc000-7fc974d39000 r--p 0015a000 08:02 10357230                   /usr/lib/x86_64-linux-gnu/libgnutls.so.30.31.0
7fc974d39000-7fc974d49000 r--p 001d6000 08:02 10357230                   /usr/lib/x86_64-linux-gnu/libgnutls.so.30.31.0
7fc974d49000-7fc974d4b000 rw-p 001e6000 08:02 10357230                   /usr/lib/x86_64-linux-gnu/libgnutls.so.30.31.0
7fc974d4b000-7fc974d4d000 rw-p 00000000 00:00 0 
7fc974d4d000-7fc974d57000 r--p 00000000 08:02 10355057                   /usr/lib/x86_64-linux-gnu/libnettle.so.8.4
7fc974d57000-7fc974d7a000 r-xp 0000a000 08:02 10355057                   /usr/lib/x86_64-linux-gnu/libnettle.so.8.4
7fc974d7a000-7fc974d90000 r--p 0002d000 08:02 10355057                   /usr/lib/x86_64-linux-gnu/libnettle.so.8.4
7fc974d90000-7fc974d92000 r--p 00042000 08:02 10355057                   /usr/lib/x86_64-linux-gnu/libnettle.so.8.4
7fc974d92000-7fc974d93000 rw-p 00044000 08:02 10355057                   /usr/lib/x86_64-linux-gnu/libnettle.so.8.4
7fc974d93000-7fc974da0000 r--p 00000000 08:02 10355513                   /usr/lib/x86_64-linux-gnu/libssh.so.4.8.7
7fc974da0000-7fc974de3000 r-xp 0000d000 08:02 10355513                   /usr/lib/x86_64-linux-gnu/libssh.so.4.8.7
7fc974de3000-7fc974dfb000 r--p 00050000 08:02 10355513                   /usr/lib/x86_64-linux-gnu/libssh.so.4.8.7
7fc974dfb000-7fc974dfc000 ---p 00068000 08:02 10355513                   /usr/lib/x86_64-linux-gnu/libssh.so.4.8.7
7fc974dfc000-7fc974dfe000 r--p 00068000 08:02 10355513                   /usr/lib/x86_64-linux-gnu/libssh.so.4.8.7
7fc974dfe000-7fc974e00000 rw-p 0006a000 08:02 10355513                   /usr/lib/x86_64-linux-gnu/libssh.so.4.8.7
7fc974e00000-7fc974e78000 r--p 00000000 08:02 10366481                   /usr/lib/x86_64-linux-gnu/libgeos.so.3.10.2
7fc974e78000-7fc974fa6000 r-xp 00078000 08:02 10366481                   /usr/lib/x86_64-linux-gnu/libgeos.so.3.10.2
7fc974fa6000-7fc975003000 r--p 001a6000 08:02 10366481                   /usr/lib/x86_64-linux-gnu/libgeos.so.3.10.2
7fc975003000-7fc97500a000 r--p 00202000 08:02 10366481                   /usr/lib/x86_64-linux-gnu/libgeos.so.3.10.2
7fc97500a000-7fc97500b000 rw-p 00209000 08:02 10366481                   /usr/lib/x86_64-linux-gnu/libgeos.so.3.10.2
7fc975013000-7fc975014000 r--p 00000000 08:02 10355683                   /usr/lib/x86_64-linux-gnu/libbrotlidec.so.1.0.9
7fc975014000-7fc97501c000 r-xp 00001000 08:02 10355683                   /usr/lib/x86_64-linux-gnu/libbrotlidec.so.1.0.9
7fc97501c000-7fc97501f000 r--p 00009000 08:02 10355683                   /usr/lib/x86_64-linux-gnu/libbrotlidec.so.1.0.9
7fc97501f000-7fc975020000 r--p 0000b000 08:02 10355683                   /usr/lib/x86_64-linux-gnu/libbrotlidec.so.1.0.9
7fc975020000-7fc975021000 rw-p 0000c000 08:02 10355683                   /usr/lib/x86_64-linux-gnu/libbrotlidec.so.1.0.9
7fc975021000-7fc975024000 r--p 00000000 08:02 10355303                   /usr/lib/x86_64-linux-gnu/liblber-2.5.so.0.1.9
7fc975024000-7fc97502c000 r-xp 00003000 08:02 10355303                   /usr/lib/x86_64-linux-gnu/liblber-2.5.so.0.1.9
7fc97502c000-7fc97502f000 r--p 0000b000 08:02 10355303                   /usr/lib/x86_64-linux-gnu/liblber-2.5.so.0.1.9
7fc97502f000-7fc975030000 ---p 0000e000 08:02 10355303                   /usr/lib/x86_64-linux-gnu/liblber-2.5.so.0.1.9
7fc975030000-7fc975031000 r--p 0000e000 08:02 10355303                   /usr/lib/x86_64-linux-gnu/liblber-2.5.so.0.1.9
7fc975031000-7fc975032000 rw-p 0000f000 08:02 10355303                   /usr/lib/x86_64-linux-gnu/liblber-2.5.so.0.1.9
7fc975032000-7fc975036000 r--p 00000000 08:02 10355582                   /usr/lib/x86_64-linux-gnu/libjpeg.so.8.2.2
7fc975036000-7fc97507f000 r-xp 00004000 08:02 10355582                   /usr/lib/x86_64-linux-gnu/libjpeg.so.8.2.2
7fc97507f000-7fc9750b1000 r--p 0004d000 08:02 10355582                   /usr/lib/x86_64-linux-gnu/libjpeg.so.8.2.2
7fc9750b1000-7fc9750b2000 r--p 0007e000 08:02 10355582                   /usr/lib/x86_64-linux-gnu/libjpeg.so.8.2.2
7fc9750b2000-7fc9750b3000 rw-p 0007f000 08:02 10355582                   /usr/lib/x86_64-linux-gnu/libjpeg.so.8.2.2
7fc9750b3000-7fc9750d1000 r--p 00000000 08:02 10355997                   /usr/lib/x86_64-linux-gnu/libsqlite3.so.0.8.6
7fc9750d1000-7fc9751bd000 r-xp 0001e000 08:02 10355997                   /usr/lib/x86_64-linux-gnu/libsqlite3.so.0.8.6
7fc9751bd000-7fc9751f8000 r--p 0010a000 08:02 10355997                   /usr/lib/x86_64-linux-gnu/libsqlite3.so.0.8.6
7fc9751f8000-7fc9751fc000 r--p 00144000 08:02 10355997                   /usr/lib/x86_64-linux-gnu/libsqlite3.so.0.8.6
7fc9751fc000-7fc975200000 rw-p 00148000 08:02 10355997                   /usr/lib/x86_64-linux-gnu/libsqlite3.so.0.8.6
7fc975200000-7fc97525b000 r--p 00000000 08:02 10360429                   /usr/lib/x86_64-linux-gnu/libgsl.so.27.0.0
7fc97525b000-7fc975432000 r-xp 0005b000 08:02 10360429                   /usr/lib/x86_64-linux-gnu/libgsl.so.27.0.0
7fc975432000-7fc9754ab000 r--p 00232000 08:02 10360429                   /usr/lib/x86_64-linux-gnu/libgsl.so.27.0.0
7fc9754ab000-7fc9754ac000 ---p 002ab000 08:02 10360429                   /usr/lib/x86_64-linux-gnu/libgsl.so.27.0.0
7fc9754ac000-7fc9754b0000 r--p 002ab000 08:02 10360429                   /usr/lib/x86_64-linux-gnu/libgsl.so.27.0.0
7fc9754b0000-7fc9754be000 rw-p 002af000 08:02 10360429                   /usr/lib/x86_64-linux-gnu/libgsl.so.27.0.0
7fc9754be000-7fc9754bf000 rw-p 00000000 00:00 0 
7fc9754c7000-7fc9754cc000 r--p 00000000 08:02 10355338                   /usr/lib/x86_64-linux-gnu/librtmp.so.1
7fc9754cc000-7fc9754dc000 r-xp 00005000 08:02 10355338                   /usr/lib/x86_64-linux-gnu/librtmp.so.1
7fc9754dc000-7fc9754e3000 r--p 00015000 08:02 10355338                   /usr/lib/x86_64-linux-gnu/librtmp.so.1
7fc9754e3000-7fc9754e4000 ---p 0001c000 08:02 10355338                   /usr/lib/x86_64-linux-gnu/librtmp.so.1
7fc9754e4000-7fc9754e5000 r--p 0001c000 08:02 10355338                   /usr/lib/x86_64-linux-gnu/librtmp.so.1
7fc9754e5000-7fc9754e6000 rw-p 0001d000 08:02 10355338                   /usr/lib/x86_64-linux-gnu/librtmp.so.1
7fc9754e6000-7fc9754e8000 r--p 00000000 08:02 10361325                   /usr/lib/x86_64-linux-gnu/libidn2.so.0.3.7
7fc9754e8000-7fc9754ec000 r-xp 00002000 08:02 10361325                   /usr/lib/x86_64-linux-gnu/libidn2.so.0.3.7
7fc9754ec000-7fc975505000 r--p 00006000 08:02 10361325                   /usr/lib/x86_64-linux-gnu/libidn2.so.0.3.7
7fc975505000-7fc975506000 r--p 0001e000 08:02 10361325                   /usr/lib/x86_64-linux-gnu/libidn2.so.0.3.7
7fc975506000-7fc975507000 rw-p 0001f000 08:02 10361325                   /usr/lib/x86_64-linux-gnu/libidn2.so.0.3.7
7fc975507000-7fc97550c000 r--p 00000000 08:02 10354889                   /usr/lib/x86_64-linux-gnu/libnghttp2.so.14.20.1
7fc97550c000-7fc975521000 r-xp 00005000 08:02 10354889                   /usr/lib/x86_64-linux-gnu/libnghttp2.so.14.20.1
7fc975521000-7fc97552d000 r--p 0001a000 08:02 10354889                   /usr/lib/x86_64-linux-gnu/libnghttp2.so.14.20.1
7fc97552d000-7fc975530000 r--p 00025000 08:02 10354889                   /usr/lib/x86_64-linux-gnu/libnghttp2.so.14.20.1
7fc975530000-7fc975531000 rw-p 00028000 08:02 10354889                   /usr/lib/x86_64-linux-gnu/libnghttp2.so.14.20.1
7fc975531000-7fc97553b000 r--p 00000000 08:02 10354868                   /usr/lib/x86_64-linux-gnu/libzstd.so.1.4.8
7fc97553b000-7fc9755ed000 r-xp 0000a000 08:02 10354868                   /usr/lib/x86_64-linux-gnu/libzstd.so.1.4.8
7fc9755ed000-7fc9755fe000 r--p 000bc000 08:02 10354868                   /usr/lib/x86_64-linux-gnu/libzstd.so.1.4.8
7fc9755fe000-7fc9755ff000 r--p 000cc000 08:02 10354868                   /usr/lib/x86_64-linux-gnu/libzstd.so.1.4.8
7fc9755ff000-7fc975600000 rw-p 000cd000 08:02 10354868                   /usr/lib/x86_64-linux-gnu/libzstd.so.1.4.8
7fc975600000-7fc975668000 r--p 00000000 08:02 10358220                   /usr/lib/x86_64-linux-gnu/libproj.so.22.2.1
7fc975668000-7fc9758b7000 r-xp 00068000 08:02 10358220                   /usr/lib/x86_64-linux-gnu/libproj.so.22.2.1
7fc9758b7000-7fc97594c000 r--p 002b7000 08:02 10358220                   /usr/lib/x86_64-linux-gnu/libproj.so.22.2.1
7fc97594c000-7fc97594d000 ---p 0034c000 08:02 10358220                   /usr/lib/x86_64-linux-gnu/libproj.so.22.2.1
7fc97594d000-7fc975964000 r--p 0034c000 08:02 10358220                   /usr/lib/x86_64-linux-gnu/libproj.so.22.2.1
7fc975964000-7fc975966000 rw-p 00363000 08:02 10358220                   /usr/lib/x86_64-linux-gnu/libproj.so.22.2.1
7fc975966000-7fc975969000 rw-p 00000000 00:00 0 
7fc975969000-7fc97596b000 r--p 00000000 08:02 10357718                   /usr/lib/x86_64-linux-gnu/libkeyutils.so.1.9
7fc97596b000-7fc97596d000 r-xp 00002000 08:02 10357718                   /usr/lib/x86_64-linux-gnu/libkeyutils.so.1.9
7fc97596d000-7fc97596e000 r--p 00004000 08:02 10357718                   /usr/lib/x86_64-linux-gnu/libkeyutils.so.1.9
7fc97596e000-7fc97596f000 r--p 00004000 08:02 10357718                   /usr/lib/x86_64-linux-gnu/libkeyutils.so.1.9
7fc97596f000-7fc975970000 rw-p 00005000 08:02 10357718                   /usr/lib/x86_64-linux-gnu/libkeyutils.so.1.9
7fc975970000-7fc975972000 r--p 00000000 08:02 10358223                   /usr/lib/x86_64-linux-gnu/libwebp.so.7.1.3
7fc975972000-7fc9759c7000 r-xp 00002000 08:02 10358223                   /usr/lib/x86_64-linux-gnu/libwebp.so.7.1.3
7fc9759c7000-7fc9759d8000 r--p 00057000 08:02 10358223                   /usr/lib/x86_64-linux-gnu/libwebp.so.7.1.3
7fc9759d8000-7fc9759d9000 r--p 00067000 08:02 10358223                   /usr/lib/x86_64-linux-gnu/libwebp.so.7.1.3
7fc9759d9000-7fc9759da000 rw-p 00068000 08:02 10358223                   /usr/lib/x86_64-linux-gnu/libwebp.so.7.1.3
7fc9759da000-7fc9759dc000 rw-p 00000000 00:00 0 
7fc9759dc000-7fc9759ea000 r--p 00000000 08:02 10355046                   /usr/lib/x86_64-linux-gnu/libcurl-gnutls.so.4.7.0
7fc9759ea000-7fc975a5c000 r-xp 0000e000 08:02 10355046                   /usr/lib/x86_64-linux-gnu/libcurl-gnutls.so.4.7.0
7fc975a5c000-7fc975a77000 r--p 00080000 08:02 10355046                   /usr/lib/x86_64-linux-gnu/libcurl-gnutls.so.4.7.0
7fc975a77000-7fc975a7b000 r--p 0009a000 08:02 10355046                   /usr/lib/x86_64-linux-gnu/libcurl-gnutls.so.4.7.0
7fc975a7b000-7fc975a7d000 rw-p 0009e000 08:02 10355046                   /usr/lib/x86_64-linux-gnu/libcurl-gnutls.so.4.7.0
7fc975a7d000-7fc975a7e000 rw-p 00000000 00:00 0 
7fc975a7e000-7fc975ab4000 r--p 00000000 08:02 11142841                   /usr/local/lib/libmeos.so
7fc975ab4000-7fc975ba8000 r-xp 00036000 08:02 11142841                   /usr/local/lib/libmeos.so
7fc975ba8000-7fc975bf3000 r--p 0012a000 08:02 11142841                   /usr/local/lib/libmeos.so
7fc975bf3000-7fc975bf4000 ---p 00175000 08:02 11142841                   /usr/local/lib/libmeos.so
7fc975bf4000-7fc975bf5000 r--p 00175000 08:02 11142841                   /usr/local/lib/libmeos.so
7fc975bf5000-7fc975bfa000 rw-p 00176000 08:02 11142841                   /usr/local/lib/libmeos.so
7fc975bfa000-7fc975c00000 rw-p 00000000 00:00 0 
7fc975c00000-7fc975c12000 r-xp 00000000 08:02 1705150                    /tmp/jffi10098136547677783086.so (deleted)
7fc975c12000-7fc975e11000 ---p 00012000 08:02 1705150                    /tmp/jffi10098136547677783086.so (deleted)
7fc975e11000-7fc975e12000 rw-p 00011000 08:02 1705150                    /tmp/jffi10098136547677783086.so (deleted)
7fc975e12000-7fc975e13000 r--p 00000000 08:02 10355584                   /usr/lib/x86_64-linux-gnu/libdeflate.so.0
7fc975e13000-7fc975e2f000 r-xp 00001000 08:02 10355584                   /usr/lib/x86_64-linux-gnu/libdeflate.so.0
7fc975e2f000-7fc975e33000 r--p 0001d000 08:02 10355584                   /usr/lib/x86_64-linux-gnu/libdeflate.so.0
7fc975e33000-7fc975e34000 ---p 00021000 08:02 10355584                   /usr/lib/x86_64-linux-gnu/libdeflate.so.0
7fc975e34000-7fc975e35000 r--p 00021000 08:02 10355584                   /usr/lib/x86_64-linux-gnu/libdeflate.so.0
7fc975e35000-7fc975e36000 rw-p 00022000 08:02 10355584                   /usr/lib/x86_64-linux-gnu/libdeflate.so.0
7fc975e36000-7fc975e39000 r--p 00000000 08:02 10360435                   /usr/lib/x86_64-linux-gnu/libgslcblas.so.0.0.0
7fc975e39000-7fc975e72000 r-xp 00003000 08:02 10360435                   /usr/lib/x86_64-linux-gnu/libgslcblas.so.0.0.0
7fc975e72000-7fc975e76000 r--p 0003c000 08:02 10360435                   /usr/lib/x86_64-linux-gnu/libgslcblas.so.0.0.0
7fc975e76000-7fc975e77000 r--p 0003f000 08:02 10360435                   /usr/lib/x86_64-linux-gnu/libgslcblas.so.0.0.0
7fc975e77000-7fc975e78000 rw-p 00040000 08:02 10360435                   /usr/lib/x86_64-linux-gnu/libgslcblas.so.0.0.0
7fc975e78000-7fc975e80000 r--p 00000000 08:02 10358811                   /usr/lib/x86_64-linux-gnu/libtiff.so.5.7.0
7fc975e80000-7fc975ec8000 r-xp 00008000 08:02 10358811                   /usr/lib/x86_64-linux-gnu/libtiff.so.5.7.0
7fc975ec8000-7fc975ef8000 r--p 00050000 08:02 10358811                   /usr/lib/x86_64-linux-gnu/libtiff.so.5.7.0
7fc975ef8000-7fc975efd000 r--p 0007f000 08:02 10358811                   /usr/lib/x86_64-linux-gnu/libtiff.so.5.7.0
7fc975efd000-7fc975efe000 rw-p 00084000 08:02 10358811                   /usr/lib/x86_64-linux-gnu/libtiff.so.5.7.0
7fc975efe000-7fc975eff000 ---p 00000000 00:00 0 
7fc975eff000-7fc978000000 rw-p 00000000 00:00 0 
7fc978000000-7fc978021000 rw-p 00000000 00:00 0 
7fc978021000-7fc97c000000 ---p 00000000 00:00 0 
7fc97c000000-7fc97c021000 rw-p 00000000 00:00 0 
7fc97c021000-7fc980000000 ---p 00000000 00:00 0 
7fc980000000-7fc980021000 rw-p 00000000 00:00 0 
7fc980021000-7fc984000000 ---p 00000000 00:00 0 
7fc984000000-7fc984004000 ---p 00000000 00:00 0 
7fc984004000-7fc984100000 rw-p 00000000 00:00 0 
7fc984100000-7fc984104000 ---p 00000000 00:00 0 
7fc984104000-7fc984200000 rw-p 00000000 00:00 0 
7fc984200000-7fc984204000 ---p 00000000 00:00 0 
7fc984204000-7fc984300000 rw-p 00000000 00:00 0 
7fc984300000-7fc984304000 ---p 00000000 00:00 0 
7fc984304000-7fc984400000 rw-p 00000000 00:00 0 
7fc984400000-7fc984404000 ---p 00000000 00:00 0 
7fc984404000-7fc984500000 rw-p 00000000 00:00 0 
7fc984500000-7fc984504000 ---p 00000000 00:00 0 
7fc984504000-7fc984600000 rw-p 00000000 00:00 0 
7fc984600000-7fc984604000 ---p 00000000 00:00 0 
7fc984604000-7fc984700000 rw-p 00000000 00:00 0 
7fc984700000-7fc984704000 ---p 00000000 00:00 0 
7fc984704000-7fc984800000 rw-p 00000000 00:00 0 
7fc984800000-7fc984804000 ---p 00000000 00:00 0 
7fc984804000-7fc984900000 rw-p 00000000 00:00 0 
7fc984900000-7fc984904000 ---p 00000000 00:00 0 
7fc984904000-7fc984a00000 rw-p 00000000 00:00 0 
7fc984a00000-7fc9851f0000 r--p 00000000 08:02 10356383                   /usr/lib/locale/locale-archive
7fc9851f2000-7fc9851f5000 r--p 00000000 08:02 10359160                   /usr/lib/x86_64-linux-gnu/liblzma.so.5.2.5
7fc9851f5000-7fc985210000 r-xp 00003000 08:02 10359160                   /usr/lib/x86_64-linux-gnu/liblzma.so.5.2.5
7fc985210000-7fc98521b000 r--p 0001e000 08:02 10359160                   /usr/lib/x86_64-linux-gnu/liblzma.so.5.2.5
7fc98521b000-7fc98521c000 r--p 00028000 08:02 10359160                   /usr/lib/x86_64-linux-gnu/liblzma.so.5.2.5
7fc98521c000-7fc98521d000 rw-p 00029000 08:02 10359160                   /usr/lib/x86_64-linux-gnu/liblzma.so.5.2.5
7fc98521d000-7fc98522c000 r--p 00000000 08:02 10366483                   /usr/lib/x86_64-linux-gnu/libgeos_c.so.1.16.0
7fc98522c000-7fc98524c000 r-xp 0000f000 08:02 10366483                   /usr/lib/x86_64-linux-gnu/libgeos_c.so.1.16.0
7fc98524c000-7fc985259000 r--p 0002f000 08:02 10366483                   /usr/lib/x86_64-linux-gnu/libgeos_c.so.1.16.0
7fc985259000-7fc98525a000 ---p 0003c000 08:02 10366483                   /usr/lib/x86_64-linux-gnu/libgeos_c.so.1.16.0
7fc98525a000-7fc98525b000 r--p 0003c000 08:02 10366483                   /usr/lib/x86_64-linux-gnu/libgeos_c.so.1.16.0
7fc98525b000-7fc98525c000 rw-p 0003d000 08:02 10366483                   /usr/lib/x86_64-linux-gnu/libgeos_c.so.1.16.0
7fc98525c000-7fc985260000 ---p 00000000 00:00 0 
7fc985260000-7fc98535c000 rw-p 00000000 00:00 0 
7fc98535c000-7fc985360000 ---p 00000000 00:00 0 
7fc985360000-7fc98545c000 rw-p 00000000 00:00 0 
7fc98545c000-7fc98545d000 ---p 00000000 00:00 0 
7fc98545d000-7fc98555e000 rw-p 00000000 00:00 0 
7fc98555e000-7fc985563000 r--p 00000000 08:02 10491564                   /usr/lib/jvm/java-17-openjdk-amd64/lib/libjsvml.so
7fc985563000-7fc9855a4000 r-xp 00005000 08:02 10491564                   /usr/lib/jvm/java-17-openjdk-amd64/lib/libjsvml.so
7fc9855a4000-7fc98562d000 r--p 00046000 08:02 10491564                   /usr/lib/jvm/java-17-openjdk-amd64/lib/libjsvml.so
7fc98562d000-7fc98562e000 r--p 000ce000 08:02 10491564                   /usr/lib/jvm/java-17-openjdk-amd64/lib/libjsvml.so
7fc98562e000-7fc98562f000 rw-p 000cf000 08:02 10491564                   /usr/lib/jvm/java-17-openjdk-amd64/lib/libjsvml.so
7fc98562f000-7fc9858a0000 rw-p 00000000 00:00 0 
7fc9858a0000-7fc987550000 ---p 00000000 00:00 0 
7fc987550000-7fc987748000 rw-p 00000000 00:00 0 
7fc987748000-7fc9893f8000 ---p 00000000 00:00 0 
7fc9893f8000-7fc989400000 rw-p 00000000 00:00 0 
7fc989400000-7fc989670000 rwxp 00000000 00:00 0 
7fc989670000-7fc990937000 ---p 00000000 00:00 0 
7fc990937000-7fc990ba7000 rwxp 00000000 00:00 0 
7fc990ba7000-7fc990ec8000 ---p 00000000 00:00 0 
7fc990ec8000-7fc991138000 rwxp 00000000 00:00 0 
7fc991138000-7fc998400000 ---p 00000000 00:00 0 
7fc998400000-7fc99fe43000 r--s 00000000 08:02 10491594                   /usr/lib/jvm/java-17-openjdk-amd64/lib/modules
7fc99fe46000-7fc99fe48000 r--p 00000000 08:02 10361503                   /usr/lib/x86_64-linux-gnu/libpsl.so.5.3.2
7fc99fe48000-7fc99fe4a000 r-xp 00002000 08:02 10361503                   /usr/lib/x86_64-linux-gnu/libpsl.so.5.3.2
7fc99fe4a000-7fc99fe58000 r--p 00004000 08:02 10361503                   /usr/lib/x86_64-linux-gnu/libpsl.so.5.3.2
7fc99fe58000-7fc99fe59000 r--p 00011000 08:02 10361503                   /usr/lib/x86_64-linux-gnu/libpsl.so.5.3.2
7fc99fe59000-7fc99fe5a000 rw-p 00012000 08:02 10361503                   /usr/lib/x86_64-linux-gnu/libpsl.so.5.3.2
7fc99fe5a000-7fc99fe5c000 r--p 00000000 08:02 10355587                   /usr/lib/x86_64-linux-gnu/libjbig.so.0
7fc99fe5c000-7fc99fe65000 r-xp 00002000 08:02 10355587                   /usr/lib/x86_64-linux-gnu/libjbig.so.0
7fc99fe65000-7fc99fe67000 r--p 0000b000 08:02 10355587                   /usr/lib/x86_64-linux-gnu/libjbig.so.0
7fc99fe67000-7fc99fe68000 r--p 0000c000 08:02 10355587                   /usr/lib/x86_64-linux-gnu/libjbig.so.0
7fc99fe68000-7fc99fe6b000 rw-p 0000d000 08:02 10355587                   /usr/lib/x86_64-linux-gnu/libjbig.so.0
7fc99fe6b000-7fc99fe6f000 r--p 00000000 08:02 10355662                   /usr/lib/x86_64-linux-gnu/libjson-c.so.5.1.0
7fc99fe6f000-7fc99fe78000 r-xp 00004000 08:02 10355662                   /usr/lib/x86_64-linux-gnu/libjson-c.so.5.1.0
7fc99fe78000-7fc99fe7b000 r--p 0000d000 08:02 10355662                   /usr/lib/x86_64-linux-gnu/libjson-c.so.5.1.0
7fc99fe7b000-7fc99fe7c000 ---p 00010000 08:02 10355662                   /usr/lib/x86_64-linux-gnu/libjson-c.so.5.1.0
7fc99fe7c000-7fc99fe7d000 r--p 00010000 08:02 10355662                   /usr/lib/x86_64-linux-gnu/libjson-c.so.5.1.0
7fc99fe7d000-7fc99fe7e000 rw-p 00011000 08:02 10355662                   /usr/lib/x86_64-linux-gnu/libjson-c.so.5.1.0
7fc99fe7e000-7fc99fea3000 r--p 00000000 08:02 12591460                   /usr/share/locale-langpack/fr/LC_MESSAGES/libc.mo
7fc99fea3000-7fc99fefe000 rw-p 00000000 00:00 0 
7fc99fefe000-7fc99feff000 ---p 00000000 00:00 0 
7fc99feff000-7fc9a0000000 rw-p 00000000 00:00 0 
7fc9a0000000-7fc9a04e7000 rw-p 00000000 00:00 0 
7fc9a04e7000-7fc9a4000000 ---p 00000000 00:00 0 
7fc9a4001000-7fc9a4003000 r--p 00000000 08:02 10357716                   /usr/lib/x86_64-linux-gnu/libcom_err.so.2.1
7fc9a4003000-7fc9a4004000 r-xp 00002000 08:02 10357716                   /usr/lib/x86_64-linux-gnu/libcom_err.so.2.1
7fc9a4004000-7fc9a4005000 r--p 00003000 08:02 10357716                   /usr/lib/x86_64-linux-gnu/libcom_err.so.2.1
7fc9a4005000-7fc9a4006000 r--p 00003000 08:02 10357716                   /usr/lib/x86_64-linux-gnu/libcom_err.so.2.1
7fc9a4006000-7fc9a4007000 rw-p 00004000 08:02 10357716                   /usr/lib/x86_64-linux-gnu/libcom_err.so.2.1
7fc9a401d000-7fc9a4021000 r--p 00000000 08:02 10491590                   /usr/lib/jvm/java-17-openjdk-amd64/lib/libverify.so
7fc9a4021000-7fc9a4028000 r-xp 00004000 08:02 10491590                   /usr/lib/jvm/java-17-openjdk-amd64/lib/libverify.so
7fc9a4028000-7fc9a402a000 r--p 0000b000 08:02 10491590                   /usr/lib/jvm/java-17-openjdk-amd64/lib/libverify.so
7fc9a402a000-7fc9a402c000 r--p 0000c000 08:02 10491590                   /usr/lib/jvm/java-17-openjdk-amd64/lib/libverify.so
7fc9a402c000-7fc9a402d000 rw-p 0000e000 08:02 10491590                   /usr/lib/jvm/java-17-openjdk-amd64/lib/libverify.so
7fc9a402d000-7fc9a4031000 r--p 00000000 08:02 10491576                   /usr/lib/jvm/java-17-openjdk-amd64/lib/libnet.so
7fc9a4031000-7fc9a403f000 r-xp 00004000 08:02 10491576                   /usr/lib/jvm/java-17-openjdk-amd64/lib/libnet.so
7fc9a403f000-7fc9a4043000 r--p 00012000 08:02 10491576                   /usr/lib/jvm/java-17-openjdk-amd64/lib/libnet.so
7fc9a4043000-7fc9a4044000 r--p 00015000 08:02 10491576                   /usr/lib/jvm/java-17-openjdk-amd64/lib/libnet.so
7fc9a4044000-7fc9a4045000 rw-p 00016000 08:02 10491576                   /usr/lib/jvm/java-17-openjdk-amd64/lib/libnet.so
7fc9a4045000-7fc9a4086000 rw-p 00000000 00:00 0 
7fc9a4086000-7fc9a4087000 ---p 00000000 00:00 0 
7fc9a4087000-7fc9a458c000 rw-p 00000000 00:00 0 
7fc9a458c000-7fc9a458d000 ---p 00000000 00:00 0 
7fc9a458d000-7fc9a468e000 rw-p 00000000 00:00 0 
7fc9a468e000-7fc9a468f000 ---p 00000000 00:00 0 
7fc9a468f000-7fc9a4790000 rw-p 00000000 00:00 0 
7fc9a4790000-7fc9a4791000 ---p 00000000 00:00 0 
7fc9a4791000-7fc9a48d0000 rw-p 00000000 00:00 0 
7fc9a48d0000-7fc9a4c66000 ---p 00000000 00:00 0 
7fc9a4c66000-7fc9a4ca5000 rw-p 00000000 00:00 0 
7fc9a4ca5000-7fc9a503b000 ---p 00000000 00:00 0 
7fc9a503b000-7fc9a507a000 rw-p 00000000 00:00 0 
7fc9a507a000-7fc9a5410000 ---p 00000000 00:00 0 
7fc9a5410000-7fc9a581a000 rw-p 00000000 00:00 0 
7fc9a581a000-7fc9a5900000 ---p 00000000 00:00 0 
7fc9a5900000-7fc9a5904000 ---p 00000000 00:00 0 
7fc9a5904000-7fc9a5a00000 rw-p 00000000 00:00 0 
7fc9a5a00000-7fc9a5a9a000 r--p 00000000 08:02 10354705                   /usr/lib/x86_64-linux-gnu/libstdc++.so.6.0.30
7fc9a5a9a000-7fc9a5baa000 r-xp 0009a000 08:02 10354705                   /usr/lib/x86_64-linux-gnu/libstdc++.so.6.0.30
7fc9a5baa000-7fc9a5c19000 r--p 001aa000 08:02 10354705                   /usr/lib/x86_64-linux-gnu/libstdc++.so.6.0.30
7fc9a5c19000-7fc9a5c24000 r--p 00218000 08:02 10354705                   /usr/lib/x86_64-linux-gnu/libstdc++.so.6.0.30
7fc9a5c24000-7fc9a5c27000 rw-p 00223000 08:02 10354705                   /usr/lib/x86_64-linux-gnu/libstdc++.so.6.0.30
7fc9a5c27000-7fc9a5c2a000 rw-p 00000000 00:00 0 
7fc9a5c2e000-7fc9a5c33000 rw-p 00000000 00:00 0 
7fc9a5c33000-7fc9a5d19000 ---p 00000000 00:00 0 
7fc9a5d19000-7fc9a5d27000 r--p 00000000 08:02 10365361                   /usr/lib/x86_64-linux-gnu/libm.so.6
7fc9a5d27000-7fc9a5da3000 r-xp 0000e000 08:02 10365361                   /usr/lib/x86_64-linux-gnu/libm.so.6
7fc9a5da3000-7fc9a5dfe000 r--p 0008a000 08:02 10365361                   /usr/lib/x86_64-linux-gnu/libm.so.6
7fc9a5dfe000-7fc9a5dff000 r--p 000e4000 08:02 10365361                   /usr/lib/x86_64-linux-gnu/libm.so.6
7fc9a5dff000-7fc9a5e00000 rw-p 000e5000 08:02 10365361                   /usr/lib/x86_64-linux-gnu/libm.so.6
7fc9a5e00000-7fc9a6050000 r--p 00000000 08:02 10491606                   /usr/lib/jvm/java-17-openjdk-amd64/lib/server/libjvm.so
7fc9a6050000-7fc9a6dd4000 r-xp 00250000 08:02 10491606                   /usr/lib/jvm/java-17-openjdk-amd64/lib/server/libjvm.so
7fc9a6dd4000-7fc9a7057000 r--p 00fd4000 08:02 10491606                   /usr/lib/jvm/java-17-openjdk-amd64/lib/server/libjvm.so
7fc9a7057000-7fc9a710f000 r--p 01256000 08:02 10491606                   /usr/lib/jvm/java-17-openjdk-amd64/lib/server/libjvm.so
7fc9a710f000-7fc9a7144000 rw-p 0130e000 08:02 10491606                   /usr/lib/jvm/java-17-openjdk-amd64/lib/server/libjvm.so
7fc9a7144000-7fc9a719e000 rw-p 00000000 00:00 0 
7fc9a71a1000-7fc9a71a8000 r--s 00000000 08:02 11013395                   /usr/lib/x86_64-linux-gnu/gconv/gconv-modules.cache
7fc9a71a8000-7fc9a71ae000 r--p 00000000 08:02 10491578                   /usr/lib/jvm/java-17-openjdk-amd64/lib/libnio.so
7fc9a71ae000-7fc9a71b7000 r-xp 00006000 08:02 10491578                   /usr/lib/jvm/java-17-openjdk-amd64/lib/libnio.so
7fc9a71b7000-7fc9a71bb000 r--p 0000f000 08:02 10491578                   /usr/lib/jvm/java-17-openjdk-amd64/lib/libnio.so
7fc9a71bb000-7fc9a71bc000 ---p 00013000 08:02 10491578                   /usr/lib/jvm/java-17-openjdk-amd64/lib/libnio.so
7fc9a71bc000-7fc9a71bd000 r--p 00013000 08:02 10491578                   /usr/lib/jvm/java-17-openjdk-amd64/lib/libnio.so
7fc9a71bd000-7fc9a71be000 rw-p 00014000 08:02 10491578                   /usr/lib/jvm/java-17-openjdk-amd64/lib/libnio.so
7fc9a71be000-7fc9a7200000 rw-p 00000000 00:00 0 
7fc9a7200000-7fc9a7228000 r--p 00000000 08:02 10365356                   /usr/lib/x86_64-linux-gnu/libc.so.6
7fc9a7228000-7fc9a73bd000 r-xp 00028000 08:02 10365356                   /usr/lib/x86_64-linux-gnu/libc.so.6
7fc9a73bd000-7fc9a7415000 r--p 001bd000 08:02 10365356                   /usr/lib/x86_64-linux-gnu/libc.so.6
7fc9a7415000-7fc9a7419000 r--p 00214000 08:02 10365356                   /usr/lib/x86_64-linux-gnu/libc.so.6
7fc9a7419000-7fc9a741b000 rw-p 00218000 08:02 10365356                   /usr/lib/x86_64-linux-gnu/libc.so.6
7fc9a741b000-7fc9a7428000 rw-p 00000000 00:00 0 
7fc9a742d000-7fc9a742e000 r--p 00000000 08:02 10491501                   /usr/lib/jvm/java-17-openjdk-amd64/lib/libextnet.so
7fc9a742e000-7fc9a742f000 r-xp 00001000 08:02 10491501                   /usr/lib/jvm/java-17-openjdk-amd64/lib/libextnet.so
7fc9a742f000-7fc9a7430000 r--p 00002000 08:02 10491501                   /usr/lib/jvm/java-17-openjdk-amd64/lib/libextnet.so
7fc9a7430000-7fc9a7431000 r--p 00002000 08:02 10491501                   /usr/lib/jvm/java-17-openjdk-amd64/lib/libextnet.so
7fc9a7431000-7fc9a7432000 rw-p 00003000 08:02 10491501                   /usr/lib/jvm/java-17-openjdk-amd64/lib/libextnet.so
7fc9a7432000-7fc9a7434000 r--p 00000000 08:02 10491592                   /usr/lib/jvm/java-17-openjdk-amd64/lib/libzip.so
7fc9a7434000-7fc9a7439000 r-xp 00002000 08:02 10491592                   /usr/lib/jvm/java-17-openjdk-amd64/lib/libzip.so
7fc9a7439000-7fc9a743b000 r--p 00007000 08:02 10491592                   /usr/lib/jvm/java-17-openjdk-amd64/lib/libzip.so
7fc9a743b000-7fc9a743c000 r--p 00008000 08:02 10491592                   /usr/lib/jvm/java-17-openjdk-amd64/lib/libzip.so
7fc9a743c000-7fc9a743d000 rw-p 00009000 08:02 10491592                   /usr/lib/jvm/java-17-openjdk-amd64/lib/libzip.so
7fc9a743d000-7fc9a7442000 rw-p 00000000 00:00 0 
7fc9a7442000-7fc9a7449000 ---p 00000000 00:00 0 
7fc9a7449000-7fc9a7455000 r--p 00000000 08:02 10491515                   /usr/lib/jvm/java-17-openjdk-amd64/lib/libjava.so
7fc9a7455000-7fc9a7468000 r-xp 0000c000 08:02 10491515                   /usr/lib/jvm/java-17-openjdk-amd64/lib/libjava.so
7fc9a7468000-7fc9a746e000 r--p 0001f000 08:02 10491515                   /usr/lib/jvm/java-17-openjdk-amd64/lib/libjava.so
7fc9a746e000-7fc9a746f000 r--p 00024000 08:02 10491515                   /usr/lib/jvm/java-17-openjdk-amd64/lib/libjava.so
7fc9a746f000-7fc9a7470000 rw-p 00025000 08:02 10491515                   /usr/lib/jvm/java-17-openjdk-amd64/lib/libjava.so
7fc9a7470000-7fc9a7471000 rw-p 00000000 00:00 0 
7fc9a7471000-7fc9a7472000 r--p 00000000 08:02 10491505                   /usr/lib/jvm/java-17-openjdk-amd64/lib/libinstrument.so
7fc9a7472000-7fc9a7478000 r-xp 00001000 08:02 10491505                   /usr/lib/jvm/java-17-openjdk-amd64/lib/libinstrument.so
7fc9a7478000-7fc9a747b000 r--p 00007000 08:02 10491505                   /usr/lib/jvm/java-17-openjdk-amd64/lib/libinstrument.so
7fc9a747b000-7fc9a747c000 r--p 00009000 08:02 10491505                   /usr/lib/jvm/java-17-openjdk-amd64/lib/libinstrument.so
7fc9a747c000-7fc9a747d000 rw-p 0000a000 08:02 10491505                   /usr/lib/jvm/java-17-openjdk-amd64/lib/libinstrument.so
7fc9a747d000-7fc9a7480000 r--p 00000000 08:02 10354703                   /usr/lib/x86_64-linux-gnu/libgcc_s.so.1
7fc9a7480000-7fc9a7497000 r-xp 00003000 08:02 10354703                   /usr/lib/x86_64-linux-gnu/libgcc_s.so.1
7fc9a7497000-7fc9a749b000 r--p 0001a000 08:02 10354703                   /usr/lib/x86_64-linux-gnu/libgcc_s.so.1
7fc9a749b000-7fc9a749c000 r--p 0001d000 08:02 10354703                   /usr/lib/x86_64-linux-gnu/libgcc_s.so.1
7fc9a749c000-7fc9a749d000 rw-p 0001e000 08:02 10354703                   /usr/lib/x86_64-linux-gnu/libgcc_s.so.1
7fc9a749d000-7fc9a74a0000 rw-p 00000000 00:00 0 
7fc9a74a0000-7fc9a74a2000 r--p 00000000 08:02 10354880                   /usr/lib/x86_64-linux-gnu/libz.so.1.2.11
7fc9a74a2000-7fc9a74b3000 r-xp 00002000 08:02 10354880                   /usr/lib/x86_64-linux-gnu/libz.so.1.2.11
7fc9a74b3000-7fc9a74b9000 r--p 00013000 08:02 10354880                   /usr/lib/x86_64-linux-gnu/libz.so.1.2.11
7fc9a74b9000-7fc9a74ba000 ---p 00019000 08:02 10354880                   /usr/lib/x86_64-linux-gnu/libz.so.1.2.11
7fc9a74ba000-7fc9a74bb000 r--p 00019000 08:02 10354880                   /usr/lib/x86_64-linux-gnu/libz.so.1.2.11
7fc9a74bb000-7fc9a74bc000 rw-p 0001a000 08:02 10354880                   /usr/lib/x86_64-linux-gnu/libz.so.1.2.11
7fc9a74be000-7fc9a74bf000 r-xp 00000000 00:00 0 
7fc9a74bf000-7fc9a74c7000 rw-s 00000000 08:02 1967084                    /tmp/hsperfdata_nidhal/152100
7fc9a74c7000-7fc9a74c8000 ---p 00000000 00:00 0 
7fc9a74c8000-7fc9a74c9000 r--p 00000000 00:00 0 
7fc9a74c9000-7fc9a74cb000 r--p 00000000 08:02 10491521                   /usr/lib/jvm/java-17-openjdk-amd64/lib/libjimage.so
7fc9a74cb000-7fc9a74ce000 r-xp 00002000 08:02 10491521                   /usr/lib/jvm/java-17-openjdk-amd64/lib/libjimage.so
7fc9a74ce000-7fc9a74cf000 r--p 00005000 08:02 10491521                   /usr/lib/jvm/java-17-openjdk-amd64/lib/libjimage.so
7fc9a74cf000-7fc9a74d0000 ---p 00006000 08:02 10491521                   /usr/lib/jvm/java-17-openjdk-amd64/lib/libjimage.so
7fc9a74d0000-7fc9a74d1000 r--p 00006000 08:02 10491521                   /usr/lib/jvm/java-17-openjdk-amd64/lib/libjimage.so
7fc9a74d1000-7fc9a74d2000 rw-p 00007000 08:02 10491521                   /usr/lib/jvm/java-17-openjdk-amd64/lib/libjimage.so
7fc9a74d2000-7fc9a74d4000 r--p 00000000 08:02 10491523                   /usr/lib/jvm/java-17-openjdk-amd64/lib/libjli.so
7fc9a74d4000-7fc9a74de000 r-xp 00002000 08:02 10491523                   /usr/lib/jvm/java-17-openjdk-amd64/lib/libjli.so
7fc9a74de000-7fc9a74e1000 r--p 0000c000 08:02 10491523                   /usr/lib/jvm/java-17-openjdk-amd64/lib/libjli.so
7fc9a74e1000-7fc9a74e2000 r--p 0000e000 08:02 10491523                   /usr/lib/jvm/java-17-openjdk-amd64/lib/libjli.so
7fc9a74e2000-7fc9a74e3000 rw-p 0000f000 08:02 10491523                   /usr/lib/jvm/java-17-openjdk-amd64/lib/libjli.so
7fc9a74e3000-7fc9a74e5000 rw-p 00000000 00:00 0 
7fc9a74e5000-7fc9a74e7000 r--p 00000000 08:02 10356375                   /usr/lib/x86_64-linux-gnu/ld-linux-x86-64.so.2
7fc9a74e7000-7fc9a7511000 r-xp 00002000 08:02 10356375                   /usr/lib/x86_64-linux-gnu/ld-linux-x86-64.so.2
7fc9a7511000-7fc9a751c000 r--p 0002c000 08:02 10356375                   /usr/lib/x86_64-linux-gnu/ld-linux-x86-64.so.2
7fc9a751c000-7fc9a751d000 ---p 00000000 00:00 0 
7fc9a751d000-7fc9a751f000 r--p 00037000 08:02 10356375                   /usr/lib/x86_64-linux-gnu/ld-linux-x86-64.so.2
7fc9a751f000-7fc9a7521000 rw-p 00039000 08:02 10356375                   /usr/lib/x86_64-linux-gnu/ld-linux-x86-64.so.2
7ffc42b2d000-7ffc42b4f000 rw-p 00000000 00:00 0                          [stack]
7ffc42b65000-7ffc42b69000 r--p 00000000 00:00 0                          [vvar]
7ffc42b69000-7ffc42b6b000 r-xp 00000000 00:00 0                          [vdso]
ffffffffff600000-ffffffffff601000 --xp 00000000 00:00 0                  [vsyscall]


VM Arguments:
jvm_args: -javaagent:/snap/intellij-idea-ultimate/430/lib/idea_rt.jar=33967:/snap/intellij-idea-ultimate/430/bin -Dfile.encoding=UTF-8 
java_command: tutorials.hello_world
java_class_path (initial): /home/nidhal/IdeaProjects/JMEOS/target/classes:/home/nidhal/.m2/repository/com/github/jnr/jnr-ffi/2.2.11/jnr-ffi-2.2.11.jar:/home/nidhal/.m2/repository/com/github/jnr/jffi/1.3.9/jffi-1.3.9.jar:/home/nidhal/.m2/repository/com/github/jnr/jffi/1.3.9/jffi-1.3.9-native.jar:/home/nidhal/.m2/repository/org/ow2/asm/asm/9.2/asm-9.2.jar:/home/nidhal/.m2/repository/org/ow2/asm/asm-commons/9.2/asm-commons-9.2.jar:/home/nidhal/.m2/repository/org/ow2/asm/asm-analysis/9.2/asm-analysis-9.2.jar:/home/nidhal/.m2/repository/org/ow2/asm/asm-tree/9.2/asm-tree-9.2.jar:/home/nidhal/.m2/repository/org/ow2/asm/asm-util/9.2/asm-util-9.2.jar:/home/nidhal/.m2/repository/com/github/jnr/jnr-a64asm/1.0.0/jnr-a64asm-1.0.0.jar:/home/nidhal/.m2/repository/com/github/jnr/jnr-x86asm/1.0.2/jnr-x86asm-1.0.2.jar:/home/nidhal/.m2/repository/org/hibernate/orm/hibernate-core/6.2.2.Final/hibernate-core-6.2.2.Final.jar:/home/nidhal/.m2/repository/jakarta/persistence/jakarta.persistence-api/3.1.0/jakarta.persistence-api-3.1.0.jar:/home/nidhal/.m2/repository/jakarta/transaction/jakarta.transaction-api/2.0.1/jakarta.transaction-api-2.0.1.jar:/home/nidhal/.m2/repository/org/jboss/logging/jboss-logging/3.5.0.Final/jboss-logging-3.5.0.Final.jar:/home/nidhal/.m2/repository/org/hibernate/common/hibernate-commons-annotations/6.0.6.Final/hibernate-commons-annotations-6.0.6.Final.jar:/home/nidhal/.m2/repository/io/smallrye/jandex/3.0.5/jandex-3.0.5.jar:/home/nidhal/.m2/repository/com/fasterxml/classmate/1.5.1/classmate-1.5.1.jar:/home/nidhal/.m2/repository/net/bytebuddy/byte-buddy/1.12.18/byte-buddy-1.12.18.jar:/home/nidhal/.m2/repository/jakarta/xml/bind/jakarta.xml.bind-api/4.0.0/jakarta.xml.bind-api-4.0.0.jar:/home/nidhal/.m2/repository/jakarta/activation/jakarta.activation-api/2.1.0/jakarta.activation-api-2.1.0.jar:/home/nidhal/.m2/repository/org/glassfish/jaxb/jaxb-runtime/4.0.2/jaxb-runtime-4.0.2.jar:/home/nidhal/.m2/repository/org/glassfish/jaxb/jaxb-core/4.0.2/jaxb-core-4.0.2.jar:/ho
Launcher Type: SUN_STANDARD

[Global flags]
     intx CICompilerCount                          = 3                                         {product} {ergonomic}
     uint ConcGCThreads                            = 1                                         {product} {ergonomic}
     uint G1ConcRefinementThreads                  = 4                                         {product} {ergonomic}
   size_t G1HeapRegionSize                         = 1048576                                   {product} {ergonomic}
    uintx GCDrainStackTargetSize                   = 64                                        {product} {ergonomic}
   size_t InitialHeapSize                          = 130023424                                 {product} {ergonomic}
   size_t MarkStackSize                            = 4194304                                   {product} {ergonomic}
   size_t MaxHeapSize                              = 2057306112                                {product} {ergonomic}
   size_t MaxNewSize                               = 1234173952                                {product} {ergonomic}
   size_t MinHeapDeltaBytes                        = 1048576                                   {product} {ergonomic}
   size_t MinHeapSize                              = 8388608                                   {product} {ergonomic}
    uintx NonNMethodCodeHeapSize                   = 5832780                                {pd product} {ergonomic}
    uintx NonProfiledCodeHeapSize                  = 122912730                              {pd product} {ergonomic}
    uintx ProfiledCodeHeapSize                     = 122912730                              {pd product} {ergonomic}
    uintx ReservedCodeCacheSize                    = 251658240                              {pd product} {ergonomic}
     bool SegmentedCodeCache                       = true                                      {product} {ergonomic}
   size_t SoftMaxHeapSize                          = 2057306112                             {manageable} {ergonomic}
     bool UseCompressedClassPointers               = true                           {product lp64_product} {ergonomic}
     bool UseCompressedOops                        = true                           {product lp64_product} {ergonomic}
     bool UseG1GC                                  = true                                      {product} {ergonomic}

Logging:
Log output configuration:
 #0: stdout all=warning uptime,level,tags
 #1: stderr all=off uptime,level,tags

Environment Variables:
JAVA_HOME=/opt/jdk-13.0.2
PATH=/home/nidhal/.local/bin:/usr/local/sbin:/usr/local/bin:/usr/sbin:/usr/bin:/sbin:/bin:/usr/games:/usr/local/games:/snap/bin:/snap/bin/opt/jdk-13.0.2/bin
USERNAME=nidhal
SHELL=/bin/bash
DISPLAY=:0
LANG=fr_FR.UTF-8

Active Locale:
LC_ALL=fr_FR.UTF-8
LC_COLLATE=fr_FR.UTF-8
LC_CTYPE=fr_FR.UTF-8
LC_MESSAGES=fr_FR.UTF-8
LC_MONETARY=fr_FR.UTF-8
LC_NUMERIC=fr_FR.UTF-8
LC_TIME=fr_FR.UTF-8

Signal Handlers:
   SIGSEGV: crash_handler in libjvm.so, mask=11100100010111111101111111111110, flags=SA_RESTART|SA_SIGINFO, unblocked
    SIGBUS: crash_handler in libjvm.so, mask=11100100010111111101111111111110, flags=SA_RESTART|SA_SIGINFO, unblocked
    SIGFPE: crash_handler in libjvm.so, mask=11100100010111111101111111111110, flags=SA_RESTART|SA_SIGINFO, unblocked
   SIGPIPE: javaSignalHandler in libjvm.so, mask=11100100010111111101111111111110, flags=SA_RESTART|SA_SIGINFO, blocked
   SIGXFSZ: javaSignalHandler in libjvm.so, mask=11100100010111111101111111111110, flags=SA_RESTART|SA_SIGINFO, blocked
    SIGILL: crash_handler in libjvm.so, mask=11100100010111111101111111111110, flags=SA_RESTART|SA_SIGINFO, unblocked
   SIGUSR2: SR_handler in libjvm.so, mask=00100000000000000000000000000000, flags=SA_RESTART|SA_SIGINFO, blocked
    SIGHUP: UserHandler in libjvm.so, mask=11100100010111111101111111111110, flags=SA_RESTART|SA_SIGINFO, blocked
    SIGINT: UserHandler in libjvm.so, mask=11100100010111111101111111111110, flags=SA_RESTART|SA_SIGINFO, blocked
   SIGTERM: UserHandler in libjvm.so, mask=11100100010111111101111111111110, flags=SA_RESTART|SA_SIGINFO, blocked
   SIGQUIT: UserHandler in libjvm.so, mask=11100100010111111101111111111110, flags=SA_RESTART|SA_SIGINFO, blocked
   SIGTRAP: crash_handler in libjvm.so, mask=11100100010111111101111111111110, flags=SA_RESTART|SA_SIGINFO, unblocked


---------------  S Y S T E M  ---------------

OS:
DISTRIB_ID=Ubuntu
DISTRIB_RELEASE=22.04
DISTRIB_CODENAME=jammy
DISTRIB_DESCRIPTION="Ubuntu 22.04.2 LTS"
uname: Linux 5.19.0-42-generic #43~22.04.1-Ubuntu SMP PREEMPT_DYNAMIC Fri Apr 21 16:51:08 UTC 2 x86_64
OS uptime: 0 days 1:31 hours
libc: glibc 2.35 NPTL 2.35 
rlimit (soft/hard): STACK 8192k/infinity , CORE 0k/infinity , NPROC 31051/31051 , NOFILE 1048576/1048576 , AS infinity/infinity , CPU infinity/infinity , DATA infinity/infinity , FSIZE infinity/infinity , MEMLOCK 1003616k/1003616k
load average: 5,67 4,39 4,96

/proc/meminfo:
MemTotal:        8028956 kB
MemFree:          242888 kB
MemAvailable:    3218732 kB
Buffers:          202400 kB
Cached:          3223596 kB
SwapCached:         2316 kB
Active:          1653460 kB
Inactive:        5386964 kB
Active(anon):     167812 kB
Inactive(anon):  3831688 kB
Active(file):    1485648 kB
Inactive(file):  1555276 kB
Unevictable:      118288 kB
Mlocked:              16 kB
SwapTotal:       2097148 kB
SwapFree:        2013692 kB
Zswap:                 0 kB
Zswapped:              0 kB
Dirty:             17276 kB
Writeback:             0 kB
AnonPages:       3731028 kB
Mapped:          1467636 kB
Shmem:            393448 kB
KReclaimable:     240088 kB
Slab:             460416 kB
SReclaimable:     240088 kB
SUnreclaim:       220328 kB
KernelStack:       19484 kB
PageTables:        39356 kB
NFS_Unstable:          0 kB
Bounce:                0 kB
WritebackTmp:          0 kB
CommitLimit:     6111624 kB
Committed_AS:   11098948 kB
VmallocTotal:   34359738367 kB
VmallocUsed:       75504 kB
VmallocChunk:          0 kB
Percpu:             5568 kB
HardwareCorrupted:     0 kB
AnonHugePages:         0 kB
ShmemHugePages:        0 kB
ShmemPmdMapped:        0 kB
FileHugePages:         0 kB
FilePmdMapped:         0 kB
HugePages_Total:       0
HugePages_Free:        0
HugePages_Rsvd:        0
HugePages_Surp:        0
Hugepagesize:       2048 kB
Hugetlb:               0 kB
DirectMap4k:      479000 kB
DirectMap2M:     7798784 kB
DirectMap1G:           0 kB

/sys/kernel/mm/transparent_hugepage/enabled: always [madvise] never
/sys/kernel/mm/transparent_hugepage/defrag (defrag/compaction efforts parameter): always defer defer+madvise [madvise] never

Process Memory:
Virtual Size: 5231656K (peak: 5293192K)
Resident Set Size: 84724K (peak: 84724K) (anon: 46088K, file: 38636K, shmem: 0K)
Swapped out: 0K
C-Heap outstanding allocations: 23686K, retained: 3249K
glibc malloc tunables: (default)

/proc/sys/kernel/threads-max (system-wide limit on the number of threads): 62103
/proc/sys/vm/max_map_count (maximum number of memory map areas a process may have): 65530
/proc/sys/kernel/pid_max (system-wide limit on number of process identifiers): 4194304

container (cgroup) information:
container_type: cgroupv2
cpu_cpuset_cpus: not supported
cpu_memory_nodes: not supported
active_processor_count: 4
cpu_quota: not supported
cpu_period: not supported
cpu_shares: not supported
memory_limit_in_bytes: unlimited
memory_and_swap_limit_in_bytes: unlimited
memory_soft_limit_in_bytes: unlimited
memory_usage_in_bytes: 2306828 k
memory_max_usage_in_bytes: not supported
memory_swap_current_in_bytes: 388 k
memory_swap_max_limit_in_bytes: unlimited
maximum number of tasks: 9315
current number of tasks: 165

Steal ticks since vm start: 0
Steal ticks percentage since vm start:  0,000

CPU: total 4 (initial active 4) (2 cores per cpu, 2 threads per core) family 6 model 78 stepping 3 microcode 0xf0, cx8, cmov, fxsr, ht, mmx, 3dnowpref, sse, sse2, sse3, ssse3, sse4.1, sse4.2, popcnt, lzcnt, tsc, tscinvbit, avx, avx2, aes, erms, clmul, bmi1, bmi2, adx, fma, vzeroupper, clflush, clflushopt
CPU Model and flags from /proc/cpuinfo:
model name	: Intel(R) Core(TM) i3-6100U CPU @ 2.30GHz
flags		: fpu vme de pse tsc msr pae mce cx8 apic sep mtrr pge mca cmov pat pse36 clflush dts acpi mmx fxsr sse sse2 ss ht tm pbe syscall nx pdpe1gb rdtscp lm constant_tsc art arch_perfmon pebs bts rep_good nopl xtopology nonstop_tsc cpuid aperfmperf pni pclmulqdq dtes64 monitor ds_cpl est tm2 ssse3 sdbg fma cx16 xtpr pdcm pcid sse4_1 sse4_2 x2apic movbe popcnt tsc_deadline_timer aes xsave avx f16c rdrand lahf_lm abm 3dnowprefetch cpuid_fault epb invpcid_single pti ssbd ibrs ibpb stibp fsgsbase tsc_adjust bmi1 avx2 smep bmi2 erms invpcid mpx rdseed adx smap clflushopt intel_pt xsaveopt xsavec xgetbv1 xsaves dtherm ida arat pln pts hwp hwp_notify hwp_act_window hwp_epp md_clear flush_l1d arch_capabilities

Online cpus: 0-3
Offline cpus: 
BIOS frequency limitation: <Not Available>
Frequency switch latency (ns): 0
Available cpu frequencies: <Not Available>
Current governor: powersave
Core performance/turbo boost: <Not Available>

Memory: 4k page, physical 8028956k(242636k free), swap 2097148k(2013692k free)
Page Sizes: 4k

vm_info: OpenJDK 64-Bit Server VM (17.0.7+7-Ubuntu-0ubuntu122.04.2) for linux-amd64 JRE (17.0.7+7-Ubuntu-0ubuntu122.04.2), built on May 10 2023 04:02:16 by "buildd" with gcc 11.3.0

END.
