#
# A fatal error has been detected by the Java Runtime Environment:
#
#  SIGSEGV (0xb) at pc=0x00007f0bd3b24979, pid=370082, tid=370088
#
# JRE version: OpenJDK Runtime Environment (17.0.7+7) (build 17.0.7+7-Ubuntu-0ubuntu122.04.2)
# Java VM: OpenJDK 64-Bit Server VM (17.0.7+7-Ubuntu-0ubuntu122.04.2, mixed mode, sharing, tiered, compressed oops, compressed class ptrs, g1 gc, linux-amd64)
# Problematic frame:
# C  [libmeos.so+0xa8979]  pg_next_dst_boundary+0x29
#
# Core dump will be written. Default location: Core dumps may be processed with "/usr/share/apport/apport -p%p -s%s -c%c -d%d -P%P -u%u -g%g -- %E" (or dumping to /home/nidhal/IdeaProjects/JMEOS/core.370082)
#
# If you would like to submit a bug report, please visit:
#   Unknown
# The crash happened outside the Java Virtual Machine in native code.
# See problematic frame for where to report the bug.
#

---------------  S U M M A R Y ------------

Command Line: -javaagent:/snap/intellij-idea-ultimate/430/lib/idea_rt.jar=34383:/snap/intellij-idea-ultimate/430/bin -Dfile.encoding=UTF-8 tutorials.hello_world

Host: Intel(R) Core(TM) i3-6100U CPU @ 2.30GHz, 4 cores, 7G, Ubuntu 22.04.2 LTS
Time: Mon May 29 22:35:48 2023 CEST elapsed time: 1.689218 seconds (0d 0h 0m 1s)

---------------  T H R E A D  ---------------

Current thread (0x00007f0c28016800):  JavaThread "main" [_thread_in_native, id=370088, stack(0x00007f0c2f500000,0x00007f0c2f600000)]

Stack: [0x00007f0c2f500000,0x00007f0c2f600000],  sp=0x00007f0c2f5fdfa0,  free space=1015k
Native frames: (J=compiled Java code, j=interpreted, Vv=VM code, C=native code)
C  [libmeos.so+0xa8979]  pg_next_dst_boundary+0x29

Java frames: (J=compiled Java code, j=interpreted, Vv=VM code)
j  com.kenai.jffi.Foreign.invokeN1O1(JJJLjava/lang/Object;III)J+0
j  com.kenai.jffi.Invoker.invokeN1(Lcom/kenai/jffi/CallContext;JJILjava/lang/Object;Lcom/kenai/jffi/ObjectParameterStrategy;Lcom/kenai/jffi/ObjectParameterInfo;)J+57
j  tutorials.hello_world$MeosLibrary$jnr$ffi$0.tgeompoint_in([B)Ljnr/ffi/Pointer;+52
j  tutorials.hello_world.main([Ljava/lang/String;)V+111
v  ~StubRoutines::call_stub

siginfo: si_signo: 11 (SIGSEGV), si_code: 1 (SEGV_MAPERR), si_addr: 0x0000000000000104

Register to memory mapping:

RAX=0x0 is NULL
RBX=0x0 is NULL
RCX=0x00007f0c2f5fe000 is pointing into the stack for thread: 0x00007f0c28016800
RDX=0x00007f0c2f5fdff0 is pointing into the stack for thread: 0x00007f0c28016800
RSP=0x00007f0c2f5fdfa0 is pointing into the stack for thread: 0x00007f0c28016800
RBP=0x00000000386bf200 is an unknown value
RSI=0x00007f0c2f5fe008 is pointing into the stack for thread: 0x00007f0c28016800
RDI=0x00007f0c2f5fdff8 is pointing into the stack for thread: 0x00007f0c28016800
R8 =0x00007f0c2f5fe010 is pointing into the stack for thread: 0x00007f0c28016800
R9 =0x00007f0c2f5fdff4 is pointing into the stack for thread: 0x00007f0c28016800
R10=0x00007f0c2f5fdff0 is pointing into the stack for thread: 0x00007f0c28016800
R11=0x00007f0bd3b24950: pg_next_dst_boundary+0x0000000000000000 in /usr/local/lib/libmeos.so at 0x00007f0bd3a7c000
R12=0x00007f0c2f5fe050 is pointing into the stack for thread: 0x00007f0c28016800
R13=0x0 is NULL
R14=0x0 is NULL
R15=0x00007f0c2f5fe1c0 is pointing into the stack for thread: 0x00007f0c28016800


Registers:
RAX=0x0000000000000000, RBX=0x0000000000000000, RCX=0x00007f0c2f5fe000, RDX=0x00007f0c2f5fdff0
RSP=0x00007f0c2f5fdfa0, RBP=0x00000000386bf200, RSI=0x00007f0c2f5fe008, RDI=0x00007f0c2f5fdff8
R8 =0x00007f0c2f5fe010, R9 =0x00007f0c2f5fdff4, R10=0x00007f0c2f5fdff0, R11=0x00007f0bd3b24950
R12=0x00007f0c2f5fe050, R13=0x0000000000000000, R14=0x0000000000000000, R15=0x00007f0c2f5fe1c0
RIP=0x00007f0bd3b24979, EFLAGS=0x0000000000010246, CSGSFS=0x002b000000000033, ERR=0x0000000000000004
  TRAPNO=0x000000000000000e

Top of Stack: (sp=0x00007f0c2f5fdfa0)
0x00007f0c2f5fdfa0:   00000000ffffffff a0ea3ab328925b00
0x00007f0c2f5fdfb0:   00007f0bd3a949c8 00007f0c2f5fe1c0
0x00007f0c2f5fdfc0:   00000000386d4380 00007f0c2f5fe050
0x00007f0c2f5fdfd0:   0000000000000000 00007f0bd3b2625c 

Instructions: (pc=0x00007f0bd3b24979)
0x00007f0bd3b24879:   00 00 00 00 0f 1f 00 f3 0f 1e fa 49 89 f8 48 8d
0x00007f0bd3b24889:   be 00 01 00 00 4c 89 c6 e9 ca fd ff ff 66 2e 0f
0x00007f0bd3b24899:   1f 84 00 00 00 00 00 f3 0f 1e fa 41 55 41 54 55
0x00007f0bd3b248a9:   48 89 fd 53 48 83 ec 08 48 8b 1d 68 89 0d 00 48
0x00007f0bd3b248b9:   85 db 74 2b 48 8b 7d 00 48 89 da 31 f6 48 81 c3
0x00007f0bd3b248c9:   68 56 00 00 e8 ce df ff ff 48 89 1d 97 89 0d 00
0x00007f0bd3b248d9:   48 83 c4 08 5b 5d 41 5c 41 5d c3 0f 1f 40 00 bf
0x00007f0bd3b248e9:   90 5b 00 00 e8 8e 66 f9 ff 48 89 05 27 89 0d 00
0x00007f0bd3b248f9:   49 89 c4 48 85 c0 74 d8 4c 8d 2d 38 5a 08 00 31
0x00007f0bd3b24909:   f6 b9 01 00 00 00 48 89 c2 4c 89 ef e8 56 72 f9
0x00007f0bd3b24919:   ff 85 c0 75 12 48 8b 1d fb 88 0d 00 eb 96 66 0f
0x00007f0bd3b24929:   1f 84 00 00 00 00 00 ba 01 00 00 00 4c 89 e6 4c
0x00007f0bd3b24939:   89 ef e8 60 70 f9 ff eb dc 66 66 2e 0f 1f 84 00
0x00007f0bd3b24949:   00 00 00 00 0f 1f 00 f3 0f 1e fa 41 55 49 89 d2
0x00007f0bd3b24959:   41 54 55 53 48 83 ec 18 48 8b 2f 64 48 8b 04 25
0x00007f0bd3b24969:   28 00 00 00 48 89 44 24 08 31 c0 48 8b 5c 24 40
0x00007f0bd3b24979:   44 8b 9b 04 01 00 00 45 85 db 0f 84 27 02 00 00
0x00007f0bd3b24989:   80 bb 10 01 00 00 00 49 89 cc 75 6b 41 8d 53 ff
0x00007f0bd3b24999:   80 bb 11 01 00 00 00 48 63 ca 48 8b 84 cb 18 01
0x00007f0bd3b249a9:   00 00 0f 84 ef 00 00 00 48 39 c5 0f 8e e6 00 00
0x00007f0bd3b249b9:   00 48 8b 8b 18 01 00 00 48 39 e9 7f 46 48 bf e7
0x00007f0bd3b249c9:   58 ef 44 46 ef 35 ae 48 89 ea 48 29 c2 48 83 ea
0x00007f0bd3b249d9:   01 48 89 d0 48 f7 e7 48 b8 80 59 60 f0 02 00 00
0x00007f0bd3b249e9:   00 48 c1 ea 21 4c 8d 6a 01 4c 0f af e8 48 89 e8
0x00007f0bd3b249f9:   4c 29 e8 eb 43 66 90 48 8b 8b 18 01 00 00 48 39
0x00007f0bd3b24a09:   e9 7e 89 48 bf e7 58 ef 44 46 ef 35 ae 48 89 ca
0x00007f0bd3b24a19:   48 29 ea 48 83 ea 01 48 89 d0 48 f7 e7 48 b8 80
0x00007f0bd3b24a29:   59 60 f0 02 00 00 00 48 c1 ea 21 4c 8d 6a 01 4c
0x00007f0bd3b24a39:   0f af e8 4a 8d 44 2d 00 48 89 04 24 48 39 c1 0f
0x00007f0bd3b24a49:   8f 12 02 00 00 41 8d 53 ff 41 bb ff ff ff ff 48
0x00007f0bd3b24a59:   63 d2 48 39 84 d3 18 01 00 00 0f 8c 83 01 00 00
0x00007f0bd3b24a69:   48 89 e7 48 83 ec 08 4c 89 d2 4c 89 e1 53 e8 d4 


Stack slot to memory mapping:
stack at sp + 0 slots: 0x00000000ffffffff points into unknown readable memory: 00
stack at sp + 1 slots: 0xa0ea3ab328925b00 is an unknown value
stack at sp + 2 slots: 0x00007f0bd3a949c8: <offset 0x00000000000189c8> in /usr/local/lib/libmeos.so at 0x00007f0bd3a7c000
stack at sp + 3 slots: 0x00007f0c2f5fe1c0 is pointing into the stack for thread: 0x00007f0c28016800
stack at sp + 4 slots: 0x00000000386d4380 is an unknown value
stack at sp + 5 slots: 0x00007f0c2f5fe050 is pointing into the stack for thread: 0x00007f0c28016800
stack at sp + 6 slots: 0x0 is NULL
stack at sp + 7 slots: 0x00007f0bd3b2625c: <offset 0x00000000000aa25c> in /usr/local/lib/libmeos.so at 0x00007f0bd3a7c000


---------------  P R O C E S S  ---------------

Threads class SMR info:
_java_thread_list=0x00007f0be8001fc0, length=13, elements={
0x00007f0c28016800, 0x00007f0c28115880, 0x00007f0c28116c60, 0x00007f0c2811c3e0,
0x00007f0c2811d790, 0x00007f0c2811eba0, 0x00007f0c28120550, 0x00007f0c28121a80,
0x00007f0c28122b00, 0x00007f0c2812de40, 0x00007f0c282805d0, 0x00007f0c28281f00,
0x00007f0be8000fe0
}

Java Threads: ( => current thread )
=>0x00007f0c28016800 JavaThread "main" [_thread_in_native, id=370088, stack(0x00007f0c2f500000,0x00007f0c2f600000)]
  0x00007f0c28115880 JavaThread "Reference Handler" daemon [_thread_blocked, id=370100, stack(0x00007f0c0cf80000,0x00007f0c0d080000)]
  0x00007f0c28116c60 JavaThread "Finalizer" daemon [_thread_blocked, id=370103, stack(0x00007f0c0ce80000,0x00007f0c0cf80000)]
  0x00007f0c2811c3e0 JavaThread "Signal Dispatcher" daemon [_thread_blocked, id=370105, stack(0x00007f0c0c500000,0x00007f0c0c600000)]
  0x00007f0c2811d790 JavaThread "Service Thread" daemon [_thread_blocked, id=370106, stack(0x00007f0c0c400000,0x00007f0c0c500000)]
  0x00007f0c2811eba0 JavaThread "Monitor Deflation Thread" daemon [_thread_blocked, id=370107, stack(0x00007f0c0c300000,0x00007f0c0c400000)]
  0x00007f0c28120550 JavaThread "C2 CompilerThread0" daemon [_thread_blocked, id=370108, stack(0x00007f0c0c200000,0x00007f0c0c300000)]
  0x00007f0c28121a80 JavaThread "C1 CompilerThread0" daemon [_thread_blocked, id=370110, stack(0x00007f0c0c100000,0x00007f0c0c200000)]
  0x00007f0c28122b00 JavaThread "Sweeper thread" daemon [_thread_blocked, id=370111, stack(0x00007f0c0c000000,0x00007f0c0c100000)]
  0x00007f0c2812de40 JavaThread "Common-Cleaner" daemon [_thread_blocked, id=370114, stack(0x00007f0bd3f00000,0x00007f0bd4000000)]
  0x00007f0c282805d0 JavaThread "Monitor Ctrl-Break" daemon [_thread_in_native, id=370118, stack(0x00007f0bd3e00000,0x00007f0bd3f00000)]
  0x00007f0c28281f00 JavaThread "Notification Thread" daemon [_thread_blocked, id=370119, stack(0x00007f0bd3d00000,0x00007f0bd3e00000)]
  0x00007f0be8000fe0 JavaThread "Attach Listener" daemon [_thread_blocked, id=370126, stack(0x00007f0bd1cec000,0x00007f0bd1dec000)]

Other Threads:
  0x00007f0c281117d0 VMThread "VM Thread" [stack: 0x00007f0c0d082000,0x00007f0c0d182000] [id=370094]
  0x00007f0c28019310 WatcherThread [stack: 0x00007f0bd3c00000,0x00007f0bd3d00000] [id=370120]
  0x00007f0c2806fee0 GCTaskThread "GC Thread#0" [stack: 0x00007f0c2c4ea000,0x00007f0c2c5ea000] [id=370089]
  0x00007f0bec0051a0 GCTaskThread "GC Thread#1" [stack: 0x00007f0bd1bec000,0x00007f0bd1cec000] [id=370128]
  0x00007f0bec005c20 GCTaskThread "GC Thread#2" [stack: 0x00007f0bd1aea000,0x00007f0bd1bea000] [id=370129]
  0x00007f0bec00bc70 GCTaskThread "GC Thread#3" [stack: 0x00007f0bd19e8000,0x00007f0bd1ae8000] [id=370130]
  0x00007f0c28080a00 ConcurrentGCThread "G1 Main Marker" [stack: 0x00007f0c2c3e8000,0x00007f0c2c4e8000] [id=370090]
  0x00007f0c28081960 ConcurrentGCThread "G1 Conc#0" [stack: 0x00007f0c2c2e6000,0x00007f0c2c3e6000] [id=370091]
  0x00007f0c280e6050 ConcurrentGCThread "G1 Refine#0" [stack: 0x00007f0c0d357000,0x00007f0c0d457000] [id=370092]
  0x00007f0c280e6f40 ConcurrentGCThread "G1 Service" [stack: 0x00007f0c0d255000,0x00007f0c0d355000] [id=370093]

Threads with active compile tasks:

VM state: not at safepoint (normal execution)

VM Mutex/Monitor currently owned by a thread: None

Heap address: 0x0000000085600000, size: 1962 MB, Compressed Oops mode: 32-bit

CDS archive(s) mapped at: [0x0000000800000000-0x0000000800be2000-0x0000000800be2000), size 12460032, SharedBaseAddress: 0x0000000800000000, ArchiveRelocationMode: 0.
Compressed class space mapped at: 0x0000000801000000-0x0000000841000000, reserved size: 1073741824
Narrow klass base: 0x0000000800000000, Narrow klass shift: 0, Narrow klass range: 0x100000000

GC Precious Log:
 CPUs: 4 total, 4 available
 Memory: 7840M
 Large Page Support: Disabled
 NUMA Support: Disabled
 Compressed Oops: Enabled (32-bit)
 Heap Region Size: 1M
 Heap Min Capacity: 8M
 Heap Initial Capacity: 124M
 Heap Max Capacity: 1962M
 Pre-touch: Disabled
 Parallel Workers: 4
 Concurrent Workers: 1
 Concurrent Refinement Workers: 4
 Periodic GC: Disabled

Heap:
 garbage-first heap   total 129024K, used 5959K [0x0000000085600000, 0x0000000100000000)
  region size 1024K, 4 young (4096K), 2 survivors (2048K)
 Metaspace       used 5209K, committed 5440K, reserved 1114112K
  class space    used 510K, committed 640K, reserved 1048576K

Heap Regions: E=young(eden), S=young(survivor), O=old, HS=humongous(starts), HC=humongous(continues), CS=collection set, F=free, OA=open archive, CA=closed archive, TAMS=top-at-mark-start (previous, next)
|   0|0x0000000085600000, 0x0000000085700000, 0x0000000085700000|100%|HS|  |TAMS 0x0000000085600000, 0x0000000085600000| Complete 
|   1|0x0000000085700000, 0x00000000857d9c00, 0x0000000085800000| 85%| O|  |TAMS 0x0000000085700000, 0x0000000085700000| Untracked 
|   2|0x0000000085800000, 0x0000000085800000, 0x0000000085900000|  0%| F|  |TAMS 0x0000000085800000, 0x0000000085800000| Untracked 
|   3|0x0000000085900000, 0x0000000085900000, 0x0000000085a00000|  0%| F|  |TAMS 0x0000000085900000, 0x0000000085900000| Untracked 
|   4|0x0000000085a00000, 0x0000000085a00000, 0x0000000085b00000|  0%| F|  |TAMS 0x0000000085a00000, 0x0000000085a00000| Untracked 
|   5|0x0000000085b00000, 0x0000000085b00000, 0x0000000085c00000|  0%| F|  |TAMS 0x0000000085b00000, 0x0000000085b00000| Untracked 
|   6|0x0000000085c00000, 0x0000000085c00000, 0x0000000085d00000|  0%| F|  |TAMS 0x0000000085c00000, 0x0000000085c00000| Untracked 
|   7|0x0000000085d00000, 0x0000000085d00000, 0x0000000085e00000|  0%| F|  |TAMS 0x0000000085d00000, 0x0000000085d00000| Untracked 
|   8|0x0000000085e00000, 0x0000000085e00000, 0x0000000085f00000|  0%| F|  |TAMS 0x0000000085e00000, 0x0000000085e00000| Untracked 
|   9|0x0000000085f00000, 0x0000000085f00000, 0x0000000086000000|  0%| F|  |TAMS 0x0000000085f00000, 0x0000000085f00000| Untracked 
|  10|0x0000000086000000, 0x0000000086000000, 0x0000000086100000|  0%| F|  |TAMS 0x0000000086000000, 0x0000000086000000| Untracked 
|  11|0x0000000086100000, 0x0000000086100000, 0x0000000086200000|  0%| F|  |TAMS 0x0000000086100000, 0x0000000086100000| Untracked 
|  12|0x0000000086200000, 0x0000000086200000, 0x0000000086300000|  0%| F|  |TAMS 0x0000000086200000, 0x0000000086200000| Untracked 
|  13|0x0000000086300000, 0x0000000086300000, 0x0000000086400000|  0%| F|  |TAMS 0x0000000086300000, 0x0000000086300000| Untracked 
|  14|0x0000000086400000, 0x0000000086400000, 0x0000000086500000|  0%| F|  |TAMS 0x0000000086400000, 0x0000000086400000| Untracked 
|  15|0x0000000086500000, 0x0000000086500000, 0x0000000086600000|  0%| F|  |TAMS 0x0000000086500000, 0x0000000086500000| Untracked 
|  16|0x0000000086600000, 0x0000000086600000, 0x0000000086700000|  0%| F|  |TAMS 0x0000000086600000, 0x0000000086600000| Untracked 
|  17|0x0000000086700000, 0x0000000086700000, 0x0000000086800000|  0%| F|  |TAMS 0x0000000086700000, 0x0000000086700000| Untracked 
|  18|0x0000000086800000, 0x0000000086800000, 0x0000000086900000|  0%| F|  |TAMS 0x0000000086800000, 0x0000000086800000| Untracked 
|  19|0x0000000086900000, 0x0000000086900000, 0x0000000086a00000|  0%| F|  |TAMS 0x0000000086900000, 0x0000000086900000| Untracked 
|  20|0x0000000086a00000, 0x0000000086a00000, 0x0000000086b00000|  0%| F|  |TAMS 0x0000000086a00000, 0x0000000086a00000| Untracked 
|  21|0x0000000086b00000, 0x0000000086b00000, 0x0000000086c00000|  0%| F|  |TAMS 0x0000000086b00000, 0x0000000086b00000| Untracked 
|  22|0x0000000086c00000, 0x0000000086c00000, 0x0000000086d00000|  0%| F|  |TAMS 0x0000000086c00000, 0x0000000086c00000| Untracked 
|  23|0x0000000086d00000, 0x0000000086d00000, 0x0000000086e00000|  0%| F|  |TAMS 0x0000000086d00000, 0x0000000086d00000| Untracked 
|  24|0x0000000086e00000, 0x0000000086e00000, 0x0000000086f00000|  0%| F|  |TAMS 0x0000000086e00000, 0x0000000086e00000| Untracked 
|  25|0x0000000086f00000, 0x0000000086f00000, 0x0000000087000000|  0%| F|  |TAMS 0x0000000086f00000, 0x0000000086f00000| Untracked 
|  26|0x0000000087000000, 0x0000000087000000, 0x0000000087100000|  0%| F|  |TAMS 0x0000000087000000, 0x0000000087000000| Untracked 
|  27|0x0000000087100000, 0x0000000087100000, 0x0000000087200000|  0%| F|  |TAMS 0x0000000087100000, 0x0000000087100000| Untracked 
|  28|0x0000000087200000, 0x0000000087200000, 0x0000000087300000|  0%| F|  |TAMS 0x0000000087200000, 0x0000000087200000| Untracked 
|  29|0x0000000087300000, 0x0000000087300000, 0x0000000087400000|  0%| F|  |TAMS 0x0000000087300000, 0x0000000087300000| Untracked 
|  30|0x0000000087400000, 0x0000000087400000, 0x0000000087500000|  0%| F|  |TAMS 0x0000000087400000, 0x0000000087400000| Untracked 
|  31|0x0000000087500000, 0x0000000087500000, 0x0000000087600000|  0%| F|  |TAMS 0x0000000087500000, 0x0000000087500000| Untracked 
|  32|0x0000000087600000, 0x0000000087600000, 0x0000000087700000|  0%| F|  |TAMS 0x0000000087600000, 0x0000000087600000| Untracked 
|  33|0x0000000087700000, 0x0000000087700000, 0x0000000087800000|  0%| F|  |TAMS 0x0000000087700000, 0x0000000087700000| Untracked 
|  34|0x0000000087800000, 0x0000000087800000, 0x0000000087900000|  0%| F|  |TAMS 0x0000000087800000, 0x0000000087800000| Untracked 
|  35|0x0000000087900000, 0x0000000087900000, 0x0000000087a00000|  0%| F|  |TAMS 0x0000000087900000, 0x0000000087900000| Untracked 
|  36|0x0000000087a00000, 0x0000000087a00000, 0x0000000087b00000|  0%| F|  |TAMS 0x0000000087a00000, 0x0000000087a00000| Untracked 
|  37|0x0000000087b00000, 0x0000000087b00000, 0x0000000087c00000|  0%| F|  |TAMS 0x0000000087b00000, 0x0000000087b00000| Untracked 
|  38|0x0000000087c00000, 0x0000000087c00000, 0x0000000087d00000|  0%| F|  |TAMS 0x0000000087c00000, 0x0000000087c00000| Untracked 
|  39|0x0000000087d00000, 0x0000000087d00000, 0x0000000087e00000|  0%| F|  |TAMS 0x0000000087d00000, 0x0000000087d00000| Untracked 
|  40|0x0000000087e00000, 0x0000000087e00000, 0x0000000087f00000|  0%| F|  |TAMS 0x0000000087e00000, 0x0000000087e00000| Untracked 
|  41|0x0000000087f00000, 0x0000000087f00000, 0x0000000088000000|  0%| F|  |TAMS 0x0000000087f00000, 0x0000000087f00000| Untracked 
|  42|0x0000000088000000, 0x0000000088000000, 0x0000000088100000|  0%| F|  |TAMS 0x0000000088000000, 0x0000000088000000| Untracked 
|  43|0x0000000088100000, 0x0000000088100000, 0x0000000088200000|  0%| F|  |TAMS 0x0000000088100000, 0x0000000088100000| Untracked 
|  44|0x0000000088200000, 0x0000000088200000, 0x0000000088300000|  0%| F|  |TAMS 0x0000000088200000, 0x0000000088200000| Untracked 
|  45|0x0000000088300000, 0x0000000088300000, 0x0000000088400000|  0%| F|  |TAMS 0x0000000088300000, 0x0000000088300000| Untracked 
|  46|0x0000000088400000, 0x0000000088400000, 0x0000000088500000|  0%| F|  |TAMS 0x0000000088400000, 0x0000000088400000| Untracked 
|  47|0x0000000088500000, 0x0000000088500000, 0x0000000088600000|  0%| F|  |TAMS 0x0000000088500000, 0x0000000088500000| Untracked 
|  48|0x0000000088600000, 0x0000000088600000, 0x0000000088700000|  0%| F|  |TAMS 0x0000000088600000, 0x0000000088600000| Untracked 
|  49|0x0000000088700000, 0x0000000088700000, 0x0000000088800000|  0%| F|  |TAMS 0x0000000088700000, 0x0000000088700000| Untracked 
|  50|0x0000000088800000, 0x0000000088800000, 0x0000000088900000|  0%| F|  |TAMS 0x0000000088800000, 0x0000000088800000| Untracked 
|  51|0x0000000088900000, 0x0000000088900000, 0x0000000088a00000|  0%| F|  |TAMS 0x0000000088900000, 0x0000000088900000| Untracked 
|  52|0x0000000088a00000, 0x0000000088a00000, 0x0000000088b00000|  0%| F|  |TAMS 0x0000000088a00000, 0x0000000088a00000| Untracked 
|  53|0x0000000088b00000, 0x0000000088b00000, 0x0000000088c00000|  0%| F|  |TAMS 0x0000000088b00000, 0x0000000088b00000| Untracked 
|  54|0x0000000088c00000, 0x0000000088c00000, 0x0000000088d00000|  0%| F|  |TAMS 0x0000000088c00000, 0x0000000088c00000| Untracked 
|  55|0x0000000088d00000, 0x0000000088d00000, 0x0000000088e00000|  0%| F|  |TAMS 0x0000000088d00000, 0x0000000088d00000| Untracked 
|  56|0x0000000088e00000, 0x0000000088e00000, 0x0000000088f00000|  0%| F|  |TAMS 0x0000000088e00000, 0x0000000088e00000| Untracked 
|  57|0x0000000088f00000, 0x0000000088f00000, 0x0000000089000000|  0%| F|  |TAMS 0x0000000088f00000, 0x0000000088f00000| Untracked 
|  58|0x0000000089000000, 0x0000000089000000, 0x0000000089100000|  0%| F|  |TAMS 0x0000000089000000, 0x0000000089000000| Untracked 
|  59|0x0000000089100000, 0x0000000089100000, 0x0000000089200000|  0%| F|  |TAMS 0x0000000089100000, 0x0000000089100000| Untracked 
|  60|0x0000000089200000, 0x0000000089200000, 0x0000000089300000|  0%| F|  |TAMS 0x0000000089200000, 0x0000000089200000| Untracked 
|  61|0x0000000089300000, 0x0000000089300000, 0x0000000089400000|  0%| F|  |TAMS 0x0000000089300000, 0x0000000089300000| Untracked 
|  62|0x0000000089400000, 0x0000000089400000, 0x0000000089500000|  0%| F|  |TAMS 0x0000000089400000, 0x0000000089400000| Untracked 
|  63|0x0000000089500000, 0x0000000089500000, 0x0000000089600000|  0%| F|  |TAMS 0x0000000089500000, 0x0000000089500000| Untracked 
|  64|0x0000000089600000, 0x0000000089600000, 0x0000000089700000|  0%| F|  |TAMS 0x0000000089600000, 0x0000000089600000| Untracked 
|  65|0x0000000089700000, 0x0000000089700000, 0x0000000089800000|  0%| F|  |TAMS 0x0000000089700000, 0x0000000089700000| Untracked 
|  66|0x0000000089800000, 0x0000000089800000, 0x0000000089900000|  0%| F|  |TAMS 0x0000000089800000, 0x0000000089800000| Untracked 
|  67|0x0000000089900000, 0x0000000089900000, 0x0000000089a00000|  0%| F|  |TAMS 0x0000000089900000, 0x0000000089900000| Untracked 
|  68|0x0000000089a00000, 0x0000000089a00000, 0x0000000089b00000|  0%| F|  |TAMS 0x0000000089a00000, 0x0000000089a00000| Untracked 
|  69|0x0000000089b00000, 0x0000000089b00000, 0x0000000089c00000|  0%| F|  |TAMS 0x0000000089b00000, 0x0000000089b00000| Untracked 
|  70|0x0000000089c00000, 0x0000000089c00000, 0x0000000089d00000|  0%| F|  |TAMS 0x0000000089c00000, 0x0000000089c00000| Untracked 
|  71|0x0000000089d00000, 0x0000000089d00000, 0x0000000089e00000|  0%| F|  |TAMS 0x0000000089d00000, 0x0000000089d00000| Untracked 
|  72|0x0000000089e00000, 0x0000000089e00000, 0x0000000089f00000|  0%| F|  |TAMS 0x0000000089e00000, 0x0000000089e00000| Untracked 
|  73|0x0000000089f00000, 0x0000000089f00000, 0x000000008a000000|  0%| F|  |TAMS 0x0000000089f00000, 0x0000000089f00000| Untracked 
|  74|0x000000008a000000, 0x000000008a000000, 0x000000008a100000|  0%| F|  |TAMS 0x000000008a000000, 0x000000008a000000| Untracked 
|  75|0x000000008a100000, 0x000000008a100000, 0x000000008a200000|  0%| F|  |TAMS 0x000000008a100000, 0x000000008a100000| Untracked 
|  76|0x000000008a200000, 0x000000008a200000, 0x000000008a300000|  0%| F|  |TAMS 0x000000008a200000, 0x000000008a200000| Untracked 
|  77|0x000000008a300000, 0x000000008a300000, 0x000000008a400000|  0%| F|  |TAMS 0x000000008a300000, 0x000000008a300000| Untracked 
|  78|0x000000008a400000, 0x000000008a400000, 0x000000008a500000|  0%| F|  |TAMS 0x000000008a400000, 0x000000008a400000| Untracked 
|  79|0x000000008a500000, 0x000000008a500000, 0x000000008a600000|  0%| F|  |TAMS 0x000000008a500000, 0x000000008a500000| Untracked 
|  80|0x000000008a600000, 0x000000008a600000, 0x000000008a700000|  0%| F|  |TAMS 0x000000008a600000, 0x000000008a600000| Untracked 
|  81|0x000000008a700000, 0x000000008a700000, 0x000000008a800000|  0%| F|  |TAMS 0x000000008a700000, 0x000000008a700000| Untracked 
|  82|0x000000008a800000, 0x000000008a800000, 0x000000008a900000|  0%| F|  |TAMS 0x000000008a800000, 0x000000008a800000| Untracked 
|  83|0x000000008a900000, 0x000000008a900000, 0x000000008aa00000|  0%| F|  |TAMS 0x000000008a900000, 0x000000008a900000| Untracked 
|  84|0x000000008aa00000, 0x000000008aa00000, 0x000000008ab00000|  0%| F|  |TAMS 0x000000008aa00000, 0x000000008aa00000| Untracked 
|  85|0x000000008ab00000, 0x000000008ab00000, 0x000000008ac00000|  0%| F|  |TAMS 0x000000008ab00000, 0x000000008ab00000| Untracked 
|  86|0x000000008ac00000, 0x000000008ac00000, 0x000000008ad00000|  0%| F|  |TAMS 0x000000008ac00000, 0x000000008ac00000| Untracked 
|  87|0x000000008ad00000, 0x000000008ad00000, 0x000000008ae00000|  0%| F|  |TAMS 0x000000008ad00000, 0x000000008ad00000| Untracked 
|  88|0x000000008ae00000, 0x000000008ae00000, 0x000000008af00000|  0%| F|  |TAMS 0x000000008ae00000, 0x000000008ae00000| Untracked 
|  89|0x000000008af00000, 0x000000008af00000, 0x000000008b000000|  0%| F|  |TAMS 0x000000008af00000, 0x000000008af00000| Untracked 
|  90|0x000000008b000000, 0x000000008b000000, 0x000000008b100000|  0%| F|  |TAMS 0x000000008b000000, 0x000000008b000000| Untracked 
|  91|0x000000008b100000, 0x000000008b100000, 0x000000008b200000|  0%| F|  |TAMS 0x000000008b100000, 0x000000008b100000| Untracked 
|  92|0x000000008b200000, 0x000000008b200000, 0x000000008b300000|  0%| F|  |TAMS 0x000000008b200000, 0x000000008b200000| Untracked 
|  93|0x000000008b300000, 0x000000008b300000, 0x000000008b400000|  0%| F|  |TAMS 0x000000008b300000, 0x000000008b300000| Untracked 
|  94|0x000000008b400000, 0x000000008b400000, 0x000000008b500000|  0%| F|  |TAMS 0x000000008b400000, 0x000000008b400000| Untracked 
|  95|0x000000008b500000, 0x000000008b500000, 0x000000008b600000|  0%| F|  |TAMS 0x000000008b500000, 0x000000008b500000| Untracked 
|  96|0x000000008b600000, 0x000000008b600000, 0x000000008b700000|  0%| F|  |TAMS 0x000000008b600000, 0x000000008b600000| Untracked 
|  97|0x000000008b700000, 0x000000008b700000, 0x000000008b800000|  0%| F|  |TAMS 0x000000008b700000, 0x000000008b700000| Untracked 
|  98|0x000000008b800000, 0x000000008b800000, 0x000000008b900000|  0%| F|  |TAMS 0x000000008b800000, 0x000000008b800000| Untracked 
|  99|0x000000008b900000, 0x000000008b900000, 0x000000008ba00000|  0%| F|  |TAMS 0x000000008b900000, 0x000000008b900000| Untracked 
| 100|0x000000008ba00000, 0x000000008ba00000, 0x000000008bb00000|  0%| F|  |TAMS 0x000000008ba00000, 0x000000008ba00000| Untracked 
| 101|0x000000008bb00000, 0x000000008bb00000, 0x000000008bc00000|  0%| F|  |TAMS 0x000000008bb00000, 0x000000008bb00000| Untracked 
| 102|0x000000008bc00000, 0x000000008bc00000, 0x000000008bd00000|  0%| F|  |TAMS 0x000000008bc00000, 0x000000008bc00000| Untracked 
| 103|0x000000008bd00000, 0x000000008bd00000, 0x000000008be00000|  0%| F|  |TAMS 0x000000008bd00000, 0x000000008bd00000| Untracked 
| 104|0x000000008be00000, 0x000000008be00000, 0x000000008bf00000|  0%| F|  |TAMS 0x000000008be00000, 0x000000008be00000| Untracked 
| 105|0x000000008bf00000, 0x000000008bf00000, 0x000000008c000000|  0%| F|  |TAMS 0x000000008bf00000, 0x000000008bf00000| Untracked 
| 106|0x000000008c000000, 0x000000008c000000, 0x000000008c100000|  0%| F|  |TAMS 0x000000008c000000, 0x000000008c000000| Untracked 
| 107|0x000000008c100000, 0x000000008c100000, 0x000000008c200000|  0%| F|  |TAMS 0x000000008c100000, 0x000000008c100000| Untracked 
| 108|0x000000008c200000, 0x000000008c200000, 0x000000008c300000|  0%| F|  |TAMS 0x000000008c200000, 0x000000008c200000| Untracked 
| 109|0x000000008c300000, 0x000000008c400000, 0x000000008c400000|100%| S|CS|TAMS 0x000000008c300000, 0x000000008c300000| Complete 
| 110|0x000000008c400000, 0x000000008c500000, 0x000000008c500000|100%| S|CS|TAMS 0x000000008c400000, 0x000000008c400000| Complete 
| 111|0x000000008c500000, 0x000000008c500000, 0x000000008c600000|  0%| F|  |TAMS 0x000000008c500000, 0x000000008c500000| Untracked 
| 112|0x000000008c600000, 0x000000008c600000, 0x000000008c700000|  0%| F|  |TAMS 0x000000008c600000, 0x000000008c600000| Untracked 
| 113|0x000000008c700000, 0x000000008c700000, 0x000000008c800000|  0%| F|  |TAMS 0x000000008c700000, 0x000000008c700000| Untracked 
| 114|0x000000008c800000, 0x000000008c800000, 0x000000008c900000|  0%| F|  |TAMS 0x000000008c800000, 0x000000008c800000| Untracked 
| 115|0x000000008c900000, 0x000000008c900000, 0x000000008ca00000|  0%| F|  |TAMS 0x000000008c900000, 0x000000008c900000| Untracked 
| 116|0x000000008ca00000, 0x000000008ca00000, 0x000000008cb00000|  0%| F|  |TAMS 0x000000008ca00000, 0x000000008ca00000| Untracked 
| 117|0x000000008cb00000, 0x000000008cb00000, 0x000000008cc00000|  0%| F|  |TAMS 0x000000008cb00000, 0x000000008cb00000| Untracked 
| 118|0x000000008cc00000, 0x000000008cc00000, 0x000000008cd00000|  0%| F|  |TAMS 0x000000008cc00000, 0x000000008cc00000| Untracked 
| 119|0x000000008cd00000, 0x000000008cd00000, 0x000000008ce00000|  0%| F|  |TAMS 0x000000008cd00000, 0x000000008cd00000| Untracked 
| 120|0x000000008ce00000, 0x000000008ce00000, 0x000000008cf00000|  0%| F|  |TAMS 0x000000008ce00000, 0x000000008ce00000| Untracked 
| 121|0x000000008cf00000, 0x000000008cf00000, 0x000000008d000000|  0%| F|  |TAMS 0x000000008cf00000, 0x000000008cf00000| Untracked 
| 122|0x000000008d000000, 0x000000008d08df28, 0x000000008d100000| 55%| E|  |TAMS 0x000000008d000000, 0x000000008d000000| Complete 
| 123|0x000000008d100000, 0x000000008d200000, 0x000000008d200000|100%| E|CS|TAMS 0x000000008d100000, 0x000000008d100000| Complete 
|1960|0x00000000ffe00000, 0x00000000ffe76000, 0x00000000fff00000| 46%|OA|  |TAMS 0x00000000ffe00000, 0x00000000ffe00000| Untracked 
|1961|0x00000000fff00000, 0x00000000fff82000, 0x0000000100000000| 50%|CA|  |TAMS 0x00000000fff00000, 0x00000000fff00000| Untracked 

Card table byte_map: [0x00007f0c2e867000,0x00007f0c2ec3c000] _byte_map_base: 0x00007f0c2e43c000

Marking Bits (Prev, Next): (CMBitMap*) 0x00007f0c28070960, (CMBitMap*) 0x00007f0c280709a0
 Prev Bits: [0x00007f0c2c5ea000, 0x00007f0c2e492000)
 Next Bits: [0x00007f0c0f558000, 0x00007f0c11400000)

Polling page: 0x00007f0c31115000

Metaspace:

Usage:
  Non-class:      4,59 MB used.
      Class:    510,82 KB used.
       Both:      5,09 MB used.

Virtual space:
  Non-class space:       64,00 MB reserved,       4,69 MB (  7%) committed,  1 nodes.
      Class space:        1,00 GB reserved,     640,00 KB ( <1%) committed,  1 nodes.
             Both:        1,06 GB reserved,       5,31 MB ( <1%) committed. 

Chunk freelists:
   Non-Class:  9,92 MB
       Class:  15,23 MB
        Both:  25,16 MB

MaxMetaspaceSize: unlimited
CompressedClassSpaceSize: 1,00 GB
Initial GC threshold: 21,00 MB
Current GC threshold: 21,00 MB
CDS: on
MetaspaceReclaimPolicy: balanced
 - commit_granule_bytes: 65536.
 - commit_granule_words: 8192.
 - virtual_space_node_default_size: 8388608.
 - enlarge_chunks_in_place: 1.
 - new_chunks_are_fully_committed: 0.
 - uncommit_free_chunks: 1.
 - use_allocation_guard: 0.
 - handle_deallocations: 1.


Internal statistics:

num_allocs_failed_limit: 0.
num_arena_births: 18.
num_arena_deaths: 0.
num_vsnodes_births: 2.
num_vsnodes_deaths: 0.
num_space_committed: 85.
num_space_uncommitted: 0.
num_chunks_returned_to_freelist: 0.
num_chunks_taken_from_freelist: 123.
num_chunk_merges: 0.
num_chunk_splits: 82.
num_chunks_enlarged: 63.
num_inconsistent_stats: 0.

CodeHeap 'non-profiled nmethods': size=120032Kb used=227Kb max_used=227Kb free=119804Kb
 bounds [0x00007f0c18ec8000, 0x00007f0c19138000, 0x00007f0c20400000]
CodeHeap 'profiled nmethods': size=120028Kb used=1326Kb max_used=1326Kb free=118701Kb
 bounds [0x00007f0c11400000, 0x00007f0c11670000, 0x00007f0c18937000]
CodeHeap 'non-nmethods': size=5700Kb used=1242Kb max_used=1256Kb free=4457Kb
 bounds [0x00007f0c18937000, 0x00007f0c18ba7000, 0x00007f0c18ec8000]
 total_blobs=1293 nmethods=738 adapters=469
 compilation: enabled
              stopped_count=0, restarted_count=0
 full_count=0

Compilation events (20 events):
Event: 1,676 Thread 0x00007f0c28121a80 nmethod 717 0x00007f0c11547110 code [0x00007f0c115472c0, 0x00007f0c11547550]
Event: 1,676 Thread 0x00007f0c28121a80  731       1       java.lang.invoke.MethodHandles$Lookup::previousLookupClass (5 bytes)
Event: 1,676 Thread 0x00007f0c28121a80 nmethod 731 0x00007f0c18f00390 code [0x00007f0c18f00520, 0x00007f0c18f005f0]
Event: 1,676 Thread 0x00007f0c28121a80  732       3       java.util.regex.Pattern::isSupplementary (21 bytes)
Event: 1,676 Thread 0x00007f0c28121a80 nmethod 732 0x00007f0c11547610 code [0x00007f0c115477c0, 0x00007f0c11547a30]
Event: 1,676 Thread 0x00007f0c28121a80  733       3       java.lang.Character::isSurrogate (18 bytes)
Event: 1,676 Thread 0x00007f0c28121a80 nmethod 733 0x00007f0c11547b10 code [0x00007f0c11547ca0, 0x00007f0c11547e30]
Event: 1,676 Thread 0x00007f0c28121a80  735       3       jdk.internal.org.objectweb.asm.SymbolTable::addConstantNameAndType (137 bytes)
Event: 1,677 Thread 0x00007f0c28121a80 nmethod 735 0x00007f0c11547e90 code [0x00007f0c115480e0, 0x00007f0c115487e0]
Event: 1,677 Thread 0x00007f0c28121a80  736       3       jdk.internal.org.objectweb.asm.SymbolTable$Entry::<init> (20 bytes)
Event: 1,677 Thread 0x00007f0c28121a80 nmethod 736 0x00007f0c11548c10 code [0x00007f0c11548dc0, 0x00007f0c11548f00]
Event: 1,677 Thread 0x00007f0c28121a80  734   !   3       java.lang.invoke.MemberName::clone (14 bytes)
Event: 1,678 Thread 0x00007f0c28121a80 nmethod 734 0x00007f0c11549010 code [0x00007f0c115491e0, 0x00007f0c11549550]
Event: 1,678 Thread 0x00007f0c28121a80  737       3       java.lang.invoke.MemberName::isResolved (13 bytes)
Event: 1,678 Thread 0x00007f0c28121a80 nmethod 737 0x00007f0c11549690 code [0x00007f0c11549820, 0x00007f0c11549990]
Event: 1,678 Thread 0x00007f0c28120550 nmethod 725 0x00007f0c18f00690 code [0x00007f0c18f00820, 0x00007f0c18f009d8]
Event: 1,678 Thread 0x00007f0c28120550  730       4       java.lang.AbstractStringBuilder::isLatin1 (19 bytes)
Event: 1,679 Thread 0x00007f0c28120550 nmethod 730 0x00007f0c18f00b10 code [0x00007f0c18f00ca0, 0x00007f0c18f00d38]
Event: 1,682 Thread 0x00007f0c28121a80  738       3       java.io.UnixFileSystem::resolve (101 bytes)
Event: 1,684 Thread 0x00007f0c28121a80 nmethod 738 0x00007f0c11549a10 code [0x00007f0c11549e20, 0x00007f0c1154b470]

GC Heap History (2 events):
Event: 1,558 GC heap before
{Heap before GC invocations=0 (full 0):
 garbage-first heap   total 129024K, used 15328K [0x0000000085600000, 0x0000000100000000)
  region size 1024K, 13 young (13312K), 0 survivors (0K)
 Metaspace       used 4583K, committed 4736K, reserved 1114112K
  class space    used 437K, committed 512K, reserved 1048576K
}
Event: 1,584 GC heap after
{Heap after GC invocations=1 (full 0):
 garbage-first heap   total 129024K, used 4935K [0x0000000085600000, 0x0000000100000000)
  region size 1024K, 2 young (2048K), 2 survivors (2048K)
 Metaspace       used 4583K, committed 4736K, reserved 1114112K
  class space    used 437K, committed 512K, reserved 1048576K
}

Dll operation events (11 events):
Event: 0,003 Loaded shared library /usr/lib/jvm/java-17-openjdk-amd64/lib/libjava.so
Event: 0,037 Loaded shared library /usr/lib/jvm/java-17-openjdk-amd64/lib/libjsvml.so
Event: 0,289 Loaded shared library /usr/lib/jvm/java-17-openjdk-amd64/lib/libzip.so
Event: 0,291 Loaded shared library /usr/lib/jvm/java-17-openjdk-amd64/lib/libinstrument.so
Event: 0,296 Loaded shared library /usr/lib/jvm/java-17-openjdk-amd64/lib/libnio.so
Event: 0,308 Loaded shared library /usr/lib/jvm/java-17-openjdk-amd64/lib/libzip.so
Event: 0,398 Loaded shared library /usr/lib/jvm/java-17-openjdk-amd64/lib/libnet.so
Event: 0,409 Loaded shared library /usr/lib/jvm/java-17-openjdk-amd64/lib/libextnet.so
Event: 0,410 Loaded shared library /usr/lib/jvm/java-17-openjdk-amd64/lib/libjimage.so
Event: 0,730 Loaded shared library /tmp/jffi6227848819052106801.so
Event: 0,871 Loaded shared library /usr/lib/jvm/java-17-openjdk-amd64/lib/libverify.so

Deoptimization events (20 events):
Event: 0,506 Thread 0x00007f0c28016800 Uncommon trap: trap_request=0xffffff45 fr.pc=0x00007f0c18ed9e18 relative=0x0000000000000078
Event: 0,506 Thread 0x00007f0c28016800 Uncommon trap: reason=unstable_if action=reinterpret pc=0x00007f0c18ed9e18 method=java.lang.String.isLatin1()Z @ 10 c2
Event: 0,506 Thread 0x00007f0c28016800 DEOPT PACKING pc=0x00007f0c18ed9e18 sp=0x00007f0c2f5fa700
Event: 0,506 Thread 0x00007f0c28016800 DEOPT UNPACKING pc=0x00007f0c1898d699 sp=0x00007f0c2f5fa660 mode 2
Event: 0,511 Thread 0x00007f0c28016800 Uncommon trap: trap_request=0xffffff45 fr.pc=0x00007f0c18eda17c relative=0x000000000000005c
Event: 0,511 Thread 0x00007f0c28016800 Uncommon trap: reason=unstable_if action=reinterpret pc=0x00007f0c18eda17c method=java.lang.String.isLatin1()Z @ 10 c2
Event: 0,511 Thread 0x00007f0c28016800 DEOPT PACKING pc=0x00007f0c18eda17c sp=0x00007f0c2f5fa650
Event: 0,511 Thread 0x00007f0c28016800 DEOPT UNPACKING pc=0x00007f0c1898d699 sp=0x00007f0c2f5fa600 mode 2
Event: 0,652 Thread 0x00007f0c28016800 Uncommon trap: trap_request=0xffffff45 fr.pc=0x00007f0c18ed4d44 relative=0x00000000000008c4
Event: 0,652 Thread 0x00007f0c28016800 Uncommon trap: reason=unstable_if action=reinterpret pc=0x00007f0c18ed4d44 method=java.util.HashMap.putVal(ILjava/lang/Object;Ljava/lang/Object;ZZ)Ljava/lang/Object; @ 181 c2
Event: 0,652 Thread 0x00007f0c28016800 DEOPT PACKING pc=0x00007f0c18ed4d44 sp=0x00007f0c2f5f9da0
Event: 0,652 Thread 0x00007f0c28016800 DEOPT UNPACKING pc=0x00007f0c1898d699 sp=0x00007f0c2f5f9d40 mode 2
Event: 1,667 Thread 0x00007f0c28016800 Uncommon trap: trap_request=0xffffff45 fr.pc=0x00007f0c18efbb44 relative=0x0000000000001584
Event: 1,667 Thread 0x00007f0c28016800 Uncommon trap: reason=unstable_if action=reinterpret pc=0x00007f0c18efbb44 method=java.util.HashMap.hash(Ljava/lang/Object;)I @ 1 c2
Event: 1,667 Thread 0x00007f0c28016800 DEOPT PACKING pc=0x00007f0c18efbb44 sp=0x00007f0c2f5fdd60
Event: 1,667 Thread 0x00007f0c28016800 DEOPT UNPACKING pc=0x00007f0c1898d699 sp=0x00007f0c2f5fdd10 mode 2
Event: 1,667 Thread 0x00007f0c28016800 Uncommon trap: trap_request=0xffffff45 fr.pc=0x00007f0c18ecfe38 relative=0x0000000000000098
Event: 1,667 Thread 0x00007f0c28016800 Uncommon trap: reason=unstable_if action=reinterpret pc=0x00007f0c18ecfe38 method=java.util.HashMap.hash(Ljava/lang/Object;)I @ 1 c2
Event: 1,667 Thread 0x00007f0c28016800 DEOPT PACKING pc=0x00007f0c18ecfe38 sp=0x00007f0c2f5fdd50
Event: 1,667 Thread 0x00007f0c28016800 DEOPT UNPACKING pc=0x00007f0c1898d699 sp=0x00007f0c2f5fdd08 mode 2

Classes unloaded (0 events):
No events

Classes redefined (0 events):
No events

Internal exceptions (9 events):
Event: 0,401 Thread 0x00007f0c282805d0 Exception <a 'java/lang/NoSuchMethodError'{0x000000008ce03658}: 'java.lang.Object java.lang.invoke.DirectMethodHandle$Holder.invokeStaticInit(java.lang.Object)'> (0x000000008ce03658) 
thrown [./src/hotspot/share/interpreter/linkResolver.cpp, line 758]
Event: 0,410 Thread 0x00007f0c282805d0 Exception <a 'java/lang/NoSuchMethodError'{0x000000008ce11d10}: 'void java.lang.invoke.DirectMethodHandle$Holder.invokeStatic(java.lang.Object, java.lang.Object)'> (0x000000008ce11d10) 
thrown [./src/hotspot/share/interpreter/linkResolver.cpp, line 758]
Event: 1,139 Thread 0x00007f0c28016800 Exception <a 'java/lang/UnsatisfiedLinkError'{0x000000008c9203d8}: meos: Ne peut ouvrir le fichier d'objet partagé: Aucun fichier ou dossier de ce type> (0x000000008c9203d8) 
thrown [./src/hotspot/share/prims/jni.cpp, line 535]
Event: 1,490 Thread 0x00007f0c28016800 Exception <a 'java/lang/NoSuchMethodError'{0x000000008c5b39e0}: 'java.lang.Object java.lang.invoke.DirectMethodHandle$Holder.newInvokeSpecial(java.lang.Object, java.lang.Object, java.lang.Object, java.lang.Object, java.lang.Object)'> (0x000000008c5b39e0) 
thrown [./src/hotspot/share/interpreter/linkResolver.cpp, line 758]
Event: 1,623 Thread 0x00007f0c28016800 Exception <a 'java/lang/UnsatisfiedLinkError'{0x000000008d14a828}: /usr/local/lib/libmeos.so: undefined symbol: intrange_to_intspan> (0x000000008d14a828) 
thrown [./src/hotspot/share/prims/jni.cpp, line 535]
Event: 1,624 Thread 0x00007f0c28016800 Exception <a 'java/lang/UnsatisfiedLinkError'{0x000000008d14c410}: /usr/local/lib/libmeos.so: undefined symbol: floatrange_to_floatspan> (0x000000008d14c410) 
thrown [./src/hotspot/share/prims/jni.cpp, line 535]
Event: 1,625 Thread 0x00007f0c28016800 Exception <a 'java/lang/UnsatisfiedLinkError'{0x000000008d153f50}: /usr/local/lib/libmeos.so: undefined symbol: distance_timestamp_timestamp> (0x000000008d153f50) 
thrown [./src/hotspot/share/prims/jni.cpp, line 535]
Event: 1,667 Thread 0x00007f0c28016800 Implicit null exception at 0x00007f0c18efa600 to 0x00007f0c18efbb30
Event: 1,667 Thread 0x00007f0c28016800 Implicit null exception at 0x00007f0c18ecfdaf to 0x00007f0c18ecfe29

VM Operations (10 events):
Event: 0,576 Executing VM operation: HandshakeAllThreads
Event: 0,576 Executing VM operation: HandshakeAllThreads done
Event: 0,857 Executing VM operation: HandshakeAllThreads
Event: 0,857 Executing VM operation: HandshakeAllThreads done
Event: 1,065 Executing VM operation: HandshakeAllThreads
Event: 1,065 Executing VM operation: HandshakeAllThreads done
Event: 1,065 Executing VM operation: Cleanup
Event: 1,065 Executing VM operation: Cleanup done
Event: 1,557 Executing VM operation: G1CollectForAllocation
Event: 1,584 Executing VM operation: G1CollectForAllocation done

Events (20 events):
Event: 1,617 loading class jdk/internal/reflect/BootstrapConstructorAccessorImpl
Event: 1,617 loading class jdk/internal/reflect/BootstrapConstructorAccessorImpl done
Event: 1,636 loading class java/util/LinkedList$ListItr
Event: 1,636 loading class java/util/LinkedList$ListItr done
Event: 1,642 loading class sun/misc/Unsafe
Event: 1,643 loading class sun/misc/Unsafe done
Event: 1,661 loading class java/util/Stack
Event: 1,661 loading class java/util/Stack done
Event: 1,668 loading class java/time/OffsetDateTime
Event: 1,669 loading class java/time/OffsetDateTime done
Event: 1,675 loading class java/text/ParsePosition
Event: 1,675 loading class java/text/ParsePosition done
Event: 1,675 loading class java/time/format/DateTimeParseContext
Event: 1,675 loading class java/time/format/DateTimeParseContext done
Event: 1,675 loading class java/time/format/Parsed
Event: 1,676 loading class java/time/format/Parsed done
Event: 1,678 loading class java/time/ZonedDateTime
Event: 1,678 loading class java/time/chrono/ChronoZonedDateTime
Event: 1,678 loading class java/time/chrono/ChronoZonedDateTime done
Event: 1,678 loading class java/time/ZonedDateTime done


Dynamic libraries:
85600000-8d200000 rw-p 00000000 00:00 0 
8d200000-ffe00000 ---p 00000000 00:00 0 
ffe00000-ffe76000 rw-p 00c9d000 08:02 10491600                           /usr/lib/jvm/java-17-openjdk-amd64/lib/server/classes.jsa
ffe76000-fff00000 rw-p 00000000 00:00 0 
fff00000-fff82000 rw-p 00c1b000 08:02 10491600                           /usr/lib/jvm/java-17-openjdk-amd64/lib/server/classes.jsa
fff82000-100000000 rw-p 00000000 00:00 0 
800000000-800458000 rw-p 00001000 08:02 10491600                         /usr/lib/jvm/java-17-openjdk-amd64/lib/server/classes.jsa
800458000-800be2000 r--p 00459000 08:02 10491600                         /usr/lib/jvm/java-17-openjdk-amd64/lib/server/classes.jsa
800be2000-801000000 ---p 00000000 00:00 0 
801000000-801040000 rw-p 00000000 00:00 0 
801040000-801090000 rw-p 00000000 00:00 0 
801090000-8010c0000 ---p 00000000 00:00 0 
8010c0000-8010d0000 rw-p 00000000 00:00 0 
8010d0000-841000000 ---p 00000000 00:00 0 
5640114e0000-5640114e1000 r--p 00000000 08:02 10485864                   /usr/lib/jvm/java-17-openjdk-amd64/bin/java
5640114e1000-5640114e2000 r-xp 00001000 08:02 10485864                   /usr/lib/jvm/java-17-openjdk-amd64/bin/java
5640114e2000-5640114e3000 r--p 00002000 08:02 10485864                   /usr/lib/jvm/java-17-openjdk-amd64/bin/java
5640114e3000-5640114e4000 r--p 00002000 08:02 10485864                   /usr/lib/jvm/java-17-openjdk-amd64/bin/java
5640114e4000-5640114e5000 rw-p 00003000 08:02 10485864                   /usr/lib/jvm/java-17-openjdk-amd64/bin/java
564012483000-5640124cb000 rw-p 00000000 00:00 0                          [heap]
7f0ba8000000-7f0ba8021000 rw-p 00000000 00:00 0 
7f0ba8021000-7f0bac000000 ---p 00000000 00:00 0 
7f0bb0000000-7f0bb0021000 rw-p 00000000 00:00 0 
7f0bb0021000-7f0bb4000000 ---p 00000000 00:00 0 
7f0bb4000000-7f0bb4021000 rw-p 00000000 00:00 0 
7f0bb4021000-7f0bb8000000 ---p 00000000 00:00 0 
7f0bb8000000-7f0bb8021000 rw-p 00000000 00:00 0 
7f0bb8021000-7f0bbc000000 ---p 00000000 00:00 0 
7f0bbc000000-7f0bbc027000 rw-p 00000000 00:00 0 
7f0bbc027000-7f0bc0000000 ---p 00000000 00:00 0 
7f0bc0000000-7f0bc0021000 rw-p 00000000 00:00 0 
7f0bc0021000-7f0bc4000000 ---p 00000000 00:00 0 
7f0bc4000000-7f0bc4021000 rw-p 00000000 00:00 0 
7f0bc4021000-7f0bc8000000 ---p 00000000 00:00 0 
7f0bc8000000-7f0bc8021000 rw-p 00000000 00:00 0 
7f0bc8021000-7f0bcc000000 ---p 00000000 00:00 0 
7f0bcc000000-7f0bcc021000 rw-p 00000000 00:00 0 
7f0bcc021000-7f0bd0000000 ---p 00000000 00:00 0 
7f0bd19e6000-7f0bd19e7000 ---p 00000000 00:00 0 
7f0bd19e7000-7f0bd1ae8000 rw-p 00000000 00:00 0 
7f0bd1ae8000-7f0bd1ae9000 ---p 00000000 00:00 0 
7f0bd1ae9000-7f0bd1bea000 rw-p 00000000 00:00 0 
7f0bd1bea000-7f0bd1beb000 ---p 00000000 00:00 0 
7f0bd1beb000-7f0bd1cec000 rw-p 00000000 00:00 0 
7f0bd1cec000-7f0bd1cf0000 ---p 00000000 00:00 0 
7f0bd1cf0000-7f0bd1dec000 rw-p 00000000 00:00 0 
7f0bd1e81000-7f0bd1e84000 r--p 00000000 08:02 10365379                   /usr/lib/x86_64-linux-gnu/libresolv.so.2
7f0bd1e84000-7f0bd1e8e000 r-xp 00003000 08:02 10365379                   /usr/lib/x86_64-linux-gnu/libresolv.so.2
7f0bd1e8e000-7f0bd1e91000 r--p 0000d000 08:02 10365379                   /usr/lib/x86_64-linux-gnu/libresolv.so.2
7f0bd1e91000-7f0bd1e92000 r--p 0000f000 08:02 10365379                   /usr/lib/x86_64-linux-gnu/libresolv.so.2
7f0bd1e92000-7f0bd1e93000 rw-p 00010000 08:02 10365379                   /usr/lib/x86_64-linux-gnu/libresolv.so.2
7f0bd1e93000-7f0bd1e95000 rw-p 00000000 00:00 0 
7f0bd1e95000-7f0bd1e97000 r--p 00000000 08:02 10356728                   /usr/lib/x86_64-linux-gnu/libffi.so.8.1.0
7f0bd1e97000-7f0bd1e9e000 r-xp 00002000 08:02 10356728                   /usr/lib/x86_64-linux-gnu/libffi.so.8.1.0
7f0bd1e9e000-7f0bd1e9f000 r--p 00009000 08:02 10356728                   /usr/lib/x86_64-linux-gnu/libffi.so.8.1.0
7f0bd1e9f000-7f0bd1ea0000 ---p 0000a000 08:02 10356728                   /usr/lib/x86_64-linux-gnu/libffi.so.8.1.0
7f0bd1ea0000-7f0bd1ea1000 r--p 0000a000 08:02 10356728                   /usr/lib/x86_64-linux-gnu/libffi.so.8.1.0
7f0bd1ea1000-7f0bd1ea2000 rw-p 0000b000 08:02 10356728                   /usr/lib/x86_64-linux-gnu/libffi.so.8.1.0
7f0bd1ea2000-7f0bd1ea3000 r--p 00000000 08:02 10355681                   /usr/lib/x86_64-linux-gnu/libbrotlicommon.so.1.0.9
7f0bd1ea3000-7f0bd1ea4000 r-xp 00001000 08:02 10355681                   /usr/lib/x86_64-linux-gnu/libbrotlicommon.so.1.0.9
7f0bd1ea4000-7f0bd1ec3000 r--p 00002000 08:02 10355681                   /usr/lib/x86_64-linux-gnu/libbrotlicommon.so.1.0.9
7f0bd1ec3000-7f0bd1ec4000 r--p 00020000 08:02 10355681                   /usr/lib/x86_64-linux-gnu/libbrotlicommon.so.1.0.9
7f0bd1ec4000-7f0bd1ec5000 rw-p 00021000 08:02 10355681                   /usr/lib/x86_64-linux-gnu/libbrotlicommon.so.1.0.9
7f0bd1ec5000-7f0bd1eee000 r--p 00000000 08:02 10356002                   /usr/lib/x86_64-linux-gnu/libp11-kit.so.0.3.0
7f0bd1eee000-7f0bd1f92000 r-xp 00029000 08:02 10356002                   /usr/lib/x86_64-linux-gnu/libp11-kit.so.0.3.0
7f0bd1f92000-7f0bd1fec000 r--p 000cd000 08:02 10356002                   /usr/lib/x86_64-linux-gnu/libp11-kit.so.0.3.0
7f0bd1fec000-7f0bd1ff6000 r--p 00126000 08:02 10356002                   /usr/lib/x86_64-linux-gnu/libp11-kit.so.0.3.0
7f0bd1ff6000-7f0bd2000000 rw-p 00130000 08:02 10356002                   /usr/lib/x86_64-linux-gnu/libp11-kit.so.0.3.0
7f0bd2000000-7f0bd20b2000 r--p 00000000 08:02 10357909                   /usr/lib/x86_64-linux-gnu/libcrypto.so.3
7f0bd20b2000-7f0bd2310000 r-xp 000b2000 08:02 10357909                   /usr/lib/x86_64-linux-gnu/libcrypto.so.3
7f0bd2310000-7f0bd23e2000 r--p 00310000 08:02 10357909                   /usr/lib/x86_64-linux-gnu/libcrypto.so.3
7f0bd23e2000-7f0bd243d000 r--p 003e1000 08:02 10357909                   /usr/lib/x86_64-linux-gnu/libcrypto.so.3
7f0bd243d000-7f0bd2440000 rw-p 0043c000 08:02 10357909                   /usr/lib/x86_64-linux-gnu/libcrypto.so.3
7f0bd2440000-7f0bd2443000 rw-p 00000000 00:00 0 
7f0bd2449000-7f0bd244c000 r--p 00000000 08:02 10356794                   /usr/lib/x86_64-linux-gnu/libsasl2.so.2.0.25
7f0bd244c000-7f0bd245d000 r-xp 00003000 08:02 10356794                   /usr/lib/x86_64-linux-gnu/libsasl2.so.2.0.25
7f0bd245d000-7f0bd2462000 r--p 00014000 08:02 10356794                   /usr/lib/x86_64-linux-gnu/libsasl2.so.2.0.25
7f0bd2462000-7f0bd2463000 r--p 00018000 08:02 10356794                   /usr/lib/x86_64-linux-gnu/libsasl2.so.2.0.25
7f0bd2463000-7f0bd2464000 rw-p 00019000 08:02 10356794                   /usr/lib/x86_64-linux-gnu/libsasl2.so.2.0.25
7f0bd2464000-7f0bd2467000 r--p 00000000 08:02 10355637                   /usr/lib/x86_64-linux-gnu/libkrb5support.so.0.1
7f0bd2467000-7f0bd246d000 r-xp 00003000 08:02 10355637                   /usr/lib/x86_64-linux-gnu/libkrb5support.so.0.1
7f0bd246d000-7f0bd246f000 r--p 00009000 08:02 10355637                   /usr/lib/x86_64-linux-gnu/libkrb5support.so.0.1
7f0bd246f000-7f0bd2470000 ---p 0000b000 08:02 10355637                   /usr/lib/x86_64-linux-gnu/libkrb5support.so.0.1
7f0bd2470000-7f0bd2471000 r--p 0000b000 08:02 10355637                   /usr/lib/x86_64-linux-gnu/libkrb5support.so.0.1
7f0bd2471000-7f0bd2472000 rw-p 0000c000 08:02 10355637                   /usr/lib/x86_64-linux-gnu/libkrb5support.so.0.1
7f0bd2472000-7f0bd2476000 r--p 00000000 08:02 10357711                   /usr/lib/x86_64-linux-gnu/libk5crypto.so.3.1
7f0bd2476000-7f0bd2491000 r-xp 00004000 08:02 10357711                   /usr/lib/x86_64-linux-gnu/libk5crypto.so.3.1
7f0bd2491000-7f0bd249d000 r--p 0001f000 08:02 10357711                   /usr/lib/x86_64-linux-gnu/libk5crypto.so.3.1
7f0bd249d000-7f0bd249e000 ---p 0002b000 08:02 10357711                   /usr/lib/x86_64-linux-gnu/libk5crypto.so.3.1
7f0bd249e000-7f0bd249f000 r--p 0002b000 08:02 10357711                   /usr/lib/x86_64-linux-gnu/libk5crypto.so.3.1
7f0bd249f000-7f0bd24a0000 rw-p 0002c000 08:02 10357711                   /usr/lib/x86_64-linux-gnu/libk5crypto.so.3.1
7f0bd24a0000-7f0bd24a1000 rw-p 00000000 00:00 0 
7f0bd24a1000-7f0bd24c2000 r--p 00000000 08:02 10356892                   /usr/lib/x86_64-linux-gnu/libkrb5.so.3.3
7f0bd24c2000-7f0bd251f000 r-xp 00021000 08:02 10356892                   /usr/lib/x86_64-linux-gnu/libkrb5.so.3.3
7f0bd251f000-7f0bd255c000 r--p 0007e000 08:02 10356892                   /usr/lib/x86_64-linux-gnu/libkrb5.so.3.3
7f0bd255c000-7f0bd255d000 ---p 000bb000 08:02 10356892                   /usr/lib/x86_64-linux-gnu/libkrb5.so.3.3
7f0bd255d000-7f0bd256a000 r--p 000bb000 08:02 10356892                   /usr/lib/x86_64-linux-gnu/libkrb5.so.3.3
7f0bd256a000-7f0bd256c000 rw-p 000c8000 08:02 10356892                   /usr/lib/x86_64-linux-gnu/libkrb5.so.3.3
7f0bd256c000-7f0bd2576000 r--p 00000000 08:02 10357741                   /usr/lib/x86_64-linux-gnu/libgmp.so.10.4.1
7f0bd2576000-7f0bd25d5000 r-xp 0000a000 08:02 10357741                   /usr/lib/x86_64-linux-gnu/libgmp.so.10.4.1
7f0bd25d5000-7f0bd25ec000 r--p 00069000 08:02 10357741                   /usr/lib/x86_64-linux-gnu/libgmp.so.10.4.1
7f0bd25ec000-7f0bd25ed000 r--p 0007f000 08:02 10357741                   /usr/lib/x86_64-linux-gnu/libgmp.so.10.4.1
7f0bd25ed000-7f0bd25ee000 rw-p 00080000 08:02 10357741                   /usr/lib/x86_64-linux-gnu/libgmp.so.10.4.1
7f0bd25ee000-7f0bd25f6000 r--p 00000000 08:02 10360657                   /usr/lib/x86_64-linux-gnu/libhogweed.so.6.4
7f0bd25f6000-7f0bd2609000 r-xp 00008000 08:02 10360657                   /usr/lib/x86_64-linux-gnu/libhogweed.so.6.4
7f0bd2609000-7f0bd2633000 r--p 0001b000 08:02 10360657                   /usr/lib/x86_64-linux-gnu/libhogweed.so.6.4
7f0bd2633000-7f0bd2634000 ---p 00045000 08:02 10360657                   /usr/lib/x86_64-linux-gnu/libhogweed.so.6.4
7f0bd2634000-7f0bd2635000 r--p 00045000 08:02 10360657                   /usr/lib/x86_64-linux-gnu/libhogweed.so.6.4
7f0bd2635000-7f0bd2636000 rw-p 00046000 08:02 10360657                   /usr/lib/x86_64-linux-gnu/libhogweed.so.6.4
7f0bd2636000-7f0bd2647000 r--p 00000000 08:02 10360661                   /usr/lib/x86_64-linux-gnu/libunistring.so.2.2.0
7f0bd2647000-7f0bd267d000 r-xp 00011000 08:02 10360661                   /usr/lib/x86_64-linux-gnu/libunistring.so.2.2.0
7f0bd267d000-7f0bd27db000 r--p 00047000 08:02 10360661                   /usr/lib/x86_64-linux-gnu/libunistring.so.2.2.0
7f0bd27db000-7f0bd27df000 r--p 001a5000 08:02 10360661                   /usr/lib/x86_64-linux-gnu/libunistring.so.2.2.0
7f0bd27df000-7f0bd27e0000 rw-p 001a9000 08:02 10360661                   /usr/lib/x86_64-linux-gnu/libunistring.so.2.2.0
7f0bd27e0000-7f0bd27ee000 r--p 00000000 08:02 10362052                   /usr/lib/x86_64-linux-gnu/libldap-2.5.so.0.1.9
7f0bd27ee000-7f0bd2828000 r-xp 0000e000 08:02 10362052                   /usr/lib/x86_64-linux-gnu/libldap-2.5.so.0.1.9
7f0bd2828000-7f0bd2839000 r--p 00048000 08:02 10362052                   /usr/lib/x86_64-linux-gnu/libldap-2.5.so.0.1.9
7f0bd2839000-7f0bd283a000 ---p 00059000 08:02 10362052                   /usr/lib/x86_64-linux-gnu/libldap-2.5.so.0.1.9
7f0bd283a000-7f0bd283c000 r--p 00059000 08:02 10362052                   /usr/lib/x86_64-linux-gnu/libldap-2.5.so.0.1.9
7f0bd283c000-7f0bd283d000 rw-p 0005b000 08:02 10362052                   /usr/lib/x86_64-linux-gnu/libldap-2.5.so.0.1.9
7f0bd283d000-7f0bd283f000 rw-p 00000000 00:00 0 
7f0bd283f000-7f0bd284a000 r--p 00000000 08:02 10357451                   /usr/lib/x86_64-linux-gnu/libgssapi_krb5.so.2.2
7f0bd284a000-7f0bd2882000 r-xp 0000b000 08:02 10357451                   /usr/lib/x86_64-linux-gnu/libgssapi_krb5.so.2.2
7f0bd2882000-7f0bd288e000 r--p 00043000 08:02 10357451                   /usr/lib/x86_64-linux-gnu/libgssapi_krb5.so.2.2
7f0bd288e000-7f0bd288f000 ---p 0004f000 08:02 10357451                   /usr/lib/x86_64-linux-gnu/libgssapi_krb5.so.2.2
7f0bd288f000-7f0bd2891000 r--p 0004f000 08:02 10357451                   /usr/lib/x86_64-linux-gnu/libgssapi_krb5.so.2.2
7f0bd2891000-7f0bd2893000 rw-p 00051000 08:02 10357451                   /usr/lib/x86_64-linux-gnu/libgssapi_krb5.so.2.2
7f0bd2893000-7f0bd28c4000 r--p 00000000 08:02 10357230                   /usr/lib/x86_64-linux-gnu/libgnutls.so.30.31.0
7f0bd28c4000-7f0bd29ed000 r-xp 00031000 08:02 10357230                   /usr/lib/x86_64-linux-gnu/libgnutls.so.30.31.0
7f0bd29ed000-7f0bd2a6a000 r--p 0015a000 08:02 10357230                   /usr/lib/x86_64-linux-gnu/libgnutls.so.30.31.0
7f0bd2a6a000-7f0bd2a7a000 r--p 001d6000 08:02 10357230                   /usr/lib/x86_64-linux-gnu/libgnutls.so.30.31.0
7f0bd2a7a000-7f0bd2a7c000 rw-p 001e6000 08:02 10357230                   /usr/lib/x86_64-linux-gnu/libgnutls.so.30.31.0
7f0bd2a7c000-7f0bd2a7e000 rw-p 00000000 00:00 0 
7f0bd2a7e000-7f0bd2a88000 r--p 00000000 08:02 10355057                   /usr/lib/x86_64-linux-gnu/libnettle.so.8.4
7f0bd2a88000-7f0bd2aab000 r-xp 0000a000 08:02 10355057                   /usr/lib/x86_64-linux-gnu/libnettle.so.8.4
7f0bd2aab000-7f0bd2ac1000 r--p 0002d000 08:02 10355057                   /usr/lib/x86_64-linux-gnu/libnettle.so.8.4
7f0bd2ac1000-7f0bd2ac3000 r--p 00042000 08:02 10355057                   /usr/lib/x86_64-linux-gnu/libnettle.so.8.4
7f0bd2ac3000-7f0bd2ac4000 rw-p 00044000 08:02 10355057                   /usr/lib/x86_64-linux-gnu/libnettle.so.8.4
7f0bd2ac4000-7f0bd2ad1000 r--p 00000000 08:02 10355513                   /usr/lib/x86_64-linux-gnu/libssh.so.4.8.7
7f0bd2ad1000-7f0bd2b14000 r-xp 0000d000 08:02 10355513                   /usr/lib/x86_64-linux-gnu/libssh.so.4.8.7
7f0bd2b14000-7f0bd2b2c000 r--p 00050000 08:02 10355513                   /usr/lib/x86_64-linux-gnu/libssh.so.4.8.7
7f0bd2b2c000-7f0bd2b2d000 ---p 00068000 08:02 10355513                   /usr/lib/x86_64-linux-gnu/libssh.so.4.8.7
7f0bd2b2d000-7f0bd2b2f000 r--p 00068000 08:02 10355513                   /usr/lib/x86_64-linux-gnu/libssh.so.4.8.7
7f0bd2b2f000-7f0bd2b31000 rw-p 0006a000 08:02 10355513                   /usr/lib/x86_64-linux-gnu/libssh.so.4.8.7
7f0bd2b31000-7f0bd2b3b000 r--p 00000000 08:02 10354868                   /usr/lib/x86_64-linux-gnu/libzstd.so.1.4.8
7f0bd2b3b000-7f0bd2bed000 r-xp 0000a000 08:02 10354868                   /usr/lib/x86_64-linux-gnu/libzstd.so.1.4.8
7f0bd2bed000-7f0bd2bfe000 r--p 000bc000 08:02 10354868                   /usr/lib/x86_64-linux-gnu/libzstd.so.1.4.8
7f0bd2bfe000-7f0bd2bff000 r--p 000cc000 08:02 10354868                   /usr/lib/x86_64-linux-gnu/libzstd.so.1.4.8
7f0bd2bff000-7f0bd2c00000 rw-p 000cd000 08:02 10354868                   /usr/lib/x86_64-linux-gnu/libzstd.so.1.4.8
7f0bd2c00000-7f0bd2c78000 r--p 00000000 08:02 10366481                   /usr/lib/x86_64-linux-gnu/libgeos.so.3.10.2
7f0bd2c78000-7f0bd2da6000 r-xp 00078000 08:02 10366481                   /usr/lib/x86_64-linux-gnu/libgeos.so.3.10.2
7f0bd2da6000-7f0bd2e03000 r--p 001a6000 08:02 10366481                   /usr/lib/x86_64-linux-gnu/libgeos.so.3.10.2
7f0bd2e03000-7f0bd2e0a000 r--p 00202000 08:02 10366481                   /usr/lib/x86_64-linux-gnu/libgeos.so.3.10.2
7f0bd2e0a000-7f0bd2e0b000 rw-p 00209000 08:02 10366481                   /usr/lib/x86_64-linux-gnu/libgeos.so.3.10.2
7f0bd2e12000-7f0bd2e15000 r--p 00000000 08:02 10361751                   /usr/lib/x86_64-linux-gnu/libtasn1.so.6.6.2
7f0bd2e15000-7f0bd2e23000 r-xp 00003000 08:02 10361751                   /usr/lib/x86_64-linux-gnu/libtasn1.so.6.6.2
7f0bd2e23000-7f0bd2e27000 r--p 00011000 08:02 10361751                   /usr/lib/x86_64-linux-gnu/libtasn1.so.6.6.2
7f0bd2e27000-7f0bd2e28000 ---p 00015000 08:02 10361751                   /usr/lib/x86_64-linux-gnu/libtasn1.so.6.6.2
7f0bd2e28000-7f0bd2e29000 r--p 00015000 08:02 10361751                   /usr/lib/x86_64-linux-gnu/libtasn1.so.6.6.2
7f0bd2e29000-7f0bd2e2a000 rw-p 00016000 08:02 10361751                   /usr/lib/x86_64-linux-gnu/libtasn1.so.6.6.2
7f0bd2e2a000-7f0bd2e2b000 r--p 00000000 08:02 10355683                   /usr/lib/x86_64-linux-gnu/libbrotlidec.so.1.0.9
7f0bd2e2b000-7f0bd2e33000 r-xp 00001000 08:02 10355683                   /usr/lib/x86_64-linux-gnu/libbrotlidec.so.1.0.9
7f0bd2e33000-7f0bd2e36000 r--p 00009000 08:02 10355683                   /usr/lib/x86_64-linux-gnu/libbrotlidec.so.1.0.9
7f0bd2e36000-7f0bd2e37000 r--p 0000b000 08:02 10355683                   /usr/lib/x86_64-linux-gnu/libbrotlidec.so.1.0.9
7f0bd2e37000-7f0bd2e38000 rw-p 0000c000 08:02 10355683                   /usr/lib/x86_64-linux-gnu/libbrotlidec.so.1.0.9
7f0bd2e38000-7f0bd2e3b000 r--p 00000000 08:02 10355303                   /usr/lib/x86_64-linux-gnu/liblber-2.5.so.0.1.9
7f0bd2e3b000-7f0bd2e43000 r-xp 00003000 08:02 10355303                   /usr/lib/x86_64-linux-gnu/liblber-2.5.so.0.1.9
7f0bd2e43000-7f0bd2e46000 r--p 0000b000 08:02 10355303                   /usr/lib/x86_64-linux-gnu/liblber-2.5.so.0.1.9
7f0bd2e46000-7f0bd2e47000 ---p 0000e000 08:02 10355303                   /usr/lib/x86_64-linux-gnu/liblber-2.5.so.0.1.9
7f0bd2e47000-7f0bd2e48000 r--p 0000e000 08:02 10355303                   /usr/lib/x86_64-linux-gnu/liblber-2.5.so.0.1.9
7f0bd2e48000-7f0bd2e49000 rw-p 0000f000 08:02 10355303                   /usr/lib/x86_64-linux-gnu/liblber-2.5.so.0.1.9
7f0bd2e49000-7f0bd2e4e000 r--p 00000000 08:02 10355338                   /usr/lib/x86_64-linux-gnu/librtmp.so.1
7f0bd2e4e000-7f0bd2e5e000 r-xp 00005000 08:02 10355338                   /usr/lib/x86_64-linux-gnu/librtmp.so.1
7f0bd2e5e000-7f0bd2e65000 r--p 00015000 08:02 10355338                   /usr/lib/x86_64-linux-gnu/librtmp.so.1
7f0bd2e65000-7f0bd2e66000 ---p 0001c000 08:02 10355338                   /usr/lib/x86_64-linux-gnu/librtmp.so.1
7f0bd2e66000-7f0bd2e67000 r--p 0001c000 08:02 10355338                   /usr/lib/x86_64-linux-gnu/librtmp.so.1
7f0bd2e67000-7f0bd2e68000 rw-p 0001d000 08:02 10355338                   /usr/lib/x86_64-linux-gnu/librtmp.so.1
7f0bd2e68000-7f0bd2e6a000 r--p 00000000 08:02 10361325                   /usr/lib/x86_64-linux-gnu/libidn2.so.0.3.7
7f0bd2e6a000-7f0bd2e6e000 r-xp 00002000 08:02 10361325                   /usr/lib/x86_64-linux-gnu/libidn2.so.0.3.7
7f0bd2e6e000-7f0bd2e87000 r--p 00006000 08:02 10361325                   /usr/lib/x86_64-linux-gnu/libidn2.so.0.3.7
7f0bd2e87000-7f0bd2e88000 r--p 0001e000 08:02 10361325                   /usr/lib/x86_64-linux-gnu/libidn2.so.0.3.7
7f0bd2e88000-7f0bd2e89000 rw-p 0001f000 08:02 10361325                   /usr/lib/x86_64-linux-gnu/libidn2.so.0.3.7
7f0bd2e89000-7f0bd2e8e000 r--p 00000000 08:02 10354889                   /usr/lib/x86_64-linux-gnu/libnghttp2.so.14.20.1
7f0bd2e8e000-7f0bd2ea3000 r-xp 00005000 08:02 10354889                   /usr/lib/x86_64-linux-gnu/libnghttp2.so.14.20.1
7f0bd2ea3000-7f0bd2eaf000 r--p 0001a000 08:02 10354889                   /usr/lib/x86_64-linux-gnu/libnghttp2.so.14.20.1
7f0bd2eaf000-7f0bd2eb2000 r--p 00025000 08:02 10354889                   /usr/lib/x86_64-linux-gnu/libnghttp2.so.14.20.1
7f0bd2eb2000-7f0bd2eb3000 rw-p 00028000 08:02 10354889                   /usr/lib/x86_64-linux-gnu/libnghttp2.so.14.20.1
7f0bd2eb3000-7f0bd2ed1000 r--p 00000000 08:02 10355997                   /usr/lib/x86_64-linux-gnu/libsqlite3.so.0.8.6
7f0bd2ed1000-7f0bd2fbd000 r-xp 0001e000 08:02 10355997                   /usr/lib/x86_64-linux-gnu/libsqlite3.so.0.8.6
7f0bd2fbd000-7f0bd2ff8000 r--p 0010a000 08:02 10355997                   /usr/lib/x86_64-linux-gnu/libsqlite3.so.0.8.6
7f0bd2ff8000-7f0bd2ffc000 r--p 00144000 08:02 10355997                   /usr/lib/x86_64-linux-gnu/libsqlite3.so.0.8.6
7f0bd2ffc000-7f0bd3000000 rw-p 00148000 08:02 10355997                   /usr/lib/x86_64-linux-gnu/libsqlite3.so.0.8.6
7f0bd3000000-7f0bd305b000 r--p 00000000 08:02 10360429                   /usr/lib/x86_64-linux-gnu/libgsl.so.27.0.0
7f0bd305b000-7f0bd3232000 r-xp 0005b000 08:02 10360429                   /usr/lib/x86_64-linux-gnu/libgsl.so.27.0.0
7f0bd3232000-7f0bd32ab000 r--p 00232000 08:02 10360429                   /usr/lib/x86_64-linux-gnu/libgsl.so.27.0.0
7f0bd32ab000-7f0bd32ac000 ---p 002ab000 08:02 10360429                   /usr/lib/x86_64-linux-gnu/libgsl.so.27.0.0
7f0bd32ac000-7f0bd32b0000 r--p 002ab000 08:02 10360429                   /usr/lib/x86_64-linux-gnu/libgsl.so.27.0.0
7f0bd32b0000-7f0bd32be000 rw-p 002af000 08:02 10360429                   /usr/lib/x86_64-linux-gnu/libgsl.so.27.0.0
7f0bd32be000-7f0bd32bf000 rw-p 00000000 00:00 0 
7f0bd32c9000-7f0bd32cb000 r--p 00000000 08:02 10361503                   /usr/lib/x86_64-linux-gnu/libpsl.so.5.3.2
7f0bd32cb000-7f0bd32cd000 r-xp 00002000 08:02 10361503                   /usr/lib/x86_64-linux-gnu/libpsl.so.5.3.2
7f0bd32cd000-7f0bd32db000 r--p 00004000 08:02 10361503                   /usr/lib/x86_64-linux-gnu/libpsl.so.5.3.2
7f0bd32db000-7f0bd32dc000 r--p 00011000 08:02 10361503                   /usr/lib/x86_64-linux-gnu/libpsl.so.5.3.2
7f0bd32dc000-7f0bd32dd000 rw-p 00012000 08:02 10361503                   /usr/lib/x86_64-linux-gnu/libpsl.so.5.3.2
7f0bd32dd000-7f0bd32e1000 r--p 00000000 08:02 10355582                   /usr/lib/x86_64-linux-gnu/libjpeg.so.8.2.2
7f0bd32e1000-7f0bd332a000 r-xp 00004000 08:02 10355582                   /usr/lib/x86_64-linux-gnu/libjpeg.so.8.2.2
7f0bd332a000-7f0bd335c000 r--p 0004d000 08:02 10355582                   /usr/lib/x86_64-linux-gnu/libjpeg.so.8.2.2
7f0bd335c000-7f0bd335d000 r--p 0007e000 08:02 10355582                   /usr/lib/x86_64-linux-gnu/libjpeg.so.8.2.2
7f0bd335d000-7f0bd335e000 rw-p 0007f000 08:02 10355582                   /usr/lib/x86_64-linux-gnu/libjpeg.so.8.2.2
7f0bd335e000-7f0bd336c000 r--p 00000000 08:02 10355046                   /usr/lib/x86_64-linux-gnu/libcurl-gnutls.so.4.7.0
7f0bd336c000-7f0bd33de000 r-xp 0000e000 08:02 10355046                   /usr/lib/x86_64-linux-gnu/libcurl-gnutls.so.4.7.0
7f0bd33de000-7f0bd33f9000 r--p 00080000 08:02 10355046                   /usr/lib/x86_64-linux-gnu/libcurl-gnutls.so.4.7.0
7f0bd33f9000-7f0bd33fd000 r--p 0009a000 08:02 10355046                   /usr/lib/x86_64-linux-gnu/libcurl-gnutls.so.4.7.0
7f0bd33fd000-7f0bd33ff000 rw-p 0009e000 08:02 10355046                   /usr/lib/x86_64-linux-gnu/libcurl-gnutls.so.4.7.0
7f0bd33ff000-7f0bd3400000 rw-p 00000000 00:00 0 
7f0bd3400000-7f0bd3468000 r--p 00000000 08:02 10358220                   /usr/lib/x86_64-linux-gnu/libproj.so.22.2.1
7f0bd3468000-7f0bd36b7000 r-xp 00068000 08:02 10358220                   /usr/lib/x86_64-linux-gnu/libproj.so.22.2.1
7f0bd36b7000-7f0bd374c000 r--p 002b7000 08:02 10358220                   /usr/lib/x86_64-linux-gnu/libproj.so.22.2.1
7f0bd374c000-7f0bd374d000 ---p 0034c000 08:02 10358220                   /usr/lib/x86_64-linux-gnu/libproj.so.22.2.1
7f0bd374d000-7f0bd3764000 r--p 0034c000 08:02 10358220                   /usr/lib/x86_64-linux-gnu/libproj.so.22.2.1
7f0bd3764000-7f0bd3766000 rw-p 00363000 08:02 10358220                   /usr/lib/x86_64-linux-gnu/libproj.so.22.2.1
7f0bd3766000-7f0bd3769000 rw-p 00000000 00:00 0 
7f0bd3769000-7f0bd376c000 r--p 00000000 08:02 10359160                   /usr/lib/x86_64-linux-gnu/liblzma.so.5.2.5
7f0bd376c000-7f0bd3787000 r-xp 00003000 08:02 10359160                   /usr/lib/x86_64-linux-gnu/liblzma.so.5.2.5
7f0bd3787000-7f0bd3792000 r--p 0001e000 08:02 10359160                   /usr/lib/x86_64-linux-gnu/liblzma.so.5.2.5
7f0bd3792000-7f0bd3793000 r--p 00028000 08:02 10359160                   /usr/lib/x86_64-linux-gnu/liblzma.so.5.2.5
7f0bd3793000-7f0bd3794000 rw-p 00029000 08:02 10359160                   /usr/lib/x86_64-linux-gnu/liblzma.so.5.2.5
7f0bd3794000-7f0bd3796000 r--p 00000000 08:02 10358223                   /usr/lib/x86_64-linux-gnu/libwebp.so.7.1.3
7f0bd3796000-7f0bd37eb000 r-xp 00002000 08:02 10358223                   /usr/lib/x86_64-linux-gnu/libwebp.so.7.1.3
7f0bd37eb000-7f0bd37fc000 r--p 00057000 08:02 10358223                   /usr/lib/x86_64-linux-gnu/libwebp.so.7.1.3
7f0bd37fc000-7f0bd37fd000 r--p 00067000 08:02 10358223                   /usr/lib/x86_64-linux-gnu/libwebp.so.7.1.3
7f0bd37fd000-7f0bd37fe000 rw-p 00068000 08:02 10358223                   /usr/lib/x86_64-linux-gnu/libwebp.so.7.1.3
7f0bd37fe000-7f0bd3800000 rw-p 00000000 00:00 0 
7f0bd3800000-7f0bd3812000 r-xp 00000000 08:02 1705150                    /tmp/jffi6227848819052106801.so (deleted)
7f0bd3812000-7f0bd3a11000 ---p 00012000 08:02 1705150                    /tmp/jffi6227848819052106801.so (deleted)
7f0bd3a11000-7f0bd3a12000 rw-p 00011000 08:02 1705150                    /tmp/jffi6227848819052106801.so (deleted)
7f0bd3a16000-7f0bd3a17000 r--p 00000000 08:02 10355584                   /usr/lib/x86_64-linux-gnu/libdeflate.so.0
7f0bd3a17000-7f0bd3a33000 r-xp 00001000 08:02 10355584                   /usr/lib/x86_64-linux-gnu/libdeflate.so.0
7f0bd3a33000-7f0bd3a37000 r--p 0001d000 08:02 10355584                   /usr/lib/x86_64-linux-gnu/libdeflate.so.0
7f0bd3a37000-7f0bd3a38000 ---p 00021000 08:02 10355584                   /usr/lib/x86_64-linux-gnu/libdeflate.so.0
7f0bd3a38000-7f0bd3a39000 r--p 00021000 08:02 10355584                   /usr/lib/x86_64-linux-gnu/libdeflate.so.0
7f0bd3a39000-7f0bd3a3a000 rw-p 00022000 08:02 10355584                   /usr/lib/x86_64-linux-gnu/libdeflate.so.0
7f0bd3a3a000-7f0bd3a3d000 r--p 00000000 08:02 10360435                   /usr/lib/x86_64-linux-gnu/libgslcblas.so.0.0.0
7f0bd3a3d000-7f0bd3a76000 r-xp 00003000 08:02 10360435                   /usr/lib/x86_64-linux-gnu/libgslcblas.so.0.0.0
7f0bd3a76000-7f0bd3a7a000 r--p 0003c000 08:02 10360435                   /usr/lib/x86_64-linux-gnu/libgslcblas.so.0.0.0
7f0bd3a7a000-7f0bd3a7b000 r--p 0003f000 08:02 10360435                   /usr/lib/x86_64-linux-gnu/libgslcblas.so.0.0.0
7f0bd3a7b000-7f0bd3a7c000 rw-p 00040000 08:02 10360435                   /usr/lib/x86_64-linux-gnu/libgslcblas.so.0.0.0
7f0bd3a7c000-7f0bd3ab2000 r--p 00000000 08:02 11142841                   /usr/local/lib/libmeos.so
7f0bd3ab2000-7f0bd3ba6000 r-xp 00036000 08:02 11142841                   /usr/local/lib/libmeos.so
7f0bd3ba6000-7f0bd3bf1000 r--p 0012a000 08:02 11142841                   /usr/local/lib/libmeos.so
7f0bd3bf1000-7f0bd3bf2000 ---p 00175000 08:02 11142841                   /usr/local/lib/libmeos.so
7f0bd3bf2000-7f0bd3bf3000 r--p 00175000 08:02 11142841                   /usr/local/lib/libmeos.so
7f0bd3bf3000-7f0bd3bf8000 rw-p 00176000 08:02 11142841                   /usr/local/lib/libmeos.so
7f0bd3bf8000-7f0bd3bfe000 rw-p 00000000 00:00 0 
7f0bd3bfe000-7f0bd3bff000 ---p 00000000 00:00 0 
7f0bd3bff000-7f0bd3d00000 rw-p 00000000 00:00 0 
7f0bd3d00000-7f0bd3d04000 ---p 00000000 00:00 0 
7f0bd3d04000-7f0bd3e00000 rw-p 00000000 00:00 0 
7f0bd3e00000-7f0bd3e04000 ---p 00000000 00:00 0 
7f0bd3e04000-7f0bd3f00000 rw-p 00000000 00:00 0 
7f0bd3f00000-7f0bd3f04000 ---p 00000000 00:00 0 
7f0bd3f04000-7f0bd4000000 rw-p 00000000 00:00 0 
7f0bd4000000-7f0bd4277000 rw-p 00000000 00:00 0 
7f0bd4277000-7f0bd8000000 ---p 00000000 00:00 0 
7f0bd8000000-7f0bd8362000 rw-p 00000000 00:00 0 
7f0bd8362000-7f0bdc000000 ---p 00000000 00:00 0 
7f0bdc000000-7f0bdc021000 rw-p 00000000 00:00 0 
7f0bdc021000-7f0be0000000 ---p 00000000 00:00 0 
7f0be0000000-7f0be0021000 rw-p 00000000 00:00 0 
7f0be0021000-7f0be4000000 ---p 00000000 00:00 0 
7f0be4000000-7f0be4021000 rw-p 00000000 00:00 0 
7f0be4021000-7f0be8000000 ---p 00000000 00:00 0 
7f0be8000000-7f0be8021000 rw-p 00000000 00:00 0 
7f0be8021000-7f0bec000000 ---p 00000000 00:00 0 
7f0bec000000-7f0bec021000 rw-p 00000000 00:00 0 
7f0bec021000-7f0bf0000000 ---p 00000000 00:00 0 
7f0bf0000000-7f0bf0021000 rw-p 00000000 00:00 0 
7f0bf0021000-7f0bf4000000 ---p 00000000 00:00 0 
7f0bf4000000-7f0bf4290000 rw-p 00000000 00:00 0 
7f0bf4290000-7f0bf4400000 ---p 00000000 00:00 0 
7f0bf4400000-7f0bf4620000 rw-p 00000000 00:00 0 
7f0bf4620000-7f0bf8000000 ---p 00000000 00:00 0 
7f0bf8000000-7f0bf8021000 rw-p 00000000 00:00 0 
7f0bf8021000-7f0bfc000000 ---p 00000000 00:00 0 
7f0bfc000000-7f0bfc021000 rw-p 00000000 00:00 0 
7f0bfc021000-7f0c00000000 ---p 00000000 00:00 0 
7f0c00000000-7f0c00021000 rw-p 00000000 00:00 0 
7f0c00021000-7f0c04000000 ---p 00000000 00:00 0 
7f0c04000000-7f0c04021000 rw-p 00000000 00:00 0 
7f0c04021000-7f0c08000000 ---p 00000000 00:00 0 
7f0c08000000-7f0c08021000 rw-p 00000000 00:00 0 
7f0c08021000-7f0c0c000000 ---p 00000000 00:00 0 
7f0c0c000000-7f0c0c004000 ---p 00000000 00:00 0 
7f0c0c004000-7f0c0c100000 rw-p 00000000 00:00 0 
7f0c0c100000-7f0c0c104000 ---p 00000000 00:00 0 
7f0c0c104000-7f0c0c200000 rw-p 00000000 00:00 0 
7f0c0c200000-7f0c0c204000 ---p 00000000 00:00 0 
7f0c0c204000-7f0c0c300000 rw-p 00000000 00:00 0 
7f0c0c300000-7f0c0c304000 ---p 00000000 00:00 0 
7f0c0c304000-7f0c0c400000 rw-p 00000000 00:00 0 
7f0c0c400000-7f0c0c404000 ---p 00000000 00:00 0 
7f0c0c404000-7f0c0c500000 rw-p 00000000 00:00 0 
7f0c0c500000-7f0c0c504000 ---p 00000000 00:00 0 
7f0c0c504000-7f0c0c600000 rw-p 00000000 00:00 0 
7f0c0c600000-7f0c0cdf0000 r--p 00000000 08:02 10356383                   /usr/lib/locale/locale-archive
7f0c0cdfa000-7f0c0ce02000 r--p 00000000 08:02 10358811                   /usr/lib/x86_64-linux-gnu/libtiff.so.5.7.0
7f0c0ce02000-7f0c0ce4a000 r-xp 00008000 08:02 10358811                   /usr/lib/x86_64-linux-gnu/libtiff.so.5.7.0
7f0c0ce4a000-7f0c0ce7a000 r--p 00050000 08:02 10358811                   /usr/lib/x86_64-linux-gnu/libtiff.so.5.7.0
7f0c0ce7a000-7f0c0ce7f000 r--p 0007f000 08:02 10358811                   /usr/lib/x86_64-linux-gnu/libtiff.so.5.7.0
7f0c0ce7f000-7f0c0ce80000 rw-p 00084000 08:02 10358811                   /usr/lib/x86_64-linux-gnu/libtiff.so.5.7.0
7f0c0ce80000-7f0c0ce84000 ---p 00000000 00:00 0 
7f0c0ce84000-7f0c0cf80000 rw-p 00000000 00:00 0 
7f0c0cf80000-7f0c0cf84000 ---p 00000000 00:00 0 
7f0c0cf84000-7f0c0d080000 rw-p 00000000 00:00 0 
7f0c0d080000-7f0c0d081000 ---p 00000000 00:00 0 
7f0c0d081000-7f0c0d182000 rw-p 00000000 00:00 0 
7f0c0d182000-7f0c0d187000 r--p 00000000 08:02 10491564                   /usr/lib/jvm/java-17-openjdk-amd64/lib/libjsvml.so
7f0c0d187000-7f0c0d1c8000 r-xp 00005000 08:02 10491564                   /usr/lib/jvm/java-17-openjdk-amd64/lib/libjsvml.so
7f0c0d1c8000-7f0c0d251000 r--p 00046000 08:02 10491564                   /usr/lib/jvm/java-17-openjdk-amd64/lib/libjsvml.so
7f0c0d251000-7f0c0d252000 r--p 000ce000 08:02 10491564                   /usr/lib/jvm/java-17-openjdk-amd64/lib/libjsvml.so
7f0c0d252000-7f0c0d253000 rw-p 000cf000 08:02 10491564                   /usr/lib/jvm/java-17-openjdk-amd64/lib/libjsvml.so
7f0c0d253000-7f0c0d254000 ---p 00000000 00:00 0 
7f0c0d254000-7f0c0d355000 rw-p 00000000 00:00 0 
7f0c0d355000-7f0c0d356000 ---p 00000000 00:00 0 
7f0c0d356000-7f0c0f748000 rw-p 00000000 00:00 0 
7f0c0f748000-7f0c113f8000 ---p 00000000 00:00 0 
7f0c113f8000-7f0c11400000 rw-p 00000000 00:00 0 
7f0c11400000-7f0c11670000 rwxp 00000000 00:00 0 
7f0c11670000-7f0c18937000 ---p 00000000 00:00 0 
7f0c18937000-7f0c18ba7000 rwxp 00000000 00:00 0 
7f0c18ba7000-7f0c18ec8000 ---p 00000000 00:00 0 
7f0c18ec8000-7f0c19138000 rwxp 00000000 00:00 0 
7f0c19138000-7f0c20400000 ---p 00000000 00:00 0 
7f0c20400000-7f0c27e43000 r--s 00000000 08:02 10491594                   /usr/lib/jvm/java-17-openjdk-amd64/lib/modules
7f0c27e43000-7f0c27e45000 r--p 00000000 08:02 10357718                   /usr/lib/x86_64-linux-gnu/libkeyutils.so.1.9
7f0c27e45000-7f0c27e47000 r-xp 00002000 08:02 10357718                   /usr/lib/x86_64-linux-gnu/libkeyutils.so.1.9
7f0c27e47000-7f0c27e48000 r--p 00004000 08:02 10357718                   /usr/lib/x86_64-linux-gnu/libkeyutils.so.1.9
7f0c27e48000-7f0c27e49000 r--p 00004000 08:02 10357718                   /usr/lib/x86_64-linux-gnu/libkeyutils.so.1.9
7f0c27e49000-7f0c27e4a000 rw-p 00005000 08:02 10357718                   /usr/lib/x86_64-linux-gnu/libkeyutils.so.1.9
7f0c27e4a000-7f0c27e4c000 r--p 00000000 08:02 10355587                   /usr/lib/x86_64-linux-gnu/libjbig.so.0
7f0c27e4c000-7f0c27e55000 r-xp 00002000 08:02 10355587                   /usr/lib/x86_64-linux-gnu/libjbig.so.0
7f0c27e55000-7f0c27e57000 r--p 0000b000 08:02 10355587                   /usr/lib/x86_64-linux-gnu/libjbig.so.0
7f0c27e57000-7f0c27e58000 r--p 0000c000 08:02 10355587                   /usr/lib/x86_64-linux-gnu/libjbig.so.0
7f0c27e58000-7f0c27e5b000 rw-p 0000d000 08:02 10355587                   /usr/lib/x86_64-linux-gnu/libjbig.so.0
7f0c27e5b000-7f0c27e6a000 r--p 00000000 08:02 10366483                   /usr/lib/x86_64-linux-gnu/libgeos_c.so.1.16.0
7f0c27e6a000-7f0c27e8a000 r-xp 0000f000 08:02 10366483                   /usr/lib/x86_64-linux-gnu/libgeos_c.so.1.16.0
7f0c27e8a000-7f0c27e97000 r--p 0002f000 08:02 10366483                   /usr/lib/x86_64-linux-gnu/libgeos_c.so.1.16.0
7f0c27e97000-7f0c27e98000 ---p 0003c000 08:02 10366483                   /usr/lib/x86_64-linux-gnu/libgeos_c.so.1.16.0
7f0c27e98000-7f0c27e99000 r--p 0003c000 08:02 10366483                   /usr/lib/x86_64-linux-gnu/libgeos_c.so.1.16.0
7f0c27e99000-7f0c27e9a000 rw-p 0003d000 08:02 10366483                   /usr/lib/x86_64-linux-gnu/libgeos_c.so.1.16.0
7f0c27e9a000-7f0c27e9e000 r--p 00000000 08:02 10355662                   /usr/lib/x86_64-linux-gnu/libjson-c.so.5.1.0
7f0c27e9e000-7f0c27ea7000 r-xp 00004000 08:02 10355662                   /usr/lib/x86_64-linux-gnu/libjson-c.so.5.1.0
7f0c27ea7000-7f0c27eaa000 r--p 0000d000 08:02 10355662                   /usr/lib/x86_64-linux-gnu/libjson-c.so.5.1.0
7f0c27eaa000-7f0c27eab000 ---p 00010000 08:02 10355662                   /usr/lib/x86_64-linux-gnu/libjson-c.so.5.1.0
7f0c27eab000-7f0c27eac000 r--p 00010000 08:02 10355662                   /usr/lib/x86_64-linux-gnu/libjson-c.so.5.1.0
7f0c27eac000-7f0c27ead000 rw-p 00011000 08:02 10355662                   /usr/lib/x86_64-linux-gnu/libjson-c.so.5.1.0
7f0c27ec3000-7f0c27ee8000 r--p 00000000 08:02 12591460                   /usr/share/locale-langpack/fr/LC_MESSAGES/libc.mo
7f0c27ee8000-7f0c27eef000 r--s 00000000 08:02 11013395                   /usr/lib/x86_64-linux-gnu/gconv/gconv-modules.cache
7f0c27eef000-7f0c27ef3000 r--p 00000000 08:02 10491590                   /usr/lib/jvm/java-17-openjdk-amd64/lib/libverify.so
7f0c27ef3000-7f0c27efa000 r-xp 00004000 08:02 10491590                   /usr/lib/jvm/java-17-openjdk-amd64/lib/libverify.so
7f0c27efa000-7f0c27efc000 r--p 0000b000 08:02 10491590                   /usr/lib/jvm/java-17-openjdk-amd64/lib/libverify.so
7f0c27efc000-7f0c27efe000 r--p 0000c000 08:02 10491590                   /usr/lib/jvm/java-17-openjdk-amd64/lib/libverify.so
7f0c27efe000-7f0c27eff000 rw-p 0000e000 08:02 10491590                   /usr/lib/jvm/java-17-openjdk-amd64/lib/libverify.so
7f0c27eff000-7f0c28000000 rw-p 00000000 00:00 0 
7f0c28000000-7f0c28571000 rw-p 00000000 00:00 0 
7f0c28571000-7f0c2c000000 ---p 00000000 00:00 0 
7f0c2c000000-7f0c2c002000 r--p 00000000 08:02 10357716                   /usr/lib/x86_64-linux-gnu/libcom_err.so.2.1
7f0c2c002000-7f0c2c003000 r-xp 00002000 08:02 10357716                   /usr/lib/x86_64-linux-gnu/libcom_err.so.2.1
7f0c2c003000-7f0c2c004000 r--p 00003000 08:02 10357716                   /usr/lib/x86_64-linux-gnu/libcom_err.so.2.1
7f0c2c004000-7f0c2c005000 r--p 00003000 08:02 10357716                   /usr/lib/x86_64-linux-gnu/libcom_err.so.2.1
7f0c2c005000-7f0c2c006000 rw-p 00004000 08:02 10357716                   /usr/lib/x86_64-linux-gnu/libcom_err.so.2.1
7f0c2c006000-7f0c2c2e4000 rw-p 00000000 00:00 0 
7f0c2c2e4000-7f0c2c2e5000 ---p 00000000 00:00 0 
7f0c2c2e5000-7f0c2c3e6000 rw-p 00000000 00:00 0 
7f0c2c3e6000-7f0c2c3e7000 ---p 00000000 00:00 0 
7f0c2c3e7000-7f0c2c4e8000 rw-p 00000000 00:00 0 
7f0c2c4e8000-7f0c2c4e9000 ---p 00000000 00:00 0 
7f0c2c4e9000-7f0c2c7da000 rw-p 00000000 00:00 0 
7f0c2c7da000-7f0c2e48a000 ---p 00000000 00:00 0 
7f0c2e48a000-7f0c2e4d0000 rw-p 00000000 00:00 0 
7f0c2e4d0000-7f0c2e866000 ---p 00000000 00:00 0 
7f0c2e866000-7f0c2e8a5000 rw-p 00000000 00:00 0 
7f0c2e8a5000-7f0c2ec3b000 ---p 00000000 00:00 0 
7f0c2ec3b000-7f0c2ec7a000 rw-p 00000000 00:00 0 
7f0c2ec7a000-7f0c2f010000 ---p 00000000 00:00 0 
7f0c2f010000-7f0c2f41a000 rw-p 00000000 00:00 0 
7f0c2f41a000-7f0c2f500000 ---p 00000000 00:00 0 
7f0c2f500000-7f0c2f504000 ---p 00000000 00:00 0 
7f0c2f504000-7f0c2f600000 rw-p 00000000 00:00 0 
7f0c2f600000-7f0c2f69a000 r--p 00000000 08:02 10354705                   /usr/lib/x86_64-linux-gnu/libstdc++.so.6.0.30
7f0c2f69a000-7f0c2f7aa000 r-xp 0009a000 08:02 10354705                   /usr/lib/x86_64-linux-gnu/libstdc++.so.6.0.30
7f0c2f7aa000-7f0c2f819000 r--p 001aa000 08:02 10354705                   /usr/lib/x86_64-linux-gnu/libstdc++.so.6.0.30
7f0c2f819000-7f0c2f824000 r--p 00218000 08:02 10354705                   /usr/lib/x86_64-linux-gnu/libstdc++.so.6.0.30
7f0c2f824000-7f0c2f827000 rw-p 00223000 08:02 10354705                   /usr/lib/x86_64-linux-gnu/libstdc++.so.6.0.30
7f0c2f827000-7f0c2f82a000 rw-p 00000000 00:00 0 
7f0c2f82e000-7f0c2f833000 rw-p 00000000 00:00 0 
7f0c2f833000-7f0c2f919000 ---p 00000000 00:00 0 
7f0c2f919000-7f0c2f927000 r--p 00000000 08:02 10365361                   /usr/lib/x86_64-linux-gnu/libm.so.6
7f0c2f927000-7f0c2f9a3000 r-xp 0000e000 08:02 10365361                   /usr/lib/x86_64-linux-gnu/libm.so.6
7f0c2f9a3000-7f0c2f9fe000 r--p 0008a000 08:02 10365361                   /usr/lib/x86_64-linux-gnu/libm.so.6
7f0c2f9fe000-7f0c2f9ff000 r--p 000e4000 08:02 10365361                   /usr/lib/x86_64-linux-gnu/libm.so.6
7f0c2f9ff000-7f0c2fa00000 rw-p 000e5000 08:02 10365361                   /usr/lib/x86_64-linux-gnu/libm.so.6
7f0c2fa00000-7f0c2fc50000 r--p 00000000 08:02 10491606                   /usr/lib/jvm/java-17-openjdk-amd64/lib/server/libjvm.so
7f0c2fc50000-7f0c309d4000 r-xp 00250000 08:02 10491606                   /usr/lib/jvm/java-17-openjdk-amd64/lib/server/libjvm.so
7f0c309d4000-7f0c30c57000 r--p 00fd4000 08:02 10491606                   /usr/lib/jvm/java-17-openjdk-amd64/lib/server/libjvm.so
7f0c30c57000-7f0c30d0f000 r--p 01256000 08:02 10491606                   /usr/lib/jvm/java-17-openjdk-amd64/lib/server/libjvm.so
7f0c30d0f000-7f0c30d44000 rw-p 0130e000 08:02 10491606                   /usr/lib/jvm/java-17-openjdk-amd64/lib/server/libjvm.so
7f0c30d44000-7f0c30d9e000 rw-p 00000000 00:00 0 
7f0c30da2000-7f0c30da3000 r--p 00000000 08:02 10491501                   /usr/lib/jvm/java-17-openjdk-amd64/lib/libextnet.so
7f0c30da3000-7f0c30da4000 r-xp 00001000 08:02 10491501                   /usr/lib/jvm/java-17-openjdk-amd64/lib/libextnet.so
7f0c30da4000-7f0c30da5000 r--p 00002000 08:02 10491501                   /usr/lib/jvm/java-17-openjdk-amd64/lib/libextnet.so
7f0c30da5000-7f0c30da6000 r--p 00002000 08:02 10491501                   /usr/lib/jvm/java-17-openjdk-amd64/lib/libextnet.so
7f0c30da6000-7f0c30da7000 rw-p 00003000 08:02 10491501                   /usr/lib/jvm/java-17-openjdk-amd64/lib/libextnet.so
7f0c30da7000-7f0c30dab000 r--p 00000000 08:02 10491576                   /usr/lib/jvm/java-17-openjdk-amd64/lib/libnet.so
7f0c30dab000-7f0c30db9000 r-xp 00004000 08:02 10491576                   /usr/lib/jvm/java-17-openjdk-amd64/lib/libnet.so
7f0c30db9000-7f0c30dbd000 r--p 00012000 08:02 10491576                   /usr/lib/jvm/java-17-openjdk-amd64/lib/libnet.so
7f0c30dbd000-7f0c30dbe000 r--p 00015000 08:02 10491576                   /usr/lib/jvm/java-17-openjdk-amd64/lib/libnet.so
7f0c30dbe000-7f0c30dbf000 rw-p 00016000 08:02 10491576                   /usr/lib/jvm/java-17-openjdk-amd64/lib/libnet.so
7f0c30dbf000-7f0c30e00000 rw-p 00000000 00:00 0 
7f0c30e00000-7f0c30e28000 r--p 00000000 08:02 10365356                   /usr/lib/x86_64-linux-gnu/libc.so.6
7f0c30e28000-7f0c30fbd000 r-xp 00028000 08:02 10365356                   /usr/lib/x86_64-linux-gnu/libc.so.6
7f0c30fbd000-7f0c31015000 r--p 001bd000 08:02 10365356                   /usr/lib/x86_64-linux-gnu/libc.so.6
7f0c31015000-7f0c31019000 r--p 00214000 08:02 10365356                   /usr/lib/x86_64-linux-gnu/libc.so.6
7f0c31019000-7f0c3101b000 rw-p 00218000 08:02 10365356                   /usr/lib/x86_64-linux-gnu/libc.so.6
7f0c3101b000-7f0c31028000 rw-p 00000000 00:00 0 
7f0c31028000-7f0c3102e000 r--p 00000000 08:02 10491578                   /usr/lib/jvm/java-17-openjdk-amd64/lib/libnio.so
7f0c3102e000-7f0c31037000 r-xp 00006000 08:02 10491578                   /usr/lib/jvm/java-17-openjdk-amd64/lib/libnio.so
7f0c31037000-7f0c3103b000 r--p 0000f000 08:02 10491578                   /usr/lib/jvm/java-17-openjdk-amd64/lib/libnio.so
7f0c3103b000-7f0c3103c000 ---p 00013000 08:02 10491578                   /usr/lib/jvm/java-17-openjdk-amd64/lib/libnio.so
7f0c3103c000-7f0c3103d000 r--p 00013000 08:02 10491578                   /usr/lib/jvm/java-17-openjdk-amd64/lib/libnio.so
7f0c3103d000-7f0c3103e000 rw-p 00014000 08:02 10491578                   /usr/lib/jvm/java-17-openjdk-amd64/lib/libnio.so
7f0c3103e000-7f0c31040000 r--p 00000000 08:02 10491592                   /usr/lib/jvm/java-17-openjdk-amd64/lib/libzip.so
7f0c31040000-7f0c31045000 r-xp 00002000 08:02 10491592                   /usr/lib/jvm/java-17-openjdk-amd64/lib/libzip.so
7f0c31045000-7f0c31047000 r--p 00007000 08:02 10491592                   /usr/lib/jvm/java-17-openjdk-amd64/lib/libzip.so
7f0c31047000-7f0c31048000 r--p 00008000 08:02 10491592                   /usr/lib/jvm/java-17-openjdk-amd64/lib/libzip.so
7f0c31048000-7f0c31049000 rw-p 00009000 08:02 10491592                   /usr/lib/jvm/java-17-openjdk-amd64/lib/libzip.so
7f0c31049000-7f0c31090000 rw-p 00000000 00:00 0 
7f0c31090000-7f0c31097000 ---p 00000000 00:00 0 
7f0c31097000-7f0c310a3000 r--p 00000000 08:02 10491515                   /usr/lib/jvm/java-17-openjdk-amd64/lib/libjava.so
7f0c310a3000-7f0c310b6000 r-xp 0000c000 08:02 10491515                   /usr/lib/jvm/java-17-openjdk-amd64/lib/libjava.so
7f0c310b6000-7f0c310bc000 r--p 0001f000 08:02 10491515                   /usr/lib/jvm/java-17-openjdk-amd64/lib/libjava.so
7f0c310bc000-7f0c310bd000 r--p 00024000 08:02 10491515                   /usr/lib/jvm/java-17-openjdk-amd64/lib/libjava.so
7f0c310bd000-7f0c310be000 rw-p 00025000 08:02 10491515                   /usr/lib/jvm/java-17-openjdk-amd64/lib/libjava.so
7f0c310be000-7f0c310bf000 rw-p 00000000 00:00 0 
7f0c310bf000-7f0c310c0000 r--p 00000000 08:02 10491505                   /usr/lib/jvm/java-17-openjdk-amd64/lib/libinstrument.so
7f0c310c0000-7f0c310c6000 r-xp 00001000 08:02 10491505                   /usr/lib/jvm/java-17-openjdk-amd64/lib/libinstrument.so
7f0c310c6000-7f0c310c9000 r--p 00007000 08:02 10491505                   /usr/lib/jvm/java-17-openjdk-amd64/lib/libinstrument.so
7f0c310c9000-7f0c310ca000 r--p 00009000 08:02 10491505                   /usr/lib/jvm/java-17-openjdk-amd64/lib/libinstrument.so
7f0c310ca000-7f0c310cb000 rw-p 0000a000 08:02 10491505                   /usr/lib/jvm/java-17-openjdk-amd64/lib/libinstrument.so
7f0c310cb000-7f0c310ce000 r--p 00000000 08:02 10354703                   /usr/lib/x86_64-linux-gnu/libgcc_s.so.1
7f0c310ce000-7f0c310e5000 r-xp 00003000 08:02 10354703                   /usr/lib/x86_64-linux-gnu/libgcc_s.so.1
7f0c310e5000-7f0c310e9000 r--p 0001a000 08:02 10354703                   /usr/lib/x86_64-linux-gnu/libgcc_s.so.1
7f0c310e9000-7f0c310ea000 r--p 0001d000 08:02 10354703                   /usr/lib/x86_64-linux-gnu/libgcc_s.so.1
7f0c310ea000-7f0c310eb000 rw-p 0001e000 08:02 10354703                   /usr/lib/x86_64-linux-gnu/libgcc_s.so.1
7f0c310eb000-7f0c310ee000 rw-p 00000000 00:00 0 
7f0c310ee000-7f0c310f0000 r--p 00000000 08:02 10354880                   /usr/lib/x86_64-linux-gnu/libz.so.1.2.11
7f0c310f0000-7f0c31101000 r-xp 00002000 08:02 10354880                   /usr/lib/x86_64-linux-gnu/libz.so.1.2.11
7f0c31101000-7f0c31107000 r--p 00013000 08:02 10354880                   /usr/lib/x86_64-linux-gnu/libz.so.1.2.11
7f0c31107000-7f0c31108000 ---p 00019000 08:02 10354880                   /usr/lib/x86_64-linux-gnu/libz.so.1.2.11
7f0c31108000-7f0c31109000 r--p 00019000 08:02 10354880                   /usr/lib/x86_64-linux-gnu/libz.so.1.2.11
7f0c31109000-7f0c3110a000 rw-p 0001a000 08:02 10354880                   /usr/lib/x86_64-linux-gnu/libz.so.1.2.11
7f0c3110c000-7f0c3110d000 r-xp 00000000 00:00 0 
7f0c3110d000-7f0c31115000 rw-s 00000000 08:02 1967198                    /tmp/hsperfdata_nidhal/370082
7f0c31115000-7f0c31116000 ---p 00000000 00:00 0 
7f0c31116000-7f0c31117000 r--p 00000000 00:00 0 
7f0c31117000-7f0c31119000 r--p 00000000 08:02 10491521                   /usr/lib/jvm/java-17-openjdk-amd64/lib/libjimage.so
7f0c31119000-7f0c3111c000 r-xp 00002000 08:02 10491521                   /usr/lib/jvm/java-17-openjdk-amd64/lib/libjimage.so
7f0c3111c000-7f0c3111d000 r--p 00005000 08:02 10491521                   /usr/lib/jvm/java-17-openjdk-amd64/lib/libjimage.so
7f0c3111d000-7f0c3111e000 ---p 00006000 08:02 10491521                   /usr/lib/jvm/java-17-openjdk-amd64/lib/libjimage.so
7f0c3111e000-7f0c3111f000 r--p 00006000 08:02 10491521                   /usr/lib/jvm/java-17-openjdk-amd64/lib/libjimage.so
7f0c3111f000-7f0c31120000 rw-p 00007000 08:02 10491521                   /usr/lib/jvm/java-17-openjdk-amd64/lib/libjimage.so
7f0c31120000-7f0c31122000 r--p 00000000 08:02 10491523                   /usr/lib/jvm/java-17-openjdk-amd64/lib/libjli.so
7f0c31122000-7f0c3112c000 r-xp 00002000 08:02 10491523                   /usr/lib/jvm/java-17-openjdk-amd64/lib/libjli.so
7f0c3112c000-7f0c3112f000 r--p 0000c000 08:02 10491523                   /usr/lib/jvm/java-17-openjdk-amd64/lib/libjli.so
7f0c3112f000-7f0c31130000 r--p 0000e000 08:02 10491523                   /usr/lib/jvm/java-17-openjdk-amd64/lib/libjli.so
7f0c31130000-7f0c31131000 rw-p 0000f000 08:02 10491523                   /usr/lib/jvm/java-17-openjdk-amd64/lib/libjli.so
7f0c31131000-7f0c31133000 rw-p 00000000 00:00 0 
7f0c31133000-7f0c31135000 r--p 00000000 08:02 10356375                   /usr/lib/x86_64-linux-gnu/ld-linux-x86-64.so.2
7f0c31135000-7f0c3115f000 r-xp 00002000 08:02 10356375                   /usr/lib/x86_64-linux-gnu/ld-linux-x86-64.so.2
7f0c3115f000-7f0c3116a000 r--p 0002c000 08:02 10356375                   /usr/lib/x86_64-linux-gnu/ld-linux-x86-64.so.2
7f0c3116a000-7f0c3116b000 ---p 00000000 00:00 0 
7f0c3116b000-7f0c3116d000 r--p 00037000 08:02 10356375                   /usr/lib/x86_64-linux-gnu/ld-linux-x86-64.so.2
7f0c3116d000-7f0c3116f000 rw-p 00039000 08:02 10356375                   /usr/lib/x86_64-linux-gnu/ld-linux-x86-64.so.2
7ffe5c237000-7ffe5c259000 rw-p 00000000 00:00 0                          [stack]
7ffe5c2fc000-7ffe5c300000 r--p 00000000 00:00 0                          [vvar]
7ffe5c300000-7ffe5c302000 r-xp 00000000 00:00 0                          [vdso]
ffffffffff600000-ffffffffff601000 --xp 00000000 00:00 0                  [vsyscall]


VM Arguments:
jvm_args: -javaagent:/snap/intellij-idea-ultimate/430/lib/idea_rt.jar=34383:/snap/intellij-idea-ultimate/430/bin -Dfile.encoding=UTF-8 
java_command: tutorials.hello_world
java_class_path (initial): /home/nidhal/IdeaProjects/JMEOS/target/classes:/home/nidhal/.m2/repository/com/github/jnr/jnr-ffi/2.2.11/jnr-ffi-2.2.11.jar:/home/nidhal/.m2/repository/com/github/jnr/jffi/1.3.9/jffi-1.3.9.jar:/home/nidhal/.m2/repository/com/github/jnr/jffi/1.3.9/jffi-1.3.9-native.jar:/home/nidhal/.m2/repository/org/ow2/asm/asm/9.2/asm-9.2.jar:/home/nidhal/.m2/repository/org/ow2/asm/asm-commons/9.2/asm-commons-9.2.jar:/home/nidhal/.m2/repository/org/ow2/asm/asm-analysis/9.2/asm-analysis-9.2.jar:/home/nidhal/.m2/repository/org/ow2/asm/asm-tree/9.2/asm-tree-9.2.jar:/home/nidhal/.m2/repository/org/ow2/asm/asm-util/9.2/asm-util-9.2.jar:/home/nidhal/.m2/repository/com/github/jnr/jnr-a64asm/1.0.0/jnr-a64asm-1.0.0.jar:/home/nidhal/.m2/repository/com/github/jnr/jnr-x86asm/1.0.2/jnr-x86asm-1.0.2.jar:/home/nidhal/.m2/repository/org/hibernate/orm/hibernate-core/6.2.2.Final/hibernate-core-6.2.2.Final.jar:/home/nidhal/.m2/repository/jakarta/persistence/jakarta.persistence-api/3.1.0/jakarta.persistence-api-3.1.0.jar:/home/nidhal/.m2/repository/jakarta/transaction/jakarta.transaction-api/2.0.1/jakarta.transaction-api-2.0.1.jar:/home/nidhal/.m2/repository/org/jboss/logging/jboss-logging/3.5.0.Final/jboss-logging-3.5.0.Final.jar:/home/nidhal/.m2/repository/org/hibernate/common/hibernate-commons-annotations/6.0.6.Final/hibernate-commons-annotations-6.0.6.Final.jar:/home/nidhal/.m2/repository/io/smallrye/jandex/3.0.5/jandex-3.0.5.jar:/home/nidhal/.m2/repository/com/fasterxml/classmate/1.5.1/classmate-1.5.1.jar:/home/nidhal/.m2/repository/net/bytebuddy/byte-buddy/1.12.18/byte-buddy-1.12.18.jar:/home/nidhal/.m2/repository/jakarta/xml/bind/jakarta.xml.bind-api/4.0.0/jakarta.xml.bind-api-4.0.0.jar:/home/nidhal/.m2/repository/jakarta/activation/jakarta.activation-api/2.1.0/jakarta.activation-api-2.1.0.jar:/home/nidhal/.m2/repository/org/glassfish/jaxb/jaxb-runtime/4.0.2/jaxb-runtime-4.0.2.jar:/home/nidhal/.m2/repository/org/glassfish/jaxb/jaxb-core/4.0.2/jaxb-core-4.0.2.jar:/ho
Launcher Type: SUN_STANDARD

[Global flags]
     intx CICompilerCount                          = 3                                         {product} {ergonomic}
     uint ConcGCThreads                            = 1                                         {product} {ergonomic}
     uint G1ConcRefinementThreads                  = 4                                         {product} {ergonomic}
   size_t G1HeapRegionSize                         = 1048576                                   {product} {ergonomic}
    uintx GCDrainStackTargetSize                   = 64                                        {product} {ergonomic}
   size_t InitialHeapSize                          = 130023424                                 {product} {ergonomic}
   size_t MarkStackSize                            = 4194304                                   {product} {ergonomic}
   size_t MaxHeapSize                              = 2057306112                                {product} {ergonomic}
   size_t MaxNewSize                               = 1234173952                                {product} {ergonomic}
   size_t MinHeapDeltaBytes                        = 1048576                                   {product} {ergonomic}
   size_t MinHeapSize                              = 8388608                                   {product} {ergonomic}
    uintx NonNMethodCodeHeapSize                   = 5832780                                {pd product} {ergonomic}
    uintx NonProfiledCodeHeapSize                  = 122912730                              {pd product} {ergonomic}
    uintx ProfiledCodeHeapSize                     = 122912730                              {pd product} {ergonomic}
    uintx ReservedCodeCacheSize                    = 251658240                              {pd product} {ergonomic}
     bool SegmentedCodeCache                       = true                                      {product} {ergonomic}
   size_t SoftMaxHeapSize                          = 2057306112                             {manageable} {ergonomic}
     bool UseCompressedClassPointers               = true                           {product lp64_product} {ergonomic}
     bool UseCompressedOops                        = true                           {product lp64_product} {ergonomic}
     bool UseG1GC                                  = true                                      {product} {ergonomic}

Logging:
Log output configuration:
 #0: stdout all=warning uptime,level,tags
 #1: stderr all=off uptime,level,tags

Environment Variables:
JAVA_HOME=/opt/jdk-13.0.2
PATH=/home/nidhal/.local/bin:/usr/local/sbin:/usr/local/bin:/usr/sbin:/usr/bin:/sbin:/bin:/usr/games:/usr/local/games:/snap/bin:/snap/bin/opt/jdk-13.0.2/bin
USERNAME=nidhal
SHELL=/bin/bash
DISPLAY=:0
LANG=fr_FR.UTF-8

Active Locale:
LC_ALL=fr_FR.UTF-8
LC_COLLATE=fr_FR.UTF-8
LC_CTYPE=fr_FR.UTF-8
LC_MESSAGES=fr_FR.UTF-8
LC_MONETARY=fr_FR.UTF-8
LC_NUMERIC=fr_FR.UTF-8
LC_TIME=fr_FR.UTF-8

Signal Handlers:
   SIGSEGV: crash_handler in libjvm.so, mask=11100100010111111101111111111110, flags=SA_RESTART|SA_SIGINFO, unblocked
    SIGBUS: crash_handler in libjvm.so, mask=11100100010111111101111111111110, flags=SA_RESTART|SA_SIGINFO, unblocked
    SIGFPE: crash_handler in libjvm.so, mask=11100100010111111101111111111110, flags=SA_RESTART|SA_SIGINFO, unblocked
   SIGPIPE: javaSignalHandler in libjvm.so, mask=11100100010111111101111111111110, flags=SA_RESTART|SA_SIGINFO, blocked
   SIGXFSZ: javaSignalHandler in libjvm.so, mask=11100100010111111101111111111110, flags=SA_RESTART|SA_SIGINFO, blocked
    SIGILL: crash_handler in libjvm.so, mask=11100100010111111101111111111110, flags=SA_RESTART|SA_SIGINFO, unblocked
   SIGUSR2: SR_handler in libjvm.so, mask=00100000000000000000000000000000, flags=SA_RESTART|SA_SIGINFO, blocked
    SIGHUP: UserHandler in libjvm.so, mask=11100100010111111101111111111110, flags=SA_RESTART|SA_SIGINFO, blocked
    SIGINT: UserHandler in libjvm.so, mask=11100100010111111101111111111110, flags=SA_RESTART|SA_SIGINFO, blocked
   SIGTERM: UserHandler in libjvm.so, mask=11100100010111111101111111111110, flags=SA_RESTART|SA_SIGINFO, blocked
   SIGQUIT: UserHandler in libjvm.so, mask=11100100010111111101111111111110, flags=SA_RESTART|SA_SIGINFO, blocked
   SIGTRAP: crash_handler in libjvm.so, mask=11100100010111111101111111111110, flags=SA_RESTART|SA_SIGINFO, unblocked


---------------  S Y S T E M  ---------------

OS:
DISTRIB_ID=Ubuntu
DISTRIB_RELEASE=22.04
DISTRIB_CODENAME=jammy
DISTRIB_DESCRIPTION="Ubuntu 22.04.2 LTS"
uname: Linux 5.19.0-42-generic #43~22.04.1-Ubuntu SMP PREEMPT_DYNAMIC Fri Apr 21 16:51:08 UTC 2 x86_64
OS uptime: 0 days 4:46 hours
libc: glibc 2.35 NPTL 2.35 
rlimit (soft/hard): STACK 8192k/infinity , CORE 0k/infinity , NPROC 31051/31051 , NOFILE 1048576/1048576 , AS infinity/infinity , CPU infinity/infinity , DATA infinity/infinity , FSIZE infinity/infinity , MEMLOCK 1003616k/1003616k
load average: 4,85 3,92 3,57

/proc/meminfo:
MemTotal:        8028956 kB
MemFree:          255456 kB
MemAvailable:    2543472 kB
Buffers:          226988 kB
Cached:          2381724 kB
SwapCached:        28908 kB
Active:          2251252 kB
Inactive:        4648916 kB
Active(anon):    1240128 kB
Inactive(anon):  3458372 kB
Active(file):    1011124 kB
Inactive(file):  1190544 kB
Unevictable:       76464 kB
Mlocked:              16 kB
SwapTotal:       2097148 kB
SwapFree:        1295612 kB
Zswap:                 0 kB
Zswapped:              0 kB
Dirty:              1840 kB
Writeback:             0 kB
AnonPages:       4356136 kB
Mapped:           917632 kB
Shmem:            412900 kB
KReclaimable:     391516 kB
Slab:             629960 kB
SReclaimable:     391516 kB
SUnreclaim:       238444 kB
KernelStack:       21780 kB
PageTables:        44860 kB
NFS_Unstable:          0 kB
Bounce:                0 kB
WritebackTmp:          0 kB
CommitLimit:     6111624 kB
Committed_AS:   12672156 kB
VmallocTotal:   34359738367 kB
VmallocUsed:       77836 kB
VmallocChunk:          0 kB
Percpu:             5680 kB
HardwareCorrupted:     0 kB
AnonHugePages:         0 kB
ShmemHugePages:        0 kB
ShmemPmdMapped:        0 kB
FileHugePages:         0 kB
FilePmdMapped:         0 kB
HugePages_Total:       0
HugePages_Free:        0
HugePages_Rsvd:        0
HugePages_Surp:        0
Hugepagesize:       2048 kB
Hugetlb:               0 kB
DirectMap4k:      489240 kB
DirectMap2M:     7788544 kB
DirectMap1G:           0 kB

/sys/kernel/mm/transparent_hugepage/enabled: always [madvise] never
/sys/kernel/mm/transparent_hugepage/defrag (defrag/compaction efforts parameter): always defer defer+madvise [madvise] never

Process Memory:
Virtual Size: 5231660K (peak: 5293196K)
Resident Set Size: 84980K (peak: 84980K) (anon: 45748K, file: 39232K, shmem: 0K)
Swapped out: 0K
C-Heap outstanding allocations: 23854K, retained: 2969K
glibc malloc tunables: (default)

/proc/sys/kernel/threads-max (system-wide limit on the number of threads): 62103
/proc/sys/vm/max_map_count (maximum number of memory map areas a process may have): 65530
/proc/sys/kernel/pid_max (system-wide limit on number of process identifiers): 4194304

container (cgroup) information:
container_type: cgroupv2
cpu_cpuset_cpus: not supported
cpu_memory_nodes: not supported
active_processor_count: 4
cpu_quota: not supported
cpu_period: not supported
cpu_shares: not supported
memory_limit_in_bytes: unlimited
memory_and_swap_limit_in_bytes: unlimited
memory_soft_limit_in_bytes: unlimited
memory_usage_in_bytes: 3417308 k
memory_max_usage_in_bytes: not supported
memory_swap_current_in_bytes: 459220 k
memory_swap_max_limit_in_bytes: unlimited
maximum number of tasks: 9315
current number of tasks: 235

Steal ticks since vm start: 0
Steal ticks percentage since vm start:  0,000

CPU: total 4 (initial active 4) (2 cores per cpu, 2 threads per core) family 6 model 78 stepping 3 microcode 0xf0, cx8, cmov, fxsr, ht, mmx, 3dnowpref, sse, sse2, sse3, ssse3, sse4.1, sse4.2, popcnt, lzcnt, tsc, tscinvbit, avx, avx2, aes, erms, clmul, bmi1, bmi2, adx, fma, vzeroupper, clflush, clflushopt
CPU Model and flags from /proc/cpuinfo:
model name	: Intel(R) Core(TM) i3-6100U CPU @ 2.30GHz
flags		: fpu vme de pse tsc msr pae mce cx8 apic sep mtrr pge mca cmov pat pse36 clflush dts acpi mmx fxsr sse sse2 ss ht tm pbe syscall nx pdpe1gb rdtscp lm constant_tsc art arch_perfmon pebs bts rep_good nopl xtopology nonstop_tsc cpuid aperfmperf pni pclmulqdq dtes64 monitor ds_cpl est tm2 ssse3 sdbg fma cx16 xtpr pdcm pcid sse4_1 sse4_2 x2apic movbe popcnt tsc_deadline_timer aes xsave avx f16c rdrand lahf_lm abm 3dnowprefetch cpuid_fault epb invpcid_single pti ssbd ibrs ibpb stibp fsgsbase tsc_adjust bmi1 avx2 smep bmi2 erms invpcid mpx rdseed adx smap clflushopt intel_pt xsaveopt xsavec xgetbv1 xsaves dtherm ida arat pln pts hwp hwp_notify hwp_act_window hwp_epp md_clear flush_l1d arch_capabilities

Online cpus: 0-3
Offline cpus: 
BIOS frequency limitation: <Not Available>
Frequency switch latency (ns): 0
Available cpu frequencies: <Not Available>
Current governor: powersave
Core performance/turbo boost: <Not Available>

Memory: 4k page, physical 8028956k(255456k free), swap 2097148k(1295612k free)
Page Sizes: 4k

vm_info: OpenJDK 64-Bit Server VM (17.0.7+7-Ubuntu-0ubuntu122.04.2) for linux-amd64 JRE (17.0.7+7-Ubuntu-0ubuntu122.04.2), built on May 10 2023 04:02:16 by "buildd" with gcc 11.3.0

END.
