#
# A fatal error has been detected by the Java Runtime Environment:
#
#  SIGSEGV (0xb) at pc=0x00007fe9d4526979, pid=355428, tid=355435
#
# JRE version: OpenJDK Runtime Environment (17.0.7+7) (build 17.0.7+7-Ubuntu-0ubuntu122.04.2)
# Java VM: OpenJDK 64-Bit Server VM (17.0.7+7-Ubuntu-0ubuntu122.04.2, mixed mode, sharing, tiered, compressed oops, compressed class ptrs, g1 gc, linux-amd64)
# Problematic frame:
# C  [libmeos.so+0xa8979]  pg_next_dst_boundary+0x29
#
# Core dump will be written. Default location: Core dumps may be processed with "/usr/share/apport/apport -p%p -s%s -c%c -d%d -P%P -u%u -g%g -- %E" (or dumping to /home/nidhal/IdeaProjects/JMEOS/core.355428)
#
# If you would like to submit a bug report, please visit:
#   Unknown
# The crash happened outside the Java Virtual Machine in native code.
# See problematic frame for where to report the bug.
#

---------------  S U M M A R Y ------------

Command Line: -javaagent:/snap/intellij-idea-ultimate/430/lib/idea_rt.jar=40789:/snap/intellij-idea-ultimate/430/bin -Dfile.encoding=UTF-8 tutorials.hello_world

Host: Intel(R) Core(TM) i3-6100U CPU @ 2.30GHz, 4 cores, 7G, Ubuntu 22.04.2 LTS
Time: Mon May 29 22:24:39 2023 CEST elapsed time: 1.696531 seconds (0d 0h 0m 1s)

---------------  T H R E A D  ---------------

Current thread (0x00007fe9f0016800):  JavaThread "main" [_thread_in_native, id=355435, stack(0x00007fe9f6700000,0x00007fe9f6800000)]

Stack: [0x00007fe9f6700000,0x00007fe9f6800000],  sp=0x00007fe9f67fdf90,  free space=1015k
Native frames: (J=compiled Java code, j=interpreted, Vv=VM code, C=native code)
C  [libmeos.so+0xa8979]  pg_next_dst_boundary+0x29

Java frames: (J=compiled Java code, j=interpreted, Vv=VM code)
j  com.kenai.jffi.Foreign.invokeN1O1(JJJLjava/lang/Object;III)J+0
j  com.kenai.jffi.Invoker.invokeN1(Lcom/kenai/jffi/CallContext;JJILjava/lang/Object;Lcom/kenai/jffi/ObjectParameterStrategy;Lcom/kenai/jffi/ObjectParameterInfo;)J+57
j  tutorials.hello_world$MeosLibrary$jnr$ffi$0.tgeompoint_in(Ljava/lang/String;)Ljnr/ffi/Pointer;+75
j  tutorials.hello_world.main([Ljava/lang/String;)V+111
v  ~StubRoutines::call_stub

siginfo: si_signo: 11 (SIGSEGV), si_code: 1 (SEGV_MAPERR), si_addr: 0x0000000000000104

Register to memory mapping:

RAX=0x0 is NULL
RBX=0x0 is NULL
RCX=0x00007fe9f67fdff0 is pointing into the stack for thread: 0x00007fe9f0016800
RDX=0x00007fe9f67fdfe0 is pointing into the stack for thread: 0x00007fe9f0016800
RSP=0x00007fe9f67fdf90 is pointing into the stack for thread: 0x00007fe9f0016800
RBP=0x00000000386bf200 is an unknown value
RSI=0x00007fe9f67fdff8 is pointing into the stack for thread: 0x00007fe9f0016800
RDI=0x00007fe9f67fdfe8 is pointing into the stack for thread: 0x00007fe9f0016800
R8 =0x00007fe9f67fe000 is pointing into the stack for thread: 0x00007fe9f0016800
R9 =0x00007fe9f67fdfe4 is pointing into the stack for thread: 0x00007fe9f0016800
R10=0x00007fe9f67fdfe0 is pointing into the stack for thread: 0x00007fe9f0016800
R11=0x00007fe9d4526950: pg_next_dst_boundary+0x0000000000000000 in /usr/local/lib/libmeos.so at 0x00007fe9d447e000
R12=0x00007fe9f67fe040 is pointing into the stack for thread: 0x00007fe9f0016800
R13=0x0 is NULL
R14=0x0 is NULL
R15=0x00007fe9f67fe1b0 is pointing into the stack for thread: 0x00007fe9f0016800


Registers:
RAX=0x0000000000000000, RBX=0x0000000000000000, RCX=0x00007fe9f67fdff0, RDX=0x00007fe9f67fdfe0
RSP=0x00007fe9f67fdf90, RBP=0x00000000386bf200, RSI=0x00007fe9f67fdff8, RDI=0x00007fe9f67fdfe8
R8 =0x00007fe9f67fe000, R9 =0x00007fe9f67fdfe4, R10=0x00007fe9f67fdfe0, R11=0x00007fe9d4526950
R12=0x00007fe9f67fe040, R13=0x0000000000000000, R14=0x0000000000000000, R15=0x00007fe9f67fe1b0
RIP=0x00007fe9d4526979, EFLAGS=0x0000000000010246, CSGSFS=0x002b000000000033, ERR=0x0000000000000004
  TRAPNO=0x000000000000000e

Top of Stack: (sp=0x00007fe9f67fdf90)
0x00007fe9f67fdf90:   00007fe9d45b13c0 b8576628f9c64e00
0x00007fe9f67fdfa0:   00007fe9f048b890 00007fe9f67fe1b0
0x00007fe9f67fdfb0:   00000000386d4380 00007fe9f67fe040
0x00007fe9f67fdfc0:   0000000000000000 00007fe9d452825c 

Instructions: (pc=0x00007fe9d4526979)
0x00007fe9d4526879:   00 00 00 00 0f 1f 00 f3 0f 1e fa 49 89 f8 48 8d
0x00007fe9d4526889:   be 00 01 00 00 4c 89 c6 e9 ca fd ff ff 66 2e 0f
0x00007fe9d4526899:   1f 84 00 00 00 00 00 f3 0f 1e fa 41 55 41 54 55
0x00007fe9d45268a9:   48 89 fd 53 48 83 ec 08 48 8b 1d 68 89 0d 00 48
0x00007fe9d45268b9:   85 db 74 2b 48 8b 7d 00 48 89 da 31 f6 48 81 c3
0x00007fe9d45268c9:   68 56 00 00 e8 ce df ff ff 48 89 1d 97 89 0d 00
0x00007fe9d45268d9:   48 83 c4 08 5b 5d 41 5c 41 5d c3 0f 1f 40 00 bf
0x00007fe9d45268e9:   90 5b 00 00 e8 8e 66 f9 ff 48 89 05 27 89 0d 00
0x00007fe9d45268f9:   49 89 c4 48 85 c0 74 d8 4c 8d 2d 38 5a 08 00 31
0x00007fe9d4526909:   f6 b9 01 00 00 00 48 89 c2 4c 89 ef e8 56 72 f9
0x00007fe9d4526919:   ff 85 c0 75 12 48 8b 1d fb 88 0d 00 eb 96 66 0f
0x00007fe9d4526929:   1f 84 00 00 00 00 00 ba 01 00 00 00 4c 89 e6 4c
0x00007fe9d4526939:   89 ef e8 60 70 f9 ff eb dc 66 66 2e 0f 1f 84 00
0x00007fe9d4526949:   00 00 00 00 0f 1f 00 f3 0f 1e fa 41 55 49 89 d2
0x00007fe9d4526959:   41 54 55 53 48 83 ec 18 48 8b 2f 64 48 8b 04 25
0x00007fe9d4526969:   28 00 00 00 48 89 44 24 08 31 c0 48 8b 5c 24 40
0x00007fe9d4526979:   44 8b 9b 04 01 00 00 45 85 db 0f 84 27 02 00 00
0x00007fe9d4526989:   80 bb 10 01 00 00 00 49 89 cc 75 6b 41 8d 53 ff
0x00007fe9d4526999:   80 bb 11 01 00 00 00 48 63 ca 48 8b 84 cb 18 01
0x00007fe9d45269a9:   00 00 0f 84 ef 00 00 00 48 39 c5 0f 8e e6 00 00
0x00007fe9d45269b9:   00 48 8b 8b 18 01 00 00 48 39 e9 7f 46 48 bf e7
0x00007fe9d45269c9:   58 ef 44 46 ef 35 ae 48 89 ea 48 29 c2 48 83 ea
0x00007fe9d45269d9:   01 48 89 d0 48 f7 e7 48 b8 80 59 60 f0 02 00 00
0x00007fe9d45269e9:   00 48 c1 ea 21 4c 8d 6a 01 4c 0f af e8 48 89 e8
0x00007fe9d45269f9:   4c 29 e8 eb 43 66 90 48 8b 8b 18 01 00 00 48 39
0x00007fe9d4526a09:   e9 7e 89 48 bf e7 58 ef 44 46 ef 35 ae 48 89 ca
0x00007fe9d4526a19:   48 29 ea 48 83 ea 01 48 89 d0 48 f7 e7 48 b8 80
0x00007fe9d4526a29:   59 60 f0 02 00 00 00 48 c1 ea 21 4c 8d 6a 01 4c
0x00007fe9d4526a39:   0f af e8 4a 8d 44 2d 00 48 89 04 24 48 39 c1 0f
0x00007fe9d4526a49:   8f 12 02 00 00 41 8d 53 ff 41 bb ff ff ff ff 48
0x00007fe9d4526a59:   63 d2 48 39 84 d3 18 01 00 00 0f 8c 83 01 00 00
0x00007fe9d4526a69:   48 89 e7 48 83 ec 08 4c 89 d2 4c 89 e1 53 e8 d4 


Stack slot to memory mapping:
stack at sp + 0 slots: 0x00007fe9d45b13c0: <offset 0x00000000001333c0> in /usr/local/lib/libmeos.so at 0x00007fe9d447e000
stack at sp + 1 slots: 0xb8576628f9c64e00 is an unknown value
stack at sp + 2 slots: 0x00007fe9f048b890 points into unknown readable memory: 0x00007fee0ed7bcfb | fb bc d7 0e ee 7f 00 00
stack at sp + 3 slots: 0x00007fe9f67fe1b0 is pointing into the stack for thread: 0x00007fe9f0016800
stack at sp + 4 slots: 0x00000000386d4380 is an unknown value
stack at sp + 5 slots: 0x00007fe9f67fe040 is pointing into the stack for thread: 0x00007fe9f0016800
stack at sp + 6 slots: 0x0 is NULL
stack at sp + 7 slots: 0x00007fe9d452825c: <offset 0x00000000000aa25c> in /usr/local/lib/libmeos.so at 0x00007fe9d447e000


---------------  P R O C E S S  ---------------

Threads class SMR info:
_java_thread_list=0x00007fe9a4001f70, length=13, elements={
0x00007fe9f0016800, 0x00007fe9f0115880, 0x00007fe9f0116c60, 0x00007fe9f011c410,
0x00007fe9f011d7c0, 0x00007fe9f011ebd0, 0x00007fe9f0120580, 0x00007fe9f0121ab0,
0x00007fe9f0122f20, 0x00007fe9f012e440, 0x00007fe9f0220cd0, 0x00007fe9f0222360,
0x00007fe9a4000fe0
}

Java Threads: ( => current thread )
=>0x00007fe9f0016800 JavaThread "main" [_thread_in_native, id=355435, stack(0x00007fe9f6700000,0x00007fe9f6800000)]
  0x00007fe9f0115880 JavaThread "Reference Handler" daemon [_thread_blocked, id=355444, stack(0x00007fe9f4645000,0x00007fe9f4745000)]
  0x00007fe9f0116c60 JavaThread "Finalizer" daemon [_thread_blocked, id=355445, stack(0x00007fe9f4545000,0x00007fe9f4645000)]
  0x00007fe9f011c410 JavaThread "Signal Dispatcher" daemon [_thread_blocked, id=355446, stack(0x00007fe9f4445000,0x00007fe9f4545000)]
  0x00007fe9f011d7c0 JavaThread "Service Thread" daemon [_thread_blocked, id=355447, stack(0x00007fe9f4345000,0x00007fe9f4445000)]
  0x00007fe9f011ebd0 JavaThread "Monitor Deflation Thread" daemon [_thread_blocked, id=355448, stack(0x00007fe9f4245000,0x00007fe9f4345000)]
  0x00007fe9f0120580 JavaThread "C2 CompilerThread0" daemon [_thread_blocked, id=355449, stack(0x00007fe9f4145000,0x00007fe9f4245000)]
  0x00007fe9f0121ab0 JavaThread "C1 CompilerThread0" daemon [_thread_blocked, id=355450, stack(0x00007fe9f4045000,0x00007fe9f4145000)]
  0x00007fe9f0122f20 JavaThread "Sweeper thread" daemon [_thread_blocked, id=355451, stack(0x00007fe9eff00000,0x00007fe9f0000000)]
  0x00007fe9f012e440 JavaThread "Common-Cleaner" daemon [_thread_blocked, id=355454, stack(0x00007fe9d4d00000,0x00007fe9d4e00000)]
  0x00007fe9f0220cd0 JavaThread "Monitor Ctrl-Break" daemon [_thread_in_native, id=355491, stack(0x00007fe9d4c00000,0x00007fe9d4d00000)]
  0x00007fe9f0222360 JavaThread "Notification Thread" daemon [_thread_blocked, id=355492, stack(0x00007fe9d4b00000,0x00007fe9d4c00000)]
  0x00007fe9a4000fe0 JavaThread "Attach Listener" daemon [_thread_blocked, id=355550, stack(0x00007fe9d48fe000,0x00007fe9d49fe000)]

Other Threads:
  0x00007fe9f01117d0 VMThread "VM Thread" [stack: 0x00007fe9f4747000,0x00007fe9f4847000] [id=355443]
  0x00007fe9f0019310 WatcherThread [stack: 0x00007fe9d4a00000,0x00007fe9d4b00000] [id=355493]
  0x00007fe9f006fee0 GCTaskThread "GC Thread#0" [stack: 0x00007fe9f51a7000,0x00007fe9f52a7000] [id=355436]
  0x00007fe9b40051c0 GCTaskThread "GC Thread#1" [stack: 0x00007fe9c4afa000,0x00007fe9c4bfa000] [id=355593]
  0x00007fe9b4005c40 GCTaskThread "GC Thread#2" [stack: 0x00007fe9c49f8000,0x00007fe9c4af8000] [id=355594]
  0x00007fe9b400bc90 GCTaskThread "GC Thread#3" [stack: 0x00007fe9c48f6000,0x00007fe9c49f6000] [id=355595]
  0x00007fe9f0080a00 ConcurrentGCThread "G1 Main Marker" [stack: 0x00007fe9f50a5000,0x00007fe9f51a5000] [id=355437]
  0x00007fe9f0081960 ConcurrentGCThread "G1 Conc#0" [stack: 0x00007fe9f4fa3000,0x00007fe9f50a3000] [id=355438]
  0x00007fe9f00e6050 ConcurrentGCThread "G1 Refine#0" [stack: 0x00007fe9f4a9d000,0x00007fe9f4b9d000] [id=355439]
  0x00007fe9f00e6f40 ConcurrentGCThread "G1 Service" [stack: 0x00007fe9f499b000,0x00007fe9f4a9b000] [id=355440]

Threads with active compile tasks:

VM state: not at safepoint (normal execution)

VM Mutex/Monitor currently owned by a thread: None

Heap address: 0x0000000085600000, size: 1962 MB, Compressed Oops mode: 32-bit

CDS archive(s) mapped at: [0x0000000800000000-0x0000000800be2000-0x0000000800be2000), size 12460032, SharedBaseAddress: 0x0000000800000000, ArchiveRelocationMode: 0.
Compressed class space mapped at: 0x0000000801000000-0x0000000841000000, reserved size: 1073741824
Narrow klass base: 0x0000000800000000, Narrow klass shift: 0, Narrow klass range: 0x100000000

GC Precious Log:
 CPUs: 4 total, 4 available
 Memory: 7840M
 Large Page Support: Disabled
 NUMA Support: Disabled
 Compressed Oops: Enabled (32-bit)
 Heap Region Size: 1M
 Heap Min Capacity: 8M
 Heap Initial Capacity: 124M
 Heap Max Capacity: 1962M
 Pre-touch: Disabled
 Parallel Workers: 4
 Concurrent Workers: 1
 Concurrent Refinement Workers: 4
 Periodic GC: Disabled

Heap:
 garbage-first heap   total 129024K, used 5026K [0x0000000085600000, 0x0000000100000000)
  region size 1024K, 3 young (3072K), 2 survivors (2048K)
 Metaspace       used 5166K, committed 5312K, reserved 1114112K
  class space    used 509K, committed 576K, reserved 1048576K

Heap Regions: E=young(eden), S=young(survivor), O=old, HS=humongous(starts), HC=humongous(continues), CS=collection set, F=free, OA=open archive, CA=closed archive, TAMS=top-at-mark-start (previous, next)
|   0|0x0000000085600000, 0x0000000085700000, 0x0000000085700000|100%|HS|  |TAMS 0x0000000085600000, 0x0000000085600000| Complete 
|   1|0x0000000085700000, 0x00000000857f0800, 0x0000000085800000| 93%| O|  |TAMS 0x0000000085700000, 0x0000000085700000| Untracked 
|   2|0x0000000085800000, 0x0000000085800000, 0x0000000085900000|  0%| F|  |TAMS 0x0000000085800000, 0x0000000085800000| Untracked 
|   3|0x0000000085900000, 0x0000000085900000, 0x0000000085a00000|  0%| F|  |TAMS 0x0000000085900000, 0x0000000085900000| Untracked 
|   4|0x0000000085a00000, 0x0000000085a00000, 0x0000000085b00000|  0%| F|  |TAMS 0x0000000085a00000, 0x0000000085a00000| Untracked 
|   5|0x0000000085b00000, 0x0000000085b00000, 0x0000000085c00000|  0%| F|  |TAMS 0x0000000085b00000, 0x0000000085b00000| Untracked 
|   6|0x0000000085c00000, 0x0000000085c00000, 0x0000000085d00000|  0%| F|  |TAMS 0x0000000085c00000, 0x0000000085c00000| Untracked 
|   7|0x0000000085d00000, 0x0000000085d00000, 0x0000000085e00000|  0%| F|  |TAMS 0x0000000085d00000, 0x0000000085d00000| Untracked 
|   8|0x0000000085e00000, 0x0000000085e00000, 0x0000000085f00000|  0%| F|  |TAMS 0x0000000085e00000, 0x0000000085e00000| Untracked 
|   9|0x0000000085f00000, 0x0000000085f00000, 0x0000000086000000|  0%| F|  |TAMS 0x0000000085f00000, 0x0000000085f00000| Untracked 
|  10|0x0000000086000000, 0x0000000086000000, 0x0000000086100000|  0%| F|  |TAMS 0x0000000086000000, 0x0000000086000000| Untracked 
|  11|0x0000000086100000, 0x0000000086100000, 0x0000000086200000|  0%| F|  |TAMS 0x0000000086100000, 0x0000000086100000| Untracked 
|  12|0x0000000086200000, 0x0000000086200000, 0x0000000086300000|  0%| F|  |TAMS 0x0000000086200000, 0x0000000086200000| Untracked 
|  13|0x0000000086300000, 0x0000000086300000, 0x0000000086400000|  0%| F|  |TAMS 0x0000000086300000, 0x0000000086300000| Untracked 
|  14|0x0000000086400000, 0x0000000086400000, 0x0000000086500000|  0%| F|  |TAMS 0x0000000086400000, 0x0000000086400000| Untracked 
|  15|0x0000000086500000, 0x0000000086500000, 0x0000000086600000|  0%| F|  |TAMS 0x0000000086500000, 0x0000000086500000| Untracked 
|  16|0x0000000086600000, 0x0000000086600000, 0x0000000086700000|  0%| F|  |TAMS 0x0000000086600000, 0x0000000086600000| Untracked 
|  17|0x0000000086700000, 0x0000000086700000, 0x0000000086800000|  0%| F|  |TAMS 0x0000000086700000, 0x0000000086700000| Untracked 
|  18|0x0000000086800000, 0x0000000086800000, 0x0000000086900000|  0%| F|  |TAMS 0x0000000086800000, 0x0000000086800000| Untracked 
|  19|0x0000000086900000, 0x0000000086900000, 0x0000000086a00000|  0%| F|  |TAMS 0x0000000086900000, 0x0000000086900000| Untracked 
|  20|0x0000000086a00000, 0x0000000086a00000, 0x0000000086b00000|  0%| F|  |TAMS 0x0000000086a00000, 0x0000000086a00000| Untracked 
|  21|0x0000000086b00000, 0x0000000086b00000, 0x0000000086c00000|  0%| F|  |TAMS 0x0000000086b00000, 0x0000000086b00000| Untracked 
|  22|0x0000000086c00000, 0x0000000086c00000, 0x0000000086d00000|  0%| F|  |TAMS 0x0000000086c00000, 0x0000000086c00000| Untracked 
|  23|0x0000000086d00000, 0x0000000086d00000, 0x0000000086e00000|  0%| F|  |TAMS 0x0000000086d00000, 0x0000000086d00000| Untracked 
|  24|0x0000000086e00000, 0x0000000086e00000, 0x0000000086f00000|  0%| F|  |TAMS 0x0000000086e00000, 0x0000000086e00000| Untracked 
|  25|0x0000000086f00000, 0x0000000086f00000, 0x0000000087000000|  0%| F|  |TAMS 0x0000000086f00000, 0x0000000086f00000| Untracked 
|  26|0x0000000087000000, 0x0000000087000000, 0x0000000087100000|  0%| F|  |TAMS 0x0000000087000000, 0x0000000087000000| Untracked 
|  27|0x0000000087100000, 0x0000000087100000, 0x0000000087200000|  0%| F|  |TAMS 0x0000000087100000, 0x0000000087100000| Untracked 
|  28|0x0000000087200000, 0x0000000087200000, 0x0000000087300000|  0%| F|  |TAMS 0x0000000087200000, 0x0000000087200000| Untracked 
|  29|0x0000000087300000, 0x0000000087300000, 0x0000000087400000|  0%| F|  |TAMS 0x0000000087300000, 0x0000000087300000| Untracked 
|  30|0x0000000087400000, 0x0000000087400000, 0x0000000087500000|  0%| F|  |TAMS 0x0000000087400000, 0x0000000087400000| Untracked 
|  31|0x0000000087500000, 0x0000000087500000, 0x0000000087600000|  0%| F|  |TAMS 0x0000000087500000, 0x0000000087500000| Untracked 
|  32|0x0000000087600000, 0x0000000087600000, 0x0000000087700000|  0%| F|  |TAMS 0x0000000087600000, 0x0000000087600000| Untracked 
|  33|0x0000000087700000, 0x0000000087700000, 0x0000000087800000|  0%| F|  |TAMS 0x0000000087700000, 0x0000000087700000| Untracked 
|  34|0x0000000087800000, 0x0000000087800000, 0x0000000087900000|  0%| F|  |TAMS 0x0000000087800000, 0x0000000087800000| Untracked 
|  35|0x0000000087900000, 0x0000000087900000, 0x0000000087a00000|  0%| F|  |TAMS 0x0000000087900000, 0x0000000087900000| Untracked 
|  36|0x0000000087a00000, 0x0000000087a00000, 0x0000000087b00000|  0%| F|  |TAMS 0x0000000087a00000, 0x0000000087a00000| Untracked 
|  37|0x0000000087b00000, 0x0000000087b00000, 0x0000000087c00000|  0%| F|  |TAMS 0x0000000087b00000, 0x0000000087b00000| Untracked 
|  38|0x0000000087c00000, 0x0000000087c00000, 0x0000000087d00000|  0%| F|  |TAMS 0x0000000087c00000, 0x0000000087c00000| Untracked 
|  39|0x0000000087d00000, 0x0000000087d00000, 0x0000000087e00000|  0%| F|  |TAMS 0x0000000087d00000, 0x0000000087d00000| Untracked 
|  40|0x0000000087e00000, 0x0000000087e00000, 0x0000000087f00000|  0%| F|  |TAMS 0x0000000087e00000, 0x0000000087e00000| Untracked 
|  41|0x0000000087f00000, 0x0000000087f00000, 0x0000000088000000|  0%| F|  |TAMS 0x0000000087f00000, 0x0000000087f00000| Untracked 
|  42|0x0000000088000000, 0x0000000088000000, 0x0000000088100000|  0%| F|  |TAMS 0x0000000088000000, 0x0000000088000000| Untracked 
|  43|0x0000000088100000, 0x0000000088100000, 0x0000000088200000|  0%| F|  |TAMS 0x0000000088100000, 0x0000000088100000| Untracked 
|  44|0x0000000088200000, 0x0000000088200000, 0x0000000088300000|  0%| F|  |TAMS 0x0000000088200000, 0x0000000088200000| Untracked 
|  45|0x0000000088300000, 0x0000000088300000, 0x0000000088400000|  0%| F|  |TAMS 0x0000000088300000, 0x0000000088300000| Untracked 
|  46|0x0000000088400000, 0x0000000088400000, 0x0000000088500000|  0%| F|  |TAMS 0x0000000088400000, 0x0000000088400000| Untracked 
|  47|0x0000000088500000, 0x0000000088500000, 0x0000000088600000|  0%| F|  |TAMS 0x0000000088500000, 0x0000000088500000| Untracked 
|  48|0x0000000088600000, 0x0000000088600000, 0x0000000088700000|  0%| F|  |TAMS 0x0000000088600000, 0x0000000088600000| Untracked 
|  49|0x0000000088700000, 0x0000000088700000, 0x0000000088800000|  0%| F|  |TAMS 0x0000000088700000, 0x0000000088700000| Untracked 
|  50|0x0000000088800000, 0x0000000088800000, 0x0000000088900000|  0%| F|  |TAMS 0x0000000088800000, 0x0000000088800000| Untracked 
|  51|0x0000000088900000, 0x0000000088900000, 0x0000000088a00000|  0%| F|  |TAMS 0x0000000088900000, 0x0000000088900000| Untracked 
|  52|0x0000000088a00000, 0x0000000088a00000, 0x0000000088b00000|  0%| F|  |TAMS 0x0000000088a00000, 0x0000000088a00000| Untracked 
|  53|0x0000000088b00000, 0x0000000088b00000, 0x0000000088c00000|  0%| F|  |TAMS 0x0000000088b00000, 0x0000000088b00000| Untracked 
|  54|0x0000000088c00000, 0x0000000088c00000, 0x0000000088d00000|  0%| F|  |TAMS 0x0000000088c00000, 0x0000000088c00000| Untracked 
|  55|0x0000000088d00000, 0x0000000088d00000, 0x0000000088e00000|  0%| F|  |TAMS 0x0000000088d00000, 0x0000000088d00000| Untracked 
|  56|0x0000000088e00000, 0x0000000088e00000, 0x0000000088f00000|  0%| F|  |TAMS 0x0000000088e00000, 0x0000000088e00000| Untracked 
|  57|0x0000000088f00000, 0x0000000088f00000, 0x0000000089000000|  0%| F|  |TAMS 0x0000000088f00000, 0x0000000088f00000| Untracked 
|  58|0x0000000089000000, 0x0000000089000000, 0x0000000089100000|  0%| F|  |TAMS 0x0000000089000000, 0x0000000089000000| Untracked 
|  59|0x0000000089100000, 0x0000000089100000, 0x0000000089200000|  0%| F|  |TAMS 0x0000000089100000, 0x0000000089100000| Untracked 
|  60|0x0000000089200000, 0x0000000089200000, 0x0000000089300000|  0%| F|  |TAMS 0x0000000089200000, 0x0000000089200000| Untracked 
|  61|0x0000000089300000, 0x0000000089300000, 0x0000000089400000|  0%| F|  |TAMS 0x0000000089300000, 0x0000000089300000| Untracked 
|  62|0x0000000089400000, 0x0000000089400000, 0x0000000089500000|  0%| F|  |TAMS 0x0000000089400000, 0x0000000089400000| Untracked 
|  63|0x0000000089500000, 0x0000000089500000, 0x0000000089600000|  0%| F|  |TAMS 0x0000000089500000, 0x0000000089500000| Untracked 
|  64|0x0000000089600000, 0x0000000089600000, 0x0000000089700000|  0%| F|  |TAMS 0x0000000089600000, 0x0000000089600000| Untracked 
|  65|0x0000000089700000, 0x0000000089700000, 0x0000000089800000|  0%| F|  |TAMS 0x0000000089700000, 0x0000000089700000| Untracked 
|  66|0x0000000089800000, 0x0000000089800000, 0x0000000089900000|  0%| F|  |TAMS 0x0000000089800000, 0x0000000089800000| Untracked 
|  67|0x0000000089900000, 0x0000000089900000, 0x0000000089a00000|  0%| F|  |TAMS 0x0000000089900000, 0x0000000089900000| Untracked 
|  68|0x0000000089a00000, 0x0000000089a00000, 0x0000000089b00000|  0%| F|  |TAMS 0x0000000089a00000, 0x0000000089a00000| Untracked 
|  69|0x0000000089b00000, 0x0000000089b00000, 0x0000000089c00000|  0%| F|  |TAMS 0x0000000089b00000, 0x0000000089b00000| Untracked 
|  70|0x0000000089c00000, 0x0000000089c00000, 0x0000000089d00000|  0%| F|  |TAMS 0x0000000089c00000, 0x0000000089c00000| Untracked 
|  71|0x0000000089d00000, 0x0000000089d00000, 0x0000000089e00000|  0%| F|  |TAMS 0x0000000089d00000, 0x0000000089d00000| Untracked 
|  72|0x0000000089e00000, 0x0000000089e00000, 0x0000000089f00000|  0%| F|  |TAMS 0x0000000089e00000, 0x0000000089e00000| Untracked 
|  73|0x0000000089f00000, 0x0000000089f00000, 0x000000008a000000|  0%| F|  |TAMS 0x0000000089f00000, 0x0000000089f00000| Untracked 
|  74|0x000000008a000000, 0x000000008a000000, 0x000000008a100000|  0%| F|  |TAMS 0x000000008a000000, 0x000000008a000000| Untracked 
|  75|0x000000008a100000, 0x000000008a100000, 0x000000008a200000|  0%| F|  |TAMS 0x000000008a100000, 0x000000008a100000| Untracked 
|  76|0x000000008a200000, 0x000000008a200000, 0x000000008a300000|  0%| F|  |TAMS 0x000000008a200000, 0x000000008a200000| Untracked 
|  77|0x000000008a300000, 0x000000008a300000, 0x000000008a400000|  0%| F|  |TAMS 0x000000008a300000, 0x000000008a300000| Untracked 
|  78|0x000000008a400000, 0x000000008a400000, 0x000000008a500000|  0%| F|  |TAMS 0x000000008a400000, 0x000000008a400000| Untracked 
|  79|0x000000008a500000, 0x000000008a500000, 0x000000008a600000|  0%| F|  |TAMS 0x000000008a500000, 0x000000008a500000| Untracked 
|  80|0x000000008a600000, 0x000000008a600000, 0x000000008a700000|  0%| F|  |TAMS 0x000000008a600000, 0x000000008a600000| Untracked 
|  81|0x000000008a700000, 0x000000008a700000, 0x000000008a800000|  0%| F|  |TAMS 0x000000008a700000, 0x000000008a700000| Untracked 
|  82|0x000000008a800000, 0x000000008a800000, 0x000000008a900000|  0%| F|  |TAMS 0x000000008a800000, 0x000000008a800000| Untracked 
|  83|0x000000008a900000, 0x000000008a900000, 0x000000008aa00000|  0%| F|  |TAMS 0x000000008a900000, 0x000000008a900000| Untracked 
|  84|0x000000008aa00000, 0x000000008aa00000, 0x000000008ab00000|  0%| F|  |TAMS 0x000000008aa00000, 0x000000008aa00000| Untracked 
|  85|0x000000008ab00000, 0x000000008ab00000, 0x000000008ac00000|  0%| F|  |TAMS 0x000000008ab00000, 0x000000008ab00000| Untracked 
|  86|0x000000008ac00000, 0x000000008ac00000, 0x000000008ad00000|  0%| F|  |TAMS 0x000000008ac00000, 0x000000008ac00000| Untracked 
|  87|0x000000008ad00000, 0x000000008ad00000, 0x000000008ae00000|  0%| F|  |TAMS 0x000000008ad00000, 0x000000008ad00000| Untracked 
|  88|0x000000008ae00000, 0x000000008ae00000, 0x000000008af00000|  0%| F|  |TAMS 0x000000008ae00000, 0x000000008ae00000| Untracked 
|  89|0x000000008af00000, 0x000000008af00000, 0x000000008b000000|  0%| F|  |TAMS 0x000000008af00000, 0x000000008af00000| Untracked 
|  90|0x000000008b000000, 0x000000008b000000, 0x000000008b100000|  0%| F|  |TAMS 0x000000008b000000, 0x000000008b000000| Untracked 
|  91|0x000000008b100000, 0x000000008b100000, 0x000000008b200000|  0%| F|  |TAMS 0x000000008b100000, 0x000000008b100000| Untracked 
|  92|0x000000008b200000, 0x000000008b200000, 0x000000008b300000|  0%| F|  |TAMS 0x000000008b200000, 0x000000008b200000| Untracked 
|  93|0x000000008b300000, 0x000000008b300000, 0x000000008b400000|  0%| F|  |TAMS 0x000000008b300000, 0x000000008b300000| Untracked 
|  94|0x000000008b400000, 0x000000008b400000, 0x000000008b500000|  0%| F|  |TAMS 0x000000008b400000, 0x000000008b400000| Untracked 
|  95|0x000000008b500000, 0x000000008b500000, 0x000000008b600000|  0%| F|  |TAMS 0x000000008b500000, 0x000000008b500000| Untracked 
|  96|0x000000008b600000, 0x000000008b600000, 0x000000008b700000|  0%| F|  |TAMS 0x000000008b600000, 0x000000008b600000| Untracked 
|  97|0x000000008b700000, 0x000000008b700000, 0x000000008b800000|  0%| F|  |TAMS 0x000000008b700000, 0x000000008b700000| Untracked 
|  98|0x000000008b800000, 0x000000008b800000, 0x000000008b900000|  0%| F|  |TAMS 0x000000008b800000, 0x000000008b800000| Untracked 
|  99|0x000000008b900000, 0x000000008b900000, 0x000000008ba00000|  0%| F|  |TAMS 0x000000008b900000, 0x000000008b900000| Untracked 
| 100|0x000000008ba00000, 0x000000008ba00000, 0x000000008bb00000|  0%| F|  |TAMS 0x000000008ba00000, 0x000000008ba00000| Untracked 
| 101|0x000000008bb00000, 0x000000008bb00000, 0x000000008bc00000|  0%| F|  |TAMS 0x000000008bb00000, 0x000000008bb00000| Untracked 
| 102|0x000000008bc00000, 0x000000008bc00000, 0x000000008bd00000|  0%| F|  |TAMS 0x000000008bc00000, 0x000000008bc00000| Untracked 
| 103|0x000000008bd00000, 0x000000008bd00000, 0x000000008be00000|  0%| F|  |TAMS 0x000000008bd00000, 0x000000008bd00000| Untracked 
| 104|0x000000008be00000, 0x000000008be00000, 0x000000008bf00000|  0%| F|  |TAMS 0x000000008be00000, 0x000000008be00000| Untracked 
| 105|0x000000008bf00000, 0x000000008bf00000, 0x000000008c000000|  0%| F|  |TAMS 0x000000008bf00000, 0x000000008bf00000| Untracked 
| 106|0x000000008c000000, 0x000000008c000000, 0x000000008c100000|  0%| F|  |TAMS 0x000000008c000000, 0x000000008c000000| Untracked 
| 107|0x000000008c100000, 0x000000008c100000, 0x000000008c200000|  0%| F|  |TAMS 0x000000008c100000, 0x000000008c100000| Untracked 
| 108|0x000000008c200000, 0x000000008c200000, 0x000000008c300000|  0%| F|  |TAMS 0x000000008c200000, 0x000000008c200000| Untracked 
| 109|0x000000008c300000, 0x000000008c400000, 0x000000008c400000|100%| S|CS|TAMS 0x000000008c300000, 0x000000008c300000| Complete 
| 110|0x000000008c400000, 0x000000008c500000, 0x000000008c500000|100%| S|CS|TAMS 0x000000008c400000, 0x000000008c400000| Complete 
| 111|0x000000008c500000, 0x000000008c500000, 0x000000008c600000|  0%| F|  |TAMS 0x000000008c500000, 0x000000008c500000| Untracked 
| 112|0x000000008c600000, 0x000000008c600000, 0x000000008c700000|  0%| F|  |TAMS 0x000000008c600000, 0x000000008c600000| Untracked 
| 113|0x000000008c700000, 0x000000008c700000, 0x000000008c800000|  0%| F|  |TAMS 0x000000008c700000, 0x000000008c700000| Untracked 
| 114|0x000000008c800000, 0x000000008c800000, 0x000000008c900000|  0%| F|  |TAMS 0x000000008c800000, 0x000000008c800000| Untracked 
| 115|0x000000008c900000, 0x000000008c900000, 0x000000008ca00000|  0%| F|  |TAMS 0x000000008c900000, 0x000000008c900000| Untracked 
| 116|0x000000008ca00000, 0x000000008ca00000, 0x000000008cb00000|  0%| F|  |TAMS 0x000000008ca00000, 0x000000008ca00000| Untracked 
| 117|0x000000008cb00000, 0x000000008cb00000, 0x000000008cc00000|  0%| F|  |TAMS 0x000000008cb00000, 0x000000008cb00000| Untracked 
| 118|0x000000008cc00000, 0x000000008cc00000, 0x000000008cd00000|  0%| F|  |TAMS 0x000000008cc00000, 0x000000008cc00000| Untracked 
| 119|0x000000008cd00000, 0x000000008cd00000, 0x000000008ce00000|  0%| F|  |TAMS 0x000000008cd00000, 0x000000008cd00000| Untracked 
| 120|0x000000008ce00000, 0x000000008ce00000, 0x000000008cf00000|  0%| F|  |TAMS 0x000000008ce00000, 0x000000008ce00000| Untracked 
| 121|0x000000008cf00000, 0x000000008cf00000, 0x000000008d000000|  0%| F|  |TAMS 0x000000008cf00000, 0x000000008cf00000| Untracked 
| 122|0x000000008d000000, 0x000000008d000000, 0x000000008d100000|  0%| F|  |TAMS 0x000000008d000000, 0x000000008d000000| Untracked 
| 123|0x000000008d100000, 0x000000008d1fd930, 0x000000008d200000| 99%| E|  |TAMS 0x000000008d100000, 0x000000008d100000| Complete 
|1960|0x00000000ffe00000, 0x00000000ffe76000, 0x00000000fff00000| 46%|OA|  |TAMS 0x00000000ffe00000, 0x00000000ffe00000| Untracked 
|1961|0x00000000fff00000, 0x00000000fff82000, 0x0000000100000000| 50%|CA|  |TAMS 0x00000000fff00000, 0x00000000fff00000| Untracked 

Card table byte_map: [0x00007fe9f567c000,0x00007fe9f5a51000] _byte_map_base: 0x00007fe9f5251000

Marking Bits (Prev, Next): (CMBitMap*) 0x00007fe9f0070960, (CMBitMap*) 0x00007fe9f00709a0
 Prev Bits: [0x00007fe9d7558000, 0x00007fe9d9400000)
 Next Bits: [0x00007fe9d56b0000, 0x00007fe9d7558000)

Polling page: 0x00007fe9f801b000

Metaspace:

Usage:
  Non-class:      4,55 MB used.
      Class:    509,51 KB used.
       Both:      5,05 MB used.

Virtual space:
  Non-class space:       64,00 MB reserved,       4,62 MB (  7%) committed,  1 nodes.
      Class space:        1,00 GB reserved,     576,00 KB ( <1%) committed,  1 nodes.
             Both:        1,06 GB reserved,       5,19 MB ( <1%) committed. 

Chunk freelists:
   Non-Class:  9,94 MB
       Class:  15,25 MB
        Both:  25,19 MB

MaxMetaspaceSize: unlimited
CompressedClassSpaceSize: 1,00 GB
Initial GC threshold: 21,00 MB
Current GC threshold: 21,00 MB
CDS: on
MetaspaceReclaimPolicy: balanced
 - commit_granule_bytes: 65536.
 - commit_granule_words: 8192.
 - virtual_space_node_default_size: 8388608.
 - enlarge_chunks_in_place: 1.
 - new_chunks_are_fully_committed: 0.
 - uncommit_free_chunks: 1.
 - use_allocation_guard: 0.
 - handle_deallocations: 1.


Internal statistics:

num_allocs_failed_limit: 0.
num_arena_births: 18.
num_arena_deaths: 0.
num_vsnodes_births: 2.
num_vsnodes_deaths: 0.
num_space_committed: 83.
num_space_uncommitted: 0.
num_chunks_returned_to_freelist: 0.
num_chunks_taken_from_freelist: 124.
num_chunk_merges: 0.
num_chunk_splits: 82.
num_chunks_enlarged: 63.
num_inconsistent_stats: 0.

CodeHeap 'non-profiled nmethods': size=120032Kb used=231Kb max_used=231Kb free=119800Kb
 bounds [0x00007fe9e0ec8000, 0x00007fe9e1138000, 0x00007fe9e8400000]
CodeHeap 'profiled nmethods': size=120028Kb used=1227Kb max_used=1227Kb free=118800Kb
 bounds [0x00007fe9d9400000, 0x00007fe9d9670000, 0x00007fe9e0937000]
CodeHeap 'non-nmethods': size=5700Kb used=1241Kb max_used=1250Kb free=4458Kb
 bounds [0x00007fe9e0937000, 0x00007fe9e0ba7000, 0x00007fe9e0ec8000]
 total_blobs=1281 nmethods=726 adapters=469
 compilation: enabled
              stopped_count=0, restarted_count=0
 full_count=0

Compilation events (20 events):
Event: 1,673 Thread 0x00007fe9f0120580 nmethod 706 0x00007fe9e0f00f10 code [0x00007fe9e0f010c0, 0x00007fe9e0f01788]
Event: 1,674 Thread 0x00007fe9f0121ab0 nmethod 717 0x00007fe9d952cf90 code [0x00007fe9d952d380, 0x00007fe9d952ec10]
Event: 1,674 Thread 0x00007fe9f0121ab0  719       3       java.util.AbstractList::<init> (10 bytes)
Event: 1,674 Thread 0x00007fe9f0121ab0 nmethod 719 0x00007fe9d952f510 code [0x00007fe9d952f6c0, 0x00007fe9d952f890]
Event: 1,674 Thread 0x00007fe9f0121ab0  718       1       java.lang.invoke.MethodHandles$Lookup::previousLookupClass (5 bytes)
Event: 1,674 Thread 0x00007fe9f0121ab0 nmethod 718 0x00007fe9e0f01b10 code [0x00007fe9e0f01ca0, 0x00007fe9e0f01d70]
Event: 1,679 Thread 0x00007fe9f0121ab0  720       3       sun.invoke.util.VerifyAccess::isClassAccessible (230 bytes)
Event: 1,680 Thread 0x00007fe9f0121ab0 nmethod 720 0x00007fe9d952f990 code [0x00007fe9d952fca0, 0x00007fe9d9530b90]
Event: 1,680 Thread 0x00007fe9f0121ab0  721       3       java.lang.invoke.LambdaForm::forceInterpretation (14 bytes)
Event: 1,681 Thread 0x00007fe9f0121ab0 nmethod 721 0x00007fe9d9530f90 code [0x00007fe9d9531120, 0x00007fe9d9531290]
Event: 1,681 Thread 0x00007fe9f0121ab0  722       3       java.lang.invoke.MethodHandles$Lookup::lookupClassOrNull (17 bytes)
Event: 1,681 Thread 0x00007fe9f0121ab0 nmethod 722 0x00007fe9d9531310 code [0x00007fe9d95314c0, 0x00007fe9d9531650]
Event: 1,681 Thread 0x00007fe9f0121ab0  723       3       java.util.regex.Pattern::peek (26 bytes)
Event: 1,681 Thread 0x00007fe9f0121ab0 nmethod 723 0x00007fe9d9531710 code [0x00007fe9d95318c0, 0x00007fe9d9531b20]
Event: 1,681 Thread 0x00007fe9f0121ab0  724       3       java.lang.invoke.LambdaForm::uncustomize (57 bytes)
Event: 1,682 Thread 0x00007fe9f0121ab0 nmethod 724 0x00007fe9d9531c90 code [0x00007fe9d9531e60, 0x00007fe9d9532180]
Event: 1,693 Thread 0x00007fe9f0121ab0  725       3       jdk.internal.util.ArraysSupport::newLength (27 bytes)
Event: 1,693 Thread 0x00007fe9f0121ab0 nmethod 725 0x00007fe9d9532290 code [0x00007fe9d9532440, 0x00007fe9d95326a0]
Event: 1,693 Thread 0x00007fe9f0121ab0  726       3       java.util.concurrent.ConcurrentHashMap$Node::<init> (14 bytes)
Event: 1,694 Thread 0x00007fe9f0121ab0 nmethod 726 0x00007fe9d9532790 code [0x00007fe9d9532940, 0x00007fe9d9532c30]

GC Heap History (2 events):
Event: 1,566 GC heap before
{Heap before GC invocations=0 (full 0):
 garbage-first heap   total 129024K, used 15328K [0x0000000085600000, 0x0000000100000000)
  region size 1024K, 13 young (13312K), 0 survivors (0K)
 Metaspace       used 4661K, committed 4800K, reserved 1114112K
  class space    used 451K, committed 512K, reserved 1048576K
}
Event: 1,591 GC heap after
{Heap after GC invocations=1 (full 0):
 garbage-first heap   total 129024K, used 5026K [0x0000000085600000, 0x0000000100000000)
  region size 1024K, 2 young (2048K), 2 survivors (2048K)
 Metaspace       used 4661K, committed 4800K, reserved 1114112K
  class space    used 451K, committed 512K, reserved 1048576K
}

Dll operation events (11 events):
Event: 0,012 Loaded shared library /usr/lib/jvm/java-17-openjdk-amd64/lib/libjava.so
Event: 0,049 Loaded shared library /usr/lib/jvm/java-17-openjdk-amd64/lib/libjsvml.so
Event: 0,311 Loaded shared library /usr/lib/jvm/java-17-openjdk-amd64/lib/libzip.so
Event: 0,313 Loaded shared library /usr/lib/jvm/java-17-openjdk-amd64/lib/libinstrument.so
Event: 0,325 Loaded shared library /usr/lib/jvm/java-17-openjdk-amd64/lib/libnio.so
Event: 0,335 Loaded shared library /usr/lib/jvm/java-17-openjdk-amd64/lib/libzip.so
Event: 0,473 Loaded shared library /usr/lib/jvm/java-17-openjdk-amd64/lib/libjimage.so
Event: 0,479 Loaded shared library /usr/lib/jvm/java-17-openjdk-amd64/lib/libnet.so
Event: 0,515 Loaded shared library /usr/lib/jvm/java-17-openjdk-amd64/lib/libextnet.so
Event: 0,705 Loaded shared library /tmp/jffi12184334572515764331.so
Event: 0,797 Loaded shared library /usr/lib/jvm/java-17-openjdk-amd64/lib/libverify.so

Deoptimization events (20 events):
Event: 0,446 Thread 0x00007fe9f0016800 Uncommon trap: trap_request=0xffffff45 fr.pc=0x00007fe9e0ed8028 relative=0x0000000000000188
Event: 0,446 Thread 0x00007fe9f0016800 Uncommon trap: reason=unstable_if action=reinterpret pc=0x00007fe9e0ed8028 method=java.util.zip.ZipFile$Source.isMetaName([BII)Z @ 57 c2
Event: 0,446 Thread 0x00007fe9f0016800 DEOPT PACKING pc=0x00007fe9e0ed8028 sp=0x00007fe9f67fd670
Event: 0,446 Thread 0x00007fe9f0016800 DEOPT UNPACKING pc=0x00007fe9e098d699 sp=0x00007fe9f67fd638 mode 2
Event: 0,597 Thread 0x00007fe9f0016800 Uncommon trap: trap_request=0xffffff45 fr.pc=0x00007fe9e0ed8918 relative=0x0000000000000078
Event: 0,597 Thread 0x00007fe9f0016800 Uncommon trap: reason=unstable_if action=reinterpret pc=0x00007fe9e0ed8918 method=java.lang.String.isLatin1()Z @ 10 c2
Event: 0,597 Thread 0x00007fe9f0016800 DEOPT PACKING pc=0x00007fe9e0ed8918 sp=0x00007fe9f67fa700
Event: 0,597 Thread 0x00007fe9f0016800 DEOPT UNPACKING pc=0x00007fe9e098d699 sp=0x00007fe9f67fa660 mode 2
Event: 0,599 Thread 0x00007fe9f0016800 Uncommon trap: trap_request=0xffffff45 fr.pc=0x00007fe9e0eda5fc relative=0x000000000000005c
Event: 0,599 Thread 0x00007fe9f0016800 Uncommon trap: reason=unstable_if action=reinterpret pc=0x00007fe9e0eda5fc method=java.lang.String.isLatin1()Z @ 10 c2
Event: 0,599 Thread 0x00007fe9f0016800 DEOPT PACKING pc=0x00007fe9e0eda5fc sp=0x00007fe9f67fa650
Event: 0,599 Thread 0x00007fe9f0016800 DEOPT UNPACKING pc=0x00007fe9e098d699 sp=0x00007fe9f67fa600 mode 2
Event: 1,676 Thread 0x00007fe9f0016800 Uncommon trap: trap_request=0xffffff45 fr.pc=0x00007fe9e0ef59a4 relative=0x0000000000001564
Event: 1,676 Thread 0x00007fe9f0016800 Uncommon trap: reason=unstable_if action=reinterpret pc=0x00007fe9e0ef59a4 method=java.util.HashMap.hash(Ljava/lang/Object;)I @ 1 c2
Event: 1,676 Thread 0x00007fe9f0016800 DEOPT PACKING pc=0x00007fe9e0ef59a4 sp=0x00007fe9f67fdd60
Event: 1,676 Thread 0x00007fe9f0016800 DEOPT UNPACKING pc=0x00007fe9e098d699 sp=0x00007fe9f67fdd10 mode 2
Event: 1,676 Thread 0x00007fe9f0016800 Uncommon trap: trap_request=0xffffff45 fr.pc=0x00007fe9e0efa8b8 relative=0x0000000000000098
Event: 1,676 Thread 0x00007fe9f0016800 Uncommon trap: reason=unstable_if action=reinterpret pc=0x00007fe9e0efa8b8 method=java.util.HashMap.hash(Ljava/lang/Object;)I @ 1 c2
Event: 1,676 Thread 0x00007fe9f0016800 DEOPT PACKING pc=0x00007fe9e0efa8b8 sp=0x00007fe9f67fdd50
Event: 1,676 Thread 0x00007fe9f0016800 DEOPT UNPACKING pc=0x00007fe9e098d699 sp=0x00007fe9f67fdd08 mode 2

Classes unloaded (0 events):
No events

Classes redefined (0 events):
No events

Internal exceptions (10 events):
Event: 0,335 Thread 0x00007fe9f0016800 Implicit null exception at 0x00007fe9e0ed22d5 to 0x00007fe9e0ed243c
Event: 0,489 Thread 0x00007fe9f0220cd0 Exception <a 'java/lang/NoSuchMethodError'{0x000000008cfe2b48}: 'java.lang.Object java.lang.invoke.DirectMethodHandle$Holder.invokeStaticInit(java.lang.Object)'> (0x000000008cfe2b48) 
thrown [./src/hotspot/share/interpreter/linkResolver.cpp, line 758]
Event: 0,540 Thread 0x00007fe9f0220cd0 Exception <a 'java/lang/NoSuchMethodError'{0x000000008cff11f0}: 'void java.lang.invoke.DirectMethodHandle$Holder.invokeStatic(java.lang.Object, java.lang.Object)'> (0x000000008cff11f0) 
thrown [./src/hotspot/share/interpreter/linkResolver.cpp, line 758]
Event: 1,139 Thread 0x00007fe9f0016800 Exception <a 'java/lang/UnsatisfiedLinkError'{0x000000008cafc318}: meos: Ne peut ouvrir le fichier d'objet partagé: Aucun fichier ou dossier de ce type> (0x000000008cafc318) 
thrown [./src/hotspot/share/prims/jni.cpp, line 535]
Event: 1,466 Thread 0x00007fe9f0016800 Exception <a 'java/lang/NoSuchMethodError'{0x000000008c6fb870}: 'java.lang.Object java.lang.invoke.DirectMethodHandle$Holder.newInvokeSpecial(java.lang.Object, java.lang.Object, java.lang.Object, java.lang.Object, java.lang.Object)'> (0x000000008c6fb870) 
thrown [./src/hotspot/share/interpreter/linkResolver.cpp, line 758]
Event: 1,595 Thread 0x00007fe9f0016800 Exception <a 'java/lang/UnsatisfiedLinkError'{0x000000008d10de00}: /usr/local/lib/libmeos.so: undefined symbol: intrange_to_intspan> (0x000000008d10de00) 
thrown [./src/hotspot/share/prims/jni.cpp, line 535]
Event: 1,596 Thread 0x00007fe9f0016800 Exception <a 'java/lang/UnsatisfiedLinkError'{0x000000008d10f9e8}: /usr/local/lib/libmeos.so: undefined symbol: floatrange_to_floatspan> (0x000000008d10f9e8) 
thrown [./src/hotspot/share/prims/jni.cpp, line 535]
Event: 1,597 Thread 0x00007fe9f0016800 Exception <a 'java/lang/UnsatisfiedLinkError'{0x000000008d115518}: /usr/local/lib/libmeos.so: undefined symbol: distance_timestamp_timestamp> (0x000000008d115518) 
thrown [./src/hotspot/share/prims/jni.cpp, line 535]
Event: 1,676 Thread 0x00007fe9f0016800 Implicit null exception at 0x00007fe9e0ef4480 to 0x00007fe9e0ef5990
Event: 1,676 Thread 0x00007fe9f0016800 Implicit null exception at 0x00007fe9e0efa82f to 0x00007fe9e0efa8a9

VM Operations (12 events):
Event: 0,233 Executing VM operation: HandshakeAllThreads
Event: 0,233 Executing VM operation: HandshakeAllThreads done
Event: 0,480 Executing VM operation: HandshakeAllThreads
Event: 0,480 Executing VM operation: HandshakeAllThreads done
Event: 0,634 Executing VM operation: HandshakeAllThreads
Event: 0,634 Executing VM operation: HandshakeAllThreads done
Event: 0,774 Executing VM operation: HandshakeAllThreads
Event: 0,774 Executing VM operation: HandshakeAllThreads done
Event: 1,010 Executing VM operation: HandshakeAllThreads
Event: 1,010 Executing VM operation: HandshakeAllThreads done
Event: 1,565 Executing VM operation: G1CollectForAllocation
Event: 1,591 Executing VM operation: G1CollectForAllocation done

Events (20 events):
Event: 1,616 loading class java/util/LinkedList$ListItr
Event: 1,616 loading class java/util/LinkedList$ListItr done
Event: 1,625 loading class sun/misc/Unsafe
Event: 1,625 loading class sun/misc/Unsafe done
Event: 1,656 loading class java/util/Stack
Event: 1,656 loading class java/util/Stack done
Event: 1,677 loading class java/time/OffsetDateTime
Event: 1,678 loading class java/time/OffsetDateTime done
Event: 1,679 loading class java/text/ParsePosition
Event: 1,679 loading class java/text/ParsePosition done
Event: 1,679 loading class java/time/format/DateTimeParseContext
Event: 1,680 loading class java/time/format/DateTimeParseContext done
Event: 1,680 loading class java/time/format/Parsed
Event: 1,680 loading class java/time/format/Parsed done
Event: 1,690 loading class java/time/ZonedDateTime
Event: 1,690 loading class java/time/chrono/ChronoZonedDateTime
Event: 1,690 loading class java/time/chrono/ChronoZonedDateTime done
Event: 1,690 loading class java/time/ZonedDateTime done
Event: 1,691 loading class java/nio/StringCharBuffer
Event: 1,692 loading class java/nio/StringCharBuffer done


Dynamic libraries:
85600000-8d200000 rw-p 00000000 00:00 0 
8d200000-ffe00000 ---p 00000000 00:00 0 
ffe00000-ffe76000 rw-p 00c9d000 08:02 10491600                           /usr/lib/jvm/java-17-openjdk-amd64/lib/server/classes.jsa
ffe76000-fff00000 rw-p 00000000 00:00 0 
fff00000-fff82000 rw-p 00c1b000 08:02 10491600                           /usr/lib/jvm/java-17-openjdk-amd64/lib/server/classes.jsa
fff82000-100000000 rw-p 00000000 00:00 0 
800000000-800458000 rw-p 00001000 08:02 10491600                         /usr/lib/jvm/java-17-openjdk-amd64/lib/server/classes.jsa
800458000-800be2000 r--p 00459000 08:02 10491600                         /usr/lib/jvm/java-17-openjdk-amd64/lib/server/classes.jsa
800be2000-801000000 ---p 00000000 00:00 0 
801000000-801040000 rw-p 00000000 00:00 0 
801040000-801090000 rw-p 00000000 00:00 0 
801090000-841000000 ---p 00000000 00:00 0 
5567ff87a000-5567ff87b000 r--p 00000000 08:02 10485864                   /usr/lib/jvm/java-17-openjdk-amd64/bin/java
5567ff87b000-5567ff87c000 r-xp 00001000 08:02 10485864                   /usr/lib/jvm/java-17-openjdk-amd64/bin/java
5567ff87c000-5567ff87d000 r--p 00002000 08:02 10485864                   /usr/lib/jvm/java-17-openjdk-amd64/bin/java
5567ff87d000-5567ff87e000 r--p 00002000 08:02 10485864                   /usr/lib/jvm/java-17-openjdk-amd64/bin/java
5567ff87e000-5567ff87f000 rw-p 00003000 08:02 10485864                   /usr/lib/jvm/java-17-openjdk-amd64/bin/java
556801563000-5568015ab000 rw-p 00000000 00:00 0                          [heap]
7fe974000000-7fe974021000 rw-p 00000000 00:00 0 
7fe974021000-7fe978000000 ---p 00000000 00:00 0 
7fe978000000-7fe978021000 rw-p 00000000 00:00 0 
7fe978021000-7fe97c000000 ---p 00000000 00:00 0 
7fe97c000000-7fe97c027000 rw-p 00000000 00:00 0 
7fe97c027000-7fe980000000 ---p 00000000 00:00 0 
7fe980000000-7fe980021000 rw-p 00000000 00:00 0 
7fe980021000-7fe984000000 ---p 00000000 00:00 0 
7fe984000000-7fe984021000 rw-p 00000000 00:00 0 
7fe984021000-7fe988000000 ---p 00000000 00:00 0 
7fe988000000-7fe988021000 rw-p 00000000 00:00 0 
7fe988021000-7fe98c000000 ---p 00000000 00:00 0 
7fe98c000000-7fe98c021000 rw-p 00000000 00:00 0 
7fe98c021000-7fe990000000 ---p 00000000 00:00 0 
7fe990000000-7fe990021000 rw-p 00000000 00:00 0 
7fe990021000-7fe994000000 ---p 00000000 00:00 0 
7fe994000000-7fe9943fb000 rw-p 00000000 00:00 0 
7fe9943fb000-7fe998000000 ---p 00000000 00:00 0 
7fe998000000-7fe998021000 rw-p 00000000 00:00 0 
7fe998021000-7fe99c000000 ---p 00000000 00:00 0 
7fe99c000000-7fe99c021000 rw-p 00000000 00:00 0 
7fe99c021000-7fe9a0000000 ---p 00000000 00:00 0 
7fe9a0000000-7fe9a02db000 rw-p 00000000 00:00 0 
7fe9a02db000-7fe9a4000000 ---p 00000000 00:00 0 
7fe9a4000000-7fe9a4021000 rw-p 00000000 00:00 0 
7fe9a4021000-7fe9a8000000 ---p 00000000 00:00 0 
7fe9a8000000-7fe9a8021000 rw-p 00000000 00:00 0 
7fe9a8021000-7fe9ac000000 ---p 00000000 00:00 0 
7fe9ac000000-7fe9ac021000 rw-p 00000000 00:00 0 
7fe9ac021000-7fe9b0000000 ---p 00000000 00:00 0 
7fe9b0000000-7fe9b0021000 rw-p 00000000 00:00 0 
7fe9b0021000-7fe9b4000000 ---p 00000000 00:00 0 
7fe9b4000000-7fe9b4021000 rw-p 00000000 00:00 0 
7fe9b4021000-7fe9b8000000 ---p 00000000 00:00 0 
7fe9b8000000-7fe9b8021000 rw-p 00000000 00:00 0 
7fe9b8021000-7fe9bc000000 ---p 00000000 00:00 0 
7fe9bc000000-7fe9bc290000 rw-p 00000000 00:00 0 
7fe9bc290000-7fe9bc400000 ---p 00000000 00:00 0 
7fe9bc400000-7fe9bc610000 rw-p 00000000 00:00 0 
7fe9bc610000-7fe9c0000000 ---p 00000000 00:00 0 
7fe9c0000000-7fe9c0021000 rw-p 00000000 00:00 0 
7fe9c0021000-7fe9c4000000 ---p 00000000 00:00 0 
7fe9c48f4000-7fe9c48f5000 ---p 00000000 00:00 0 
7fe9c48f5000-7fe9c49f6000 rw-p 00000000 00:00 0 
7fe9c49f6000-7fe9c49f7000 ---p 00000000 00:00 0 
7fe9c49f7000-7fe9c4af8000 rw-p 00000000 00:00 0 
7fe9c4af8000-7fe9c4af9000 ---p 00000000 00:00 0 
7fe9c4af9000-7fe9c4bfa000 rw-p 00000000 00:00 0 
7fe9c4bfa000-7fe9c4c1b000 r--p 00000000 08:02 10356892                   /usr/lib/x86_64-linux-gnu/libkrb5.so.3.3
7fe9c4c1b000-7fe9c4c78000 r-xp 00021000 08:02 10356892                   /usr/lib/x86_64-linux-gnu/libkrb5.so.3.3
7fe9c4c78000-7fe9c4cb5000 r--p 0007e000 08:02 10356892                   /usr/lib/x86_64-linux-gnu/libkrb5.so.3.3
7fe9c4cb5000-7fe9c4cb6000 ---p 000bb000 08:02 10356892                   /usr/lib/x86_64-linux-gnu/libkrb5.so.3.3
7fe9c4cb6000-7fe9c4cc3000 r--p 000bb000 08:02 10356892                   /usr/lib/x86_64-linux-gnu/libkrb5.so.3.3
7fe9c4cc3000-7fe9c4cc5000 rw-p 000c8000 08:02 10356892                   /usr/lib/x86_64-linux-gnu/libkrb5.so.3.3
7fe9c4cc5000-7fe9c4cee000 r--p 00000000 08:02 10356002                   /usr/lib/x86_64-linux-gnu/libp11-kit.so.0.3.0
7fe9c4cee000-7fe9c4d92000 r-xp 00029000 08:02 10356002                   /usr/lib/x86_64-linux-gnu/libp11-kit.so.0.3.0
7fe9c4d92000-7fe9c4dec000 r--p 000cd000 08:02 10356002                   /usr/lib/x86_64-linux-gnu/libp11-kit.so.0.3.0
7fe9c4dec000-7fe9c4df6000 r--p 00126000 08:02 10356002                   /usr/lib/x86_64-linux-gnu/libp11-kit.so.0.3.0
7fe9c4df6000-7fe9c4e00000 rw-p 00130000 08:02 10356002                   /usr/lib/x86_64-linux-gnu/libp11-kit.so.0.3.0
7fe9c4e00000-7fe9c4eb2000 r--p 00000000 08:02 10357909                   /usr/lib/x86_64-linux-gnu/libcrypto.so.3
7fe9c4eb2000-7fe9c5110000 r-xp 000b2000 08:02 10357909                   /usr/lib/x86_64-linux-gnu/libcrypto.so.3
7fe9c5110000-7fe9c51e2000 r--p 00310000 08:02 10357909                   /usr/lib/x86_64-linux-gnu/libcrypto.so.3
7fe9c51e2000-7fe9c523d000 r--p 003e1000 08:02 10357909                   /usr/lib/x86_64-linux-gnu/libcrypto.so.3
7fe9c523d000-7fe9c5240000 rw-p 0043c000 08:02 10357909                   /usr/lib/x86_64-linux-gnu/libcrypto.so.3
7fe9c5240000-7fe9c5243000 rw-p 00000000 00:00 0 
7fe9c52da000-7fe9c52dd000 r--p 00000000 08:02 10365379                   /usr/lib/x86_64-linux-gnu/libresolv.so.2
7fe9c52dd000-7fe9c52e7000 r-xp 00003000 08:02 10365379                   /usr/lib/x86_64-linux-gnu/libresolv.so.2
7fe9c52e7000-7fe9c52ea000 r--p 0000d000 08:02 10365379                   /usr/lib/x86_64-linux-gnu/libresolv.so.2
7fe9c52ea000-7fe9c52eb000 r--p 0000f000 08:02 10365379                   /usr/lib/x86_64-linux-gnu/libresolv.so.2
7fe9c52eb000-7fe9c52ec000 rw-p 00010000 08:02 10365379                   /usr/lib/x86_64-linux-gnu/libresolv.so.2
7fe9c52ec000-7fe9c52ee000 rw-p 00000000 00:00 0 
7fe9c52ee000-7fe9c52f8000 r--p 00000000 08:02 10357741                   /usr/lib/x86_64-linux-gnu/libgmp.so.10.4.1
7fe9c52f8000-7fe9c5357000 r-xp 0000a000 08:02 10357741                   /usr/lib/x86_64-linux-gnu/libgmp.so.10.4.1
7fe9c5357000-7fe9c536e000 r--p 00069000 08:02 10357741                   /usr/lib/x86_64-linux-gnu/libgmp.so.10.4.1
7fe9c536e000-7fe9c536f000 r--p 0007f000 08:02 10357741                   /usr/lib/x86_64-linux-gnu/libgmp.so.10.4.1
7fe9c536f000-7fe9c5370000 rw-p 00080000 08:02 10357741                   /usr/lib/x86_64-linux-gnu/libgmp.so.10.4.1
7fe9c5370000-7fe9c5378000 r--p 00000000 08:02 10360657                   /usr/lib/x86_64-linux-gnu/libhogweed.so.6.4
7fe9c5378000-7fe9c538b000 r-xp 00008000 08:02 10360657                   /usr/lib/x86_64-linux-gnu/libhogweed.so.6.4
7fe9c538b000-7fe9c53b5000 r--p 0001b000 08:02 10360657                   /usr/lib/x86_64-linux-gnu/libhogweed.so.6.4
7fe9c53b5000-7fe9c53b6000 ---p 00045000 08:02 10360657                   /usr/lib/x86_64-linux-gnu/libhogweed.so.6.4
7fe9c53b6000-7fe9c53b7000 r--p 00045000 08:02 10360657                   /usr/lib/x86_64-linux-gnu/libhogweed.so.6.4
7fe9c53b7000-7fe9c53b8000 rw-p 00046000 08:02 10360657                   /usr/lib/x86_64-linux-gnu/libhogweed.so.6.4
7fe9c53b8000-7fe9c53c9000 r--p 00000000 08:02 10360661                   /usr/lib/x86_64-linux-gnu/libunistring.so.2.2.0
7fe9c53c9000-7fe9c53ff000 r-xp 00011000 08:02 10360661                   /usr/lib/x86_64-linux-gnu/libunistring.so.2.2.0
7fe9c53ff000-7fe9c555d000 r--p 00047000 08:02 10360661                   /usr/lib/x86_64-linux-gnu/libunistring.so.2.2.0
7fe9c555d000-7fe9c5561000 r--p 001a5000 08:02 10360661                   /usr/lib/x86_64-linux-gnu/libunistring.so.2.2.0
7fe9c5561000-7fe9c5562000 rw-p 001a9000 08:02 10360661                   /usr/lib/x86_64-linux-gnu/libunistring.so.2.2.0
7fe9c5562000-7fe9c5570000 r--p 00000000 08:02 10362052                   /usr/lib/x86_64-linux-gnu/libldap-2.5.so.0.1.9
7fe9c5570000-7fe9c55aa000 r-xp 0000e000 08:02 10362052                   /usr/lib/x86_64-linux-gnu/libldap-2.5.so.0.1.9
7fe9c55aa000-7fe9c55bb000 r--p 00048000 08:02 10362052                   /usr/lib/x86_64-linux-gnu/libldap-2.5.so.0.1.9
7fe9c55bb000-7fe9c55bc000 ---p 00059000 08:02 10362052                   /usr/lib/x86_64-linux-gnu/libldap-2.5.so.0.1.9
7fe9c55bc000-7fe9c55be000 r--p 00059000 08:02 10362052                   /usr/lib/x86_64-linux-gnu/libldap-2.5.so.0.1.9
7fe9c55be000-7fe9c55bf000 rw-p 0005b000 08:02 10362052                   /usr/lib/x86_64-linux-gnu/libldap-2.5.so.0.1.9
7fe9c55bf000-7fe9c55c1000 rw-p 00000000 00:00 0 
7fe9c55c1000-7fe9c55cc000 r--p 00000000 08:02 10357451                   /usr/lib/x86_64-linux-gnu/libgssapi_krb5.so.2.2
7fe9c55cc000-7fe9c5604000 r-xp 0000b000 08:02 10357451                   /usr/lib/x86_64-linux-gnu/libgssapi_krb5.so.2.2
7fe9c5604000-7fe9c5610000 r--p 00043000 08:02 10357451                   /usr/lib/x86_64-linux-gnu/libgssapi_krb5.so.2.2
7fe9c5610000-7fe9c5611000 ---p 0004f000 08:02 10357451                   /usr/lib/x86_64-linux-gnu/libgssapi_krb5.so.2.2
7fe9c5611000-7fe9c5613000 r--p 0004f000 08:02 10357451                   /usr/lib/x86_64-linux-gnu/libgssapi_krb5.so.2.2
7fe9c5613000-7fe9c5615000 rw-p 00051000 08:02 10357451                   /usr/lib/x86_64-linux-gnu/libgssapi_krb5.so.2.2
7fe9c5615000-7fe9c5646000 r--p 00000000 08:02 10357230                   /usr/lib/x86_64-linux-gnu/libgnutls.so.30.31.0
7fe9c5646000-7fe9c576f000 r-xp 00031000 08:02 10357230                   /usr/lib/x86_64-linux-gnu/libgnutls.so.30.31.0
7fe9c576f000-7fe9c57ec000 r--p 0015a000 08:02 10357230                   /usr/lib/x86_64-linux-gnu/libgnutls.so.30.31.0
7fe9c57ec000-7fe9c57fc000 r--p 001d6000 08:02 10357230                   /usr/lib/x86_64-linux-gnu/libgnutls.so.30.31.0
7fe9c57fc000-7fe9c57fe000 rw-p 001e6000 08:02 10357230                   /usr/lib/x86_64-linux-gnu/libgnutls.so.30.31.0
7fe9c57fe000-7fe9c5800000 rw-p 00000000 00:00 0 
7fe9c5800000-7fe9c585b000 r--p 00000000 08:02 10360429                   /usr/lib/x86_64-linux-gnu/libgsl.so.27.0.0
7fe9c585b000-7fe9c5a32000 r-xp 0005b000 08:02 10360429                   /usr/lib/x86_64-linux-gnu/libgsl.so.27.0.0
7fe9c5a32000-7fe9c5aab000 r--p 00232000 08:02 10360429                   /usr/lib/x86_64-linux-gnu/libgsl.so.27.0.0
7fe9c5aab000-7fe9c5aac000 ---p 002ab000 08:02 10360429                   /usr/lib/x86_64-linux-gnu/libgsl.so.27.0.0
7fe9c5aac000-7fe9c5ab0000 r--p 002ab000 08:02 10360429                   /usr/lib/x86_64-linux-gnu/libgsl.so.27.0.0
7fe9c5ab0000-7fe9c5abe000 rw-p 002af000 08:02 10360429                   /usr/lib/x86_64-linux-gnu/libgsl.so.27.0.0
7fe9c5abe000-7fe9c5abf000 rw-p 00000000 00:00 0 
7fe9c5ac8000-7fe9c5ac9000 r--p 00000000 08:02 10355681                   /usr/lib/x86_64-linux-gnu/libbrotlicommon.so.1.0.9
7fe9c5ac9000-7fe9c5aca000 r-xp 00001000 08:02 10355681                   /usr/lib/x86_64-linux-gnu/libbrotlicommon.so.1.0.9
7fe9c5aca000-7fe9c5ae9000 r--p 00002000 08:02 10355681                   /usr/lib/x86_64-linux-gnu/libbrotlicommon.so.1.0.9
7fe9c5ae9000-7fe9c5aea000 r--p 00020000 08:02 10355681                   /usr/lib/x86_64-linux-gnu/libbrotlicommon.so.1.0.9
7fe9c5aea000-7fe9c5aeb000 rw-p 00021000 08:02 10355681                   /usr/lib/x86_64-linux-gnu/libbrotlicommon.so.1.0.9
7fe9c5aeb000-7fe9c5af5000 r--p 00000000 08:02 10355057                   /usr/lib/x86_64-linux-gnu/libnettle.so.8.4
7fe9c5af5000-7fe9c5b18000 r-xp 0000a000 08:02 10355057                   /usr/lib/x86_64-linux-gnu/libnettle.so.8.4
7fe9c5b18000-7fe9c5b2e000 r--p 0002d000 08:02 10355057                   /usr/lib/x86_64-linux-gnu/libnettle.so.8.4
7fe9c5b2e000-7fe9c5b30000 r--p 00042000 08:02 10355057                   /usr/lib/x86_64-linux-gnu/libnettle.so.8.4
7fe9c5b30000-7fe9c5b31000 rw-p 00044000 08:02 10355057                   /usr/lib/x86_64-linux-gnu/libnettle.so.8.4
7fe9c5b31000-7fe9c5b3b000 r--p 00000000 08:02 10354868                   /usr/lib/x86_64-linux-gnu/libzstd.so.1.4.8
7fe9c5b3b000-7fe9c5bed000 r-xp 0000a000 08:02 10354868                   /usr/lib/x86_64-linux-gnu/libzstd.so.1.4.8
7fe9c5bed000-7fe9c5bfe000 r--p 000bc000 08:02 10354868                   /usr/lib/x86_64-linux-gnu/libzstd.so.1.4.8
7fe9c5bfe000-7fe9c5bff000 r--p 000cc000 08:02 10354868                   /usr/lib/x86_64-linux-gnu/libzstd.so.1.4.8
7fe9c5bff000-7fe9c5c00000 rw-p 000cd000 08:02 10354868                   /usr/lib/x86_64-linux-gnu/libzstd.so.1.4.8
7fe9c5c00000-7fe9c5c68000 r--p 00000000 08:02 10358220                   /usr/lib/x86_64-linux-gnu/libproj.so.22.2.1
7fe9c5c68000-7fe9c5eb7000 r-xp 00068000 08:02 10358220                   /usr/lib/x86_64-linux-gnu/libproj.so.22.2.1
7fe9c5eb7000-7fe9c5f4c000 r--p 002b7000 08:02 10358220                   /usr/lib/x86_64-linux-gnu/libproj.so.22.2.1
7fe9c5f4c000-7fe9c5f4d000 ---p 0034c000 08:02 10358220                   /usr/lib/x86_64-linux-gnu/libproj.so.22.2.1
7fe9c5f4d000-7fe9c5f64000 r--p 0034c000 08:02 10358220                   /usr/lib/x86_64-linux-gnu/libproj.so.22.2.1
7fe9c5f64000-7fe9c5f66000 rw-p 00363000 08:02 10358220                   /usr/lib/x86_64-linux-gnu/libproj.so.22.2.1
7fe9c5f66000-7fe9c5f69000 rw-p 00000000 00:00 0 
7fe9c5f6a000-7fe9c5f6d000 r--p 00000000 08:02 10356794                   /usr/lib/x86_64-linux-gnu/libsasl2.so.2.0.25
7fe9c5f6d000-7fe9c5f7e000 r-xp 00003000 08:02 10356794                   /usr/lib/x86_64-linux-gnu/libsasl2.so.2.0.25
7fe9c5f7e000-7fe9c5f83000 r--p 00014000 08:02 10356794                   /usr/lib/x86_64-linux-gnu/libsasl2.so.2.0.25
7fe9c5f83000-7fe9c5f84000 r--p 00018000 08:02 10356794                   /usr/lib/x86_64-linux-gnu/libsasl2.so.2.0.25
7fe9c5f84000-7fe9c5f85000 rw-p 00019000 08:02 10356794                   /usr/lib/x86_64-linux-gnu/libsasl2.so.2.0.25
7fe9c5f85000-7fe9c5f88000 r--p 00000000 08:02 10355637                   /usr/lib/x86_64-linux-gnu/libkrb5support.so.0.1
7fe9c5f88000-7fe9c5f8e000 r-xp 00003000 08:02 10355637                   /usr/lib/x86_64-linux-gnu/libkrb5support.so.0.1
7fe9c5f8e000-7fe9c5f90000 r--p 00009000 08:02 10355637                   /usr/lib/x86_64-linux-gnu/libkrb5support.so.0.1
7fe9c5f90000-7fe9c5f91000 ---p 0000b000 08:02 10355637                   /usr/lib/x86_64-linux-gnu/libkrb5support.so.0.1
7fe9c5f91000-7fe9c5f92000 r--p 0000b000 08:02 10355637                   /usr/lib/x86_64-linux-gnu/libkrb5support.so.0.1
7fe9c5f92000-7fe9c5f93000 rw-p 0000c000 08:02 10355637                   /usr/lib/x86_64-linux-gnu/libkrb5support.so.0.1
7fe9c5f93000-7fe9c5fa0000 r--p 00000000 08:02 10355513                   /usr/lib/x86_64-linux-gnu/libssh.so.4.8.7
7fe9c5fa0000-7fe9c5fe3000 r-xp 0000d000 08:02 10355513                   /usr/lib/x86_64-linux-gnu/libssh.so.4.8.7
7fe9c5fe3000-7fe9c5ffb000 r--p 00050000 08:02 10355513                   /usr/lib/x86_64-linux-gnu/libssh.so.4.8.7
7fe9c5ffb000-7fe9c5ffc000 ---p 00068000 08:02 10355513                   /usr/lib/x86_64-linux-gnu/libssh.so.4.8.7
7fe9c5ffc000-7fe9c5ffe000 r--p 00068000 08:02 10355513                   /usr/lib/x86_64-linux-gnu/libssh.so.4.8.7
7fe9c5ffe000-7fe9c6000000 rw-p 0006a000 08:02 10355513                   /usr/lib/x86_64-linux-gnu/libssh.so.4.8.7
7fe9c6000000-7fe9c8000000 rw-p 00000000 00:00 0 
7fe9c8000000-7fe9c8021000 rw-p 00000000 00:00 0 
7fe9c8021000-7fe9cc000000 ---p 00000000 00:00 0 
7fe9cc000000-7fe9cc021000 rw-p 00000000 00:00 0 
7fe9cc021000-7fe9d0000000 ---p 00000000 00:00 0 
7fe9d0000000-7fe9d0021000 rw-p 00000000 00:00 0 
7fe9d0021000-7fe9d4000000 ---p 00000000 00:00 0 
7fe9d4003000-7fe9d4007000 r--p 00000000 08:02 10357711                   /usr/lib/x86_64-linux-gnu/libk5crypto.so.3.1
7fe9d4007000-7fe9d4022000 r-xp 00004000 08:02 10357711                   /usr/lib/x86_64-linux-gnu/libk5crypto.so.3.1
7fe9d4022000-7fe9d402e000 r--p 0001f000 08:02 10357711                   /usr/lib/x86_64-linux-gnu/libk5crypto.so.3.1
7fe9d402e000-7fe9d402f000 ---p 0002b000 08:02 10357711                   /usr/lib/x86_64-linux-gnu/libk5crypto.so.3.1
7fe9d402f000-7fe9d4030000 r--p 0002b000 08:02 10357711                   /usr/lib/x86_64-linux-gnu/libk5crypto.so.3.1
7fe9d4030000-7fe9d4031000 rw-p 0002c000 08:02 10357711                   /usr/lib/x86_64-linux-gnu/libk5crypto.so.3.1
7fe9d4031000-7fe9d4032000 rw-p 00000000 00:00 0 
7fe9d4032000-7fe9d4036000 r--p 00000000 08:02 10355582                   /usr/lib/x86_64-linux-gnu/libjpeg.so.8.2.2
7fe9d4036000-7fe9d407f000 r-xp 00004000 08:02 10355582                   /usr/lib/x86_64-linux-gnu/libjpeg.so.8.2.2
7fe9d407f000-7fe9d40b1000 r--p 0004d000 08:02 10355582                   /usr/lib/x86_64-linux-gnu/libjpeg.so.8.2.2
7fe9d40b1000-7fe9d40b2000 r--p 0007e000 08:02 10355582                   /usr/lib/x86_64-linux-gnu/libjpeg.so.8.2.2
7fe9d40b2000-7fe9d40b3000 rw-p 0007f000 08:02 10355582                   /usr/lib/x86_64-linux-gnu/libjpeg.so.8.2.2
7fe9d40b3000-7fe9d40d1000 r--p 00000000 08:02 10355997                   /usr/lib/x86_64-linux-gnu/libsqlite3.so.0.8.6
7fe9d40d1000-7fe9d41bd000 r-xp 0001e000 08:02 10355997                   /usr/lib/x86_64-linux-gnu/libsqlite3.so.0.8.6
7fe9d41bd000-7fe9d41f8000 r--p 0010a000 08:02 10355997                   /usr/lib/x86_64-linux-gnu/libsqlite3.so.0.8.6
7fe9d41f8000-7fe9d41fc000 r--p 00144000 08:02 10355997                   /usr/lib/x86_64-linux-gnu/libsqlite3.so.0.8.6
7fe9d41fc000-7fe9d4200000 rw-p 00148000 08:02 10355997                   /usr/lib/x86_64-linux-gnu/libsqlite3.so.0.8.6
7fe9d4200000-7fe9d4278000 r--p 00000000 08:02 10366481                   /usr/lib/x86_64-linux-gnu/libgeos.so.3.10.2
7fe9d4278000-7fe9d43a6000 r-xp 00078000 08:02 10366481                   /usr/lib/x86_64-linux-gnu/libgeos.so.3.10.2
7fe9d43a6000-7fe9d4403000 r--p 001a6000 08:02 10366481                   /usr/lib/x86_64-linux-gnu/libgeos.so.3.10.2
7fe9d4403000-7fe9d440a000 r--p 00202000 08:02 10366481                   /usr/lib/x86_64-linux-gnu/libgeos.so.3.10.2
7fe9d440a000-7fe9d440b000 rw-p 00209000 08:02 10366481                   /usr/lib/x86_64-linux-gnu/libgeos.so.3.10.2
7fe9d440b000-7fe9d440d000 r--p 00000000 08:02 10356728                   /usr/lib/x86_64-linux-gnu/libffi.so.8.1.0
7fe9d440d000-7fe9d4414000 r-xp 00002000 08:02 10356728                   /usr/lib/x86_64-linux-gnu/libffi.so.8.1.0
7fe9d4414000-7fe9d4415000 r--p 00009000 08:02 10356728                   /usr/lib/x86_64-linux-gnu/libffi.so.8.1.0
7fe9d4415000-7fe9d4416000 ---p 0000a000 08:02 10356728                   /usr/lib/x86_64-linux-gnu/libffi.so.8.1.0
7fe9d4416000-7fe9d4417000 r--p 0000a000 08:02 10356728                   /usr/lib/x86_64-linux-gnu/libffi.so.8.1.0
7fe9d4417000-7fe9d4418000 rw-p 0000b000 08:02 10356728                   /usr/lib/x86_64-linux-gnu/libffi.so.8.1.0
7fe9d4418000-7fe9d441b000 r--p 00000000 08:02 10361751                   /usr/lib/x86_64-linux-gnu/libtasn1.so.6.6.2
7fe9d441b000-7fe9d4429000 r-xp 00003000 08:02 10361751                   /usr/lib/x86_64-linux-gnu/libtasn1.so.6.6.2
7fe9d4429000-7fe9d442d000 r--p 00011000 08:02 10361751                   /usr/lib/x86_64-linux-gnu/libtasn1.so.6.6.2
7fe9d442d000-7fe9d442e000 ---p 00015000 08:02 10361751                   /usr/lib/x86_64-linux-gnu/libtasn1.so.6.6.2
7fe9d442e000-7fe9d442f000 r--p 00015000 08:02 10361751                   /usr/lib/x86_64-linux-gnu/libtasn1.so.6.6.2
7fe9d442f000-7fe9d4430000 rw-p 00016000 08:02 10361751                   /usr/lib/x86_64-linux-gnu/libtasn1.so.6.6.2
7fe9d4430000-7fe9d4431000 r--p 00000000 08:02 10355683                   /usr/lib/x86_64-linux-gnu/libbrotlidec.so.1.0.9
7fe9d4431000-7fe9d4439000 r-xp 00001000 08:02 10355683                   /usr/lib/x86_64-linux-gnu/libbrotlidec.so.1.0.9
7fe9d4439000-7fe9d443c000 r--p 00009000 08:02 10355683                   /usr/lib/x86_64-linux-gnu/libbrotlidec.so.1.0.9
7fe9d443c000-7fe9d443d000 r--p 0000b000 08:02 10355683                   /usr/lib/x86_64-linux-gnu/libbrotlidec.so.1.0.9
7fe9d443d000-7fe9d443e000 rw-p 0000c000 08:02 10355683                   /usr/lib/x86_64-linux-gnu/libbrotlidec.so.1.0.9
7fe9d443e000-7fe9d4443000 r--p 00000000 08:02 10355338                   /usr/lib/x86_64-linux-gnu/librtmp.so.1
7fe9d4443000-7fe9d4453000 r-xp 00005000 08:02 10355338                   /usr/lib/x86_64-linux-gnu/librtmp.so.1
7fe9d4453000-7fe9d445a000 r--p 00015000 08:02 10355338                   /usr/lib/x86_64-linux-gnu/librtmp.so.1
7fe9d445a000-7fe9d445b000 ---p 0001c000 08:02 10355338                   /usr/lib/x86_64-linux-gnu/librtmp.so.1
7fe9d445b000-7fe9d445c000 r--p 0001c000 08:02 10355338                   /usr/lib/x86_64-linux-gnu/librtmp.so.1
7fe9d445c000-7fe9d445d000 rw-p 0001d000 08:02 10355338                   /usr/lib/x86_64-linux-gnu/librtmp.so.1
7fe9d445d000-7fe9d445f000 r--p 00000000 08:02 10361325                   /usr/lib/x86_64-linux-gnu/libidn2.so.0.3.7
7fe9d445f000-7fe9d4463000 r-xp 00002000 08:02 10361325                   /usr/lib/x86_64-linux-gnu/libidn2.so.0.3.7
7fe9d4463000-7fe9d447c000 r--p 00006000 08:02 10361325                   /usr/lib/x86_64-linux-gnu/libidn2.so.0.3.7
7fe9d447c000-7fe9d447d000 r--p 0001e000 08:02 10361325                   /usr/lib/x86_64-linux-gnu/libidn2.so.0.3.7
7fe9d447d000-7fe9d447e000 rw-p 0001f000 08:02 10361325                   /usr/lib/x86_64-linux-gnu/libidn2.so.0.3.7
7fe9d447e000-7fe9d44b4000 r--p 00000000 08:02 11142841                   /usr/local/lib/libmeos.so
7fe9d44b4000-7fe9d45a8000 r-xp 00036000 08:02 11142841                   /usr/local/lib/libmeos.so
7fe9d45a8000-7fe9d45f3000 r--p 0012a000 08:02 11142841                   /usr/local/lib/libmeos.so
7fe9d45f3000-7fe9d45f4000 ---p 00175000 08:02 11142841                   /usr/local/lib/libmeos.so
7fe9d45f4000-7fe9d45f5000 r--p 00175000 08:02 11142841                   /usr/local/lib/libmeos.so
7fe9d45f5000-7fe9d45fa000 rw-p 00176000 08:02 11142841                   /usr/local/lib/libmeos.so
7fe9d45fa000-7fe9d4600000 rw-p 00000000 00:00 0 
7fe9d4600000-7fe9d4612000 r-xp 00000000 08:02 1705150                    /tmp/jffi12184334572515764331.so (deleted)
7fe9d4612000-7fe9d4811000 ---p 00012000 08:02 1705150                    /tmp/jffi12184334572515764331.so (deleted)
7fe9d4811000-7fe9d4812000 rw-p 00011000 08:02 1705150                    /tmp/jffi12184334572515764331.so (deleted)
7fe9d4815000-7fe9d4818000 r--p 00000000 08:02 10355303                   /usr/lib/x86_64-linux-gnu/liblber-2.5.so.0.1.9
7fe9d4818000-7fe9d4820000 r-xp 00003000 08:02 10355303                   /usr/lib/x86_64-linux-gnu/liblber-2.5.so.0.1.9
7fe9d4820000-7fe9d4823000 r--p 0000b000 08:02 10355303                   /usr/lib/x86_64-linux-gnu/liblber-2.5.so.0.1.9
7fe9d4823000-7fe9d4824000 ---p 0000e000 08:02 10355303                   /usr/lib/x86_64-linux-gnu/liblber-2.5.so.0.1.9
7fe9d4824000-7fe9d4825000 r--p 0000e000 08:02 10355303                   /usr/lib/x86_64-linux-gnu/liblber-2.5.so.0.1.9
7fe9d4825000-7fe9d4826000 rw-p 0000f000 08:02 10355303                   /usr/lib/x86_64-linux-gnu/liblber-2.5.so.0.1.9
7fe9d4826000-7fe9d482b000 r--p 00000000 08:02 10354889                   /usr/lib/x86_64-linux-gnu/libnghttp2.so.14.20.1
7fe9d482b000-7fe9d4840000 r-xp 00005000 08:02 10354889                   /usr/lib/x86_64-linux-gnu/libnghttp2.so.14.20.1
7fe9d4840000-7fe9d484c000 r--p 0001a000 08:02 10354889                   /usr/lib/x86_64-linux-gnu/libnghttp2.so.14.20.1
7fe9d484c000-7fe9d484f000 r--p 00025000 08:02 10354889                   /usr/lib/x86_64-linux-gnu/libnghttp2.so.14.20.1
7fe9d484f000-7fe9d4850000 rw-p 00028000 08:02 10354889                   /usr/lib/x86_64-linux-gnu/libnghttp2.so.14.20.1
7fe9d4850000-7fe9d4852000 r--p 00000000 08:02 10358223                   /usr/lib/x86_64-linux-gnu/libwebp.so.7.1.3
7fe9d4852000-7fe9d48a7000 r-xp 00002000 08:02 10358223                   /usr/lib/x86_64-linux-gnu/libwebp.so.7.1.3
7fe9d48a7000-7fe9d48b8000 r--p 00057000 08:02 10358223                   /usr/lib/x86_64-linux-gnu/libwebp.so.7.1.3
7fe9d48b8000-7fe9d48b9000 r--p 00067000 08:02 10358223                   /usr/lib/x86_64-linux-gnu/libwebp.so.7.1.3
7fe9d48b9000-7fe9d48ba000 rw-p 00068000 08:02 10358223                   /usr/lib/x86_64-linux-gnu/libwebp.so.7.1.3
7fe9d48ba000-7fe9d48bc000 rw-p 00000000 00:00 0 
7fe9d48bc000-7fe9d48bf000 r--p 00000000 08:02 10360435                   /usr/lib/x86_64-linux-gnu/libgslcblas.so.0.0.0
7fe9d48bf000-7fe9d48f8000 r-xp 00003000 08:02 10360435                   /usr/lib/x86_64-linux-gnu/libgslcblas.so.0.0.0
7fe9d48f8000-7fe9d48fc000 r--p 0003c000 08:02 10360435                   /usr/lib/x86_64-linux-gnu/libgslcblas.so.0.0.0
7fe9d48fc000-7fe9d48fd000 r--p 0003f000 08:02 10360435                   /usr/lib/x86_64-linux-gnu/libgslcblas.so.0.0.0
7fe9d48fd000-7fe9d48fe000 rw-p 00040000 08:02 10360435                   /usr/lib/x86_64-linux-gnu/libgslcblas.so.0.0.0
7fe9d48fe000-7fe9d4902000 ---p 00000000 00:00 0 
7fe9d4902000-7fe9d49fe000 rw-p 00000000 00:00 0 
7fe9d49fe000-7fe9d49ff000 ---p 00000000 00:00 0 
7fe9d49ff000-7fe9d4b00000 rw-p 00000000 00:00 0 
7fe9d4b00000-7fe9d4b04000 ---p 00000000 00:00 0 
7fe9d4b04000-7fe9d4c00000 rw-p 00000000 00:00 0 
7fe9d4c00000-7fe9d4c04000 ---p 00000000 00:00 0 
7fe9d4c04000-7fe9d4d00000 rw-p 00000000 00:00 0 
7fe9d4d00000-7fe9d4d04000 ---p 00000000 00:00 0 
7fe9d4d04000-7fe9d4e00000 rw-p 00000000 00:00 0 
7fe9d4e00000-7fe9d55f0000 r--p 00000000 08:02 10356383                   /usr/lib/locale/locale-archive
7fe9d55f3000-7fe9d55f5000 r--p 00000000 08:02 10357718                   /usr/lib/x86_64-linux-gnu/libkeyutils.so.1.9
7fe9d55f5000-7fe9d55f7000 r-xp 00002000 08:02 10357718                   /usr/lib/x86_64-linux-gnu/libkeyutils.so.1.9
7fe9d55f7000-7fe9d55f8000 r--p 00004000 08:02 10357718                   /usr/lib/x86_64-linux-gnu/libkeyutils.so.1.9
7fe9d55f8000-7fe9d55f9000 r--p 00004000 08:02 10357718                   /usr/lib/x86_64-linux-gnu/libkeyutils.so.1.9
7fe9d55f9000-7fe9d55fa000 rw-p 00005000 08:02 10357718                   /usr/lib/x86_64-linux-gnu/libkeyutils.so.1.9
7fe9d55fa000-7fe9d55fc000 r--p 00000000 08:02 10361503                   /usr/lib/x86_64-linux-gnu/libpsl.so.5.3.2
7fe9d55fc000-7fe9d55fe000 r-xp 00002000 08:02 10361503                   /usr/lib/x86_64-linux-gnu/libpsl.so.5.3.2
7fe9d55fe000-7fe9d560c000 r--p 00004000 08:02 10361503                   /usr/lib/x86_64-linux-gnu/libpsl.so.5.3.2
7fe9d560c000-7fe9d560d000 r--p 00011000 08:02 10361503                   /usr/lib/x86_64-linux-gnu/libpsl.so.5.3.2
7fe9d560d000-7fe9d560e000 rw-p 00012000 08:02 10361503                   /usr/lib/x86_64-linux-gnu/libpsl.so.5.3.2
7fe9d560e000-7fe9d561c000 r--p 00000000 08:02 10355046                   /usr/lib/x86_64-linux-gnu/libcurl-gnutls.so.4.7.0
7fe9d561c000-7fe9d568e000 r-xp 0000e000 08:02 10355046                   /usr/lib/x86_64-linux-gnu/libcurl-gnutls.so.4.7.0
7fe9d568e000-7fe9d56a9000 r--p 00080000 08:02 10355046                   /usr/lib/x86_64-linux-gnu/libcurl-gnutls.so.4.7.0
7fe9d56a9000-7fe9d56ad000 r--p 0009a000 08:02 10355046                   /usr/lib/x86_64-linux-gnu/libcurl-gnutls.so.4.7.0
7fe9d56ad000-7fe9d56af000 rw-p 0009e000 08:02 10355046                   /usr/lib/x86_64-linux-gnu/libcurl-gnutls.so.4.7.0
7fe9d56af000-7fe9d58a0000 rw-p 00000000 00:00 0 
7fe9d58a0000-7fe9d7550000 ---p 00000000 00:00 0 
7fe9d7550000-7fe9d7748000 rw-p 00000000 00:00 0 
7fe9d7748000-7fe9d93f8000 ---p 00000000 00:00 0 
7fe9d93f8000-7fe9d9400000 rw-p 00000000 00:00 0 
7fe9d9400000-7fe9d9670000 rwxp 00000000 00:00 0 
7fe9d9670000-7fe9e0937000 ---p 00000000 00:00 0 
7fe9e0937000-7fe9e0ba7000 rwxp 00000000 00:00 0 
7fe9e0ba7000-7fe9e0ec8000 ---p 00000000 00:00 0 
7fe9e0ec8000-7fe9e1138000 rwxp 00000000 00:00 0 
7fe9e1138000-7fe9e8400000 ---p 00000000 00:00 0 
7fe9e8400000-7fe9efe43000 r--s 00000000 08:02 10491594                   /usr/lib/jvm/java-17-openjdk-amd64/lib/modules
7fe9efe45000-7fe9efe46000 r--p 00000000 08:02 10355584                   /usr/lib/x86_64-linux-gnu/libdeflate.so.0
7fe9efe46000-7fe9efe62000 r-xp 00001000 08:02 10355584                   /usr/lib/x86_64-linux-gnu/libdeflate.so.0
7fe9efe62000-7fe9efe66000 r--p 0001d000 08:02 10355584                   /usr/lib/x86_64-linux-gnu/libdeflate.so.0
7fe9efe66000-7fe9efe67000 ---p 00021000 08:02 10355584                   /usr/lib/x86_64-linux-gnu/libdeflate.so.0
7fe9efe67000-7fe9efe68000 r--p 00021000 08:02 10355584                   /usr/lib/x86_64-linux-gnu/libdeflate.so.0
7fe9efe68000-7fe9efe69000 rw-p 00022000 08:02 10355584                   /usr/lib/x86_64-linux-gnu/libdeflate.so.0
7fe9efe69000-7fe9efe6b000 r--p 00000000 08:02 10355587                   /usr/lib/x86_64-linux-gnu/libjbig.so.0
7fe9efe6b000-7fe9efe74000 r-xp 00002000 08:02 10355587                   /usr/lib/x86_64-linux-gnu/libjbig.so.0
7fe9efe74000-7fe9efe76000 r--p 0000b000 08:02 10355587                   /usr/lib/x86_64-linux-gnu/libjbig.so.0
7fe9efe76000-7fe9efe77000 r--p 0000c000 08:02 10355587                   /usr/lib/x86_64-linux-gnu/libjbig.so.0
7fe9efe77000-7fe9efe7a000 rw-p 0000d000 08:02 10355587                   /usr/lib/x86_64-linux-gnu/libjbig.so.0
7fe9efe7a000-7fe9efe82000 r--p 00000000 08:02 10358811                   /usr/lib/x86_64-linux-gnu/libtiff.so.5.7.0
7fe9efe82000-7fe9efeca000 r-xp 00008000 08:02 10358811                   /usr/lib/x86_64-linux-gnu/libtiff.so.5.7.0
7fe9efeca000-7fe9efefa000 r--p 00050000 08:02 10358811                   /usr/lib/x86_64-linux-gnu/libtiff.so.5.7.0
7fe9efefa000-7fe9efeff000 r--p 0007f000 08:02 10358811                   /usr/lib/x86_64-linux-gnu/libtiff.so.5.7.0
7fe9efeff000-7fe9eff00000 rw-p 00084000 08:02 10358811                   /usr/lib/x86_64-linux-gnu/libtiff.so.5.7.0
7fe9eff00000-7fe9eff04000 ---p 00000000 00:00 0 
7fe9eff04000-7fe9f0000000 rw-p 00000000 00:00 0 
7fe9f0000000-7fe9f04c7000 rw-p 00000000 00:00 0 
7fe9f04c7000-7fe9f4000000 ---p 00000000 00:00 0 
7fe9f4006000-7fe9f4015000 r--p 00000000 08:02 10366483                   /usr/lib/x86_64-linux-gnu/libgeos_c.so.1.16.0
7fe9f4015000-7fe9f4035000 r-xp 0000f000 08:02 10366483                   /usr/lib/x86_64-linux-gnu/libgeos_c.so.1.16.0
7fe9f4035000-7fe9f4042000 r--p 0002f000 08:02 10366483                   /usr/lib/x86_64-linux-gnu/libgeos_c.so.1.16.0
7fe9f4042000-7fe9f4043000 ---p 0003c000 08:02 10366483                   /usr/lib/x86_64-linux-gnu/libgeos_c.so.1.16.0
7fe9f4043000-7fe9f4044000 r--p 0003c000 08:02 10366483                   /usr/lib/x86_64-linux-gnu/libgeos_c.so.1.16.0
7fe9f4044000-7fe9f4045000 rw-p 0003d000 08:02 10366483                   /usr/lib/x86_64-linux-gnu/libgeos_c.so.1.16.0
7fe9f4045000-7fe9f4049000 ---p 00000000 00:00 0 
7fe9f4049000-7fe9f4145000 rw-p 00000000 00:00 0 
7fe9f4145000-7fe9f4149000 ---p 00000000 00:00 0 
7fe9f4149000-7fe9f4245000 rw-p 00000000 00:00 0 
7fe9f4245000-7fe9f4249000 ---p 00000000 00:00 0 
7fe9f4249000-7fe9f4345000 rw-p 00000000 00:00 0 
7fe9f4345000-7fe9f4349000 ---p 00000000 00:00 0 
7fe9f4349000-7fe9f4445000 rw-p 00000000 00:00 0 
7fe9f4445000-7fe9f4449000 ---p 00000000 00:00 0 
7fe9f4449000-7fe9f4545000 rw-p 00000000 00:00 0 
7fe9f4545000-7fe9f4549000 ---p 00000000 00:00 0 
7fe9f4549000-7fe9f4645000 rw-p 00000000 00:00 0 
7fe9f4645000-7fe9f4649000 ---p 00000000 00:00 0 
7fe9f4649000-7fe9f4745000 rw-p 00000000 00:00 0 
7fe9f4745000-7fe9f4746000 ---p 00000000 00:00 0 
7fe9f4746000-7fe9f4847000 rw-p 00000000 00:00 0 
7fe9f4847000-7fe9f484c000 r--p 00000000 08:02 10491564                   /usr/lib/jvm/java-17-openjdk-amd64/lib/libjsvml.so
7fe9f484c000-7fe9f488d000 r-xp 00005000 08:02 10491564                   /usr/lib/jvm/java-17-openjdk-amd64/lib/libjsvml.so
7fe9f488d000-7fe9f4916000 r--p 00046000 08:02 10491564                   /usr/lib/jvm/java-17-openjdk-amd64/lib/libjsvml.so
7fe9f4916000-7fe9f4917000 r--p 000ce000 08:02 10491564                   /usr/lib/jvm/java-17-openjdk-amd64/lib/libjsvml.so
7fe9f4917000-7fe9f4918000 rw-p 000cf000 08:02 10491564                   /usr/lib/jvm/java-17-openjdk-amd64/lib/libjsvml.so
7fe9f4918000-7fe9f4999000 rw-p 00000000 00:00 0 
7fe9f4999000-7fe9f499a000 ---p 00000000 00:00 0 
7fe9f499a000-7fe9f4a9b000 rw-p 00000000 00:00 0 
7fe9f4a9b000-7fe9f4a9c000 ---p 00000000 00:00 0 
7fe9f4a9c000-7fe9f4fa1000 rw-p 00000000 00:00 0 
7fe9f4fa1000-7fe9f4fa2000 ---p 00000000 00:00 0 
7fe9f4fa2000-7fe9f50a3000 rw-p 00000000 00:00 0 
7fe9f50a3000-7fe9f50a4000 ---p 00000000 00:00 0 
7fe9f50a4000-7fe9f51a5000 rw-p 00000000 00:00 0 
7fe9f51a5000-7fe9f51a6000 ---p 00000000 00:00 0 
7fe9f51a6000-7fe9f52e5000 rw-p 00000000 00:00 0 
7fe9f52e5000-7fe9f567b000 ---p 00000000 00:00 0 
7fe9f567b000-7fe9f56ba000 rw-p 00000000 00:00 0 
7fe9f56ba000-7fe9f5a50000 ---p 00000000 00:00 0 
7fe9f5a50000-7fe9f5a8f000 rw-p 00000000 00:00 0 
7fe9f5a8f000-7fe9f5e25000 ---p 00000000 00:00 0 
7fe9f5e25000-7fe9f622f000 rw-p 00000000 00:00 0 
7fe9f622f000-7fe9f6315000 ---p 00000000 00:00 0 
7fe9f6315000-7fe9f631a000 rw-p 00000000 00:00 0 
7fe9f631a000-7fe9f6400000 ---p 00000000 00:00 0 
7fe9f6400000-7fe9f649a000 r--p 00000000 08:02 10354705                   /usr/lib/x86_64-linux-gnu/libstdc++.so.6.0.30
7fe9f649a000-7fe9f65aa000 r-xp 0009a000 08:02 10354705                   /usr/lib/x86_64-linux-gnu/libstdc++.so.6.0.30
7fe9f65aa000-7fe9f6619000 r--p 001aa000 08:02 10354705                   /usr/lib/x86_64-linux-gnu/libstdc++.so.6.0.30
7fe9f6619000-7fe9f6624000 r--p 00218000 08:02 10354705                   /usr/lib/x86_64-linux-gnu/libstdc++.so.6.0.30
7fe9f6624000-7fe9f6627000 rw-p 00223000 08:02 10354705                   /usr/lib/x86_64-linux-gnu/libstdc++.so.6.0.30
7fe9f6627000-7fe9f662a000 rw-p 00000000 00:00 0 
7fe9f662c000-7fe9f662f000 r--p 00000000 08:02 10359160                   /usr/lib/x86_64-linux-gnu/liblzma.so.5.2.5
7fe9f662f000-7fe9f664a000 r-xp 00003000 08:02 10359160                   /usr/lib/x86_64-linux-gnu/liblzma.so.5.2.5
7fe9f664a000-7fe9f6655000 r--p 0001e000 08:02 10359160                   /usr/lib/x86_64-linux-gnu/liblzma.so.5.2.5
7fe9f6655000-7fe9f6656000 r--p 00028000 08:02 10359160                   /usr/lib/x86_64-linux-gnu/liblzma.so.5.2.5
7fe9f6656000-7fe9f6657000 rw-p 00029000 08:02 10359160                   /usr/lib/x86_64-linux-gnu/liblzma.so.5.2.5
7fe9f6657000-7fe9f665b000 r--p 00000000 08:02 10355662                   /usr/lib/x86_64-linux-gnu/libjson-c.so.5.1.0
7fe9f665b000-7fe9f6664000 r-xp 00004000 08:02 10355662                   /usr/lib/x86_64-linux-gnu/libjson-c.so.5.1.0
7fe9f6664000-7fe9f6667000 r--p 0000d000 08:02 10355662                   /usr/lib/x86_64-linux-gnu/libjson-c.so.5.1.0
7fe9f6667000-7fe9f6668000 ---p 00010000 08:02 10355662                   /usr/lib/x86_64-linux-gnu/libjson-c.so.5.1.0
7fe9f6668000-7fe9f6669000 r--p 00010000 08:02 10355662                   /usr/lib/x86_64-linux-gnu/libjson-c.so.5.1.0
7fe9f6669000-7fe9f666a000 rw-p 00011000 08:02 10355662                   /usr/lib/x86_64-linux-gnu/libjson-c.so.5.1.0
7fe9f6680000-7fe9f66a5000 r--p 00000000 08:02 12591460                   /usr/share/locale-langpack/fr/LC_MESSAGES/libc.mo
7fe9f66a5000-7fe9f6700000 rw-p 00000000 00:00 0 
7fe9f6700000-7fe9f6704000 ---p 00000000 00:00 0 
7fe9f6704000-7fe9f6800000 rw-p 00000000 00:00 0 
7fe9f6800000-7fe9f6a50000 r--p 00000000 08:02 10491606                   /usr/lib/jvm/java-17-openjdk-amd64/lib/server/libjvm.so
7fe9f6a50000-7fe9f77d4000 r-xp 00250000 08:02 10491606                   /usr/lib/jvm/java-17-openjdk-amd64/lib/server/libjvm.so
7fe9f77d4000-7fe9f7a57000 r--p 00fd4000 08:02 10491606                   /usr/lib/jvm/java-17-openjdk-amd64/lib/server/libjvm.so
7fe9f7a57000-7fe9f7b0f000 r--p 01256000 08:02 10491606                   /usr/lib/jvm/java-17-openjdk-amd64/lib/server/libjvm.so
7fe9f7b0f000-7fe9f7b44000 rw-p 0130e000 08:02 10491606                   /usr/lib/jvm/java-17-openjdk-amd64/lib/server/libjvm.so
7fe9f7b44000-7fe9f7b9e000 rw-p 00000000 00:00 0 
7fe9f7ba2000-7fe9f7ba4000 r--p 00000000 08:02 10357716                   /usr/lib/x86_64-linux-gnu/libcom_err.so.2.1
7fe9f7ba4000-7fe9f7ba5000 r-xp 00002000 08:02 10357716                   /usr/lib/x86_64-linux-gnu/libcom_err.so.2.1
7fe9f7ba5000-7fe9f7ba6000 r--p 00003000 08:02 10357716                   /usr/lib/x86_64-linux-gnu/libcom_err.so.2.1
7fe9f7ba6000-7fe9f7ba7000 r--p 00003000 08:02 10357716                   /usr/lib/x86_64-linux-gnu/libcom_err.so.2.1
7fe9f7ba7000-7fe9f7ba8000 rw-p 00004000 08:02 10357716                   /usr/lib/x86_64-linux-gnu/libcom_err.so.2.1
7fe9f7ba8000-7fe9f7baf000 r--s 00000000 08:02 11013395                   /usr/lib/x86_64-linux-gnu/gconv/gconv-modules.cache
7fe9f7baf000-7fe9f7bb3000 r--p 00000000 08:02 10491590                   /usr/lib/jvm/java-17-openjdk-amd64/lib/libverify.so
7fe9f7bb3000-7fe9f7bba000 r-xp 00004000 08:02 10491590                   /usr/lib/jvm/java-17-openjdk-amd64/lib/libverify.so
7fe9f7bba000-7fe9f7bbc000 r--p 0000b000 08:02 10491590                   /usr/lib/jvm/java-17-openjdk-amd64/lib/libverify.so
7fe9f7bbc000-7fe9f7bbe000 r--p 0000c000 08:02 10491590                   /usr/lib/jvm/java-17-openjdk-amd64/lib/libverify.so
7fe9f7bbe000-7fe9f7bbf000 rw-p 0000e000 08:02 10491590                   /usr/lib/jvm/java-17-openjdk-amd64/lib/libverify.so
7fe9f7bbf000-7fe9f7c00000 rw-p 00000000 00:00 0 
7fe9f7c00000-7fe9f7c28000 r--p 00000000 08:02 10365356                   /usr/lib/x86_64-linux-gnu/libc.so.6
7fe9f7c28000-7fe9f7dbd000 r-xp 00028000 08:02 10365356                   /usr/lib/x86_64-linux-gnu/libc.so.6
7fe9f7dbd000-7fe9f7e15000 r--p 001bd000 08:02 10365356                   /usr/lib/x86_64-linux-gnu/libc.so.6
7fe9f7e15000-7fe9f7e19000 r--p 00214000 08:02 10365356                   /usr/lib/x86_64-linux-gnu/libc.so.6
7fe9f7e19000-7fe9f7e1b000 rw-p 00218000 08:02 10365356                   /usr/lib/x86_64-linux-gnu/libc.so.6
7fe9f7e1b000-7fe9f7e28000 rw-p 00000000 00:00 0 
7fe9f7e2a000-7fe9f7e2b000 r--p 00000000 08:02 10491501                   /usr/lib/jvm/java-17-openjdk-amd64/lib/libextnet.so
7fe9f7e2b000-7fe9f7e2c000 r-xp 00001000 08:02 10491501                   /usr/lib/jvm/java-17-openjdk-amd64/lib/libextnet.so
7fe9f7e2c000-7fe9f7e2d000 r--p 00002000 08:02 10491501                   /usr/lib/jvm/java-17-openjdk-amd64/lib/libextnet.so
7fe9f7e2d000-7fe9f7e2e000 r--p 00002000 08:02 10491501                   /usr/lib/jvm/java-17-openjdk-amd64/lib/libextnet.so
7fe9f7e2e000-7fe9f7e2f000 rw-p 00003000 08:02 10491501                   /usr/lib/jvm/java-17-openjdk-amd64/lib/libextnet.so
7fe9f7e2f000-7fe9f7e33000 r--p 00000000 08:02 10491576                   /usr/lib/jvm/java-17-openjdk-amd64/lib/libnet.so
7fe9f7e33000-7fe9f7e41000 r-xp 00004000 08:02 10491576                   /usr/lib/jvm/java-17-openjdk-amd64/lib/libnet.so
7fe9f7e41000-7fe9f7e45000 r--p 00012000 08:02 10491576                   /usr/lib/jvm/java-17-openjdk-amd64/lib/libnet.so
7fe9f7e45000-7fe9f7e46000 r--p 00015000 08:02 10491576                   /usr/lib/jvm/java-17-openjdk-amd64/lib/libnet.so
7fe9f7e46000-7fe9f7e47000 rw-p 00016000 08:02 10491576                   /usr/lib/jvm/java-17-openjdk-amd64/lib/libnet.so
7fe9f7e47000-7fe9f7e4d000 r--p 00000000 08:02 10491578                   /usr/lib/jvm/java-17-openjdk-amd64/lib/libnio.so
7fe9f7e4d000-7fe9f7e56000 r-xp 00006000 08:02 10491578                   /usr/lib/jvm/java-17-openjdk-amd64/lib/libnio.so
7fe9f7e56000-7fe9f7e5a000 r--p 0000f000 08:02 10491578                   /usr/lib/jvm/java-17-openjdk-amd64/lib/libnio.so
7fe9f7e5a000-7fe9f7e5b000 ---p 00013000 08:02 10491578                   /usr/lib/jvm/java-17-openjdk-amd64/lib/libnio.so
7fe9f7e5b000-7fe9f7e5c000 r--p 00013000 08:02 10491578                   /usr/lib/jvm/java-17-openjdk-amd64/lib/libnio.so
7fe9f7e5c000-7fe9f7e5d000 rw-p 00014000 08:02 10491578                   /usr/lib/jvm/java-17-openjdk-amd64/lib/libnio.so
7fe9f7e5d000-7fe9f7e5f000 r--p 00000000 08:02 10491592                   /usr/lib/jvm/java-17-openjdk-amd64/lib/libzip.so
7fe9f7e5f000-7fe9f7e64000 r-xp 00002000 08:02 10491592                   /usr/lib/jvm/java-17-openjdk-amd64/lib/libzip.so
7fe9f7e64000-7fe9f7e66000 r--p 00007000 08:02 10491592                   /usr/lib/jvm/java-17-openjdk-amd64/lib/libzip.so
7fe9f7e66000-7fe9f7e67000 r--p 00008000 08:02 10491592                   /usr/lib/jvm/java-17-openjdk-amd64/lib/libzip.so
7fe9f7e67000-7fe9f7e68000 rw-p 00009000 08:02 10491592                   /usr/lib/jvm/java-17-openjdk-amd64/lib/libzip.so
7fe9f7e68000-7fe9f7eaf000 rw-p 00000000 00:00 0 
7fe9f7eaf000-7fe9f7eb6000 ---p 00000000 00:00 0 
7fe9f7eb6000-7fe9f7ec2000 r--p 00000000 08:02 10491515                   /usr/lib/jvm/java-17-openjdk-amd64/lib/libjava.so
7fe9f7ec2000-7fe9f7ed5000 r-xp 0000c000 08:02 10491515                   /usr/lib/jvm/java-17-openjdk-amd64/lib/libjava.so
7fe9f7ed5000-7fe9f7edb000 r--p 0001f000 08:02 10491515                   /usr/lib/jvm/java-17-openjdk-amd64/lib/libjava.so
7fe9f7edb000-7fe9f7edc000 r--p 00024000 08:02 10491515                   /usr/lib/jvm/java-17-openjdk-amd64/lib/libjava.so
7fe9f7edc000-7fe9f7edd000 rw-p 00025000 08:02 10491515                   /usr/lib/jvm/java-17-openjdk-amd64/lib/libjava.so
7fe9f7edd000-7fe9f7ede000 rw-p 00000000 00:00 0 
7fe9f7ede000-7fe9f7edf000 r--p 00000000 08:02 10491505                   /usr/lib/jvm/java-17-openjdk-amd64/lib/libinstrument.so
7fe9f7edf000-7fe9f7ee5000 r-xp 00001000 08:02 10491505                   /usr/lib/jvm/java-17-openjdk-amd64/lib/libinstrument.so
7fe9f7ee5000-7fe9f7ee8000 r--p 00007000 08:02 10491505                   /usr/lib/jvm/java-17-openjdk-amd64/lib/libinstrument.so
7fe9f7ee8000-7fe9f7ee9000 r--p 00009000 08:02 10491505                   /usr/lib/jvm/java-17-openjdk-amd64/lib/libinstrument.so
7fe9f7ee9000-7fe9f7eea000 rw-p 0000a000 08:02 10491505                   /usr/lib/jvm/java-17-openjdk-amd64/lib/libinstrument.so
7fe9f7eea000-7fe9f7eed000 r--p 00000000 08:02 10354703                   /usr/lib/x86_64-linux-gnu/libgcc_s.so.1
7fe9f7eed000-7fe9f7f04000 r-xp 00003000 08:02 10354703                   /usr/lib/x86_64-linux-gnu/libgcc_s.so.1
7fe9f7f04000-7fe9f7f08000 r--p 0001a000 08:02 10354703                   /usr/lib/x86_64-linux-gnu/libgcc_s.so.1
7fe9f7f08000-7fe9f7f09000 r--p 0001d000 08:02 10354703                   /usr/lib/x86_64-linux-gnu/libgcc_s.so.1
7fe9f7f09000-7fe9f7f0a000 rw-p 0001e000 08:02 10354703                   /usr/lib/x86_64-linux-gnu/libgcc_s.so.1
7fe9f7f0a000-7fe9f7f18000 r--p 00000000 08:02 10365361                   /usr/lib/x86_64-linux-gnu/libm.so.6
7fe9f7f18000-7fe9f7f94000 r-xp 0000e000 08:02 10365361                   /usr/lib/x86_64-linux-gnu/libm.so.6
7fe9f7f94000-7fe9f7fef000 r--p 0008a000 08:02 10365361                   /usr/lib/x86_64-linux-gnu/libm.so.6
7fe9f7fef000-7fe9f7ff0000 r--p 000e4000 08:02 10365361                   /usr/lib/x86_64-linux-gnu/libm.so.6
7fe9f7ff0000-7fe9f7ff1000 rw-p 000e5000 08:02 10365361                   /usr/lib/x86_64-linux-gnu/libm.so.6
7fe9f7ff1000-7fe9f7ff4000 rw-p 00000000 00:00 0 
7fe9f7ff4000-7fe9f7ff6000 r--p 00000000 08:02 10354880                   /usr/lib/x86_64-linux-gnu/libz.so.1.2.11
7fe9f7ff6000-7fe9f8007000 r-xp 00002000 08:02 10354880                   /usr/lib/x86_64-linux-gnu/libz.so.1.2.11
7fe9f8007000-7fe9f800d000 r--p 00013000 08:02 10354880                   /usr/lib/x86_64-linux-gnu/libz.so.1.2.11
7fe9f800d000-7fe9f800e000 ---p 00019000 08:02 10354880                   /usr/lib/x86_64-linux-gnu/libz.so.1.2.11
7fe9f800e000-7fe9f800f000 r--p 00019000 08:02 10354880                   /usr/lib/x86_64-linux-gnu/libz.so.1.2.11
7fe9f800f000-7fe9f8010000 rw-p 0001a000 08:02 10354880                   /usr/lib/x86_64-linux-gnu/libz.so.1.2.11
7fe9f8012000-7fe9f8013000 r-xp 00000000 00:00 0 
7fe9f8013000-7fe9f801b000 rw-s 00000000 08:02 1967198                    /tmp/hsperfdata_nidhal/355428
7fe9f801b000-7fe9f801c000 ---p 00000000 00:00 0 
7fe9f801c000-7fe9f801d000 r--p 00000000 00:00 0 
7fe9f801d000-7fe9f801f000 r--p 00000000 08:02 10491521                   /usr/lib/jvm/java-17-openjdk-amd64/lib/libjimage.so
7fe9f801f000-7fe9f8022000 r-xp 00002000 08:02 10491521                   /usr/lib/jvm/java-17-openjdk-amd64/lib/libjimage.so
7fe9f8022000-7fe9f8023000 r--p 00005000 08:02 10491521                   /usr/lib/jvm/java-17-openjdk-amd64/lib/libjimage.so
7fe9f8023000-7fe9f8024000 ---p 00006000 08:02 10491521                   /usr/lib/jvm/java-17-openjdk-amd64/lib/libjimage.so
7fe9f8024000-7fe9f8025000 r--p 00006000 08:02 10491521                   /usr/lib/jvm/java-17-openjdk-amd64/lib/libjimage.so
7fe9f8025000-7fe9f8026000 rw-p 00007000 08:02 10491521                   /usr/lib/jvm/java-17-openjdk-amd64/lib/libjimage.so
7fe9f8026000-7fe9f8028000 r--p 00000000 08:02 10491523                   /usr/lib/jvm/java-17-openjdk-amd64/lib/libjli.so
7fe9f8028000-7fe9f8032000 r-xp 00002000 08:02 10491523                   /usr/lib/jvm/java-17-openjdk-amd64/lib/libjli.so
7fe9f8032000-7fe9f8035000 r--p 0000c000 08:02 10491523                   /usr/lib/jvm/java-17-openjdk-amd64/lib/libjli.so
7fe9f8035000-7fe9f8036000 r--p 0000e000 08:02 10491523                   /usr/lib/jvm/java-17-openjdk-amd64/lib/libjli.so
7fe9f8036000-7fe9f8037000 rw-p 0000f000 08:02 10491523                   /usr/lib/jvm/java-17-openjdk-amd64/lib/libjli.so
7fe9f8037000-7fe9f8039000 rw-p 00000000 00:00 0 
7fe9f8039000-7fe9f803b000 r--p 00000000 08:02 10356375                   /usr/lib/x86_64-linux-gnu/ld-linux-x86-64.so.2
7fe9f803b000-7fe9f8065000 r-xp 00002000 08:02 10356375                   /usr/lib/x86_64-linux-gnu/ld-linux-x86-64.so.2
7fe9f8065000-7fe9f8070000 r--p 0002c000 08:02 10356375                   /usr/lib/x86_64-linux-gnu/ld-linux-x86-64.so.2
7fe9f8070000-7fe9f8071000 ---p 00000000 00:00 0 
7fe9f8071000-7fe9f8073000 r--p 00037000 08:02 10356375                   /usr/lib/x86_64-linux-gnu/ld-linux-x86-64.so.2
7fe9f8073000-7fe9f8075000 rw-p 00039000 08:02 10356375                   /usr/lib/x86_64-linux-gnu/ld-linux-x86-64.so.2
7ffc9e215000-7ffc9e237000 rw-p 00000000 00:00 0                          [stack]
7ffc9e2e0000-7ffc9e2e4000 r--p 00000000 00:00 0                          [vvar]
7ffc9e2e4000-7ffc9e2e6000 r-xp 00000000 00:00 0                          [vdso]
ffffffffff600000-ffffffffff601000 --xp 00000000 00:00 0                  [vsyscall]


VM Arguments:
jvm_args: -javaagent:/snap/intellij-idea-ultimate/430/lib/idea_rt.jar=40789:/snap/intellij-idea-ultimate/430/bin -Dfile.encoding=UTF-8 
java_command: tutorials.hello_world
java_class_path (initial): /home/nidhal/IdeaProjects/JMEOS/target/classes:/home/nidhal/.m2/repository/com/github/jnr/jnr-ffi/2.2.11/jnr-ffi-2.2.11.jar:/home/nidhal/.m2/repository/com/github/jnr/jffi/1.3.9/jffi-1.3.9.jar:/home/nidhal/.m2/repository/com/github/jnr/jffi/1.3.9/jffi-1.3.9-native.jar:/home/nidhal/.m2/repository/org/ow2/asm/asm/9.2/asm-9.2.jar:/home/nidhal/.m2/repository/org/ow2/asm/asm-commons/9.2/asm-commons-9.2.jar:/home/nidhal/.m2/repository/org/ow2/asm/asm-analysis/9.2/asm-analysis-9.2.jar:/home/nidhal/.m2/repository/org/ow2/asm/asm-tree/9.2/asm-tree-9.2.jar:/home/nidhal/.m2/repository/org/ow2/asm/asm-util/9.2/asm-util-9.2.jar:/home/nidhal/.m2/repository/com/github/jnr/jnr-a64asm/1.0.0/jnr-a64asm-1.0.0.jar:/home/nidhal/.m2/repository/com/github/jnr/jnr-x86asm/1.0.2/jnr-x86asm-1.0.2.jar:/home/nidhal/.m2/repository/org/hibernate/orm/hibernate-core/6.2.2.Final/hibernate-core-6.2.2.Final.jar:/home/nidhal/.m2/repository/jakarta/persistence/jakarta.persistence-api/3.1.0/jakarta.persistence-api-3.1.0.jar:/home/nidhal/.m2/repository/jakarta/transaction/jakarta.transaction-api/2.0.1/jakarta.transaction-api-2.0.1.jar:/home/nidhal/.m2/repository/org/jboss/logging/jboss-logging/3.5.0.Final/jboss-logging-3.5.0.Final.jar:/home/nidhal/.m2/repository/org/hibernate/common/hibernate-commons-annotations/6.0.6.Final/hibernate-commons-annotations-6.0.6.Final.jar:/home/nidhal/.m2/repository/io/smallrye/jandex/3.0.5/jandex-3.0.5.jar:/home/nidhal/.m2/repository/com/fasterxml/classmate/1.5.1/classmate-1.5.1.jar:/home/nidhal/.m2/repository/net/bytebuddy/byte-buddy/1.12.18/byte-buddy-1.12.18.jar:/home/nidhal/.m2/repository/jakarta/xml/bind/jakarta.xml.bind-api/4.0.0/jakarta.xml.bind-api-4.0.0.jar:/home/nidhal/.m2/repository/jakarta/activation/jakarta.activation-api/2.1.0/jakarta.activation-api-2.1.0.jar:/home/nidhal/.m2/repository/org/glassfish/jaxb/jaxb-runtime/4.0.2/jaxb-runtime-4.0.2.jar:/home/nidhal/.m2/repository/org/glassfish/jaxb/jaxb-core/4.0.2/jaxb-core-4.0.2.jar:/ho
Launcher Type: SUN_STANDARD

[Global flags]
     intx CICompilerCount                          = 3                                         {product} {ergonomic}
     uint ConcGCThreads                            = 1                                         {product} {ergonomic}
     uint G1ConcRefinementThreads                  = 4                                         {product} {ergonomic}
   size_t G1HeapRegionSize                         = 1048576                                   {product} {ergonomic}
    uintx GCDrainStackTargetSize                   = 64                                        {product} {ergonomic}
   size_t InitialHeapSize                          = 130023424                                 {product} {ergonomic}
   size_t MarkStackSize                            = 4194304                                   {product} {ergonomic}
   size_t MaxHeapSize                              = 2057306112                                {product} {ergonomic}
   size_t MaxNewSize                               = 1234173952                                {product} {ergonomic}
   size_t MinHeapDeltaBytes                        = 1048576                                   {product} {ergonomic}
   size_t MinHeapSize                              = 8388608                                   {product} {ergonomic}
    uintx NonNMethodCodeHeapSize                   = 5832780                                {pd product} {ergonomic}
    uintx NonProfiledCodeHeapSize                  = 122912730                              {pd product} {ergonomic}
    uintx ProfiledCodeHeapSize                     = 122912730                              {pd product} {ergonomic}
    uintx ReservedCodeCacheSize                    = 251658240                              {pd product} {ergonomic}
     bool SegmentedCodeCache                       = true                                      {product} {ergonomic}
   size_t SoftMaxHeapSize                          = 2057306112                             {manageable} {ergonomic}
     bool UseCompressedClassPointers               = true                           {product lp64_product} {ergonomic}
     bool UseCompressedOops                        = true                           {product lp64_product} {ergonomic}
     bool UseG1GC                                  = true                                      {product} {ergonomic}

Logging:
Log output configuration:
 #0: stdout all=warning uptime,level,tags
 #1: stderr all=off uptime,level,tags

Environment Variables:
JAVA_HOME=/opt/jdk-13.0.2
PATH=/home/nidhal/.local/bin:/usr/local/sbin:/usr/local/bin:/usr/sbin:/usr/bin:/sbin:/bin:/usr/games:/usr/local/games:/snap/bin:/snap/bin/opt/jdk-13.0.2/bin
USERNAME=nidhal
SHELL=/bin/bash
DISPLAY=:0
LANG=fr_FR.UTF-8

Active Locale:
LC_ALL=fr_FR.UTF-8
LC_COLLATE=fr_FR.UTF-8
LC_CTYPE=fr_FR.UTF-8
LC_MESSAGES=fr_FR.UTF-8
LC_MONETARY=fr_FR.UTF-8
LC_NUMERIC=fr_FR.UTF-8
LC_TIME=fr_FR.UTF-8

Signal Handlers:
   SIGSEGV: crash_handler in libjvm.so, mask=11100100010111111101111111111110, flags=SA_RESTART|SA_SIGINFO, unblocked
    SIGBUS: crash_handler in libjvm.so, mask=11100100010111111101111111111110, flags=SA_RESTART|SA_SIGINFO, unblocked
    SIGFPE: crash_handler in libjvm.so, mask=11100100010111111101111111111110, flags=SA_RESTART|SA_SIGINFO, unblocked
   SIGPIPE: javaSignalHandler in libjvm.so, mask=11100100010111111101111111111110, flags=SA_RESTART|SA_SIGINFO, blocked
   SIGXFSZ: javaSignalHandler in libjvm.so, mask=11100100010111111101111111111110, flags=SA_RESTART|SA_SIGINFO, blocked
    SIGILL: crash_handler in libjvm.so, mask=11100100010111111101111111111110, flags=SA_RESTART|SA_SIGINFO, unblocked
   SIGUSR2: SR_handler in libjvm.so, mask=00100000000000000000000000000000, flags=SA_RESTART|SA_SIGINFO, blocked
    SIGHUP: UserHandler in libjvm.so, mask=11100100010111111101111111111110, flags=SA_RESTART|SA_SIGINFO, blocked
    SIGINT: UserHandler in libjvm.so, mask=11100100010111111101111111111110, flags=SA_RESTART|SA_SIGINFO, blocked
   SIGTERM: UserHandler in libjvm.so, mask=11100100010111111101111111111110, flags=SA_RESTART|SA_SIGINFO, blocked
   SIGQUIT: UserHandler in libjvm.so, mask=11100100010111111101111111111110, flags=SA_RESTART|SA_SIGINFO, blocked
   SIGTRAP: crash_handler in libjvm.so, mask=11100100010111111101111111111110, flags=SA_RESTART|SA_SIGINFO, unblocked


---------------  S Y S T E M  ---------------

OS:
DISTRIB_ID=Ubuntu
DISTRIB_RELEASE=22.04
DISTRIB_CODENAME=jammy
DISTRIB_DESCRIPTION="Ubuntu 22.04.2 LTS"
uname: Linux 5.19.0-42-generic #43~22.04.1-Ubuntu SMP PREEMPT_DYNAMIC Fri Apr 21 16:51:08 UTC 2 x86_64
OS uptime: 0 days 4:35 hours
libc: glibc 2.35 NPTL 2.35 
rlimit (soft/hard): STACK 8192k/infinity , CORE 0k/infinity , NPROC 31051/31051 , NOFILE 1048576/1048576 , AS infinity/infinity , CPU infinity/infinity , DATA infinity/infinity , FSIZE infinity/infinity , MEMLOCK 1003616k/1003616k
load average: 4,80 3,59 3,34

/proc/meminfo:
MemTotal:        8028956 kB
MemFree:          222812 kB
MemAvailable:    2530096 kB
Buffers:          223836 kB
Cached:          2427028 kB
SwapCached:        25540 kB
Active:          2230388 kB
Inactive:        4718500 kB
Active(anon):    1184296 kB
Inactive(anon):  3521180 kB
Active(file):    1046092 kB
Inactive(file):  1197320 kB
Unevictable:       78660 kB
Mlocked:              16 kB
SwapTotal:       2097148 kB
SwapFree:        1308156 kB
Zswap:                 0 kB
Zswapped:              0 kB
Dirty:               748 kB
Writeback:             0 kB
AnonPages:       4368092 kB
Mapped:           945180 kB
Shmem:            413308 kB
KReclaimable:     369040 kB
Slab:             607276 kB
SReclaimable:     369040 kB
SUnreclaim:       238236 kB
KernelStack:       22388 kB
PageTables:        45944 kB
NFS_Unstable:          0 kB
Bounce:                0 kB
WritebackTmp:          0 kB
CommitLimit:     6111624 kB
Committed_AS:   13096460 kB
VmallocTotal:   34359738367 kB
VmallocUsed:       78372 kB
VmallocChunk:          0 kB
Percpu:             5680 kB
HardwareCorrupted:     0 kB
AnonHugePages:         0 kB
ShmemHugePages:        0 kB
ShmemPmdMapped:        0 kB
FileHugePages:         0 kB
FilePmdMapped:         0 kB
HugePages_Total:       0
HugePages_Free:        0
HugePages_Rsvd:        0
HugePages_Surp:        0
Hugepagesize:       2048 kB
Hugetlb:               0 kB
DirectMap4k:      489240 kB
DirectMap2M:     7788544 kB
DirectMap1G:           0 kB

/sys/kernel/mm/transparent_hugepage/enabled: always [madvise] never
/sys/kernel/mm/transparent_hugepage/defrag (defrag/compaction efforts parameter): always defer defer+madvise [madvise] never

Process Memory:
Virtual Size: 5231660K (peak: 5231660K)
Resident Set Size: 85672K (peak: 85672K) (anon: 46420K, file: 39252K, shmem: 0K)
Swapped out: 0K
C-Heap outstanding allocations: 24220K, retained: 3179K
glibc malloc tunables: (default)

/proc/sys/kernel/threads-max (system-wide limit on the number of threads): 62103
/proc/sys/vm/max_map_count (maximum number of memory map areas a process may have): 65530
/proc/sys/kernel/pid_max (system-wide limit on number of process identifiers): 4194304

container (cgroup) information:
container_type: cgroupv2
cpu_cpuset_cpus: not supported
cpu_memory_nodes: not supported
active_processor_count: 4
cpu_quota: not supported
cpu_period: not supported
cpu_shares: not supported
memory_limit_in_bytes: unlimited
memory_and_swap_limit_in_bytes: unlimited
memory_soft_limit_in_bytes: unlimited
memory_usage_in_bytes: 3408020 k
memory_max_usage_in_bytes: not supported
memory_swap_current_in_bytes: 456808 k
memory_swap_max_limit_in_bytes: unlimited
maximum number of tasks: 9315
current number of tasks: 236

Steal ticks since vm start: 0
Steal ticks percentage since vm start:  0,000

CPU: total 4 (initial active 4) (2 cores per cpu, 2 threads per core) family 6 model 78 stepping 3 microcode 0xf0, cx8, cmov, fxsr, ht, mmx, 3dnowpref, sse, sse2, sse3, ssse3, sse4.1, sse4.2, popcnt, lzcnt, tsc, tscinvbit, avx, avx2, aes, erms, clmul, bmi1, bmi2, adx, fma, vzeroupper, clflush, clflushopt
CPU Model and flags from /proc/cpuinfo:
model name	: Intel(R) Core(TM) i3-6100U CPU @ 2.30GHz
flags		: fpu vme de pse tsc msr pae mce cx8 apic sep mtrr pge mca cmov pat pse36 clflush dts acpi mmx fxsr sse sse2 ss ht tm pbe syscall nx pdpe1gb rdtscp lm constant_tsc art arch_perfmon pebs bts rep_good nopl xtopology nonstop_tsc cpuid aperfmperf pni pclmulqdq dtes64 monitor ds_cpl est tm2 ssse3 sdbg fma cx16 xtpr pdcm pcid sse4_1 sse4_2 x2apic movbe popcnt tsc_deadline_timer aes xsave avx f16c rdrand lahf_lm abm 3dnowprefetch cpuid_fault epb invpcid_single pti ssbd ibrs ibpb stibp fsgsbase tsc_adjust bmi1 avx2 smep bmi2 erms invpcid mpx rdseed adx smap clflushopt intel_pt xsaveopt xsavec xgetbv1 xsaves dtherm ida arat pln pts hwp hwp_notify hwp_act_window hwp_epp md_clear flush_l1d arch_capabilities

Online cpus: 0-3
Offline cpus: 
BIOS frequency limitation: <Not Available>
Frequency switch latency (ns): 0
Available cpu frequencies: <Not Available>
Current governor: powersave
Core performance/turbo boost: <Not Available>

Memory: 4k page, physical 8028956k(222308k free), swap 2097148k(1308156k free)
Page Sizes: 4k

vm_info: OpenJDK 64-Bit Server VM (17.0.7+7-Ubuntu-0ubuntu122.04.2) for linux-amd64 JRE (17.0.7+7-Ubuntu-0ubuntu122.04.2), built on May 10 2023 04:02:16 by "buildd" with gcc 11.3.0

END.
