#
# A fatal error has been detected by the Java Runtime Environment:
#
#  SIGSEGV (0xb) at pc=0x00007f62a8d26979, pid=375992, tid=375994
#
# JRE version: OpenJDK Runtime Environment (17.0.7+7) (build 17.0.7+7-Ubuntu-0ubuntu122.04.2)
# Java VM: OpenJDK 64-Bit Server VM (17.0.7+7-Ubuntu-0ubuntu122.04.2, mixed mode, sharing, tiered, compressed oops, compressed class ptrs, g1 gc, linux-amd64)
# Problematic frame:
# C  [libmeos.so+0xa8979]  pg_next_dst_boundary+0x29
#
# Core dump will be written. Default location: Core dumps may be processed with "/usr/share/apport/apport -p%p -s%s -c%c -d%d -P%P -u%u -g%g -- %E" (or dumping to /home/nidhal/IdeaProjects/JMEOS/core.375992)
#
# If you would like to submit a bug report, please visit:
#   Unknown
# The crash happened outside the Java Virtual Machine in native code.
# See problematic frame for where to report the bug.
#

---------------  S U M M A R Y ------------

Command Line: -javaagent:/snap/intellij-idea-ultimate/430/lib/idea_rt.jar=38689:/snap/intellij-idea-ultimate/430/bin -Dfile.encoding=UTF-8 tutorials.hello_world

Host: Intel(R) Core(TM) i3-6100U CPU @ 2.30GHz, 4 cores, 7G, Ubuntu 22.04.2 LTS
Time: Mon May 29 22:40:28 2023 CEST elapsed time: 1.092218 seconds (0d 0h 0m 1s)

---------------  T H R E A D  ---------------

Current thread (0x00007f62c4016800):  JavaThread "main" [_thread_in_native, id=375994, stack(0x00007f62ca900000,0x00007f62caa00000)]

Stack: [0x00007f62ca900000,0x00007f62caa00000],  sp=0x00007f62ca9fdf90,  free space=1015k
Native frames: (J=compiled Java code, j=interpreted, Vv=VM code, C=native code)
C  [libmeos.so+0xa8979]  pg_next_dst_boundary+0x29

Java frames: (J=compiled Java code, j=interpreted, Vv=VM code)
j  com.kenai.jffi.Foreign.invokeN1O1(JJJLjava/lang/Object;III)J+0
j  com.kenai.jffi.Invoker.invokeN1(Lcom/kenai/jffi/CallContext;JJILjava/lang/Object;Lcom/kenai/jffi/ObjectParameterStrategy;Lcom/kenai/jffi/ObjectParameterInfo;)J+57
j  tutorials.hello_world$MeosLibrary$jnr$ffi$0.tgeompoint_in(Ljava/lang/String;)Ljnr/ffi/Pointer;+75
j  tutorials.hello_world.main([Ljava/lang/String;)V+111
v  ~StubRoutines::call_stub

siginfo: si_signo: 11 (SIGSEGV), si_code: 1 (SEGV_MAPERR), si_addr: 0x0000000000000104

Register to memory mapping:

RAX=0x0 is NULL
RBX=0x0 is NULL
RCX=0x00007f62ca9fdff0 is pointing into the stack for thread: 0x00007f62c4016800
RDX=0x00007f62ca9fdfe0 is pointing into the stack for thread: 0x00007f62c4016800
RSP=0x00007f62ca9fdf90 is pointing into the stack for thread: 0x00007f62c4016800
RBP=0x00000000386bf200 is an unknown value
RSI=0x00007f62ca9fdff8 is pointing into the stack for thread: 0x00007f62c4016800
RDI=0x00007f62ca9fdfe8 is pointing into the stack for thread: 0x00007f62c4016800
R8 =0x00007f62ca9fe000 is pointing into the stack for thread: 0x00007f62c4016800
R9 =0x00007f62ca9fdfe4 is pointing into the stack for thread: 0x00007f62c4016800
R10=0x00007f62ca9fdfe0 is pointing into the stack for thread: 0x00007f62c4016800
R11=0x00007f62a8d26950: pg_next_dst_boundary+0x0000000000000000 in /usr/local/lib/libmeos.so at 0x00007f62a8c7e000
R12=0x00007f62ca9fe040 is pointing into the stack for thread: 0x00007f62c4016800
R13=0x0 is NULL
R14=0x0 is NULL
R15=0x00007f62ca9fe1b0 is pointing into the stack for thread: 0x00007f62c4016800


Registers:
RAX=0x0000000000000000, RBX=0x0000000000000000, RCX=0x00007f62ca9fdff0, RDX=0x00007f62ca9fdfe0
RSP=0x00007f62ca9fdf90, RBP=0x00000000386bf200, RSI=0x00007f62ca9fdff8, RDI=0x00007f62ca9fdfe8
R8 =0x00007f62ca9fe000, R9 =0x00007f62ca9fdfe4, R10=0x00007f62ca9fdfe0, R11=0x00007f62a8d26950
R12=0x00007f62ca9fe040, R13=0x0000000000000000, R14=0x0000000000000000, R15=0x00007f62ca9fe1b0
RIP=0x00007f62a8d26979, EFLAGS=0x0000000000010246, CSGSFS=0x002b000000000033, ERR=0x0000000000000004
  TRAPNO=0x000000000000000e

Top of Stack: (sp=0x00007f62ca9fdf90)
0x00007f62ca9fdf90:   00007f62a8db13c0 41d0a62b7c97f800
0x00007f62ca9fdfa0:   00007f62c44a3a60 00007f62ca9fe1b0
0x00007f62ca9fdfb0:   00000000386d4380 00007f62ca9fe040
0x00007f62ca9fdfc0:   0000000000000000 00007f62a8d2825c 

Instructions: (pc=0x00007f62a8d26979)
0x00007f62a8d26879:   00 00 00 00 0f 1f 00 f3 0f 1e fa 49 89 f8 48 8d
0x00007f62a8d26889:   be 00 01 00 00 4c 89 c6 e9 ca fd ff ff 66 2e 0f
0x00007f62a8d26899:   1f 84 00 00 00 00 00 f3 0f 1e fa 41 55 41 54 55
0x00007f62a8d268a9:   48 89 fd 53 48 83 ec 08 48 8b 1d 68 89 0d 00 48
0x00007f62a8d268b9:   85 db 74 2b 48 8b 7d 00 48 89 da 31 f6 48 81 c3
0x00007f62a8d268c9:   68 56 00 00 e8 ce df ff ff 48 89 1d 97 89 0d 00
0x00007f62a8d268d9:   48 83 c4 08 5b 5d 41 5c 41 5d c3 0f 1f 40 00 bf
0x00007f62a8d268e9:   90 5b 00 00 e8 8e 66 f9 ff 48 89 05 27 89 0d 00
0x00007f62a8d268f9:   49 89 c4 48 85 c0 74 d8 4c 8d 2d 38 5a 08 00 31
0x00007f62a8d26909:   f6 b9 01 00 00 00 48 89 c2 4c 89 ef e8 56 72 f9
0x00007f62a8d26919:   ff 85 c0 75 12 48 8b 1d fb 88 0d 00 eb 96 66 0f
0x00007f62a8d26929:   1f 84 00 00 00 00 00 ba 01 00 00 00 4c 89 e6 4c
0x00007f62a8d26939:   89 ef e8 60 70 f9 ff eb dc 66 66 2e 0f 1f 84 00
0x00007f62a8d26949:   00 00 00 00 0f 1f 00 f3 0f 1e fa 41 55 49 89 d2
0x00007f62a8d26959:   41 54 55 53 48 83 ec 18 48 8b 2f 64 48 8b 04 25
0x00007f62a8d26969:   28 00 00 00 48 89 44 24 08 31 c0 48 8b 5c 24 40
0x00007f62a8d26979:   44 8b 9b 04 01 00 00 45 85 db 0f 84 27 02 00 00
0x00007f62a8d26989:   80 bb 10 01 00 00 00 49 89 cc 75 6b 41 8d 53 ff
0x00007f62a8d26999:   80 bb 11 01 00 00 00 48 63 ca 48 8b 84 cb 18 01
0x00007f62a8d269a9:   00 00 0f 84 ef 00 00 00 48 39 c5 0f 8e e6 00 00
0x00007f62a8d269b9:   00 48 8b 8b 18 01 00 00 48 39 e9 7f 46 48 bf e7
0x00007f62a8d269c9:   58 ef 44 46 ef 35 ae 48 89 ea 48 29 c2 48 83 ea
0x00007f62a8d269d9:   01 48 89 d0 48 f7 e7 48 b8 80 59 60 f0 02 00 00
0x00007f62a8d269e9:   00 48 c1 ea 21 4c 8d 6a 01 4c 0f af e8 48 89 e8
0x00007f62a8d269f9:   4c 29 e8 eb 43 66 90 48 8b 8b 18 01 00 00 48 39
0x00007f62a8d26a09:   e9 7e 89 48 bf e7 58 ef 44 46 ef 35 ae 48 89 ca
0x00007f62a8d26a19:   48 29 ea 48 83 ea 01 48 89 d0 48 f7 e7 48 b8 80
0x00007f62a8d26a29:   59 60 f0 02 00 00 00 48 c1 ea 21 4c 8d 6a 01 4c
0x00007f62a8d26a39:   0f af e8 4a 8d 44 2d 00 48 89 04 24 48 39 c1 0f
0x00007f62a8d26a49:   8f 12 02 00 00 41 8d 53 ff 41 bb ff ff ff ff 48
0x00007f62a8d26a59:   63 d2 48 39 84 d3 18 01 00 00 0f 8c 83 01 00 00
0x00007f62a8d26a69:   48 89 e7 48 83 ec 08 4c 89 d2 4c 89 e1 53 e8 d4 


Stack slot to memory mapping:
stack at sp + 0 slots: 0x00007f62a8db13c0: <offset 0x00000000001333c0> in /usr/local/lib/libmeos.so at 0x00007f62a8c7e000
stack at sp + 1 slots: 0x41d0a62b7c97f800 is an unknown value
stack at sp + 2 slots: 0x00007f62c44a3a60 points into unknown readable memory: 0x00007f6532667ee3 | e3 7e 66 32 65 7f 00 00
stack at sp + 3 slots: 0x00007f62ca9fe1b0 is pointing into the stack for thread: 0x00007f62c4016800
stack at sp + 4 slots: 0x00000000386d4380 is an unknown value
stack at sp + 5 slots: 0x00007f62ca9fe040 is pointing into the stack for thread: 0x00007f62c4016800
stack at sp + 6 slots: 0x0 is NULL
stack at sp + 7 slots: 0x00007f62a8d2825c: <offset 0x00000000000aa25c> in /usr/local/lib/libmeos.so at 0x00007f62a8c7e000


---------------  P R O C E S S  ---------------

Threads class SMR info:
_java_thread_list=0x00007f62c4314060, length=12, elements={
0x00007f62c4016800, 0x00007f62c4115880, 0x00007f62c4116c60, 0x00007f62c411c2c0,
0x00007f62c411d670, 0x00007f62c411ea80, 0x00007f62c4120430, 0x00007f62c4121960,
0x00007f62c4122dd0, 0x00007f62c412ec70, 0x00007f62c41aaf90, 0x00007f62c41abb10
}

Java Threads: ( => current thread )
=>0x00007f62c4016800 JavaThread "main" [_thread_in_native, id=375994, stack(0x00007f62ca900000,0x00007f62caa00000)]
  0x00007f62c4115880 JavaThread "Reference Handler" daemon [_thread_blocked, id=376006, stack(0x00007f62c8aea000,0x00007f62c8bea000)]
  0x00007f62c4116c60 JavaThread "Finalizer" daemon [_thread_blocked, id=376007, stack(0x00007f62c89ea000,0x00007f62c8aea000)]
  0x00007f62c411c2c0 JavaThread "Signal Dispatcher" daemon [_thread_blocked, id=376008, stack(0x00007f62c88ea000,0x00007f62c89ea000)]
  0x00007f62c411d670 JavaThread "Service Thread" daemon [_thread_blocked, id=376009, stack(0x00007f62c87ea000,0x00007f62c88ea000)]
  0x00007f62c411ea80 JavaThread "Monitor Deflation Thread" daemon [_thread_blocked, id=376011, stack(0x00007f62c86ea000,0x00007f62c87ea000)]
  0x00007f62c4120430 JavaThread "C2 CompilerThread0" daemon [_thread_blocked, id=376012, stack(0x00007f62c85ea000,0x00007f62c86ea000)]
  0x00007f62c4121960 JavaThread "C1 CompilerThread0" daemon [_thread_blocked, id=376013, stack(0x00007f62c84ea000,0x00007f62c85ea000)]
  0x00007f62c4122dd0 JavaThread "Sweeper thread" daemon [_thread_blocked, id=376014, stack(0x00007f62c83ea000,0x00007f62c84ea000)]
  0x00007f62c412ec70 JavaThread "Common-Cleaner" daemon [_thread_blocked, id=376023, stack(0x00007f62c82ea000,0x00007f62c83ea000)]
  0x00007f62c41aaf90 JavaThread "Monitor Ctrl-Break" daemon [_thread_in_native, id=376028, stack(0x00007f62c81ea000,0x00007f62c82ea000)]
  0x00007f62c41abb10 JavaThread "Notification Thread" daemon [_thread_blocked, id=376029, stack(0x00007f62c80ea000,0x00007f62c81ea000)]

Other Threads:
  0x00007f62c41117d0 VMThread "VM Thread" [stack: 0x00007f62c8bec000,0x00007f62c8cec000] [id=376005]
  0x00007f62c4019310 WatcherThread [stack: 0x00007f62c3f00000,0x00007f62c4000000] [id=376030]
  0x00007f62c406fee0 GCTaskThread "GC Thread#0" [stack: 0x00007f62c96a7000,0x00007f62c97a7000] [id=375995]
  0x00007f62880051c0 GCTaskThread "GC Thread#1" [stack: 0x00007f62990a8000,0x00007f62991a8000] [id=376034]
  0x00007f6288005c40 GCTaskThread "GC Thread#2" [stack: 0x00007f6298fa6000,0x00007f62990a6000] [id=376035]
  0x00007f628800bc90 GCTaskThread "GC Thread#3" [stack: 0x00007f6298ea4000,0x00007f6298fa4000] [id=376038]
  0x00007f62c4080a00 ConcurrentGCThread "G1 Main Marker" [stack: 0x00007f62c95a5000,0x00007f62c96a5000] [id=375997]
  0x00007f62c4081960 ConcurrentGCThread "G1 Conc#0" [stack: 0x00007f62c94a3000,0x00007f62c95a3000] [id=375999]
  0x00007f62c40e6050 ConcurrentGCThread "G1 Refine#0" [stack: 0x00007f62c8f9d000,0x00007f62c909d000] [id=376001]
  0x00007f62c40e6f40 ConcurrentGCThread "G1 Service" [stack: 0x00007f62c8e9b000,0x00007f62c8f9b000] [id=376003]

Threads with active compile tasks:

VM state: not at safepoint (normal execution)

VM Mutex/Monitor currently owned by a thread:  ([mutex/lock_event])
[0x00007f62c4013570] Threads_lock - owner thread: 0x00007f62c411c2c0

Heap address: 0x0000000085600000, size: 1962 MB, Compressed Oops mode: 32-bit

CDS archive(s) mapped at: [0x0000000800000000-0x0000000800be2000-0x0000000800be2000), size 12460032, SharedBaseAddress: 0x0000000800000000, ArchiveRelocationMode: 0.
Compressed class space mapped at: 0x0000000801000000-0x0000000841000000, reserved size: 1073741824
Narrow klass base: 0x0000000800000000, Narrow klass shift: 0, Narrow klass range: 0x100000000

GC Precious Log:
 CPUs: 4 total, 4 available
 Memory: 7840M
 Large Page Support: Disabled
 NUMA Support: Disabled
 Compressed Oops: Enabled (32-bit)
 Heap Region Size: 1M
 Heap Min Capacity: 8M
 Heap Initial Capacity: 124M
 Heap Max Capacity: 1962M
 Pre-touch: Disabled
 Parallel Workers: 4
 Concurrent Workers: 1
 Concurrent Refinement Workers: 4
 Periodic GC: Disabled

Heap:
 garbage-first heap   total 129024K, used 4543K [0x0000000085600000, 0x0000000100000000)
  region size 1024K, 3 young (3072K), 2 survivors (2048K)
 Metaspace       used 4987K, committed 5120K, reserved 1114112K
  class space    used 495K, committed 512K, reserved 1048576K

Heap Regions: E=young(eden), S=young(survivor), O=old, HS=humongous(starts), HC=humongous(continues), CS=collection set, F=free, OA=open archive, CA=closed archive, TAMS=top-at-mark-start (previous, next)
|   0|0x0000000085600000, 0x0000000085700000, 0x0000000085700000|100%|HS|  |TAMS 0x0000000085600000, 0x0000000085600000| Complete 
|   1|0x0000000085700000, 0x0000000085777e00, 0x0000000085800000| 46%| O|  |TAMS 0x0000000085700000, 0x0000000085700000| Untracked 
|   2|0x0000000085800000, 0x0000000085800000, 0x0000000085900000|  0%| F|  |TAMS 0x0000000085800000, 0x0000000085800000| Untracked 
|   3|0x0000000085900000, 0x0000000085900000, 0x0000000085a00000|  0%| F|  |TAMS 0x0000000085900000, 0x0000000085900000| Untracked 
|   4|0x0000000085a00000, 0x0000000085a00000, 0x0000000085b00000|  0%| F|  |TAMS 0x0000000085a00000, 0x0000000085a00000| Untracked 
|   5|0x0000000085b00000, 0x0000000085b00000, 0x0000000085c00000|  0%| F|  |TAMS 0x0000000085b00000, 0x0000000085b00000| Untracked 
|   6|0x0000000085c00000, 0x0000000085c00000, 0x0000000085d00000|  0%| F|  |TAMS 0x0000000085c00000, 0x0000000085c00000| Untracked 
|   7|0x0000000085d00000, 0x0000000085d00000, 0x0000000085e00000|  0%| F|  |TAMS 0x0000000085d00000, 0x0000000085d00000| Untracked 
|   8|0x0000000085e00000, 0x0000000085e00000, 0x0000000085f00000|  0%| F|  |TAMS 0x0000000085e00000, 0x0000000085e00000| Untracked 
|   9|0x0000000085f00000, 0x0000000085f00000, 0x0000000086000000|  0%| F|  |TAMS 0x0000000085f00000, 0x0000000085f00000| Untracked 
|  10|0x0000000086000000, 0x0000000086000000, 0x0000000086100000|  0%| F|  |TAMS 0x0000000086000000, 0x0000000086000000| Untracked 
|  11|0x0000000086100000, 0x0000000086100000, 0x0000000086200000|  0%| F|  |TAMS 0x0000000086100000, 0x0000000086100000| Untracked 
|  12|0x0000000086200000, 0x0000000086200000, 0x0000000086300000|  0%| F|  |TAMS 0x0000000086200000, 0x0000000086200000| Untracked 
|  13|0x0000000086300000, 0x0000000086300000, 0x0000000086400000|  0%| F|  |TAMS 0x0000000086300000, 0x0000000086300000| Untracked 
|  14|0x0000000086400000, 0x0000000086400000, 0x0000000086500000|  0%| F|  |TAMS 0x0000000086400000, 0x0000000086400000| Untracked 
|  15|0x0000000086500000, 0x0000000086500000, 0x0000000086600000|  0%| F|  |TAMS 0x0000000086500000, 0x0000000086500000| Untracked 
|  16|0x0000000086600000, 0x0000000086600000, 0x0000000086700000|  0%| F|  |TAMS 0x0000000086600000, 0x0000000086600000| Untracked 
|  17|0x0000000086700000, 0x0000000086700000, 0x0000000086800000|  0%| F|  |TAMS 0x0000000086700000, 0x0000000086700000| Untracked 
|  18|0x0000000086800000, 0x0000000086800000, 0x0000000086900000|  0%| F|  |TAMS 0x0000000086800000, 0x0000000086800000| Untracked 
|  19|0x0000000086900000, 0x0000000086900000, 0x0000000086a00000|  0%| F|  |TAMS 0x0000000086900000, 0x0000000086900000| Untracked 
|  20|0x0000000086a00000, 0x0000000086a00000, 0x0000000086b00000|  0%| F|  |TAMS 0x0000000086a00000, 0x0000000086a00000| Untracked 
|  21|0x0000000086b00000, 0x0000000086b00000, 0x0000000086c00000|  0%| F|  |TAMS 0x0000000086b00000, 0x0000000086b00000| Untracked 
|  22|0x0000000086c00000, 0x0000000086c00000, 0x0000000086d00000|  0%| F|  |TAMS 0x0000000086c00000, 0x0000000086c00000| Untracked 
|  23|0x0000000086d00000, 0x0000000086d00000, 0x0000000086e00000|  0%| F|  |TAMS 0x0000000086d00000, 0x0000000086d00000| Untracked 
|  24|0x0000000086e00000, 0x0000000086e00000, 0x0000000086f00000|  0%| F|  |TAMS 0x0000000086e00000, 0x0000000086e00000| Untracked 
|  25|0x0000000086f00000, 0x0000000086f00000, 0x0000000087000000|  0%| F|  |TAMS 0x0000000086f00000, 0x0000000086f00000| Untracked 
|  26|0x0000000087000000, 0x0000000087000000, 0x0000000087100000|  0%| F|  |TAMS 0x0000000087000000, 0x0000000087000000| Untracked 
|  27|0x0000000087100000, 0x0000000087100000, 0x0000000087200000|  0%| F|  |TAMS 0x0000000087100000, 0x0000000087100000| Untracked 
|  28|0x0000000087200000, 0x0000000087200000, 0x0000000087300000|  0%| F|  |TAMS 0x0000000087200000, 0x0000000087200000| Untracked 
|  29|0x0000000087300000, 0x0000000087300000, 0x0000000087400000|  0%| F|  |TAMS 0x0000000087300000, 0x0000000087300000| Untracked 
|  30|0x0000000087400000, 0x0000000087400000, 0x0000000087500000|  0%| F|  |TAMS 0x0000000087400000, 0x0000000087400000| Untracked 
|  31|0x0000000087500000, 0x0000000087500000, 0x0000000087600000|  0%| F|  |TAMS 0x0000000087500000, 0x0000000087500000| Untracked 
|  32|0x0000000087600000, 0x0000000087600000, 0x0000000087700000|  0%| F|  |TAMS 0x0000000087600000, 0x0000000087600000| Untracked 
|  33|0x0000000087700000, 0x0000000087700000, 0x0000000087800000|  0%| F|  |TAMS 0x0000000087700000, 0x0000000087700000| Untracked 
|  34|0x0000000087800000, 0x0000000087800000, 0x0000000087900000|  0%| F|  |TAMS 0x0000000087800000, 0x0000000087800000| Untracked 
|  35|0x0000000087900000, 0x0000000087900000, 0x0000000087a00000|  0%| F|  |TAMS 0x0000000087900000, 0x0000000087900000| Untracked 
|  36|0x0000000087a00000, 0x0000000087a00000, 0x0000000087b00000|  0%| F|  |TAMS 0x0000000087a00000, 0x0000000087a00000| Untracked 
|  37|0x0000000087b00000, 0x0000000087b00000, 0x0000000087c00000|  0%| F|  |TAMS 0x0000000087b00000, 0x0000000087b00000| Untracked 
|  38|0x0000000087c00000, 0x0000000087c00000, 0x0000000087d00000|  0%| F|  |TAMS 0x0000000087c00000, 0x0000000087c00000| Untracked 
|  39|0x0000000087d00000, 0x0000000087d00000, 0x0000000087e00000|  0%| F|  |TAMS 0x0000000087d00000, 0x0000000087d00000| Untracked 
|  40|0x0000000087e00000, 0x0000000087e00000, 0x0000000087f00000|  0%| F|  |TAMS 0x0000000087e00000, 0x0000000087e00000| Untracked 
|  41|0x0000000087f00000, 0x0000000087f00000, 0x0000000088000000|  0%| F|  |TAMS 0x0000000087f00000, 0x0000000087f00000| Untracked 
|  42|0x0000000088000000, 0x0000000088000000, 0x0000000088100000|  0%| F|  |TAMS 0x0000000088000000, 0x0000000088000000| Untracked 
|  43|0x0000000088100000, 0x0000000088100000, 0x0000000088200000|  0%| F|  |TAMS 0x0000000088100000, 0x0000000088100000| Untracked 
|  44|0x0000000088200000, 0x0000000088200000, 0x0000000088300000|  0%| F|  |TAMS 0x0000000088200000, 0x0000000088200000| Untracked 
|  45|0x0000000088300000, 0x0000000088300000, 0x0000000088400000|  0%| F|  |TAMS 0x0000000088300000, 0x0000000088300000| Untracked 
|  46|0x0000000088400000, 0x0000000088400000, 0x0000000088500000|  0%| F|  |TAMS 0x0000000088400000, 0x0000000088400000| Untracked 
|  47|0x0000000088500000, 0x0000000088500000, 0x0000000088600000|  0%| F|  |TAMS 0x0000000088500000, 0x0000000088500000| Untracked 
|  48|0x0000000088600000, 0x0000000088600000, 0x0000000088700000|  0%| F|  |TAMS 0x0000000088600000, 0x0000000088600000| Untracked 
|  49|0x0000000088700000, 0x0000000088700000, 0x0000000088800000|  0%| F|  |TAMS 0x0000000088700000, 0x0000000088700000| Untracked 
|  50|0x0000000088800000, 0x0000000088800000, 0x0000000088900000|  0%| F|  |TAMS 0x0000000088800000, 0x0000000088800000| Untracked 
|  51|0x0000000088900000, 0x0000000088900000, 0x0000000088a00000|  0%| F|  |TAMS 0x0000000088900000, 0x0000000088900000| Untracked 
|  52|0x0000000088a00000, 0x0000000088a00000, 0x0000000088b00000|  0%| F|  |TAMS 0x0000000088a00000, 0x0000000088a00000| Untracked 
|  53|0x0000000088b00000, 0x0000000088b00000, 0x0000000088c00000|  0%| F|  |TAMS 0x0000000088b00000, 0x0000000088b00000| Untracked 
|  54|0x0000000088c00000, 0x0000000088c00000, 0x0000000088d00000|  0%| F|  |TAMS 0x0000000088c00000, 0x0000000088c00000| Untracked 
|  55|0x0000000088d00000, 0x0000000088d00000, 0x0000000088e00000|  0%| F|  |TAMS 0x0000000088d00000, 0x0000000088d00000| Untracked 
|  56|0x0000000088e00000, 0x0000000088e00000, 0x0000000088f00000|  0%| F|  |TAMS 0x0000000088e00000, 0x0000000088e00000| Untracked 
|  57|0x0000000088f00000, 0x0000000088f00000, 0x0000000089000000|  0%| F|  |TAMS 0x0000000088f00000, 0x0000000088f00000| Untracked 
|  58|0x0000000089000000, 0x0000000089000000, 0x0000000089100000|  0%| F|  |TAMS 0x0000000089000000, 0x0000000089000000| Untracked 
|  59|0x0000000089100000, 0x0000000089100000, 0x0000000089200000|  0%| F|  |TAMS 0x0000000089100000, 0x0000000089100000| Untracked 
|  60|0x0000000089200000, 0x0000000089200000, 0x0000000089300000|  0%| F|  |TAMS 0x0000000089200000, 0x0000000089200000| Untracked 
|  61|0x0000000089300000, 0x0000000089300000, 0x0000000089400000|  0%| F|  |TAMS 0x0000000089300000, 0x0000000089300000| Untracked 
|  62|0x0000000089400000, 0x0000000089400000, 0x0000000089500000|  0%| F|  |TAMS 0x0000000089400000, 0x0000000089400000| Untracked 
|  63|0x0000000089500000, 0x0000000089500000, 0x0000000089600000|  0%| F|  |TAMS 0x0000000089500000, 0x0000000089500000| Untracked 
|  64|0x0000000089600000, 0x0000000089600000, 0x0000000089700000|  0%| F|  |TAMS 0x0000000089600000, 0x0000000089600000| Untracked 
|  65|0x0000000089700000, 0x0000000089700000, 0x0000000089800000|  0%| F|  |TAMS 0x0000000089700000, 0x0000000089700000| Untracked 
|  66|0x0000000089800000, 0x0000000089800000, 0x0000000089900000|  0%| F|  |TAMS 0x0000000089800000, 0x0000000089800000| Untracked 
|  67|0x0000000089900000, 0x0000000089900000, 0x0000000089a00000|  0%| F|  |TAMS 0x0000000089900000, 0x0000000089900000| Untracked 
|  68|0x0000000089a00000, 0x0000000089a00000, 0x0000000089b00000|  0%| F|  |TAMS 0x0000000089a00000, 0x0000000089a00000| Untracked 
|  69|0x0000000089b00000, 0x0000000089b00000, 0x0000000089c00000|  0%| F|  |TAMS 0x0000000089b00000, 0x0000000089b00000| Untracked 
|  70|0x0000000089c00000, 0x0000000089c00000, 0x0000000089d00000|  0%| F|  |TAMS 0x0000000089c00000, 0x0000000089c00000| Untracked 
|  71|0x0000000089d00000, 0x0000000089d00000, 0x0000000089e00000|  0%| F|  |TAMS 0x0000000089d00000, 0x0000000089d00000| Untracked 
|  72|0x0000000089e00000, 0x0000000089e00000, 0x0000000089f00000|  0%| F|  |TAMS 0x0000000089e00000, 0x0000000089e00000| Untracked 
|  73|0x0000000089f00000, 0x0000000089f00000, 0x000000008a000000|  0%| F|  |TAMS 0x0000000089f00000, 0x0000000089f00000| Untracked 
|  74|0x000000008a000000, 0x000000008a000000, 0x000000008a100000|  0%| F|  |TAMS 0x000000008a000000, 0x000000008a000000| Untracked 
|  75|0x000000008a100000, 0x000000008a100000, 0x000000008a200000|  0%| F|  |TAMS 0x000000008a100000, 0x000000008a100000| Untracked 
|  76|0x000000008a200000, 0x000000008a200000, 0x000000008a300000|  0%| F|  |TAMS 0x000000008a200000, 0x000000008a200000| Untracked 
|  77|0x000000008a300000, 0x000000008a300000, 0x000000008a400000|  0%| F|  |TAMS 0x000000008a300000, 0x000000008a300000| Untracked 
|  78|0x000000008a400000, 0x000000008a400000, 0x000000008a500000|  0%| F|  |TAMS 0x000000008a400000, 0x000000008a400000| Untracked 
|  79|0x000000008a500000, 0x000000008a500000, 0x000000008a600000|  0%| F|  |TAMS 0x000000008a500000, 0x000000008a500000| Untracked 
|  80|0x000000008a600000, 0x000000008a600000, 0x000000008a700000|  0%| F|  |TAMS 0x000000008a600000, 0x000000008a600000| Untracked 
|  81|0x000000008a700000, 0x000000008a700000, 0x000000008a800000|  0%| F|  |TAMS 0x000000008a700000, 0x000000008a700000| Untracked 
|  82|0x000000008a800000, 0x000000008a800000, 0x000000008a900000|  0%| F|  |TAMS 0x000000008a800000, 0x000000008a800000| Untracked 
|  83|0x000000008a900000, 0x000000008a900000, 0x000000008aa00000|  0%| F|  |TAMS 0x000000008a900000, 0x000000008a900000| Untracked 
|  84|0x000000008aa00000, 0x000000008aa00000, 0x000000008ab00000|  0%| F|  |TAMS 0x000000008aa00000, 0x000000008aa00000| Untracked 
|  85|0x000000008ab00000, 0x000000008ab00000, 0x000000008ac00000|  0%| F|  |TAMS 0x000000008ab00000, 0x000000008ab00000| Untracked 
|  86|0x000000008ac00000, 0x000000008ac00000, 0x000000008ad00000|  0%| F|  |TAMS 0x000000008ac00000, 0x000000008ac00000| Untracked 
|  87|0x000000008ad00000, 0x000000008ad00000, 0x000000008ae00000|  0%| F|  |TAMS 0x000000008ad00000, 0x000000008ad00000| Untracked 
|  88|0x000000008ae00000, 0x000000008ae00000, 0x000000008af00000|  0%| F|  |TAMS 0x000000008ae00000, 0x000000008ae00000| Untracked 
|  89|0x000000008af00000, 0x000000008af00000, 0x000000008b000000|  0%| F|  |TAMS 0x000000008af00000, 0x000000008af00000| Untracked 
|  90|0x000000008b000000, 0x000000008b000000, 0x000000008b100000|  0%| F|  |TAMS 0x000000008b000000, 0x000000008b000000| Untracked 
|  91|0x000000008b100000, 0x000000008b100000, 0x000000008b200000|  0%| F|  |TAMS 0x000000008b100000, 0x000000008b100000| Untracked 
|  92|0x000000008b200000, 0x000000008b200000, 0x000000008b300000|  0%| F|  |TAMS 0x000000008b200000, 0x000000008b200000| Untracked 
|  93|0x000000008b300000, 0x000000008b300000, 0x000000008b400000|  0%| F|  |TAMS 0x000000008b300000, 0x000000008b300000| Untracked 
|  94|0x000000008b400000, 0x000000008b400000, 0x000000008b500000|  0%| F|  |TAMS 0x000000008b400000, 0x000000008b400000| Untracked 
|  95|0x000000008b500000, 0x000000008b500000, 0x000000008b600000|  0%| F|  |TAMS 0x000000008b500000, 0x000000008b500000| Untracked 
|  96|0x000000008b600000, 0x000000008b600000, 0x000000008b700000|  0%| F|  |TAMS 0x000000008b600000, 0x000000008b600000| Untracked 
|  97|0x000000008b700000, 0x000000008b700000, 0x000000008b800000|  0%| F|  |TAMS 0x000000008b700000, 0x000000008b700000| Untracked 
|  98|0x000000008b800000, 0x000000008b800000, 0x000000008b900000|  0%| F|  |TAMS 0x000000008b800000, 0x000000008b800000| Untracked 
|  99|0x000000008b900000, 0x000000008b900000, 0x000000008ba00000|  0%| F|  |TAMS 0x000000008b900000, 0x000000008b900000| Untracked 
| 100|0x000000008ba00000, 0x000000008ba00000, 0x000000008bb00000|  0%| F|  |TAMS 0x000000008ba00000, 0x000000008ba00000| Untracked 
| 101|0x000000008bb00000, 0x000000008bb00000, 0x000000008bc00000|  0%| F|  |TAMS 0x000000008bb00000, 0x000000008bb00000| Untracked 
| 102|0x000000008bc00000, 0x000000008bc00000, 0x000000008bd00000|  0%| F|  |TAMS 0x000000008bc00000, 0x000000008bc00000| Untracked 
| 103|0x000000008bd00000, 0x000000008bd00000, 0x000000008be00000|  0%| F|  |TAMS 0x000000008bd00000, 0x000000008bd00000| Untracked 
| 104|0x000000008be00000, 0x000000008be00000, 0x000000008bf00000|  0%| F|  |TAMS 0x000000008be00000, 0x000000008be00000| Untracked 
| 105|0x000000008bf00000, 0x000000008bf00000, 0x000000008c000000|  0%| F|  |TAMS 0x000000008bf00000, 0x000000008bf00000| Untracked 
| 106|0x000000008c000000, 0x000000008c000000, 0x000000008c100000|  0%| F|  |TAMS 0x000000008c000000, 0x000000008c000000| Untracked 
| 107|0x000000008c100000, 0x000000008c100000, 0x000000008c200000|  0%| F|  |TAMS 0x000000008c100000, 0x000000008c100000| Untracked 
| 108|0x000000008c200000, 0x000000008c200000, 0x000000008c300000|  0%| F|  |TAMS 0x000000008c200000, 0x000000008c200000| Untracked 
| 109|0x000000008c300000, 0x000000008c400000, 0x000000008c400000|100%| S|CS|TAMS 0x000000008c300000, 0x000000008c300000| Complete 
| 110|0x000000008c400000, 0x000000008c500000, 0x000000008c500000|100%| S|CS|TAMS 0x000000008c400000, 0x000000008c400000| Complete 
| 111|0x000000008c500000, 0x000000008c500000, 0x000000008c600000|  0%| F|  |TAMS 0x000000008c500000, 0x000000008c500000| Untracked 
| 112|0x000000008c600000, 0x000000008c600000, 0x000000008c700000|  0%| F|  |TAMS 0x000000008c600000, 0x000000008c600000| Untracked 
| 113|0x000000008c700000, 0x000000008c700000, 0x000000008c800000|  0%| F|  |TAMS 0x000000008c700000, 0x000000008c700000| Untracked 
| 114|0x000000008c800000, 0x000000008c800000, 0x000000008c900000|  0%| F|  |TAMS 0x000000008c800000, 0x000000008c800000| Untracked 
| 115|0x000000008c900000, 0x000000008c900000, 0x000000008ca00000|  0%| F|  |TAMS 0x000000008c900000, 0x000000008c900000| Untracked 
| 116|0x000000008ca00000, 0x000000008ca00000, 0x000000008cb00000|  0%| F|  |TAMS 0x000000008ca00000, 0x000000008ca00000| Untracked 
| 117|0x000000008cb00000, 0x000000008cb00000, 0x000000008cc00000|  0%| F|  |TAMS 0x000000008cb00000, 0x000000008cb00000| Untracked 
| 118|0x000000008cc00000, 0x000000008cc00000, 0x000000008cd00000|  0%| F|  |TAMS 0x000000008cc00000, 0x000000008cc00000| Untracked 
| 119|0x000000008cd00000, 0x000000008cd00000, 0x000000008ce00000|  0%| F|  |TAMS 0x000000008cd00000, 0x000000008cd00000| Untracked 
| 120|0x000000008ce00000, 0x000000008ce00000, 0x000000008cf00000|  0%| F|  |TAMS 0x000000008ce00000, 0x000000008ce00000| Untracked 
| 121|0x000000008cf00000, 0x000000008cf00000, 0x000000008d000000|  0%| F|  |TAMS 0x000000008cf00000, 0x000000008cf00000| Untracked 
| 122|0x000000008d000000, 0x000000008d000000, 0x000000008d100000|  0%| F|  |TAMS 0x000000008d000000, 0x000000008d000000| Untracked 
| 123|0x000000008d100000, 0x000000008d1ccb78, 0x000000008d200000| 79%| E|  |TAMS 0x000000008d100000, 0x000000008d100000| Complete 
|1960|0x00000000ffe00000, 0x00000000ffe76000, 0x00000000fff00000| 46%|OA|  |TAMS 0x00000000ffe00000, 0x00000000ffe00000| Untracked 
|1961|0x00000000fff00000, 0x00000000fff82000, 0x0000000100000000| 50%|CA|  |TAMS 0x00000000fff00000, 0x00000000fff00000| Untracked 

Card table byte_map: [0x00007f62c9b7c000,0x00007f62c9f51000] _byte_map_base: 0x00007f62c9751000

Marking Bits (Prev, Next): (CMBitMap*) 0x00007f62c4070960, (CMBitMap*) 0x00007f62c40709a0
 Prev Bits: [0x00007f62ab558000, 0x00007f62ad400000)
 Next Bits: [0x00007f62a96b0000, 0x00007f62ab558000)

Polling page: 0x00007f62cc446000

Metaspace:

Usage:
  Non-class:      4,39 MB used.
      Class:    495,21 KB used.
       Both:      4,87 MB used.

Virtual space:
  Non-class space:       64,00 MB reserved,       4,50 MB (  7%) committed,  1 nodes.
      Class space:        1,00 GB reserved,     512,00 KB ( <1%) committed,  1 nodes.
             Both:        1,06 GB reserved,       5,00 MB ( <1%) committed. 

Chunk freelists:
   Non-Class:  9,92 MB
       Class:  15,50 MB
        Both:  25,42 MB

MaxMetaspaceSize: unlimited
CompressedClassSpaceSize: 1,00 GB
Initial GC threshold: 21,00 MB
Current GC threshold: 21,00 MB
CDS: on
MetaspaceReclaimPolicy: balanced
 - commit_granule_bytes: 65536.
 - commit_granule_words: 8192.
 - virtual_space_node_default_size: 8388608.
 - enlarge_chunks_in_place: 1.
 - new_chunks_are_fully_committed: 0.
 - uncommit_free_chunks: 1.
 - use_allocation_guard: 0.
 - handle_deallocations: 1.


Internal statistics:

num_allocs_failed_limit: 0.
num_arena_births: 18.
num_arena_deaths: 0.
num_vsnodes_births: 2.
num_vsnodes_deaths: 0.
num_space_committed: 80.
num_space_uncommitted: 0.
num_chunks_returned_to_freelist: 0.
num_chunks_taken_from_freelist: 122.
num_chunk_merges: 0.
num_chunk_splits: 81.
num_chunks_enlarged: 63.
num_inconsistent_stats: 0.

CodeHeap 'non-profiled nmethods': size=120032Kb used=216Kb max_used=216Kb free=119816Kb
 bounds [0x00007f62b4ec8000, 0x00007f62b5138000, 0x00007f62bc400000]
CodeHeap 'profiled nmethods': size=120028Kb used=1221Kb max_used=1221Kb free=118806Kb
 bounds [0x00007f62ad400000, 0x00007f62ad670000, 0x00007f62b4937000]
CodeHeap 'non-nmethods': size=5700Kb used=1241Kb max_used=1255Kb free=4458Kb
 bounds [0x00007f62b4937000, 0x00007f62b4ba7000, 0x00007f62b4ec8000]
 total_blobs=1265 nmethods=712 adapters=467
 compilation: enabled
              stopped_count=0, restarted_count=0
 full_count=0

Compilation events (20 events):
Event: 1,065 Thread 0x00007f62c4121960 nmethod 704 0x00007f62ad52f690 code [0x00007f62ad52f840, 0x00007f62ad52f9b0]
Event: 1,065 Thread 0x00007f62c4121960  703       1       java.lang.invoke.MethodTypeForm::basicType (5 bytes)
Event: 1,065 Thread 0x00007f62c4121960 nmethod 703 0x00007f62b4efce10 code [0x00007f62b4efcfa0, 0x00007f62b4efd070]
Event: 1,065 Thread 0x00007f62c4120430 nmethod 701 0x00007f62b4efd110 code [0x00007f62b4efd2a0, 0x00007f62b4efd4a8]
Event: 1,066 Thread 0x00007f62c4120430  702       4       java.lang.String::isEmpty (14 bytes)
Event: 1,066 Thread 0x00007f62c4120430 nmethod 702 0x00007f62b4efd690 code [0x00007f62b4efd820, 0x00007f62b4efd8b8]
Event: 1,073 Thread 0x00007f62c4121960  705       3       java.util.regex.Pattern::isSupplementary (21 bytes)
Event: 1,073 Thread 0x00007f62c4121960 nmethod 705 0x00007f62ad52fa90 code [0x00007f62ad52fc40, 0x00007f62ad52feb0]
Event: 1,073 Thread 0x00007f62c4121960  706       3       java.lang.Character::isSurrogate (18 bytes)
Event: 1,074 Thread 0x00007f62c4121960 nmethod 706 0x00007f62ad52ff90 code [0x00007f62ad530120, 0x00007f62ad5302b0]
Event: 1,077 Thread 0x00007f62c4121960  709       3       java.util.regex.Pattern::peek (26 bytes)
Event: 1,077 Thread 0x00007f62c4121960 nmethod 709 0x00007f62ad530310 code [0x00007f62ad5304c0, 0x00007f62ad530720]
Event: 1,077 Thread 0x00007f62c4121960  710       3       java.util.HashMap$EntryIterator::next (5 bytes)
Event: 1,077 Thread 0x00007f62c4121960 nmethod 710 0x00007f62ad530890 code [0x00007f62ad530a40, 0x00007f62ad530bc0]
Event: 1,077 Thread 0x00007f62c4121960  711       3       java.util.HashMap$EntryIterator::next (5 bytes)
Event: 1,078 Thread 0x00007f62c4121960 nmethod 711 0x00007f62ad530c90 code [0x00007f62ad530e40, 0x00007f62ad530f80]
Event: 1,078 Thread 0x00007f62c4121960  707       1       java.lang.invoke.MethodHandles$Lookup::previousLookupClass (5 bytes)
Event: 1,078 Thread 0x00007f62c4121960 nmethod 707 0x00007f62b4efdd10 code [0x00007f62b4efdea0, 0x00007f62b4efdf70]
Event: 1,087 Thread 0x00007f62c4121960  712       3       java.util.concurrent.ConcurrentHashMap$Node::<init> (14 bytes)
Event: 1,088 Thread 0x00007f62c4121960 nmethod 712 0x00007f62ad531010 code [0x00007f62ad5311c0, 0x00007f62ad5314b0]

GC Heap History (2 events):
Event: 1,050 GC heap before
{Heap before GC invocations=0 (full 0):
 garbage-first heap   total 129024K, used 15328K [0x0000000085600000, 0x0000000100000000)
  region size 1024K, 13 young (13312K), 0 survivors (0K)
 Metaspace       used 4794K, committed 4864K, reserved 1114112K
  class space    used 471K, committed 512K, reserved 1048576K
}
Event: 1,057 GC heap after
{Heap after GC invocations=1 (full 0):
 garbage-first heap   total 129024K, used 4543K [0x0000000085600000, 0x0000000100000000)
  region size 1024K, 2 young (2048K), 2 survivors (2048K)
 Metaspace       used 4794K, committed 4864K, reserved 1114112K
  class space    used 471K, committed 512K, reserved 1048576K
}

Dll operation events (11 events):
Event: 0,004 Loaded shared library /usr/lib/jvm/java-17-openjdk-amd64/lib/libjava.so
Event: 0,041 Loaded shared library /usr/lib/jvm/java-17-openjdk-amd64/lib/libjsvml.so
Event: 0,248 Loaded shared library /usr/lib/jvm/java-17-openjdk-amd64/lib/libzip.so
Event: 0,250 Loaded shared library /usr/lib/jvm/java-17-openjdk-amd64/lib/libinstrument.so
Event: 0,259 Loaded shared library /usr/lib/jvm/java-17-openjdk-amd64/lib/libnio.so
Event: 0,268 Loaded shared library /usr/lib/jvm/java-17-openjdk-amd64/lib/libzip.so
Event: 0,351 Loaded shared library /usr/lib/jvm/java-17-openjdk-amd64/lib/libnet.so
Event: 0,359 Loaded shared library /usr/lib/jvm/java-17-openjdk-amd64/lib/libjimage.so
Event: 0,365 Loaded shared library /usr/lib/jvm/java-17-openjdk-amd64/lib/libextnet.so
Event: 0,513 Loaded shared library /tmp/jffi16824436449016312686.so
Event: 0,567 Loaded shared library /usr/lib/jvm/java-17-openjdk-amd64/lib/libverify.so

Deoptimization events (18 events):
Event: 0,268 Thread 0x00007f62c4016800 Uncommon trap: trap_request=0xfffffff4 fr.pc=0x00007f62b4ed154c relative=0x00000000000001ac
Event: 0,268 Thread 0x00007f62c4016800 Uncommon trap: reason=null_check action=make_not_entrant pc=0x00007f62b4ed154c method=java.lang.String.equals(Ljava/lang/Object;)Z @ 8 c2
Event: 0,268 Thread 0x00007f62c4016800 DEOPT PACKING pc=0x00007f62b4ed154c sp=0x00007f62ca9fd2b0
Event: 0,268 Thread 0x00007f62c4016800 DEOPT UNPACKING pc=0x00007f62b498d699 sp=0x00007f62ca9fd278 mode 2
Event: 0,335 Thread 0x00007f62c4016800 Uncommon trap: trap_request=0xffffff45 fr.pc=0x00007f62b4ed90a8 relative=0x0000000000000188
Event: 0,335 Thread 0x00007f62c4016800 Uncommon trap: reason=unstable_if action=reinterpret pc=0x00007f62b4ed90a8 method=java.util.zip.ZipFile$Source.isMetaName([BII)Z @ 57 c2
Event: 0,335 Thread 0x00007f62c4016800 DEOPT PACKING pc=0x00007f62b4ed90a8 sp=0x00007f62ca9fd670
Event: 0,335 Thread 0x00007f62c4016800 DEOPT UNPACKING pc=0x00007f62b498d699 sp=0x00007f62ca9fd638 mode 2
Event: 0,434 Thread 0x00007f62c4016800 Uncommon trap: trap_request=0xffffff45 fr.pc=0x00007f62b4eda618 relative=0x0000000000000078
Event: 0,434 Thread 0x00007f62c4016800 Uncommon trap: reason=unstable_if action=reinterpret pc=0x00007f62b4eda618 method=java.lang.String.isLatin1()Z @ 10 c2
Event: 0,434 Thread 0x00007f62c4016800 DEOPT PACKING pc=0x00007f62b4eda618 sp=0x00007f62ca9fa700
Event: 0,434 Thread 0x00007f62c4016800 DEOPT UNPACKING pc=0x00007f62b498d699 sp=0x00007f62ca9fa660 mode 2
Event: 0,488 Thread 0x00007f62c4016800 Uncommon trap: trap_request=0xffffff45 fr.pc=0x00007f62b4ed55c4 relative=0x00000000000008c4
Event: 0,488 Thread 0x00007f62c4016800 Uncommon trap: reason=unstable_if action=reinterpret pc=0x00007f62b4ed55c4 method=java.util.HashMap.putVal(ILjava/lang/Object;Ljava/lang/Object;ZZ)Ljava/lang/Object; @ 181 c2
Event: 0,488 Thread 0x00007f62c4016800 DEOPT PACKING pc=0x00007f62b4ed55c4 sp=0x00007f62ca9f9da0
Event: 0,488 Thread 0x00007f62c4016800 DEOPT UNPACKING pc=0x00007f62b498d699 sp=0x00007f62ca9f9d40 mode 2
Event: 0,624 Thread 0x00007f62c4016800 DEOPT PACKING pc=0x00007f62ad42405a sp=0x00007f62ca9f8350
Event: 0,624 Thread 0x00007f62c4016800 DEOPT UNPACKING pc=0x00007f62b498de2f sp=0x00007f62ca9f7790 mode 0

Classes unloaded (0 events):
No events

Classes redefined (0 events):
No events

Internal exceptions (8 events):
Event: 0,268 Thread 0x00007f62c4016800 Implicit null exception at 0x00007f62b4ed13d5 to 0x00007f62b4ed153c
Event: 0,355 Thread 0x00007f62c41aaf90 Exception <a 'java/lang/NoSuchMethodError'{0x000000008ce03658}: 'java.lang.Object java.lang.invoke.DirectMethodHandle$Holder.invokeStaticInit(java.lang.Object)'> (0x000000008ce03658) 
thrown [./src/hotspot/share/interpreter/linkResolver.cpp, line 758]
Event: 0,367 Thread 0x00007f62c41aaf90 Exception <a 'java/lang/NoSuchMethodError'{0x000000008ce11d00}: 'void java.lang.invoke.DirectMethodHandle$Holder.invokeStatic(java.lang.Object, java.lang.Object)'> (0x000000008ce11d00) 
thrown [./src/hotspot/share/interpreter/linkResolver.cpp, line 758]
Event: 0,771 Thread 0x00007f62c4016800 Exception <a 'java/lang/UnsatisfiedLinkError'{0x000000008c9203d8}: meos: Ne peut ouvrir le fichier d'objet partagé: Aucun fichier ou dossier de ce type> (0x000000008c9203d8) 
thrown [./src/hotspot/share/prims/jni.cpp, line 535]
Event: 0,951 Thread 0x00007f62c4016800 Exception <a 'java/lang/NoSuchMethodError'{0x000000008c62dda8}: 'java.lang.Object java.lang.invoke.DirectMethodHandle$Holder.newInvokeSpecial(java.lang.Object, java.lang.Object, java.lang.Object, java.lang.Object, java.lang.Object)'> (0x000000008c62dda8) 
thrown [./src/hotspot/share/interpreter/linkResolver.cpp, line 758]
Event: 1,010 Thread 0x00007f62c4016800 Exception <a 'java/lang/UnsatisfiedLinkError'{0x000000008c53fab0}: /usr/local/lib/libmeos.so: undefined symbol: intrange_to_intspan> (0x000000008c53fab0) 
thrown [./src/hotspot/share/prims/jni.cpp, line 535]
Event: 1,011 Thread 0x00007f62c4016800 Exception <a 'java/lang/UnsatisfiedLinkError'{0x000000008c541698}: /usr/local/lib/libmeos.so: undefined symbol: floatrange_to_floatspan> (0x000000008c541698) 
thrown [./src/hotspot/share/prims/jni.cpp, line 535]
Event: 1,012 Thread 0x00007f62c4016800 Exception <a 'java/lang/UnsatisfiedLinkError'{0x000000008c547408}: /usr/local/lib/libmeos.so: undefined symbol: distance_timestamp_timestamp> (0x000000008c547408) 
thrown [./src/hotspot/share/prims/jni.cpp, line 535]

VM Operations (10 events):
Event: 0,224 Executing VM operation: HandshakeAllThreads
Event: 0,224 Executing VM operation: HandshakeAllThreads done
Event: 0,352 Executing VM operation: HandshakeAllThreads
Event: 0,354 Executing VM operation: HandshakeAllThreads done
Event: 0,461 Executing VM operation: HandshakeAllThreads
Event: 0,461 Executing VM operation: HandshakeAllThreads done
Event: 0,711 Executing VM operation: HandshakeAllThreads
Event: 0,711 Executing VM operation: HandshakeAllThreads done
Event: 1,049 Executing VM operation: G1CollectForAllocation
Event: 1,057 Executing VM operation: G1CollectForAllocation done

Events (20 events):
Event: 1,022 loading class java/util/LinkedList$ListItr
Event: 1,022 loading class java/util/LinkedList$ListItr done
Event: 1,028 loading class sun/misc/Unsafe
Event: 1,028 loading class sun/misc/Unsafe done
Event: 1,048 loading class java/util/Stack
Event: 1,048 loading class java/util/Stack done
Event: 1,062 loading class java/time/OffsetDateTime
Event: 1,062 loading class java/time/OffsetDateTime done
Event: 1,064 loading class java/text/ParsePosition
Event: 1,064 loading class java/text/ParsePosition done
Event: 1,064 loading class java/time/format/DateTimeParseContext
Event: 1,064 loading class java/time/format/DateTimeParseContext done
Event: 1,064 loading class java/time/format/Parsed
Event: 1,064 loading class java/time/format/Parsed done
Event: 1,075 loading class java/time/ZonedDateTime
Event: 1,075 loading class java/time/chrono/ChronoZonedDateTime
Event: 1,075 loading class java/time/chrono/ChronoZonedDateTime done
Event: 1,076 loading class java/time/ZonedDateTime done
Event: 1,085 loading class java/nio/StringCharBuffer
Event: 1,085 loading class java/nio/StringCharBuffer done


Dynamic libraries:
85600000-8d200000 rw-p 00000000 00:00 0 
8d200000-ffe00000 ---p 00000000 00:00 0 
ffe00000-ffe76000 rw-p 00c9d000 08:02 10491600                           /usr/lib/jvm/java-17-openjdk-amd64/lib/server/classes.jsa
ffe76000-fff00000 rw-p 00000000 00:00 0 
fff00000-fff82000 rw-p 00c1b000 08:02 10491600                           /usr/lib/jvm/java-17-openjdk-amd64/lib/server/classes.jsa
fff82000-100000000 rw-p 00000000 00:00 0 
800000000-800458000 rw-p 00001000 08:02 10491600                         /usr/lib/jvm/java-17-openjdk-amd64/lib/server/classes.jsa
800458000-800be2000 r--p 00459000 08:02 10491600                         /usr/lib/jvm/java-17-openjdk-amd64/lib/server/classes.jsa
800be2000-801000000 ---p 00000000 00:00 0 
801000000-801040000 rw-p 00000000 00:00 0 
801040000-801080000 rw-p 00000000 00:00 0 
801080000-841000000 ---p 00000000 00:00 0 
55f4179e8000-55f4179e9000 r--p 00000000 08:02 10485864                   /usr/lib/jvm/java-17-openjdk-amd64/bin/java
55f4179e9000-55f4179ea000 r-xp 00001000 08:02 10485864                   /usr/lib/jvm/java-17-openjdk-amd64/bin/java
55f4179ea000-55f4179eb000 r--p 00002000 08:02 10485864                   /usr/lib/jvm/java-17-openjdk-amd64/bin/java
55f4179eb000-55f4179ec000 r--p 00002000 08:02 10485864                   /usr/lib/jvm/java-17-openjdk-amd64/bin/java
55f4179ec000-55f4179ed000 rw-p 00003000 08:02 10485864                   /usr/lib/jvm/java-17-openjdk-amd64/bin/java
55f418b04000-55f418b4c000 rw-p 00000000 00:00 0                          [heap]
7f6248000000-7f6248021000 rw-p 00000000 00:00 0 
7f6248021000-7f624c000000 ---p 00000000 00:00 0 
7f624c000000-7f624c021000 rw-p 00000000 00:00 0 
7f624c021000-7f6250000000 ---p 00000000 00:00 0 
7f6250000000-7f6250021000 rw-p 00000000 00:00 0 
7f6250021000-7f6254000000 ---p 00000000 00:00 0 
7f6254000000-7f6254021000 rw-p 00000000 00:00 0 
7f6254021000-7f6258000000 ---p 00000000 00:00 0 
7f6258000000-7f6258021000 rw-p 00000000 00:00 0 
7f6258021000-7f625c000000 ---p 00000000 00:00 0 
7f625c000000-7f625c021000 rw-p 00000000 00:00 0 
7f625c021000-7f6260000000 ---p 00000000 00:00 0 
7f6260000000-7f6260021000 rw-p 00000000 00:00 0 
7f6260021000-7f6264000000 ---p 00000000 00:00 0 
7f6264000000-7f6264021000 rw-p 00000000 00:00 0 
7f6264021000-7f6268000000 ---p 00000000 00:00 0 
7f6268000000-7f626842a000 rw-p 00000000 00:00 0 
7f626842a000-7f626c000000 ---p 00000000 00:00 0 
7f626c000000-7f626c021000 rw-p 00000000 00:00 0 
7f626c021000-7f6270000000 ---p 00000000 00:00 0 
7f6270000000-7f6270021000 rw-p 00000000 00:00 0 
7f6270021000-7f6274000000 ---p 00000000 00:00 0 
7f6274000000-7f6274152000 rw-p 00000000 00:00 0 
7f6274152000-7f6278000000 ---p 00000000 00:00 0 
7f6278000000-7f6278021000 rw-p 00000000 00:00 0 
7f6278021000-7f627c000000 ---p 00000000 00:00 0 
7f627c000000-7f627c021000 rw-p 00000000 00:00 0 
7f627c021000-7f6280000000 ---p 00000000 00:00 0 
7f6280000000-7f6280021000 rw-p 00000000 00:00 0 
7f6280021000-7f6284000000 ---p 00000000 00:00 0 
7f6284000000-7f6284021000 rw-p 00000000 00:00 0 
7f6284021000-7f6288000000 ---p 00000000 00:00 0 
7f6288000000-7f6288021000 rw-p 00000000 00:00 0 
7f6288021000-7f628c000000 ---p 00000000 00:00 0 
7f628c000000-7f628c021000 rw-p 00000000 00:00 0 
7f628c021000-7f6290000000 ---p 00000000 00:00 0 
7f6290000000-7f6290260000 rw-p 00000000 00:00 0 
7f6290260000-7f6290400000 ---p 00000000 00:00 0 
7f6290400000-7f6290620000 rw-p 00000000 00:00 0 
7f6290620000-7f6294000000 ---p 00000000 00:00 0 
7f6294000000-7f6294021000 rw-p 00000000 00:00 0 
7f6294021000-7f6298000000 ---p 00000000 00:00 0 
7f6298da2000-7f6298da6000 ---p 00000000 00:00 0 
7f6298da6000-7f6298ea2000 rw-p 00000000 00:00 0 
7f6298ea2000-7f6298ea3000 ---p 00000000 00:00 0 
7f6298ea3000-7f6298fa4000 rw-p 00000000 00:00 0 
7f6298fa4000-7f6298fa5000 ---p 00000000 00:00 0 
7f6298fa5000-7f62990a6000 rw-p 00000000 00:00 0 
7f62990a6000-7f62990a7000 ---p 00000000 00:00 0 
7f62990a7000-7f62991a8000 rw-p 00000000 00:00 0 
7f62991a8000-7f62991ab000 r--p 00000000 08:02 10365379                   /usr/lib/x86_64-linux-gnu/libresolv.so.2
7f62991ab000-7f62991b5000 r-xp 00003000 08:02 10365379                   /usr/lib/x86_64-linux-gnu/libresolv.so.2
7f62991b5000-7f62991b8000 r--p 0000d000 08:02 10365379                   /usr/lib/x86_64-linux-gnu/libresolv.so.2
7f62991b8000-7f62991b9000 r--p 0000f000 08:02 10365379                   /usr/lib/x86_64-linux-gnu/libresolv.so.2
7f62991b9000-7f62991ba000 rw-p 00010000 08:02 10365379                   /usr/lib/x86_64-linux-gnu/libresolv.so.2
7f62991ba000-7f62991bc000 rw-p 00000000 00:00 0 
7f62991bc000-7f62991bd000 r--p 00000000 08:02 10355681                   /usr/lib/x86_64-linux-gnu/libbrotlicommon.so.1.0.9
7f62991bd000-7f62991be000 r-xp 00001000 08:02 10355681                   /usr/lib/x86_64-linux-gnu/libbrotlicommon.so.1.0.9
7f62991be000-7f62991dd000 r--p 00002000 08:02 10355681                   /usr/lib/x86_64-linux-gnu/libbrotlicommon.so.1.0.9
7f62991dd000-7f62991de000 r--p 00020000 08:02 10355681                   /usr/lib/x86_64-linux-gnu/libbrotlicommon.so.1.0.9
7f62991de000-7f62991df000 rw-p 00021000 08:02 10355681                   /usr/lib/x86_64-linux-gnu/libbrotlicommon.so.1.0.9
7f62991df000-7f62991e2000 r--p 00000000 08:02 10356794                   /usr/lib/x86_64-linux-gnu/libsasl2.so.2.0.25
7f62991e2000-7f62991f3000 r-xp 00003000 08:02 10356794                   /usr/lib/x86_64-linux-gnu/libsasl2.so.2.0.25
7f62991f3000-7f62991f8000 r--p 00014000 08:02 10356794                   /usr/lib/x86_64-linux-gnu/libsasl2.so.2.0.25
7f62991f8000-7f62991f9000 r--p 00018000 08:02 10356794                   /usr/lib/x86_64-linux-gnu/libsasl2.so.2.0.25
7f62991f9000-7f62991fa000 rw-p 00019000 08:02 10356794                   /usr/lib/x86_64-linux-gnu/libsasl2.so.2.0.25
7f62991fa000-7f629921b000 r--p 00000000 08:02 10356892                   /usr/lib/x86_64-linux-gnu/libkrb5.so.3.3
7f629921b000-7f6299278000 r-xp 00021000 08:02 10356892                   /usr/lib/x86_64-linux-gnu/libkrb5.so.3.3
7f6299278000-7f62992b5000 r--p 0007e000 08:02 10356892                   /usr/lib/x86_64-linux-gnu/libkrb5.so.3.3
7f62992b5000-7f62992b6000 ---p 000bb000 08:02 10356892                   /usr/lib/x86_64-linux-gnu/libkrb5.so.3.3
7f62992b6000-7f62992c3000 r--p 000bb000 08:02 10356892                   /usr/lib/x86_64-linux-gnu/libkrb5.so.3.3
7f62992c3000-7f62992c5000 rw-p 000c8000 08:02 10356892                   /usr/lib/x86_64-linux-gnu/libkrb5.so.3.3
7f62992c5000-7f62992ee000 r--p 00000000 08:02 10356002                   /usr/lib/x86_64-linux-gnu/libp11-kit.so.0.3.0
7f62992ee000-7f6299392000 r-xp 00029000 08:02 10356002                   /usr/lib/x86_64-linux-gnu/libp11-kit.so.0.3.0
7f6299392000-7f62993ec000 r--p 000cd000 08:02 10356002                   /usr/lib/x86_64-linux-gnu/libp11-kit.so.0.3.0
7f62993ec000-7f62993f6000 r--p 00126000 08:02 10356002                   /usr/lib/x86_64-linux-gnu/libp11-kit.so.0.3.0
7f62993f6000-7f6299400000 rw-p 00130000 08:02 10356002                   /usr/lib/x86_64-linux-gnu/libp11-kit.so.0.3.0
7f6299400000-7f62994b2000 r--p 00000000 08:02 10357909                   /usr/lib/x86_64-linux-gnu/libcrypto.so.3
7f62994b2000-7f6299710000 r-xp 000b2000 08:02 10357909                   /usr/lib/x86_64-linux-gnu/libcrypto.so.3
7f6299710000-7f62997e2000 r--p 00310000 08:02 10357909                   /usr/lib/x86_64-linux-gnu/libcrypto.so.3
7f62997e2000-7f629983d000 r--p 003e1000 08:02 10357909                   /usr/lib/x86_64-linux-gnu/libcrypto.so.3
7f629983d000-7f6299840000 rw-p 0043c000 08:02 10357909                   /usr/lib/x86_64-linux-gnu/libcrypto.so.3
7f6299840000-7f6299843000 rw-p 00000000 00:00 0 
7f6299850000-7f6299852000 r--p 00000000 08:02 10356728                   /usr/lib/x86_64-linux-gnu/libffi.so.8.1.0
7f6299852000-7f6299859000 r-xp 00002000 08:02 10356728                   /usr/lib/x86_64-linux-gnu/libffi.so.8.1.0
7f6299859000-7f629985a000 r--p 00009000 08:02 10356728                   /usr/lib/x86_64-linux-gnu/libffi.so.8.1.0
7f629985a000-7f629985b000 ---p 0000a000 08:02 10356728                   /usr/lib/x86_64-linux-gnu/libffi.so.8.1.0
7f629985b000-7f629985c000 r--p 0000a000 08:02 10356728                   /usr/lib/x86_64-linux-gnu/libffi.so.8.1.0
7f629985c000-7f629985d000 rw-p 0000b000 08:02 10356728                   /usr/lib/x86_64-linux-gnu/libffi.so.8.1.0
7f629985d000-7f6299860000 r--p 00000000 08:02 10355637                   /usr/lib/x86_64-linux-gnu/libkrb5support.so.0.1
7f6299860000-7f6299866000 r-xp 00003000 08:02 10355637                   /usr/lib/x86_64-linux-gnu/libkrb5support.so.0.1
7f6299866000-7f6299868000 r--p 00009000 08:02 10355637                   /usr/lib/x86_64-linux-gnu/libkrb5support.so.0.1
7f6299868000-7f6299869000 ---p 0000b000 08:02 10355637                   /usr/lib/x86_64-linux-gnu/libkrb5support.so.0.1
7f6299869000-7f629986a000 r--p 0000b000 08:02 10355637                   /usr/lib/x86_64-linux-gnu/libkrb5support.so.0.1
7f629986a000-7f629986b000 rw-p 0000c000 08:02 10355637                   /usr/lib/x86_64-linux-gnu/libkrb5support.so.0.1
7f629986b000-7f629987c000 r--p 00000000 08:02 10360661                   /usr/lib/x86_64-linux-gnu/libunistring.so.2.2.0
7f629987c000-7f62998b2000 r-xp 00011000 08:02 10360661                   /usr/lib/x86_64-linux-gnu/libunistring.so.2.2.0
7f62998b2000-7f6299a10000 r--p 00047000 08:02 10360661                   /usr/lib/x86_64-linux-gnu/libunistring.so.2.2.0
7f6299a10000-7f6299a14000 r--p 001a5000 08:02 10360661                   /usr/lib/x86_64-linux-gnu/libunistring.so.2.2.0
7f6299a14000-7f6299a15000 rw-p 001a9000 08:02 10360661                   /usr/lib/x86_64-linux-gnu/libunistring.so.2.2.0
7f6299a15000-7f6299a46000 r--p 00000000 08:02 10357230                   /usr/lib/x86_64-linux-gnu/libgnutls.so.30.31.0
7f6299a46000-7f6299b6f000 r-xp 00031000 08:02 10357230                   /usr/lib/x86_64-linux-gnu/libgnutls.so.30.31.0
7f6299b6f000-7f6299bec000 r--p 0015a000 08:02 10357230                   /usr/lib/x86_64-linux-gnu/libgnutls.so.30.31.0
7f6299bec000-7f6299bfc000 r--p 001d6000 08:02 10357230                   /usr/lib/x86_64-linux-gnu/libgnutls.so.30.31.0
7f6299bfc000-7f6299bfe000 rw-p 001e6000 08:02 10357230                   /usr/lib/x86_64-linux-gnu/libgnutls.so.30.31.0
7f6299bfe000-7f6299c00000 rw-p 00000000 00:00 0 
7f6299c00000-7f6299c78000 r--p 00000000 08:02 10366481                   /usr/lib/x86_64-linux-gnu/libgeos.so.3.10.2
7f6299c78000-7f6299da6000 r-xp 00078000 08:02 10366481                   /usr/lib/x86_64-linux-gnu/libgeos.so.3.10.2
7f6299da6000-7f6299e03000 r--p 001a6000 08:02 10366481                   /usr/lib/x86_64-linux-gnu/libgeos.so.3.10.2
7f6299e03000-7f6299e0a000 r--p 00202000 08:02 10366481                   /usr/lib/x86_64-linux-gnu/libgeos.so.3.10.2
7f6299e0a000-7f6299e0b000 rw-p 00209000 08:02 10366481                   /usr/lib/x86_64-linux-gnu/libgeos.so.3.10.2
7f6299e0e000-7f6299e12000 r--p 00000000 08:02 10357711                   /usr/lib/x86_64-linux-gnu/libk5crypto.so.3.1
7f6299e12000-7f6299e2d000 r-xp 00004000 08:02 10357711                   /usr/lib/x86_64-linux-gnu/libk5crypto.so.3.1
7f6299e2d000-7f6299e39000 r--p 0001f000 08:02 10357711                   /usr/lib/x86_64-linux-gnu/libk5crypto.so.3.1
7f6299e39000-7f6299e3a000 ---p 0002b000 08:02 10357711                   /usr/lib/x86_64-linux-gnu/libk5crypto.so.3.1
7f6299e3a000-7f6299e3b000 r--p 0002b000 08:02 10357711                   /usr/lib/x86_64-linux-gnu/libk5crypto.so.3.1
7f6299e3b000-7f6299e3c000 rw-p 0002c000 08:02 10357711                   /usr/lib/x86_64-linux-gnu/libk5crypto.so.3.1
7f6299e3c000-7f6299e3d000 rw-p 00000000 00:00 0 
7f6299e3d000-7f6299e47000 r--p 00000000 08:02 10357741                   /usr/lib/x86_64-linux-gnu/libgmp.so.10.4.1
7f6299e47000-7f6299ea6000 r-xp 0000a000 08:02 10357741                   /usr/lib/x86_64-linux-gnu/libgmp.so.10.4.1
7f6299ea6000-7f6299ebd000 r--p 00069000 08:02 10357741                   /usr/lib/x86_64-linux-gnu/libgmp.so.10.4.1
7f6299ebd000-7f6299ebe000 r--p 0007f000 08:02 10357741                   /usr/lib/x86_64-linux-gnu/libgmp.so.10.4.1
7f6299ebe000-7f6299ebf000 rw-p 00080000 08:02 10357741                   /usr/lib/x86_64-linux-gnu/libgmp.so.10.4.1
7f6299ebf000-7f6299ec7000 r--p 00000000 08:02 10360657                   /usr/lib/x86_64-linux-gnu/libhogweed.so.6.4
7f6299ec7000-7f6299eda000 r-xp 00008000 08:02 10360657                   /usr/lib/x86_64-linux-gnu/libhogweed.so.6.4
7f6299eda000-7f6299f04000 r--p 0001b000 08:02 10360657                   /usr/lib/x86_64-linux-gnu/libhogweed.so.6.4
7f6299f04000-7f6299f05000 ---p 00045000 08:02 10360657                   /usr/lib/x86_64-linux-gnu/libhogweed.so.6.4
7f6299f05000-7f6299f06000 r--p 00045000 08:02 10360657                   /usr/lib/x86_64-linux-gnu/libhogweed.so.6.4
7f6299f06000-7f6299f07000 rw-p 00046000 08:02 10360657                   /usr/lib/x86_64-linux-gnu/libhogweed.so.6.4
7f6299f07000-7f6299f15000 r--p 00000000 08:02 10362052                   /usr/lib/x86_64-linux-gnu/libldap-2.5.so.0.1.9
7f6299f15000-7f6299f4f000 r-xp 0000e000 08:02 10362052                   /usr/lib/x86_64-linux-gnu/libldap-2.5.so.0.1.9
7f6299f4f000-7f6299f60000 r--p 00048000 08:02 10362052                   /usr/lib/x86_64-linux-gnu/libldap-2.5.so.0.1.9
7f6299f60000-7f6299f61000 ---p 00059000 08:02 10362052                   /usr/lib/x86_64-linux-gnu/libldap-2.5.so.0.1.9
7f6299f61000-7f6299f63000 r--p 00059000 08:02 10362052                   /usr/lib/x86_64-linux-gnu/libldap-2.5.so.0.1.9
7f6299f63000-7f6299f64000 rw-p 0005b000 08:02 10362052                   /usr/lib/x86_64-linux-gnu/libldap-2.5.so.0.1.9
7f6299f64000-7f6299f66000 rw-p 00000000 00:00 0 
7f6299f66000-7f6299f71000 r--p 00000000 08:02 10357451                   /usr/lib/x86_64-linux-gnu/libgssapi_krb5.so.2.2
7f6299f71000-7f6299fa9000 r-xp 0000b000 08:02 10357451                   /usr/lib/x86_64-linux-gnu/libgssapi_krb5.so.2.2
7f6299fa9000-7f6299fb5000 r--p 00043000 08:02 10357451                   /usr/lib/x86_64-linux-gnu/libgssapi_krb5.so.2.2
7f6299fb5000-7f6299fb6000 ---p 0004f000 08:02 10357451                   /usr/lib/x86_64-linux-gnu/libgssapi_krb5.so.2.2
7f6299fb6000-7f6299fb8000 r--p 0004f000 08:02 10357451                   /usr/lib/x86_64-linux-gnu/libgssapi_krb5.so.2.2
7f6299fb8000-7f6299fba000 rw-p 00051000 08:02 10357451                   /usr/lib/x86_64-linux-gnu/libgssapi_krb5.so.2.2
7f6299fba000-7f6299fc4000 r--p 00000000 08:02 10355057                   /usr/lib/x86_64-linux-gnu/libnettle.so.8.4
7f6299fc4000-7f6299fe7000 r-xp 0000a000 08:02 10355057                   /usr/lib/x86_64-linux-gnu/libnettle.so.8.4
7f6299fe7000-7f6299ffd000 r--p 0002d000 08:02 10355057                   /usr/lib/x86_64-linux-gnu/libnettle.so.8.4
7f6299ffd000-7f6299fff000 r--p 00042000 08:02 10355057                   /usr/lib/x86_64-linux-gnu/libnettle.so.8.4
7f6299fff000-7f629a000000 rw-p 00044000 08:02 10355057                   /usr/lib/x86_64-linux-gnu/libnettle.so.8.4
7f629a000000-7f629c000000 rw-p 00000000 00:00 0 
7f629c000000-7f629c021000 rw-p 00000000 00:00 0 
7f629c021000-7f62a0000000 ---p 00000000 00:00 0 
7f62a0000000-7f62a0021000 rw-p 00000000 00:00 0 
7f62a0021000-7f62a4000000 ---p 00000000 00:00 0 
7f62a4000000-7f62a4021000 rw-p 00000000 00:00 0 
7f62a4021000-7f62a8000000 ---p 00000000 00:00 0 
7f62a8001000-7f62a8004000 r--p 00000000 08:02 10361751                   /usr/lib/x86_64-linux-gnu/libtasn1.so.6.6.2
7f62a8004000-7f62a8012000 r-xp 00003000 08:02 10361751                   /usr/lib/x86_64-linux-gnu/libtasn1.so.6.6.2
7f62a8012000-7f62a8016000 r--p 00011000 08:02 10361751                   /usr/lib/x86_64-linux-gnu/libtasn1.so.6.6.2
7f62a8016000-7f62a8017000 ---p 00015000 08:02 10361751                   /usr/lib/x86_64-linux-gnu/libtasn1.so.6.6.2
7f62a8017000-7f62a8018000 r--p 00015000 08:02 10361751                   /usr/lib/x86_64-linux-gnu/libtasn1.so.6.6.2
7f62a8018000-7f62a8019000 rw-p 00016000 08:02 10361751                   /usr/lib/x86_64-linux-gnu/libtasn1.so.6.6.2
7f62a8019000-7f62a801a000 r--p 00000000 08:02 10355683                   /usr/lib/x86_64-linux-gnu/libbrotlidec.so.1.0.9
7f62a801a000-7f62a8022000 r-xp 00001000 08:02 10355683                   /usr/lib/x86_64-linux-gnu/libbrotlidec.so.1.0.9
7f62a8022000-7f62a8025000 r--p 00009000 08:02 10355683                   /usr/lib/x86_64-linux-gnu/libbrotlidec.so.1.0.9
7f62a8025000-7f62a8026000 r--p 0000b000 08:02 10355683                   /usr/lib/x86_64-linux-gnu/libbrotlidec.so.1.0.9
7f62a8026000-7f62a8027000 rw-p 0000c000 08:02 10355683                   /usr/lib/x86_64-linux-gnu/libbrotlidec.so.1.0.9
7f62a8027000-7f62a8034000 r--p 00000000 08:02 10355513                   /usr/lib/x86_64-linux-gnu/libssh.so.4.8.7
7f62a8034000-7f62a8077000 r-xp 0000d000 08:02 10355513                   /usr/lib/x86_64-linux-gnu/libssh.so.4.8.7
7f62a8077000-7f62a808f000 r--p 00050000 08:02 10355513                   /usr/lib/x86_64-linux-gnu/libssh.so.4.8.7
7f62a808f000-7f62a8090000 ---p 00068000 08:02 10355513                   /usr/lib/x86_64-linux-gnu/libssh.so.4.8.7
7f62a8090000-7f62a8092000 r--p 00068000 08:02 10355513                   /usr/lib/x86_64-linux-gnu/libssh.so.4.8.7
7f62a8092000-7f62a8094000 rw-p 0006a000 08:02 10355513                   /usr/lib/x86_64-linux-gnu/libssh.so.4.8.7
7f62a8094000-7f62a8099000 r--p 00000000 08:02 10355338                   /usr/lib/x86_64-linux-gnu/librtmp.so.1
7f62a8099000-7f62a80a9000 r-xp 00005000 08:02 10355338                   /usr/lib/x86_64-linux-gnu/librtmp.so.1
7f62a80a9000-7f62a80b0000 r--p 00015000 08:02 10355338                   /usr/lib/x86_64-linux-gnu/librtmp.so.1
7f62a80b0000-7f62a80b1000 ---p 0001c000 08:02 10355338                   /usr/lib/x86_64-linux-gnu/librtmp.so.1
7f62a80b1000-7f62a80b2000 r--p 0001c000 08:02 10355338                   /usr/lib/x86_64-linux-gnu/librtmp.so.1
7f62a80b2000-7f62a80b3000 rw-p 0001d000 08:02 10355338                   /usr/lib/x86_64-linux-gnu/librtmp.so.1
7f62a80b3000-7f62a80d1000 r--p 00000000 08:02 10355997                   /usr/lib/x86_64-linux-gnu/libsqlite3.so.0.8.6
7f62a80d1000-7f62a81bd000 r-xp 0001e000 08:02 10355997                   /usr/lib/x86_64-linux-gnu/libsqlite3.so.0.8.6
7f62a81bd000-7f62a81f8000 r--p 0010a000 08:02 10355997                   /usr/lib/x86_64-linux-gnu/libsqlite3.so.0.8.6
7f62a81f8000-7f62a81fc000 r--p 00144000 08:02 10355997                   /usr/lib/x86_64-linux-gnu/libsqlite3.so.0.8.6
7f62a81fc000-7f62a8200000 rw-p 00148000 08:02 10355997                   /usr/lib/x86_64-linux-gnu/libsqlite3.so.0.8.6
7f62a8200000-7f62a825b000 r--p 00000000 08:02 10360429                   /usr/lib/x86_64-linux-gnu/libgsl.so.27.0.0
7f62a825b000-7f62a8432000 r-xp 0005b000 08:02 10360429                   /usr/lib/x86_64-linux-gnu/libgsl.so.27.0.0
7f62a8432000-7f62a84ab000 r--p 00232000 08:02 10360429                   /usr/lib/x86_64-linux-gnu/libgsl.so.27.0.0
7f62a84ab000-7f62a84ac000 ---p 002ab000 08:02 10360429                   /usr/lib/x86_64-linux-gnu/libgsl.so.27.0.0
7f62a84ac000-7f62a84b0000 r--p 002ab000 08:02 10360429                   /usr/lib/x86_64-linux-gnu/libgsl.so.27.0.0
7f62a84b0000-7f62a84be000 rw-p 002af000 08:02 10360429                   /usr/lib/x86_64-linux-gnu/libgsl.so.27.0.0
7f62a84be000-7f62a84bf000 rw-p 00000000 00:00 0 
7f62a84c2000-7f62a84c4000 r--p 00000000 08:02 10361325                   /usr/lib/x86_64-linux-gnu/libidn2.so.0.3.7
7f62a84c4000-7f62a84c8000 r-xp 00002000 08:02 10361325                   /usr/lib/x86_64-linux-gnu/libidn2.so.0.3.7
7f62a84c8000-7f62a84e1000 r--p 00006000 08:02 10361325                   /usr/lib/x86_64-linux-gnu/libidn2.so.0.3.7
7f62a84e1000-7f62a84e2000 r--p 0001e000 08:02 10361325                   /usr/lib/x86_64-linux-gnu/libidn2.so.0.3.7
7f62a84e2000-7f62a84e3000 rw-p 0001f000 08:02 10361325                   /usr/lib/x86_64-linux-gnu/libidn2.so.0.3.7
7f62a84e3000-7f62a84e8000 r--p 00000000 08:02 10354889                   /usr/lib/x86_64-linux-gnu/libnghttp2.so.14.20.1
7f62a84e8000-7f62a84fd000 r-xp 00005000 08:02 10354889                   /usr/lib/x86_64-linux-gnu/libnghttp2.so.14.20.1
7f62a84fd000-7f62a8509000 r--p 0001a000 08:02 10354889                   /usr/lib/x86_64-linux-gnu/libnghttp2.so.14.20.1
7f62a8509000-7f62a850c000 r--p 00025000 08:02 10354889                   /usr/lib/x86_64-linux-gnu/libnghttp2.so.14.20.1
7f62a850c000-7f62a850d000 rw-p 00028000 08:02 10354889                   /usr/lib/x86_64-linux-gnu/libnghttp2.so.14.20.1
7f62a850d000-7f62a850e000 r--p 00000000 08:02 10355584                   /usr/lib/x86_64-linux-gnu/libdeflate.so.0
7f62a850e000-7f62a852a000 r-xp 00001000 08:02 10355584                   /usr/lib/x86_64-linux-gnu/libdeflate.so.0
7f62a852a000-7f62a852e000 r--p 0001d000 08:02 10355584                   /usr/lib/x86_64-linux-gnu/libdeflate.so.0
7f62a852e000-7f62a852f000 ---p 00021000 08:02 10355584                   /usr/lib/x86_64-linux-gnu/libdeflate.so.0
7f62a852f000-7f62a8530000 r--p 00021000 08:02 10355584                   /usr/lib/x86_64-linux-gnu/libdeflate.so.0
7f62a8530000-7f62a8531000 rw-p 00022000 08:02 10355584                   /usr/lib/x86_64-linux-gnu/libdeflate.so.0
7f62a8531000-7f62a853b000 r--p 00000000 08:02 10354868                   /usr/lib/x86_64-linux-gnu/libzstd.so.1.4.8
7f62a853b000-7f62a85ed000 r-xp 0000a000 08:02 10354868                   /usr/lib/x86_64-linux-gnu/libzstd.so.1.4.8
7f62a85ed000-7f62a85fe000 r--p 000bc000 08:02 10354868                   /usr/lib/x86_64-linux-gnu/libzstd.so.1.4.8
7f62a85fe000-7f62a85ff000 r--p 000cc000 08:02 10354868                   /usr/lib/x86_64-linux-gnu/libzstd.so.1.4.8
7f62a85ff000-7f62a8600000 rw-p 000cd000 08:02 10354868                   /usr/lib/x86_64-linux-gnu/libzstd.so.1.4.8
7f62a8600000-7f62a8668000 r--p 00000000 08:02 10358220                   /usr/lib/x86_64-linux-gnu/libproj.so.22.2.1
7f62a8668000-7f62a88b7000 r-xp 00068000 08:02 10358220                   /usr/lib/x86_64-linux-gnu/libproj.so.22.2.1
7f62a88b7000-7f62a894c000 r--p 002b7000 08:02 10358220                   /usr/lib/x86_64-linux-gnu/libproj.so.22.2.1
7f62a894c000-7f62a894d000 ---p 0034c000 08:02 10358220                   /usr/lib/x86_64-linux-gnu/libproj.so.22.2.1
7f62a894d000-7f62a8964000 r--p 0034c000 08:02 10358220                   /usr/lib/x86_64-linux-gnu/libproj.so.22.2.1
7f62a8964000-7f62a8966000 rw-p 00363000 08:02 10358220                   /usr/lib/x86_64-linux-gnu/libproj.so.22.2.1
7f62a8966000-7f62a8969000 rw-p 00000000 00:00 0 
7f62a896e000-7f62a8971000 r--p 00000000 08:02 10355303                   /usr/lib/x86_64-linux-gnu/liblber-2.5.so.0.1.9
7f62a8971000-7f62a8979000 r-xp 00003000 08:02 10355303                   /usr/lib/x86_64-linux-gnu/liblber-2.5.so.0.1.9
7f62a8979000-7f62a897c000 r--p 0000b000 08:02 10355303                   /usr/lib/x86_64-linux-gnu/liblber-2.5.so.0.1.9
7f62a897c000-7f62a897d000 ---p 0000e000 08:02 10355303                   /usr/lib/x86_64-linux-gnu/liblber-2.5.so.0.1.9
7f62a897d000-7f62a897e000 r--p 0000e000 08:02 10355303                   /usr/lib/x86_64-linux-gnu/liblber-2.5.so.0.1.9
7f62a897e000-7f62a897f000 rw-p 0000f000 08:02 10355303                   /usr/lib/x86_64-linux-gnu/liblber-2.5.so.0.1.9
7f62a897f000-7f62a8983000 r--p 00000000 08:02 10355582                   /usr/lib/x86_64-linux-gnu/libjpeg.so.8.2.2
7f62a8983000-7f62a89cc000 r-xp 00004000 08:02 10355582                   /usr/lib/x86_64-linux-gnu/libjpeg.so.8.2.2
7f62a89cc000-7f62a89fe000 r--p 0004d000 08:02 10355582                   /usr/lib/x86_64-linux-gnu/libjpeg.so.8.2.2
7f62a89fe000-7f62a89ff000 r--p 0007e000 08:02 10355582                   /usr/lib/x86_64-linux-gnu/libjpeg.so.8.2.2
7f62a89ff000-7f62a8a00000 rw-p 0007f000 08:02 10355582                   /usr/lib/x86_64-linux-gnu/libjpeg.so.8.2.2
7f62a8a00000-7f62a8a12000 r-xp 00000000 08:02 1705150                    /tmp/jffi16824436449016312686.so (deleted)
7f62a8a12000-7f62a8c11000 ---p 00012000 08:02 1705150                    /tmp/jffi16824436449016312686.so (deleted)
7f62a8c11000-7f62a8c12000 rw-p 00011000 08:02 1705150                    /tmp/jffi16824436449016312686.so (deleted)
7f62a8c12000-7f62a8c14000 r--p 00000000 08:02 10358223                   /usr/lib/x86_64-linux-gnu/libwebp.so.7.1.3
7f62a8c14000-7f62a8c69000 r-xp 00002000 08:02 10358223                   /usr/lib/x86_64-linux-gnu/libwebp.so.7.1.3
7f62a8c69000-7f62a8c7a000 r--p 00057000 08:02 10358223                   /usr/lib/x86_64-linux-gnu/libwebp.so.7.1.3
7f62a8c7a000-7f62a8c7b000 r--p 00067000 08:02 10358223                   /usr/lib/x86_64-linux-gnu/libwebp.so.7.1.3
7f62a8c7b000-7f62a8c7c000 rw-p 00068000 08:02 10358223                   /usr/lib/x86_64-linux-gnu/libwebp.so.7.1.3
7f62a8c7c000-7f62a8c7e000 rw-p 00000000 00:00 0 
7f62a8c7e000-7f62a8cb4000 r--p 00000000 08:02 11142841                   /usr/local/lib/libmeos.so
7f62a8cb4000-7f62a8da8000 r-xp 00036000 08:02 11142841                   /usr/local/lib/libmeos.so
7f62a8da8000-7f62a8df3000 r--p 0012a000 08:02 11142841                   /usr/local/lib/libmeos.so
7f62a8df3000-7f62a8df4000 ---p 00175000 08:02 11142841                   /usr/local/lib/libmeos.so
7f62a8df4000-7f62a8df5000 r--p 00175000 08:02 11142841                   /usr/local/lib/libmeos.so
7f62a8df5000-7f62a8dfa000 rw-p 00176000 08:02 11142841                   /usr/local/lib/libmeos.so
7f62a8dfa000-7f62a8e00000 rw-p 00000000 00:00 0 
7f62a8e00000-7f62a95f0000 r--p 00000000 08:02 10356383                   /usr/lib/locale/locale-archive
7f62a95fa000-7f62a95fc000 r--p 00000000 08:02 10361503                   /usr/lib/x86_64-linux-gnu/libpsl.so.5.3.2
7f62a95fc000-7f62a95fe000 r-xp 00002000 08:02 10361503                   /usr/lib/x86_64-linux-gnu/libpsl.so.5.3.2
7f62a95fe000-7f62a960c000 r--p 00004000 08:02 10361503                   /usr/lib/x86_64-linux-gnu/libpsl.so.5.3.2
7f62a960c000-7f62a960d000 r--p 00011000 08:02 10361503                   /usr/lib/x86_64-linux-gnu/libpsl.so.5.3.2
7f62a960d000-7f62a960e000 rw-p 00012000 08:02 10361503                   /usr/lib/x86_64-linux-gnu/libpsl.so.5.3.2
7f62a960e000-7f62a961c000 r--p 00000000 08:02 10355046                   /usr/lib/x86_64-linux-gnu/libcurl-gnutls.so.4.7.0
7f62a961c000-7f62a968e000 r-xp 0000e000 08:02 10355046                   /usr/lib/x86_64-linux-gnu/libcurl-gnutls.so.4.7.0
7f62a968e000-7f62a96a9000 r--p 00080000 08:02 10355046                   /usr/lib/x86_64-linux-gnu/libcurl-gnutls.so.4.7.0
7f62a96a9000-7f62a96ad000 r--p 0009a000 08:02 10355046                   /usr/lib/x86_64-linux-gnu/libcurl-gnutls.so.4.7.0
7f62a96ad000-7f62a96af000 rw-p 0009e000 08:02 10355046                   /usr/lib/x86_64-linux-gnu/libcurl-gnutls.so.4.7.0
7f62a96af000-7f62a98a0000 rw-p 00000000 00:00 0 
7f62a98a0000-7f62ab550000 ---p 00000000 00:00 0 
7f62ab550000-7f62ab748000 rw-p 00000000 00:00 0 
7f62ab748000-7f62ad3f8000 ---p 00000000 00:00 0 
7f62ad3f8000-7f62ad400000 rw-p 00000000 00:00 0 
7f62ad400000-7f62ad670000 rwxp 00000000 00:00 0 
7f62ad670000-7f62b4937000 ---p 00000000 00:00 0 
7f62b4937000-7f62b4ba7000 rwxp 00000000 00:00 0 
7f62b4ba7000-7f62b4ec8000 ---p 00000000 00:00 0 
7f62b4ec8000-7f62b5138000 rwxp 00000000 00:00 0 
7f62b5138000-7f62bc400000 ---p 00000000 00:00 0 
7f62bc400000-7f62c3e43000 r--s 00000000 08:02 10491594                   /usr/lib/jvm/java-17-openjdk-amd64/lib/modules
7f62c3e4d000-7f62c3e50000 r--p 00000000 08:02 10359160                   /usr/lib/x86_64-linux-gnu/liblzma.so.5.2.5
7f62c3e50000-7f62c3e6b000 r-xp 00003000 08:02 10359160                   /usr/lib/x86_64-linux-gnu/liblzma.so.5.2.5
7f62c3e6b000-7f62c3e76000 r--p 0001e000 08:02 10359160                   /usr/lib/x86_64-linux-gnu/liblzma.so.5.2.5
7f62c3e76000-7f62c3e77000 r--p 00028000 08:02 10359160                   /usr/lib/x86_64-linux-gnu/liblzma.so.5.2.5
7f62c3e77000-7f62c3e78000 rw-p 00029000 08:02 10359160                   /usr/lib/x86_64-linux-gnu/liblzma.so.5.2.5
7f62c3e78000-7f62c3e80000 r--p 00000000 08:02 10358811                   /usr/lib/x86_64-linux-gnu/libtiff.so.5.7.0
7f62c3e80000-7f62c3ec8000 r-xp 00008000 08:02 10358811                   /usr/lib/x86_64-linux-gnu/libtiff.so.5.7.0
7f62c3ec8000-7f62c3ef8000 r--p 00050000 08:02 10358811                   /usr/lib/x86_64-linux-gnu/libtiff.so.5.7.0
7f62c3ef8000-7f62c3efd000 r--p 0007f000 08:02 10358811                   /usr/lib/x86_64-linux-gnu/libtiff.so.5.7.0
7f62c3efd000-7f62c3efe000 rw-p 00084000 08:02 10358811                   /usr/lib/x86_64-linux-gnu/libtiff.so.5.7.0
7f62c3efe000-7f62c3eff000 ---p 00000000 00:00 0 
7f62c3eff000-7f62c4000000 rw-p 00000000 00:00 0 
7f62c4000000-7f62c44df000 rw-p 00000000 00:00 0 
7f62c44df000-7f62c8000000 ---p 00000000 00:00 0 
7f62c8003000-7f62c8005000 r--p 00000000 08:02 10357718                   /usr/lib/x86_64-linux-gnu/libkeyutils.so.1.9
7f62c8005000-7f62c8007000 r-xp 00002000 08:02 10357718                   /usr/lib/x86_64-linux-gnu/libkeyutils.so.1.9
7f62c8007000-7f62c8008000 r--p 00004000 08:02 10357718                   /usr/lib/x86_64-linux-gnu/libkeyutils.so.1.9
7f62c8008000-7f62c8009000 r--p 00004000 08:02 10357718                   /usr/lib/x86_64-linux-gnu/libkeyutils.so.1.9
7f62c8009000-7f62c800a000 rw-p 00005000 08:02 10357718                   /usr/lib/x86_64-linux-gnu/libkeyutils.so.1.9
7f62c800a000-7f62c800c000 r--p 00000000 08:02 10355587                   /usr/lib/x86_64-linux-gnu/libjbig.so.0
7f62c800c000-7f62c8015000 r-xp 00002000 08:02 10355587                   /usr/lib/x86_64-linux-gnu/libjbig.so.0
7f62c8015000-7f62c8017000 r--p 0000b000 08:02 10355587                   /usr/lib/x86_64-linux-gnu/libjbig.so.0
7f62c8017000-7f62c8018000 r--p 0000c000 08:02 10355587                   /usr/lib/x86_64-linux-gnu/libjbig.so.0
7f62c8018000-7f62c801b000 rw-p 0000d000 08:02 10355587                   /usr/lib/x86_64-linux-gnu/libjbig.so.0
7f62c801b000-7f62c801e000 r--p 00000000 08:02 10360435                   /usr/lib/x86_64-linux-gnu/libgslcblas.so.0.0.0
7f62c801e000-7f62c8057000 r-xp 00003000 08:02 10360435                   /usr/lib/x86_64-linux-gnu/libgslcblas.so.0.0.0
7f62c8057000-7f62c805b000 r--p 0003c000 08:02 10360435                   /usr/lib/x86_64-linux-gnu/libgslcblas.so.0.0.0
7f62c805b000-7f62c805c000 r--p 0003f000 08:02 10360435                   /usr/lib/x86_64-linux-gnu/libgslcblas.so.0.0.0
7f62c805c000-7f62c805d000 rw-p 00040000 08:02 10360435                   /usr/lib/x86_64-linux-gnu/libgslcblas.so.0.0.0
7f62c805d000-7f62c806c000 r--p 00000000 08:02 10366483                   /usr/lib/x86_64-linux-gnu/libgeos_c.so.1.16.0
7f62c806c000-7f62c808c000 r-xp 0000f000 08:02 10366483                   /usr/lib/x86_64-linux-gnu/libgeos_c.so.1.16.0
7f62c808c000-7f62c8099000 r--p 0002f000 08:02 10366483                   /usr/lib/x86_64-linux-gnu/libgeos_c.so.1.16.0
7f62c8099000-7f62c809a000 ---p 0003c000 08:02 10366483                   /usr/lib/x86_64-linux-gnu/libgeos_c.so.1.16.0
7f62c809a000-7f62c809b000 r--p 0003c000 08:02 10366483                   /usr/lib/x86_64-linux-gnu/libgeos_c.so.1.16.0
7f62c809b000-7f62c809c000 rw-p 0003d000 08:02 10366483                   /usr/lib/x86_64-linux-gnu/libgeos_c.so.1.16.0
7f62c809c000-7f62c80a0000 r--p 00000000 08:02 10355662                   /usr/lib/x86_64-linux-gnu/libjson-c.so.5.1.0
7f62c80a0000-7f62c80a9000 r-xp 00004000 08:02 10355662                   /usr/lib/x86_64-linux-gnu/libjson-c.so.5.1.0
7f62c80a9000-7f62c80ac000 r--p 0000d000 08:02 10355662                   /usr/lib/x86_64-linux-gnu/libjson-c.so.5.1.0
7f62c80ac000-7f62c80ad000 ---p 00010000 08:02 10355662                   /usr/lib/x86_64-linux-gnu/libjson-c.so.5.1.0
7f62c80ad000-7f62c80ae000 r--p 00010000 08:02 10355662                   /usr/lib/x86_64-linux-gnu/libjson-c.so.5.1.0
7f62c80ae000-7f62c80af000 rw-p 00011000 08:02 10355662                   /usr/lib/x86_64-linux-gnu/libjson-c.so.5.1.0
7f62c80c5000-7f62c80ea000 r--p 00000000 08:02 12591460                   /usr/share/locale-langpack/fr/LC_MESSAGES/libc.mo
7f62c80ea000-7f62c80ee000 ---p 00000000 00:00 0 
7f62c80ee000-7f62c81ea000 rw-p 00000000 00:00 0 
7f62c81ea000-7f62c81ee000 ---p 00000000 00:00 0 
7f62c81ee000-7f62c82ea000 rw-p 00000000 00:00 0 
7f62c82ea000-7f62c82ee000 ---p 00000000 00:00 0 
7f62c82ee000-7f62c83ea000 rw-p 00000000 00:00 0 
7f62c83ea000-7f62c83ee000 ---p 00000000 00:00 0 
7f62c83ee000-7f62c84ea000 rw-p 00000000 00:00 0 
7f62c84ea000-7f62c84ee000 ---p 00000000 00:00 0 
7f62c84ee000-7f62c85ea000 rw-p 00000000 00:00 0 
7f62c85ea000-7f62c85ee000 ---p 00000000 00:00 0 
7f62c85ee000-7f62c86ea000 rw-p 00000000 00:00 0 
7f62c86ea000-7f62c86ee000 ---p 00000000 00:00 0 
7f62c86ee000-7f62c87ea000 rw-p 00000000 00:00 0 
7f62c87ea000-7f62c87ee000 ---p 00000000 00:00 0 
7f62c87ee000-7f62c88ea000 rw-p 00000000 00:00 0 
7f62c88ea000-7f62c88ee000 ---p 00000000 00:00 0 
7f62c88ee000-7f62c89ea000 rw-p 00000000 00:00 0 
7f62c89ea000-7f62c89ee000 ---p 00000000 00:00 0 
7f62c89ee000-7f62c8aea000 rw-p 00000000 00:00 0 
7f62c8aea000-7f62c8aee000 ---p 00000000 00:00 0 
7f62c8aee000-7f62c8bea000 rw-p 00000000 00:00 0 
7f62c8bea000-7f62c8beb000 ---p 00000000 00:00 0 
7f62c8beb000-7f62c8cec000 rw-p 00000000 00:00 0 
7f62c8cec000-7f62c8cf1000 r--p 00000000 08:02 10491564                   /usr/lib/jvm/java-17-openjdk-amd64/lib/libjsvml.so
7f62c8cf1000-7f62c8d32000 r-xp 00005000 08:02 10491564                   /usr/lib/jvm/java-17-openjdk-amd64/lib/libjsvml.so
7f62c8d32000-7f62c8dbb000 r--p 00046000 08:02 10491564                   /usr/lib/jvm/java-17-openjdk-amd64/lib/libjsvml.so
7f62c8dbb000-7f62c8dbc000 r--p 000ce000 08:02 10491564                   /usr/lib/jvm/java-17-openjdk-amd64/lib/libjsvml.so
7f62c8dbc000-7f62c8dbd000 rw-p 000cf000 08:02 10491564                   /usr/lib/jvm/java-17-openjdk-amd64/lib/libjsvml.so
7f62c8dbd000-7f62c8e99000 rw-p 00000000 00:00 0 
7f62c8e99000-7f62c8e9a000 ---p 00000000 00:00 0 
7f62c8e9a000-7f62c8f9b000 rw-p 00000000 00:00 0 
7f62c8f9b000-7f62c8f9c000 ---p 00000000 00:00 0 
7f62c8f9c000-7f62c94a1000 rw-p 00000000 00:00 0 
7f62c94a1000-7f62c94a2000 ---p 00000000 00:00 0 
7f62c94a2000-7f62c95a3000 rw-p 00000000 00:00 0 
7f62c95a3000-7f62c95a4000 ---p 00000000 00:00 0 
7f62c95a4000-7f62c96a5000 rw-p 00000000 00:00 0 
7f62c96a5000-7f62c96a6000 ---p 00000000 00:00 0 
7f62c96a6000-7f62c97e5000 rw-p 00000000 00:00 0 
7f62c97e5000-7f62c9b7b000 ---p 00000000 00:00 0 
7f62c9b7b000-7f62c9bba000 rw-p 00000000 00:00 0 
7f62c9bba000-7f62c9f50000 ---p 00000000 00:00 0 
7f62c9f50000-7f62c9f8f000 rw-p 00000000 00:00 0 
7f62c9f8f000-7f62ca325000 ---p 00000000 00:00 0 
7f62ca325000-7f62ca72f000 rw-p 00000000 00:00 0 
7f62ca72f000-7f62ca815000 ---p 00000000 00:00 0 
7f62ca815000-7f62ca81a000 rw-p 00000000 00:00 0 
7f62ca81a000-7f62ca900000 ---p 00000000 00:00 0 
7f62ca900000-7f62ca904000 ---p 00000000 00:00 0 
7f62ca904000-7f62caa00000 rw-p 00000000 00:00 0 
7f62caa00000-7f62caa9a000 r--p 00000000 08:02 10354705                   /usr/lib/x86_64-linux-gnu/libstdc++.so.6.0.30
7f62caa9a000-7f62cabaa000 r-xp 0009a000 08:02 10354705                   /usr/lib/x86_64-linux-gnu/libstdc++.so.6.0.30
7f62cabaa000-7f62cac19000 r--p 001aa000 08:02 10354705                   /usr/lib/x86_64-linux-gnu/libstdc++.so.6.0.30
7f62cac19000-7f62cac24000 r--p 00218000 08:02 10354705                   /usr/lib/x86_64-linux-gnu/libstdc++.so.6.0.30
7f62cac24000-7f62cac27000 rw-p 00223000 08:02 10354705                   /usr/lib/x86_64-linux-gnu/libstdc++.so.6.0.30
7f62cac27000-7f62cac2a000 rw-p 00000000 00:00 0 
7f62cac2a000-7f62cac2c000 r--p 00000000 08:02 10357716                   /usr/lib/x86_64-linux-gnu/libcom_err.so.2.1
7f62cac2c000-7f62cac2d000 r-xp 00002000 08:02 10357716                   /usr/lib/x86_64-linux-gnu/libcom_err.so.2.1
7f62cac2d000-7f62cac2e000 r--p 00003000 08:02 10357716                   /usr/lib/x86_64-linux-gnu/libcom_err.so.2.1
7f62cac2e000-7f62cac2f000 r--p 00003000 08:02 10357716                   /usr/lib/x86_64-linux-gnu/libcom_err.so.2.1
7f62cac2f000-7f62cac30000 rw-p 00004000 08:02 10357716                   /usr/lib/x86_64-linux-gnu/libcom_err.so.2.1
7f62cac30000-7f62cac34000 r--p 00000000 08:02 10491590                   /usr/lib/jvm/java-17-openjdk-amd64/lib/libverify.so
7f62cac34000-7f62cac3b000 r-xp 00004000 08:02 10491590                   /usr/lib/jvm/java-17-openjdk-amd64/lib/libverify.so
7f62cac3b000-7f62cac3d000 r--p 0000b000 08:02 10491590                   /usr/lib/jvm/java-17-openjdk-amd64/lib/libverify.so
7f62cac3d000-7f62cac3f000 r--p 0000c000 08:02 10491590                   /usr/lib/jvm/java-17-openjdk-amd64/lib/libverify.so
7f62cac3f000-7f62cac40000 rw-p 0000e000 08:02 10491590                   /usr/lib/jvm/java-17-openjdk-amd64/lib/libverify.so
7f62cac40000-7f62cac44000 r--p 00000000 08:02 10491576                   /usr/lib/jvm/java-17-openjdk-amd64/lib/libnet.so
7f62cac44000-7f62cac52000 r-xp 00004000 08:02 10491576                   /usr/lib/jvm/java-17-openjdk-amd64/lib/libnet.so
7f62cac52000-7f62cac56000 r--p 00012000 08:02 10491576                   /usr/lib/jvm/java-17-openjdk-amd64/lib/libnet.so
7f62cac56000-7f62cac57000 r--p 00015000 08:02 10491576                   /usr/lib/jvm/java-17-openjdk-amd64/lib/libnet.so
7f62cac57000-7f62cac58000 rw-p 00016000 08:02 10491576                   /usr/lib/jvm/java-17-openjdk-amd64/lib/libnet.so
7f62cac58000-7f62cac5e000 r--p 00000000 08:02 10491578                   /usr/lib/jvm/java-17-openjdk-amd64/lib/libnio.so
7f62cac5e000-7f62cac67000 r-xp 00006000 08:02 10491578                   /usr/lib/jvm/java-17-openjdk-amd64/lib/libnio.so
7f62cac67000-7f62cac6b000 r--p 0000f000 08:02 10491578                   /usr/lib/jvm/java-17-openjdk-amd64/lib/libnio.so
7f62cac6b000-7f62cac6c000 ---p 00013000 08:02 10491578                   /usr/lib/jvm/java-17-openjdk-amd64/lib/libnio.so
7f62cac6c000-7f62cac6d000 r--p 00013000 08:02 10491578                   /usr/lib/jvm/java-17-openjdk-amd64/lib/libnio.so
7f62cac6d000-7f62cac6e000 rw-p 00014000 08:02 10491578                   /usr/lib/jvm/java-17-openjdk-amd64/lib/libnio.so
7f62cac6e000-7f62cacf1000 rw-p 00000000 00:00 0 
7f62cacf1000-7f62cacfd000 r--p 00000000 08:02 10491515                   /usr/lib/jvm/java-17-openjdk-amd64/lib/libjava.so
7f62cacfd000-7f62cad10000 r-xp 0000c000 08:02 10491515                   /usr/lib/jvm/java-17-openjdk-amd64/lib/libjava.so
7f62cad10000-7f62cad16000 r--p 0001f000 08:02 10491515                   /usr/lib/jvm/java-17-openjdk-amd64/lib/libjava.so
7f62cad16000-7f62cad17000 r--p 00024000 08:02 10491515                   /usr/lib/jvm/java-17-openjdk-amd64/lib/libjava.so
7f62cad17000-7f62cad18000 rw-p 00025000 08:02 10491515                   /usr/lib/jvm/java-17-openjdk-amd64/lib/libjava.so
7f62cad18000-7f62cad19000 rw-p 00000000 00:00 0 
7f62cad19000-7f62cad27000 r--p 00000000 08:02 10365361                   /usr/lib/x86_64-linux-gnu/libm.so.6
7f62cad27000-7f62cada3000 r-xp 0000e000 08:02 10365361                   /usr/lib/x86_64-linux-gnu/libm.so.6
7f62cada3000-7f62cadfe000 r--p 0008a000 08:02 10365361                   /usr/lib/x86_64-linux-gnu/libm.so.6
7f62cadfe000-7f62cadff000 r--p 000e4000 08:02 10365361                   /usr/lib/x86_64-linux-gnu/libm.so.6
7f62cadff000-7f62cae00000 rw-p 000e5000 08:02 10365361                   /usr/lib/x86_64-linux-gnu/libm.so.6
7f62cae00000-7f62cb050000 r--p 00000000 08:02 10491606                   /usr/lib/jvm/java-17-openjdk-amd64/lib/server/libjvm.so
7f62cb050000-7f62cbdd4000 r-xp 00250000 08:02 10491606                   /usr/lib/jvm/java-17-openjdk-amd64/lib/server/libjvm.so
7f62cbdd4000-7f62cc057000 r--p 00fd4000 08:02 10491606                   /usr/lib/jvm/java-17-openjdk-amd64/lib/server/libjvm.so
7f62cc057000-7f62cc10f000 r--p 01256000 08:02 10491606                   /usr/lib/jvm/java-17-openjdk-amd64/lib/server/libjvm.so
7f62cc10f000-7f62cc144000 rw-p 0130e000 08:02 10491606                   /usr/lib/jvm/java-17-openjdk-amd64/lib/server/libjvm.so
7f62cc144000-7f62cc19e000 rw-p 00000000 00:00 0 
7f62cc1a1000-7f62cc1a8000 r--s 00000000 08:02 11013395                   /usr/lib/x86_64-linux-gnu/gconv/gconv-modules.cache
7f62cc1a8000-7f62cc1a9000 r--p 00000000 08:02 10491501                   /usr/lib/jvm/java-17-openjdk-amd64/lib/libextnet.so
7f62cc1a9000-7f62cc1aa000 r-xp 00001000 08:02 10491501                   /usr/lib/jvm/java-17-openjdk-amd64/lib/libextnet.so
7f62cc1aa000-7f62cc1ab000 r--p 00002000 08:02 10491501                   /usr/lib/jvm/java-17-openjdk-amd64/lib/libextnet.so
7f62cc1ab000-7f62cc1ac000 r--p 00002000 08:02 10491501                   /usr/lib/jvm/java-17-openjdk-amd64/lib/libextnet.so
7f62cc1ac000-7f62cc1ad000 rw-p 00003000 08:02 10491501                   /usr/lib/jvm/java-17-openjdk-amd64/lib/libextnet.so
7f62cc1ad000-7f62cc1af000 r--p 00000000 08:02 10491592                   /usr/lib/jvm/java-17-openjdk-amd64/lib/libzip.so
7f62cc1af000-7f62cc1b4000 r-xp 00002000 08:02 10491592                   /usr/lib/jvm/java-17-openjdk-amd64/lib/libzip.so
7f62cc1b4000-7f62cc1b6000 r--p 00007000 08:02 10491592                   /usr/lib/jvm/java-17-openjdk-amd64/lib/libzip.so
7f62cc1b6000-7f62cc1b7000 r--p 00008000 08:02 10491592                   /usr/lib/jvm/java-17-openjdk-amd64/lib/libzip.so
7f62cc1b7000-7f62cc1b8000 rw-p 00009000 08:02 10491592                   /usr/lib/jvm/java-17-openjdk-amd64/lib/libzip.so
7f62cc1b8000-7f62cc1bd000 rw-p 00000000 00:00 0 
7f62cc1bd000-7f62cc1c4000 ---p 00000000 00:00 0 
7f62cc1c4000-7f62cc1c7000 r--p 00000000 08:02 10354703                   /usr/lib/x86_64-linux-gnu/libgcc_s.so.1
7f62cc1c7000-7f62cc1de000 r-xp 00003000 08:02 10354703                   /usr/lib/x86_64-linux-gnu/libgcc_s.so.1
7f62cc1de000-7f62cc1e2000 r--p 0001a000 08:02 10354703                   /usr/lib/x86_64-linux-gnu/libgcc_s.so.1
7f62cc1e2000-7f62cc1e3000 r--p 0001d000 08:02 10354703                   /usr/lib/x86_64-linux-gnu/libgcc_s.so.1
7f62cc1e3000-7f62cc1e4000 rw-p 0001e000 08:02 10354703                   /usr/lib/x86_64-linux-gnu/libgcc_s.so.1
7f62cc1e4000-7f62cc1e6000 r--p 00000000 08:02 10354880                   /usr/lib/x86_64-linux-gnu/libz.so.1.2.11
7f62cc1e6000-7f62cc1f7000 r-xp 00002000 08:02 10354880                   /usr/lib/x86_64-linux-gnu/libz.so.1.2.11
7f62cc1f7000-7f62cc1fd000 r--p 00013000 08:02 10354880                   /usr/lib/x86_64-linux-gnu/libz.so.1.2.11
7f62cc1fd000-7f62cc1fe000 ---p 00019000 08:02 10354880                   /usr/lib/x86_64-linux-gnu/libz.so.1.2.11
7f62cc1fe000-7f62cc1ff000 r--p 00019000 08:02 10354880                   /usr/lib/x86_64-linux-gnu/libz.so.1.2.11
7f62cc1ff000-7f62cc200000 rw-p 0001a000 08:02 10354880                   /usr/lib/x86_64-linux-gnu/libz.so.1.2.11
7f62cc200000-7f62cc228000 r--p 00000000 08:02 10365356                   /usr/lib/x86_64-linux-gnu/libc.so.6
7f62cc228000-7f62cc3bd000 r-xp 00028000 08:02 10365356                   /usr/lib/x86_64-linux-gnu/libc.so.6
7f62cc3bd000-7f62cc415000 r--p 001bd000 08:02 10365356                   /usr/lib/x86_64-linux-gnu/libc.so.6
7f62cc415000-7f62cc419000 r--p 00214000 08:02 10365356                   /usr/lib/x86_64-linux-gnu/libc.so.6
7f62cc419000-7f62cc41b000 rw-p 00218000 08:02 10365356                   /usr/lib/x86_64-linux-gnu/libc.so.6
7f62cc41b000-7f62cc428000 rw-p 00000000 00:00 0 
7f62cc42c000-7f62cc42d000 r--p 00000000 08:02 10491505                   /usr/lib/jvm/java-17-openjdk-amd64/lib/libinstrument.so
7f62cc42d000-7f62cc433000 r-xp 00001000 08:02 10491505                   /usr/lib/jvm/java-17-openjdk-amd64/lib/libinstrument.so
7f62cc433000-7f62cc436000 r--p 00007000 08:02 10491505                   /usr/lib/jvm/java-17-openjdk-amd64/lib/libinstrument.so
7f62cc436000-7f62cc437000 r--p 00009000 08:02 10491505                   /usr/lib/jvm/java-17-openjdk-amd64/lib/libinstrument.so
7f62cc437000-7f62cc438000 rw-p 0000a000 08:02 10491505                   /usr/lib/jvm/java-17-openjdk-amd64/lib/libinstrument.so
7f62cc438000-7f62cc43b000 rw-p 00000000 00:00 0 
7f62cc43d000-7f62cc43e000 r-xp 00000000 00:00 0 
7f62cc43e000-7f62cc446000 rw-s 00000000 08:02 1978008                    /tmp/hsperfdata_nidhal/375992
7f62cc446000-7f62cc447000 ---p 00000000 00:00 0 
7f62cc447000-7f62cc448000 r--p 00000000 00:00 0 
7f62cc448000-7f62cc44a000 r--p 00000000 08:02 10491521                   /usr/lib/jvm/java-17-openjdk-amd64/lib/libjimage.so
7f62cc44a000-7f62cc44d000 r-xp 00002000 08:02 10491521                   /usr/lib/jvm/java-17-openjdk-amd64/lib/libjimage.so
7f62cc44d000-7f62cc44e000 r--p 00005000 08:02 10491521                   /usr/lib/jvm/java-17-openjdk-amd64/lib/libjimage.so
7f62cc44e000-7f62cc44f000 ---p 00006000 08:02 10491521                   /usr/lib/jvm/java-17-openjdk-amd64/lib/libjimage.so
7f62cc44f000-7f62cc450000 r--p 00006000 08:02 10491521                   /usr/lib/jvm/java-17-openjdk-amd64/lib/libjimage.so
7f62cc450000-7f62cc451000 rw-p 00007000 08:02 10491521                   /usr/lib/jvm/java-17-openjdk-amd64/lib/libjimage.so
7f62cc451000-7f62cc453000 r--p 00000000 08:02 10491523                   /usr/lib/jvm/java-17-openjdk-amd64/lib/libjli.so
7f62cc453000-7f62cc45d000 r-xp 00002000 08:02 10491523                   /usr/lib/jvm/java-17-openjdk-amd64/lib/libjli.so
7f62cc45d000-7f62cc460000 r--p 0000c000 08:02 10491523                   /usr/lib/jvm/java-17-openjdk-amd64/lib/libjli.so
7f62cc460000-7f62cc461000 r--p 0000e000 08:02 10491523                   /usr/lib/jvm/java-17-openjdk-amd64/lib/libjli.so
7f62cc461000-7f62cc462000 rw-p 0000f000 08:02 10491523                   /usr/lib/jvm/java-17-openjdk-amd64/lib/libjli.so
7f62cc462000-7f62cc464000 rw-p 00000000 00:00 0 
7f62cc464000-7f62cc466000 r--p 00000000 08:02 10356375                   /usr/lib/x86_64-linux-gnu/ld-linux-x86-64.so.2
7f62cc466000-7f62cc490000 r-xp 00002000 08:02 10356375                   /usr/lib/x86_64-linux-gnu/ld-linux-x86-64.so.2
7f62cc490000-7f62cc49b000 r--p 0002c000 08:02 10356375                   /usr/lib/x86_64-linux-gnu/ld-linux-x86-64.so.2
7f62cc49b000-7f62cc49c000 ---p 00000000 00:00 0 
7f62cc49c000-7f62cc49e000 r--p 00037000 08:02 10356375                   /usr/lib/x86_64-linux-gnu/ld-linux-x86-64.so.2
7f62cc49e000-7f62cc4a0000 rw-p 00039000 08:02 10356375                   /usr/lib/x86_64-linux-gnu/ld-linux-x86-64.so.2
7ffc70b50000-7ffc70b72000 rw-p 00000000 00:00 0                          [stack]
7ffc70b74000-7ffc70b78000 r--p 00000000 00:00 0                          [vvar]
7ffc70b78000-7ffc70b7a000 r-xp 00000000 00:00 0                          [vdso]
ffffffffff600000-ffffffffff601000 --xp 00000000 00:00 0                  [vsyscall]


VM Arguments:
jvm_args: -javaagent:/snap/intellij-idea-ultimate/430/lib/idea_rt.jar=38689:/snap/intellij-idea-ultimate/430/bin -Dfile.encoding=UTF-8 
java_command: tutorials.hello_world
java_class_path (initial): /home/nidhal/IdeaProjects/JMEOS/target/classes:/home/nidhal/.m2/repository/com/github/jnr/jnr-ffi/2.2.11/jnr-ffi-2.2.11.jar:/home/nidhal/.m2/repository/com/github/jnr/jffi/1.3.9/jffi-1.3.9.jar:/home/nidhal/.m2/repository/com/github/jnr/jffi/1.3.9/jffi-1.3.9-native.jar:/home/nidhal/.m2/repository/org/ow2/asm/asm/9.2/asm-9.2.jar:/home/nidhal/.m2/repository/org/ow2/asm/asm-commons/9.2/asm-commons-9.2.jar:/home/nidhal/.m2/repository/org/ow2/asm/asm-analysis/9.2/asm-analysis-9.2.jar:/home/nidhal/.m2/repository/org/ow2/asm/asm-tree/9.2/asm-tree-9.2.jar:/home/nidhal/.m2/repository/org/ow2/asm/asm-util/9.2/asm-util-9.2.jar:/home/nidhal/.m2/repository/com/github/jnr/jnr-a64asm/1.0.0/jnr-a64asm-1.0.0.jar:/home/nidhal/.m2/repository/com/github/jnr/jnr-x86asm/1.0.2/jnr-x86asm-1.0.2.jar:/home/nidhal/.m2/repository/org/hibernate/orm/hibernate-core/6.2.2.Final/hibernate-core-6.2.2.Final.jar:/home/nidhal/.m2/repository/jakarta/persistence/jakarta.persistence-api/3.1.0/jakarta.persistence-api-3.1.0.jar:/home/nidhal/.m2/repository/jakarta/transaction/jakarta.transaction-api/2.0.1/jakarta.transaction-api-2.0.1.jar:/home/nidhal/.m2/repository/org/jboss/logging/jboss-logging/3.5.0.Final/jboss-logging-3.5.0.Final.jar:/home/nidhal/.m2/repository/org/hibernate/common/hibernate-commons-annotations/6.0.6.Final/hibernate-commons-annotations-6.0.6.Final.jar:/home/nidhal/.m2/repository/io/smallrye/jandex/3.0.5/jandex-3.0.5.jar:/home/nidhal/.m2/repository/com/fasterxml/classmate/1.5.1/classmate-1.5.1.jar:/home/nidhal/.m2/repository/net/bytebuddy/byte-buddy/1.12.18/byte-buddy-1.12.18.jar:/home/nidhal/.m2/repository/jakarta/xml/bind/jakarta.xml.bind-api/4.0.0/jakarta.xml.bind-api-4.0.0.jar:/home/nidhal/.m2/repository/jakarta/activation/jakarta.activation-api/2.1.0/jakarta.activation-api-2.1.0.jar:/home/nidhal/.m2/repository/org/glassfish/jaxb/jaxb-runtime/4.0.2/jaxb-runtime-4.0.2.jar:/home/nidhal/.m2/repository/org/glassfish/jaxb/jaxb-core/4.0.2/jaxb-core-4.0.2.jar:/ho
Launcher Type: SUN_STANDARD

[Global flags]
     intx CICompilerCount                          = 3                                         {product} {ergonomic}
     uint ConcGCThreads                            = 1                                         {product} {ergonomic}
     uint G1ConcRefinementThreads                  = 4                                         {product} {ergonomic}
   size_t G1HeapRegionSize                         = 1048576                                   {product} {ergonomic}
    uintx GCDrainStackTargetSize                   = 64                                        {product} {ergonomic}
   size_t InitialHeapSize                          = 130023424                                 {product} {ergonomic}
   size_t MarkStackSize                            = 4194304                                   {product} {ergonomic}
   size_t MaxHeapSize                              = 2057306112                                {product} {ergonomic}
   size_t MaxNewSize                               = 1234173952                                {product} {ergonomic}
   size_t MinHeapDeltaBytes                        = 1048576                                   {product} {ergonomic}
   size_t MinHeapSize                              = 8388608                                   {product} {ergonomic}
    uintx NonNMethodCodeHeapSize                   = 5832780                                {pd product} {ergonomic}
    uintx NonProfiledCodeHeapSize                  = 122912730                              {pd product} {ergonomic}
    uintx ProfiledCodeHeapSize                     = 122912730                              {pd product} {ergonomic}
    uintx ReservedCodeCacheSize                    = 251658240                              {pd product} {ergonomic}
     bool SegmentedCodeCache                       = true                                      {product} {ergonomic}
   size_t SoftMaxHeapSize                          = 2057306112                             {manageable} {ergonomic}
     bool UseCompressedClassPointers               = true                           {product lp64_product} {ergonomic}
     bool UseCompressedOops                        = true                           {product lp64_product} {ergonomic}
     bool UseG1GC                                  = true                                      {product} {ergonomic}

Logging:
Log output configuration:
 #0: stdout all=warning uptime,level,tags
 #1: stderr all=off uptime,level,tags

Environment Variables:
JAVA_HOME=/opt/jdk-13.0.2
PATH=/home/nidhal/.local/bin:/usr/local/sbin:/usr/local/bin:/usr/sbin:/usr/bin:/sbin:/bin:/usr/games:/usr/local/games:/snap/bin:/snap/bin/opt/jdk-13.0.2/bin
USERNAME=nidhal
SHELL=/bin/bash
DISPLAY=:0
LANG=fr_FR.UTF-8

Active Locale:
LC_ALL=fr_FR.UTF-8
LC_COLLATE=fr_FR.UTF-8
LC_CTYPE=fr_FR.UTF-8
LC_MESSAGES=fr_FR.UTF-8
LC_MONETARY=fr_FR.UTF-8
LC_NUMERIC=fr_FR.UTF-8
LC_TIME=fr_FR.UTF-8

Signal Handlers:
   SIGSEGV: crash_handler in libjvm.so, mask=11100100010111111101111111111110, flags=SA_RESTART|SA_SIGINFO, unblocked
    SIGBUS: crash_handler in libjvm.so, mask=11100100010111111101111111111110, flags=SA_RESTART|SA_SIGINFO, unblocked
    SIGFPE: crash_handler in libjvm.so, mask=11100100010111111101111111111110, flags=SA_RESTART|SA_SIGINFO, unblocked
   SIGPIPE: javaSignalHandler in libjvm.so, mask=11100100010111111101111111111110, flags=SA_RESTART|SA_SIGINFO, blocked
   SIGXFSZ: javaSignalHandler in libjvm.so, mask=11100100010111111101111111111110, flags=SA_RESTART|SA_SIGINFO, blocked
    SIGILL: crash_handler in libjvm.so, mask=11100100010111111101111111111110, flags=SA_RESTART|SA_SIGINFO, unblocked
   SIGUSR2: SR_handler in libjvm.so, mask=00100000000000000000000000000000, flags=SA_RESTART|SA_SIGINFO, blocked
    SIGHUP: UserHandler in libjvm.so, mask=11100100010111111101111111111110, flags=SA_RESTART|SA_SIGINFO, blocked
    SIGINT: UserHandler in libjvm.so, mask=11100100010111111101111111111110, flags=SA_RESTART|SA_SIGINFO, blocked
   SIGTERM: UserHandler in libjvm.so, mask=11100100010111111101111111111110, flags=SA_RESTART|SA_SIGINFO, blocked
   SIGQUIT: UserHandler in libjvm.so, mask=11100100010111111101111111111110, flags=SA_RESTART|SA_SIGINFO, blocked
   SIGTRAP: crash_handler in libjvm.so, mask=11100100010111111101111111111110, flags=SA_RESTART|SA_SIGINFO, unblocked


---------------  S Y S T E M  ---------------

OS:
DISTRIB_ID=Ubuntu
DISTRIB_RELEASE=22.04
DISTRIB_CODENAME=jammy
DISTRIB_DESCRIPTION="Ubuntu 22.04.2 LTS"
uname: Linux 5.19.0-42-generic #43~22.04.1-Ubuntu SMP PREEMPT_DYNAMIC Fri Apr 21 16:51:08 UTC 2 x86_64
OS uptime: 0 days 4:51 hours
libc: glibc 2.35 NPTL 2.35 
rlimit (soft/hard): STACK 8192k/infinity , CORE 0k/infinity , NPROC 31051/31051 , NOFILE 1048576/1048576 , AS infinity/infinity , CPU infinity/infinity , DATA infinity/infinity , FSIZE infinity/infinity , MEMLOCK 1003616k/1003616k
load average: 4,64 3,90 3,60

/proc/meminfo:
MemTotal:        8028956 kB
MemFree:          309904 kB
MemAvailable:    2611100 kB
Buffers:          232924 kB
Cached:          2390260 kB
SwapCached:        28884 kB
Active:          2269256 kB
Inactive:        4580024 kB
Active(anon):    1239864 kB
Inactive(anon):  3391972 kB
Active(file):    1029392 kB
Inactive(file):  1188052 kB
Unevictable:       75328 kB
Mlocked:              16 kB
SwapTotal:       2097148 kB
SwapFree:        1296124 kB
Zswap:                 0 kB
Zswapped:              0 kB
Dirty:             10164 kB
Writeback:             0 kB
AnonPages:       4289660 kB
Mapped:           923980 kB
Shmem:            411596 kB
KReclaimable:     388920 kB
Slab:             626988 kB
SReclaimable:     388920 kB
SUnreclaim:       238068 kB
KernelStack:       21708 kB
PageTables:        44668 kB
NFS_Unstable:          0 kB
Bounce:                0 kB
WritebackTmp:          0 kB
CommitLimit:     6111624 kB
Committed_AS:   12582972 kB
VmallocTotal:   34359738367 kB
VmallocUsed:       77720 kB
VmallocChunk:          0 kB
Percpu:             5680 kB
HardwareCorrupted:     0 kB
AnonHugePages:         0 kB
ShmemHugePages:        0 kB
ShmemPmdMapped:        0 kB
FileHugePages:         0 kB
FilePmdMapped:         0 kB
HugePages_Total:       0
HugePages_Free:        0
HugePages_Rsvd:        0
HugePages_Surp:        0
Hugepagesize:       2048 kB
Hugetlb:               0 kB
DirectMap4k:      489240 kB
DirectMap2M:     7788544 kB
DirectMap1G:           0 kB

/sys/kernel/mm/transparent_hugepage/enabled: always [madvise] never
/sys/kernel/mm/transparent_hugepage/defrag (defrag/compaction efforts parameter): always defer defer+madvise [madvise] never

Process Memory:
Virtual Size: 5231660K (peak: 5231660K)
Resident Set Size: 84400K (peak: 84400K) (anon: 45252K, file: 39148K, shmem: 0K)
Swapped out: 0K
C-Heap outstanding allocations: 23538K, retained: 3353K
glibc malloc tunables: (default)

/proc/sys/kernel/threads-max (system-wide limit on the number of threads): 62103
/proc/sys/vm/max_map_count (maximum number of memory map areas a process may have): 65530
/proc/sys/kernel/pid_max (system-wide limit on number of process identifiers): 4194304

container (cgroup) information:
container_type: cgroupv2
cpu_cpuset_cpus: not supported
cpu_memory_nodes: not supported
active_processor_count: 4
cpu_quota: not supported
cpu_period: not supported
cpu_shares: not supported
memory_limit_in_bytes: unlimited
memory_and_swap_limit_in_bytes: unlimited
memory_soft_limit_in_bytes: unlimited
memory_usage_in_bytes: 3421440 k
memory_max_usage_in_bytes: not supported
memory_swap_current_in_bytes: 458780 k
memory_swap_max_limit_in_bytes: unlimited
maximum number of tasks: 9315
current number of tasks: 236

Steal ticks since vm start: 0
Steal ticks percentage since vm start:  0,000

CPU: total 4 (initial active 4) (2 cores per cpu, 2 threads per core) family 6 model 78 stepping 3 microcode 0xf0, cx8, cmov, fxsr, ht, mmx, 3dnowpref, sse, sse2, sse3, ssse3, sse4.1, sse4.2, popcnt, lzcnt, tsc, tscinvbit, avx, avx2, aes, erms, clmul, bmi1, bmi2, adx, fma, vzeroupper, clflush, clflushopt
CPU Model and flags from /proc/cpuinfo:
model name	: Intel(R) Core(TM) i3-6100U CPU @ 2.30GHz
flags		: fpu vme de pse tsc msr pae mce cx8 apic sep mtrr pge mca cmov pat pse36 clflush dts acpi mmx fxsr sse sse2 ss ht tm pbe syscall nx pdpe1gb rdtscp lm constant_tsc art arch_perfmon pebs bts rep_good nopl xtopology nonstop_tsc cpuid aperfmperf pni pclmulqdq dtes64 monitor ds_cpl est tm2 ssse3 sdbg fma cx16 xtpr pdcm pcid sse4_1 sse4_2 x2apic movbe popcnt tsc_deadline_timer aes xsave avx f16c rdrand lahf_lm abm 3dnowprefetch cpuid_fault epb invpcid_single pti ssbd ibrs ibpb stibp fsgsbase tsc_adjust bmi1 avx2 smep bmi2 erms invpcid mpx rdseed adx smap clflushopt intel_pt xsaveopt xsavec xgetbv1 xsaves dtherm ida arat pln pts hwp hwp_notify hwp_act_window hwp_epp md_clear flush_l1d arch_capabilities

Online cpus: 0-3
Offline cpus: 
BIOS frequency limitation: <Not Available>
Frequency switch latency (ns): 0
Available cpu frequencies: <Not Available>
Current governor: powersave
Core performance/turbo boost: <Not Available>

Memory: 4k page, physical 8028956k(309652k free), swap 2097148k(1296124k free)
Page Sizes: 4k

vm_info: OpenJDK 64-Bit Server VM (17.0.7+7-Ubuntu-0ubuntu122.04.2) for linux-amd64 JRE (17.0.7+7-Ubuntu-0ubuntu122.04.2), built on May 10 2023 04:02:16 by "buildd" with gcc 11.3.0

END.
