#
# A fatal error has been detected by the Java Runtime Environment:
#
#  SIGSEGV (0xb) at pc=0x00007f7b30726979, pid=375669, tid=375671
#
# JRE version: OpenJDK Runtime Environment (17.0.7+7) (build 17.0.7+7-Ubuntu-0ubuntu122.04.2)
# Java VM: OpenJDK 64-Bit Server VM (17.0.7+7-Ubuntu-0ubuntu122.04.2, mixed mode, sharing, tiered, compressed oops, compressed class ptrs, g1 gc, linux-amd64)
# Problematic frame:
# C  [libmeos.so+0xa8979]  pg_next_dst_boundary+0x29
#
# Core dump will be written. Default location: Core dumps may be processed with "/usr/share/apport/apport -p%p -s%s -c%c -d%d -P%P -u%u -g%g -- %E" (or dumping to /home/nidhal/IdeaProjects/JMEOS/core.375669)
#
# If you would like to submit a bug report, please visit:
#   Unknown
# The crash happened outside the Java Virtual Machine in native code.
# See problematic frame for where to report the bug.
#

---------------  S U M M A R Y ------------

Command Line: -javaagent:/snap/intellij-idea-ultimate/430/lib/idea_rt.jar=41473:/snap/intellij-idea-ultimate/430/bin -Dfile.encoding=UTF-8 tutorials.hello_world

Host: Intel(R) Core(TM) i3-6100U CPU @ 2.30GHz, 4 cores, 7G, Ubuntu 22.04.2 LTS
Time: Mon May 29 22:40:12 2023 CEST elapsed time: 1.228541 seconds (0d 0h 0m 1s)

---------------  T H R E A D  ---------------

Current thread (0x00007f7b5c016800):  JavaThread "main" [_thread_in_native, id=375671, stack(0x00007f7b60700000,0x00007f7b60800000)]

Stack: [0x00007f7b60700000,0x00007f7b60800000],  sp=0x00007f7b607fdf90,  free space=1015k
Native frames: (J=compiled Java code, j=interpreted, Vv=VM code, C=native code)
C  [libmeos.so+0xa8979]  pg_next_dst_boundary+0x29

Java frames: (J=compiled Java code, j=interpreted, Vv=VM code)
j  com.kenai.jffi.Foreign.invokeN1O1(JJJLjava/lang/Object;III)J+0
j  com.kenai.jffi.Invoker.invokeN1(Lcom/kenai/jffi/CallContext;JJILjava/lang/Object;Lcom/kenai/jffi/ObjectParameterStrategy;Lcom/kenai/jffi/ObjectParameterInfo;)J+57
j  tutorials.hello_world$MeosLibrary$jnr$ffi$0.tgeompoint_in(Ljava/lang/String;)Ljnr/ffi/Pointer;+75
j  tutorials.hello_world.main([Ljava/lang/String;)V+111
v  ~StubRoutines::call_stub

siginfo: si_signo: 11 (SIGSEGV), si_code: 1 (SEGV_MAPERR), si_addr: 0x0000000000000104

Register to memory mapping:

RAX=0x0 is NULL
RBX=0x0 is NULL
RCX=0x00007f7b607fdff0 is pointing into the stack for thread: 0x00007f7b5c016800
RDX=0x00007f7b607fdfe0 is pointing into the stack for thread: 0x00007f7b5c016800
RSP=0x00007f7b607fdf90 is pointing into the stack for thread: 0x00007f7b5c016800
RBP=0x00000000386bf200 is an unknown value
RSI=0x00007f7b607fdff8 is pointing into the stack for thread: 0x00007f7b5c016800
RDI=0x00007f7b607fdfe8 is pointing into the stack for thread: 0x00007f7b5c016800
R8 =0x00007f7b607fe000 is pointing into the stack for thread: 0x00007f7b5c016800
R9 =0x00007f7b607fdfe4 is pointing into the stack for thread: 0x00007f7b5c016800
R10=0x00007f7b607fdfe0 is pointing into the stack for thread: 0x00007f7b5c016800
R11=0x00007f7b30726950: pg_next_dst_boundary+0x0000000000000000 in /usr/local/lib/libmeos.so at 0x00007f7b3067e000
R12=0x00007f7b607fe040 is pointing into the stack for thread: 0x00007f7b5c016800
R13=0x0 is NULL
R14=0x0 is NULL
R15=0x00007f7b607fe1b0 is pointing into the stack for thread: 0x00007f7b5c016800


Registers:
RAX=0x0000000000000000, RBX=0x0000000000000000, RCX=0x00007f7b607fdff0, RDX=0x00007f7b607fdfe0
RSP=0x00007f7b607fdf90, RBP=0x00000000386bf200, RSI=0x00007f7b607fdff8, RDI=0x00007f7b607fdfe8
R8 =0x00007f7b607fe000, R9 =0x00007f7b607fdfe4, R10=0x00007f7b607fdfe0, R11=0x00007f7b30726950
R12=0x00007f7b607fe040, R13=0x0000000000000000, R14=0x0000000000000000, R15=0x00007f7b607fe1b0
RIP=0x00007f7b30726979, EFLAGS=0x0000000000010246, CSGSFS=0x002b000000000033, ERR=0x0000000000000004
  TRAPNO=0x000000000000000e

Top of Stack: (sp=0x00007f7b607fdf90)
0x00007f7b607fdf90:   00007f7b307b13c0 1d618ebf085d9600
0x00007f7b607fdfa0:   00007f7b5c4eb550 00007f7b607fe1b0
0x00007f7b607fdfb0:   00000000386d4380 00007f7b607fe040
0x00007f7b607fdfc0:   0000000000000000 00007f7b3072825c 

Instructions: (pc=0x00007f7b30726979)
0x00007f7b30726879:   00 00 00 00 0f 1f 00 f3 0f 1e fa 49 89 f8 48 8d
0x00007f7b30726889:   be 00 01 00 00 4c 89 c6 e9 ca fd ff ff 66 2e 0f
0x00007f7b30726899:   1f 84 00 00 00 00 00 f3 0f 1e fa 41 55 41 54 55
0x00007f7b307268a9:   48 89 fd 53 48 83 ec 08 48 8b 1d 68 89 0d 00 48
0x00007f7b307268b9:   85 db 74 2b 48 8b 7d 00 48 89 da 31 f6 48 81 c3
0x00007f7b307268c9:   68 56 00 00 e8 ce df ff ff 48 89 1d 97 89 0d 00
0x00007f7b307268d9:   48 83 c4 08 5b 5d 41 5c 41 5d c3 0f 1f 40 00 bf
0x00007f7b307268e9:   90 5b 00 00 e8 8e 66 f9 ff 48 89 05 27 89 0d 00
0x00007f7b307268f9:   49 89 c4 48 85 c0 74 d8 4c 8d 2d 38 5a 08 00 31
0x00007f7b30726909:   f6 b9 01 00 00 00 48 89 c2 4c 89 ef e8 56 72 f9
0x00007f7b30726919:   ff 85 c0 75 12 48 8b 1d fb 88 0d 00 eb 96 66 0f
0x00007f7b30726929:   1f 84 00 00 00 00 00 ba 01 00 00 00 4c 89 e6 4c
0x00007f7b30726939:   89 ef e8 60 70 f9 ff eb dc 66 66 2e 0f 1f 84 00
0x00007f7b30726949:   00 00 00 00 0f 1f 00 f3 0f 1e fa 41 55 49 89 d2
0x00007f7b30726959:   41 54 55 53 48 83 ec 18 48 8b 2f 64 48 8b 04 25
0x00007f7b30726969:   28 00 00 00 48 89 44 24 08 31 c0 48 8b 5c 24 40
0x00007f7b30726979:   44 8b 9b 04 01 00 00 45 85 db 0f 84 27 02 00 00
0x00007f7b30726989:   80 bb 10 01 00 00 00 49 89 cc 75 6b 41 8d 53 ff
0x00007f7b30726999:   80 bb 11 01 00 00 00 48 63 ca 48 8b 84 cb 18 01
0x00007f7b307269a9:   00 00 0f 84 ef 00 00 00 48 39 c5 0f 8e e6 00 00
0x00007f7b307269b9:   00 48 8b 8b 18 01 00 00 48 39 e9 7f 46 48 bf e7
0x00007f7b307269c9:   58 ef 44 46 ef 35 ae 48 89 ea 48 29 c2 48 83 ea
0x00007f7b307269d9:   01 48 89 d0 48 f7 e7 48 b8 80 59 60 f0 02 00 00
0x00007f7b307269e9:   00 48 c1 ea 21 4c 8d 6a 01 4c 0f af e8 48 89 e8
0x00007f7b307269f9:   4c 29 e8 eb 43 66 90 48 8b 8b 18 01 00 00 48 39
0x00007f7b30726a09:   e9 7e 89 48 bf e7 58 ef 44 46 ef 35 ae 48 89 ca
0x00007f7b30726a19:   48 29 ea 48 83 ea 01 48 89 d0 48 f7 e7 48 b8 80
0x00007f7b30726a29:   59 60 f0 02 00 00 00 48 c1 ea 21 4c 8d 6a 01 4c
0x00007f7b30726a39:   0f af e8 4a 8d 44 2d 00 48 89 04 24 48 39 c1 0f
0x00007f7b30726a49:   8f 12 02 00 00 41 8d 53 ff 41 bb ff ff ff ff 48
0x00007f7b30726a59:   63 d2 48 39 84 d3 18 01 00 00 0f 8c 83 01 00 00
0x00007f7b30726a69:   48 89 e7 48 83 ec 08 4c 89 d2 4c 89 e1 53 e8 d4 


Stack slot to memory mapping:
stack at sp + 0 slots: 0x00007f7b307b13c0: <offset 0x00000000001333c0> in /usr/local/lib/libmeos.so at 0x00007f7b3067e000
stack at sp + 1 slots: 0x1d618ebf085d9600 is an unknown value
stack at sp + 2 slots: 0x00007f7b5c4eb550 points into unknown readable memory: 0x00007f7cabfb71db | db 71 fb ab 7c 7f 00 00
stack at sp + 3 slots: 0x00007f7b607fe1b0 is pointing into the stack for thread: 0x00007f7b5c016800
stack at sp + 4 slots: 0x00000000386d4380 is an unknown value
stack at sp + 5 slots: 0x00007f7b607fe040 is pointing into the stack for thread: 0x00007f7b5c016800
stack at sp + 6 slots: 0x0 is NULL
stack at sp + 7 slots: 0x00007f7b3072825c: <offset 0x00000000000aa25c> in /usr/local/lib/libmeos.so at 0x00007f7b3067e000


---------------  P R O C E S S  ---------------

Threads class SMR info:
_java_thread_list=0x00007f7b10001fc0, length=13, elements={
0x00007f7b5c016800, 0x00007f7b5c115880, 0x00007f7b5c116c60, 0x00007f7b5c11c410,
0x00007f7b5c11d7c0, 0x00007f7b5c11ebd0, 0x00007f7b5c120580, 0x00007f7b5c121ab0,
0x00007f7b5c122f20, 0x00007f7b5c12e3b0, 0x00007f7b5c2f5bf0, 0x00007f7b5c2f7340,
0x00007f7b10000fe0
}

Java Threads: ( => current thread )
=>0x00007f7b5c016800 JavaThread "main" [_thread_in_native, id=375671, stack(0x00007f7b60700000,0x00007f7b60800000)]
  0x00007f7b5c115880 JavaThread "Reference Handler" daemon [_thread_blocked, id=375683, stack(0x00007f7b31dfe000,0x00007f7b31efe000)]
  0x00007f7b5c116c60 JavaThread "Finalizer" daemon [_thread_blocked, id=375684, stack(0x00007f7b31cfe000,0x00007f7b31dfe000)]
  0x00007f7b5c11c410 JavaThread "Signal Dispatcher" daemon [_thread_blocked, id=375685, stack(0x00007f7b31bfe000,0x00007f7b31cfe000)]
  0x00007f7b5c11d7c0 JavaThread "Service Thread" daemon [_thread_blocked, id=375686, stack(0x00007f7b31300000,0x00007f7b31400000)]
  0x00007f7b5c11ebd0 JavaThread "Monitor Deflation Thread" daemon [_thread_blocked, id=375687, stack(0x00007f7b31200000,0x00007f7b31300000)]
  0x00007f7b5c120580 JavaThread "C2 CompilerThread0" daemon [_thread_blocked, id=375688, stack(0x00007f7b31100000,0x00007f7b31200000)]
  0x00007f7b5c121ab0 JavaThread "C1 CompilerThread0" daemon [_thread_in_native, id=375689, stack(0x00007f7b31000000,0x00007f7b31100000)]
  0x00007f7b5c122f20 JavaThread "Sweeper thread" daemon [_thread_blocked, id=375690, stack(0x00007f7b30f00000,0x00007f7b31000000)]
  0x00007f7b5c12e3b0 JavaThread "Common-Cleaner" daemon [_thread_blocked, id=375694, stack(0x00007f7b30e00000,0x00007f7b30f00000)]
  0x00007f7b5c2f5bf0 JavaThread "Monitor Ctrl-Break" daemon [_thread_in_native, id=375707, stack(0x00007f7b30d00000,0x00007f7b30e00000)]
  0x00007f7b5c2f7340 JavaThread "Notification Thread" daemon [_thread_blocked, id=375708, stack(0x00007f7b30c00000,0x00007f7b30d00000)]
  0x00007f7b10000fe0 JavaThread "Attach Listener" daemon [_thread_in_Java, id=375713, stack(0x00007f7aeec35000,0x00007f7aeed35000)]

Other Threads:
  0x00007f7b5c1117d0 VMThread "VM Thread" [stack: 0x00007f7b31f00000,0x00007f7b32000000] [id=375680]
  0x00007f7b5c019310 WatcherThread [stack: 0x00007f7b30b00000,0x00007f7b30c00000] [id=375709]
  0x00007f7b5c06fee0 GCTaskThread "GC Thread#0" [stack: 0x00007f7b40930000,0x00007f7b40a30000] [id=375672]
  0x00007f7b200051a0 GCTaskThread "GC Thread#1" [stack: 0x00007f7aeeb35000,0x00007f7aeec35000] [id=375714]
  0x00007f7b20005c20 GCTaskThread "GC Thread#2" [stack: 0x00007f7aeea33000,0x00007f7aeeb33000] [id=375715]
  0x00007f7b2000bc70 GCTaskThread "GC Thread#3" [stack: 0x00007f7aee931000,0x00007f7aeea31000] [id=375716]
  0x00007f7b5c080a00 ConcurrentGCThread "G1 Main Marker" [stack: 0x00007f7b4082e000,0x00007f7b4092e000] [id=375673]
  0x00007f7b5c081960 ConcurrentGCThread "G1 Conc#0" [stack: 0x00007f7b4072c000,0x00007f7b4082c000] [id=375675]
  0x00007f7b5c0e6050 ConcurrentGCThread "G1 Refine#0" [stack: 0x00007f7b40226000,0x00007f7b40326000] [id=375677]
  0x00007f7b5c0e6f40 ConcurrentGCThread "G1 Service" [stack: 0x00007f7b40124000,0x00007f7b40224000] [id=375678]

Threads with active compile tasks:
C1 CompilerThread0     1240  718       3       java.lang.String::<init> (828 bytes)

VM state: not at safepoint (normal execution)

VM Mutex/Monitor currently owned by a thread: None

Heap address: 0x0000000085600000, size: 1962 MB, Compressed Oops mode: 32-bit

CDS archive(s) mapped at: [0x0000000800000000-0x0000000800be2000-0x0000000800be2000), size 12460032, SharedBaseAddress: 0x0000000800000000, ArchiveRelocationMode: 0.
Compressed class space mapped at: 0x0000000801000000-0x0000000841000000, reserved size: 1073741824
Narrow klass base: 0x0000000800000000, Narrow klass shift: 0, Narrow klass range: 0x100000000

GC Precious Log:
 CPUs: 4 total, 4 available
 Memory: 7840M
 Large Page Support: Disabled
 NUMA Support: Disabled
 Compressed Oops: Enabled (32-bit)
 Heap Region Size: 1M
 Heap Min Capacity: 8M
 Heap Initial Capacity: 124M
 Heap Max Capacity: 1962M
 Pre-touch: Disabled
 Parallel Workers: 4
 Concurrent Workers: 1
 Concurrent Refinement Workers: 4
 Periodic GC: Disabled

Heap:
 garbage-first heap   total 129024K, used 4825K [0x0000000085600000, 0x0000000100000000)
  region size 1024K, 3 young (3072K), 2 survivors (2048K)
 Metaspace       used 5039K, committed 5184K, reserved 1114112K
  class space    used 499K, committed 512K, reserved 1048576K

Heap Regions: E=young(eden), S=young(survivor), O=old, HS=humongous(starts), HC=humongous(continues), CS=collection set, F=free, OA=open archive, CA=closed archive, TAMS=top-at-mark-start (previous, next)
|   0|0x0000000085600000, 0x0000000085700000, 0x0000000085700000|100%|HS|  |TAMS 0x0000000085600000, 0x0000000085600000| Complete 
|   1|0x0000000085700000, 0x00000000857be600, 0x0000000085800000| 74%| O|  |TAMS 0x0000000085700000, 0x0000000085700000| Untracked 
|   2|0x0000000085800000, 0x0000000085800000, 0x0000000085900000|  0%| F|  |TAMS 0x0000000085800000, 0x0000000085800000| Untracked 
|   3|0x0000000085900000, 0x0000000085900000, 0x0000000085a00000|  0%| F|  |TAMS 0x0000000085900000, 0x0000000085900000| Untracked 
|   4|0x0000000085a00000, 0x0000000085a00000, 0x0000000085b00000|  0%| F|  |TAMS 0x0000000085a00000, 0x0000000085a00000| Untracked 
|   5|0x0000000085b00000, 0x0000000085b00000, 0x0000000085c00000|  0%| F|  |TAMS 0x0000000085b00000, 0x0000000085b00000| Untracked 
|   6|0x0000000085c00000, 0x0000000085c00000, 0x0000000085d00000|  0%| F|  |TAMS 0x0000000085c00000, 0x0000000085c00000| Untracked 
|   7|0x0000000085d00000, 0x0000000085d00000, 0x0000000085e00000|  0%| F|  |TAMS 0x0000000085d00000, 0x0000000085d00000| Untracked 
|   8|0x0000000085e00000, 0x0000000085e00000, 0x0000000085f00000|  0%| F|  |TAMS 0x0000000085e00000, 0x0000000085e00000| Untracked 
|   9|0x0000000085f00000, 0x0000000085f00000, 0x0000000086000000|  0%| F|  |TAMS 0x0000000085f00000, 0x0000000085f00000| Untracked 
|  10|0x0000000086000000, 0x0000000086000000, 0x0000000086100000|  0%| F|  |TAMS 0x0000000086000000, 0x0000000086000000| Untracked 
|  11|0x0000000086100000, 0x0000000086100000, 0x0000000086200000|  0%| F|  |TAMS 0x0000000086100000, 0x0000000086100000| Untracked 
|  12|0x0000000086200000, 0x0000000086200000, 0x0000000086300000|  0%| F|  |TAMS 0x0000000086200000, 0x0000000086200000| Untracked 
|  13|0x0000000086300000, 0x0000000086300000, 0x0000000086400000|  0%| F|  |TAMS 0x0000000086300000, 0x0000000086300000| Untracked 
|  14|0x0000000086400000, 0x0000000086400000, 0x0000000086500000|  0%| F|  |TAMS 0x0000000086400000, 0x0000000086400000| Untracked 
|  15|0x0000000086500000, 0x0000000086500000, 0x0000000086600000|  0%| F|  |TAMS 0x0000000086500000, 0x0000000086500000| Untracked 
|  16|0x0000000086600000, 0x0000000086600000, 0x0000000086700000|  0%| F|  |TAMS 0x0000000086600000, 0x0000000086600000| Untracked 
|  17|0x0000000086700000, 0x0000000086700000, 0x0000000086800000|  0%| F|  |TAMS 0x0000000086700000, 0x0000000086700000| Untracked 
|  18|0x0000000086800000, 0x0000000086800000, 0x0000000086900000|  0%| F|  |TAMS 0x0000000086800000, 0x0000000086800000| Untracked 
|  19|0x0000000086900000, 0x0000000086900000, 0x0000000086a00000|  0%| F|  |TAMS 0x0000000086900000, 0x0000000086900000| Untracked 
|  20|0x0000000086a00000, 0x0000000086a00000, 0x0000000086b00000|  0%| F|  |TAMS 0x0000000086a00000, 0x0000000086a00000| Untracked 
|  21|0x0000000086b00000, 0x0000000086b00000, 0x0000000086c00000|  0%| F|  |TAMS 0x0000000086b00000, 0x0000000086b00000| Untracked 
|  22|0x0000000086c00000, 0x0000000086c00000, 0x0000000086d00000|  0%| F|  |TAMS 0x0000000086c00000, 0x0000000086c00000| Untracked 
|  23|0x0000000086d00000, 0x0000000086d00000, 0x0000000086e00000|  0%| F|  |TAMS 0x0000000086d00000, 0x0000000086d00000| Untracked 
|  24|0x0000000086e00000, 0x0000000086e00000, 0x0000000086f00000|  0%| F|  |TAMS 0x0000000086e00000, 0x0000000086e00000| Untracked 
|  25|0x0000000086f00000, 0x0000000086f00000, 0x0000000087000000|  0%| F|  |TAMS 0x0000000086f00000, 0x0000000086f00000| Untracked 
|  26|0x0000000087000000, 0x0000000087000000, 0x0000000087100000|  0%| F|  |TAMS 0x0000000087000000, 0x0000000087000000| Untracked 
|  27|0x0000000087100000, 0x0000000087100000, 0x0000000087200000|  0%| F|  |TAMS 0x0000000087100000, 0x0000000087100000| Untracked 
|  28|0x0000000087200000, 0x0000000087200000, 0x0000000087300000|  0%| F|  |TAMS 0x0000000087200000, 0x0000000087200000| Untracked 
|  29|0x0000000087300000, 0x0000000087300000, 0x0000000087400000|  0%| F|  |TAMS 0x0000000087300000, 0x0000000087300000| Untracked 
|  30|0x0000000087400000, 0x0000000087400000, 0x0000000087500000|  0%| F|  |TAMS 0x0000000087400000, 0x0000000087400000| Untracked 
|  31|0x0000000087500000, 0x0000000087500000, 0x0000000087600000|  0%| F|  |TAMS 0x0000000087500000, 0x0000000087500000| Untracked 
|  32|0x0000000087600000, 0x0000000087600000, 0x0000000087700000|  0%| F|  |TAMS 0x0000000087600000, 0x0000000087600000| Untracked 
|  33|0x0000000087700000, 0x0000000087700000, 0x0000000087800000|  0%| F|  |TAMS 0x0000000087700000, 0x0000000087700000| Untracked 
|  34|0x0000000087800000, 0x0000000087800000, 0x0000000087900000|  0%| F|  |TAMS 0x0000000087800000, 0x0000000087800000| Untracked 
|  35|0x0000000087900000, 0x0000000087900000, 0x0000000087a00000|  0%| F|  |TAMS 0x0000000087900000, 0x0000000087900000| Untracked 
|  36|0x0000000087a00000, 0x0000000087a00000, 0x0000000087b00000|  0%| F|  |TAMS 0x0000000087a00000, 0x0000000087a00000| Untracked 
|  37|0x0000000087b00000, 0x0000000087b00000, 0x0000000087c00000|  0%| F|  |TAMS 0x0000000087b00000, 0x0000000087b00000| Untracked 
|  38|0x0000000087c00000, 0x0000000087c00000, 0x0000000087d00000|  0%| F|  |TAMS 0x0000000087c00000, 0x0000000087c00000| Untracked 
|  39|0x0000000087d00000, 0x0000000087d00000, 0x0000000087e00000|  0%| F|  |TAMS 0x0000000087d00000, 0x0000000087d00000| Untracked 
|  40|0x0000000087e00000, 0x0000000087e00000, 0x0000000087f00000|  0%| F|  |TAMS 0x0000000087e00000, 0x0000000087e00000| Untracked 
|  41|0x0000000087f00000, 0x0000000087f00000, 0x0000000088000000|  0%| F|  |TAMS 0x0000000087f00000, 0x0000000087f00000| Untracked 
|  42|0x0000000088000000, 0x0000000088000000, 0x0000000088100000|  0%| F|  |TAMS 0x0000000088000000, 0x0000000088000000| Untracked 
|  43|0x0000000088100000, 0x0000000088100000, 0x0000000088200000|  0%| F|  |TAMS 0x0000000088100000, 0x0000000088100000| Untracked 
|  44|0x0000000088200000, 0x0000000088200000, 0x0000000088300000|  0%| F|  |TAMS 0x0000000088200000, 0x0000000088200000| Untracked 
|  45|0x0000000088300000, 0x0000000088300000, 0x0000000088400000|  0%| F|  |TAMS 0x0000000088300000, 0x0000000088300000| Untracked 
|  46|0x0000000088400000, 0x0000000088400000, 0x0000000088500000|  0%| F|  |TAMS 0x0000000088400000, 0x0000000088400000| Untracked 
|  47|0x0000000088500000, 0x0000000088500000, 0x0000000088600000|  0%| F|  |TAMS 0x0000000088500000, 0x0000000088500000| Untracked 
|  48|0x0000000088600000, 0x0000000088600000, 0x0000000088700000|  0%| F|  |TAMS 0x0000000088600000, 0x0000000088600000| Untracked 
|  49|0x0000000088700000, 0x0000000088700000, 0x0000000088800000|  0%| F|  |TAMS 0x0000000088700000, 0x0000000088700000| Untracked 
|  50|0x0000000088800000, 0x0000000088800000, 0x0000000088900000|  0%| F|  |TAMS 0x0000000088800000, 0x0000000088800000| Untracked 
|  51|0x0000000088900000, 0x0000000088900000, 0x0000000088a00000|  0%| F|  |TAMS 0x0000000088900000, 0x0000000088900000| Untracked 
|  52|0x0000000088a00000, 0x0000000088a00000, 0x0000000088b00000|  0%| F|  |TAMS 0x0000000088a00000, 0x0000000088a00000| Untracked 
|  53|0x0000000088b00000, 0x0000000088b00000, 0x0000000088c00000|  0%| F|  |TAMS 0x0000000088b00000, 0x0000000088b00000| Untracked 
|  54|0x0000000088c00000, 0x0000000088c00000, 0x0000000088d00000|  0%| F|  |TAMS 0x0000000088c00000, 0x0000000088c00000| Untracked 
|  55|0x0000000088d00000, 0x0000000088d00000, 0x0000000088e00000|  0%| F|  |TAMS 0x0000000088d00000, 0x0000000088d00000| Untracked 
|  56|0x0000000088e00000, 0x0000000088e00000, 0x0000000088f00000|  0%| F|  |TAMS 0x0000000088e00000, 0x0000000088e00000| Untracked 
|  57|0x0000000088f00000, 0x0000000088f00000, 0x0000000089000000|  0%| F|  |TAMS 0x0000000088f00000, 0x0000000088f00000| Untracked 
|  58|0x0000000089000000, 0x0000000089000000, 0x0000000089100000|  0%| F|  |TAMS 0x0000000089000000, 0x0000000089000000| Untracked 
|  59|0x0000000089100000, 0x0000000089100000, 0x0000000089200000|  0%| F|  |TAMS 0x0000000089100000, 0x0000000089100000| Untracked 
|  60|0x0000000089200000, 0x0000000089200000, 0x0000000089300000|  0%| F|  |TAMS 0x0000000089200000, 0x0000000089200000| Untracked 
|  61|0x0000000089300000, 0x0000000089300000, 0x0000000089400000|  0%| F|  |TAMS 0x0000000089300000, 0x0000000089300000| Untracked 
|  62|0x0000000089400000, 0x0000000089400000, 0x0000000089500000|  0%| F|  |TAMS 0x0000000089400000, 0x0000000089400000| Untracked 
|  63|0x0000000089500000, 0x0000000089500000, 0x0000000089600000|  0%| F|  |TAMS 0x0000000089500000, 0x0000000089500000| Untracked 
|  64|0x0000000089600000, 0x0000000089600000, 0x0000000089700000|  0%| F|  |TAMS 0x0000000089600000, 0x0000000089600000| Untracked 
|  65|0x0000000089700000, 0x0000000089700000, 0x0000000089800000|  0%| F|  |TAMS 0x0000000089700000, 0x0000000089700000| Untracked 
|  66|0x0000000089800000, 0x0000000089800000, 0x0000000089900000|  0%| F|  |TAMS 0x0000000089800000, 0x0000000089800000| Untracked 
|  67|0x0000000089900000, 0x0000000089900000, 0x0000000089a00000|  0%| F|  |TAMS 0x0000000089900000, 0x0000000089900000| Untracked 
|  68|0x0000000089a00000, 0x0000000089a00000, 0x0000000089b00000|  0%| F|  |TAMS 0x0000000089a00000, 0x0000000089a00000| Untracked 
|  69|0x0000000089b00000, 0x0000000089b00000, 0x0000000089c00000|  0%| F|  |TAMS 0x0000000089b00000, 0x0000000089b00000| Untracked 
|  70|0x0000000089c00000, 0x0000000089c00000, 0x0000000089d00000|  0%| F|  |TAMS 0x0000000089c00000, 0x0000000089c00000| Untracked 
|  71|0x0000000089d00000, 0x0000000089d00000, 0x0000000089e00000|  0%| F|  |TAMS 0x0000000089d00000, 0x0000000089d00000| Untracked 
|  72|0x0000000089e00000, 0x0000000089e00000, 0x0000000089f00000|  0%| F|  |TAMS 0x0000000089e00000, 0x0000000089e00000| Untracked 
|  73|0x0000000089f00000, 0x0000000089f00000, 0x000000008a000000|  0%| F|  |TAMS 0x0000000089f00000, 0x0000000089f00000| Untracked 
|  74|0x000000008a000000, 0x000000008a000000, 0x000000008a100000|  0%| F|  |TAMS 0x000000008a000000, 0x000000008a000000| Untracked 
|  75|0x000000008a100000, 0x000000008a100000, 0x000000008a200000|  0%| F|  |TAMS 0x000000008a100000, 0x000000008a100000| Untracked 
|  76|0x000000008a200000, 0x000000008a200000, 0x000000008a300000|  0%| F|  |TAMS 0x000000008a200000, 0x000000008a200000| Untracked 
|  77|0x000000008a300000, 0x000000008a300000, 0x000000008a400000|  0%| F|  |TAMS 0x000000008a300000, 0x000000008a300000| Untracked 
|  78|0x000000008a400000, 0x000000008a400000, 0x000000008a500000|  0%| F|  |TAMS 0x000000008a400000, 0x000000008a400000| Untracked 
|  79|0x000000008a500000, 0x000000008a500000, 0x000000008a600000|  0%| F|  |TAMS 0x000000008a500000, 0x000000008a500000| Untracked 
|  80|0x000000008a600000, 0x000000008a600000, 0x000000008a700000|  0%| F|  |TAMS 0x000000008a600000, 0x000000008a600000| Untracked 
|  81|0x000000008a700000, 0x000000008a700000, 0x000000008a800000|  0%| F|  |TAMS 0x000000008a700000, 0x000000008a700000| Untracked 
|  82|0x000000008a800000, 0x000000008a800000, 0x000000008a900000|  0%| F|  |TAMS 0x000000008a800000, 0x000000008a800000| Untracked 
|  83|0x000000008a900000, 0x000000008a900000, 0x000000008aa00000|  0%| F|  |TAMS 0x000000008a900000, 0x000000008a900000| Untracked 
|  84|0x000000008aa00000, 0x000000008aa00000, 0x000000008ab00000|  0%| F|  |TAMS 0x000000008aa00000, 0x000000008aa00000| Untracked 
|  85|0x000000008ab00000, 0x000000008ab00000, 0x000000008ac00000|  0%| F|  |TAMS 0x000000008ab00000, 0x000000008ab00000| Untracked 
|  86|0x000000008ac00000, 0x000000008ac00000, 0x000000008ad00000|  0%| F|  |TAMS 0x000000008ac00000, 0x000000008ac00000| Untracked 
|  87|0x000000008ad00000, 0x000000008ad00000, 0x000000008ae00000|  0%| F|  |TAMS 0x000000008ad00000, 0x000000008ad00000| Untracked 
|  88|0x000000008ae00000, 0x000000008ae00000, 0x000000008af00000|  0%| F|  |TAMS 0x000000008ae00000, 0x000000008ae00000| Untracked 
|  89|0x000000008af00000, 0x000000008af00000, 0x000000008b000000|  0%| F|  |TAMS 0x000000008af00000, 0x000000008af00000| Untracked 
|  90|0x000000008b000000, 0x000000008b000000, 0x000000008b100000|  0%| F|  |TAMS 0x000000008b000000, 0x000000008b000000| Untracked 
|  91|0x000000008b100000, 0x000000008b100000, 0x000000008b200000|  0%| F|  |TAMS 0x000000008b100000, 0x000000008b100000| Untracked 
|  92|0x000000008b200000, 0x000000008b200000, 0x000000008b300000|  0%| F|  |TAMS 0x000000008b200000, 0x000000008b200000| Untracked 
|  93|0x000000008b300000, 0x000000008b300000, 0x000000008b400000|  0%| F|  |TAMS 0x000000008b300000, 0x000000008b300000| Untracked 
|  94|0x000000008b400000, 0x000000008b400000, 0x000000008b500000|  0%| F|  |TAMS 0x000000008b400000, 0x000000008b400000| Untracked 
|  95|0x000000008b500000, 0x000000008b500000, 0x000000008b600000|  0%| F|  |TAMS 0x000000008b500000, 0x000000008b500000| Untracked 
|  96|0x000000008b600000, 0x000000008b600000, 0x000000008b700000|  0%| F|  |TAMS 0x000000008b600000, 0x000000008b600000| Untracked 
|  97|0x000000008b700000, 0x000000008b700000, 0x000000008b800000|  0%| F|  |TAMS 0x000000008b700000, 0x000000008b700000| Untracked 
|  98|0x000000008b800000, 0x000000008b800000, 0x000000008b900000|  0%| F|  |TAMS 0x000000008b800000, 0x000000008b800000| Untracked 
|  99|0x000000008b900000, 0x000000008b900000, 0x000000008ba00000|  0%| F|  |TAMS 0x000000008b900000, 0x000000008b900000| Untracked 
| 100|0x000000008ba00000, 0x000000008ba00000, 0x000000008bb00000|  0%| F|  |TAMS 0x000000008ba00000, 0x000000008ba00000| Untracked 
| 101|0x000000008bb00000, 0x000000008bb00000, 0x000000008bc00000|  0%| F|  |TAMS 0x000000008bb00000, 0x000000008bb00000| Untracked 
| 102|0x000000008bc00000, 0x000000008bc00000, 0x000000008bd00000|  0%| F|  |TAMS 0x000000008bc00000, 0x000000008bc00000| Untracked 
| 103|0x000000008bd00000, 0x000000008bd00000, 0x000000008be00000|  0%| F|  |TAMS 0x000000008bd00000, 0x000000008bd00000| Untracked 
| 104|0x000000008be00000, 0x000000008be00000, 0x000000008bf00000|  0%| F|  |TAMS 0x000000008be00000, 0x000000008be00000| Untracked 
| 105|0x000000008bf00000, 0x000000008bf00000, 0x000000008c000000|  0%| F|  |TAMS 0x000000008bf00000, 0x000000008bf00000| Untracked 
| 106|0x000000008c000000, 0x000000008c000000, 0x000000008c100000|  0%| F|  |TAMS 0x000000008c000000, 0x000000008c000000| Untracked 
| 107|0x000000008c100000, 0x000000008c100000, 0x000000008c200000|  0%| F|  |TAMS 0x000000008c100000, 0x000000008c100000| Untracked 
| 108|0x000000008c200000, 0x000000008c200000, 0x000000008c300000|  0%| F|  |TAMS 0x000000008c200000, 0x000000008c200000| Untracked 
| 109|0x000000008c300000, 0x000000008c400000, 0x000000008c400000|100%| S|CS|TAMS 0x000000008c300000, 0x000000008c300000| Complete 
| 110|0x000000008c400000, 0x000000008c500000, 0x000000008c500000|100%| S|CS|TAMS 0x000000008c400000, 0x000000008c400000| Complete 
| 111|0x000000008c500000, 0x000000008c500000, 0x000000008c600000|  0%| F|  |TAMS 0x000000008c500000, 0x000000008c500000| Untracked 
| 112|0x000000008c600000, 0x000000008c600000, 0x000000008c700000|  0%| F|  |TAMS 0x000000008c600000, 0x000000008c600000| Untracked 
| 113|0x000000008c700000, 0x000000008c700000, 0x000000008c800000|  0%| F|  |TAMS 0x000000008c700000, 0x000000008c700000| Untracked 
| 114|0x000000008c800000, 0x000000008c800000, 0x000000008c900000|  0%| F|  |TAMS 0x000000008c800000, 0x000000008c800000| Untracked 
| 115|0x000000008c900000, 0x000000008c900000, 0x000000008ca00000|  0%| F|  |TAMS 0x000000008c900000, 0x000000008c900000| Untracked 
| 116|0x000000008ca00000, 0x000000008ca00000, 0x000000008cb00000|  0%| F|  |TAMS 0x000000008ca00000, 0x000000008ca00000| Untracked 
| 117|0x000000008cb00000, 0x000000008cb00000, 0x000000008cc00000|  0%| F|  |TAMS 0x000000008cb00000, 0x000000008cb00000| Untracked 
| 118|0x000000008cc00000, 0x000000008cc00000, 0x000000008cd00000|  0%| F|  |TAMS 0x000000008cc00000, 0x000000008cc00000| Untracked 
| 119|0x000000008cd00000, 0x000000008cd00000, 0x000000008ce00000|  0%| F|  |TAMS 0x000000008cd00000, 0x000000008cd00000| Untracked 
| 120|0x000000008ce00000, 0x000000008ce00000, 0x000000008cf00000|  0%| F|  |TAMS 0x000000008ce00000, 0x000000008ce00000| Untracked 
| 121|0x000000008cf00000, 0x000000008cf00000, 0x000000008d000000|  0%| F|  |TAMS 0x000000008cf00000, 0x000000008cf00000| Untracked 
| 122|0x000000008d000000, 0x000000008d000000, 0x000000008d100000|  0%| F|  |TAMS 0x000000008d000000, 0x000000008d000000| Untracked 
| 123|0x000000008d100000, 0x000000008d1c2ca0, 0x000000008d200000| 76%| E|  |TAMS 0x000000008d100000, 0x000000008d100000| Complete 
|1960|0x00000000ffe00000, 0x00000000ffe76000, 0x00000000fff00000| 46%|OA|  |TAMS 0x00000000ffe00000, 0x00000000ffe00000| Untracked 
|1961|0x00000000fff00000, 0x00000000fff82000, 0x0000000100000000| 50%|CA|  |TAMS 0x00000000fff00000, 0x00000000fff00000| Untracked 

Card table byte_map: [0x00007f7b44b55000,0x00007f7b44f2a000] _byte_map_base: 0x00007f7b4472a000

Marking Bits (Prev, Next): (CMBitMap*) 0x00007f7b5c070960, (CMBitMap*) 0x00007f7b5c0709a0
 Prev Bits: [0x00007f7b428d8000, 0x00007f7b44780000)
 Next Bits: [0x00007f7b40a30000, 0x00007f7b428d8000)

Polling page: 0x00007f7b61fd8000

Metaspace:

Usage:
  Non-class:      4,44 MB used.
      Class:    500,52 KB used.
       Both:      4,93 MB used.

Virtual space:
  Non-class space:       64,00 MB reserved,       4,56 MB (  7%) committed,  1 nodes.
      Class space:        1,00 GB reserved,     512,00 KB ( <1%) committed,  1 nodes.
             Both:        1,06 GB reserved,       5,06 MB ( <1%) committed. 

Chunk freelists:
   Non-Class:  9,92 MB
       Class:  15,50 MB
        Both:  25,42 MB

MaxMetaspaceSize: unlimited
CompressedClassSpaceSize: 1,00 GB
Initial GC threshold: 21,00 MB
Current GC threshold: 21,00 MB
CDS: on
MetaspaceReclaimPolicy: balanced
 - commit_granule_bytes: 65536.
 - commit_granule_words: 8192.
 - virtual_space_node_default_size: 8388608.
 - enlarge_chunks_in_place: 1.
 - new_chunks_are_fully_committed: 0.
 - uncommit_free_chunks: 1.
 - use_allocation_guard: 0.
 - handle_deallocations: 1.


Internal statistics:

num_allocs_failed_limit: 0.
num_arena_births: 18.
num_arena_deaths: 0.
num_vsnodes_births: 2.
num_vsnodes_deaths: 0.
num_space_committed: 81.
num_space_uncommitted: 0.
num_chunks_returned_to_freelist: 0.
num_chunks_taken_from_freelist: 119.
num_chunk_merges: 0.
num_chunk_splits: 83.
num_chunks_enlarged: 64.
num_inconsistent_stats: 0.

CodeHeap 'non-profiled nmethods': size=120032Kb used=220Kb max_used=220Kb free=119811Kb
 bounds [0x00007f7b4cec8000, 0x00007f7b4d138000, 0x00007f7b54400000]
CodeHeap 'profiled nmethods': size=120028Kb used=1236Kb max_used=1236Kb free=118791Kb
 bounds [0x00007f7b45400000, 0x00007f7b45670000, 0x00007f7b4c937000]
CodeHeap 'non-nmethods': size=5700Kb used=1242Kb max_used=1257Kb free=4457Kb
 bounds [0x00007f7b4c937000, 0x00007f7b4cba7000, 0x00007f7b4cec8000]
 total_blobs=1277 nmethods=721 adapters=469
 compilation: enabled
              stopped_count=0, restarted_count=0
 full_count=0

Compilation events (20 events):
Event: 1,213 Thread 0x00007f7b5c121ab0  707       3       jdk.internal.org.objectweb.asm.ClassReader::readUnsignedShort (26 bytes)
Event: 1,214 Thread 0x00007f7b5c121ab0 nmethod 707 0x00007f7b45529390 code [0x00007f7b45529540, 0x00007f7b455296b0]
Event: 1,217 Thread 0x00007f7b5c121ab0  713       3       java.util.HashMap::hash (20 bytes)
Event: 1,217 Thread 0x00007f7b5c121ab0 nmethod 713 0x00007f7b45529790 code [0x00007f7b45529940, 0x00007f7b45529b40]
Event: 1,217 Thread 0x00007f7b5c121ab0  710       3       java.lang.invoke.MemberName::getReferenceKind (12 bytes)
Event: 1,218 Thread 0x00007f7b5c121ab0 nmethod 710 0x00007f7b45529c10 code [0x00007f7b45529da0, 0x00007f7b45529eb0]
Event: 1,218 Thread 0x00007f7b5c121ab0  708       3       java.util.regex.Pattern::isSupplementary (21 bytes)
Event: 1,218 Thread 0x00007f7b5c121ab0 nmethod 708 0x00007f7b45529f10 code [0x00007f7b4552a0c0, 0x00007f7b4552a330]
Event: 1,218 Thread 0x00007f7b5c121ab0  709       3       java.lang.Character::isSurrogate (18 bytes)
Event: 1,218 Thread 0x00007f7b5c121ab0 nmethod 709 0x00007f7b4552a410 code [0x00007f7b4552a5a0, 0x00007f7b4552a730]
Event: 1,218 Thread 0x00007f7b5c121ab0  711       1       java.lang.invoke.MethodHandles$Lookup::previousLookupClass (5 bytes)
Event: 1,218 Thread 0x00007f7b5c121ab0 nmethod 711 0x00007f7b4cefde90 code [0x00007f7b4cefe020, 0x00007f7b4cefe0f0]
Event: 1,219 Thread 0x00007f7b5c120580 nmethod 704 0x00007f7b4cefe190 code [0x00007f7b4cefe340, 0x00007f7b4cefe898]
Event: 1,220 Thread 0x00007f7b5c120580  714       4       sun.net.www.ParseUtil::firstEncodeIndex (86 bytes)
Event: 1,221 Thread 0x00007f7b5c121ab0  715       3       java.util.concurrent.ConcurrentHashMap$Node::<init> (14 bytes)
Event: 1,221 Thread 0x00007f7b5c121ab0 nmethod 715 0x00007f7b4552a790 code [0x00007f7b4552a940, 0x00007f7b4552ac30]
Event: 1,223 Thread 0x00007f7b5c121ab0  717       3       java.io.UnixFileSystem::resolve (101 bytes)
Event: 1,225 Thread 0x00007f7b5c120580 nmethod 714 0x00007f7b4cefeb10 code [0x00007f7b4cefeca0, 0x00007f7b4cefeec8]
Event: 1,225 Thread 0x00007f7b5c121ab0 nmethod 717 0x00007f7b4552ad10 code [0x00007f7b4552b120, 0x00007f7b4552c770]
Event: 1,225 Thread 0x00007f7b5c120580  716       4       java.util.concurrent.ConcurrentHashMap::setTabAt (20 bytes)

GC Heap History (2 events):
Event: 1,197 GC heap before
{Heap before GC invocations=0 (full 0):
 garbage-first heap   total 129024K, used 15328K [0x0000000085600000, 0x0000000100000000)
  region size 1024K, 13 young (13312K), 0 survivors (0K)
 Metaspace       used 4760K, committed 4864K, reserved 1114112K
  class space    used 466K, committed 512K, reserved 1048576K
}
Event: 1,203 GC heap after
{Heap after GC invocations=1 (full 0):
 garbage-first heap   total 129024K, used 4825K [0x0000000085600000, 0x0000000100000000)
  region size 1024K, 2 young (2048K), 2 survivors (2048K)
 Metaspace       used 4760K, committed 4864K, reserved 1114112K
  class space    used 466K, committed 512K, reserved 1048576K
}

Dll operation events (11 events):
Event: 0,004 Loaded shared library /usr/lib/jvm/java-17-openjdk-amd64/lib/libjava.so
Event: 0,050 Loaded shared library /usr/lib/jvm/java-17-openjdk-amd64/lib/libjsvml.so
Event: 0,263 Loaded shared library /usr/lib/jvm/java-17-openjdk-amd64/lib/libzip.so
Event: 0,267 Loaded shared library /usr/lib/jvm/java-17-openjdk-amd64/lib/libinstrument.so
Event: 0,289 Loaded shared library /usr/lib/jvm/java-17-openjdk-amd64/lib/libnio.so
Event: 0,310 Loaded shared library /usr/lib/jvm/java-17-openjdk-amd64/lib/libzip.so
Event: 0,474 Loaded shared library /usr/lib/jvm/java-17-openjdk-amd64/lib/libnet.so
Event: 0,484 Loaded shared library /usr/lib/jvm/java-17-openjdk-amd64/lib/libextnet.so
Event: 0,493 Loaded shared library /usr/lib/jvm/java-17-openjdk-amd64/lib/libjimage.so
Event: 0,649 Loaded shared library /tmp/jffi5035864342706530869.so
Event: 0,706 Loaded shared library /usr/lib/jvm/java-17-openjdk-amd64/lib/libverify.so

Deoptimization events (20 events):
Event: 0,559 Thread 0x00007f7b5c016800 Uncommon trap: trap_request=0xffffff45 fr.pc=0x00007f7b4ced8998 relative=0x0000000000000078
Event: 0,559 Thread 0x00007f7b5c016800 Uncommon trap: reason=unstable_if action=reinterpret pc=0x00007f7b4ced8998 method=java.lang.String.isLatin1()Z @ 10 c2
Event: 0,559 Thread 0x00007f7b5c016800 DEOPT PACKING pc=0x00007f7b4ced8998 sp=0x00007f7b607fa700
Event: 0,559 Thread 0x00007f7b5c016800 DEOPT UNPACKING pc=0x00007f7b4c98d699 sp=0x00007f7b607fa660 mode 2
Event: 0,561 Thread 0x00007f7b5c016800 Uncommon trap: trap_request=0xffffff45 fr.pc=0x00007f7b4cee07fc relative=0x000000000000005c
Event: 0,561 Thread 0x00007f7b5c016800 Uncommon trap: reason=unstable_if action=reinterpret pc=0x00007f7b4cee07fc method=java.lang.String.isLatin1()Z @ 10 c2
Event: 0,561 Thread 0x00007f7b5c016800 DEOPT PACKING pc=0x00007f7b4cee07fc sp=0x00007f7b607fa650
Event: 0,561 Thread 0x00007f7b5c016800 DEOPT UNPACKING pc=0x00007f7b4c98d699 sp=0x00007f7b607fa600 mode 2
Event: 0,623 Thread 0x00007f7b5c016800 Uncommon trap: trap_request=0xffffff45 fr.pc=0x00007f7b4ced49c4 relative=0x00000000000008c4
Event: 0,623 Thread 0x00007f7b5c016800 Uncommon trap: reason=unstable_if action=reinterpret pc=0x00007f7b4ced49c4 method=java.util.HashMap.putVal(ILjava/lang/Object;Ljava/lang/Object;ZZ)Ljava/lang/Object; @ 181 c2
Event: 0,623 Thread 0x00007f7b5c016800 DEOPT PACKING pc=0x00007f7b4ced49c4 sp=0x00007f7b607f9da0
Event: 0,623 Thread 0x00007f7b5c016800 DEOPT UNPACKING pc=0x00007f7b4c98d699 sp=0x00007f7b607f9d40 mode 2
Event: 1,210 Thread 0x00007f7b5c016800 Uncommon trap: trap_request=0xffffff45 fr.pc=0x00007f7b4cef7bdc relative=0x000000000000159c
Event: 1,210 Thread 0x00007f7b5c016800 Uncommon trap: reason=unstable_if action=reinterpret pc=0x00007f7b4cef7bdc method=java.util.HashMap.hash(Ljava/lang/Object;)I @ 1 c2
Event: 1,210 Thread 0x00007f7b5c016800 DEOPT PACKING pc=0x00007f7b4cef7bdc sp=0x00007f7b607fdd60
Event: 1,210 Thread 0x00007f7b5c016800 DEOPT UNPACKING pc=0x00007f7b4c98d699 sp=0x00007f7b607fdd10 mode 2
Event: 1,210 Thread 0x00007f7b5c016800 Uncommon trap: trap_request=0xffffff45 fr.pc=0x00007f7b4cefb538 relative=0x0000000000000098
Event: 1,210 Thread 0x00007f7b5c016800 Uncommon trap: reason=unstable_if action=reinterpret pc=0x00007f7b4cefb538 method=java.util.HashMap.hash(Ljava/lang/Object;)I @ 1 c2
Event: 1,210 Thread 0x00007f7b5c016800 DEOPT PACKING pc=0x00007f7b4cefb538 sp=0x00007f7b607fdd50
Event: 1,210 Thread 0x00007f7b5c016800 DEOPT UNPACKING pc=0x00007f7b4c98d699 sp=0x00007f7b607fdd08 mode 2

Classes unloaded (0 events):
No events

Classes redefined (0 events):
No events

Internal exceptions (9 events):
Event: 0,476 Thread 0x00007f7b5c2f5bf0 Exception <a 'java/lang/NoSuchMethodError'{0x000000008cfe2b48}: 'java.lang.Object java.lang.invoke.DirectMethodHandle$Holder.invokeStaticInit(java.lang.Object)'> (0x000000008cfe2b48) 
thrown [./src/hotspot/share/interpreter/linkResolver.cpp, line 758]
Event: 0,485 Thread 0x00007f7b5c2f5bf0 Exception <a 'java/lang/NoSuchMethodError'{0x000000008cff1200}: 'void java.lang.invoke.DirectMethodHandle$Holder.invokeStatic(java.lang.Object, java.lang.Object)'> (0x000000008cff1200) 
thrown [./src/hotspot/share/interpreter/linkResolver.cpp, line 758]
Event: 0,886 Thread 0x00007f7b5c016800 Exception <a 'java/lang/UnsatisfiedLinkError'{0x000000008cafc318}: meos: Ne peut ouvrir le fichier d'objet partagé: Aucun fichier ou dossier de ce type> (0x000000008cafc318) 
thrown [./src/hotspot/share/prims/jni.cpp, line 535]
Event: 1,090 Thread 0x00007f7b5c016800 Exception <a 'java/lang/NoSuchMethodError'{0x000000008c60a050}: 'java.lang.Object java.lang.invoke.DirectMethodHandle$Holder.newInvokeSpecial(java.lang.Object, java.lang.Object, java.lang.Object, java.lang.Object, java.lang.Object)'> (0x000000008c60a050) 
thrown [./src/hotspot/share/interpreter/linkResolver.cpp, line 758]
Event: 1,162 Thread 0x00007f7b5c016800 Exception <a 'java/lang/UnsatisfiedLinkError'{0x000000008c54dae8}: /usr/local/lib/libmeos.so: undefined symbol: intrange_to_intspan> (0x000000008c54dae8) 
thrown [./src/hotspot/share/prims/jni.cpp, line 535]
Event: 1,163 Thread 0x00007f7b5c016800 Exception <a 'java/lang/UnsatisfiedLinkError'{0x000000008c54f6d0}: /usr/local/lib/libmeos.so: undefined symbol: floatrange_to_floatspan> (0x000000008c54f6d0) 
thrown [./src/hotspot/share/prims/jni.cpp, line 535]
Event: 1,164 Thread 0x00007f7b5c016800 Exception <a 'java/lang/UnsatisfiedLinkError'{0x000000008c555200}: /usr/local/lib/libmeos.so: undefined symbol: distance_timestamp_timestamp> (0x000000008c555200) 
thrown [./src/hotspot/share/prims/jni.cpp, line 535]
Event: 1,210 Thread 0x00007f7b5c016800 Implicit null exception at 0x00007f7b4cef6680 to 0x00007f7b4cef7bc8
Event: 1,210 Thread 0x00007f7b5c016800 Implicit null exception at 0x00007f7b4cefb4af to 0x00007f7b4cefb529

VM Operations (8 events):
Event: 0,176 Executing VM operation: HandshakeAllThreads
Event: 0,177 Executing VM operation: HandshakeAllThreads done
Event: 0,683 Executing VM operation: HandshakeAllThreads
Event: 0,683 Executing VM operation: HandshakeAllThreads done
Event: 0,843 Executing VM operation: HandshakeAllThreads
Event: 0,843 Executing VM operation: HandshakeAllThreads done
Event: 1,196 Executing VM operation: G1CollectForAllocation
Event: 1,203 Executing VM operation: G1CollectForAllocation done

Events (20 events):
Event: 1,174 loading class java/util/LinkedList$ListItr
Event: 1,174 loading class java/util/LinkedList$ListItr done
Event: 1,178 loading class sun/misc/Unsafe
Event: 1,179 loading class sun/misc/Unsafe done
Event: 1,205 loading class java/util/Stack
Event: 1,205 loading class java/util/Stack done
Event: 1,211 loading class java/time/OffsetDateTime
Event: 1,211 loading class java/time/OffsetDateTime done
Event: 1,213 loading class java/text/ParsePosition
Event: 1,213 loading class java/text/ParsePosition done
Event: 1,213 loading class java/time/format/DateTimeParseContext
Event: 1,213 loading class java/time/format/DateTimeParseContext done
Event: 1,213 loading class java/time/format/Parsed
Event: 1,213 loading class java/time/format/Parsed done
Event: 1,216 loading class java/time/ZonedDateTime
Event: 1,216 loading class java/time/chrono/ChronoZonedDateTime
Event: 1,216 loading class java/time/chrono/ChronoZonedDateTime done
Event: 1,216 loading class java/time/ZonedDateTime done
Event: 1,219 loading class java/nio/StringCharBuffer
Event: 1,219 loading class java/nio/StringCharBuffer done


Dynamic libraries:
85600000-8d200000 rw-p 00000000 00:00 0 
8d200000-ffe00000 ---p 00000000 00:00 0 
ffe00000-ffe76000 rw-p 00c9d000 08:02 10491600                           /usr/lib/jvm/java-17-openjdk-amd64/lib/server/classes.jsa
ffe76000-fff00000 rw-p 00000000 00:00 0 
fff00000-fff82000 rw-p 00c1b000 08:02 10491600                           /usr/lib/jvm/java-17-openjdk-amd64/lib/server/classes.jsa
fff82000-100000000 rw-p 00000000 00:00 0 
800000000-800458000 rw-p 00001000 08:02 10491600                         /usr/lib/jvm/java-17-openjdk-amd64/lib/server/classes.jsa
800458000-800be2000 r--p 00459000 08:02 10491600                         /usr/lib/jvm/java-17-openjdk-amd64/lib/server/classes.jsa
800be2000-801000000 ---p 00000000 00:00 0 
801000000-801040000 rw-p 00000000 00:00 0 
801040000-801080000 rw-p 00000000 00:00 0 
801080000-841000000 ---p 00000000 00:00 0 
5607369b0000-5607369b1000 r--p 00000000 08:02 10485864                   /usr/lib/jvm/java-17-openjdk-amd64/bin/java
5607369b1000-5607369b2000 r-xp 00001000 08:02 10485864                   /usr/lib/jvm/java-17-openjdk-amd64/bin/java
5607369b2000-5607369b3000 r--p 00002000 08:02 10485864                   /usr/lib/jvm/java-17-openjdk-amd64/bin/java
5607369b3000-5607369b4000 r--p 00002000 08:02 10485864                   /usr/lib/jvm/java-17-openjdk-amd64/bin/java
5607369b4000-5607369b5000 rw-p 00003000 08:02 10485864                   /usr/lib/jvm/java-17-openjdk-amd64/bin/java
560737ec6000-560737f0e000 rw-p 00000000 00:00 0                          [heap]
7f7ad8000000-7f7ad8021000 rw-p 00000000 00:00 0 
7f7ad8021000-7f7adc000000 ---p 00000000 00:00 0 
7f7ae0000000-7f7ae0021000 rw-p 00000000 00:00 0 
7f7ae0021000-7f7ae4000000 ---p 00000000 00:00 0 
7f7ae4000000-7f7ae4021000 rw-p 00000000 00:00 0 
7f7ae4021000-7f7ae8000000 ---p 00000000 00:00 0 
7f7ae8000000-7f7ae8021000 rw-p 00000000 00:00 0 
7f7ae8021000-7f7aec000000 ---p 00000000 00:00 0 
7f7aee92f000-7f7aee930000 ---p 00000000 00:00 0 
7f7aee930000-7f7aeea31000 rw-p 00000000 00:00 0 
7f7aeea31000-7f7aeea32000 ---p 00000000 00:00 0 
7f7aeea32000-7f7aeeb33000 rw-p 00000000 00:00 0 
7f7aeeb33000-7f7aeeb34000 ---p 00000000 00:00 0 
7f7aeeb34000-7f7aeec35000 rw-p 00000000 00:00 0 
7f7aeec35000-7f7aeec39000 ---p 00000000 00:00 0 
7f7aeec39000-7f7aeed35000 rw-p 00000000 00:00 0 
7f7aeed35000-7f7aeed56000 r--p 00000000 08:02 10356892                   /usr/lib/x86_64-linux-gnu/libkrb5.so.3.3
7f7aeed56000-7f7aeedb3000 r-xp 00021000 08:02 10356892                   /usr/lib/x86_64-linux-gnu/libkrb5.so.3.3
7f7aeedb3000-7f7aeedf0000 r--p 0007e000 08:02 10356892                   /usr/lib/x86_64-linux-gnu/libkrb5.so.3.3
7f7aeedf0000-7f7aeedf1000 ---p 000bb000 08:02 10356892                   /usr/lib/x86_64-linux-gnu/libkrb5.so.3.3
7f7aeedf1000-7f7aeedfe000 r--p 000bb000 08:02 10356892                   /usr/lib/x86_64-linux-gnu/libkrb5.so.3.3
7f7aeedfe000-7f7aeee00000 rw-p 000c8000 08:02 10356892                   /usr/lib/x86_64-linux-gnu/libkrb5.so.3.3
7f7aeee00000-7f7aeeeb2000 r--p 00000000 08:02 10357909                   /usr/lib/x86_64-linux-gnu/libcrypto.so.3
7f7aeeeb2000-7f7aef110000 r-xp 000b2000 08:02 10357909                   /usr/lib/x86_64-linux-gnu/libcrypto.so.3
7f7aef110000-7f7aef1e2000 r--p 00310000 08:02 10357909                   /usr/lib/x86_64-linux-gnu/libcrypto.so.3
7f7aef1e2000-7f7aef23d000 r--p 003e1000 08:02 10357909                   /usr/lib/x86_64-linux-gnu/libcrypto.so.3
7f7aef23d000-7f7aef240000 rw-p 0043c000 08:02 10357909                   /usr/lib/x86_64-linux-gnu/libcrypto.so.3
7f7aef240000-7f7aef243000 rw-p 00000000 00:00 0 
7f7aef25c000-7f7aef25f000 r--p 00000000 08:02 10365379                   /usr/lib/x86_64-linux-gnu/libresolv.so.2
7f7aef25f000-7f7aef269000 r-xp 00003000 08:02 10365379                   /usr/lib/x86_64-linux-gnu/libresolv.so.2
7f7aef269000-7f7aef26c000 r--p 0000d000 08:02 10365379                   /usr/lib/x86_64-linux-gnu/libresolv.so.2
7f7aef26c000-7f7aef26d000 r--p 0000f000 08:02 10365379                   /usr/lib/x86_64-linux-gnu/libresolv.so.2
7f7aef26d000-7f7aef26e000 rw-p 00010000 08:02 10365379                   /usr/lib/x86_64-linux-gnu/libresolv.so.2
7f7aef26e000-7f7aef270000 rw-p 00000000 00:00 0 
7f7aef270000-7f7aef271000 r--p 00000000 08:02 10355681                   /usr/lib/x86_64-linux-gnu/libbrotlicommon.so.1.0.9
7f7aef271000-7f7aef272000 r-xp 00001000 08:02 10355681                   /usr/lib/x86_64-linux-gnu/libbrotlicommon.so.1.0.9
7f7aef272000-7f7aef291000 r--p 00002000 08:02 10355681                   /usr/lib/x86_64-linux-gnu/libbrotlicommon.so.1.0.9
7f7aef291000-7f7aef292000 r--p 00020000 08:02 10355681                   /usr/lib/x86_64-linux-gnu/libbrotlicommon.so.1.0.9
7f7aef292000-7f7aef293000 rw-p 00021000 08:02 10355681                   /usr/lib/x86_64-linux-gnu/libbrotlicommon.so.1.0.9
7f7aef293000-7f7aef296000 r--p 00000000 08:02 10356794                   /usr/lib/x86_64-linux-gnu/libsasl2.so.2.0.25
7f7aef296000-7f7aef2a7000 r-xp 00003000 08:02 10356794                   /usr/lib/x86_64-linux-gnu/libsasl2.so.2.0.25
7f7aef2a7000-7f7aef2ac000 r--p 00014000 08:02 10356794                   /usr/lib/x86_64-linux-gnu/libsasl2.so.2.0.25
7f7aef2ac000-7f7aef2ad000 r--p 00018000 08:02 10356794                   /usr/lib/x86_64-linux-gnu/libsasl2.so.2.0.25
7f7aef2ad000-7f7aef2ae000 rw-p 00019000 08:02 10356794                   /usr/lib/x86_64-linux-gnu/libsasl2.so.2.0.25
7f7aef2ae000-7f7aef2d7000 r--p 00000000 08:02 10356002                   /usr/lib/x86_64-linux-gnu/libp11-kit.so.0.3.0
7f7aef2d7000-7f7aef37b000 r-xp 00029000 08:02 10356002                   /usr/lib/x86_64-linux-gnu/libp11-kit.so.0.3.0
7f7aef37b000-7f7aef3d5000 r--p 000cd000 08:02 10356002                   /usr/lib/x86_64-linux-gnu/libp11-kit.so.0.3.0
7f7aef3d5000-7f7aef3df000 r--p 00126000 08:02 10356002                   /usr/lib/x86_64-linux-gnu/libp11-kit.so.0.3.0
7f7aef3df000-7f7aef3e9000 rw-p 00130000 08:02 10356002                   /usr/lib/x86_64-linux-gnu/libp11-kit.so.0.3.0
7f7aef3e9000-7f7aef3f3000 r--p 00000000 08:02 10357741                   /usr/lib/x86_64-linux-gnu/libgmp.so.10.4.1
7f7aef3f3000-7f7aef452000 r-xp 0000a000 08:02 10357741                   /usr/lib/x86_64-linux-gnu/libgmp.so.10.4.1
7f7aef452000-7f7aef469000 r--p 00069000 08:02 10357741                   /usr/lib/x86_64-linux-gnu/libgmp.so.10.4.1
7f7aef469000-7f7aef46a000 r--p 0007f000 08:02 10357741                   /usr/lib/x86_64-linux-gnu/libgmp.so.10.4.1
7f7aef46a000-7f7aef46b000 rw-p 00080000 08:02 10357741                   /usr/lib/x86_64-linux-gnu/libgmp.so.10.4.1
7f7aef46b000-7f7aef47c000 r--p 00000000 08:02 10360661                   /usr/lib/x86_64-linux-gnu/libunistring.so.2.2.0
7f7aef47c000-7f7aef4b2000 r-xp 00011000 08:02 10360661                   /usr/lib/x86_64-linux-gnu/libunistring.so.2.2.0
7f7aef4b2000-7f7aef610000 r--p 00047000 08:02 10360661                   /usr/lib/x86_64-linux-gnu/libunistring.so.2.2.0
7f7aef610000-7f7aef614000 r--p 001a5000 08:02 10360661                   /usr/lib/x86_64-linux-gnu/libunistring.so.2.2.0
7f7aef614000-7f7aef615000 rw-p 001a9000 08:02 10360661                   /usr/lib/x86_64-linux-gnu/libunistring.so.2.2.0
7f7aef615000-7f7aef646000 r--p 00000000 08:02 10357230                   /usr/lib/x86_64-linux-gnu/libgnutls.so.30.31.0
7f7aef646000-7f7aef76f000 r-xp 00031000 08:02 10357230                   /usr/lib/x86_64-linux-gnu/libgnutls.so.30.31.0
7f7aef76f000-7f7aef7ec000 r--p 0015a000 08:02 10357230                   /usr/lib/x86_64-linux-gnu/libgnutls.so.30.31.0
7f7aef7ec000-7f7aef7fc000 r--p 001d6000 08:02 10357230                   /usr/lib/x86_64-linux-gnu/libgnutls.so.30.31.0
7f7aef7fc000-7f7aef7fe000 rw-p 001e6000 08:02 10357230                   /usr/lib/x86_64-linux-gnu/libgnutls.so.30.31.0
7f7aef7fe000-7f7aef800000 rw-p 00000000 00:00 0 
7f7aef800000-7f7aef878000 r--p 00000000 08:02 10366481                   /usr/lib/x86_64-linux-gnu/libgeos.so.3.10.2
7f7aef878000-7f7aef9a6000 r-xp 00078000 08:02 10366481                   /usr/lib/x86_64-linux-gnu/libgeos.so.3.10.2
7f7aef9a6000-7f7aefa03000 r--p 001a6000 08:02 10366481                   /usr/lib/x86_64-linux-gnu/libgeos.so.3.10.2
7f7aefa03000-7f7aefa0a000 r--p 00202000 08:02 10366481                   /usr/lib/x86_64-linux-gnu/libgeos.so.3.10.2
7f7aefa0a000-7f7aefa0b000 rw-p 00209000 08:02 10366481                   /usr/lib/x86_64-linux-gnu/libgeos.so.3.10.2
7f7aefa16000-7f7aefa18000 r--p 00000000 08:02 10356728                   /usr/lib/x86_64-linux-gnu/libffi.so.8.1.0
7f7aefa18000-7f7aefa1f000 r-xp 00002000 08:02 10356728                   /usr/lib/x86_64-linux-gnu/libffi.so.8.1.0
7f7aefa1f000-7f7aefa20000 r--p 00009000 08:02 10356728                   /usr/lib/x86_64-linux-gnu/libffi.so.8.1.0
7f7aefa20000-7f7aefa21000 ---p 0000a000 08:02 10356728                   /usr/lib/x86_64-linux-gnu/libffi.so.8.1.0
7f7aefa21000-7f7aefa22000 r--p 0000a000 08:02 10356728                   /usr/lib/x86_64-linux-gnu/libffi.so.8.1.0
7f7aefa22000-7f7aefa23000 rw-p 0000b000 08:02 10356728                   /usr/lib/x86_64-linux-gnu/libffi.so.8.1.0
7f7aefa23000-7f7aefa27000 r--p 00000000 08:02 10357711                   /usr/lib/x86_64-linux-gnu/libk5crypto.so.3.1
7f7aefa27000-7f7aefa42000 r-xp 00004000 08:02 10357711                   /usr/lib/x86_64-linux-gnu/libk5crypto.so.3.1
7f7aefa42000-7f7aefa4e000 r--p 0001f000 08:02 10357711                   /usr/lib/x86_64-linux-gnu/libk5crypto.so.3.1
7f7aefa4e000-7f7aefa4f000 ---p 0002b000 08:02 10357711                   /usr/lib/x86_64-linux-gnu/libk5crypto.so.3.1
7f7aefa4f000-7f7aefa50000 r--p 0002b000 08:02 10357711                   /usr/lib/x86_64-linux-gnu/libk5crypto.so.3.1
7f7aefa50000-7f7aefa51000 rw-p 0002c000 08:02 10357711                   /usr/lib/x86_64-linux-gnu/libk5crypto.so.3.1
7f7aefa51000-7f7aefa52000 rw-p 00000000 00:00 0 
7f7aefa52000-7f7aefa5a000 r--p 00000000 08:02 10360657                   /usr/lib/x86_64-linux-gnu/libhogweed.so.6.4
7f7aefa5a000-7f7aefa6d000 r-xp 00008000 08:02 10360657                   /usr/lib/x86_64-linux-gnu/libhogweed.so.6.4
7f7aefa6d000-7f7aefa97000 r--p 0001b000 08:02 10360657                   /usr/lib/x86_64-linux-gnu/libhogweed.so.6.4
7f7aefa97000-7f7aefa98000 ---p 00045000 08:02 10360657                   /usr/lib/x86_64-linux-gnu/libhogweed.so.6.4
7f7aefa98000-7f7aefa99000 r--p 00045000 08:02 10360657                   /usr/lib/x86_64-linux-gnu/libhogweed.so.6.4
7f7aefa99000-7f7aefa9a000 rw-p 00046000 08:02 10360657                   /usr/lib/x86_64-linux-gnu/libhogweed.so.6.4
7f7aefa9a000-7f7aefaa8000 r--p 00000000 08:02 10362052                   /usr/lib/x86_64-linux-gnu/libldap-2.5.so.0.1.9
7f7aefaa8000-7f7aefae2000 r-xp 0000e000 08:02 10362052                   /usr/lib/x86_64-linux-gnu/libldap-2.5.so.0.1.9
7f7aefae2000-7f7aefaf3000 r--p 00048000 08:02 10362052                   /usr/lib/x86_64-linux-gnu/libldap-2.5.so.0.1.9
7f7aefaf3000-7f7aefaf4000 ---p 00059000 08:02 10362052                   /usr/lib/x86_64-linux-gnu/libldap-2.5.so.0.1.9
7f7aefaf4000-7f7aefaf6000 r--p 00059000 08:02 10362052                   /usr/lib/x86_64-linux-gnu/libldap-2.5.so.0.1.9
7f7aefaf6000-7f7aefaf7000 rw-p 0005b000 08:02 10362052                   /usr/lib/x86_64-linux-gnu/libldap-2.5.so.0.1.9
7f7aefaf7000-7f7aefaf9000 rw-p 00000000 00:00 0 
7f7aefaf9000-7f7aefb04000 r--p 00000000 08:02 10357451                   /usr/lib/x86_64-linux-gnu/libgssapi_krb5.so.2.2
7f7aefb04000-7f7aefb3c000 r-xp 0000b000 08:02 10357451                   /usr/lib/x86_64-linux-gnu/libgssapi_krb5.so.2.2
7f7aefb3c000-7f7aefb48000 r--p 00043000 08:02 10357451                   /usr/lib/x86_64-linux-gnu/libgssapi_krb5.so.2.2
7f7aefb48000-7f7aefb49000 ---p 0004f000 08:02 10357451                   /usr/lib/x86_64-linux-gnu/libgssapi_krb5.so.2.2
7f7aefb49000-7f7aefb4b000 r--p 0004f000 08:02 10357451                   /usr/lib/x86_64-linux-gnu/libgssapi_krb5.so.2.2
7f7aefb4b000-7f7aefb4d000 rw-p 00051000 08:02 10357451                   /usr/lib/x86_64-linux-gnu/libgssapi_krb5.so.2.2
7f7aefb4d000-7f7aefb57000 r--p 00000000 08:02 10355057                   /usr/lib/x86_64-linux-gnu/libnettle.so.8.4
7f7aefb57000-7f7aefb7a000 r-xp 0000a000 08:02 10355057                   /usr/lib/x86_64-linux-gnu/libnettle.so.8.4
7f7aefb7a000-7f7aefb90000 r--p 0002d000 08:02 10355057                   /usr/lib/x86_64-linux-gnu/libnettle.so.8.4
7f7aefb90000-7f7aefb92000 r--p 00042000 08:02 10355057                   /usr/lib/x86_64-linux-gnu/libnettle.so.8.4
7f7aefb92000-7f7aefb93000 rw-p 00044000 08:02 10355057                   /usr/lib/x86_64-linux-gnu/libnettle.so.8.4
7f7aefb93000-7f7aefba0000 r--p 00000000 08:02 10355513                   /usr/lib/x86_64-linux-gnu/libssh.so.4.8.7
7f7aefba0000-7f7aefbe3000 r-xp 0000d000 08:02 10355513                   /usr/lib/x86_64-linux-gnu/libssh.so.4.8.7
7f7aefbe3000-7f7aefbfb000 r--p 00050000 08:02 10355513                   /usr/lib/x86_64-linux-gnu/libssh.so.4.8.7
7f7aefbfb000-7f7aefbfc000 ---p 00068000 08:02 10355513                   /usr/lib/x86_64-linux-gnu/libssh.so.4.8.7
7f7aefbfc000-7f7aefbfe000 r--p 00068000 08:02 10355513                   /usr/lib/x86_64-linux-gnu/libssh.so.4.8.7
7f7aefbfe000-7f7aefc00000 rw-p 0006a000 08:02 10355513                   /usr/lib/x86_64-linux-gnu/libssh.so.4.8.7
7f7aefc00000-7f7aefc5b000 r--p 00000000 08:02 10360429                   /usr/lib/x86_64-linux-gnu/libgsl.so.27.0.0
7f7aefc5b000-7f7aefe32000 r-xp 0005b000 08:02 10360429                   /usr/lib/x86_64-linux-gnu/libgsl.so.27.0.0
7f7aefe32000-7f7aefeab000 r--p 00232000 08:02 10360429                   /usr/lib/x86_64-linux-gnu/libgsl.so.27.0.0
7f7aefeab000-7f7aefeac000 ---p 002ab000 08:02 10360429                   /usr/lib/x86_64-linux-gnu/libgsl.so.27.0.0
7f7aefeac000-7f7aefeb0000 r--p 002ab000 08:02 10360429                   /usr/lib/x86_64-linux-gnu/libgsl.so.27.0.0
7f7aefeb0000-7f7aefebe000 rw-p 002af000 08:02 10360429                   /usr/lib/x86_64-linux-gnu/libgsl.so.27.0.0
7f7aefebe000-7f7aefebf000 rw-p 00000000 00:00 0 
7f7aefec5000-7f7aefec8000 r--p 00000000 08:02 10361751                   /usr/lib/x86_64-linux-gnu/libtasn1.so.6.6.2
7f7aefec8000-7f7aefed6000 r-xp 00003000 08:02 10361751                   /usr/lib/x86_64-linux-gnu/libtasn1.so.6.6.2
7f7aefed6000-7f7aefeda000 r--p 00011000 08:02 10361751                   /usr/lib/x86_64-linux-gnu/libtasn1.so.6.6.2
7f7aefeda000-7f7aefedb000 ---p 00015000 08:02 10361751                   /usr/lib/x86_64-linux-gnu/libtasn1.so.6.6.2
7f7aefedb000-7f7aefedc000 r--p 00015000 08:02 10361751                   /usr/lib/x86_64-linux-gnu/libtasn1.so.6.6.2
7f7aefedc000-7f7aefedd000 rw-p 00016000 08:02 10361751                   /usr/lib/x86_64-linux-gnu/libtasn1.so.6.6.2
7f7aefedd000-7f7aefedf000 r--p 00000000 08:02 10361503                   /usr/lib/x86_64-linux-gnu/libpsl.so.5.3.2
7f7aefedf000-7f7aefee1000 r-xp 00002000 08:02 10361503                   /usr/lib/x86_64-linux-gnu/libpsl.so.5.3.2
7f7aefee1000-7f7aefeef000 r--p 00004000 08:02 10361503                   /usr/lib/x86_64-linux-gnu/libpsl.so.5.3.2
7f7aefeef000-7f7aefef0000 r--p 00011000 08:02 10361503                   /usr/lib/x86_64-linux-gnu/libpsl.so.5.3.2
7f7aefef0000-7f7aefef1000 rw-p 00012000 08:02 10361503                   /usr/lib/x86_64-linux-gnu/libpsl.so.5.3.2
7f7aefef1000-7f7aefef6000 r--p 00000000 08:02 10355338                   /usr/lib/x86_64-linux-gnu/librtmp.so.1
7f7aefef6000-7f7aeff06000 r-xp 00005000 08:02 10355338                   /usr/lib/x86_64-linux-gnu/librtmp.so.1
7f7aeff06000-7f7aeff0d000 r--p 00015000 08:02 10355338                   /usr/lib/x86_64-linux-gnu/librtmp.so.1
7f7aeff0d000-7f7aeff0e000 ---p 0001c000 08:02 10355338                   /usr/lib/x86_64-linux-gnu/librtmp.so.1
7f7aeff0e000-7f7aeff0f000 r--p 0001c000 08:02 10355338                   /usr/lib/x86_64-linux-gnu/librtmp.so.1
7f7aeff0f000-7f7aeff10000 rw-p 0001d000 08:02 10355338                   /usr/lib/x86_64-linux-gnu/librtmp.so.1
7f7aeff10000-7f7aeff12000 r--p 00000000 08:02 10361325                   /usr/lib/x86_64-linux-gnu/libidn2.so.0.3.7
7f7aeff12000-7f7aeff16000 r-xp 00002000 08:02 10361325                   /usr/lib/x86_64-linux-gnu/libidn2.so.0.3.7
7f7aeff16000-7f7aeff2f000 r--p 00006000 08:02 10361325                   /usr/lib/x86_64-linux-gnu/libidn2.so.0.3.7
7f7aeff2f000-7f7aeff30000 r--p 0001e000 08:02 10361325                   /usr/lib/x86_64-linux-gnu/libidn2.so.0.3.7
7f7aeff30000-7f7aeff31000 rw-p 0001f000 08:02 10361325                   /usr/lib/x86_64-linux-gnu/libidn2.so.0.3.7
7f7aeff31000-7f7aeff3b000 r--p 00000000 08:02 10354868                   /usr/lib/x86_64-linux-gnu/libzstd.so.1.4.8
7f7aeff3b000-7f7aeffed000 r-xp 0000a000 08:02 10354868                   /usr/lib/x86_64-linux-gnu/libzstd.so.1.4.8
7f7aeffed000-7f7aefffe000 r--p 000bc000 08:02 10354868                   /usr/lib/x86_64-linux-gnu/libzstd.so.1.4.8
7f7aefffe000-7f7aeffff000 r--p 000cc000 08:02 10354868                   /usr/lib/x86_64-linux-gnu/libzstd.so.1.4.8
7f7aeffff000-7f7af0000000 rw-p 000cd000 08:02 10354868                   /usr/lib/x86_64-linux-gnu/libzstd.so.1.4.8
7f7af0000000-7f7af0021000 rw-p 00000000 00:00 0 
7f7af0021000-7f7af4000000 ---p 00000000 00:00 0 
7f7af4000000-7f7af4021000 rw-p 00000000 00:00 0 
7f7af4021000-7f7af8000000 ---p 00000000 00:00 0 
7f7af8000000-7f7af8021000 rw-p 00000000 00:00 0 
7f7af8021000-7f7afc000000 ---p 00000000 00:00 0 
7f7afc000000-7f7afc021000 rw-p 00000000 00:00 0 
7f7afc021000-7f7b00000000 ---p 00000000 00:00 0 
7f7b00000000-7f7b00364000 rw-p 00000000 00:00 0 
7f7b00364000-7f7b04000000 ---p 00000000 00:00 0 
7f7b04000000-7f7b04021000 rw-p 00000000 00:00 0 
7f7b04021000-7f7b08000000 ---p 00000000 00:00 0 
7f7b08000000-7f7b08021000 rw-p 00000000 00:00 0 
7f7b08021000-7f7b0c000000 ---p 00000000 00:00 0 
7f7b0c000000-7f7b0c2e3000 rw-p 00000000 00:00 0 
7f7b0c2e3000-7f7b10000000 ---p 00000000 00:00 0 
7f7b10000000-7f7b10021000 rw-p 00000000 00:00 0 
7f7b10021000-7f7b14000000 ---p 00000000 00:00 0 
7f7b14000000-7f7b14021000 rw-p 00000000 00:00 0 
7f7b14021000-7f7b18000000 ---p 00000000 00:00 0 
7f7b18000000-7f7b18021000 rw-p 00000000 00:00 0 
7f7b18021000-7f7b1c000000 ---p 00000000 00:00 0 
7f7b1c000000-7f7b1c021000 rw-p 00000000 00:00 0 
7f7b1c021000-7f7b20000000 ---p 00000000 00:00 0 
7f7b20000000-7f7b20021000 rw-p 00000000 00:00 0 
7f7b20021000-7f7b24000000 ---p 00000000 00:00 0 
7f7b24000000-7f7b24021000 rw-p 00000000 00:00 0 
7f7b24021000-7f7b28000000 ---p 00000000 00:00 0 
7f7b28000000-7f7b28270000 rw-p 00000000 00:00 0 
7f7b28270000-7f7b28400000 ---p 00000000 00:00 0 
7f7b28400000-7f7b28620000 rw-p 00000000 00:00 0 
7f7b28620000-7f7b2c000000 ---p 00000000 00:00 0 
7f7b2c000000-7f7b2c021000 rw-p 00000000 00:00 0 
7f7b2c021000-7f7b30000000 ---p 00000000 00:00 0 
7f7b30008000-7f7b3000d000 r--p 00000000 08:02 10354889                   /usr/lib/x86_64-linux-gnu/libnghttp2.so.14.20.1
7f7b3000d000-7f7b30022000 r-xp 00005000 08:02 10354889                   /usr/lib/x86_64-linux-gnu/libnghttp2.so.14.20.1
7f7b30022000-7f7b3002e000 r--p 0001a000 08:02 10354889                   /usr/lib/x86_64-linux-gnu/libnghttp2.so.14.20.1
7f7b3002e000-7f7b30031000 r--p 00025000 08:02 10354889                   /usr/lib/x86_64-linux-gnu/libnghttp2.so.14.20.1
7f7b30031000-7f7b30032000 rw-p 00028000 08:02 10354889                   /usr/lib/x86_64-linux-gnu/libnghttp2.so.14.20.1
7f7b30032000-7f7b30036000 r--p 00000000 08:02 10355582                   /usr/lib/x86_64-linux-gnu/libjpeg.so.8.2.2
7f7b30036000-7f7b3007f000 r-xp 00004000 08:02 10355582                   /usr/lib/x86_64-linux-gnu/libjpeg.so.8.2.2
7f7b3007f000-7f7b300b1000 r--p 0004d000 08:02 10355582                   /usr/lib/x86_64-linux-gnu/libjpeg.so.8.2.2
7f7b300b1000-7f7b300b2000 r--p 0007e000 08:02 10355582                   /usr/lib/x86_64-linux-gnu/libjpeg.so.8.2.2
7f7b300b2000-7f7b300b3000 rw-p 0007f000 08:02 10355582                   /usr/lib/x86_64-linux-gnu/libjpeg.so.8.2.2
7f7b300b3000-7f7b300d1000 r--p 00000000 08:02 10355997                   /usr/lib/x86_64-linux-gnu/libsqlite3.so.0.8.6
7f7b300d1000-7f7b301bd000 r-xp 0001e000 08:02 10355997                   /usr/lib/x86_64-linux-gnu/libsqlite3.so.0.8.6
7f7b301bd000-7f7b301f8000 r--p 0010a000 08:02 10355997                   /usr/lib/x86_64-linux-gnu/libsqlite3.so.0.8.6
7f7b301f8000-7f7b301fc000 r--p 00144000 08:02 10355997                   /usr/lib/x86_64-linux-gnu/libsqlite3.so.0.8.6
7f7b301fc000-7f7b30200000 rw-p 00148000 08:02 10355997                   /usr/lib/x86_64-linux-gnu/libsqlite3.so.0.8.6
7f7b30200000-7f7b30268000 r--p 00000000 08:02 10358220                   /usr/lib/x86_64-linux-gnu/libproj.so.22.2.1
7f7b30268000-7f7b304b7000 r-xp 00068000 08:02 10358220                   /usr/lib/x86_64-linux-gnu/libproj.so.22.2.1
7f7b304b7000-7f7b3054c000 r--p 002b7000 08:02 10358220                   /usr/lib/x86_64-linux-gnu/libproj.so.22.2.1
7f7b3054c000-7f7b3054d000 ---p 0034c000 08:02 10358220                   /usr/lib/x86_64-linux-gnu/libproj.so.22.2.1
7f7b3054d000-7f7b30564000 r--p 0034c000 08:02 10358220                   /usr/lib/x86_64-linux-gnu/libproj.so.22.2.1
7f7b30564000-7f7b30566000 rw-p 00363000 08:02 10358220                   /usr/lib/x86_64-linux-gnu/libproj.so.22.2.1
7f7b30566000-7f7b30569000 rw-p 00000000 00:00 0 
7f7b30569000-7f7b3056b000 r--p 00000000 08:02 10357718                   /usr/lib/x86_64-linux-gnu/libkeyutils.so.1.9
7f7b3056b000-7f7b3056d000 r-xp 00002000 08:02 10357718                   /usr/lib/x86_64-linux-gnu/libkeyutils.so.1.9
7f7b3056d000-7f7b3056e000 r--p 00004000 08:02 10357718                   /usr/lib/x86_64-linux-gnu/libkeyutils.so.1.9
7f7b3056e000-7f7b3056f000 r--p 00004000 08:02 10357718                   /usr/lib/x86_64-linux-gnu/libkeyutils.so.1.9
7f7b3056f000-7f7b30570000 rw-p 00005000 08:02 10357718                   /usr/lib/x86_64-linux-gnu/libkeyutils.so.1.9
7f7b30570000-7f7b30572000 r--p 00000000 08:02 10358223                   /usr/lib/x86_64-linux-gnu/libwebp.so.7.1.3
7f7b30572000-7f7b305c7000 r-xp 00002000 08:02 10358223                   /usr/lib/x86_64-linux-gnu/libwebp.so.7.1.3
7f7b305c7000-7f7b305d8000 r--p 00057000 08:02 10358223                   /usr/lib/x86_64-linux-gnu/libwebp.so.7.1.3
7f7b305d8000-7f7b305d9000 r--p 00067000 08:02 10358223                   /usr/lib/x86_64-linux-gnu/libwebp.so.7.1.3
7f7b305d9000-7f7b305da000 rw-p 00068000 08:02 10358223                   /usr/lib/x86_64-linux-gnu/libwebp.so.7.1.3
7f7b305da000-7f7b305dc000 rw-p 00000000 00:00 0 
7f7b305dc000-7f7b305ea000 r--p 00000000 08:02 10355046                   /usr/lib/x86_64-linux-gnu/libcurl-gnutls.so.4.7.0
7f7b305ea000-7f7b3065c000 r-xp 0000e000 08:02 10355046                   /usr/lib/x86_64-linux-gnu/libcurl-gnutls.so.4.7.0
7f7b3065c000-7f7b30677000 r--p 00080000 08:02 10355046                   /usr/lib/x86_64-linux-gnu/libcurl-gnutls.so.4.7.0
7f7b30677000-7f7b3067b000 r--p 0009a000 08:02 10355046                   /usr/lib/x86_64-linux-gnu/libcurl-gnutls.so.4.7.0
7f7b3067b000-7f7b3067d000 rw-p 0009e000 08:02 10355046                   /usr/lib/x86_64-linux-gnu/libcurl-gnutls.so.4.7.0
7f7b3067d000-7f7b3067e000 rw-p 00000000 00:00 0 
7f7b3067e000-7f7b306b4000 r--p 00000000 08:02 11142841                   /usr/local/lib/libmeos.so
7f7b306b4000-7f7b307a8000 r-xp 00036000 08:02 11142841                   /usr/local/lib/libmeos.so
7f7b307a8000-7f7b307f3000 r--p 0012a000 08:02 11142841                   /usr/local/lib/libmeos.so
7f7b307f3000-7f7b307f4000 ---p 00175000 08:02 11142841                   /usr/local/lib/libmeos.so
7f7b307f4000-7f7b307f5000 r--p 00175000 08:02 11142841                   /usr/local/lib/libmeos.so
7f7b307f5000-7f7b307fa000 rw-p 00176000 08:02 11142841                   /usr/local/lib/libmeos.so
7f7b307fa000-7f7b30800000 rw-p 00000000 00:00 0 
7f7b30800000-7f7b30812000 r-xp 00000000 08:02 1705150                    /tmp/jffi5035864342706530869.so (deleted)
7f7b30812000-7f7b30a11000 ---p 00012000 08:02 1705150                    /tmp/jffi5035864342706530869.so (deleted)
7f7b30a11000-7f7b30a12000 rw-p 00011000 08:02 1705150                    /tmp/jffi5035864342706530869.so (deleted)
7f7b30a12000-7f7b30a13000 r--p 00000000 08:02 10355584                   /usr/lib/x86_64-linux-gnu/libdeflate.so.0
7f7b30a13000-7f7b30a2f000 r-xp 00001000 08:02 10355584                   /usr/lib/x86_64-linux-gnu/libdeflate.so.0
7f7b30a2f000-7f7b30a33000 r--p 0001d000 08:02 10355584                   /usr/lib/x86_64-linux-gnu/libdeflate.so.0
7f7b30a33000-7f7b30a34000 ---p 00021000 08:02 10355584                   /usr/lib/x86_64-linux-gnu/libdeflate.so.0
7f7b30a34000-7f7b30a35000 r--p 00021000 08:02 10355584                   /usr/lib/x86_64-linux-gnu/libdeflate.so.0
7f7b30a35000-7f7b30a36000 rw-p 00022000 08:02 10355584                   /usr/lib/x86_64-linux-gnu/libdeflate.so.0
7f7b30a36000-7f7b30a39000 r--p 00000000 08:02 10360435                   /usr/lib/x86_64-linux-gnu/libgslcblas.so.0.0.0
7f7b30a39000-7f7b30a72000 r-xp 00003000 08:02 10360435                   /usr/lib/x86_64-linux-gnu/libgslcblas.so.0.0.0
7f7b30a72000-7f7b30a76000 r--p 0003c000 08:02 10360435                   /usr/lib/x86_64-linux-gnu/libgslcblas.so.0.0.0
7f7b30a76000-7f7b30a77000 r--p 0003f000 08:02 10360435                   /usr/lib/x86_64-linux-gnu/libgslcblas.so.0.0.0
7f7b30a77000-7f7b30a78000 rw-p 00040000 08:02 10360435                   /usr/lib/x86_64-linux-gnu/libgslcblas.so.0.0.0
7f7b30a78000-7f7b30a80000 r--p 00000000 08:02 10358811                   /usr/lib/x86_64-linux-gnu/libtiff.so.5.7.0
7f7b30a80000-7f7b30ac8000 r-xp 00008000 08:02 10358811                   /usr/lib/x86_64-linux-gnu/libtiff.so.5.7.0
7f7b30ac8000-7f7b30af8000 r--p 00050000 08:02 10358811                   /usr/lib/x86_64-linux-gnu/libtiff.so.5.7.0
7f7b30af8000-7f7b30afd000 r--p 0007f000 08:02 10358811                   /usr/lib/x86_64-linux-gnu/libtiff.so.5.7.0
7f7b30afd000-7f7b30afe000 rw-p 00084000 08:02 10358811                   /usr/lib/x86_64-linux-gnu/libtiff.so.5.7.0
7f7b30afe000-7f7b30aff000 ---p 00000000 00:00 0 
7f7b30aff000-7f7b30c00000 rw-p 00000000 00:00 0 
7f7b30c00000-7f7b30c04000 ---p 00000000 00:00 0 
7f7b30c04000-7f7b30d00000 rw-p 00000000 00:00 0 
7f7b30d00000-7f7b30d04000 ---p 00000000 00:00 0 
7f7b30d04000-7f7b30e00000 rw-p 00000000 00:00 0 
7f7b30e00000-7f7b30e04000 ---p 00000000 00:00 0 
7f7b30e04000-7f7b30f00000 rw-p 00000000 00:00 0 
7f7b30f00000-7f7b30f04000 ---p 00000000 00:00 0 
7f7b30f04000-7f7b31000000 rw-p 00000000 00:00 0 
7f7b31000000-7f7b31004000 ---p 00000000 00:00 0 
7f7b31004000-7f7b31100000 rw-p 00000000 00:00 0 
7f7b31100000-7f7b31104000 ---p 00000000 00:00 0 
7f7b31104000-7f7b31200000 rw-p 00000000 00:00 0 
7f7b31200000-7f7b31204000 ---p 00000000 00:00 0 
7f7b31204000-7f7b31300000 rw-p 00000000 00:00 0 
7f7b31300000-7f7b31304000 ---p 00000000 00:00 0 
7f7b31304000-7f7b31400000 rw-p 00000000 00:00 0 
7f7b31400000-7f7b31bf0000 r--p 00000000 08:02 10356383                   /usr/lib/locale/locale-archive
7f7b31bf0000-7f7b31bf3000 r--p 00000000 08:02 10355637                   /usr/lib/x86_64-linux-gnu/libkrb5support.so.0.1
7f7b31bf3000-7f7b31bf9000 r-xp 00003000 08:02 10355637                   /usr/lib/x86_64-linux-gnu/libkrb5support.so.0.1
7f7b31bf9000-7f7b31bfb000 r--p 00009000 08:02 10355637                   /usr/lib/x86_64-linux-gnu/libkrb5support.so.0.1
7f7b31bfb000-7f7b31bfc000 ---p 0000b000 08:02 10355637                   /usr/lib/x86_64-linux-gnu/libkrb5support.so.0.1
7f7b31bfc000-7f7b31bfd000 r--p 0000b000 08:02 10355637                   /usr/lib/x86_64-linux-gnu/libkrb5support.so.0.1
7f7b31bfd000-7f7b31bfe000 rw-p 0000c000 08:02 10355637                   /usr/lib/x86_64-linux-gnu/libkrb5support.so.0.1
7f7b31bfe000-7f7b31c02000 ---p 00000000 00:00 0 
7f7b31c02000-7f7b31cfe000 rw-p 00000000 00:00 0 
7f7b31cfe000-7f7b31d02000 ---p 00000000 00:00 0 
7f7b31d02000-7f7b31dfe000 rw-p 00000000 00:00 0 
7f7b31dfe000-7f7b31e02000 ---p 00000000 00:00 0 
7f7b31e02000-7f7b31efe000 rw-p 00000000 00:00 0 
7f7b31efe000-7f7b31eff000 ---p 00000000 00:00 0 
7f7b31eff000-7f7b34000000 rw-p 00000000 00:00 0 
7f7b34000000-7f7b34021000 rw-p 00000000 00:00 0 
7f7b34021000-7f7b38000000 ---p 00000000 00:00 0 
7f7b38000000-7f7b38021000 rw-p 00000000 00:00 0 
7f7b38021000-7f7b3c000000 ---p 00000000 00:00 0 
7f7b3c000000-7f7b3c021000 rw-p 00000000 00:00 0 
7f7b3c021000-7f7b40000000 ---p 00000000 00:00 0 
7f7b40001000-7f7b40004000 r--p 00000000 08:02 10355303                   /usr/lib/x86_64-linux-gnu/liblber-2.5.so.0.1.9
7f7b40004000-7f7b4000c000 r-xp 00003000 08:02 10355303                   /usr/lib/x86_64-linux-gnu/liblber-2.5.so.0.1.9
7f7b4000c000-7f7b4000f000 r--p 0000b000 08:02 10355303                   /usr/lib/x86_64-linux-gnu/liblber-2.5.so.0.1.9
7f7b4000f000-7f7b40010000 ---p 0000e000 08:02 10355303                   /usr/lib/x86_64-linux-gnu/liblber-2.5.so.0.1.9
7f7b40010000-7f7b40011000 r--p 0000e000 08:02 10355303                   /usr/lib/x86_64-linux-gnu/liblber-2.5.so.0.1.9
7f7b40011000-7f7b40012000 rw-p 0000f000 08:02 10355303                   /usr/lib/x86_64-linux-gnu/liblber-2.5.so.0.1.9
7f7b40012000-7f7b40021000 r--p 00000000 08:02 10366483                   /usr/lib/x86_64-linux-gnu/libgeos_c.so.1.16.0
7f7b40021000-7f7b40041000 r-xp 0000f000 08:02 10366483                   /usr/lib/x86_64-linux-gnu/libgeos_c.so.1.16.0
7f7b40041000-7f7b4004e000 r--p 0002f000 08:02 10366483                   /usr/lib/x86_64-linux-gnu/libgeos_c.so.1.16.0
7f7b4004e000-7f7b4004f000 ---p 0003c000 08:02 10366483                   /usr/lib/x86_64-linux-gnu/libgeos_c.so.1.16.0
7f7b4004f000-7f7b40050000 r--p 0003c000 08:02 10366483                   /usr/lib/x86_64-linux-gnu/libgeos_c.so.1.16.0
7f7b40050000-7f7b40051000 rw-p 0003d000 08:02 10366483                   /usr/lib/x86_64-linux-gnu/libgeos_c.so.1.16.0
7f7b40051000-7f7b40056000 r--p 00000000 08:02 10491564                   /usr/lib/jvm/java-17-openjdk-amd64/lib/libjsvml.so
7f7b40056000-7f7b40097000 r-xp 00005000 08:02 10491564                   /usr/lib/jvm/java-17-openjdk-amd64/lib/libjsvml.so
7f7b40097000-7f7b40120000 r--p 00046000 08:02 10491564                   /usr/lib/jvm/java-17-openjdk-amd64/lib/libjsvml.so
7f7b40120000-7f7b40121000 r--p 000ce000 08:02 10491564                   /usr/lib/jvm/java-17-openjdk-amd64/lib/libjsvml.so
7f7b40121000-7f7b40122000 rw-p 000cf000 08:02 10491564                   /usr/lib/jvm/java-17-openjdk-amd64/lib/libjsvml.so
7f7b40122000-7f7b40123000 ---p 00000000 00:00 0 
7f7b40123000-7f7b40224000 rw-p 00000000 00:00 0 
7f7b40224000-7f7b40225000 ---p 00000000 00:00 0 
7f7b40225000-7f7b4072a000 rw-p 00000000 00:00 0 
7f7b4072a000-7f7b4072b000 ---p 00000000 00:00 0 
7f7b4072b000-7f7b4082c000 rw-p 00000000 00:00 0 
7f7b4082c000-7f7b4082d000 ---p 00000000 00:00 0 
7f7b4082d000-7f7b4092e000 rw-p 00000000 00:00 0 
7f7b4092e000-7f7b4092f000 ---p 00000000 00:00 0 
7f7b4092f000-7f7b40c20000 rw-p 00000000 00:00 0 
7f7b40c20000-7f7b428d0000 ---p 00000000 00:00 0 
7f7b428d0000-7f7b42ac8000 rw-p 00000000 00:00 0 
7f7b42ac8000-7f7b44778000 ---p 00000000 00:00 0 
7f7b44778000-7f7b447be000 rw-p 00000000 00:00 0 
7f7b447be000-7f7b44b54000 ---p 00000000 00:00 0 
7f7b44b54000-7f7b44b93000 rw-p 00000000 00:00 0 
7f7b44b93000-7f7b44f29000 ---p 00000000 00:00 0 
7f7b44f29000-7f7b44f68000 rw-p 00000000 00:00 0 
7f7b44f68000-7f7b452fe000 ---p 00000000 00:00 0 
7f7b452fe000-7f7b45400000 rw-p 00000000 00:00 0 
7f7b45400000-7f7b45670000 rwxp 00000000 00:00 0 
7f7b45670000-7f7b4c937000 ---p 00000000 00:00 0 
7f7b4c937000-7f7b4cba7000 rwxp 00000000 00:00 0 
7f7b4cba7000-7f7b4cec8000 ---p 00000000 00:00 0 
7f7b4cec8000-7f7b4d138000 rwxp 00000000 00:00 0 
7f7b4d138000-7f7b54400000 ---p 00000000 00:00 0 
7f7b54400000-7f7b5be43000 r--s 00000000 08:02 10491594                   /usr/lib/jvm/java-17-openjdk-amd64/lib/modules
7f7b5be45000-7f7b5be46000 r--p 00000000 08:02 10355683                   /usr/lib/x86_64-linux-gnu/libbrotlidec.so.1.0.9
7f7b5be46000-7f7b5be4e000 r-xp 00001000 08:02 10355683                   /usr/lib/x86_64-linux-gnu/libbrotlidec.so.1.0.9
7f7b5be4e000-7f7b5be51000 r--p 00009000 08:02 10355683                   /usr/lib/x86_64-linux-gnu/libbrotlidec.so.1.0.9
7f7b5be51000-7f7b5be52000 r--p 0000b000 08:02 10355683                   /usr/lib/x86_64-linux-gnu/libbrotlidec.so.1.0.9
7f7b5be52000-7f7b5be53000 rw-p 0000c000 08:02 10355683                   /usr/lib/x86_64-linux-gnu/libbrotlidec.so.1.0.9
7f7b5be53000-7f7b5be56000 r--p 00000000 08:02 10359160                   /usr/lib/x86_64-linux-gnu/liblzma.so.5.2.5
7f7b5be56000-7f7b5be71000 r-xp 00003000 08:02 10359160                   /usr/lib/x86_64-linux-gnu/liblzma.so.5.2.5
7f7b5be71000-7f7b5be7c000 r--p 0001e000 08:02 10359160                   /usr/lib/x86_64-linux-gnu/liblzma.so.5.2.5
7f7b5be7c000-7f7b5be7d000 r--p 00028000 08:02 10359160                   /usr/lib/x86_64-linux-gnu/liblzma.so.5.2.5
7f7b5be7d000-7f7b5be7e000 rw-p 00029000 08:02 10359160                   /usr/lib/x86_64-linux-gnu/liblzma.so.5.2.5
7f7b5be7e000-7f7b5c000000 rw-p 00000000 00:00 0 
7f7b5c000000-7f7b5c527000 rw-p 00000000 00:00 0 
7f7b5c527000-7f7b60000000 ---p 00000000 00:00 0 
7f7b60001000-7f7b60003000 r--p 00000000 08:02 10355587                   /usr/lib/x86_64-linux-gnu/libjbig.so.0
7f7b60003000-7f7b6000c000 r-xp 00002000 08:02 10355587                   /usr/lib/x86_64-linux-gnu/libjbig.so.0
7f7b6000c000-7f7b6000e000 r--p 0000b000 08:02 10355587                   /usr/lib/x86_64-linux-gnu/libjbig.so.0
7f7b6000e000-7f7b6000f000 r--p 0000c000 08:02 10355587                   /usr/lib/x86_64-linux-gnu/libjbig.so.0
7f7b6000f000-7f7b60012000 rw-p 0000d000 08:02 10355587                   /usr/lib/x86_64-linux-gnu/libjbig.so.0
7f7b60028000-7f7b6022f000 rw-p 00000000 00:00 0 
7f7b6022f000-7f7b60315000 ---p 00000000 00:00 0 
7f7b60315000-7f7b6031a000 rw-p 00000000 00:00 0 
7f7b6031a000-7f7b60400000 ---p 00000000 00:00 0 
7f7b60400000-7f7b6049a000 r--p 00000000 08:02 10354705                   /usr/lib/x86_64-linux-gnu/libstdc++.so.6.0.30
7f7b6049a000-7f7b605aa000 r-xp 0009a000 08:02 10354705                   /usr/lib/x86_64-linux-gnu/libstdc++.so.6.0.30
7f7b605aa000-7f7b60619000 r--p 001aa000 08:02 10354705                   /usr/lib/x86_64-linux-gnu/libstdc++.so.6.0.30
7f7b60619000-7f7b60624000 r--p 00218000 08:02 10354705                   /usr/lib/x86_64-linux-gnu/libstdc++.so.6.0.30
7f7b60624000-7f7b60627000 rw-p 00223000 08:02 10354705                   /usr/lib/x86_64-linux-gnu/libstdc++.so.6.0.30
7f7b60627000-7f7b6062a000 rw-p 00000000 00:00 0 
7f7b6062c000-7f7b60630000 r--p 00000000 08:02 10355662                   /usr/lib/x86_64-linux-gnu/libjson-c.so.5.1.0
7f7b60630000-7f7b60639000 r-xp 00004000 08:02 10355662                   /usr/lib/x86_64-linux-gnu/libjson-c.so.5.1.0
7f7b60639000-7f7b6063c000 r--p 0000d000 08:02 10355662                   /usr/lib/x86_64-linux-gnu/libjson-c.so.5.1.0
7f7b6063c000-7f7b6063d000 ---p 00010000 08:02 10355662                   /usr/lib/x86_64-linux-gnu/libjson-c.so.5.1.0
7f7b6063d000-7f7b6063e000 r--p 00010000 08:02 10355662                   /usr/lib/x86_64-linux-gnu/libjson-c.so.5.1.0
7f7b6063e000-7f7b6063f000 rw-p 00011000 08:02 10355662                   /usr/lib/x86_64-linux-gnu/libjson-c.so.5.1.0
7f7b6063f000-7f7b60664000 r--p 00000000 08:02 12591460                   /usr/share/locale-langpack/fr/LC_MESSAGES/libc.mo
7f7b60664000-7f7b60700000 rw-p 00000000 00:00 0 
7f7b60700000-7f7b60704000 ---p 00000000 00:00 0 
7f7b60704000-7f7b60800000 rw-p 00000000 00:00 0 
7f7b60800000-7f7b60a50000 r--p 00000000 08:02 10491606                   /usr/lib/jvm/java-17-openjdk-amd64/lib/server/libjvm.so
7f7b60a50000-7f7b617d4000 r-xp 00250000 08:02 10491606                   /usr/lib/jvm/java-17-openjdk-amd64/lib/server/libjvm.so
7f7b617d4000-7f7b61a57000 r--p 00fd4000 08:02 10491606                   /usr/lib/jvm/java-17-openjdk-amd64/lib/server/libjvm.so
7f7b61a57000-7f7b61b0f000 r--p 01256000 08:02 10491606                   /usr/lib/jvm/java-17-openjdk-amd64/lib/server/libjvm.so
7f7b61b0f000-7f7b61b44000 rw-p 0130e000 08:02 10491606                   /usr/lib/jvm/java-17-openjdk-amd64/lib/server/libjvm.so
7f7b61b44000-7f7b61b9e000 rw-p 00000000 00:00 0 
7f7b61ba1000-7f7b61ba3000 r--p 00000000 08:02 10357716                   /usr/lib/x86_64-linux-gnu/libcom_err.so.2.1
7f7b61ba3000-7f7b61ba4000 r-xp 00002000 08:02 10357716                   /usr/lib/x86_64-linux-gnu/libcom_err.so.2.1
7f7b61ba4000-7f7b61ba5000 r--p 00003000 08:02 10357716                   /usr/lib/x86_64-linux-gnu/libcom_err.so.2.1
7f7b61ba5000-7f7b61ba6000 r--p 00003000 08:02 10357716                   /usr/lib/x86_64-linux-gnu/libcom_err.so.2.1
7f7b61ba6000-7f7b61ba7000 rw-p 00004000 08:02 10357716                   /usr/lib/x86_64-linux-gnu/libcom_err.so.2.1
7f7b61ba7000-7f7b61bae000 r--s 00000000 08:02 11013395                   /usr/lib/x86_64-linux-gnu/gconv/gconv-modules.cache
7f7b61bae000-7f7b61bb2000 r--p 00000000 08:02 10491590                   /usr/lib/jvm/java-17-openjdk-amd64/lib/libverify.so
7f7b61bb2000-7f7b61bb9000 r-xp 00004000 08:02 10491590                   /usr/lib/jvm/java-17-openjdk-amd64/lib/libverify.so
7f7b61bb9000-7f7b61bbb000 r--p 0000b000 08:02 10491590                   /usr/lib/jvm/java-17-openjdk-amd64/lib/libverify.so
7f7b61bbb000-7f7b61bbd000 r--p 0000c000 08:02 10491590                   /usr/lib/jvm/java-17-openjdk-amd64/lib/libverify.so
7f7b61bbd000-7f7b61bbe000 rw-p 0000e000 08:02 10491590                   /usr/lib/jvm/java-17-openjdk-amd64/lib/libverify.so
7f7b61bbe000-7f7b61c00000 rw-p 00000000 00:00 0 
7f7b61c00000-7f7b61c28000 r--p 00000000 08:02 10365356                   /usr/lib/x86_64-linux-gnu/libc.so.6
7f7b61c28000-7f7b61dbd000 r-xp 00028000 08:02 10365356                   /usr/lib/x86_64-linux-gnu/libc.so.6
7f7b61dbd000-7f7b61e15000 r--p 001bd000 08:02 10365356                   /usr/lib/x86_64-linux-gnu/libc.so.6
7f7b61e15000-7f7b61e19000 r--p 00214000 08:02 10365356                   /usr/lib/x86_64-linux-gnu/libc.so.6
7f7b61e19000-7f7b61e1b000 rw-p 00218000 08:02 10365356                   /usr/lib/x86_64-linux-gnu/libc.so.6
7f7b61e1b000-7f7b61e28000 rw-p 00000000 00:00 0 
7f7b61e29000-7f7b61e2a000 r--p 00000000 08:02 10491501                   /usr/lib/jvm/java-17-openjdk-amd64/lib/libextnet.so
7f7b61e2a000-7f7b61e2b000 r-xp 00001000 08:02 10491501                   /usr/lib/jvm/java-17-openjdk-amd64/lib/libextnet.so
7f7b61e2b000-7f7b61e2c000 r--p 00002000 08:02 10491501                   /usr/lib/jvm/java-17-openjdk-amd64/lib/libextnet.so
7f7b61e2c000-7f7b61e2d000 r--p 00002000 08:02 10491501                   /usr/lib/jvm/java-17-openjdk-amd64/lib/libextnet.so
7f7b61e2d000-7f7b61e2e000 rw-p 00003000 08:02 10491501                   /usr/lib/jvm/java-17-openjdk-amd64/lib/libextnet.so
7f7b61e2e000-7f7b61e32000 r--p 00000000 08:02 10491576                   /usr/lib/jvm/java-17-openjdk-amd64/lib/libnet.so
7f7b61e32000-7f7b61e40000 r-xp 00004000 08:02 10491576                   /usr/lib/jvm/java-17-openjdk-amd64/lib/libnet.so
7f7b61e40000-7f7b61e44000 r--p 00012000 08:02 10491576                   /usr/lib/jvm/java-17-openjdk-amd64/lib/libnet.so
7f7b61e44000-7f7b61e45000 r--p 00015000 08:02 10491576                   /usr/lib/jvm/java-17-openjdk-amd64/lib/libnet.so
7f7b61e45000-7f7b61e46000 rw-p 00016000 08:02 10491576                   /usr/lib/jvm/java-17-openjdk-amd64/lib/libnet.so
7f7b61e46000-7f7b61e4c000 r--p 00000000 08:02 10491578                   /usr/lib/jvm/java-17-openjdk-amd64/lib/libnio.so
7f7b61e4c000-7f7b61e55000 r-xp 00006000 08:02 10491578                   /usr/lib/jvm/java-17-openjdk-amd64/lib/libnio.so
7f7b61e55000-7f7b61e59000 r--p 0000f000 08:02 10491578                   /usr/lib/jvm/java-17-openjdk-amd64/lib/libnio.so
7f7b61e59000-7f7b61e5a000 ---p 00013000 08:02 10491578                   /usr/lib/jvm/java-17-openjdk-amd64/lib/libnio.so
7f7b61e5a000-7f7b61e5b000 r--p 00013000 08:02 10491578                   /usr/lib/jvm/java-17-openjdk-amd64/lib/libnio.so
7f7b61e5b000-7f7b61e5c000 rw-p 00014000 08:02 10491578                   /usr/lib/jvm/java-17-openjdk-amd64/lib/libnio.so
7f7b61e5c000-7f7b61e5e000 r--p 00000000 08:02 10491592                   /usr/lib/jvm/java-17-openjdk-amd64/lib/libzip.so
7f7b61e5e000-7f7b61e63000 r-xp 00002000 08:02 10491592                   /usr/lib/jvm/java-17-openjdk-amd64/lib/libzip.so
7f7b61e63000-7f7b61e65000 r--p 00007000 08:02 10491592                   /usr/lib/jvm/java-17-openjdk-amd64/lib/libzip.so
7f7b61e65000-7f7b61e66000 r--p 00008000 08:02 10491592                   /usr/lib/jvm/java-17-openjdk-amd64/lib/libzip.so
7f7b61e66000-7f7b61e67000 rw-p 00009000 08:02 10491592                   /usr/lib/jvm/java-17-openjdk-amd64/lib/libzip.so
7f7b61e67000-7f7b61e6c000 rw-p 00000000 00:00 0 
7f7b61e6c000-7f7b61e73000 ---p 00000000 00:00 0 
7f7b61e73000-7f7b61e7f000 r--p 00000000 08:02 10491515                   /usr/lib/jvm/java-17-openjdk-amd64/lib/libjava.so
7f7b61e7f000-7f7b61e92000 r-xp 0000c000 08:02 10491515                   /usr/lib/jvm/java-17-openjdk-amd64/lib/libjava.so
7f7b61e92000-7f7b61e98000 r--p 0001f000 08:02 10491515                   /usr/lib/jvm/java-17-openjdk-amd64/lib/libjava.so
7f7b61e98000-7f7b61e99000 r--p 00024000 08:02 10491515                   /usr/lib/jvm/java-17-openjdk-amd64/lib/libjava.so
7f7b61e99000-7f7b61e9a000 rw-p 00025000 08:02 10491515                   /usr/lib/jvm/java-17-openjdk-amd64/lib/libjava.so
7f7b61e9a000-7f7b61e9b000 rw-p 00000000 00:00 0 
7f7b61e9b000-7f7b61e9c000 r--p 00000000 08:02 10491505                   /usr/lib/jvm/java-17-openjdk-amd64/lib/libinstrument.so
7f7b61e9c000-7f7b61ea2000 r-xp 00001000 08:02 10491505                   /usr/lib/jvm/java-17-openjdk-amd64/lib/libinstrument.so
7f7b61ea2000-7f7b61ea5000 r--p 00007000 08:02 10491505                   /usr/lib/jvm/java-17-openjdk-amd64/lib/libinstrument.so
7f7b61ea5000-7f7b61ea6000 r--p 00009000 08:02 10491505                   /usr/lib/jvm/java-17-openjdk-amd64/lib/libinstrument.so
7f7b61ea6000-7f7b61ea7000 rw-p 0000a000 08:02 10491505                   /usr/lib/jvm/java-17-openjdk-amd64/lib/libinstrument.so
7f7b61ea7000-7f7b61eaa000 r--p 00000000 08:02 10354703                   /usr/lib/x86_64-linux-gnu/libgcc_s.so.1
7f7b61eaa000-7f7b61ec1000 r-xp 00003000 08:02 10354703                   /usr/lib/x86_64-linux-gnu/libgcc_s.so.1
7f7b61ec1000-7f7b61ec5000 r--p 0001a000 08:02 10354703                   /usr/lib/x86_64-linux-gnu/libgcc_s.so.1
7f7b61ec5000-7f7b61ec6000 r--p 0001d000 08:02 10354703                   /usr/lib/x86_64-linux-gnu/libgcc_s.so.1
7f7b61ec6000-7f7b61ec7000 rw-p 0001e000 08:02 10354703                   /usr/lib/x86_64-linux-gnu/libgcc_s.so.1
7f7b61ec7000-7f7b61ed5000 r--p 00000000 08:02 10365361                   /usr/lib/x86_64-linux-gnu/libm.so.6
7f7b61ed5000-7f7b61f51000 r-xp 0000e000 08:02 10365361                   /usr/lib/x86_64-linux-gnu/libm.so.6
7f7b61f51000-7f7b61fac000 r--p 0008a000 08:02 10365361                   /usr/lib/x86_64-linux-gnu/libm.so.6
7f7b61fac000-7f7b61fad000 r--p 000e4000 08:02 10365361                   /usr/lib/x86_64-linux-gnu/libm.so.6
7f7b61fad000-7f7b61fae000 rw-p 000e5000 08:02 10365361                   /usr/lib/x86_64-linux-gnu/libm.so.6
7f7b61fae000-7f7b61fb1000 rw-p 00000000 00:00 0 
7f7b61fb1000-7f7b61fb3000 r--p 00000000 08:02 10354880                   /usr/lib/x86_64-linux-gnu/libz.so.1.2.11
7f7b61fb3000-7f7b61fc4000 r-xp 00002000 08:02 10354880                   /usr/lib/x86_64-linux-gnu/libz.so.1.2.11
7f7b61fc4000-7f7b61fca000 r--p 00013000 08:02 10354880                   /usr/lib/x86_64-linux-gnu/libz.so.1.2.11
7f7b61fca000-7f7b61fcb000 ---p 00019000 08:02 10354880                   /usr/lib/x86_64-linux-gnu/libz.so.1.2.11
7f7b61fcb000-7f7b61fcc000 r--p 00019000 08:02 10354880                   /usr/lib/x86_64-linux-gnu/libz.so.1.2.11
7f7b61fcc000-7f7b61fcd000 rw-p 0001a000 08:02 10354880                   /usr/lib/x86_64-linux-gnu/libz.so.1.2.11
7f7b61fcf000-7f7b61fd0000 r-xp 00000000 00:00 0 
7f7b61fd0000-7f7b61fd8000 rw-s 00000000 08:02 1978008                    /tmp/hsperfdata_nidhal/375669
7f7b61fd8000-7f7b61fd9000 ---p 00000000 00:00 0 
7f7b61fd9000-7f7b61fda000 r--p 00000000 00:00 0 
7f7b61fda000-7f7b61fdc000 r--p 00000000 08:02 10491521                   /usr/lib/jvm/java-17-openjdk-amd64/lib/libjimage.so
7f7b61fdc000-7f7b61fdf000 r-xp 00002000 08:02 10491521                   /usr/lib/jvm/java-17-openjdk-amd64/lib/libjimage.so
7f7b61fdf000-7f7b61fe0000 r--p 00005000 08:02 10491521                   /usr/lib/jvm/java-17-openjdk-amd64/lib/libjimage.so
7f7b61fe0000-7f7b61fe1000 ---p 00006000 08:02 10491521                   /usr/lib/jvm/java-17-openjdk-amd64/lib/libjimage.so
7f7b61fe1000-7f7b61fe2000 r--p 00006000 08:02 10491521                   /usr/lib/jvm/java-17-openjdk-amd64/lib/libjimage.so
7f7b61fe2000-7f7b61fe3000 rw-p 00007000 08:02 10491521                   /usr/lib/jvm/java-17-openjdk-amd64/lib/libjimage.so
7f7b61fe3000-7f7b61fe5000 r--p 00000000 08:02 10491523                   /usr/lib/jvm/java-17-openjdk-amd64/lib/libjli.so
7f7b61fe5000-7f7b61fef000 r-xp 00002000 08:02 10491523                   /usr/lib/jvm/java-17-openjdk-amd64/lib/libjli.so
7f7b61fef000-7f7b61ff2000 r--p 0000c000 08:02 10491523                   /usr/lib/jvm/java-17-openjdk-amd64/lib/libjli.so
7f7b61ff2000-7f7b61ff3000 r--p 0000e000 08:02 10491523                   /usr/lib/jvm/java-17-openjdk-amd64/lib/libjli.so
7f7b61ff3000-7f7b61ff4000 rw-p 0000f000 08:02 10491523                   /usr/lib/jvm/java-17-openjdk-amd64/lib/libjli.so
7f7b61ff4000-7f7b61ff6000 rw-p 00000000 00:00 0 
7f7b61ff6000-7f7b61ff8000 r--p 00000000 08:02 10356375                   /usr/lib/x86_64-linux-gnu/ld-linux-x86-64.so.2
7f7b61ff8000-7f7b62022000 r-xp 00002000 08:02 10356375                   /usr/lib/x86_64-linux-gnu/ld-linux-x86-64.so.2
7f7b62022000-7f7b6202d000 r--p 0002c000 08:02 10356375                   /usr/lib/x86_64-linux-gnu/ld-linux-x86-64.so.2
7f7b6202d000-7f7b6202e000 ---p 00000000 00:00 0 
7f7b6202e000-7f7b62030000 r--p 00037000 08:02 10356375                   /usr/lib/x86_64-linux-gnu/ld-linux-x86-64.so.2
7f7b62030000-7f7b62032000 rw-p 00039000 08:02 10356375                   /usr/lib/x86_64-linux-gnu/ld-linux-x86-64.so.2
7ffcc7466000-7ffcc7488000 rw-p 00000000 00:00 0                          [stack]
7ffcc75d6000-7ffcc75da000 r--p 00000000 00:00 0                          [vvar]
7ffcc75da000-7ffcc75dc000 r-xp 00000000 00:00 0                          [vdso]
ffffffffff600000-ffffffffff601000 --xp 00000000 00:00 0                  [vsyscall]


VM Arguments:
jvm_args: -javaagent:/snap/intellij-idea-ultimate/430/lib/idea_rt.jar=41473:/snap/intellij-idea-ultimate/430/bin -Dfile.encoding=UTF-8 
java_command: tutorials.hello_world
java_class_path (initial): /home/nidhal/IdeaProjects/JMEOS/target/classes:/home/nidhal/.m2/repository/com/github/jnr/jnr-ffi/2.2.11/jnr-ffi-2.2.11.jar:/home/nidhal/.m2/repository/com/github/jnr/jffi/1.3.9/jffi-1.3.9.jar:/home/nidhal/.m2/repository/com/github/jnr/jffi/1.3.9/jffi-1.3.9-native.jar:/home/nidhal/.m2/repository/org/ow2/asm/asm/9.2/asm-9.2.jar:/home/nidhal/.m2/repository/org/ow2/asm/asm-commons/9.2/asm-commons-9.2.jar:/home/nidhal/.m2/repository/org/ow2/asm/asm-analysis/9.2/asm-analysis-9.2.jar:/home/nidhal/.m2/repository/org/ow2/asm/asm-tree/9.2/asm-tree-9.2.jar:/home/nidhal/.m2/repository/org/ow2/asm/asm-util/9.2/asm-util-9.2.jar:/home/nidhal/.m2/repository/com/github/jnr/jnr-a64asm/1.0.0/jnr-a64asm-1.0.0.jar:/home/nidhal/.m2/repository/com/github/jnr/jnr-x86asm/1.0.2/jnr-x86asm-1.0.2.jar:/home/nidhal/.m2/repository/org/hibernate/orm/hibernate-core/6.2.2.Final/hibernate-core-6.2.2.Final.jar:/home/nidhal/.m2/repository/jakarta/persistence/jakarta.persistence-api/3.1.0/jakarta.persistence-api-3.1.0.jar:/home/nidhal/.m2/repository/jakarta/transaction/jakarta.transaction-api/2.0.1/jakarta.transaction-api-2.0.1.jar:/home/nidhal/.m2/repository/org/jboss/logging/jboss-logging/3.5.0.Final/jboss-logging-3.5.0.Final.jar:/home/nidhal/.m2/repository/org/hibernate/common/hibernate-commons-annotations/6.0.6.Final/hibernate-commons-annotations-6.0.6.Final.jar:/home/nidhal/.m2/repository/io/smallrye/jandex/3.0.5/jandex-3.0.5.jar:/home/nidhal/.m2/repository/com/fasterxml/classmate/1.5.1/classmate-1.5.1.jar:/home/nidhal/.m2/repository/net/bytebuddy/byte-buddy/1.12.18/byte-buddy-1.12.18.jar:/home/nidhal/.m2/repository/jakarta/xml/bind/jakarta.xml.bind-api/4.0.0/jakarta.xml.bind-api-4.0.0.jar:/home/nidhal/.m2/repository/jakarta/activation/jakarta.activation-api/2.1.0/jakarta.activation-api-2.1.0.jar:/home/nidhal/.m2/repository/org/glassfish/jaxb/jaxb-runtime/4.0.2/jaxb-runtime-4.0.2.jar:/home/nidhal/.m2/repository/org/glassfish/jaxb/jaxb-core/4.0.2/jaxb-core-4.0.2.jar:/ho
Launcher Type: SUN_STANDARD

[Global flags]
     intx CICompilerCount                          = 3                                         {product} {ergonomic}
     uint ConcGCThreads                            = 1                                         {product} {ergonomic}
     uint G1ConcRefinementThreads                  = 4                                         {product} {ergonomic}
   size_t G1HeapRegionSize                         = 1048576                                   {product} {ergonomic}
    uintx GCDrainStackTargetSize                   = 64                                        {product} {ergonomic}
   size_t InitialHeapSize                          = 130023424                                 {product} {ergonomic}
   size_t MarkStackSize                            = 4194304                                   {product} {ergonomic}
   size_t MaxHeapSize                              = 2057306112                                {product} {ergonomic}
   size_t MaxNewSize                               = 1234173952                                {product} {ergonomic}
   size_t MinHeapDeltaBytes                        = 1048576                                   {product} {ergonomic}
   size_t MinHeapSize                              = 8388608                                   {product} {ergonomic}
    uintx NonNMethodCodeHeapSize                   = 5832780                                {pd product} {ergonomic}
    uintx NonProfiledCodeHeapSize                  = 122912730                              {pd product} {ergonomic}
    uintx ProfiledCodeHeapSize                     = 122912730                              {pd product} {ergonomic}
    uintx ReservedCodeCacheSize                    = 251658240                              {pd product} {ergonomic}
     bool SegmentedCodeCache                       = true                                      {product} {ergonomic}
   size_t SoftMaxHeapSize                          = 2057306112                             {manageable} {ergonomic}
     bool UseCompressedClassPointers               = true                           {product lp64_product} {ergonomic}
     bool UseCompressedOops                        = true                           {product lp64_product} {ergonomic}
     bool UseG1GC                                  = true                                      {product} {ergonomic}

Logging:
Log output configuration:
 #0: stdout all=warning uptime,level,tags
 #1: stderr all=off uptime,level,tags

Environment Variables:
JAVA_HOME=/opt/jdk-13.0.2
PATH=/home/nidhal/.local/bin:/usr/local/sbin:/usr/local/bin:/usr/sbin:/usr/bin:/sbin:/bin:/usr/games:/usr/local/games:/snap/bin:/snap/bin/opt/jdk-13.0.2/bin
USERNAME=nidhal
SHELL=/bin/bash
DISPLAY=:0
LANG=fr_FR.UTF-8

Active Locale:
LC_ALL=fr_FR.UTF-8
LC_COLLATE=fr_FR.UTF-8
LC_CTYPE=fr_FR.UTF-8
LC_MESSAGES=fr_FR.UTF-8
LC_MONETARY=fr_FR.UTF-8
LC_NUMERIC=fr_FR.UTF-8
LC_TIME=fr_FR.UTF-8

Signal Handlers:
   SIGSEGV: crash_handler in libjvm.so, mask=11100100010111111101111111111110, flags=SA_RESTART|SA_SIGINFO, unblocked
    SIGBUS: crash_handler in libjvm.so, mask=11100100010111111101111111111110, flags=SA_RESTART|SA_SIGINFO, unblocked
    SIGFPE: crash_handler in libjvm.so, mask=11100100010111111101111111111110, flags=SA_RESTART|SA_SIGINFO, unblocked
   SIGPIPE: javaSignalHandler in libjvm.so, mask=11100100010111111101111111111110, flags=SA_RESTART|SA_SIGINFO, blocked
   SIGXFSZ: javaSignalHandler in libjvm.so, mask=11100100010111111101111111111110, flags=SA_RESTART|SA_SIGINFO, blocked
    SIGILL: crash_handler in libjvm.so, mask=11100100010111111101111111111110, flags=SA_RESTART|SA_SIGINFO, unblocked
   SIGUSR2: SR_handler in libjvm.so, mask=00100000000000000000000000000000, flags=SA_RESTART|SA_SIGINFO, blocked
    SIGHUP: UserHandler in libjvm.so, mask=11100100010111111101111111111110, flags=SA_RESTART|SA_SIGINFO, blocked
    SIGINT: UserHandler in libjvm.so, mask=11100100010111111101111111111110, flags=SA_RESTART|SA_SIGINFO, blocked
   SIGTERM: UserHandler in libjvm.so, mask=11100100010111111101111111111110, flags=SA_RESTART|SA_SIGINFO, blocked
   SIGQUIT: UserHandler in libjvm.so, mask=11100100010111111101111111111110, flags=SA_RESTART|SA_SIGINFO, blocked
   SIGTRAP: crash_handler in libjvm.so, mask=11100100010111111101111111111110, flags=SA_RESTART|SA_SIGINFO, unblocked


---------------  S Y S T E M  ---------------

OS:
DISTRIB_ID=Ubuntu
DISTRIB_RELEASE=22.04
DISTRIB_CODENAME=jammy
DISTRIB_DESCRIPTION="Ubuntu 22.04.2 LTS"
uname: Linux 5.19.0-42-generic #43~22.04.1-Ubuntu SMP PREEMPT_DYNAMIC Fri Apr 21 16:51:08 UTC 2 x86_64
OS uptime: 0 days 4:51 hours
libc: glibc 2.35 NPTL 2.35 
rlimit (soft/hard): STACK 8192k/infinity , CORE 0k/infinity , NPROC 31051/31051 , NOFILE 1048576/1048576 , AS infinity/infinity , CPU infinity/infinity , DATA infinity/infinity , FSIZE infinity/infinity , MEMLOCK 1003616k/1003616k
load average: 4,71 3,87 3,59

/proc/meminfo:
MemTotal:        8028956 kB
MemFree:          330304 kB
MemAvailable:    2630924 kB
Buffers:          232756 kB
Cached:          2390000 kB
SwapCached:        28884 kB
Active:          2268952 kB
Inactive:        4559032 kB
Active(anon):    1239852 kB
Inactive(anon):  3371040 kB
Active(file):    1029100 kB
Inactive(file):  1187992 kB
Unevictable:       75260 kB
Mlocked:              16 kB
SwapTotal:       2097148 kB
SwapFree:        1296124 kB
Zswap:                 0 kB
Zswapped:              0 kB
Dirty:              8184 kB
Writeback:             0 kB
AnonPages:       4268860 kB
Mapped:           923584 kB
Shmem:            411520 kB
KReclaimable:     388696 kB
Slab:             626768 kB
SReclaimable:     388696 kB
SUnreclaim:       238072 kB
KernelStack:       21692 kB
PageTables:        44504 kB
NFS_Unstable:          0 kB
Bounce:                0 kB
WritebackTmp:          0 kB
CommitLimit:     6111624 kB
Committed_AS:   12567956 kB
VmallocTotal:   34359738367 kB
VmallocUsed:       77700 kB
VmallocChunk:          0 kB
Percpu:             5680 kB
HardwareCorrupted:     0 kB
AnonHugePages:         0 kB
ShmemHugePages:        0 kB
ShmemPmdMapped:        0 kB
FileHugePages:         0 kB
FilePmdMapped:         0 kB
HugePages_Total:       0
HugePages_Free:        0
HugePages_Rsvd:        0
HugePages_Surp:        0
Hugepagesize:       2048 kB
Hugetlb:               0 kB
DirectMap4k:      489240 kB
DirectMap2M:     7788544 kB
DirectMap1G:           0 kB

/sys/kernel/mm/transparent_hugepage/enabled: always [madvise] never
/sys/kernel/mm/transparent_hugepage/defrag (defrag/compaction efforts parameter): always defer defer+madvise [madvise] never

Process Memory:
Virtual Size: 5231660K (peak: 5293200K)
Resident Set Size: 85064K (peak: 85064K) (anon: 45944K, file: 39120K, shmem: 0K)
Swapped out: 0K
C-Heap outstanding allocations: 23977K, retained: 3234K
glibc malloc tunables: (default)

/proc/sys/kernel/threads-max (system-wide limit on the number of threads): 62103
/proc/sys/vm/max_map_count (maximum number of memory map areas a process may have): 65530
/proc/sys/kernel/pid_max (system-wide limit on number of process identifiers): 4194304

container (cgroup) information:
container_type: cgroupv2
cpu_cpuset_cpus: not supported
cpu_memory_nodes: not supported
active_processor_count: 4
cpu_quota: not supported
cpu_period: not supported
cpu_shares: not supported
memory_limit_in_bytes: unlimited
memory_and_swap_limit_in_bytes: unlimited
memory_soft_limit_in_bytes: unlimited
memory_usage_in_bytes: 3413736 k
memory_max_usage_in_bytes: not supported
memory_swap_current_in_bytes: 458780 k
memory_swap_max_limit_in_bytes: unlimited
maximum number of tasks: 9315
current number of tasks: 233

Steal ticks since vm start: 0
Steal ticks percentage since vm start:  0,000

CPU: total 4 (initial active 4) (2 cores per cpu, 2 threads per core) family 6 model 78 stepping 3 microcode 0xf0, cx8, cmov, fxsr, ht, mmx, 3dnowpref, sse, sse2, sse3, ssse3, sse4.1, sse4.2, popcnt, lzcnt, tsc, tscinvbit, avx, avx2, aes, erms, clmul, bmi1, bmi2, adx, fma, vzeroupper, clflush, clflushopt
CPU Model and flags from /proc/cpuinfo:
model name	: Intel(R) Core(TM) i3-6100U CPU @ 2.30GHz
flags		: fpu vme de pse tsc msr pae mce cx8 apic sep mtrr pge mca cmov pat pse36 clflush dts acpi mmx fxsr sse sse2 ss ht tm pbe syscall nx pdpe1gb rdtscp lm constant_tsc art arch_perfmon pebs bts rep_good nopl xtopology nonstop_tsc cpuid aperfmperf pni pclmulqdq dtes64 monitor ds_cpl est tm2 ssse3 sdbg fma cx16 xtpr pdcm pcid sse4_1 sse4_2 x2apic movbe popcnt tsc_deadline_timer aes xsave avx f16c rdrand lahf_lm abm 3dnowprefetch cpuid_fault epb invpcid_single pti ssbd ibrs ibpb stibp fsgsbase tsc_adjust bmi1 avx2 smep bmi2 erms invpcid mpx rdseed adx smap clflushopt intel_pt xsaveopt xsavec xgetbv1 xsaves dtherm ida arat pln pts hwp hwp_notify hwp_act_window hwp_epp md_clear flush_l1d arch_capabilities

Online cpus: 0-3
Offline cpus: 
BIOS frequency limitation: <Not Available>
Frequency switch latency (ns): 0
Available cpu frequencies: <Not Available>
Current governor: powersave
Core performance/turbo boost: <Not Available>

Memory: 4k page, physical 8028956k(330304k free), swap 2097148k(1296124k free)
Page Sizes: 4k

vm_info: OpenJDK 64-Bit Server VM (17.0.7+7-Ubuntu-0ubuntu122.04.2) for linux-amd64 JRE (17.0.7+7-Ubuntu-0ubuntu122.04.2), built on May 10 2023 04:02:16 by "buildd" with gcc 11.3.0

END.
