#
# A fatal error has been detected by the Java Runtime Environment:
#
#  SIGSEGV (0xb) at pc=0x00007f27bc726979, pid=332446, tid=332448
#
# JRE version: OpenJDK Runtime Environment (17.0.7+7) (build 17.0.7+7-Ubuntu-0ubuntu122.04.2)
# Java VM: OpenJDK 64-Bit Server VM (17.0.7+7-Ubuntu-0ubuntu122.04.2, mixed mode, sharing, tiered, compressed oops, compressed class ptrs, g1 gc, linux-amd64)
# Problematic frame:
# C  [libmeos.so+0xa8979]  pg_next_dst_boundary+0x29
#
# Core dump will be written. Default location: Core dumps may be processed with "/usr/share/apport/apport -p%p -s%s -c%c -d%d -P%P -u%u -g%g -- %E" (or dumping to /home/nidhal/IdeaProjects/JMEOS/core.332446)
#
# If you would like to submit a bug report, please visit:
#   Unknown
# The crash happened outside the Java Virtual Machine in native code.
# See problematic frame for where to report the bug.
#

---------------  S U M M A R Y ------------

Command Line: -javaagent:/snap/intellij-idea-ultimate/430/lib/idea_rt.jar=41209:/snap/intellij-idea-ultimate/430/bin -Dfile.encoding=UTF-8 tutorials.hello_world

Host: Intel(R) Core(TM) i3-6100U CPU @ 2.30GHz, 4 cores, 7G, Ubuntu 22.04.2 LTS
Time: Mon May 29 22:06:31 2023 CEST elapsed time: 1.329182 seconds (0d 0h 0m 1s)

---------------  T H R E A D  ---------------

Current thread (0x00007f27d8016800):  JavaThread "main" [_thread_in_native, id=332448, stack(0x00007f27de500000,0x00007f27de600000)]

Stack: [0x00007f27de500000,0x00007f27de600000],  sp=0x00007f27de5fdf90,  free space=1015k
Native frames: (J=compiled Java code, j=interpreted, Vv=VM code, C=native code)
C  [libmeos.so+0xa8979]  pg_next_dst_boundary+0x29

Java frames: (J=compiled Java code, j=interpreted, Vv=VM code)
j  com.kenai.jffi.Foreign.invokeN1O1(JJJLjava/lang/Object;III)J+0
j  com.kenai.jffi.Invoker.invokeN1(Lcom/kenai/jffi/CallContext;JJILjava/lang/Object;Lcom/kenai/jffi/ObjectParameterStrategy;Lcom/kenai/jffi/ObjectParameterInfo;)J+57
j  tutorials.hello_world$MeosLibrary$jnr$ffi$0.tgeompoint_in(Ljava/lang/String;)Ljnr/ffi/Pointer;+75
j  tutorials.hello_world.main([Ljava/lang/String;)V+101
v  ~StubRoutines::call_stub

siginfo: si_signo: 11 (SIGSEGV), si_code: 1 (SEGV_MAPERR), si_addr: 0x0000000000000104

Register to memory mapping:

RAX=0x0 is NULL
RBX=0x0 is NULL
RCX=0x00007f27de5fdff0 is pointing into the stack for thread: 0x00007f27d8016800
RDX=0x00007f27de5fdfe0 is pointing into the stack for thread: 0x00007f27d8016800
RSP=0x00007f27de5fdf90 is pointing into the stack for thread: 0x00007f27d8016800
RBP=0x00000000386bf200 is an unknown value
RSI=0x00007f27de5fdff8 is pointing into the stack for thread: 0x00007f27d8016800
RDI=0x00007f27de5fdfe8 is pointing into the stack for thread: 0x00007f27d8016800
R8 =0x00007f27de5fe000 is pointing into the stack for thread: 0x00007f27d8016800
R9 =0x00007f27de5fdfe4 is pointing into the stack for thread: 0x00007f27d8016800
R10=0x00007f27de5fdfe0 is pointing into the stack for thread: 0x00007f27d8016800
R11=0x00007f27bc726950: pg_next_dst_boundary+0x0000000000000000 in /usr/local/lib/libmeos.so at 0x00007f27bc67e000
R12=0x00007f27de5fe040 is pointing into the stack for thread: 0x00007f27d8016800
R13=0x0 is NULL
R14=0x0 is NULL
R15=0x00007f27de5fe1b0 is pointing into the stack for thread: 0x00007f27d8016800


Registers:
RAX=0x0000000000000000, RBX=0x0000000000000000, RCX=0x00007f27de5fdff0, RDX=0x00007f27de5fdfe0
RSP=0x00007f27de5fdf90, RBP=0x00000000386bf200, RSI=0x00007f27de5fdff8, RDI=0x00007f27de5fdfe8
R8 =0x00007f27de5fe000, R9 =0x00007f27de5fdfe4, R10=0x00007f27de5fdfe0, R11=0x00007f27bc726950
R12=0x00007f27de5fe040, R13=0x0000000000000000, R14=0x0000000000000000, R15=0x00007f27de5fe1b0
RIP=0x00007f27bc726979, EFLAGS=0x0000000000010246, CSGSFS=0x002b000000000033, ERR=0x0000000000000004
  TRAPNO=0x000000000000000e

Top of Stack: (sp=0x00007f27de5fdf90)
0x00007f27de5fdf90:   00007f27bc7b13c0 cdb9136160ee7200
0x00007f27de5fdfa0:   00007f27d84f3a10 00007f27de5fe1b0
0x00007f27de5fdfb0:   00000000386d4380 00007f27de5fe040
0x00007f27de5fdfc0:   0000000000000000 00007f27bc72825c 

Instructions: (pc=0x00007f27bc726979)
0x00007f27bc726879:   00 00 00 00 0f 1f 00 f3 0f 1e fa 49 89 f8 48 8d
0x00007f27bc726889:   be 00 01 00 00 4c 89 c6 e9 ca fd ff ff 66 2e 0f
0x00007f27bc726899:   1f 84 00 00 00 00 00 f3 0f 1e fa 41 55 41 54 55
0x00007f27bc7268a9:   48 89 fd 53 48 83 ec 08 48 8b 1d 68 89 0d 00 48
0x00007f27bc7268b9:   85 db 74 2b 48 8b 7d 00 48 89 da 31 f6 48 81 c3
0x00007f27bc7268c9:   68 56 00 00 e8 ce df ff ff 48 89 1d 97 89 0d 00
0x00007f27bc7268d9:   48 83 c4 08 5b 5d 41 5c 41 5d c3 0f 1f 40 00 bf
0x00007f27bc7268e9:   90 5b 00 00 e8 8e 66 f9 ff 48 89 05 27 89 0d 00
0x00007f27bc7268f9:   49 89 c4 48 85 c0 74 d8 4c 8d 2d 38 5a 08 00 31
0x00007f27bc726909:   f6 b9 01 00 00 00 48 89 c2 4c 89 ef e8 56 72 f9
0x00007f27bc726919:   ff 85 c0 75 12 48 8b 1d fb 88 0d 00 eb 96 66 0f
0x00007f27bc726929:   1f 84 00 00 00 00 00 ba 01 00 00 00 4c 89 e6 4c
0x00007f27bc726939:   89 ef e8 60 70 f9 ff eb dc 66 66 2e 0f 1f 84 00
0x00007f27bc726949:   00 00 00 00 0f 1f 00 f3 0f 1e fa 41 55 49 89 d2
0x00007f27bc726959:   41 54 55 53 48 83 ec 18 48 8b 2f 64 48 8b 04 25
0x00007f27bc726969:   28 00 00 00 48 89 44 24 08 31 c0 48 8b 5c 24 40
0x00007f27bc726979:   44 8b 9b 04 01 00 00 45 85 db 0f 84 27 02 00 00
0x00007f27bc726989:   80 bb 10 01 00 00 00 49 89 cc 75 6b 41 8d 53 ff
0x00007f27bc726999:   80 bb 11 01 00 00 00 48 63 ca 48 8b 84 cb 18 01
0x00007f27bc7269a9:   00 00 0f 84 ef 00 00 00 48 39 c5 0f 8e e6 00 00
0x00007f27bc7269b9:   00 48 8b 8b 18 01 00 00 48 39 e9 7f 46 48 bf e7
0x00007f27bc7269c9:   58 ef 44 46 ef 35 ae 48 89 ea 48 29 c2 48 83 ea
0x00007f27bc7269d9:   01 48 89 d0 48 f7 e7 48 b8 80 59 60 f0 02 00 00
0x00007f27bc7269e9:   00 48 c1 ea 21 4c 8d 6a 01 4c 0f af e8 48 89 e8
0x00007f27bc7269f9:   4c 29 e8 eb 43 66 90 48 8b 8b 18 01 00 00 48 39
0x00007f27bc726a09:   e9 7e 89 48 bf e7 58 ef 44 46 ef 35 ae 48 89 ca
0x00007f27bc726a19:   48 29 ea 48 83 ea 01 48 89 d0 48 f7 e7 48 b8 80
0x00007f27bc726a29:   59 60 f0 02 00 00 00 48 c1 ea 21 4c 8d 6a 01 4c
0x00007f27bc726a39:   0f af e8 4a 8d 44 2d 00 48 89 04 24 48 39 c1 0f
0x00007f27bc726a49:   8f 12 02 00 00 41 8d 53 ff 41 bb ff ff ff ff 48
0x00007f27bc726a59:   63 d2 48 39 84 d3 18 01 00 00 0f 8c 83 01 00 00
0x00007f27bc726a69:   48 89 e7 48 83 ec 08 4c 89 d2 4c 89 e1 53 e8 d4 


Stack slot to memory mapping:
stack at sp + 0 slots: 0x00007f27bc7b13c0: <offset 0x00000000001333c0> in /usr/local/lib/libmeos.so at 0x00007f27bc67e000
stack at sp + 1 slots: 0xcdb9136160ee7200 is an unknown value
stack at sp + 2 slots: 0x00007f27d84f3a10 points into unknown readable memory: 0x00007f202a32bd03 | 03 bd 32 2a 20 7f 00 00
stack at sp + 3 slots: 0x00007f27de5fe1b0 is pointing into the stack for thread: 0x00007f27d8016800
stack at sp + 4 slots: 0x00000000386d4380 is an unknown value
stack at sp + 5 slots: 0x00007f27de5fe040 is pointing into the stack for thread: 0x00007f27d8016800
stack at sp + 6 slots: 0x0 is NULL
stack at sp + 7 slots: 0x00007f27bc72825c: <offset 0x00000000000aa25c> in /usr/local/lib/libmeos.so at 0x00007f27bc67e000


---------------  P R O C E S S  ---------------

Threads class SMR info:
_java_thread_list=0x00007f278c001fc0, length=13, elements={
0x00007f27d8016800, 0x00007f27d8115880, 0x00007f27d8116c60, 0x00007f27d811c410,
0x00007f27d811d7c0, 0x00007f27d811ebd0, 0x00007f27d8120580, 0x00007f27d8121ab0,
0x00007f27d8122f20, 0x00007f27d812df60, 0x00007f27d8305940, 0x00007f27d8307090,
0x00007f278c000fe0
}

Java Threads: ( => current thread )
=>0x00007f27d8016800 JavaThread "main" [_thread_in_native, id=332448, stack(0x00007f27de500000,0x00007f27de600000)]
  0x00007f27d8115880 JavaThread "Reference Handler" daemon [_thread_blocked, id=332458, stack(0x00007f27dc7d5000,0x00007f27dc8d5000)]
  0x00007f27d8116c60 JavaThread "Finalizer" daemon [_thread_blocked, id=332459, stack(0x00007f27dc6d5000,0x00007f27dc7d5000)]
  0x00007f27d811c410 JavaThread "Signal Dispatcher" daemon [_thread_blocked, id=332460, stack(0x00007f27dc5d5000,0x00007f27dc6d5000)]
  0x00007f27d811d7c0 JavaThread "Service Thread" daemon [_thread_blocked, id=332462, stack(0x00007f27dc4d5000,0x00007f27dc5d5000)]
  0x00007f27d811ebd0 JavaThread "Monitor Deflation Thread" daemon [_thread_blocked, id=332463, stack(0x00007f27dc3d5000,0x00007f27dc4d5000)]
  0x00007f27d8120580 JavaThread "C2 CompilerThread0" daemon [_thread_blocked, id=332465, stack(0x00007f27dc2d5000,0x00007f27dc3d5000)]
  0x00007f27d8121ab0 JavaThread "C1 CompilerThread0" daemon [_thread_blocked, id=332466, stack(0x00007f27dc1d5000,0x00007f27dc2d5000)]
  0x00007f27d8122f20 JavaThread "Sweeper thread" daemon [_thread_blocked, id=332467, stack(0x00007f27dc0d5000,0x00007f27dc1d5000)]
  0x00007f27d812df60 JavaThread "Common-Cleaner" daemon [_thread_blocked, id=332470, stack(0x00007f27d7f00000,0x00007f27d8000000)]
  0x00007f27d8305940 JavaThread "Monitor Ctrl-Break" daemon [_thread_in_native, id=332478, stack(0x00007f27bcd00000,0x00007f27bce00000)]
  0x00007f27d8307090 JavaThread "Notification Thread" daemon [_thread_blocked, id=332479, stack(0x00007f27bcc00000,0x00007f27bcd00000)]
  0x00007f278c000fe0 JavaThread "Attach Listener" daemon [_thread_blocked, id=332511, stack(0x00007f27aca59000,0x00007f27acb59000)]

Other Threads:
  0x00007f27d81117d0 VMThread "VM Thread" [stack: 0x00007f27dc8d7000,0x00007f27dc9d7000] [id=332457]
  0x00007f27d8019310 WatcherThread [stack: 0x00007f27bcb00000,0x00007f27bcc00000] [id=332480]
  0x00007f27d806fee0 GCTaskThread "GC Thread#0" [stack: 0x00007f27dd392000,0x00007f27dd492000] [id=332452]
  0x00007f279c0051c0 GCTaskThread "GC Thread#1" [stack: 0x00007f27acd5f000,0x00007f27ace5f000] [id=332508]
  0x00007f279c005c40 GCTaskThread "GC Thread#2" [stack: 0x00007f27acc5d000,0x00007f27acd5d000] [id=332509]
  0x00007f279c00bc90 GCTaskThread "GC Thread#3" [stack: 0x00007f27acb5b000,0x00007f27acc5b000] [id=332510]
  0x00007f27d8080a00 ConcurrentGCThread "G1 Main Marker" [stack: 0x00007f27dd290000,0x00007f27dd390000] [id=332453]
  0x00007f27d8081960 ConcurrentGCThread "G1 Conc#0" [stack: 0x00007f27dd18e000,0x00007f27dd28e000] [id=332454]
  0x00007f27d80e6050 ConcurrentGCThread "G1 Refine#0" [stack: 0x00007f27dcc88000,0x00007f27dcd88000] [id=332455]
  0x00007f27d80e6f40 ConcurrentGCThread "G1 Service" [stack: 0x00007f27dcb86000,0x00007f27dcc86000] [id=332456]

Threads with active compile tasks:

VM state: not at safepoint (normal execution)

VM Mutex/Monitor currently owned by a thread: None

Heap address: 0x0000000085600000, size: 1962 MB, Compressed Oops mode: 32-bit

CDS archive(s) mapped at: [0x0000000800000000-0x0000000800be2000-0x0000000800be2000), size 12460032, SharedBaseAddress: 0x0000000800000000, ArchiveRelocationMode: 0.
Compressed class space mapped at: 0x0000000801000000-0x0000000841000000, reserved size: 1073741824
Narrow klass base: 0x0000000800000000, Narrow klass shift: 0, Narrow klass range: 0x100000000

GC Precious Log:
 CPUs: 4 total, 4 available
 Memory: 7840M
 Large Page Support: Disabled
 NUMA Support: Disabled
 Compressed Oops: Enabled (32-bit)
 Heap Region Size: 1M
 Heap Min Capacity: 8M
 Heap Initial Capacity: 124M
 Heap Max Capacity: 1962M
 Pre-touch: Disabled
 Parallel Workers: 4
 Concurrent Workers: 1
 Concurrent Refinement Workers: 4
 Periodic GC: Disabled

Heap:
 garbage-first heap   total 129024K, used 4832K [0x0000000085600000, 0x0000000100000000)
  region size 1024K, 3 young (3072K), 2 survivors (2048K)
 Metaspace       used 4942K, committed 5056K, reserved 1114112K
  class space    used 494K, committed 512K, reserved 1048576K

Heap Regions: E=young(eden), S=young(survivor), O=old, HS=humongous(starts), HC=humongous(continues), CS=collection set, F=free, OA=open archive, CA=closed archive, TAMS=top-at-mark-start (previous, next)
|   0|0x0000000085600000, 0x0000000085700000, 0x0000000085700000|100%|HS|  |TAMS 0x0000000085600000, 0x0000000085600000| Complete 
|   1|0x0000000085700000, 0x00000000857c0200, 0x0000000085800000| 75%| O|  |TAMS 0x0000000085700000, 0x0000000085700000| Untracked 
|   2|0x0000000085800000, 0x0000000085800000, 0x0000000085900000|  0%| F|  |TAMS 0x0000000085800000, 0x0000000085800000| Untracked 
|   3|0x0000000085900000, 0x0000000085900000, 0x0000000085a00000|  0%| F|  |TAMS 0x0000000085900000, 0x0000000085900000| Untracked 
|   4|0x0000000085a00000, 0x0000000085a00000, 0x0000000085b00000|  0%| F|  |TAMS 0x0000000085a00000, 0x0000000085a00000| Untracked 
|   5|0x0000000085b00000, 0x0000000085b00000, 0x0000000085c00000|  0%| F|  |TAMS 0x0000000085b00000, 0x0000000085b00000| Untracked 
|   6|0x0000000085c00000, 0x0000000085c00000, 0x0000000085d00000|  0%| F|  |TAMS 0x0000000085c00000, 0x0000000085c00000| Untracked 
|   7|0x0000000085d00000, 0x0000000085d00000, 0x0000000085e00000|  0%| F|  |TAMS 0x0000000085d00000, 0x0000000085d00000| Untracked 
|   8|0x0000000085e00000, 0x0000000085e00000, 0x0000000085f00000|  0%| F|  |TAMS 0x0000000085e00000, 0x0000000085e00000| Untracked 
|   9|0x0000000085f00000, 0x0000000085f00000, 0x0000000086000000|  0%| F|  |TAMS 0x0000000085f00000, 0x0000000085f00000| Untracked 
|  10|0x0000000086000000, 0x0000000086000000, 0x0000000086100000|  0%| F|  |TAMS 0x0000000086000000, 0x0000000086000000| Untracked 
|  11|0x0000000086100000, 0x0000000086100000, 0x0000000086200000|  0%| F|  |TAMS 0x0000000086100000, 0x0000000086100000| Untracked 
|  12|0x0000000086200000, 0x0000000086200000, 0x0000000086300000|  0%| F|  |TAMS 0x0000000086200000, 0x0000000086200000| Untracked 
|  13|0x0000000086300000, 0x0000000086300000, 0x0000000086400000|  0%| F|  |TAMS 0x0000000086300000, 0x0000000086300000| Untracked 
|  14|0x0000000086400000, 0x0000000086400000, 0x0000000086500000|  0%| F|  |TAMS 0x0000000086400000, 0x0000000086400000| Untracked 
|  15|0x0000000086500000, 0x0000000086500000, 0x0000000086600000|  0%| F|  |TAMS 0x0000000086500000, 0x0000000086500000| Untracked 
|  16|0x0000000086600000, 0x0000000086600000, 0x0000000086700000|  0%| F|  |TAMS 0x0000000086600000, 0x0000000086600000| Untracked 
|  17|0x0000000086700000, 0x0000000086700000, 0x0000000086800000|  0%| F|  |TAMS 0x0000000086700000, 0x0000000086700000| Untracked 
|  18|0x0000000086800000, 0x0000000086800000, 0x0000000086900000|  0%| F|  |TAMS 0x0000000086800000, 0x0000000086800000| Untracked 
|  19|0x0000000086900000, 0x0000000086900000, 0x0000000086a00000|  0%| F|  |TAMS 0x0000000086900000, 0x0000000086900000| Untracked 
|  20|0x0000000086a00000, 0x0000000086a00000, 0x0000000086b00000|  0%| F|  |TAMS 0x0000000086a00000, 0x0000000086a00000| Untracked 
|  21|0x0000000086b00000, 0x0000000086b00000, 0x0000000086c00000|  0%| F|  |TAMS 0x0000000086b00000, 0x0000000086b00000| Untracked 
|  22|0x0000000086c00000, 0x0000000086c00000, 0x0000000086d00000|  0%| F|  |TAMS 0x0000000086c00000, 0x0000000086c00000| Untracked 
|  23|0x0000000086d00000, 0x0000000086d00000, 0x0000000086e00000|  0%| F|  |TAMS 0x0000000086d00000, 0x0000000086d00000| Untracked 
|  24|0x0000000086e00000, 0x0000000086e00000, 0x0000000086f00000|  0%| F|  |TAMS 0x0000000086e00000, 0x0000000086e00000| Untracked 
|  25|0x0000000086f00000, 0x0000000086f00000, 0x0000000087000000|  0%| F|  |TAMS 0x0000000086f00000, 0x0000000086f00000| Untracked 
|  26|0x0000000087000000, 0x0000000087000000, 0x0000000087100000|  0%| F|  |TAMS 0x0000000087000000, 0x0000000087000000| Untracked 
|  27|0x0000000087100000, 0x0000000087100000, 0x0000000087200000|  0%| F|  |TAMS 0x0000000087100000, 0x0000000087100000| Untracked 
|  28|0x0000000087200000, 0x0000000087200000, 0x0000000087300000|  0%| F|  |TAMS 0x0000000087200000, 0x0000000087200000| Untracked 
|  29|0x0000000087300000, 0x0000000087300000, 0x0000000087400000|  0%| F|  |TAMS 0x0000000087300000, 0x0000000087300000| Untracked 
|  30|0x0000000087400000, 0x0000000087400000, 0x0000000087500000|  0%| F|  |TAMS 0x0000000087400000, 0x0000000087400000| Untracked 
|  31|0x0000000087500000, 0x0000000087500000, 0x0000000087600000|  0%| F|  |TAMS 0x0000000087500000, 0x0000000087500000| Untracked 
|  32|0x0000000087600000, 0x0000000087600000, 0x0000000087700000|  0%| F|  |TAMS 0x0000000087600000, 0x0000000087600000| Untracked 
|  33|0x0000000087700000, 0x0000000087700000, 0x0000000087800000|  0%| F|  |TAMS 0x0000000087700000, 0x0000000087700000| Untracked 
|  34|0x0000000087800000, 0x0000000087800000, 0x0000000087900000|  0%| F|  |TAMS 0x0000000087800000, 0x0000000087800000| Untracked 
|  35|0x0000000087900000, 0x0000000087900000, 0x0000000087a00000|  0%| F|  |TAMS 0x0000000087900000, 0x0000000087900000| Untracked 
|  36|0x0000000087a00000, 0x0000000087a00000, 0x0000000087b00000|  0%| F|  |TAMS 0x0000000087a00000, 0x0000000087a00000| Untracked 
|  37|0x0000000087b00000, 0x0000000087b00000, 0x0000000087c00000|  0%| F|  |TAMS 0x0000000087b00000, 0x0000000087b00000| Untracked 
|  38|0x0000000087c00000, 0x0000000087c00000, 0x0000000087d00000|  0%| F|  |TAMS 0x0000000087c00000, 0x0000000087c00000| Untracked 
|  39|0x0000000087d00000, 0x0000000087d00000, 0x0000000087e00000|  0%| F|  |TAMS 0x0000000087d00000, 0x0000000087d00000| Untracked 
|  40|0x0000000087e00000, 0x0000000087e00000, 0x0000000087f00000|  0%| F|  |TAMS 0x0000000087e00000, 0x0000000087e00000| Untracked 
|  41|0x0000000087f00000, 0x0000000087f00000, 0x0000000088000000|  0%| F|  |TAMS 0x0000000087f00000, 0x0000000087f00000| Untracked 
|  42|0x0000000088000000, 0x0000000088000000, 0x0000000088100000|  0%| F|  |TAMS 0x0000000088000000, 0x0000000088000000| Untracked 
|  43|0x0000000088100000, 0x0000000088100000, 0x0000000088200000|  0%| F|  |TAMS 0x0000000088100000, 0x0000000088100000| Untracked 
|  44|0x0000000088200000, 0x0000000088200000, 0x0000000088300000|  0%| F|  |TAMS 0x0000000088200000, 0x0000000088200000| Untracked 
|  45|0x0000000088300000, 0x0000000088300000, 0x0000000088400000|  0%| F|  |TAMS 0x0000000088300000, 0x0000000088300000| Untracked 
|  46|0x0000000088400000, 0x0000000088400000, 0x0000000088500000|  0%| F|  |TAMS 0x0000000088400000, 0x0000000088400000| Untracked 
|  47|0x0000000088500000, 0x0000000088500000, 0x0000000088600000|  0%| F|  |TAMS 0x0000000088500000, 0x0000000088500000| Untracked 
|  48|0x0000000088600000, 0x0000000088600000, 0x0000000088700000|  0%| F|  |TAMS 0x0000000088600000, 0x0000000088600000| Untracked 
|  49|0x0000000088700000, 0x0000000088700000, 0x0000000088800000|  0%| F|  |TAMS 0x0000000088700000, 0x0000000088700000| Untracked 
|  50|0x0000000088800000, 0x0000000088800000, 0x0000000088900000|  0%| F|  |TAMS 0x0000000088800000, 0x0000000088800000| Untracked 
|  51|0x0000000088900000, 0x0000000088900000, 0x0000000088a00000|  0%| F|  |TAMS 0x0000000088900000, 0x0000000088900000| Untracked 
|  52|0x0000000088a00000, 0x0000000088a00000, 0x0000000088b00000|  0%| F|  |TAMS 0x0000000088a00000, 0x0000000088a00000| Untracked 
|  53|0x0000000088b00000, 0x0000000088b00000, 0x0000000088c00000|  0%| F|  |TAMS 0x0000000088b00000, 0x0000000088b00000| Untracked 
|  54|0x0000000088c00000, 0x0000000088c00000, 0x0000000088d00000|  0%| F|  |TAMS 0x0000000088c00000, 0x0000000088c00000| Untracked 
|  55|0x0000000088d00000, 0x0000000088d00000, 0x0000000088e00000|  0%| F|  |TAMS 0x0000000088d00000, 0x0000000088d00000| Untracked 
|  56|0x0000000088e00000, 0x0000000088e00000, 0x0000000088f00000|  0%| F|  |TAMS 0x0000000088e00000, 0x0000000088e00000| Untracked 
|  57|0x0000000088f00000, 0x0000000088f00000, 0x0000000089000000|  0%| F|  |TAMS 0x0000000088f00000, 0x0000000088f00000| Untracked 
|  58|0x0000000089000000, 0x0000000089000000, 0x0000000089100000|  0%| F|  |TAMS 0x0000000089000000, 0x0000000089000000| Untracked 
|  59|0x0000000089100000, 0x0000000089100000, 0x0000000089200000|  0%| F|  |TAMS 0x0000000089100000, 0x0000000089100000| Untracked 
|  60|0x0000000089200000, 0x0000000089200000, 0x0000000089300000|  0%| F|  |TAMS 0x0000000089200000, 0x0000000089200000| Untracked 
|  61|0x0000000089300000, 0x0000000089300000, 0x0000000089400000|  0%| F|  |TAMS 0x0000000089300000, 0x0000000089300000| Untracked 
|  62|0x0000000089400000, 0x0000000089400000, 0x0000000089500000|  0%| F|  |TAMS 0x0000000089400000, 0x0000000089400000| Untracked 
|  63|0x0000000089500000, 0x0000000089500000, 0x0000000089600000|  0%| F|  |TAMS 0x0000000089500000, 0x0000000089500000| Untracked 
|  64|0x0000000089600000, 0x0000000089600000, 0x0000000089700000|  0%| F|  |TAMS 0x0000000089600000, 0x0000000089600000| Untracked 
|  65|0x0000000089700000, 0x0000000089700000, 0x0000000089800000|  0%| F|  |TAMS 0x0000000089700000, 0x0000000089700000| Untracked 
|  66|0x0000000089800000, 0x0000000089800000, 0x0000000089900000|  0%| F|  |TAMS 0x0000000089800000, 0x0000000089800000| Untracked 
|  67|0x0000000089900000, 0x0000000089900000, 0x0000000089a00000|  0%| F|  |TAMS 0x0000000089900000, 0x0000000089900000| Untracked 
|  68|0x0000000089a00000, 0x0000000089a00000, 0x0000000089b00000|  0%| F|  |TAMS 0x0000000089a00000, 0x0000000089a00000| Untracked 
|  69|0x0000000089b00000, 0x0000000089b00000, 0x0000000089c00000|  0%| F|  |TAMS 0x0000000089b00000, 0x0000000089b00000| Untracked 
|  70|0x0000000089c00000, 0x0000000089c00000, 0x0000000089d00000|  0%| F|  |TAMS 0x0000000089c00000, 0x0000000089c00000| Untracked 
|  71|0x0000000089d00000, 0x0000000089d00000, 0x0000000089e00000|  0%| F|  |TAMS 0x0000000089d00000, 0x0000000089d00000| Untracked 
|  72|0x0000000089e00000, 0x0000000089e00000, 0x0000000089f00000|  0%| F|  |TAMS 0x0000000089e00000, 0x0000000089e00000| Untracked 
|  73|0x0000000089f00000, 0x0000000089f00000, 0x000000008a000000|  0%| F|  |TAMS 0x0000000089f00000, 0x0000000089f00000| Untracked 
|  74|0x000000008a000000, 0x000000008a000000, 0x000000008a100000|  0%| F|  |TAMS 0x000000008a000000, 0x000000008a000000| Untracked 
|  75|0x000000008a100000, 0x000000008a100000, 0x000000008a200000|  0%| F|  |TAMS 0x000000008a100000, 0x000000008a100000| Untracked 
|  76|0x000000008a200000, 0x000000008a200000, 0x000000008a300000|  0%| F|  |TAMS 0x000000008a200000, 0x000000008a200000| Untracked 
|  77|0x000000008a300000, 0x000000008a300000, 0x000000008a400000|  0%| F|  |TAMS 0x000000008a300000, 0x000000008a300000| Untracked 
|  78|0x000000008a400000, 0x000000008a400000, 0x000000008a500000|  0%| F|  |TAMS 0x000000008a400000, 0x000000008a400000| Untracked 
|  79|0x000000008a500000, 0x000000008a500000, 0x000000008a600000|  0%| F|  |TAMS 0x000000008a500000, 0x000000008a500000| Untracked 
|  80|0x000000008a600000, 0x000000008a600000, 0x000000008a700000|  0%| F|  |TAMS 0x000000008a600000, 0x000000008a600000| Untracked 
|  81|0x000000008a700000, 0x000000008a700000, 0x000000008a800000|  0%| F|  |TAMS 0x000000008a700000, 0x000000008a700000| Untracked 
|  82|0x000000008a800000, 0x000000008a800000, 0x000000008a900000|  0%| F|  |TAMS 0x000000008a800000, 0x000000008a800000| Untracked 
|  83|0x000000008a900000, 0x000000008a900000, 0x000000008aa00000|  0%| F|  |TAMS 0x000000008a900000, 0x000000008a900000| Untracked 
|  84|0x000000008aa00000, 0x000000008aa00000, 0x000000008ab00000|  0%| F|  |TAMS 0x000000008aa00000, 0x000000008aa00000| Untracked 
|  85|0x000000008ab00000, 0x000000008ab00000, 0x000000008ac00000|  0%| F|  |TAMS 0x000000008ab00000, 0x000000008ab00000| Untracked 
|  86|0x000000008ac00000, 0x000000008ac00000, 0x000000008ad00000|  0%| F|  |TAMS 0x000000008ac00000, 0x000000008ac00000| Untracked 
|  87|0x000000008ad00000, 0x000000008ad00000, 0x000000008ae00000|  0%| F|  |TAMS 0x000000008ad00000, 0x000000008ad00000| Untracked 
|  88|0x000000008ae00000, 0x000000008ae00000, 0x000000008af00000|  0%| F|  |TAMS 0x000000008ae00000, 0x000000008ae00000| Untracked 
|  89|0x000000008af00000, 0x000000008af00000, 0x000000008b000000|  0%| F|  |TAMS 0x000000008af00000, 0x000000008af00000| Untracked 
|  90|0x000000008b000000, 0x000000008b000000, 0x000000008b100000|  0%| F|  |TAMS 0x000000008b000000, 0x000000008b000000| Untracked 
|  91|0x000000008b100000, 0x000000008b100000, 0x000000008b200000|  0%| F|  |TAMS 0x000000008b100000, 0x000000008b100000| Untracked 
|  92|0x000000008b200000, 0x000000008b200000, 0x000000008b300000|  0%| F|  |TAMS 0x000000008b200000, 0x000000008b200000| Untracked 
|  93|0x000000008b300000, 0x000000008b300000, 0x000000008b400000|  0%| F|  |TAMS 0x000000008b300000, 0x000000008b300000| Untracked 
|  94|0x000000008b400000, 0x000000008b400000, 0x000000008b500000|  0%| F|  |TAMS 0x000000008b400000, 0x000000008b400000| Untracked 
|  95|0x000000008b500000, 0x000000008b500000, 0x000000008b600000|  0%| F|  |TAMS 0x000000008b500000, 0x000000008b500000| Untracked 
|  96|0x000000008b600000, 0x000000008b600000, 0x000000008b700000|  0%| F|  |TAMS 0x000000008b600000, 0x000000008b600000| Untracked 
|  97|0x000000008b700000, 0x000000008b700000, 0x000000008b800000|  0%| F|  |TAMS 0x000000008b700000, 0x000000008b700000| Untracked 
|  98|0x000000008b800000, 0x000000008b800000, 0x000000008b900000|  0%| F|  |TAMS 0x000000008b800000, 0x000000008b800000| Untracked 
|  99|0x000000008b900000, 0x000000008b900000, 0x000000008ba00000|  0%| F|  |TAMS 0x000000008b900000, 0x000000008b900000| Untracked 
| 100|0x000000008ba00000, 0x000000008ba00000, 0x000000008bb00000|  0%| F|  |TAMS 0x000000008ba00000, 0x000000008ba00000| Untracked 
| 101|0x000000008bb00000, 0x000000008bb00000, 0x000000008bc00000|  0%| F|  |TAMS 0x000000008bb00000, 0x000000008bb00000| Untracked 
| 102|0x000000008bc00000, 0x000000008bc00000, 0x000000008bd00000|  0%| F|  |TAMS 0x000000008bc00000, 0x000000008bc00000| Untracked 
| 103|0x000000008bd00000, 0x000000008bd00000, 0x000000008be00000|  0%| F|  |TAMS 0x000000008bd00000, 0x000000008bd00000| Untracked 
| 104|0x000000008be00000, 0x000000008be00000, 0x000000008bf00000|  0%| F|  |TAMS 0x000000008be00000, 0x000000008be00000| Untracked 
| 105|0x000000008bf00000, 0x000000008bf00000, 0x000000008c000000|  0%| F|  |TAMS 0x000000008bf00000, 0x000000008bf00000| Untracked 
| 106|0x000000008c000000, 0x000000008c000000, 0x000000008c100000|  0%| F|  |TAMS 0x000000008c000000, 0x000000008c000000| Untracked 
| 107|0x000000008c100000, 0x000000008c100000, 0x000000008c200000|  0%| F|  |TAMS 0x000000008c100000, 0x000000008c100000| Untracked 
| 108|0x000000008c200000, 0x000000008c200000, 0x000000008c300000|  0%| F|  |TAMS 0x000000008c200000, 0x000000008c200000| Untracked 
| 109|0x000000008c300000, 0x000000008c400000, 0x000000008c400000|100%| S|CS|TAMS 0x000000008c300000, 0x000000008c300000| Complete 
| 110|0x000000008c400000, 0x000000008c500000, 0x000000008c500000|100%| S|CS|TAMS 0x000000008c400000, 0x000000008c400000| Complete 
| 111|0x000000008c500000, 0x000000008c500000, 0x000000008c600000|  0%| F|  |TAMS 0x000000008c500000, 0x000000008c500000| Untracked 
| 112|0x000000008c600000, 0x000000008c600000, 0x000000008c700000|  0%| F|  |TAMS 0x000000008c600000, 0x000000008c600000| Untracked 
| 113|0x000000008c700000, 0x000000008c700000, 0x000000008c800000|  0%| F|  |TAMS 0x000000008c700000, 0x000000008c700000| Untracked 
| 114|0x000000008c800000, 0x000000008c800000, 0x000000008c900000|  0%| F|  |TAMS 0x000000008c800000, 0x000000008c800000| Untracked 
| 115|0x000000008c900000, 0x000000008c900000, 0x000000008ca00000|  0%| F|  |TAMS 0x000000008c900000, 0x000000008c900000| Untracked 
| 116|0x000000008ca00000, 0x000000008ca00000, 0x000000008cb00000|  0%| F|  |TAMS 0x000000008ca00000, 0x000000008ca00000| Untracked 
| 117|0x000000008cb00000, 0x000000008cb00000, 0x000000008cc00000|  0%| F|  |TAMS 0x000000008cb00000, 0x000000008cb00000| Untracked 
| 118|0x000000008cc00000, 0x000000008cc00000, 0x000000008cd00000|  0%| F|  |TAMS 0x000000008cc00000, 0x000000008cc00000| Untracked 
| 119|0x000000008cd00000, 0x000000008cd00000, 0x000000008ce00000|  0%| F|  |TAMS 0x000000008cd00000, 0x000000008cd00000| Untracked 
| 120|0x000000008ce00000, 0x000000008ce00000, 0x000000008cf00000|  0%| F|  |TAMS 0x000000008ce00000, 0x000000008ce00000| Untracked 
| 121|0x000000008cf00000, 0x000000008cf00000, 0x000000008d000000|  0%| F|  |TAMS 0x000000008cf00000, 0x000000008cf00000| Untracked 
| 122|0x000000008d000000, 0x000000008d000000, 0x000000008d100000|  0%| F|  |TAMS 0x000000008d000000, 0x000000008d000000| Untracked 
| 123|0x000000008d100000, 0x000000008d15bdc0, 0x000000008d200000| 35%| E|  |TAMS 0x000000008d100000, 0x000000008d100000| Complete 
|1960|0x00000000ffe00000, 0x00000000ffe76000, 0x00000000fff00000| 46%|OA|  |TAMS 0x00000000ffe00000, 0x00000000ffe00000| Untracked 
|1961|0x00000000fff00000, 0x00000000fff82000, 0x0000000100000000| 50%|CA|  |TAMS 0x00000000fff00000, 0x00000000fff00000| Untracked 

Card table byte_map: [0x00007f27dd867000,0x00007f27ddc3c000] _byte_map_base: 0x00007f27dd43c000

Marking Bits (Prev, Next): (CMBitMap*) 0x00007f27d8070960, (CMBitMap*) 0x00007f27d80709a0
 Prev Bits: [0x00007f27bf558000, 0x00007f27c1400000)
 Next Bits: [0x00007f27bd6b0000, 0x00007f27bf558000)

Polling page: 0x00007f27e010d000

Metaspace:

Usage:
  Non-class:      4,34 MB used.
      Class:    494,70 KB used.
       Both:      4,83 MB used.

Virtual space:
  Non-class space:       64,00 MB reserved,       4,44 MB (  7%) committed,  1 nodes.
      Class space:        1,00 GB reserved,     512,00 KB ( <1%) committed,  1 nodes.
             Both:        1,06 GB reserved,       4,94 MB ( <1%) committed. 

Chunk freelists:
   Non-Class:  9,92 MB
       Class:  15,50 MB
        Both:  25,42 MB

MaxMetaspaceSize: unlimited
CompressedClassSpaceSize: 1,00 GB
Initial GC threshold: 21,00 MB
Current GC threshold: 21,00 MB
CDS: on
MetaspaceReclaimPolicy: balanced
 - commit_granule_bytes: 65536.
 - commit_granule_words: 8192.
 - virtual_space_node_default_size: 8388608.
 - enlarge_chunks_in_place: 1.
 - new_chunks_are_fully_committed: 0.
 - uncommit_free_chunks: 1.
 - use_allocation_guard: 0.
 - handle_deallocations: 1.


Internal statistics:

num_allocs_failed_limit: 0.
num_arena_births: 18.
num_arena_deaths: 0.
num_vsnodes_births: 2.
num_vsnodes_deaths: 0.
num_space_committed: 79.
num_space_uncommitted: 0.
num_chunks_returned_to_freelist: 0.
num_chunks_taken_from_freelist: 121.
num_chunk_merges: 0.
num_chunk_splits: 82.
num_chunks_enlarged: 64.
num_inconsistent_stats: 0.

CodeHeap 'non-profiled nmethods': size=120032Kb used=209Kb max_used=209Kb free=119823Kb
 bounds [0x00007f27c8ec8000, 0x00007f27c9138000, 0x00007f27d0400000]
CodeHeap 'profiled nmethods': size=120028Kb used=1128Kb max_used=1128Kb free=118900Kb
 bounds [0x00007f27c1400000, 0x00007f27c1670000, 0x00007f27c8937000]
CodeHeap 'non-nmethods': size=5700Kb used=1240Kb max_used=1256Kb free=4459Kb
 bounds [0x00007f27c8937000, 0x00007f27c8ba7000, 0x00007f27c8ec8000]
 total_blobs=1209 nmethods=656 adapters=467
 compilation: enabled
              stopped_count=0, restarted_count=0
 full_count=0

Compilation events (20 events):
Event: 1,307 Thread 0x00007f27d8121ab0 nmethod 648 0x00007f27c1518710 code [0x00007f27c15188c0, 0x00007f27c1518a30]
Event: 1,308 Thread 0x00007f27d8121ab0  651       3       java.util.regex.Pattern::has (15 bytes)
Event: 1,308 Thread 0x00007f27d8121ab0 nmethod 651 0x00007f27c1518b10 code [0x00007f27c1518ca0, 0x00007f27c1518e10]
Event: 1,308 Thread 0x00007f27d8121ab0  649       3       java.util.regex.Pattern::isSupplementary (21 bytes)
Event: 1,308 Thread 0x00007f27d8121ab0 nmethod 649 0x00007f27c1518e90 code [0x00007f27c1519040, 0x00007f27c15192b0]
Event: 1,308 Thread 0x00007f27d8121ab0  650       3       java.lang.Character::isSurrogate (18 bytes)
Event: 1,308 Thread 0x00007f27d8121ab0 nmethod 650 0x00007f27c1519390 code [0x00007f27c1519520, 0x00007f27c15196b0]
Event: 1,308 Thread 0x00007f27d8121ab0  654       3       java.util.regex.Pattern::peek (26 bytes)
Event: 1,309 Thread 0x00007f27d8121ab0 nmethod 654 0x00007f27c1519710 code [0x00007f27c15198c0, 0x00007f27c1519b20]
Event: 1,309 Thread 0x00007f27d8121ab0  652       1       java.lang.invoke.MethodHandles$Lookup::previousLookupClass (5 bytes)
Event: 1,309 Thread 0x00007f27d8121ab0 nmethod 652 0x00007f27c8efa890 code [0x00007f27c8efaa20, 0x00007f27c8efaaf0]
Event: 1,309 Thread 0x00007f27d8121ab0  656       3       java.lang.invoke.LambdaForm::forceInterpretation (14 bytes)
Event: 1,309 Thread 0x00007f27d8121ab0 nmethod 656 0x00007f27c1519c90 code [0x00007f27c1519e20, 0x00007f27c1519f90]
Event: 1,310 Thread 0x00007f27d8120580 nmethod 566 0x00007f27c8efab90 code [0x00007f27c8efad40, 0x00007f27c8efb2b8]
Event: 1,310 Thread 0x00007f27d8120580  655       4       jdk.internal.org.objectweb.asm.ByteVector::putUTF8 (144 bytes)
Event: 1,321 Thread 0x00007f27d8120580 nmethod 655 0x00007f27c8efb590 code [0x00007f27c8efb740, 0x00007f27c8efbaf8]
Event: 1,321 Thread 0x00007f27d8120580  645       4       java.lang.String::checkBoundsBeginEnd (63 bytes)
Event: 1,322 Thread 0x00007f27d8120580 nmethod 645 0x00007f27c8efbe10 code [0x00007f27c8efbfa0, 0x00007f27c8efc058]
Event: 1,322 Thread 0x00007f27d8120580  560       4       java.util.concurrent.ConcurrentHashMap::setTabAt (20 bytes)
Event: 1,324 Thread 0x00007f27d8120580 nmethod 560 0x00007f27c8efc110 code [0x00007f27c8efc280, 0x00007f27c8efc3b8]

GC Heap History (2 events):
Event: 1,288 GC heap before
{Heap before GC invocations=0 (full 0):
 garbage-first heap   total 129024K, used 15328K [0x0000000085600000, 0x0000000100000000)
  region size 1024K, 13 young (13312K), 0 survivors (0K)
 Metaspace       used 4802K, committed 4864K, reserved 1114112K
  class space    used 481K, committed 512K, reserved 1048576K
}
Event: 1,306 GC heap after
{Heap after GC invocations=1 (full 0):
 garbage-first heap   total 129024K, used 4832K [0x0000000085600000, 0x0000000100000000)
  region size 1024K, 2 young (2048K), 2 survivors (2048K)
 Metaspace       used 4802K, committed 4864K, reserved 1114112K
  class space    used 481K, committed 512K, reserved 1048576K
}

Dll operation events (11 events):
Event: 0,008 Loaded shared library /usr/lib/jvm/java-17-openjdk-amd64/lib/libjava.so
Event: 0,052 Loaded shared library /usr/lib/jvm/java-17-openjdk-amd64/lib/libjsvml.so
Event: 0,310 Loaded shared library /usr/lib/jvm/java-17-openjdk-amd64/lib/libzip.so
Event: 0,312 Loaded shared library /usr/lib/jvm/java-17-openjdk-amd64/lib/libinstrument.so
Event: 0,327 Loaded shared library /usr/lib/jvm/java-17-openjdk-amd64/lib/libnio.so
Event: 0,356 Loaded shared library /usr/lib/jvm/java-17-openjdk-amd64/lib/libzip.so
Event: 0,471 Loaded shared library /usr/lib/jvm/java-17-openjdk-amd64/lib/libnet.so
Event: 0,500 Loaded shared library /usr/lib/jvm/java-17-openjdk-amd64/lib/libjimage.so
Event: 0,524 Loaded shared library /usr/lib/jvm/java-17-openjdk-amd64/lib/libextnet.so
Event: 0,770 Loaded shared library /tmp/jffi3790353899088979233.so
Event: 0,828 Loaded shared library /usr/lib/jvm/java-17-openjdk-amd64/lib/libverify.so

Deoptimization events (12 events):
Event: 0,617 Thread 0x00007f27d8016800 Uncommon trap: trap_request=0xffffff45 fr.pc=0x00007f27c8ed9018 relative=0x0000000000000078
Event: 0,617 Thread 0x00007f27d8016800 Uncommon trap: reason=unstable_if action=reinterpret pc=0x00007f27c8ed9018 method=java.lang.String.isLatin1()Z @ 10 c2
Event: 0,617 Thread 0x00007f27d8016800 DEOPT PACKING pc=0x00007f27c8ed9018 sp=0x00007f27de5fa700
Event: 0,617 Thread 0x00007f27d8016800 DEOPT UNPACKING pc=0x00007f27c898d699 sp=0x00007f27de5fa660 mode 2
Event: 0,733 Thread 0x00007f27d8016800 Uncommon trap: trap_request=0xffffff45 fr.pc=0x00007f27c8ed454c relative=0x00000000000008cc
Event: 0,733 Thread 0x00007f27d8016800 Uncommon trap: reason=unstable_if action=reinterpret pc=0x00007f27c8ed454c method=java.util.HashMap.putVal(ILjava/lang/Object;Ljava/lang/Object;ZZ)Ljava/lang/Object; @ 181 c2
Event: 0,733 Thread 0x00007f27d8016800 DEOPT PACKING pc=0x00007f27c8ed454c sp=0x00007f27de5f9da0
Event: 0,733 Thread 0x00007f27d8016800 DEOPT UNPACKING pc=0x00007f27c898d699 sp=0x00007f27de5f9d40 mode 2
Event: 1,268 Thread 0x00007f27d8016800 Uncommon trap: trap_request=0xffffff45 fr.pc=0x00007f27c8ef9654 relative=0x0000000000001594
Event: 1,268 Thread 0x00007f27d8016800 Uncommon trap: reason=unstable_if action=reinterpret pc=0x00007f27c8ef9654 method=java.util.HashMap.hash(Ljava/lang/Object;)I @ 1 c2
Event: 1,268 Thread 0x00007f27d8016800 DEOPT PACKING pc=0x00007f27c8ef9654 sp=0x00007f27de5fdd60
Event: 1,268 Thread 0x00007f27d8016800 DEOPT UNPACKING pc=0x00007f27c898d699 sp=0x00007f27de5fdd10 mode 2

Classes unloaded (0 events):
No events

Classes redefined (0 events):
No events

Internal exceptions (8 events):
Event: 0,512 Thread 0x00007f27d8305940 Exception <a 'java/lang/NoSuchMethodError'{0x000000008cfe2b48}: 'java.lang.Object java.lang.invoke.DirectMethodHandle$Holder.invokeStaticInit(java.lang.Object)'> (0x000000008cfe2b48) 
thrown [./src/hotspot/share/interpreter/linkResolver.cpp, line 758]
Event: 0,526 Thread 0x00007f27d8305940 Exception <a 'java/lang/NoSuchMethodError'{0x000000008cff11f0}: 'void java.lang.invoke.DirectMethodHandle$Holder.invokeStatic(java.lang.Object, java.lang.Object)'> (0x000000008cff11f0) 
thrown [./src/hotspot/share/interpreter/linkResolver.cpp, line 758]
Event: 0,959 Thread 0x00007f27d8016800 Exception <a 'java/lang/UnsatisfiedLinkError'{0x000000008cafd758}: meos: Ne peut ouvrir le fichier d'objet partagé: Aucun fichier ou dossier de ce type> (0x000000008cafd758) 
thrown [./src/hotspot/share/prims/jni.cpp, line 535]
Event: 1,119 Thread 0x00007f27d8016800 Exception <a 'java/lang/NoSuchMethodError'{0x000000008c60b868}: 'java.lang.Object java.lang.invoke.DirectMethodHandle$Holder.newInvokeSpecial(java.lang.Object, java.lang.Object, java.lang.Object, java.lang.Object, java.lang.Object)'> (0x000000008c60b868) 
thrown [./src/hotspot/share/interpreter/linkResolver.cpp, line 758]
Event: 1,194 Thread 0x00007f27d8016800 Exception <a 'java/lang/UnsatisfiedLinkError'{0x000000008c51e438}: /usr/local/lib/libmeos.so: undefined symbol: intrange_to_intspan> (0x000000008c51e438) 
thrown [./src/hotspot/share/prims/jni.cpp, line 535]
Event: 1,194 Thread 0x00007f27d8016800 Exception <a 'java/lang/UnsatisfiedLinkError'{0x000000008c520020}: /usr/local/lib/libmeos.so: undefined symbol: floatrange_to_floatspan> (0x000000008c520020) 
thrown [./src/hotspot/share/prims/jni.cpp, line 535]
Event: 1,195 Thread 0x00007f27d8016800 Exception <a 'java/lang/UnsatisfiedLinkError'{0x000000008c525b50}: /usr/local/lib/libmeos.so: undefined symbol: distance_timestamp_timestamp> (0x000000008c525b50) 
thrown [./src/hotspot/share/prims/jni.cpp, line 535]
Event: 1,268 Thread 0x00007f27d8016800 Implicit null exception at 0x00007f27c8ef8100 to 0x00007f27c8ef9640

VM Operations (12 events):
Event: 0,248 Executing VM operation: HandshakeAllThreads
Event: 0,248 Executing VM operation: HandshakeAllThreads done
Event: 0,472 Executing VM operation: HandshakeAllThreads
Event: 0,496 Executing VM operation: HandshakeAllThreads done
Event: 0,681 Executing VM operation: HandshakeAllThreads
Event: 0,681 Executing VM operation: HandshakeAllThreads done
Event: 0,816 Executing VM operation: HandshakeAllThreads
Event: 0,816 Executing VM operation: HandshakeAllThreads done
Event: 0,917 Executing VM operation: HandshakeAllThreads
Event: 0,917 Executing VM operation: HandshakeAllThreads done
Event: 1,277 Executing VM operation: G1CollectForAllocation
Event: 1,306 Executing VM operation: G1CollectForAllocation done

Events (20 events):
Event: 1,228 loading class sun/misc/Unsafe
Event: 1,228 loading class sun/misc/Unsafe done
Event: 1,263 loading class java/util/Stack
Event: 1,263 loading class java/util/Stack done
Event: 1,269 loading class java/time/OffsetDateTime
Event: 1,269 loading class java/time/OffsetDateTime done
Event: 1,307 loading class java/text/ParsePosition
Event: 1,307 loading class java/text/ParsePosition done
Event: 1,307 loading class java/time/format/DateTimeParseContext
Event: 1,307 loading class java/time/format/DateTimeParseContext done
Event: 1,307 loading class java/time/format/Parsed
Event: 1,307 loading class java/time/format/Parsed done
Event: 1,310 loading class java/time/ZonedDateTime
Event: 1,310 loading class java/time/chrono/ChronoZonedDateTime
Event: 1,310 loading class java/time/chrono/ChronoZonedDateTime done
Event: 1,310 loading class java/time/ZonedDateTime done
Event: 1,311 loading class java/nio/StringCharBuffer
Event: 1,311 Thread 0x00007f278c000fe0 Thread added: 0x00007f278c000fe0
Event: 1,311 Protecting memory [0x00007f27aca59000,0x00007f27aca5d000] with protection modes 0
Event: 1,311 loading class java/nio/StringCharBuffer done


Dynamic libraries:
85600000-8d200000 rw-p 00000000 00:00 0 
8d200000-ffe00000 ---p 00000000 00:00 0 
ffe00000-ffe76000 rw-p 00c9d000 08:02 10491600                           /usr/lib/jvm/java-17-openjdk-amd64/lib/server/classes.jsa
ffe76000-fff00000 rw-p 00000000 00:00 0 
fff00000-fff82000 rw-p 00c1b000 08:02 10491600                           /usr/lib/jvm/java-17-openjdk-amd64/lib/server/classes.jsa
fff82000-100000000 rw-p 00000000 00:00 0 
800000000-800458000 rw-p 00001000 08:02 10491600                         /usr/lib/jvm/java-17-openjdk-amd64/lib/server/classes.jsa
800458000-800be2000 r--p 00459000 08:02 10491600                         /usr/lib/jvm/java-17-openjdk-amd64/lib/server/classes.jsa
800be2000-801000000 ---p 00000000 00:00 0 
801000000-801040000 rw-p 00000000 00:00 0 
801040000-801080000 rw-p 00000000 00:00 0 
801080000-841000000 ---p 00000000 00:00 0 
56346c0a1000-56346c0a2000 r--p 00000000 08:02 10485864                   /usr/lib/jvm/java-17-openjdk-amd64/bin/java
56346c0a2000-56346c0a3000 r-xp 00001000 08:02 10485864                   /usr/lib/jvm/java-17-openjdk-amd64/bin/java
56346c0a3000-56346c0a4000 r--p 00002000 08:02 10485864                   /usr/lib/jvm/java-17-openjdk-amd64/bin/java
56346c0a4000-56346c0a5000 r--p 00002000 08:02 10485864                   /usr/lib/jvm/java-17-openjdk-amd64/bin/java
56346c0a5000-56346c0a6000 rw-p 00003000 08:02 10485864                   /usr/lib/jvm/java-17-openjdk-amd64/bin/java
56346cc1c000-56346cc64000 rw-p 00000000 00:00 0                          [heap]
7f275c000000-7f275c021000 rw-p 00000000 00:00 0 
7f275c021000-7f2760000000 ---p 00000000 00:00 0 
7f2760000000-7f2760021000 rw-p 00000000 00:00 0 
7f2760021000-7f2764000000 ---p 00000000 00:00 0 
7f2764000000-7f2764021000 rw-p 00000000 00:00 0 
7f2764021000-7f2768000000 ---p 00000000 00:00 0 
7f2768000000-7f2768021000 rw-p 00000000 00:00 0 
7f2768021000-7f276c000000 ---p 00000000 00:00 0 
7f276c000000-7f276c021000 rw-p 00000000 00:00 0 
7f276c021000-7f2770000000 ---p 00000000 00:00 0 
7f2770000000-7f2770021000 rw-p 00000000 00:00 0 
7f2770021000-7f2774000000 ---p 00000000 00:00 0 
7f2774000000-7f2774021000 rw-p 00000000 00:00 0 
7f2774021000-7f2778000000 ---p 00000000 00:00 0 
7f2778000000-7f2778021000 rw-p 00000000 00:00 0 
7f2778021000-7f277c000000 ---p 00000000 00:00 0 
7f277c000000-7f277c357000 rw-p 00000000 00:00 0 
7f277c357000-7f2780000000 ---p 00000000 00:00 0 
7f2780000000-7f2780021000 rw-p 00000000 00:00 0 
7f2780021000-7f2784000000 ---p 00000000 00:00 0 
7f2784000000-7f2784021000 rw-p 00000000 00:00 0 
7f2784021000-7f2788000000 ---p 00000000 00:00 0 
7f2788000000-7f2788309000 rw-p 00000000 00:00 0 
7f2788309000-7f278c000000 ---p 00000000 00:00 0 
7f278c000000-7f278c021000 rw-p 00000000 00:00 0 
7f278c021000-7f2790000000 ---p 00000000 00:00 0 
7f2790000000-7f2790021000 rw-p 00000000 00:00 0 
7f2790021000-7f2794000000 ---p 00000000 00:00 0 
7f2794000000-7f2794021000 rw-p 00000000 00:00 0 
7f2794021000-7f2798000000 ---p 00000000 00:00 0 
7f2798000000-7f2798021000 rw-p 00000000 00:00 0 
7f2798021000-7f279c000000 ---p 00000000 00:00 0 
7f279c000000-7f279c021000 rw-p 00000000 00:00 0 
7f279c021000-7f27a0000000 ---p 00000000 00:00 0 
7f27a0000000-7f27a0021000 rw-p 00000000 00:00 0 
7f27a0021000-7f27a4000000 ---p 00000000 00:00 0 
7f27a4000000-7f27a4250000 rw-p 00000000 00:00 0 
7f27a4250000-7f27a4400000 ---p 00000000 00:00 0 
7f27a4400000-7f27a4620000 rw-p 00000000 00:00 0 
7f27a4620000-7f27a8000000 ---p 00000000 00:00 0 
7f27a8000000-7f27a8021000 rw-p 00000000 00:00 0 
7f27a8021000-7f27ac000000 ---p 00000000 00:00 0 
7f27aca59000-7f27aca5d000 ---p 00000000 00:00 0 
7f27aca5d000-7f27acb59000 rw-p 00000000 00:00 0 
7f27acb59000-7f27acb5a000 ---p 00000000 00:00 0 
7f27acb5a000-7f27acc5b000 rw-p 00000000 00:00 0 
7f27acc5b000-7f27acc5c000 ---p 00000000 00:00 0 
7f27acc5c000-7f27acd5d000 rw-p 00000000 00:00 0 
7f27acd5d000-7f27acd5e000 ---p 00000000 00:00 0 
7f27acd5e000-7f27ace5f000 rw-p 00000000 00:00 0 
7f27ace5f000-7f27ace62000 r--p 00000000 08:02 10365379                   /usr/lib/x86_64-linux-gnu/libresolv.so.2
7f27ace62000-7f27ace6c000 r-xp 00003000 08:02 10365379                   /usr/lib/x86_64-linux-gnu/libresolv.so.2
7f27ace6c000-7f27ace6f000 r--p 0000d000 08:02 10365379                   /usr/lib/x86_64-linux-gnu/libresolv.so.2
7f27ace6f000-7f27ace70000 r--p 0000f000 08:02 10365379                   /usr/lib/x86_64-linux-gnu/libresolv.so.2
7f27ace70000-7f27ace71000 rw-p 00010000 08:02 10365379                   /usr/lib/x86_64-linux-gnu/libresolv.so.2
7f27ace71000-7f27ace73000 rw-p 00000000 00:00 0 
7f27ace73000-7f27ace74000 r--p 00000000 08:02 10355681                   /usr/lib/x86_64-linux-gnu/libbrotlicommon.so.1.0.9
7f27ace74000-7f27ace75000 r-xp 00001000 08:02 10355681                   /usr/lib/x86_64-linux-gnu/libbrotlicommon.so.1.0.9
7f27ace75000-7f27ace94000 r--p 00002000 08:02 10355681                   /usr/lib/x86_64-linux-gnu/libbrotlicommon.so.1.0.9
7f27ace94000-7f27ace95000 r--p 00020000 08:02 10355681                   /usr/lib/x86_64-linux-gnu/libbrotlicommon.so.1.0.9
7f27ace95000-7f27ace96000 rw-p 00021000 08:02 10355681                   /usr/lib/x86_64-linux-gnu/libbrotlicommon.so.1.0.9
7f27ace96000-7f27ace9a000 r--p 00000000 08:02 10357711                   /usr/lib/x86_64-linux-gnu/libk5crypto.so.3.1
7f27ace9a000-7f27aceb5000 r-xp 00004000 08:02 10357711                   /usr/lib/x86_64-linux-gnu/libk5crypto.so.3.1
7f27aceb5000-7f27acec1000 r--p 0001f000 08:02 10357711                   /usr/lib/x86_64-linux-gnu/libk5crypto.so.3.1
7f27acec1000-7f27acec2000 ---p 0002b000 08:02 10357711                   /usr/lib/x86_64-linux-gnu/libk5crypto.so.3.1
7f27acec2000-7f27acec3000 r--p 0002b000 08:02 10357711                   /usr/lib/x86_64-linux-gnu/libk5crypto.so.3.1
7f27acec3000-7f27acec4000 rw-p 0002c000 08:02 10357711                   /usr/lib/x86_64-linux-gnu/libk5crypto.so.3.1
7f27acec4000-7f27acec5000 rw-p 00000000 00:00 0 
7f27acec5000-7f27aceee000 r--p 00000000 08:02 10356002                   /usr/lib/x86_64-linux-gnu/libp11-kit.so.0.3.0
7f27aceee000-7f27acf92000 r-xp 00029000 08:02 10356002                   /usr/lib/x86_64-linux-gnu/libp11-kit.so.0.3.0
7f27acf92000-7f27acfec000 r--p 000cd000 08:02 10356002                   /usr/lib/x86_64-linux-gnu/libp11-kit.so.0.3.0
7f27acfec000-7f27acff6000 r--p 00126000 08:02 10356002                   /usr/lib/x86_64-linux-gnu/libp11-kit.so.0.3.0
7f27acff6000-7f27ad000000 rw-p 00130000 08:02 10356002                   /usr/lib/x86_64-linux-gnu/libp11-kit.so.0.3.0
7f27ad000000-7f27ad0b2000 r--p 00000000 08:02 10357909                   /usr/lib/x86_64-linux-gnu/libcrypto.so.3
7f27ad0b2000-7f27ad310000 r-xp 000b2000 08:02 10357909                   /usr/lib/x86_64-linux-gnu/libcrypto.so.3
7f27ad310000-7f27ad3e2000 r--p 00310000 08:02 10357909                   /usr/lib/x86_64-linux-gnu/libcrypto.so.3
7f27ad3e2000-7f27ad43d000 r--p 003e1000 08:02 10357909                   /usr/lib/x86_64-linux-gnu/libcrypto.so.3
7f27ad43d000-7f27ad440000 rw-p 0043c000 08:02 10357909                   /usr/lib/x86_64-linux-gnu/libcrypto.so.3
7f27ad440000-7f27ad443000 rw-p 00000000 00:00 0 
7f27ad455000-7f27ad457000 r--p 00000000 08:02 10356728                   /usr/lib/x86_64-linux-gnu/libffi.so.8.1.0
7f27ad457000-7f27ad45e000 r-xp 00002000 08:02 10356728                   /usr/lib/x86_64-linux-gnu/libffi.so.8.1.0
7f27ad45e000-7f27ad45f000 r--p 00009000 08:02 10356728                   /usr/lib/x86_64-linux-gnu/libffi.so.8.1.0
7f27ad45f000-7f27ad460000 ---p 0000a000 08:02 10356728                   /usr/lib/x86_64-linux-gnu/libffi.so.8.1.0
7f27ad460000-7f27ad461000 r--p 0000a000 08:02 10356728                   /usr/lib/x86_64-linux-gnu/libffi.so.8.1.0
7f27ad461000-7f27ad462000 rw-p 0000b000 08:02 10356728                   /usr/lib/x86_64-linux-gnu/libffi.so.8.1.0
7f27ad462000-7f27ad483000 r--p 00000000 08:02 10356892                   /usr/lib/x86_64-linux-gnu/libkrb5.so.3.3
7f27ad483000-7f27ad4e0000 r-xp 00021000 08:02 10356892                   /usr/lib/x86_64-linux-gnu/libkrb5.so.3.3
7f27ad4e0000-7f27ad51d000 r--p 0007e000 08:02 10356892                   /usr/lib/x86_64-linux-gnu/libkrb5.so.3.3
7f27ad51d000-7f27ad51e000 ---p 000bb000 08:02 10356892                   /usr/lib/x86_64-linux-gnu/libkrb5.so.3.3
7f27ad51e000-7f27ad52b000 r--p 000bb000 08:02 10356892                   /usr/lib/x86_64-linux-gnu/libkrb5.so.3.3
7f27ad52b000-7f27ad52d000 rw-p 000c8000 08:02 10356892                   /usr/lib/x86_64-linux-gnu/libkrb5.so.3.3
7f27ad52d000-7f27ad537000 r--p 00000000 08:02 10357741                   /usr/lib/x86_64-linux-gnu/libgmp.so.10.4.1
7f27ad537000-7f27ad596000 r-xp 0000a000 08:02 10357741                   /usr/lib/x86_64-linux-gnu/libgmp.so.10.4.1
7f27ad596000-7f27ad5ad000 r--p 00069000 08:02 10357741                   /usr/lib/x86_64-linux-gnu/libgmp.so.10.4.1
7f27ad5ad000-7f27ad5ae000 r--p 0007f000 08:02 10357741                   /usr/lib/x86_64-linux-gnu/libgmp.so.10.4.1
7f27ad5ae000-7f27ad5af000 rw-p 00080000 08:02 10357741                   /usr/lib/x86_64-linux-gnu/libgmp.so.10.4.1
7f27ad5af000-7f27ad5b7000 r--p 00000000 08:02 10360657                   /usr/lib/x86_64-linux-gnu/libhogweed.so.6.4
7f27ad5b7000-7f27ad5ca000 r-xp 00008000 08:02 10360657                   /usr/lib/x86_64-linux-gnu/libhogweed.so.6.4
7f27ad5ca000-7f27ad5f4000 r--p 0001b000 08:02 10360657                   /usr/lib/x86_64-linux-gnu/libhogweed.so.6.4
7f27ad5f4000-7f27ad5f5000 ---p 00045000 08:02 10360657                   /usr/lib/x86_64-linux-gnu/libhogweed.so.6.4
7f27ad5f5000-7f27ad5f6000 r--p 00045000 08:02 10360657                   /usr/lib/x86_64-linux-gnu/libhogweed.so.6.4
7f27ad5f6000-7f27ad5f7000 rw-p 00046000 08:02 10360657                   /usr/lib/x86_64-linux-gnu/libhogweed.so.6.4
7f27ad5f7000-7f27ad608000 r--p 00000000 08:02 10360661                   /usr/lib/x86_64-linux-gnu/libunistring.so.2.2.0
7f27ad608000-7f27ad63e000 r-xp 00011000 08:02 10360661                   /usr/lib/x86_64-linux-gnu/libunistring.so.2.2.0
7f27ad63e000-7f27ad79c000 r--p 00047000 08:02 10360661                   /usr/lib/x86_64-linux-gnu/libunistring.so.2.2.0
7f27ad79c000-7f27ad7a0000 r--p 001a5000 08:02 10360661                   /usr/lib/x86_64-linux-gnu/libunistring.so.2.2.0
7f27ad7a0000-7f27ad7a1000 rw-p 001a9000 08:02 10360661                   /usr/lib/x86_64-linux-gnu/libunistring.so.2.2.0
7f27ad7a1000-7f27ad7af000 r--p 00000000 08:02 10362052                   /usr/lib/x86_64-linux-gnu/libldap-2.5.so.0.1.9
7f27ad7af000-7f27ad7e9000 r-xp 0000e000 08:02 10362052                   /usr/lib/x86_64-linux-gnu/libldap-2.5.so.0.1.9
7f27ad7e9000-7f27ad7fa000 r--p 00048000 08:02 10362052                   /usr/lib/x86_64-linux-gnu/libldap-2.5.so.0.1.9
7f27ad7fa000-7f27ad7fb000 ---p 00059000 08:02 10362052                   /usr/lib/x86_64-linux-gnu/libldap-2.5.so.0.1.9
7f27ad7fb000-7f27ad7fd000 r--p 00059000 08:02 10362052                   /usr/lib/x86_64-linux-gnu/libldap-2.5.so.0.1.9
7f27ad7fd000-7f27ad7fe000 rw-p 0005b000 08:02 10362052                   /usr/lib/x86_64-linux-gnu/libldap-2.5.so.0.1.9
7f27ad7fe000-7f27ad800000 rw-p 00000000 00:00 0 
7f27ad800000-7f27ad878000 r--p 00000000 08:02 10366481                   /usr/lib/x86_64-linux-gnu/libgeos.so.3.10.2
7f27ad878000-7f27ad9a6000 r-xp 00078000 08:02 10366481                   /usr/lib/x86_64-linux-gnu/libgeos.so.3.10.2
7f27ad9a6000-7f27ada03000 r--p 001a6000 08:02 10366481                   /usr/lib/x86_64-linux-gnu/libgeos.so.3.10.2
7f27ada03000-7f27ada0a000 r--p 00202000 08:02 10366481                   /usr/lib/x86_64-linux-gnu/libgeos.so.3.10.2
7f27ada0a000-7f27ada0b000 rw-p 00209000 08:02 10366481                   /usr/lib/x86_64-linux-gnu/libgeos.so.3.10.2
7f27ada15000-7f27ada46000 r--p 00000000 08:02 10357230                   /usr/lib/x86_64-linux-gnu/libgnutls.so.30.31.0
7f27ada46000-7f27adb6f000 r-xp 00031000 08:02 10357230                   /usr/lib/x86_64-linux-gnu/libgnutls.so.30.31.0
7f27adb6f000-7f27adbec000 r--p 0015a000 08:02 10357230                   /usr/lib/x86_64-linux-gnu/libgnutls.so.30.31.0
7f27adbec000-7f27adbfc000 r--p 001d6000 08:02 10357230                   /usr/lib/x86_64-linux-gnu/libgnutls.so.30.31.0
7f27adbfc000-7f27adbfe000 rw-p 001e6000 08:02 10357230                   /usr/lib/x86_64-linux-gnu/libgnutls.so.30.31.0
7f27adbfe000-7f27adc00000 rw-p 00000000 00:00 0 
7f27adc00000-7f27adc5b000 r--p 00000000 08:02 10360429                   /usr/lib/x86_64-linux-gnu/libgsl.so.27.0.0
7f27adc5b000-7f27ade32000 r-xp 0005b000 08:02 10360429                   /usr/lib/x86_64-linux-gnu/libgsl.so.27.0.0
7f27ade32000-7f27adeab000 r--p 00232000 08:02 10360429                   /usr/lib/x86_64-linux-gnu/libgsl.so.27.0.0
7f27adeab000-7f27adeac000 ---p 002ab000 08:02 10360429                   /usr/lib/x86_64-linux-gnu/libgsl.so.27.0.0
7f27adeac000-7f27adeb0000 r--p 002ab000 08:02 10360429                   /usr/lib/x86_64-linux-gnu/libgsl.so.27.0.0
7f27adeb0000-7f27adebe000 rw-p 002af000 08:02 10360429                   /usr/lib/x86_64-linux-gnu/libgsl.so.27.0.0
7f27adebe000-7f27adebf000 rw-p 00000000 00:00 0 
7f27adebf000-7f27adec2000 r--p 00000000 08:02 10356794                   /usr/lib/x86_64-linux-gnu/libsasl2.so.2.0.25
7f27adec2000-7f27aded3000 r-xp 00003000 08:02 10356794                   /usr/lib/x86_64-linux-gnu/libsasl2.so.2.0.25
7f27aded3000-7f27aded8000 r--p 00014000 08:02 10356794                   /usr/lib/x86_64-linux-gnu/libsasl2.so.2.0.25
7f27aded8000-7f27aded9000 r--p 00018000 08:02 10356794                   /usr/lib/x86_64-linux-gnu/libsasl2.so.2.0.25
7f27aded9000-7f27adeda000 rw-p 00019000 08:02 10356794                   /usr/lib/x86_64-linux-gnu/libsasl2.so.2.0.25
7f27adeda000-7f27adee5000 r--p 00000000 08:02 10357451                   /usr/lib/x86_64-linux-gnu/libgssapi_krb5.so.2.2
7f27adee5000-7f27adf1d000 r-xp 0000b000 08:02 10357451                   /usr/lib/x86_64-linux-gnu/libgssapi_krb5.so.2.2
7f27adf1d000-7f27adf29000 r--p 00043000 08:02 10357451                   /usr/lib/x86_64-linux-gnu/libgssapi_krb5.so.2.2
7f27adf29000-7f27adf2a000 ---p 0004f000 08:02 10357451                   /usr/lib/x86_64-linux-gnu/libgssapi_krb5.so.2.2
7f27adf2a000-7f27adf2c000 r--p 0004f000 08:02 10357451                   /usr/lib/x86_64-linux-gnu/libgssapi_krb5.so.2.2
7f27adf2c000-7f27adf2e000 rw-p 00051000 08:02 10357451                   /usr/lib/x86_64-linux-gnu/libgssapi_krb5.so.2.2
7f27adf2e000-7f27adf38000 r--p 00000000 08:02 10355057                   /usr/lib/x86_64-linux-gnu/libnettle.so.8.4
7f27adf38000-7f27adf5b000 r-xp 0000a000 08:02 10355057                   /usr/lib/x86_64-linux-gnu/libnettle.so.8.4
7f27adf5b000-7f27adf71000 r--p 0002d000 08:02 10355057                   /usr/lib/x86_64-linux-gnu/libnettle.so.8.4
7f27adf71000-7f27adf73000 r--p 00042000 08:02 10355057                   /usr/lib/x86_64-linux-gnu/libnettle.so.8.4
7f27adf73000-7f27adf74000 rw-p 00044000 08:02 10355057                   /usr/lib/x86_64-linux-gnu/libnettle.so.8.4
7f27adf74000-7f27adf81000 r--p 00000000 08:02 10355513                   /usr/lib/x86_64-linux-gnu/libssh.so.4.8.7
7f27adf81000-7f27adfc4000 r-xp 0000d000 08:02 10355513                   /usr/lib/x86_64-linux-gnu/libssh.so.4.8.7
7f27adfc4000-7f27adfdc000 r--p 00050000 08:02 10355513                   /usr/lib/x86_64-linux-gnu/libssh.so.4.8.7
7f27adfdc000-7f27adfdd000 ---p 00068000 08:02 10355513                   /usr/lib/x86_64-linux-gnu/libssh.so.4.8.7
7f27adfdd000-7f27adfdf000 r--p 00068000 08:02 10355513                   /usr/lib/x86_64-linux-gnu/libssh.so.4.8.7
7f27adfdf000-7f27adfe1000 rw-p 0006a000 08:02 10355513                   /usr/lib/x86_64-linux-gnu/libssh.so.4.8.7
7f27adfe1000-7f27adfe6000 r--p 00000000 08:02 10355338                   /usr/lib/x86_64-linux-gnu/librtmp.so.1
7f27adfe6000-7f27adff6000 r-xp 00005000 08:02 10355338                   /usr/lib/x86_64-linux-gnu/librtmp.so.1
7f27adff6000-7f27adffd000 r--p 00015000 08:02 10355338                   /usr/lib/x86_64-linux-gnu/librtmp.so.1
7f27adffd000-7f27adffe000 ---p 0001c000 08:02 10355338                   /usr/lib/x86_64-linux-gnu/librtmp.so.1
7f27adffe000-7f27adfff000 r--p 0001c000 08:02 10355338                   /usr/lib/x86_64-linux-gnu/librtmp.so.1
7f27adfff000-7f27ae000000 rw-p 0001d000 08:02 10355338                   /usr/lib/x86_64-linux-gnu/librtmp.so.1
7f27ae000000-7f27b0000000 rw-p 00000000 00:00 0 
7f27b0000000-7f27b0021000 rw-p 00000000 00:00 0 
7f27b0021000-7f27b4000000 ---p 00000000 00:00 0 
7f27b4000000-7f27b4021000 rw-p 00000000 00:00 0 
7f27b4021000-7f27b8000000 ---p 00000000 00:00 0 
7f27b8000000-7f27b8021000 rw-p 00000000 00:00 0 
7f27b8021000-7f27bc000000 ---p 00000000 00:00 0 
7f27bc003000-7f27bc006000 r--p 00000000 08:02 10355637                   /usr/lib/x86_64-linux-gnu/libkrb5support.so.0.1
7f27bc006000-7f27bc00c000 r-xp 00003000 08:02 10355637                   /usr/lib/x86_64-linux-gnu/libkrb5support.so.0.1
7f27bc00c000-7f27bc00e000 r--p 00009000 08:02 10355637                   /usr/lib/x86_64-linux-gnu/libkrb5support.so.0.1
7f27bc00e000-7f27bc00f000 ---p 0000b000 08:02 10355637                   /usr/lib/x86_64-linux-gnu/libkrb5support.so.0.1
7f27bc00f000-7f27bc010000 r--p 0000b000 08:02 10355637                   /usr/lib/x86_64-linux-gnu/libkrb5support.so.0.1
7f27bc010000-7f27bc011000 rw-p 0000c000 08:02 10355637                   /usr/lib/x86_64-linux-gnu/libkrb5support.so.0.1
7f27bc011000-7f27bc013000 r--p 00000000 08:02 10361325                   /usr/lib/x86_64-linux-gnu/libidn2.so.0.3.7
7f27bc013000-7f27bc017000 r-xp 00002000 08:02 10361325                   /usr/lib/x86_64-linux-gnu/libidn2.so.0.3.7
7f27bc017000-7f27bc030000 r--p 00006000 08:02 10361325                   /usr/lib/x86_64-linux-gnu/libidn2.so.0.3.7
7f27bc030000-7f27bc031000 r--p 0001e000 08:02 10361325                   /usr/lib/x86_64-linux-gnu/libidn2.so.0.3.7
7f27bc031000-7f27bc032000 rw-p 0001f000 08:02 10361325                   /usr/lib/x86_64-linux-gnu/libidn2.so.0.3.7
7f27bc032000-7f27bc036000 r--p 00000000 08:02 10355582                   /usr/lib/x86_64-linux-gnu/libjpeg.so.8.2.2
7f27bc036000-7f27bc07f000 r-xp 00004000 08:02 10355582                   /usr/lib/x86_64-linux-gnu/libjpeg.so.8.2.2
7f27bc07f000-7f27bc0b1000 r--p 0004d000 08:02 10355582                   /usr/lib/x86_64-linux-gnu/libjpeg.so.8.2.2
7f27bc0b1000-7f27bc0b2000 r--p 0007e000 08:02 10355582                   /usr/lib/x86_64-linux-gnu/libjpeg.so.8.2.2
7f27bc0b2000-7f27bc0b3000 rw-p 0007f000 08:02 10355582                   /usr/lib/x86_64-linux-gnu/libjpeg.so.8.2.2
7f27bc0b3000-7f27bc0d1000 r--p 00000000 08:02 10355997                   /usr/lib/x86_64-linux-gnu/libsqlite3.so.0.8.6
7f27bc0d1000-7f27bc1bd000 r-xp 0001e000 08:02 10355997                   /usr/lib/x86_64-linux-gnu/libsqlite3.so.0.8.6
7f27bc1bd000-7f27bc1f8000 r--p 0010a000 08:02 10355997                   /usr/lib/x86_64-linux-gnu/libsqlite3.so.0.8.6
7f27bc1f8000-7f27bc1fc000 r--p 00144000 08:02 10355997                   /usr/lib/x86_64-linux-gnu/libsqlite3.so.0.8.6
7f27bc1fc000-7f27bc200000 rw-p 00148000 08:02 10355997                   /usr/lib/x86_64-linux-gnu/libsqlite3.so.0.8.6
7f27bc200000-7f27bc268000 r--p 00000000 08:02 10358220                   /usr/lib/x86_64-linux-gnu/libproj.so.22.2.1
7f27bc268000-7f27bc4b7000 r-xp 00068000 08:02 10358220                   /usr/lib/x86_64-linux-gnu/libproj.so.22.2.1
7f27bc4b7000-7f27bc54c000 r--p 002b7000 08:02 10358220                   /usr/lib/x86_64-linux-gnu/libproj.so.22.2.1
7f27bc54c000-7f27bc54d000 ---p 0034c000 08:02 10358220                   /usr/lib/x86_64-linux-gnu/libproj.so.22.2.1
7f27bc54d000-7f27bc564000 r--p 0034c000 08:02 10358220                   /usr/lib/x86_64-linux-gnu/libproj.so.22.2.1
7f27bc564000-7f27bc566000 rw-p 00363000 08:02 10358220                   /usr/lib/x86_64-linux-gnu/libproj.so.22.2.1
7f27bc566000-7f27bc569000 rw-p 00000000 00:00 0 
7f27bc56d000-7f27bc570000 r--p 00000000 08:02 10361751                   /usr/lib/x86_64-linux-gnu/libtasn1.so.6.6.2
7f27bc570000-7f27bc57e000 r-xp 00003000 08:02 10361751                   /usr/lib/x86_64-linux-gnu/libtasn1.so.6.6.2
7f27bc57e000-7f27bc582000 r--p 00011000 08:02 10361751                   /usr/lib/x86_64-linux-gnu/libtasn1.so.6.6.2
7f27bc582000-7f27bc583000 ---p 00015000 08:02 10361751                   /usr/lib/x86_64-linux-gnu/libtasn1.so.6.6.2
7f27bc583000-7f27bc584000 r--p 00015000 08:02 10361751                   /usr/lib/x86_64-linux-gnu/libtasn1.so.6.6.2
7f27bc584000-7f27bc585000 rw-p 00016000 08:02 10361751                   /usr/lib/x86_64-linux-gnu/libtasn1.so.6.6.2
7f27bc585000-7f27bc58a000 r--p 00000000 08:02 10354889                   /usr/lib/x86_64-linux-gnu/libnghttp2.so.14.20.1
7f27bc58a000-7f27bc59f000 r-xp 00005000 08:02 10354889                   /usr/lib/x86_64-linux-gnu/libnghttp2.so.14.20.1
7f27bc59f000-7f27bc5ab000 r--p 0001a000 08:02 10354889                   /usr/lib/x86_64-linux-gnu/libnghttp2.so.14.20.1
7f27bc5ab000-7f27bc5ae000 r--p 00025000 08:02 10354889                   /usr/lib/x86_64-linux-gnu/libnghttp2.so.14.20.1
7f27bc5ae000-7f27bc5af000 rw-p 00028000 08:02 10354889                   /usr/lib/x86_64-linux-gnu/libnghttp2.so.14.20.1
7f27bc5af000-7f27bc5b9000 r--p 00000000 08:02 10354868                   /usr/lib/x86_64-linux-gnu/libzstd.so.1.4.8
7f27bc5b9000-7f27bc66b000 r-xp 0000a000 08:02 10354868                   /usr/lib/x86_64-linux-gnu/libzstd.so.1.4.8
7f27bc66b000-7f27bc67c000 r--p 000bc000 08:02 10354868                   /usr/lib/x86_64-linux-gnu/libzstd.so.1.4.8
7f27bc67c000-7f27bc67d000 r--p 000cc000 08:02 10354868                   /usr/lib/x86_64-linux-gnu/libzstd.so.1.4.8
7f27bc67d000-7f27bc67e000 rw-p 000cd000 08:02 10354868                   /usr/lib/x86_64-linux-gnu/libzstd.so.1.4.8
7f27bc67e000-7f27bc6b4000 r--p 00000000 08:02 11142841                   /usr/local/lib/libmeos.so
7f27bc6b4000-7f27bc7a8000 r-xp 00036000 08:02 11142841                   /usr/local/lib/libmeos.so
7f27bc7a8000-7f27bc7f3000 r--p 0012a000 08:02 11142841                   /usr/local/lib/libmeos.so
7f27bc7f3000-7f27bc7f4000 ---p 00175000 08:02 11142841                   /usr/local/lib/libmeos.so
7f27bc7f4000-7f27bc7f5000 r--p 00175000 08:02 11142841                   /usr/local/lib/libmeos.so
7f27bc7f5000-7f27bc7fa000 rw-p 00176000 08:02 11142841                   /usr/local/lib/libmeos.so
7f27bc7fa000-7f27bc800000 rw-p 00000000 00:00 0 
7f27bc800000-7f27bc812000 r-xp 00000000 08:02 1705150                    /tmp/jffi3790353899088979233.so (deleted)
7f27bc812000-7f27bca11000 ---p 00012000 08:02 1705150                    /tmp/jffi3790353899088979233.so (deleted)
7f27bca11000-7f27bca12000 rw-p 00011000 08:02 1705150                    /tmp/jffi3790353899088979233.so (deleted)
7f27bca1b000-7f27bca1e000 r--p 00000000 08:02 10355303                   /usr/lib/x86_64-linux-gnu/liblber-2.5.so.0.1.9
7f27bca1e000-7f27bca26000 r-xp 00003000 08:02 10355303                   /usr/lib/x86_64-linux-gnu/liblber-2.5.so.0.1.9
7f27bca26000-7f27bca29000 r--p 0000b000 08:02 10355303                   /usr/lib/x86_64-linux-gnu/liblber-2.5.so.0.1.9
7f27bca29000-7f27bca2a000 ---p 0000e000 08:02 10355303                   /usr/lib/x86_64-linux-gnu/liblber-2.5.so.0.1.9
7f27bca2a000-7f27bca2b000 r--p 0000e000 08:02 10355303                   /usr/lib/x86_64-linux-gnu/liblber-2.5.so.0.1.9
7f27bca2b000-7f27bca2c000 rw-p 0000f000 08:02 10355303                   /usr/lib/x86_64-linux-gnu/liblber-2.5.so.0.1.9
7f27bca2c000-7f27bca2d000 r--p 00000000 08:02 10355584                   /usr/lib/x86_64-linux-gnu/libdeflate.so.0
7f27bca2d000-7f27bca49000 r-xp 00001000 08:02 10355584                   /usr/lib/x86_64-linux-gnu/libdeflate.so.0
7f27bca49000-7f27bca4d000 r--p 0001d000 08:02 10355584                   /usr/lib/x86_64-linux-gnu/libdeflate.so.0
7f27bca4d000-7f27bca4e000 ---p 00021000 08:02 10355584                   /usr/lib/x86_64-linux-gnu/libdeflate.so.0
7f27bca4e000-7f27bca4f000 r--p 00021000 08:02 10355584                   /usr/lib/x86_64-linux-gnu/libdeflate.so.0
7f27bca4f000-7f27bca50000 rw-p 00022000 08:02 10355584                   /usr/lib/x86_64-linux-gnu/libdeflate.so.0
7f27bca50000-7f27bca52000 r--p 00000000 08:02 10358223                   /usr/lib/x86_64-linux-gnu/libwebp.so.7.1.3
7f27bca52000-7f27bcaa7000 r-xp 00002000 08:02 10358223                   /usr/lib/x86_64-linux-gnu/libwebp.so.7.1.3
7f27bcaa7000-7f27bcab8000 r--p 00057000 08:02 10358223                   /usr/lib/x86_64-linux-gnu/libwebp.so.7.1.3
7f27bcab8000-7f27bcab9000 r--p 00067000 08:02 10358223                   /usr/lib/x86_64-linux-gnu/libwebp.so.7.1.3
7f27bcab9000-7f27bcaba000 rw-p 00068000 08:02 10358223                   /usr/lib/x86_64-linux-gnu/libwebp.so.7.1.3
7f27bcaba000-7f27bcabc000 rw-p 00000000 00:00 0 
7f27bcabc000-7f27bcabf000 r--p 00000000 08:02 10360435                   /usr/lib/x86_64-linux-gnu/libgslcblas.so.0.0.0
7f27bcabf000-7f27bcaf8000 r-xp 00003000 08:02 10360435                   /usr/lib/x86_64-linux-gnu/libgslcblas.so.0.0.0
7f27bcaf8000-7f27bcafc000 r--p 0003c000 08:02 10360435                   /usr/lib/x86_64-linux-gnu/libgslcblas.so.0.0.0
7f27bcafc000-7f27bcafd000 r--p 0003f000 08:02 10360435                   /usr/lib/x86_64-linux-gnu/libgslcblas.so.0.0.0
7f27bcafd000-7f27bcafe000 rw-p 00040000 08:02 10360435                   /usr/lib/x86_64-linux-gnu/libgslcblas.so.0.0.0
7f27bcafe000-7f27bcaff000 ---p 00000000 00:00 0 
7f27bcaff000-7f27bcc00000 rw-p 00000000 00:00 0 
7f27bcc00000-7f27bcc04000 ---p 00000000 00:00 0 
7f27bcc04000-7f27bcd00000 rw-p 00000000 00:00 0 
7f27bcd00000-7f27bcd04000 ---p 00000000 00:00 0 
7f27bcd04000-7f27bce00000 rw-p 00000000 00:00 0 
7f27bce00000-7f27bd5f0000 r--p 00000000 08:02 10356383                   /usr/lib/locale/locale-archive
7f27bd5fa000-7f27bd5fc000 r--p 00000000 08:02 10361503                   /usr/lib/x86_64-linux-gnu/libpsl.so.5.3.2
7f27bd5fc000-7f27bd5fe000 r-xp 00002000 08:02 10361503                   /usr/lib/x86_64-linux-gnu/libpsl.so.5.3.2
7f27bd5fe000-7f27bd60c000 r--p 00004000 08:02 10361503                   /usr/lib/x86_64-linux-gnu/libpsl.so.5.3.2
7f27bd60c000-7f27bd60d000 r--p 00011000 08:02 10361503                   /usr/lib/x86_64-linux-gnu/libpsl.so.5.3.2
7f27bd60d000-7f27bd60e000 rw-p 00012000 08:02 10361503                   /usr/lib/x86_64-linux-gnu/libpsl.so.5.3.2
7f27bd60e000-7f27bd61c000 r--p 00000000 08:02 10355046                   /usr/lib/x86_64-linux-gnu/libcurl-gnutls.so.4.7.0
7f27bd61c000-7f27bd68e000 r-xp 0000e000 08:02 10355046                   /usr/lib/x86_64-linux-gnu/libcurl-gnutls.so.4.7.0
7f27bd68e000-7f27bd6a9000 r--p 00080000 08:02 10355046                   /usr/lib/x86_64-linux-gnu/libcurl-gnutls.so.4.7.0
7f27bd6a9000-7f27bd6ad000 r--p 0009a000 08:02 10355046                   /usr/lib/x86_64-linux-gnu/libcurl-gnutls.so.4.7.0
7f27bd6ad000-7f27bd6af000 rw-p 0009e000 08:02 10355046                   /usr/lib/x86_64-linux-gnu/libcurl-gnutls.so.4.7.0
7f27bd6af000-7f27bd8a0000 rw-p 00000000 00:00 0 
7f27bd8a0000-7f27bf550000 ---p 00000000 00:00 0 
7f27bf550000-7f27bf748000 rw-p 00000000 00:00 0 
7f27bf748000-7f27c13f8000 ---p 00000000 00:00 0 
7f27c13f8000-7f27c1400000 rw-p 00000000 00:00 0 
7f27c1400000-7f27c1670000 rwxp 00000000 00:00 0 
7f27c1670000-7f27c8937000 ---p 00000000 00:00 0 
7f27c8937000-7f27c8ba7000 rwxp 00000000 00:00 0 
7f27c8ba7000-7f27c8ec8000 ---p 00000000 00:00 0 
7f27c8ec8000-7f27c9138000 rwxp 00000000 00:00 0 
7f27c9138000-7f27d0400000 ---p 00000000 00:00 0 
7f27d0400000-7f27d7e43000 r--s 00000000 08:02 10491594                   /usr/lib/jvm/java-17-openjdk-amd64/lib/modules
7f27d7e48000-7f27d7e4a000 r--p 00000000 08:02 10357718                   /usr/lib/x86_64-linux-gnu/libkeyutils.so.1.9
7f27d7e4a000-7f27d7e4c000 r-xp 00002000 08:02 10357718                   /usr/lib/x86_64-linux-gnu/libkeyutils.so.1.9
7f27d7e4c000-7f27d7e4d000 r--p 00004000 08:02 10357718                   /usr/lib/x86_64-linux-gnu/libkeyutils.so.1.9
7f27d7e4d000-7f27d7e4e000 r--p 00004000 08:02 10357718                   /usr/lib/x86_64-linux-gnu/libkeyutils.so.1.9
7f27d7e4e000-7f27d7e4f000 rw-p 00005000 08:02 10357718                   /usr/lib/x86_64-linux-gnu/libkeyutils.so.1.9
7f27d7e4f000-7f27d7e52000 r--p 00000000 08:02 10359160                   /usr/lib/x86_64-linux-gnu/liblzma.so.5.2.5
7f27d7e52000-7f27d7e6d000 r-xp 00003000 08:02 10359160                   /usr/lib/x86_64-linux-gnu/liblzma.so.5.2.5
7f27d7e6d000-7f27d7e78000 r--p 0001e000 08:02 10359160                   /usr/lib/x86_64-linux-gnu/liblzma.so.5.2.5
7f27d7e78000-7f27d7e79000 r--p 00028000 08:02 10359160                   /usr/lib/x86_64-linux-gnu/liblzma.so.5.2.5
7f27d7e79000-7f27d7e7a000 rw-p 00029000 08:02 10359160                   /usr/lib/x86_64-linux-gnu/liblzma.so.5.2.5
7f27d7e7a000-7f27d7e82000 r--p 00000000 08:02 10358811                   /usr/lib/x86_64-linux-gnu/libtiff.so.5.7.0
7f27d7e82000-7f27d7eca000 r-xp 00008000 08:02 10358811                   /usr/lib/x86_64-linux-gnu/libtiff.so.5.7.0
7f27d7eca000-7f27d7efa000 r--p 00050000 08:02 10358811                   /usr/lib/x86_64-linux-gnu/libtiff.so.5.7.0
7f27d7efa000-7f27d7eff000 r--p 0007f000 08:02 10358811                   /usr/lib/x86_64-linux-gnu/libtiff.so.5.7.0
7f27d7eff000-7f27d7f00000 rw-p 00084000 08:02 10358811                   /usr/lib/x86_64-linux-gnu/libtiff.so.5.7.0
7f27d7f00000-7f27d7f04000 ---p 00000000 00:00 0 
7f27d7f04000-7f27d8000000 rw-p 00000000 00:00 0 
7f27d8000000-7f27d852f000 rw-p 00000000 00:00 0 
7f27d852f000-7f27dc000000 ---p 00000000 00:00 0 
7f27dc001000-7f27dc002000 r--p 00000000 08:02 10355683                   /usr/lib/x86_64-linux-gnu/libbrotlidec.so.1.0.9
7f27dc002000-7f27dc00a000 r-xp 00001000 08:02 10355683                   /usr/lib/x86_64-linux-gnu/libbrotlidec.so.1.0.9
7f27dc00a000-7f27dc00d000 r--p 00009000 08:02 10355683                   /usr/lib/x86_64-linux-gnu/libbrotlidec.so.1.0.9
7f27dc00d000-7f27dc00e000 r--p 0000b000 08:02 10355683                   /usr/lib/x86_64-linux-gnu/libbrotlidec.so.1.0.9
7f27dc00e000-7f27dc00f000 rw-p 0000c000 08:02 10355683                   /usr/lib/x86_64-linux-gnu/libbrotlidec.so.1.0.9
7f27dc00f000-7f27dc011000 r--p 00000000 08:02 10355587                   /usr/lib/x86_64-linux-gnu/libjbig.so.0
7f27dc011000-7f27dc01a000 r-xp 00002000 08:02 10355587                   /usr/lib/x86_64-linux-gnu/libjbig.so.0
7f27dc01a000-7f27dc01c000 r--p 0000b000 08:02 10355587                   /usr/lib/x86_64-linux-gnu/libjbig.so.0
7f27dc01c000-7f27dc01d000 r--p 0000c000 08:02 10355587                   /usr/lib/x86_64-linux-gnu/libjbig.so.0
7f27dc01d000-7f27dc020000 rw-p 0000d000 08:02 10355587                   /usr/lib/x86_64-linux-gnu/libjbig.so.0
7f27dc020000-7f27dc02f000 r--p 00000000 08:02 10366483                   /usr/lib/x86_64-linux-gnu/libgeos_c.so.1.16.0
7f27dc02f000-7f27dc04f000 r-xp 0000f000 08:02 10366483                   /usr/lib/x86_64-linux-gnu/libgeos_c.so.1.16.0
7f27dc04f000-7f27dc05c000 r--p 0002f000 08:02 10366483                   /usr/lib/x86_64-linux-gnu/libgeos_c.so.1.16.0
7f27dc05c000-7f27dc05d000 ---p 0003c000 08:02 10366483                   /usr/lib/x86_64-linux-gnu/libgeos_c.so.1.16.0
7f27dc05d000-7f27dc05e000 r--p 0003c000 08:02 10366483                   /usr/lib/x86_64-linux-gnu/libgeos_c.so.1.16.0
7f27dc05e000-7f27dc05f000 rw-p 0003d000 08:02 10366483                   /usr/lib/x86_64-linux-gnu/libgeos_c.so.1.16.0
7f27dc05f000-7f27dc063000 r--p 00000000 08:02 10355662                   /usr/lib/x86_64-linux-gnu/libjson-c.so.5.1.0
7f27dc063000-7f27dc06c000 r-xp 00004000 08:02 10355662                   /usr/lib/x86_64-linux-gnu/libjson-c.so.5.1.0
7f27dc06c000-7f27dc06f000 r--p 0000d000 08:02 10355662                   /usr/lib/x86_64-linux-gnu/libjson-c.so.5.1.0
7f27dc06f000-7f27dc070000 ---p 00010000 08:02 10355662                   /usr/lib/x86_64-linux-gnu/libjson-c.so.5.1.0
7f27dc070000-7f27dc071000 r--p 00010000 08:02 10355662                   /usr/lib/x86_64-linux-gnu/libjson-c.so.5.1.0
7f27dc071000-7f27dc072000 rw-p 00011000 08:02 10355662                   /usr/lib/x86_64-linux-gnu/libjson-c.so.5.1.0
7f27dc088000-7f27dc0ad000 r--p 00000000 08:02 12591460                   /usr/share/locale-langpack/fr/LC_MESSAGES/libc.mo
7f27dc0ad000-7f27dc0b1000 r--p 00000000 08:02 10491590                   /usr/lib/jvm/java-17-openjdk-amd64/lib/libverify.so
7f27dc0b1000-7f27dc0b8000 r-xp 00004000 08:02 10491590                   /usr/lib/jvm/java-17-openjdk-amd64/lib/libverify.so
7f27dc0b8000-7f27dc0ba000 r--p 0000b000 08:02 10491590                   /usr/lib/jvm/java-17-openjdk-amd64/lib/libverify.so
7f27dc0ba000-7f27dc0bc000 r--p 0000c000 08:02 10491590                   /usr/lib/jvm/java-17-openjdk-amd64/lib/libverify.so
7f27dc0bc000-7f27dc0bd000 rw-p 0000e000 08:02 10491590                   /usr/lib/jvm/java-17-openjdk-amd64/lib/libverify.so
7f27dc0bd000-7f27dc0c1000 r--p 00000000 08:02 10491576                   /usr/lib/jvm/java-17-openjdk-amd64/lib/libnet.so
7f27dc0c1000-7f27dc0cf000 r-xp 00004000 08:02 10491576                   /usr/lib/jvm/java-17-openjdk-amd64/lib/libnet.so
7f27dc0cf000-7f27dc0d3000 r--p 00012000 08:02 10491576                   /usr/lib/jvm/java-17-openjdk-amd64/lib/libnet.so
7f27dc0d3000-7f27dc0d4000 r--p 00015000 08:02 10491576                   /usr/lib/jvm/java-17-openjdk-amd64/lib/libnet.so
7f27dc0d4000-7f27dc0d5000 rw-p 00016000 08:02 10491576                   /usr/lib/jvm/java-17-openjdk-amd64/lib/libnet.so
7f27dc0d5000-7f27dc0d9000 ---p 00000000 00:00 0 
7f27dc0d9000-7f27dc1d5000 rw-p 00000000 00:00 0 
7f27dc1d5000-7f27dc1d9000 ---p 00000000 00:00 0 
7f27dc1d9000-7f27dc2d5000 rw-p 00000000 00:00 0 
7f27dc2d5000-7f27dc2d9000 ---p 00000000 00:00 0 
7f27dc2d9000-7f27dc3d5000 rw-p 00000000 00:00 0 
7f27dc3d5000-7f27dc3d9000 ---p 00000000 00:00 0 
7f27dc3d9000-7f27dc4d5000 rw-p 00000000 00:00 0 
7f27dc4d5000-7f27dc4d9000 ---p 00000000 00:00 0 
7f27dc4d9000-7f27dc5d5000 rw-p 00000000 00:00 0 
7f27dc5d5000-7f27dc5d9000 ---p 00000000 00:00 0 
7f27dc5d9000-7f27dc6d5000 rw-p 00000000 00:00 0 
7f27dc6d5000-7f27dc6d9000 ---p 00000000 00:00 0 
7f27dc6d9000-7f27dc7d5000 rw-p 00000000 00:00 0 
7f27dc7d5000-7f27dc7d9000 ---p 00000000 00:00 0 
7f27dc7d9000-7f27dc8d5000 rw-p 00000000 00:00 0 
7f27dc8d5000-7f27dc8d6000 ---p 00000000 00:00 0 
7f27dc8d6000-7f27dc9d7000 rw-p 00000000 00:00 0 
7f27dc9d7000-7f27dc9dc000 r--p 00000000 08:02 10491564                   /usr/lib/jvm/java-17-openjdk-amd64/lib/libjsvml.so
7f27dc9dc000-7f27dca1d000 r-xp 00005000 08:02 10491564                   /usr/lib/jvm/java-17-openjdk-amd64/lib/libjsvml.so
7f27dca1d000-7f27dcaa6000 r--p 00046000 08:02 10491564                   /usr/lib/jvm/java-17-openjdk-amd64/lib/libjsvml.so
7f27dcaa6000-7f27dcaa7000 r--p 000ce000 08:02 10491564                   /usr/lib/jvm/java-17-openjdk-amd64/lib/libjsvml.so
7f27dcaa7000-7f27dcaa8000 rw-p 000cf000 08:02 10491564                   /usr/lib/jvm/java-17-openjdk-amd64/lib/libjsvml.so
7f27dcaa8000-7f27dcb84000 rw-p 00000000 00:00 0 
7f27dcb84000-7f27dcb85000 ---p 00000000 00:00 0 
7f27dcb85000-7f27dcc86000 rw-p 00000000 00:00 0 
7f27dcc86000-7f27dcc87000 ---p 00000000 00:00 0 
7f27dcc87000-7f27dd18c000 rw-p 00000000 00:00 0 
7f27dd18c000-7f27dd18d000 ---p 00000000 00:00 0 
7f27dd18d000-7f27dd28e000 rw-p 00000000 00:00 0 
7f27dd28e000-7f27dd28f000 ---p 00000000 00:00 0 
7f27dd28f000-7f27dd390000 rw-p 00000000 00:00 0 
7f27dd390000-7f27dd391000 ---p 00000000 00:00 0 
7f27dd391000-7f27dd4d0000 rw-p 00000000 00:00 0 
7f27dd4d0000-7f27dd866000 ---p 00000000 00:00 0 
7f27dd866000-7f27dd8a5000 rw-p 00000000 00:00 0 
7f27dd8a5000-7f27ddc3b000 ---p 00000000 00:00 0 
7f27ddc3b000-7f27ddc7a000 rw-p 00000000 00:00 0 
7f27ddc7a000-7f27de010000 ---p 00000000 00:00 0 
7f27de010000-7f27de41a000 rw-p 00000000 00:00 0 
7f27de41a000-7f27de500000 ---p 00000000 00:00 0 
7f27de500000-7f27de504000 ---p 00000000 00:00 0 
7f27de504000-7f27de600000 rw-p 00000000 00:00 0 
7f27de600000-7f27de69a000 r--p 00000000 08:02 10354705                   /usr/lib/x86_64-linux-gnu/libstdc++.so.6.0.30
7f27de69a000-7f27de7aa000 r-xp 0009a000 08:02 10354705                   /usr/lib/x86_64-linux-gnu/libstdc++.so.6.0.30
7f27de7aa000-7f27de819000 r--p 001aa000 08:02 10354705                   /usr/lib/x86_64-linux-gnu/libstdc++.so.6.0.30
7f27de819000-7f27de824000 r--p 00218000 08:02 10354705                   /usr/lib/x86_64-linux-gnu/libstdc++.so.6.0.30
7f27de824000-7f27de827000 rw-p 00223000 08:02 10354705                   /usr/lib/x86_64-linux-gnu/libstdc++.so.6.0.30
7f27de827000-7f27de82a000 rw-p 00000000 00:00 0 
7f27de82e000-7f27de833000 rw-p 00000000 00:00 0 
7f27de833000-7f27de919000 ---p 00000000 00:00 0 
7f27de919000-7f27de927000 r--p 00000000 08:02 10365361                   /usr/lib/x86_64-linux-gnu/libm.so.6
7f27de927000-7f27de9a3000 r-xp 0000e000 08:02 10365361                   /usr/lib/x86_64-linux-gnu/libm.so.6
7f27de9a3000-7f27de9fe000 r--p 0008a000 08:02 10365361                   /usr/lib/x86_64-linux-gnu/libm.so.6
7f27de9fe000-7f27de9ff000 r--p 000e4000 08:02 10365361                   /usr/lib/x86_64-linux-gnu/libm.so.6
7f27de9ff000-7f27dea00000 rw-p 000e5000 08:02 10365361                   /usr/lib/x86_64-linux-gnu/libm.so.6
7f27dea00000-7f27dec50000 r--p 00000000 08:02 10491606                   /usr/lib/jvm/java-17-openjdk-amd64/lib/server/libjvm.so
7f27dec50000-7f27df9d4000 r-xp 00250000 08:02 10491606                   /usr/lib/jvm/java-17-openjdk-amd64/lib/server/libjvm.so
7f27df9d4000-7f27dfc57000 r--p 00fd4000 08:02 10491606                   /usr/lib/jvm/java-17-openjdk-amd64/lib/server/libjvm.so
7f27dfc57000-7f27dfd0f000 r--p 01256000 08:02 10491606                   /usr/lib/jvm/java-17-openjdk-amd64/lib/server/libjvm.so
7f27dfd0f000-7f27dfd44000 rw-p 0130e000 08:02 10491606                   /usr/lib/jvm/java-17-openjdk-amd64/lib/server/libjvm.so
7f27dfd44000-7f27dfd9e000 rw-p 00000000 00:00 0 
7f27dfda3000-7f27dfda5000 r--p 00000000 08:02 10357716                   /usr/lib/x86_64-linux-gnu/libcom_err.so.2.1
7f27dfda5000-7f27dfda6000 r-xp 00002000 08:02 10357716                   /usr/lib/x86_64-linux-gnu/libcom_err.so.2.1
7f27dfda6000-7f27dfda7000 r--p 00003000 08:02 10357716                   /usr/lib/x86_64-linux-gnu/libcom_err.so.2.1
7f27dfda7000-7f27dfda8000 r--p 00003000 08:02 10357716                   /usr/lib/x86_64-linux-gnu/libcom_err.so.2.1
7f27dfda8000-7f27dfda9000 rw-p 00004000 08:02 10357716                   /usr/lib/x86_64-linux-gnu/libcom_err.so.2.1
7f27dfda9000-7f27dfdaf000 r--p 00000000 08:02 10491578                   /usr/lib/jvm/java-17-openjdk-amd64/lib/libnio.so
7f27dfdaf000-7f27dfdb8000 r-xp 00006000 08:02 10491578                   /usr/lib/jvm/java-17-openjdk-amd64/lib/libnio.so
7f27dfdb8000-7f27dfdbc000 r--p 0000f000 08:02 10491578                   /usr/lib/jvm/java-17-openjdk-amd64/lib/libnio.so
7f27dfdbc000-7f27dfdbd000 ---p 00013000 08:02 10491578                   /usr/lib/jvm/java-17-openjdk-amd64/lib/libnio.so
7f27dfdbd000-7f27dfdbe000 r--p 00013000 08:02 10491578                   /usr/lib/jvm/java-17-openjdk-amd64/lib/libnio.so
7f27dfdbe000-7f27dfdbf000 rw-p 00014000 08:02 10491578                   /usr/lib/jvm/java-17-openjdk-amd64/lib/libnio.so
7f27dfdbf000-7f27dfe00000 rw-p 00000000 00:00 0 
7f27dfe00000-7f27dfe28000 r--p 00000000 08:02 10365356                   /usr/lib/x86_64-linux-gnu/libc.so.6
7f27dfe28000-7f27dffbd000 r-xp 00028000 08:02 10365356                   /usr/lib/x86_64-linux-gnu/libc.so.6
7f27dffbd000-7f27e0015000 r--p 001bd000 08:02 10365356                   /usr/lib/x86_64-linux-gnu/libc.so.6
7f27e0015000-7f27e0019000 r--p 00214000 08:02 10365356                   /usr/lib/x86_64-linux-gnu/libc.so.6
7f27e0019000-7f27e001b000 rw-p 00218000 08:02 10365356                   /usr/lib/x86_64-linux-gnu/libc.so.6
7f27e001b000-7f27e0028000 rw-p 00000000 00:00 0 
7f27e002a000-7f27e0031000 r--s 00000000 08:02 11013395                   /usr/lib/x86_64-linux-gnu/gconv/gconv-modules.cache
7f27e0031000-7f27e0032000 r--p 00000000 08:02 10491501                   /usr/lib/jvm/java-17-openjdk-amd64/lib/libextnet.so
7f27e0032000-7f27e0033000 r-xp 00001000 08:02 10491501                   /usr/lib/jvm/java-17-openjdk-amd64/lib/libextnet.so
7f27e0033000-7f27e0034000 r--p 00002000 08:02 10491501                   /usr/lib/jvm/java-17-openjdk-amd64/lib/libextnet.so
7f27e0034000-7f27e0035000 r--p 00002000 08:02 10491501                   /usr/lib/jvm/java-17-openjdk-amd64/lib/libextnet.so
7f27e0035000-7f27e0036000 rw-p 00003000 08:02 10491501                   /usr/lib/jvm/java-17-openjdk-amd64/lib/libextnet.so
7f27e0036000-7f27e0038000 r--p 00000000 08:02 10491592                   /usr/lib/jvm/java-17-openjdk-amd64/lib/libzip.so
7f27e0038000-7f27e003d000 r-xp 00002000 08:02 10491592                   /usr/lib/jvm/java-17-openjdk-amd64/lib/libzip.so
7f27e003d000-7f27e003f000 r--p 00007000 08:02 10491592                   /usr/lib/jvm/java-17-openjdk-amd64/lib/libzip.so
7f27e003f000-7f27e0040000 r--p 00008000 08:02 10491592                   /usr/lib/jvm/java-17-openjdk-amd64/lib/libzip.so
7f27e0040000-7f27e0041000 rw-p 00009000 08:02 10491592                   /usr/lib/jvm/java-17-openjdk-amd64/lib/libzip.so
7f27e0041000-7f27e0088000 rw-p 00000000 00:00 0 
7f27e0088000-7f27e008f000 ---p 00000000 00:00 0 
7f27e008f000-7f27e009b000 r--p 00000000 08:02 10491515                   /usr/lib/jvm/java-17-openjdk-amd64/lib/libjava.so
7f27e009b000-7f27e00ae000 r-xp 0000c000 08:02 10491515                   /usr/lib/jvm/java-17-openjdk-amd64/lib/libjava.so
7f27e00ae000-7f27e00b4000 r--p 0001f000 08:02 10491515                   /usr/lib/jvm/java-17-openjdk-amd64/lib/libjava.so
7f27e00b4000-7f27e00b5000 r--p 00024000 08:02 10491515                   /usr/lib/jvm/java-17-openjdk-amd64/lib/libjava.so
7f27e00b5000-7f27e00b6000 rw-p 00025000 08:02 10491515                   /usr/lib/jvm/java-17-openjdk-amd64/lib/libjava.so
7f27e00b6000-7f27e00b7000 rw-p 00000000 00:00 0 
7f27e00b7000-7f27e00b8000 r--p 00000000 08:02 10491505                   /usr/lib/jvm/java-17-openjdk-amd64/lib/libinstrument.so
7f27e00b8000-7f27e00be000 r-xp 00001000 08:02 10491505                   /usr/lib/jvm/java-17-openjdk-amd64/lib/libinstrument.so
7f27e00be000-7f27e00c1000 r--p 00007000 08:02 10491505                   /usr/lib/jvm/java-17-openjdk-amd64/lib/libinstrument.so
7f27e00c1000-7f27e00c2000 r--p 00009000 08:02 10491505                   /usr/lib/jvm/java-17-openjdk-amd64/lib/libinstrument.so
7f27e00c2000-7f27e00c3000 rw-p 0000a000 08:02 10491505                   /usr/lib/jvm/java-17-openjdk-amd64/lib/libinstrument.so
7f27e00c3000-7f27e00c6000 r--p 00000000 08:02 10354703                   /usr/lib/x86_64-linux-gnu/libgcc_s.so.1
7f27e00c6000-7f27e00dd000 r-xp 00003000 08:02 10354703                   /usr/lib/x86_64-linux-gnu/libgcc_s.so.1
7f27e00dd000-7f27e00e1000 r--p 0001a000 08:02 10354703                   /usr/lib/x86_64-linux-gnu/libgcc_s.so.1
7f27e00e1000-7f27e00e2000 r--p 0001d000 08:02 10354703                   /usr/lib/x86_64-linux-gnu/libgcc_s.so.1
7f27e00e2000-7f27e00e3000 rw-p 0001e000 08:02 10354703                   /usr/lib/x86_64-linux-gnu/libgcc_s.so.1
7f27e00e3000-7f27e00e6000 rw-p 00000000 00:00 0 
7f27e00e6000-7f27e00e8000 r--p 00000000 08:02 10354880                   /usr/lib/x86_64-linux-gnu/libz.so.1.2.11
7f27e00e8000-7f27e00f9000 r-xp 00002000 08:02 10354880                   /usr/lib/x86_64-linux-gnu/libz.so.1.2.11
7f27e00f9000-7f27e00ff000 r--p 00013000 08:02 10354880                   /usr/lib/x86_64-linux-gnu/libz.so.1.2.11
7f27e00ff000-7f27e0100000 ---p 00019000 08:02 10354880                   /usr/lib/x86_64-linux-gnu/libz.so.1.2.11
7f27e0100000-7f27e0101000 r--p 00019000 08:02 10354880                   /usr/lib/x86_64-linux-gnu/libz.so.1.2.11
7f27e0101000-7f27e0102000 rw-p 0001a000 08:02 10354880                   /usr/lib/x86_64-linux-gnu/libz.so.1.2.11
7f27e0104000-7f27e0105000 r-xp 00000000 00:00 0 
7f27e0105000-7f27e010d000 rw-s 00000000 08:02 1978130                    /tmp/hsperfdata_nidhal/332446
7f27e010d000-7f27e010e000 ---p 00000000 00:00 0 
7f27e010e000-7f27e010f000 r--p 00000000 00:00 0 
7f27e010f000-7f27e0111000 r--p 00000000 08:02 10491521                   /usr/lib/jvm/java-17-openjdk-amd64/lib/libjimage.so
7f27e0111000-7f27e0114000 r-xp 00002000 08:02 10491521                   /usr/lib/jvm/java-17-openjdk-amd64/lib/libjimage.so
7f27e0114000-7f27e0115000 r--p 00005000 08:02 10491521                   /usr/lib/jvm/java-17-openjdk-amd64/lib/libjimage.so
7f27e0115000-7f27e0116000 ---p 00006000 08:02 10491521                   /usr/lib/jvm/java-17-openjdk-amd64/lib/libjimage.so
7f27e0116000-7f27e0117000 r--p 00006000 08:02 10491521                   /usr/lib/jvm/java-17-openjdk-amd64/lib/libjimage.so
7f27e0117000-7f27e0118000 rw-p 00007000 08:02 10491521                   /usr/lib/jvm/java-17-openjdk-amd64/lib/libjimage.so
7f27e0118000-7f27e011a000 r--p 00000000 08:02 10491523                   /usr/lib/jvm/java-17-openjdk-amd64/lib/libjli.so
7f27e011a000-7f27e0124000 r-xp 00002000 08:02 10491523                   /usr/lib/jvm/java-17-openjdk-amd64/lib/libjli.so
7f27e0124000-7f27e0127000 r--p 0000c000 08:02 10491523                   /usr/lib/jvm/java-17-openjdk-amd64/lib/libjli.so
7f27e0127000-7f27e0128000 r--p 0000e000 08:02 10491523                   /usr/lib/jvm/java-17-openjdk-amd64/lib/libjli.so
7f27e0128000-7f27e0129000 rw-p 0000f000 08:02 10491523                   /usr/lib/jvm/java-17-openjdk-amd64/lib/libjli.so
7f27e0129000-7f27e012b000 rw-p 00000000 00:00 0 
7f27e012b000-7f27e012d000 r--p 00000000 08:02 10356375                   /usr/lib/x86_64-linux-gnu/ld-linux-x86-64.so.2
7f27e012d000-7f27e0157000 r-xp 00002000 08:02 10356375                   /usr/lib/x86_64-linux-gnu/ld-linux-x86-64.so.2
7f27e0157000-7f27e0162000 r--p 0002c000 08:02 10356375                   /usr/lib/x86_64-linux-gnu/ld-linux-x86-64.so.2
7f27e0162000-7f27e0163000 ---p 00000000 00:00 0 
7f27e0163000-7f27e0165000 r--p 00037000 08:02 10356375                   /usr/lib/x86_64-linux-gnu/ld-linux-x86-64.so.2
7f27e0165000-7f27e0167000 rw-p 00039000 08:02 10356375                   /usr/lib/x86_64-linux-gnu/ld-linux-x86-64.so.2
7ffd88b9b000-7ffd88bbd000 rw-p 00000000 00:00 0                          [stack]
7ffd88be7000-7ffd88beb000 r--p 00000000 00:00 0                          [vvar]
7ffd88beb000-7ffd88bed000 r-xp 00000000 00:00 0                          [vdso]
ffffffffff600000-ffffffffff601000 --xp 00000000 00:00 0                  [vsyscall]


VM Arguments:
jvm_args: -javaagent:/snap/intellij-idea-ultimate/430/lib/idea_rt.jar=41209:/snap/intellij-idea-ultimate/430/bin -Dfile.encoding=UTF-8 
java_command: tutorials.hello_world
java_class_path (initial): /home/nidhal/IdeaProjects/JMEOS/target/classes:/home/nidhal/.m2/repository/com/github/jnr/jnr-ffi/2.2.11/jnr-ffi-2.2.11.jar:/home/nidhal/.m2/repository/com/github/jnr/jffi/1.3.9/jffi-1.3.9.jar:/home/nidhal/.m2/repository/com/github/jnr/jffi/1.3.9/jffi-1.3.9-native.jar:/home/nidhal/.m2/repository/org/ow2/asm/asm/9.2/asm-9.2.jar:/home/nidhal/.m2/repository/org/ow2/asm/asm-commons/9.2/asm-commons-9.2.jar:/home/nidhal/.m2/repository/org/ow2/asm/asm-analysis/9.2/asm-analysis-9.2.jar:/home/nidhal/.m2/repository/org/ow2/asm/asm-tree/9.2/asm-tree-9.2.jar:/home/nidhal/.m2/repository/org/ow2/asm/asm-util/9.2/asm-util-9.2.jar:/home/nidhal/.m2/repository/com/github/jnr/jnr-a64asm/1.0.0/jnr-a64asm-1.0.0.jar:/home/nidhal/.m2/repository/com/github/jnr/jnr-x86asm/1.0.2/jnr-x86asm-1.0.2.jar:/home/nidhal/.m2/repository/org/hibernate/orm/hibernate-core/6.2.2.Final/hibernate-core-6.2.2.Final.jar:/home/nidhal/.m2/repository/jakarta/persistence/jakarta.persistence-api/3.1.0/jakarta.persistence-api-3.1.0.jar:/home/nidhal/.m2/repository/jakarta/transaction/jakarta.transaction-api/2.0.1/jakarta.transaction-api-2.0.1.jar:/home/nidhal/.m2/repository/org/jboss/logging/jboss-logging/3.5.0.Final/jboss-logging-3.5.0.Final.jar:/home/nidhal/.m2/repository/org/hibernate/common/hibernate-commons-annotations/6.0.6.Final/hibernate-commons-annotations-6.0.6.Final.jar:/home/nidhal/.m2/repository/io/smallrye/jandex/3.0.5/jandex-3.0.5.jar:/home/nidhal/.m2/repository/com/fasterxml/classmate/1.5.1/classmate-1.5.1.jar:/home/nidhal/.m2/repository/net/bytebuddy/byte-buddy/1.12.18/byte-buddy-1.12.18.jar:/home/nidhal/.m2/repository/jakarta/xml/bind/jakarta.xml.bind-api/4.0.0/jakarta.xml.bind-api-4.0.0.jar:/home/nidhal/.m2/repository/jakarta/activation/jakarta.activation-api/2.1.0/jakarta.activation-api-2.1.0.jar:/home/nidhal/.m2/repository/org/glassfish/jaxb/jaxb-runtime/4.0.2/jaxb-runtime-4.0.2.jar:/home/nidhal/.m2/repository/org/glassfish/jaxb/jaxb-core/4.0.2/jaxb-core-4.0.2.jar:/ho
Launcher Type: SUN_STANDARD

[Global flags]
     intx CICompilerCount                          = 3                                         {product} {ergonomic}
     uint ConcGCThreads                            = 1                                         {product} {ergonomic}
     uint G1ConcRefinementThreads                  = 4                                         {product} {ergonomic}
   size_t G1HeapRegionSize                         = 1048576                                   {product} {ergonomic}
    uintx GCDrainStackTargetSize                   = 64                                        {product} {ergonomic}
   size_t InitialHeapSize                          = 130023424                                 {product} {ergonomic}
   size_t MarkStackSize                            = 4194304                                   {product} {ergonomic}
   size_t MaxHeapSize                              = 2057306112                                {product} {ergonomic}
   size_t MaxNewSize                               = 1234173952                                {product} {ergonomic}
   size_t MinHeapDeltaBytes                        = 1048576                                   {product} {ergonomic}
   size_t MinHeapSize                              = 8388608                                   {product} {ergonomic}
    uintx NonNMethodCodeHeapSize                   = 5832780                                {pd product} {ergonomic}
    uintx NonProfiledCodeHeapSize                  = 122912730                              {pd product} {ergonomic}
    uintx ProfiledCodeHeapSize                     = 122912730                              {pd product} {ergonomic}
    uintx ReservedCodeCacheSize                    = 251658240                              {pd product} {ergonomic}
     bool SegmentedCodeCache                       = true                                      {product} {ergonomic}
   size_t SoftMaxHeapSize                          = 2057306112                             {manageable} {ergonomic}
     bool UseCompressedClassPointers               = true                           {product lp64_product} {ergonomic}
     bool UseCompressedOops                        = true                           {product lp64_product} {ergonomic}
     bool UseG1GC                                  = true                                      {product} {ergonomic}

Logging:
Log output configuration:
 #0: stdout all=warning uptime,level,tags
 #1: stderr all=off uptime,level,tags

Environment Variables:
JAVA_HOME=/opt/jdk-13.0.2
PATH=/home/nidhal/.local/bin:/usr/local/sbin:/usr/local/bin:/usr/sbin:/usr/bin:/sbin:/bin:/usr/games:/usr/local/games:/snap/bin:/snap/bin/opt/jdk-13.0.2/bin
USERNAME=nidhal
SHELL=/bin/bash
DISPLAY=:0
LANG=fr_FR.UTF-8

Active Locale:
LC_ALL=fr_FR.UTF-8
LC_COLLATE=fr_FR.UTF-8
LC_CTYPE=fr_FR.UTF-8
LC_MESSAGES=fr_FR.UTF-8
LC_MONETARY=fr_FR.UTF-8
LC_NUMERIC=fr_FR.UTF-8
LC_TIME=fr_FR.UTF-8

Signal Handlers:
   SIGSEGV: crash_handler in libjvm.so, mask=11100100010111111101111111111110, flags=SA_RESTART|SA_SIGINFO, unblocked
    SIGBUS: crash_handler in libjvm.so, mask=11100100010111111101111111111110, flags=SA_RESTART|SA_SIGINFO, unblocked
    SIGFPE: crash_handler in libjvm.so, mask=11100100010111111101111111111110, flags=SA_RESTART|SA_SIGINFO, unblocked
   SIGPIPE: javaSignalHandler in libjvm.so, mask=11100100010111111101111111111110, flags=SA_RESTART|SA_SIGINFO, blocked
   SIGXFSZ: javaSignalHandler in libjvm.so, mask=11100100010111111101111111111110, flags=SA_RESTART|SA_SIGINFO, blocked
    SIGILL: crash_handler in libjvm.so, mask=11100100010111111101111111111110, flags=SA_RESTART|SA_SIGINFO, unblocked
   SIGUSR2: SR_handler in libjvm.so, mask=00100000000000000000000000000000, flags=SA_RESTART|SA_SIGINFO, blocked
    SIGHUP: UserHandler in libjvm.so, mask=11100100010111111101111111111110, flags=SA_RESTART|SA_SIGINFO, blocked
    SIGINT: UserHandler in libjvm.so, mask=11100100010111111101111111111110, flags=SA_RESTART|SA_SIGINFO, blocked
   SIGTERM: UserHandler in libjvm.so, mask=11100100010111111101111111111110, flags=SA_RESTART|SA_SIGINFO, blocked
   SIGQUIT: UserHandler in libjvm.so, mask=11100100010111111101111111111110, flags=SA_RESTART|SA_SIGINFO, blocked
   SIGTRAP: crash_handler in libjvm.so, mask=11100100010111111101111111111110, flags=SA_RESTART|SA_SIGINFO, unblocked


---------------  S Y S T E M  ---------------

OS:
DISTRIB_ID=Ubuntu
DISTRIB_RELEASE=22.04
DISTRIB_CODENAME=jammy
DISTRIB_DESCRIPTION="Ubuntu 22.04.2 LTS"
uname: Linux 5.19.0-42-generic #43~22.04.1-Ubuntu SMP PREEMPT_DYNAMIC Fri Apr 21 16:51:08 UTC 2 x86_64
OS uptime: 0 days 4:17 hours
libc: glibc 2.35 NPTL 2.35 
rlimit (soft/hard): STACK 8192k/infinity , CORE 0k/infinity , NPROC 31051/31051 , NOFILE 1048576/1048576 , AS infinity/infinity , CPU infinity/infinity , DATA infinity/infinity , FSIZE infinity/infinity , MEMLOCK 1003616k/1003616k
load average: 3,80 3,44 3,42

/proc/meminfo:
MemTotal:        8028956 kB
MemFree:          406852 kB
MemAvailable:    2668100 kB
Buffers:          215680 kB
Cached:          2444840 kB
SwapCached:        25020 kB
Active:          2126912 kB
Inactive:        4679308 kB
Active(anon):    1080608 kB
Inactive(anon):  3469104 kB
Active(file):    1046304 kB
Inactive(file):  1210204 kB
Unevictable:       44980 kB
Mlocked:              16 kB
SwapTotal:       2097148 kB
SwapFree:        1318396 kB
Zswap:                 0 kB
Zswapped:              0 kB
Dirty:              7172 kB
Writeback:             0 kB
AnonPages:       4182660 kB
Mapped:           926908 kB
Shmem:            409516 kB
KReclaimable:     363156 kB
Slab:             600208 kB
SReclaimable:     363156 kB
SUnreclaim:       237052 kB
KernelStack:       21320 kB
PageTables:        43604 kB
NFS_Unstable:          0 kB
Bounce:                0 kB
WritebackTmp:          0 kB
CommitLimit:     6111624 kB
Committed_AS:   12407560 kB
VmallocTotal:   34359738367 kB
VmallocUsed:       77372 kB
VmallocChunk:          0 kB
Percpu:             5680 kB
HardwareCorrupted:     0 kB
AnonHugePages:         0 kB
ShmemHugePages:        0 kB
ShmemPmdMapped:        0 kB
FileHugePages:         0 kB
FilePmdMapped:         0 kB
HugePages_Total:       0
HugePages_Free:        0
HugePages_Rsvd:        0
HugePages_Surp:        0
Hugepagesize:       2048 kB
Hugetlb:               0 kB
DirectMap4k:      487192 kB
DirectMap2M:     7790592 kB
DirectMap1G:           0 kB

/sys/kernel/mm/transparent_hugepage/enabled: always [madvise] never
/sys/kernel/mm/transparent_hugepage/defrag (defrag/compaction efforts parameter): always defer defer+madvise [madvise] never

Process Memory:
Virtual Size: 5231660K (peak: 5231660K)
Resident Set Size: 84960K (peak: 84960K) (anon: 45760K, file: 39200K, shmem: 0K)
Swapped out: 0K
C-Heap outstanding allocations: 23995K, retained: 3324K
glibc malloc tunables: (default)

/proc/sys/kernel/threads-max (system-wide limit on the number of threads): 62103
/proc/sys/vm/max_map_count (maximum number of memory map areas a process may have): 65530
/proc/sys/kernel/pid_max (system-wide limit on number of process identifiers): 4194304

container (cgroup) information:
container_type: cgroupv2
cpu_cpuset_cpus: not supported
cpu_memory_nodes: not supported
active_processor_count: 4
cpu_quota: not supported
cpu_period: not supported
cpu_shares: not supported
memory_limit_in_bytes: unlimited
memory_and_swap_limit_in_bytes: unlimited
memory_soft_limit_in_bytes: unlimited
memory_usage_in_bytes: 3371944 k
memory_max_usage_in_bytes: not supported
memory_swap_current_in_bytes: 457324 k
memory_swap_max_limit_in_bytes: unlimited
maximum number of tasks: 9315
current number of tasks: 232

Steal ticks since vm start: 0
Steal ticks percentage since vm start:  0,000

CPU: total 4 (initial active 4) (2 cores per cpu, 2 threads per core) family 6 model 78 stepping 3 microcode 0xf0, cx8, cmov, fxsr, ht, mmx, 3dnowpref, sse, sse2, sse3, ssse3, sse4.1, sse4.2, popcnt, lzcnt, tsc, tscinvbit, avx, avx2, aes, erms, clmul, bmi1, bmi2, adx, fma, vzeroupper, clflush, clflushopt
CPU Model and flags from /proc/cpuinfo:
model name	: Intel(R) Core(TM) i3-6100U CPU @ 2.30GHz
flags		: fpu vme de pse tsc msr pae mce cx8 apic sep mtrr pge mca cmov pat pse36 clflush dts acpi mmx fxsr sse sse2 ss ht tm pbe syscall nx pdpe1gb rdtscp lm constant_tsc art arch_perfmon pebs bts rep_good nopl xtopology nonstop_tsc cpuid aperfmperf pni pclmulqdq dtes64 monitor ds_cpl est tm2 ssse3 sdbg fma cx16 xtpr pdcm pcid sse4_1 sse4_2 x2apic movbe popcnt tsc_deadline_timer aes xsave avx f16c rdrand lahf_lm abm 3dnowprefetch cpuid_fault epb invpcid_single pti ssbd ibrs ibpb stibp fsgsbase tsc_adjust bmi1 avx2 smep bmi2 erms invpcid mpx rdseed adx smap clflushopt intel_pt xsaveopt xsavec xgetbv1 xsaves dtherm ida arat pln pts hwp hwp_notify hwp_act_window hwp_epp md_clear flush_l1d arch_capabilities

Online cpus: 0-3
Offline cpus: 
BIOS frequency limitation: <Not Available>
Frequency switch latency (ns): 0
Available cpu frequencies: <Not Available>
Current governor: powersave
Core performance/turbo boost: <Not Available>

Memory: 4k page, physical 8028956k(406852k free), swap 2097148k(1318396k free)
Page Sizes: 4k

vm_info: OpenJDK 64-Bit Server VM (17.0.7+7-Ubuntu-0ubuntu122.04.2) for linux-amd64 JRE (17.0.7+7-Ubuntu-0ubuntu122.04.2), built on May 10 2023 04:02:16 by "buildd" with gcc 11.3.0

END.
