#
# A fatal error has been detected by the Java Runtime Environment:
#
#  SIGSEGV (0xb) at pc=0x00007f5a81b26979, pid=52177, tid=52178
#
# JRE version: OpenJDK Runtime Environment (17.0.7+7) (build 17.0.7+7-Ubuntu-0ubuntu122.04.2)
# Java VM: OpenJDK 64-Bit Server VM (17.0.7+7-Ubuntu-0ubuntu122.04.2, mixed mode, sharing, tiered, compressed oops, compressed class ptrs, g1 gc, linux-amd64)
# Problematic frame:
# C  [libmeos.so+0xa8979]  pg_next_dst_boundary+0x29
#
# Core dump will be written. Default location: Core dumps may be processed with "/usr/share/apport/apport -p%p -s%s -c%c -d%d -P%P -u%u -g%g -- %E" (or dumping to /home/nidhal/IdeaProjects/JMEOS/core.52177)
#
# If you would like to submit a bug report, please visit:
#   Unknown
# The crash happened outside the Java Virtual Machine in native code.
# See problematic frame for where to report the bug.
#

---------------  S U M M A R Y ------------

Command Line: -javaagent:/snap/intellij-idea-ultimate/430/lib/idea_rt.jar=43537:/snap/intellij-idea-ultimate/430/bin -Dfile.encoding=UTF-8 tutorials.hello_world

Host: Intel(R) Core(TM) i3-6100U CPU @ 2.30GHz, 4 cores, 7G, Ubuntu 22.04.2 LTS
Time: Tue May 30 00:05:01 2023 CEST elapsed time: 1.822134 seconds (0d 0h 0m 1s)

---------------  T H R E A D  ---------------

Current thread (0x00007f5aac016800):  JavaThread "main" [_thread_in_native, id=52178, stack(0x00007f5ab1d00000,0x00007f5ab1e00000)]

Stack: [0x00007f5ab1d00000,0x00007f5ab1e00000],  sp=0x00007f5ab1dfe270,  free space=1016k
Native frames: (J=compiled Java code, j=interpreted, Vv=VM code, C=native code)
C  [libmeos.so+0xa8979]  pg_next_dst_boundary+0x29

Java frames: (J=compiled Java code, j=interpreted, Vv=VM code)
j  tutorials.hello_world$MeosLibrary$jnr$ffi$0.tgeompoint_in$jni$1(J)J+0
j  tutorials.hello_world$MeosLibrary$jnr$ffi$0.tgeompoint_in(Ljnr/ffi/Pointer;)Ljnr/ffi/Pointer;+28
j  tutorials.hello_world.main([Ljava/lang/String;)V+166
v  ~StubRoutines::call_stub

siginfo: si_signo: 11 (SIGSEGV), si_code: 1 (SEGV_MAPERR), si_addr: 0x0000000000000104

Register to memory mapping:

RAX=0x0 is NULL
RBX=0x0 is NULL
RCX=0x00007f5ab1dfe2d0 is pointing into the stack for thread: 0x00007f5aac016800
RDX=0x00007f5ab1dfe2c0 is pointing into the stack for thread: 0x00007f5aac016800
RSP=0x00007f5ab1dfe270 is pointing into the stack for thread: 0x00007f5aac016800
RBP=0x00000000386bf200 is an unknown value
RSI=0x00007f5ab1dfe2d8 is pointing into the stack for thread: 0x00007f5aac016800
RDI=0x00007f5ab1dfe2c8 is pointing into the stack for thread: 0x00007f5aac016800
R8 =0x00007f5ab1dfe2e0 is pointing into the stack for thread: 0x00007f5aac016800
R9 =0x00007f5ab1dfe2c4 is pointing into the stack for thread: 0x00007f5aac016800
R10=0x00007f5ab1dfe2c0 is pointing into the stack for thread: 0x00007f5aac016800
R11=0x00007f5a81b26950: pg_next_dst_boundary+0x0000000000000000 in /usr/local/lib/libmeos.so at 0x00007f5a81a7e000
R12=0x00007f5ab1dfe320 is pointing into the stack for thread: 0x00007f5aac016800
R13=0x0 is NULL
R14=0x0 is NULL
R15=0x00007f5ab1dfe490 is pointing into the stack for thread: 0x00007f5aac016800


Registers:
RAX=0x0000000000000000, RBX=0x0000000000000000, RCX=0x00007f5ab1dfe2d0, RDX=0x00007f5ab1dfe2c0
RSP=0x00007f5ab1dfe270, RBP=0x00000000386bf200, RSI=0x00007f5ab1dfe2d8, RDI=0x00007f5ab1dfe2c8
R8 =0x00007f5ab1dfe2e0, R9 =0x00007f5ab1dfe2c4, R10=0x00007f5ab1dfe2c0, R11=0x00007f5a81b26950
R12=0x00007f5ab1dfe320, R13=0x0000000000000000, R14=0x0000000000000000, R15=0x00007f5ab1dfe490
RIP=0x00007f5a81b26979, EFLAGS=0x0000000000010246, CSGSFS=0x002b000000000033, ERR=0x0000000000000004
  TRAPNO=0x000000000000000e

Top of Stack: (sp=0x00007f5ab1dfe270)
0x00007f5ab1dfe270:   0000000000000000 7b000787e7a1f000
0x00007f5ab1dfe280:   0000000000000002 00007f5ab1dfe490
0x00007f5ab1dfe290:   00000000386d4380 00007f5ab1dfe320
0x00007f5ab1dfe2a0:   0000000000000000 00007f5a81b2825c 

Instructions: (pc=0x00007f5a81b26979)
0x00007f5a81b26879:   00 00 00 00 0f 1f 00 f3 0f 1e fa 49 89 f8 48 8d
0x00007f5a81b26889:   be 00 01 00 00 4c 89 c6 e9 ca fd ff ff 66 2e 0f
0x00007f5a81b26899:   1f 84 00 00 00 00 00 f3 0f 1e fa 41 55 41 54 55
0x00007f5a81b268a9:   48 89 fd 53 48 83 ec 08 48 8b 1d 68 89 0d 00 48
0x00007f5a81b268b9:   85 db 74 2b 48 8b 7d 00 48 89 da 31 f6 48 81 c3
0x00007f5a81b268c9:   68 56 00 00 e8 ce df ff ff 48 89 1d 97 89 0d 00
0x00007f5a81b268d9:   48 83 c4 08 5b 5d 41 5c 41 5d c3 0f 1f 40 00 bf
0x00007f5a81b268e9:   90 5b 00 00 e8 8e 66 f9 ff 48 89 05 27 89 0d 00
0x00007f5a81b268f9:   49 89 c4 48 85 c0 74 d8 4c 8d 2d 38 5a 08 00 31
0x00007f5a81b26909:   f6 b9 01 00 00 00 48 89 c2 4c 89 ef e8 56 72 f9
0x00007f5a81b26919:   ff 85 c0 75 12 48 8b 1d fb 88 0d 00 eb 96 66 0f
0x00007f5a81b26929:   1f 84 00 00 00 00 00 ba 01 00 00 00 4c 89 e6 4c
0x00007f5a81b26939:   89 ef e8 60 70 f9 ff eb dc 66 66 2e 0f 1f 84 00
0x00007f5a81b26949:   00 00 00 00 0f 1f 00 f3 0f 1e fa 41 55 49 89 d2
0x00007f5a81b26959:   41 54 55 53 48 83 ec 18 48 8b 2f 64 48 8b 04 25
0x00007f5a81b26969:   28 00 00 00 48 89 44 24 08 31 c0 48 8b 5c 24 40
0x00007f5a81b26979:   44 8b 9b 04 01 00 00 45 85 db 0f 84 27 02 00 00
0x00007f5a81b26989:   80 bb 10 01 00 00 00 49 89 cc 75 6b 41 8d 53 ff
0x00007f5a81b26999:   80 bb 11 01 00 00 00 48 63 ca 48 8b 84 cb 18 01
0x00007f5a81b269a9:   00 00 0f 84 ef 00 00 00 48 39 c5 0f 8e e6 00 00
0x00007f5a81b269b9:   00 48 8b 8b 18 01 00 00 48 39 e9 7f 46 48 bf e7
0x00007f5a81b269c9:   58 ef 44 46 ef 35 ae 48 89 ea 48 29 c2 48 83 ea
0x00007f5a81b269d9:   01 48 89 d0 48 f7 e7 48 b8 80 59 60 f0 02 00 00
0x00007f5a81b269e9:   00 48 c1 ea 21 4c 8d 6a 01 4c 0f af e8 48 89 e8
0x00007f5a81b269f9:   4c 29 e8 eb 43 66 90 48 8b 8b 18 01 00 00 48 39
0x00007f5a81b26a09:   e9 7e 89 48 bf e7 58 ef 44 46 ef 35 ae 48 89 ca
0x00007f5a81b26a19:   48 29 ea 48 83 ea 01 48 89 d0 48 f7 e7 48 b8 80
0x00007f5a81b26a29:   59 60 f0 02 00 00 00 48 c1 ea 21 4c 8d 6a 01 4c
0x00007f5a81b26a39:   0f af e8 4a 8d 44 2d 00 48 89 04 24 48 39 c1 0f
0x00007f5a81b26a49:   8f 12 02 00 00 41 8d 53 ff 41 bb ff ff ff ff 48
0x00007f5a81b26a59:   63 d2 48 39 84 d3 18 01 00 00 0f 8c 83 01 00 00
0x00007f5a81b26a69:   48 89 e7 48 83 ec 08 4c 89 d2 4c 89 e1 53 e8 d4 


Stack slot to memory mapping:
stack at sp + 0 slots: 0x0 is NULL
stack at sp + 1 slots: 0x7b000787e7a1f000 is an unknown value
stack at sp + 2 slots: 0x0000000000000002 is an unknown value
stack at sp + 3 slots: 0x00007f5ab1dfe490 is pointing into the stack for thread: 0x00007f5aac016800
stack at sp + 4 slots: 0x00000000386d4380 is an unknown value
stack at sp + 5 slots: 0x00007f5ab1dfe320 is pointing into the stack for thread: 0x00007f5aac016800
stack at sp + 6 slots: 0x0 is NULL
stack at sp + 7 slots: 0x00007f5a81b2825c: <offset 0x00000000000aa25c> in /usr/local/lib/libmeos.so at 0x00007f5a81a7e000


---------------  P R O C E S S  ---------------

Threads class SMR info:
_java_thread_list=0x00007f5aac4c03b0, length=14, elements={
0x00007f5aac016800, 0x00007f5aac115880, 0x00007f5aac116c60, 0x00007f5aac11c410,
0x00007f5aac11d7c0, 0x00007f5aac11ebd0, 0x00007f5aac120580, 0x00007f5aac121ab0,
0x00007f5aac122f20, 0x00007f5aac12e160, 0x00007f5aac1c2800, 0x00007f5aac1c3380,
0x00007f5a60000fe0, 0x00007f5aac4bf370
}

Java Threads: ( => current thread )
=>0x00007f5aac016800 JavaThread "main" [_thread_in_native, id=52178, stack(0x00007f5ab1d00000,0x00007f5ab1e00000)]
  0x00007f5aac115880 JavaThread "Reference Handler" daemon [_thread_blocked, id=52198, stack(0x00007f5a913dd000,0x00007f5a914dd000)]
  0x00007f5aac116c60 JavaThread "Finalizer" daemon [_thread_blocked, id=52199, stack(0x00007f5a912dd000,0x00007f5a913dd000)]
  0x00007f5aac11c410 JavaThread "Signal Dispatcher" daemon [_thread_blocked, id=52200, stack(0x00007f5a90900000,0x00007f5a90a00000)]
  0x00007f5aac11d7c0 JavaThread "Service Thread" daemon [_thread_blocked, id=52201, stack(0x00007f5a90800000,0x00007f5a90900000)]
  0x00007f5aac11ebd0 JavaThread "Monitor Deflation Thread" daemon [_thread_blocked, id=52202, stack(0x00007f5a90700000,0x00007f5a90800000)]
  0x00007f5aac120580 JavaThread "C2 CompilerThread0" daemon [_thread_blocked, id=52203, stack(0x00007f5a90600000,0x00007f5a90700000)]
  0x00007f5aac121ab0 JavaThread "C1 CompilerThread0" daemon [_thread_blocked, id=52205, stack(0x00007f5a90500000,0x00007f5a90600000)]
  0x00007f5aac122f20 JavaThread "Sweeper thread" daemon [_thread_blocked, id=52208, stack(0x00007f5a90400000,0x00007f5a90500000)]
  0x00007f5aac12e160 JavaThread "Common-Cleaner" daemon [_thread_blocked, id=52209, stack(0x00007f5a90300000,0x00007f5a90400000)]
  0x00007f5aac1c2800 JavaThread "Monitor Ctrl-Break" daemon [_thread_in_native, id=52212, stack(0x00007f5a90200000,0x00007f5a90300000)]
  0x00007f5aac1c3380 JavaThread "Notification Thread" daemon [_thread_blocked, id=52213, stack(0x00007f5a90100000,0x00007f5a90200000)]
  0x00007f5a60000fe0 JavaThread "Attach Listener" daemon [_thread_blocked, id=52220, stack(0x00007f5a801fe000,0x00007f5a802fe000)]
  0x00007f5aac4bf370 JavaThread "jnr.ffi.util.ref.internal.Finalizer" daemon [_thread_new, id=52225, stack(0x00007f5a37cfc000,0x00007f5a37dfc000)]

Other Threads:
  0x00007f5aac1117d0 VMThread "VM Thread" [stack: 0x00007f5a914df000,0x00007f5a915df000] [id=52197]
  0x00007f5aac019310 WatcherThread [stack: 0x00007f5a81f00000,0x00007f5a82000000] [id=52214]
  0x00007f5aac06fee0 GCTaskThread "GC Thread#0" [stack: 0x00007f5ab07a7000,0x00007f5ab08a7000] [id=52186]
  0x00007f5a700051c0 GCTaskThread "GC Thread#1" [stack: 0x00007f5a800fe000,0x00007f5a801fe000] [id=52221]
  0x00007f5a70005c40 GCTaskThread "GC Thread#2" [stack: 0x00007f5a37f00000,0x00007f5a38000000] [id=52222]
  0x00007f5a7000bc90 GCTaskThread "GC Thread#3" [stack: 0x00007f5a37dfe000,0x00007f5a37efe000] [id=52223]
  0x00007f5aac080a00 ConcurrentGCThread "G1 Main Marker" [stack: 0x00007f5ab06a5000,0x00007f5ab07a5000] [id=52193]
  0x00007f5aac081960 ConcurrentGCThread "G1 Conc#0" [stack: 0x00007f5ab05a3000,0x00007f5ab06a3000] [id=52194]
  0x00007f5aac0e6050 ConcurrentGCThread "G1 Refine#0" [stack: 0x00007f5ab009d000,0x00007f5ab019d000] [id=52195]
  0x00007f5aac0e6f40 ConcurrentGCThread "G1 Service" [stack: 0x00007f5aabf00000,0x00007f5aac000000] [id=52196]

Threads with active compile tasks:

VM state: not at safepoint (normal execution)

VM Mutex/Monitor currently owned by a thread: None

Heap address: 0x0000000085600000, size: 1962 MB, Compressed Oops mode: 32-bit

CDS archive(s) mapped at: [0x0000000800000000-0x0000000800be2000-0x0000000800be2000), size 12460032, SharedBaseAddress: 0x0000000800000000, ArchiveRelocationMode: 0.
Compressed class space mapped at: 0x0000000801000000-0x0000000841000000, reserved size: 1073741824
Narrow klass base: 0x0000000800000000, Narrow klass shift: 0, Narrow klass range: 0x100000000

GC Precious Log:
 CPUs: 4 total, 4 available
 Memory: 7840M
 Large Page Support: Disabled
 NUMA Support: Disabled
 Compressed Oops: Enabled (32-bit)
 Heap Region Size: 1M
 Heap Min Capacity: 8M
 Heap Initial Capacity: 124M
 Heap Max Capacity: 1962M
 Pre-touch: Disabled
 Parallel Workers: 4
 Concurrent Workers: 1
 Concurrent Refinement Workers: 4
 Periodic GC: Disabled

Heap:
 garbage-first heap   total 129024K, used 5977K [0x0000000085600000, 0x0000000100000000)
  region size 1024K, 4 young (4096K), 2 survivors (2048K)
 Metaspace       used 5317K, committed 5504K, reserved 1114112K
  class space    used 515K, committed 640K, reserved 1048576K

Heap Regions: E=young(eden), S=young(survivor), O=old, HS=humongous(starts), HC=humongous(continues), CS=collection set, F=free, OA=open archive, CA=closed archive, TAMS=top-at-mark-start (previous, next)
|   0|0x0000000085600000, 0x0000000085700000, 0x0000000085700000|100%|HS|  |TAMS 0x0000000085600000, 0x0000000085600000| Complete 
|   1|0x0000000085700000, 0x00000000857de600, 0x0000000085800000| 86%| O|  |TAMS 0x0000000085700000, 0x0000000085700000| Untracked 
|   2|0x0000000085800000, 0x0000000085800000, 0x0000000085900000|  0%| F|  |TAMS 0x0000000085800000, 0x0000000085800000| Untracked 
|   3|0x0000000085900000, 0x0000000085900000, 0x0000000085a00000|  0%| F|  |TAMS 0x0000000085900000, 0x0000000085900000| Untracked 
|   4|0x0000000085a00000, 0x0000000085a00000, 0x0000000085b00000|  0%| F|  |TAMS 0x0000000085a00000, 0x0000000085a00000| Untracked 
|   5|0x0000000085b00000, 0x0000000085b00000, 0x0000000085c00000|  0%| F|  |TAMS 0x0000000085b00000, 0x0000000085b00000| Untracked 
|   6|0x0000000085c00000, 0x0000000085c00000, 0x0000000085d00000|  0%| F|  |TAMS 0x0000000085c00000, 0x0000000085c00000| Untracked 
|   7|0x0000000085d00000, 0x0000000085d00000, 0x0000000085e00000|  0%| F|  |TAMS 0x0000000085d00000, 0x0000000085d00000| Untracked 
|   8|0x0000000085e00000, 0x0000000085e00000, 0x0000000085f00000|  0%| F|  |TAMS 0x0000000085e00000, 0x0000000085e00000| Untracked 
|   9|0x0000000085f00000, 0x0000000085f00000, 0x0000000086000000|  0%| F|  |TAMS 0x0000000085f00000, 0x0000000085f00000| Untracked 
|  10|0x0000000086000000, 0x0000000086000000, 0x0000000086100000|  0%| F|  |TAMS 0x0000000086000000, 0x0000000086000000| Untracked 
|  11|0x0000000086100000, 0x0000000086100000, 0x0000000086200000|  0%| F|  |TAMS 0x0000000086100000, 0x0000000086100000| Untracked 
|  12|0x0000000086200000, 0x0000000086200000, 0x0000000086300000|  0%| F|  |TAMS 0x0000000086200000, 0x0000000086200000| Untracked 
|  13|0x0000000086300000, 0x0000000086300000, 0x0000000086400000|  0%| F|  |TAMS 0x0000000086300000, 0x0000000086300000| Untracked 
|  14|0x0000000086400000, 0x0000000086400000, 0x0000000086500000|  0%| F|  |TAMS 0x0000000086400000, 0x0000000086400000| Untracked 
|  15|0x0000000086500000, 0x0000000086500000, 0x0000000086600000|  0%| F|  |TAMS 0x0000000086500000, 0x0000000086500000| Untracked 
|  16|0x0000000086600000, 0x0000000086600000, 0x0000000086700000|  0%| F|  |TAMS 0x0000000086600000, 0x0000000086600000| Untracked 
|  17|0x0000000086700000, 0x0000000086700000, 0x0000000086800000|  0%| F|  |TAMS 0x0000000086700000, 0x0000000086700000| Untracked 
|  18|0x0000000086800000, 0x0000000086800000, 0x0000000086900000|  0%| F|  |TAMS 0x0000000086800000, 0x0000000086800000| Untracked 
|  19|0x0000000086900000, 0x0000000086900000, 0x0000000086a00000|  0%| F|  |TAMS 0x0000000086900000, 0x0000000086900000| Untracked 
|  20|0x0000000086a00000, 0x0000000086a00000, 0x0000000086b00000|  0%| F|  |TAMS 0x0000000086a00000, 0x0000000086a00000| Untracked 
|  21|0x0000000086b00000, 0x0000000086b00000, 0x0000000086c00000|  0%| F|  |TAMS 0x0000000086b00000, 0x0000000086b00000| Untracked 
|  22|0x0000000086c00000, 0x0000000086c00000, 0x0000000086d00000|  0%| F|  |TAMS 0x0000000086c00000, 0x0000000086c00000| Untracked 
|  23|0x0000000086d00000, 0x0000000086d00000, 0x0000000086e00000|  0%| F|  |TAMS 0x0000000086d00000, 0x0000000086d00000| Untracked 
|  24|0x0000000086e00000, 0x0000000086e00000, 0x0000000086f00000|  0%| F|  |TAMS 0x0000000086e00000, 0x0000000086e00000| Untracked 
|  25|0x0000000086f00000, 0x0000000086f00000, 0x0000000087000000|  0%| F|  |TAMS 0x0000000086f00000, 0x0000000086f00000| Untracked 
|  26|0x0000000087000000, 0x0000000087000000, 0x0000000087100000|  0%| F|  |TAMS 0x0000000087000000, 0x0000000087000000| Untracked 
|  27|0x0000000087100000, 0x0000000087100000, 0x0000000087200000|  0%| F|  |TAMS 0x0000000087100000, 0x0000000087100000| Untracked 
|  28|0x0000000087200000, 0x0000000087200000, 0x0000000087300000|  0%| F|  |TAMS 0x0000000087200000, 0x0000000087200000| Untracked 
|  29|0x0000000087300000, 0x0000000087300000, 0x0000000087400000|  0%| F|  |TAMS 0x0000000087300000, 0x0000000087300000| Untracked 
|  30|0x0000000087400000, 0x0000000087400000, 0x0000000087500000|  0%| F|  |TAMS 0x0000000087400000, 0x0000000087400000| Untracked 
|  31|0x0000000087500000, 0x0000000087500000, 0x0000000087600000|  0%| F|  |TAMS 0x0000000087500000, 0x0000000087500000| Untracked 
|  32|0x0000000087600000, 0x0000000087600000, 0x0000000087700000|  0%| F|  |TAMS 0x0000000087600000, 0x0000000087600000| Untracked 
|  33|0x0000000087700000, 0x0000000087700000, 0x0000000087800000|  0%| F|  |TAMS 0x0000000087700000, 0x0000000087700000| Untracked 
|  34|0x0000000087800000, 0x0000000087800000, 0x0000000087900000|  0%| F|  |TAMS 0x0000000087800000, 0x0000000087800000| Untracked 
|  35|0x0000000087900000, 0x0000000087900000, 0x0000000087a00000|  0%| F|  |TAMS 0x0000000087900000, 0x0000000087900000| Untracked 
|  36|0x0000000087a00000, 0x0000000087a00000, 0x0000000087b00000|  0%| F|  |TAMS 0x0000000087a00000, 0x0000000087a00000| Untracked 
|  37|0x0000000087b00000, 0x0000000087b00000, 0x0000000087c00000|  0%| F|  |TAMS 0x0000000087b00000, 0x0000000087b00000| Untracked 
|  38|0x0000000087c00000, 0x0000000087c00000, 0x0000000087d00000|  0%| F|  |TAMS 0x0000000087c00000, 0x0000000087c00000| Untracked 
|  39|0x0000000087d00000, 0x0000000087d00000, 0x0000000087e00000|  0%| F|  |TAMS 0x0000000087d00000, 0x0000000087d00000| Untracked 
|  40|0x0000000087e00000, 0x0000000087e00000, 0x0000000087f00000|  0%| F|  |TAMS 0x0000000087e00000, 0x0000000087e00000| Untracked 
|  41|0x0000000087f00000, 0x0000000087f00000, 0x0000000088000000|  0%| F|  |TAMS 0x0000000087f00000, 0x0000000087f00000| Untracked 
|  42|0x0000000088000000, 0x0000000088000000, 0x0000000088100000|  0%| F|  |TAMS 0x0000000088000000, 0x0000000088000000| Untracked 
|  43|0x0000000088100000, 0x0000000088100000, 0x0000000088200000|  0%| F|  |TAMS 0x0000000088100000, 0x0000000088100000| Untracked 
|  44|0x0000000088200000, 0x0000000088200000, 0x0000000088300000|  0%| F|  |TAMS 0x0000000088200000, 0x0000000088200000| Untracked 
|  45|0x0000000088300000, 0x0000000088300000, 0x0000000088400000|  0%| F|  |TAMS 0x0000000088300000, 0x0000000088300000| Untracked 
|  46|0x0000000088400000, 0x0000000088400000, 0x0000000088500000|  0%| F|  |TAMS 0x0000000088400000, 0x0000000088400000| Untracked 
|  47|0x0000000088500000, 0x0000000088500000, 0x0000000088600000|  0%| F|  |TAMS 0x0000000088500000, 0x0000000088500000| Untracked 
|  48|0x0000000088600000, 0x0000000088600000, 0x0000000088700000|  0%| F|  |TAMS 0x0000000088600000, 0x0000000088600000| Untracked 
|  49|0x0000000088700000, 0x0000000088700000, 0x0000000088800000|  0%| F|  |TAMS 0x0000000088700000, 0x0000000088700000| Untracked 
|  50|0x0000000088800000, 0x0000000088800000, 0x0000000088900000|  0%| F|  |TAMS 0x0000000088800000, 0x0000000088800000| Untracked 
|  51|0x0000000088900000, 0x0000000088900000, 0x0000000088a00000|  0%| F|  |TAMS 0x0000000088900000, 0x0000000088900000| Untracked 
|  52|0x0000000088a00000, 0x0000000088a00000, 0x0000000088b00000|  0%| F|  |TAMS 0x0000000088a00000, 0x0000000088a00000| Untracked 
|  53|0x0000000088b00000, 0x0000000088b00000, 0x0000000088c00000|  0%| F|  |TAMS 0x0000000088b00000, 0x0000000088b00000| Untracked 
|  54|0x0000000088c00000, 0x0000000088c00000, 0x0000000088d00000|  0%| F|  |TAMS 0x0000000088c00000, 0x0000000088c00000| Untracked 
|  55|0x0000000088d00000, 0x0000000088d00000, 0x0000000088e00000|  0%| F|  |TAMS 0x0000000088d00000, 0x0000000088d00000| Untracked 
|  56|0x0000000088e00000, 0x0000000088e00000, 0x0000000088f00000|  0%| F|  |TAMS 0x0000000088e00000, 0x0000000088e00000| Untracked 
|  57|0x0000000088f00000, 0x0000000088f00000, 0x0000000089000000|  0%| F|  |TAMS 0x0000000088f00000, 0x0000000088f00000| Untracked 
|  58|0x0000000089000000, 0x0000000089000000, 0x0000000089100000|  0%| F|  |TAMS 0x0000000089000000, 0x0000000089000000| Untracked 
|  59|0x0000000089100000, 0x0000000089100000, 0x0000000089200000|  0%| F|  |TAMS 0x0000000089100000, 0x0000000089100000| Untracked 
|  60|0x0000000089200000, 0x0000000089200000, 0x0000000089300000|  0%| F|  |TAMS 0x0000000089200000, 0x0000000089200000| Untracked 
|  61|0x0000000089300000, 0x0000000089300000, 0x0000000089400000|  0%| F|  |TAMS 0x0000000089300000, 0x0000000089300000| Untracked 
|  62|0x0000000089400000, 0x0000000089400000, 0x0000000089500000|  0%| F|  |TAMS 0x0000000089400000, 0x0000000089400000| Untracked 
|  63|0x0000000089500000, 0x0000000089500000, 0x0000000089600000|  0%| F|  |TAMS 0x0000000089500000, 0x0000000089500000| Untracked 
|  64|0x0000000089600000, 0x0000000089600000, 0x0000000089700000|  0%| F|  |TAMS 0x0000000089600000, 0x0000000089600000| Untracked 
|  65|0x0000000089700000, 0x0000000089700000, 0x0000000089800000|  0%| F|  |TAMS 0x0000000089700000, 0x0000000089700000| Untracked 
|  66|0x0000000089800000, 0x0000000089800000, 0x0000000089900000|  0%| F|  |TAMS 0x0000000089800000, 0x0000000089800000| Untracked 
|  67|0x0000000089900000, 0x0000000089900000, 0x0000000089a00000|  0%| F|  |TAMS 0x0000000089900000, 0x0000000089900000| Untracked 
|  68|0x0000000089a00000, 0x0000000089a00000, 0x0000000089b00000|  0%| F|  |TAMS 0x0000000089a00000, 0x0000000089a00000| Untracked 
|  69|0x0000000089b00000, 0x0000000089b00000, 0x0000000089c00000|  0%| F|  |TAMS 0x0000000089b00000, 0x0000000089b00000| Untracked 
|  70|0x0000000089c00000, 0x0000000089c00000, 0x0000000089d00000|  0%| F|  |TAMS 0x0000000089c00000, 0x0000000089c00000| Untracked 
|  71|0x0000000089d00000, 0x0000000089d00000, 0x0000000089e00000|  0%| F|  |TAMS 0x0000000089d00000, 0x0000000089d00000| Untracked 
|  72|0x0000000089e00000, 0x0000000089e00000, 0x0000000089f00000|  0%| F|  |TAMS 0x0000000089e00000, 0x0000000089e00000| Untracked 
|  73|0x0000000089f00000, 0x0000000089f00000, 0x000000008a000000|  0%| F|  |TAMS 0x0000000089f00000, 0x0000000089f00000| Untracked 
|  74|0x000000008a000000, 0x000000008a000000, 0x000000008a100000|  0%| F|  |TAMS 0x000000008a000000, 0x000000008a000000| Untracked 
|  75|0x000000008a100000, 0x000000008a100000, 0x000000008a200000|  0%| F|  |TAMS 0x000000008a100000, 0x000000008a100000| Untracked 
|  76|0x000000008a200000, 0x000000008a200000, 0x000000008a300000|  0%| F|  |TAMS 0x000000008a200000, 0x000000008a200000| Untracked 
|  77|0x000000008a300000, 0x000000008a300000, 0x000000008a400000|  0%| F|  |TAMS 0x000000008a300000, 0x000000008a300000| Untracked 
|  78|0x000000008a400000, 0x000000008a400000, 0x000000008a500000|  0%| F|  |TAMS 0x000000008a400000, 0x000000008a400000| Untracked 
|  79|0x000000008a500000, 0x000000008a500000, 0x000000008a600000|  0%| F|  |TAMS 0x000000008a500000, 0x000000008a500000| Untracked 
|  80|0x000000008a600000, 0x000000008a600000, 0x000000008a700000|  0%| F|  |TAMS 0x000000008a600000, 0x000000008a600000| Untracked 
|  81|0x000000008a700000, 0x000000008a700000, 0x000000008a800000|  0%| F|  |TAMS 0x000000008a700000, 0x000000008a700000| Untracked 
|  82|0x000000008a800000, 0x000000008a800000, 0x000000008a900000|  0%| F|  |TAMS 0x000000008a800000, 0x000000008a800000| Untracked 
|  83|0x000000008a900000, 0x000000008a900000, 0x000000008aa00000|  0%| F|  |TAMS 0x000000008a900000, 0x000000008a900000| Untracked 
|  84|0x000000008aa00000, 0x000000008aa00000, 0x000000008ab00000|  0%| F|  |TAMS 0x000000008aa00000, 0x000000008aa00000| Untracked 
|  85|0x000000008ab00000, 0x000000008ab00000, 0x000000008ac00000|  0%| F|  |TAMS 0x000000008ab00000, 0x000000008ab00000| Untracked 
|  86|0x000000008ac00000, 0x000000008ac00000, 0x000000008ad00000|  0%| F|  |TAMS 0x000000008ac00000, 0x000000008ac00000| Untracked 
|  87|0x000000008ad00000, 0x000000008ad00000, 0x000000008ae00000|  0%| F|  |TAMS 0x000000008ad00000, 0x000000008ad00000| Untracked 
|  88|0x000000008ae00000, 0x000000008ae00000, 0x000000008af00000|  0%| F|  |TAMS 0x000000008ae00000, 0x000000008ae00000| Untracked 
|  89|0x000000008af00000, 0x000000008af00000, 0x000000008b000000|  0%| F|  |TAMS 0x000000008af00000, 0x000000008af00000| Untracked 
|  90|0x000000008b000000, 0x000000008b000000, 0x000000008b100000|  0%| F|  |TAMS 0x000000008b000000, 0x000000008b000000| Untracked 
|  91|0x000000008b100000, 0x000000008b100000, 0x000000008b200000|  0%| F|  |TAMS 0x000000008b100000, 0x000000008b100000| Untracked 
|  92|0x000000008b200000, 0x000000008b200000, 0x000000008b300000|  0%| F|  |TAMS 0x000000008b200000, 0x000000008b200000| Untracked 
|  93|0x000000008b300000, 0x000000008b300000, 0x000000008b400000|  0%| F|  |TAMS 0x000000008b300000, 0x000000008b300000| Untracked 
|  94|0x000000008b400000, 0x000000008b400000, 0x000000008b500000|  0%| F|  |TAMS 0x000000008b400000, 0x000000008b400000| Untracked 
|  95|0x000000008b500000, 0x000000008b500000, 0x000000008b600000|  0%| F|  |TAMS 0x000000008b500000, 0x000000008b500000| Untracked 
|  96|0x000000008b600000, 0x000000008b600000, 0x000000008b700000|  0%| F|  |TAMS 0x000000008b600000, 0x000000008b600000| Untracked 
|  97|0x000000008b700000, 0x000000008b700000, 0x000000008b800000|  0%| F|  |TAMS 0x000000008b700000, 0x000000008b700000| Untracked 
|  98|0x000000008b800000, 0x000000008b800000, 0x000000008b900000|  0%| F|  |TAMS 0x000000008b800000, 0x000000008b800000| Untracked 
|  99|0x000000008b900000, 0x000000008b900000, 0x000000008ba00000|  0%| F|  |TAMS 0x000000008b900000, 0x000000008b900000| Untracked 
| 100|0x000000008ba00000, 0x000000008ba00000, 0x000000008bb00000|  0%| F|  |TAMS 0x000000008ba00000, 0x000000008ba00000| Untracked 
| 101|0x000000008bb00000, 0x000000008bb00000, 0x000000008bc00000|  0%| F|  |TAMS 0x000000008bb00000, 0x000000008bb00000| Untracked 
| 102|0x000000008bc00000, 0x000000008bc00000, 0x000000008bd00000|  0%| F|  |TAMS 0x000000008bc00000, 0x000000008bc00000| Untracked 
| 103|0x000000008bd00000, 0x000000008bd00000, 0x000000008be00000|  0%| F|  |TAMS 0x000000008bd00000, 0x000000008bd00000| Untracked 
| 104|0x000000008be00000, 0x000000008be00000, 0x000000008bf00000|  0%| F|  |TAMS 0x000000008be00000, 0x000000008be00000| Untracked 
| 105|0x000000008bf00000, 0x000000008bf00000, 0x000000008c000000|  0%| F|  |TAMS 0x000000008bf00000, 0x000000008bf00000| Untracked 
| 106|0x000000008c000000, 0x000000008c000000, 0x000000008c100000|  0%| F|  |TAMS 0x000000008c000000, 0x000000008c000000| Untracked 
| 107|0x000000008c100000, 0x000000008c100000, 0x000000008c200000|  0%| F|  |TAMS 0x000000008c100000, 0x000000008c100000| Untracked 
| 108|0x000000008c200000, 0x000000008c200000, 0x000000008c300000|  0%| F|  |TAMS 0x000000008c200000, 0x000000008c200000| Untracked 
| 109|0x000000008c300000, 0x000000008c400000, 0x000000008c400000|100%| S|CS|TAMS 0x000000008c300000, 0x000000008c300000| Complete 
| 110|0x000000008c400000, 0x000000008c500000, 0x000000008c500000|100%| S|CS|TAMS 0x000000008c400000, 0x000000008c400000| Complete 
| 111|0x000000008c500000, 0x000000008c500000, 0x000000008c600000|  0%| F|  |TAMS 0x000000008c500000, 0x000000008c500000| Untracked 
| 112|0x000000008c600000, 0x000000008c600000, 0x000000008c700000|  0%| F|  |TAMS 0x000000008c600000, 0x000000008c600000| Untracked 
| 113|0x000000008c700000, 0x000000008c700000, 0x000000008c800000|  0%| F|  |TAMS 0x000000008c700000, 0x000000008c700000| Untracked 
| 114|0x000000008c800000, 0x000000008c800000, 0x000000008c900000|  0%| F|  |TAMS 0x000000008c800000, 0x000000008c800000| Untracked 
| 115|0x000000008c900000, 0x000000008c900000, 0x000000008ca00000|  0%| F|  |TAMS 0x000000008c900000, 0x000000008c900000| Untracked 
| 116|0x000000008ca00000, 0x000000008ca00000, 0x000000008cb00000|  0%| F|  |TAMS 0x000000008ca00000, 0x000000008ca00000| Untracked 
| 117|0x000000008cb00000, 0x000000008cb00000, 0x000000008cc00000|  0%| F|  |TAMS 0x000000008cb00000, 0x000000008cb00000| Untracked 
| 118|0x000000008cc00000, 0x000000008cc00000, 0x000000008cd00000|  0%| F|  |TAMS 0x000000008cc00000, 0x000000008cc00000| Untracked 
| 119|0x000000008cd00000, 0x000000008cd00000, 0x000000008ce00000|  0%| F|  |TAMS 0x000000008cd00000, 0x000000008cd00000| Untracked 
| 120|0x000000008ce00000, 0x000000008ce00000, 0x000000008cf00000|  0%| F|  |TAMS 0x000000008ce00000, 0x000000008ce00000| Untracked 
| 121|0x000000008cf00000, 0x000000008cf00000, 0x000000008d000000|  0%| F|  |TAMS 0x000000008cf00000, 0x000000008cf00000| Untracked 
| 122|0x000000008d000000, 0x000000008d054330, 0x000000008d100000| 32%| E|  |TAMS 0x000000008d000000, 0x000000008d000000| Complete 
| 123|0x000000008d100000, 0x000000008d200000, 0x000000008d200000|100%| E|CS|TAMS 0x000000008d100000, 0x000000008d100000| Complete 
|1960|0x00000000ffe00000, 0x00000000ffe76000, 0x00000000fff00000| 46%|OA|  |TAMS 0x00000000ffe00000, 0x00000000ffe00000| Untracked 
|1961|0x00000000fff00000, 0x00000000fff82000, 0x0000000100000000| 50%|CA|  |TAMS 0x00000000fff00000, 0x00000000fff00000| Untracked 

Card table byte_map: [0x00007f5ab0c7c000,0x00007f5ab1051000] _byte_map_base: 0x00007f5ab0851000

Marking Bits (Prev, Next): (CMBitMap*) 0x00007f5aac070960, (CMBitMap*) 0x00007f5aac0709a0
 Prev Bits: [0x00007f5a93558000, 0x00007f5a95400000)
 Next Bits: [0x00007f5a916b0000, 0x00007f5a93558000)

Polling page: 0x00007f5ab3599000

Metaspace:

Usage:
  Non-class:      4,69 MB used.
      Class:    515,20 KB used.
       Both:      5,19 MB used.

Virtual space:
  Non-class space:       64,00 MB reserved,       4,75 MB (  7%) committed,  1 nodes.
      Class space:        1,00 GB reserved,     640,00 KB ( <1%) committed,  1 nodes.
             Both:        1,06 GB reserved,       5,38 MB ( <1%) committed. 

Chunk freelists:
   Non-Class:  9,89 MB
       Class:  15,23 MB
        Both:  25,12 MB

MaxMetaspaceSize: unlimited
CompressedClassSpaceSize: 1,00 GB
Initial GC threshold: 21,00 MB
Current GC threshold: 21,00 MB
CDS: on
MetaspaceReclaimPolicy: balanced
 - commit_granule_bytes: 65536.
 - commit_granule_words: 8192.
 - virtual_space_node_default_size: 8388608.
 - enlarge_chunks_in_place: 1.
 - new_chunks_are_fully_committed: 0.
 - uncommit_free_chunks: 1.
 - use_allocation_guard: 0.
 - handle_deallocations: 1.


Internal statistics:

num_allocs_failed_limit: 0.
num_arena_births: 20.
num_arena_deaths: 0.
num_vsnodes_births: 2.
num_vsnodes_deaths: 0.
num_space_committed: 86.
num_space_uncommitted: 0.
num_chunks_returned_to_freelist: 0.
num_chunks_taken_from_freelist: 127.
num_chunk_merges: 0.
num_chunk_splits: 88.
num_chunks_enlarged: 66.
num_inconsistent_stats: 0.

CodeHeap 'non-profiled nmethods': size=120032Kb used=233Kb max_used=233Kb free=119798Kb
 bounds [0x00007f5a9cec8000, 0x00007f5a9d138000, 0x00007f5aa4400000]
CodeHeap 'profiled nmethods': size=120028Kb used=1444Kb max_used=1444Kb free=118583Kb
 bounds [0x00007f5a95400000, 0x00007f5a95670000, 0x00007f5a9c937000]
CodeHeap 'non-nmethods': size=5700Kb used=1242Kb max_used=1247Kb free=4457Kb
 bounds [0x00007f5a9c937000, 0x00007f5a9cba7000, 0x00007f5a9cec8000]
 total_blobs=1351 nmethods=795 adapters=470
 compilation: enabled
              stopped_count=0, restarted_count=0
 full_count=0

Compilation events (20 events):
Event: 1,808 Thread 0x00007f5aac121ab0  786       3       jdk.internal.org.objectweb.asm.AnnotationWriter::putAnnotations (67 bytes)
Event: 1,808 Thread 0x00007f5aac121ab0 nmethod 786 0x00007f5a95563310 code [0x00007f5a95563540, 0x00007f5a95563970]
Event: 1,809 Thread 0x00007f5aac121ab0  787       3       java.util.Properties::loadConvert (540 bytes)
Event: 1,811 Thread 0x00007f5aac121ab0 nmethod 787 0x00007f5a95563c10 code [0x00007f5a95563f00, 0x00007f5a95565310]
Event: 1,811 Thread 0x00007f5aac121ab0  788       3       java.util.HashMap$ValueIterator::next (8 bytes)
Event: 1,811 Thread 0x00007f5aac121ab0 nmethod 788 0x00007f5a95565990 code [0x00007f5a95565b40, 0x00007f5a95565c80]
Event: 1,811 Thread 0x00007f5aac121ab0  789       1       java.lang.Module::getDescriptor (5 bytes)
Event: 1,811 Thread 0x00007f5aac121ab0 nmethod 789 0x00007f5a9cf02490 code [0x00007f5a9cf02620, 0x00007f5a9cf026f0]
Event: 1,811 Thread 0x00007f5aac121ab0  790       3       java.util.Arrays::copyOf (40 bytes)
Event: 1,812 Thread 0x00007f5aac121ab0 nmethod 790 0x00007f5a95565d90 code [0x00007f5a95565fa0, 0x00007f5a95566640]
Event: 1,812 Thread 0x00007f5aac121ab0  791       3       java.util.ImmutableCollections$List12::get (35 bytes)
Event: 1,812 Thread 0x00007f5aac121ab0 nmethod 791 0x00007f5a95566810 code [0x00007f5a955669c0, 0x00007f5a95566c60]
Event: 1,813 Thread 0x00007f5aac121ab0  792   !   3       java.nio.DirectIntBufferU::get (34 bytes)
Event: 1,814 Thread 0x00007f5aac121ab0 nmethod 792 0x00007f5a95566d10 code [0x00007f5a95566f60, 0x00007f5a95567790]
Event: 1,814 Thread 0x00007f5aac121ab0  793       3       java.util.concurrent.ConcurrentHashMap$ValueIterator::next (34 bytes)
Event: 1,815 Thread 0x00007f5aac121ab0 nmethod 793 0x00007f5a95567c10 code [0x00007f5a95567de0, 0x00007f5a95568030]
Event: 1,816 Thread 0x00007f5aac121ab0  794       3       java.lang.invoke.MethodHandle::<init> (37 bytes)
Event: 1,817 Thread 0x00007f5aac121ab0 nmethod 794 0x00007f5a95568190 code [0x00007f5a955683a0, 0x00007f5a95568910]
Event: 1,820 Thread 0x00007f5aac121ab0  795       3       java.util.Properties::getProperty (50 bytes)
Event: 1,820 Thread 0x00007f5aac121ab0 nmethod 795 0x00007f5a95568b90 code [0x00007f5a95568d60, 0x00007f5a95569270]

GC Heap History (2 events):
Event: 1,594 GC heap before
{Heap before GC invocations=0 (full 0):
 garbage-first heap   total 129024K, used 15328K [0x0000000085600000, 0x0000000100000000)
  region size 1024K, 13 young (13312K), 0 survivors (0K)
 Metaspace       used 4625K, committed 4800K, reserved 1114112K
  class space    used 440K, committed 512K, reserved 1048576K
}
Event: 1,620 GC heap after
{Heap after GC invocations=1 (full 0):
 garbage-first heap   total 129024K, used 4953K [0x0000000085600000, 0x0000000100000000)
  region size 1024K, 2 young (2048K), 2 survivors (2048K)
 Metaspace       used 4625K, committed 4800K, reserved 1114112K
  class space    used 440K, committed 512K, reserved 1048576K
}

Dll operation events (11 events):
Event: 0,013 Loaded shared library /usr/lib/jvm/java-17-openjdk-amd64/lib/libjava.so
Event: 0,060 Loaded shared library /usr/lib/jvm/java-17-openjdk-amd64/lib/libjsvml.so
Event: 0,256 Loaded shared library /usr/lib/jvm/java-17-openjdk-amd64/lib/libzip.so
Event: 0,259 Loaded shared library /usr/lib/jvm/java-17-openjdk-amd64/lib/libinstrument.so
Event: 0,272 Loaded shared library /usr/lib/jvm/java-17-openjdk-amd64/lib/libnio.so
Event: 0,296 Loaded shared library /usr/lib/jvm/java-17-openjdk-amd64/lib/libzip.so
Event: 0,504 Loaded shared library /usr/lib/jvm/java-17-openjdk-amd64/lib/libnet.so
Event: 0,518 Loaded shared library /usr/lib/jvm/java-17-openjdk-amd64/lib/libjimage.so
Event: 0,535 Loaded shared library /usr/lib/jvm/java-17-openjdk-amd64/lib/libextnet.so
Event: 0,805 Loaded shared library /tmp/jffi674227582749412740.so
Event: 0,936 Loaded shared library /usr/lib/jvm/java-17-openjdk-amd64/lib/libverify.so

Deoptimization events (20 events):
Event: 0,293 Thread 0x00007f5aac016800 Uncommon trap: trap_request=0xfffffff4 fr.pc=0x00007f5a9ced1fcc relative=0x00000000000001ac
Event: 0,296 Thread 0x00007f5aac016800 Uncommon trap: reason=null_check action=make_not_entrant pc=0x00007f5a9ced1fcc method=java.lang.String.equals(Ljava/lang/Object;)Z @ 8 c2
Event: 0,296 Thread 0x00007f5aac016800 DEOPT PACKING pc=0x00007f5a9ced1fcc sp=0x00007f5ab1dfd2b0
Event: 0,296 Thread 0x00007f5aac016800 DEOPT UNPACKING pc=0x00007f5a9c98d699 sp=0x00007f5ab1dfd278 mode 2
Event: 0,457 Thread 0x00007f5aac016800 Uncommon trap: trap_request=0xffffff45 fr.pc=0x00007f5a9ced8528 relative=0x0000000000000188
Event: 0,457 Thread 0x00007f5aac016800 Uncommon trap: reason=unstable_if action=reinterpret pc=0x00007f5a9ced8528 method=java.util.zip.ZipFile$Source.isMetaName([BII)Z @ 57 c2
Event: 0,457 Thread 0x00007f5aac016800 DEOPT PACKING pc=0x00007f5a9ced8528 sp=0x00007f5ab1dfd670
Event: 0,457 Thread 0x00007f5aac016800 DEOPT UNPACKING pc=0x00007f5a9c98d699 sp=0x00007f5ab1dfd638 mode 2
Event: 0,638 Thread 0x00007f5aac016800 Uncommon trap: trap_request=0xffffff45 fr.pc=0x00007f5a9ced9218 relative=0x0000000000000078
Event: 0,638 Thread 0x00007f5aac016800 Uncommon trap: reason=unstable_if action=reinterpret pc=0x00007f5a9ced9218 method=java.lang.String.isLatin1()Z @ 10 c2
Event: 0,638 Thread 0x00007f5aac016800 DEOPT PACKING pc=0x00007f5a9ced9218 sp=0x00007f5ab1dfa6f0
Event: 0,638 Thread 0x00007f5aac016800 DEOPT UNPACKING pc=0x00007f5a9c98d699 sp=0x00007f5ab1dfa650 mode 2
Event: 0,769 Thread 0x00007f5aac016800 Uncommon trap: trap_request=0xffffff45 fr.pc=0x00007f5a9ced4c60 relative=0x0000000000000860
Event: 0,769 Thread 0x00007f5aac016800 Uncommon trap: reason=unstable_if action=reinterpret pc=0x00007f5a9ced4c60 method=java.util.HashMap.putVal(ILjava/lang/Object;Ljava/lang/Object;ZZ)Ljava/lang/Object; @ 181 c2
Event: 0,769 Thread 0x00007f5aac016800 DEOPT PACKING pc=0x00007f5a9ced4c60 sp=0x00007f5ab1df9da0
Event: 0,769 Thread 0x00007f5aac016800 DEOPT UNPACKING pc=0x00007f5a9c98d699 sp=0x00007f5ab1df9d30 mode 2
Event: 1,776 Thread 0x00007f5aac016800 Uncommon trap: trap_request=0xffffff45 fr.pc=0x00007f5a9cefa4dc relative=0x000000000000159c
Event: 1,776 Thread 0x00007f5aac016800 Uncommon trap: reason=unstable_if action=reinterpret pc=0x00007f5a9cefa4dc method=java.util.HashMap.hash(Ljava/lang/Object;)I @ 1 c2
Event: 1,776 Thread 0x00007f5aac016800 DEOPT PACKING pc=0x00007f5a9cefa4dc sp=0x00007f5ab1dfdd50
Event: 1,776 Thread 0x00007f5aac016800 DEOPT UNPACKING pc=0x00007f5a9c98d699 sp=0x00007f5ab1dfdd00 mode 2

Classes unloaded (0 events):
No events

Classes redefined (0 events):
No events

Internal exceptions (9 events):
Event: 0,293 Thread 0x00007f5aac016800 Implicit null exception at 0x00007f5a9ced1e55 to 0x00007f5a9ced1fbc
Event: 0,507 Thread 0x00007f5aac1c2800 Exception <a 'java/lang/NoSuchMethodError'{0x000000008cfe2b48}: 'java.lang.Object java.lang.invoke.DirectMethodHandle$Holder.invokeStaticInit(java.lang.Object)'> (0x000000008cfe2b48) 
thrown [./src/hotspot/share/interpreter/linkResolver.cpp, line 758]
Event: 0,545 Thread 0x00007f5aac1c2800 Exception <a 'java/lang/NoSuchMethodError'{0x000000008cff1200}: 'void java.lang.invoke.DirectMethodHandle$Holder.invokeStatic(java.lang.Object, java.lang.Object)'> (0x000000008cff1200) 
thrown [./src/hotspot/share/interpreter/linkResolver.cpp, line 758]
Event: 1,141 Thread 0x00007f5aac016800 Exception <a 'java/lang/UnsatisfiedLinkError'{0x000000008cafc318}: meos: Ne peut ouvrir le fichier d'objet partagé: Aucun fichier ou dossier de ce type> (0x000000008cafc318) 
thrown [./src/hotspot/share/prims/jni.cpp, line 535]
Event: 1,522 Thread 0x00007f5aac016800 Exception <a 'java/lang/NoSuchMethodError'{0x000000008c6c6348}: 'java.lang.Object java.lang.invoke.DirectMethodHandle$Holder.newInvokeSpecial(java.lang.Object, java.lang.Object, java.lang.Object, java.lang.Object, java.lang.Object)'> (0x000000008c6c6348) 
thrown [./src/hotspot/share/interpreter/linkResolver.cpp, line 758]
Event: 1,636 Thread 0x00007f5aac016800 Exception <a 'java/lang/UnsatisfiedLinkError'{0x000000008d11a7e0}: /usr/local/lib/libmeos.so: undefined symbol: intrange_to_intspan> (0x000000008d11a7e0) 
thrown [./src/hotspot/share/prims/jni.cpp, line 535]
Event: 1,637 Thread 0x00007f5aac016800 Exception <a 'java/lang/UnsatisfiedLinkError'{0x000000008d11c3c8}: /usr/local/lib/libmeos.so: undefined symbol: floatrange_to_floatspan> (0x000000008d11c3c8) 
thrown [./src/hotspot/share/prims/jni.cpp, line 535]
Event: 1,638 Thread 0x00007f5aac016800 Exception <a 'java/lang/UnsatisfiedLinkError'{0x000000008d123f08}: /usr/local/lib/libmeos.so: undefined symbol: distance_timestamp_timestamp> (0x000000008d123f08) 
thrown [./src/hotspot/share/prims/jni.cpp, line 535]
Event: 1,776 Thread 0x00007f5aac016800 Implicit null exception at 0x00007f5a9cef8f80 to 0x00007f5a9cefa4c8

VM Operations (14 events):
Event: 0,196 Executing VM operation: HandshakeAllThreads
Event: 0,196 Executing VM operation: HandshakeAllThreads done
Event: 0,720 Executing VM operation: HandshakeAllThreads
Event: 0,720 Executing VM operation: HandshakeAllThreads done
Event: 0,920 Executing VM operation: HandshakeAllThreads
Event: 0,920 Executing VM operation: HandshakeAllThreads done
Event: 1,071 Executing VM operation: HandshakeAllThreads
Event: 1,071 Executing VM operation: HandshakeAllThreads done
Event: 1,071 Executing VM operation: Cleanup
Event: 1,071 Executing VM operation: Cleanup done
Event: 1,500 Executing VM operation: HandshakeAllThreads
Event: 1,500 Executing VM operation: HandshakeAllThreads done
Event: 1,594 Executing VM operation: G1CollectForAllocation
Event: 1,620 Executing VM operation: G1CollectForAllocation done

Events (20 events):
Event: 1,691 loading class java/util/LinkedList$ListItr done
Event: 1,711 loading class sun/misc/Unsafe
Event: 1,711 loading class sun/misc/Unsafe done
Event: 1,771 loading class java/util/Stack
Event: 1,771 loading class java/util/Stack done
Event: 1,777 loading class java/time/OffsetDateTime
Event: 1,778 loading class java/time/OffsetDateTime done
Event: 1,781 loading class java/text/ParsePosition
Event: 1,781 loading class java/text/ParsePosition done
Event: 1,781 loading class java/time/format/DateTimeParseContext
Event: 1,782 loading class java/time/format/DateTimeParseContext done
Event: 1,782 loading class java/time/format/Parsed
Event: 1,782 loading class java/time/format/Parsed done
Event: 1,788 loading class java/time/ZonedDateTime
Event: 1,788 loading class java/time/chrono/ChronoZonedDateTime
Event: 1,788 loading class java/time/chrono/ChronoZonedDateTime done
Event: 1,788 loading class java/time/ZonedDateTime done
Event: 1,818 loading class java/net/URLClassLoader
Event: 1,818 loading class java/net/URLClassLoader done
Event: 1,821 Thread 0x00007f5aac4bf370 Thread added: 0x00007f5aac4bf370


Dynamic libraries:
85600000-8d200000 rw-p 00000000 00:00 0 
8d200000-ffe00000 ---p 00000000 00:00 0 
ffe00000-ffe76000 rw-p 00c9d000 08:02 10491600                           /usr/lib/jvm/java-17-openjdk-amd64/lib/server/classes.jsa
ffe76000-fff00000 rw-p 00000000 00:00 0 
fff00000-fff82000 rw-p 00c1b000 08:02 10491600                           /usr/lib/jvm/java-17-openjdk-amd64/lib/server/classes.jsa
fff82000-100000000 rw-p 00000000 00:00 0 
800000000-800458000 rw-p 00001000 08:02 10491600                         /usr/lib/jvm/java-17-openjdk-amd64/lib/server/classes.jsa
800458000-800be2000 r--p 00459000 08:02 10491600                         /usr/lib/jvm/java-17-openjdk-amd64/lib/server/classes.jsa
800be2000-801000000 ---p 00000000 00:00 0 
801000000-801040000 rw-p 00000000 00:00 0 
801040000-801090000 rw-p 00000000 00:00 0 
801090000-8010c0000 ---p 00000000 00:00 0 
8010c0000-8010d0000 rw-p 00000000 00:00 0 
8010d0000-841000000 ---p 00000000 00:00 0 
55bbdb597000-55bbdb598000 r--p 00000000 08:02 10485864                   /usr/lib/jvm/java-17-openjdk-amd64/bin/java
55bbdb598000-55bbdb599000 r-xp 00001000 08:02 10485864                   /usr/lib/jvm/java-17-openjdk-amd64/bin/java
55bbdb599000-55bbdb59a000 r--p 00002000 08:02 10485864                   /usr/lib/jvm/java-17-openjdk-amd64/bin/java
55bbdb59a000-55bbdb59b000 r--p 00002000 08:02 10485864                   /usr/lib/jvm/java-17-openjdk-amd64/bin/java
55bbdb59b000-55bbdb59c000 rw-p 00003000 08:02 10485864                   /usr/lib/jvm/java-17-openjdk-amd64/bin/java
55bbdbc95000-55bbdbcdd000 rw-p 00000000 00:00 0                          [heap]
7f5a28000000-7f5a28021000 rw-p 00000000 00:00 0 
7f5a28021000-7f5a2c000000 ---p 00000000 00:00 0 
7f5a2c000000-7f5a2c021000 rw-p 00000000 00:00 0 
7f5a2c021000-7f5a30000000 ---p 00000000 00:00 0 
7f5a30000000-7f5a30021000 rw-p 00000000 00:00 0 
7f5a30021000-7f5a34000000 ---p 00000000 00:00 0 
7f5a37cfc000-7f5a37dfc000 rw-p 00000000 00:00 0 
7f5a37dfc000-7f5a37dfd000 ---p 00000000 00:00 0 
7f5a37dfd000-7f5a37efe000 rw-p 00000000 00:00 0 
7f5a37efe000-7f5a37eff000 ---p 00000000 00:00 0 
7f5a37eff000-7f5a38000000 rw-p 00000000 00:00 0 
7f5a38000000-7f5a38027000 rw-p 00000000 00:00 0 
7f5a38027000-7f5a3c000000 ---p 00000000 00:00 0 
7f5a3c000000-7f5a3c021000 rw-p 00000000 00:00 0 
7f5a3c021000-7f5a40000000 ---p 00000000 00:00 0 
7f5a40000000-7f5a40021000 rw-p 00000000 00:00 0 
7f5a40021000-7f5a44000000 ---p 00000000 00:00 0 
7f5a44000000-7f5a44021000 rw-p 00000000 00:00 0 
7f5a44021000-7f5a48000000 ---p 00000000 00:00 0 
7f5a48000000-7f5a48021000 rw-p 00000000 00:00 0 
7f5a48021000-7f5a4c000000 ---p 00000000 00:00 0 
7f5a4c000000-7f5a4c021000 rw-p 00000000 00:00 0 
7f5a4c021000-7f5a50000000 ---p 00000000 00:00 0 
7f5a50000000-7f5a50424000 rw-p 00000000 00:00 0 
7f5a50424000-7f5a54000000 ---p 00000000 00:00 0 
7f5a54000000-7f5a54021000 rw-p 00000000 00:00 0 
7f5a54021000-7f5a58000000 ---p 00000000 00:00 0 
7f5a58000000-7f5a58021000 rw-p 00000000 00:00 0 
7f5a58021000-7f5a5c000000 ---p 00000000 00:00 0 
7f5a5c000000-7f5a5c21c000 rw-p 00000000 00:00 0 
7f5a5c21c000-7f5a60000000 ---p 00000000 00:00 0 
7f5a60000000-7f5a60021000 rw-p 00000000 00:00 0 
7f5a60021000-7f5a64000000 ---p 00000000 00:00 0 
7f5a64000000-7f5a64021000 rw-p 00000000 00:00 0 
7f5a64021000-7f5a68000000 ---p 00000000 00:00 0 
7f5a68000000-7f5a68021000 rw-p 00000000 00:00 0 
7f5a68021000-7f5a6c000000 ---p 00000000 00:00 0 
7f5a6c000000-7f5a6c021000 rw-p 00000000 00:00 0 
7f5a6c021000-7f5a70000000 ---p 00000000 00:00 0 
7f5a70000000-7f5a70021000 rw-p 00000000 00:00 0 
7f5a70021000-7f5a74000000 ---p 00000000 00:00 0 
7f5a74000000-7f5a74021000 rw-p 00000000 00:00 0 
7f5a74021000-7f5a78000000 ---p 00000000 00:00 0 
7f5a78000000-7f5a782a0000 rw-p 00000000 00:00 0 
7f5a782a0000-7f5a78400000 ---p 00000000 00:00 0 
7f5a78400000-7f5a78620000 rw-p 00000000 00:00 0 
7f5a78620000-7f5a7c000000 ---p 00000000 00:00 0 
7f5a7c000000-7f5a7c021000 rw-p 00000000 00:00 0 
7f5a7c021000-7f5a80000000 ---p 00000000 00:00 0 
7f5a800fc000-7f5a800fd000 ---p 00000000 00:00 0 
7f5a800fd000-7f5a801fe000 rw-p 00000000 00:00 0 
7f5a801fe000-7f5a80202000 ---p 00000000 00:00 0 
7f5a80202000-7f5a802fe000 rw-p 00000000 00:00 0 
7f5a802fe000-7f5a80301000 r--p 00000000 08:02 10365379                   /usr/lib/x86_64-linux-gnu/libresolv.so.2
7f5a80301000-7f5a8030b000 r-xp 00003000 08:02 10365379                   /usr/lib/x86_64-linux-gnu/libresolv.so.2
7f5a8030b000-7f5a8030e000 r--p 0000d000 08:02 10365379                   /usr/lib/x86_64-linux-gnu/libresolv.so.2
7f5a8030e000-7f5a8030f000 r--p 0000f000 08:02 10365379                   /usr/lib/x86_64-linux-gnu/libresolv.so.2
7f5a8030f000-7f5a80310000 rw-p 00010000 08:02 10365379                   /usr/lib/x86_64-linux-gnu/libresolv.so.2
7f5a80310000-7f5a80312000 rw-p 00000000 00:00 0 
7f5a80312000-7f5a80313000 r--p 00000000 08:02 10355681                   /usr/lib/x86_64-linux-gnu/libbrotlicommon.so.1.0.9
7f5a80313000-7f5a80314000 r-xp 00001000 08:02 10355681                   /usr/lib/x86_64-linux-gnu/libbrotlicommon.so.1.0.9
7f5a80314000-7f5a80333000 r--p 00002000 08:02 10355681                   /usr/lib/x86_64-linux-gnu/libbrotlicommon.so.1.0.9
7f5a80333000-7f5a80334000 r--p 00020000 08:02 10355681                   /usr/lib/x86_64-linux-gnu/libbrotlicommon.so.1.0.9
7f5a80334000-7f5a80335000 rw-p 00021000 08:02 10355681                   /usr/lib/x86_64-linux-gnu/libbrotlicommon.so.1.0.9
7f5a80335000-7f5a80356000 r--p 00000000 08:02 10356892                   /usr/lib/x86_64-linux-gnu/libkrb5.so.3.3
7f5a80356000-7f5a803b3000 r-xp 00021000 08:02 10356892                   /usr/lib/x86_64-linux-gnu/libkrb5.so.3.3
7f5a803b3000-7f5a803f0000 r--p 0007e000 08:02 10356892                   /usr/lib/x86_64-linux-gnu/libkrb5.so.3.3
7f5a803f0000-7f5a803f1000 ---p 000bb000 08:02 10356892                   /usr/lib/x86_64-linux-gnu/libkrb5.so.3.3
7f5a803f1000-7f5a803fe000 r--p 000bb000 08:02 10356892                   /usr/lib/x86_64-linux-gnu/libkrb5.so.3.3
7f5a803fe000-7f5a80400000 rw-p 000c8000 08:02 10356892                   /usr/lib/x86_64-linux-gnu/libkrb5.so.3.3
7f5a80400000-7f5a804b2000 r--p 00000000 08:02 10357909                   /usr/lib/x86_64-linux-gnu/libcrypto.so.3
7f5a804b2000-7f5a80710000 r-xp 000b2000 08:02 10357909                   /usr/lib/x86_64-linux-gnu/libcrypto.so.3
7f5a80710000-7f5a807e2000 r--p 00310000 08:02 10357909                   /usr/lib/x86_64-linux-gnu/libcrypto.so.3
7f5a807e2000-7f5a8083d000 r--p 003e1000 08:02 10357909                   /usr/lib/x86_64-linux-gnu/libcrypto.so.3
7f5a8083d000-7f5a80840000 rw-p 0043c000 08:02 10357909                   /usr/lib/x86_64-linux-gnu/libcrypto.so.3
7f5a80840000-7f5a80843000 rw-p 00000000 00:00 0 
7f5a8084f000-7f5a80878000 r--p 00000000 08:02 10356002                   /usr/lib/x86_64-linux-gnu/libp11-kit.so.0.3.0
7f5a80878000-7f5a8091c000 r-xp 00029000 08:02 10356002                   /usr/lib/x86_64-linux-gnu/libp11-kit.so.0.3.0
7f5a8091c000-7f5a80976000 r--p 000cd000 08:02 10356002                   /usr/lib/x86_64-linux-gnu/libp11-kit.so.0.3.0
7f5a80976000-7f5a80980000 r--p 00126000 08:02 10356002                   /usr/lib/x86_64-linux-gnu/libp11-kit.so.0.3.0
7f5a80980000-7f5a8098a000 rw-p 00130000 08:02 10356002                   /usr/lib/x86_64-linux-gnu/libp11-kit.so.0.3.0
7f5a8098a000-7f5a80994000 r--p 00000000 08:02 10357741                   /usr/lib/x86_64-linux-gnu/libgmp.so.10.4.1
7f5a80994000-7f5a809f3000 r-xp 0000a000 08:02 10357741                   /usr/lib/x86_64-linux-gnu/libgmp.so.10.4.1
7f5a809f3000-7f5a80a0a000 r--p 00069000 08:02 10357741                   /usr/lib/x86_64-linux-gnu/libgmp.so.10.4.1
7f5a80a0a000-7f5a80a0b000 r--p 0007f000 08:02 10357741                   /usr/lib/x86_64-linux-gnu/libgmp.so.10.4.1
7f5a80a0b000-7f5a80a0c000 rw-p 00080000 08:02 10357741                   /usr/lib/x86_64-linux-gnu/libgmp.so.10.4.1
7f5a80a0c000-7f5a80a1d000 r--p 00000000 08:02 10360661                   /usr/lib/x86_64-linux-gnu/libunistring.so.2.2.0
7f5a80a1d000-7f5a80a53000 r-xp 00011000 08:02 10360661                   /usr/lib/x86_64-linux-gnu/libunistring.so.2.2.0
7f5a80a53000-7f5a80bb1000 r--p 00047000 08:02 10360661                   /usr/lib/x86_64-linux-gnu/libunistring.so.2.2.0
7f5a80bb1000-7f5a80bb5000 r--p 001a5000 08:02 10360661                   /usr/lib/x86_64-linux-gnu/libunistring.so.2.2.0
7f5a80bb5000-7f5a80bb6000 rw-p 001a9000 08:02 10360661                   /usr/lib/x86_64-linux-gnu/libunistring.so.2.2.0
7f5a80bb6000-7f5a80bc4000 r--p 00000000 08:02 10362052                   /usr/lib/x86_64-linux-gnu/libldap-2.5.so.0.1.9
7f5a80bc4000-7f5a80bfe000 r-xp 0000e000 08:02 10362052                   /usr/lib/x86_64-linux-gnu/libldap-2.5.so.0.1.9
7f5a80bfe000-7f5a80c0f000 r--p 00048000 08:02 10362052                   /usr/lib/x86_64-linux-gnu/libldap-2.5.so.0.1.9
7f5a80c0f000-7f5a80c10000 ---p 00059000 08:02 10362052                   /usr/lib/x86_64-linux-gnu/libldap-2.5.so.0.1.9
7f5a80c10000-7f5a80c12000 r--p 00059000 08:02 10362052                   /usr/lib/x86_64-linux-gnu/libldap-2.5.so.0.1.9
7f5a80c12000-7f5a80c13000 rw-p 0005b000 08:02 10362052                   /usr/lib/x86_64-linux-gnu/libldap-2.5.so.0.1.9
7f5a80c13000-7f5a80c15000 rw-p 00000000 00:00 0 
7f5a80c15000-7f5a80c46000 r--p 00000000 08:02 10357230                   /usr/lib/x86_64-linux-gnu/libgnutls.so.30.31.0
7f5a80c46000-7f5a80d6f000 r-xp 00031000 08:02 10357230                   /usr/lib/x86_64-linux-gnu/libgnutls.so.30.31.0
7f5a80d6f000-7f5a80dec000 r--p 0015a000 08:02 10357230                   /usr/lib/x86_64-linux-gnu/libgnutls.so.30.31.0
7f5a80dec000-7f5a80dfc000 r--p 001d6000 08:02 10357230                   /usr/lib/x86_64-linux-gnu/libgnutls.so.30.31.0
7f5a80dfc000-7f5a80dfe000 rw-p 001e6000 08:02 10357230                   /usr/lib/x86_64-linux-gnu/libgnutls.so.30.31.0
7f5a80dfe000-7f5a80e00000 rw-p 00000000 00:00 0 
7f5a80e00000-7f5a80e78000 r--p 00000000 08:02 10366481                   /usr/lib/x86_64-linux-gnu/libgeos.so.3.10.2
7f5a80e78000-7f5a80fa6000 r-xp 00078000 08:02 10366481                   /usr/lib/x86_64-linux-gnu/libgeos.so.3.10.2
7f5a80fa6000-7f5a81003000 r--p 001a6000 08:02 10366481                   /usr/lib/x86_64-linux-gnu/libgeos.so.3.10.2
7f5a81003000-7f5a8100a000 r--p 00202000 08:02 10366481                   /usr/lib/x86_64-linux-gnu/libgeos.so.3.10.2
7f5a8100a000-7f5a8100b000 rw-p 00209000 08:02 10366481                   /usr/lib/x86_64-linux-gnu/libgeos.so.3.10.2
7f5a81015000-7f5a81018000 r--p 00000000 08:02 10356794                   /usr/lib/x86_64-linux-gnu/libsasl2.so.2.0.25
7f5a81018000-7f5a81029000 r-xp 00003000 08:02 10356794                   /usr/lib/x86_64-linux-gnu/libsasl2.so.2.0.25
7f5a81029000-7f5a8102e000 r--p 00014000 08:02 10356794                   /usr/lib/x86_64-linux-gnu/libsasl2.so.2.0.25
7f5a8102e000-7f5a8102f000 r--p 00018000 08:02 10356794                   /usr/lib/x86_64-linux-gnu/libsasl2.so.2.0.25
7f5a8102f000-7f5a81030000 rw-p 00019000 08:02 10356794                   /usr/lib/x86_64-linux-gnu/libsasl2.so.2.0.25
7f5a81030000-7f5a81034000 r--p 00000000 08:02 10357711                   /usr/lib/x86_64-linux-gnu/libk5crypto.so.3.1
7f5a81034000-7f5a8104f000 r-xp 00004000 08:02 10357711                   /usr/lib/x86_64-linux-gnu/libk5crypto.so.3.1
7f5a8104f000-7f5a8105b000 r--p 0001f000 08:02 10357711                   /usr/lib/x86_64-linux-gnu/libk5crypto.so.3.1
7f5a8105b000-7f5a8105c000 ---p 0002b000 08:02 10357711                   /usr/lib/x86_64-linux-gnu/libk5crypto.so.3.1
7f5a8105c000-7f5a8105d000 r--p 0002b000 08:02 10357711                   /usr/lib/x86_64-linux-gnu/libk5crypto.so.3.1
7f5a8105d000-7f5a8105e000 rw-p 0002c000 08:02 10357711                   /usr/lib/x86_64-linux-gnu/libk5crypto.so.3.1
7f5a8105e000-7f5a8105f000 rw-p 00000000 00:00 0 
7f5a8105f000-7f5a8106a000 r--p 00000000 08:02 10357451                   /usr/lib/x86_64-linux-gnu/libgssapi_krb5.so.2.2
7f5a8106a000-7f5a810a2000 r-xp 0000b000 08:02 10357451                   /usr/lib/x86_64-linux-gnu/libgssapi_krb5.so.2.2
7f5a810a2000-7f5a810ae000 r--p 00043000 08:02 10357451                   /usr/lib/x86_64-linux-gnu/libgssapi_krb5.so.2.2
7f5a810ae000-7f5a810af000 ---p 0004f000 08:02 10357451                   /usr/lib/x86_64-linux-gnu/libgssapi_krb5.so.2.2
7f5a810af000-7f5a810b1000 r--p 0004f000 08:02 10357451                   /usr/lib/x86_64-linux-gnu/libgssapi_krb5.so.2.2
7f5a810b1000-7f5a810b3000 rw-p 00051000 08:02 10357451                   /usr/lib/x86_64-linux-gnu/libgssapi_krb5.so.2.2
7f5a810b3000-7f5a810d1000 r--p 00000000 08:02 10355997                   /usr/lib/x86_64-linux-gnu/libsqlite3.so.0.8.6
7f5a810d1000-7f5a811bd000 r-xp 0001e000 08:02 10355997                   /usr/lib/x86_64-linux-gnu/libsqlite3.so.0.8.6
7f5a811bd000-7f5a811f8000 r--p 0010a000 08:02 10355997                   /usr/lib/x86_64-linux-gnu/libsqlite3.so.0.8.6
7f5a811f8000-7f5a811fc000 r--p 00144000 08:02 10355997                   /usr/lib/x86_64-linux-gnu/libsqlite3.so.0.8.6
7f5a811fc000-7f5a81200000 rw-p 00148000 08:02 10355997                   /usr/lib/x86_64-linux-gnu/libsqlite3.so.0.8.6
7f5a81200000-7f5a8125b000 r--p 00000000 08:02 10360429                   /usr/lib/x86_64-linux-gnu/libgsl.so.27.0.0
7f5a8125b000-7f5a81432000 r-xp 0005b000 08:02 10360429                   /usr/lib/x86_64-linux-gnu/libgsl.so.27.0.0
7f5a81432000-7f5a814ab000 r--p 00232000 08:02 10360429                   /usr/lib/x86_64-linux-gnu/libgsl.so.27.0.0
7f5a814ab000-7f5a814ac000 ---p 002ab000 08:02 10360429                   /usr/lib/x86_64-linux-gnu/libgsl.so.27.0.0
7f5a814ac000-7f5a814b0000 r--p 002ab000 08:02 10360429                   /usr/lib/x86_64-linux-gnu/libgsl.so.27.0.0
7f5a814b0000-7f5a814be000 rw-p 002af000 08:02 10360429                   /usr/lib/x86_64-linux-gnu/libgsl.so.27.0.0
7f5a814be000-7f5a814bf000 rw-p 00000000 00:00 0 
7f5a814ca000-7f5a814d2000 r--p 00000000 08:02 10360657                   /usr/lib/x86_64-linux-gnu/libhogweed.so.6.4
7f5a814d2000-7f5a814e5000 r-xp 00008000 08:02 10360657                   /usr/lib/x86_64-linux-gnu/libhogweed.so.6.4
7f5a814e5000-7f5a8150f000 r--p 0001b000 08:02 10360657                   /usr/lib/x86_64-linux-gnu/libhogweed.so.6.4
7f5a8150f000-7f5a81510000 ---p 00045000 08:02 10360657                   /usr/lib/x86_64-linux-gnu/libhogweed.so.6.4
7f5a81510000-7f5a81511000 r--p 00045000 08:02 10360657                   /usr/lib/x86_64-linux-gnu/libhogweed.so.6.4
7f5a81511000-7f5a81512000 rw-p 00046000 08:02 10360657                   /usr/lib/x86_64-linux-gnu/libhogweed.so.6.4
7f5a81512000-7f5a8151f000 r--p 00000000 08:02 10355513                   /usr/lib/x86_64-linux-gnu/libssh.so.4.8.7
7f5a8151f000-7f5a81562000 r-xp 0000d000 08:02 10355513                   /usr/lib/x86_64-linux-gnu/libssh.so.4.8.7
7f5a81562000-7f5a8157a000 r--p 00050000 08:02 10355513                   /usr/lib/x86_64-linux-gnu/libssh.so.4.8.7
7f5a8157a000-7f5a8157b000 ---p 00068000 08:02 10355513                   /usr/lib/x86_64-linux-gnu/libssh.so.4.8.7
7f5a8157b000-7f5a8157d000 r--p 00068000 08:02 10355513                   /usr/lib/x86_64-linux-gnu/libssh.so.4.8.7
7f5a8157d000-7f5a8157f000 rw-p 0006a000 08:02 10355513                   /usr/lib/x86_64-linux-gnu/libssh.so.4.8.7
7f5a8157f000-7f5a81583000 r--p 00000000 08:02 10355582                   /usr/lib/x86_64-linux-gnu/libjpeg.so.8.2.2
7f5a81583000-7f5a815cc000 r-xp 00004000 08:02 10355582                   /usr/lib/x86_64-linux-gnu/libjpeg.so.8.2.2
7f5a815cc000-7f5a815fe000 r--p 0004d000 08:02 10355582                   /usr/lib/x86_64-linux-gnu/libjpeg.so.8.2.2
7f5a815fe000-7f5a815ff000 r--p 0007e000 08:02 10355582                   /usr/lib/x86_64-linux-gnu/libjpeg.so.8.2.2
7f5a815ff000-7f5a81600000 rw-p 0007f000 08:02 10355582                   /usr/lib/x86_64-linux-gnu/libjpeg.so.8.2.2
7f5a81600000-7f5a81668000 r--p 00000000 08:02 10358220                   /usr/lib/x86_64-linux-gnu/libproj.so.22.2.1
7f5a81668000-7f5a818b7000 r-xp 00068000 08:02 10358220                   /usr/lib/x86_64-linux-gnu/libproj.so.22.2.1
7f5a818b7000-7f5a8194c000 r--p 002b7000 08:02 10358220                   /usr/lib/x86_64-linux-gnu/libproj.so.22.2.1
7f5a8194c000-7f5a8194d000 ---p 0034c000 08:02 10358220                   /usr/lib/x86_64-linux-gnu/libproj.so.22.2.1
7f5a8194d000-7f5a81964000 r--p 0034c000 08:02 10358220                   /usr/lib/x86_64-linux-gnu/libproj.so.22.2.1
7f5a81964000-7f5a81966000 rw-p 00363000 08:02 10358220                   /usr/lib/x86_64-linux-gnu/libproj.so.22.2.1
7f5a81966000-7f5a81969000 rw-p 00000000 00:00 0 
7f5a8196e000-7f5a81970000 r--p 00000000 08:02 10356728                   /usr/lib/x86_64-linux-gnu/libffi.so.8.1.0
7f5a81970000-7f5a81977000 r-xp 00002000 08:02 10356728                   /usr/lib/x86_64-linux-gnu/libffi.so.8.1.0
7f5a81977000-7f5a81978000 r--p 00009000 08:02 10356728                   /usr/lib/x86_64-linux-gnu/libffi.so.8.1.0
7f5a81978000-7f5a81979000 ---p 0000a000 08:02 10356728                   /usr/lib/x86_64-linux-gnu/libffi.so.8.1.0
7f5a81979000-7f5a8197a000 r--p 0000a000 08:02 10356728                   /usr/lib/x86_64-linux-gnu/libffi.so.8.1.0
7f5a8197a000-7f5a8197b000 rw-p 0000b000 08:02 10356728                   /usr/lib/x86_64-linux-gnu/libffi.so.8.1.0
7f5a8197b000-7f5a8197e000 r--p 00000000 08:02 10355637                   /usr/lib/x86_64-linux-gnu/libkrb5support.so.0.1
7f5a8197e000-7f5a81984000 r-xp 00003000 08:02 10355637                   /usr/lib/x86_64-linux-gnu/libkrb5support.so.0.1
7f5a81984000-7f5a81986000 r--p 00009000 08:02 10355637                   /usr/lib/x86_64-linux-gnu/libkrb5support.so.0.1
7f5a81986000-7f5a81987000 ---p 0000b000 08:02 10355637                   /usr/lib/x86_64-linux-gnu/libkrb5support.so.0.1
7f5a81987000-7f5a81988000 r--p 0000b000 08:02 10355637                   /usr/lib/x86_64-linux-gnu/libkrb5support.so.0.1
7f5a81988000-7f5a81989000 rw-p 0000c000 08:02 10355637                   /usr/lib/x86_64-linux-gnu/libkrb5support.so.0.1
7f5a81989000-7f5a8198c000 r--p 00000000 08:02 10361751                   /usr/lib/x86_64-linux-gnu/libtasn1.so.6.6.2
7f5a8198c000-7f5a8199a000 r-xp 00003000 08:02 10361751                   /usr/lib/x86_64-linux-gnu/libtasn1.so.6.6.2
7f5a8199a000-7f5a8199e000 r--p 00011000 08:02 10361751                   /usr/lib/x86_64-linux-gnu/libtasn1.so.6.6.2
7f5a8199e000-7f5a8199f000 ---p 00015000 08:02 10361751                   /usr/lib/x86_64-linux-gnu/libtasn1.so.6.6.2
7f5a8199f000-7f5a819a0000 r--p 00015000 08:02 10361751                   /usr/lib/x86_64-linux-gnu/libtasn1.so.6.6.2
7f5a819a0000-7f5a819a1000 rw-p 00016000 08:02 10361751                   /usr/lib/x86_64-linux-gnu/libtasn1.so.6.6.2
7f5a819a1000-7f5a819a2000 r--p 00000000 08:02 10355683                   /usr/lib/x86_64-linux-gnu/libbrotlidec.so.1.0.9
7f5a819a2000-7f5a819aa000 r-xp 00001000 08:02 10355683                   /usr/lib/x86_64-linux-gnu/libbrotlidec.so.1.0.9
7f5a819aa000-7f5a819ad000 r--p 00009000 08:02 10355683                   /usr/lib/x86_64-linux-gnu/libbrotlidec.so.1.0.9
7f5a819ad000-7f5a819ae000 r--p 0000b000 08:02 10355683                   /usr/lib/x86_64-linux-gnu/libbrotlidec.so.1.0.9
7f5a819ae000-7f5a819af000 rw-p 0000c000 08:02 10355683                   /usr/lib/x86_64-linux-gnu/libbrotlidec.so.1.0.9
7f5a819af000-7f5a819b9000 r--p 00000000 08:02 10354868                   /usr/lib/x86_64-linux-gnu/libzstd.so.1.4.8
7f5a819b9000-7f5a81a6b000 r-xp 0000a000 08:02 10354868                   /usr/lib/x86_64-linux-gnu/libzstd.so.1.4.8
7f5a81a6b000-7f5a81a7c000 r--p 000bc000 08:02 10354868                   /usr/lib/x86_64-linux-gnu/libzstd.so.1.4.8
7f5a81a7c000-7f5a81a7d000 r--p 000cc000 08:02 10354868                   /usr/lib/x86_64-linux-gnu/libzstd.so.1.4.8
7f5a81a7d000-7f5a81a7e000 rw-p 000cd000 08:02 10354868                   /usr/lib/x86_64-linux-gnu/libzstd.so.1.4.8
7f5a81a7e000-7f5a81ab4000 r--p 00000000 08:02 11142841                   /usr/local/lib/libmeos.so
7f5a81ab4000-7f5a81ba8000 r-xp 00036000 08:02 11142841                   /usr/local/lib/libmeos.so
7f5a81ba8000-7f5a81bf3000 r--p 0012a000 08:02 11142841                   /usr/local/lib/libmeos.so
7f5a81bf3000-7f5a81bf4000 ---p 00175000 08:02 11142841                   /usr/local/lib/libmeos.so
7f5a81bf4000-7f5a81bf5000 r--p 00175000 08:02 11142841                   /usr/local/lib/libmeos.so
7f5a81bf5000-7f5a81bfa000 rw-p 00176000 08:02 11142841                   /usr/local/lib/libmeos.so
7f5a81bfa000-7f5a81c00000 rw-p 00000000 00:00 0 
7f5a81c00000-7f5a81c12000 r-xp 00000000 08:02 1705150                    /tmp/jffi674227582749412740.so (deleted)
7f5a81c12000-7f5a81e11000 ---p 00012000 08:02 1705150                    /tmp/jffi674227582749412740.so (deleted)
7f5a81e11000-7f5a81e12000 rw-p 00011000 08:02 1705150                    /tmp/jffi674227582749412740.so (deleted)
7f5a81e12000-7f5a81e14000 r--p 00000000 08:02 10357718                   /usr/lib/x86_64-linux-gnu/libkeyutils.so.1.9
7f5a81e14000-7f5a81e16000 r-xp 00002000 08:02 10357718                   /usr/lib/x86_64-linux-gnu/libkeyutils.so.1.9
7f5a81e16000-7f5a81e17000 r--p 00004000 08:02 10357718                   /usr/lib/x86_64-linux-gnu/libkeyutils.so.1.9
7f5a81e17000-7f5a81e18000 r--p 00004000 08:02 10357718                   /usr/lib/x86_64-linux-gnu/libkeyutils.so.1.9
7f5a81e18000-7f5a81e19000 rw-p 00005000 08:02 10357718                   /usr/lib/x86_64-linux-gnu/libkeyutils.so.1.9
7f5a81e19000-7f5a81e23000 r--p 00000000 08:02 10355057                   /usr/lib/x86_64-linux-gnu/libnettle.so.8.4
7f5a81e23000-7f5a81e46000 r-xp 0000a000 08:02 10355057                   /usr/lib/x86_64-linux-gnu/libnettle.so.8.4
7f5a81e46000-7f5a81e5c000 r--p 0002d000 08:02 10355057                   /usr/lib/x86_64-linux-gnu/libnettle.so.8.4
7f5a81e5c000-7f5a81e5e000 r--p 00042000 08:02 10355057                   /usr/lib/x86_64-linux-gnu/libnettle.so.8.4
7f5a81e5e000-7f5a81e5f000 rw-p 00044000 08:02 10355057                   /usr/lib/x86_64-linux-gnu/libnettle.so.8.4
7f5a81e5f000-7f5a81e61000 r--p 00000000 08:02 10361503                   /usr/lib/x86_64-linux-gnu/libpsl.so.5.3.2
7f5a81e61000-7f5a81e63000 r-xp 00002000 08:02 10361503                   /usr/lib/x86_64-linux-gnu/libpsl.so.5.3.2
7f5a81e63000-7f5a81e71000 r--p 00004000 08:02 10361503                   /usr/lib/x86_64-linux-gnu/libpsl.so.5.3.2
7f5a81e71000-7f5a81e72000 r--p 00011000 08:02 10361503                   /usr/lib/x86_64-linux-gnu/libpsl.so.5.3.2
7f5a81e72000-7f5a81e73000 rw-p 00012000 08:02 10361503                   /usr/lib/x86_64-linux-gnu/libpsl.so.5.3.2
7f5a81e73000-7f5a81e78000 r--p 00000000 08:02 10355338                   /usr/lib/x86_64-linux-gnu/librtmp.so.1
7f5a81e78000-7f5a81e88000 r-xp 00005000 08:02 10355338                   /usr/lib/x86_64-linux-gnu/librtmp.so.1
7f5a81e88000-7f5a81e8f000 r--p 00015000 08:02 10355338                   /usr/lib/x86_64-linux-gnu/librtmp.so.1
7f5a81e8f000-7f5a81e90000 ---p 0001c000 08:02 10355338                   /usr/lib/x86_64-linux-gnu/librtmp.so.1
7f5a81e90000-7f5a81e91000 r--p 0001c000 08:02 10355338                   /usr/lib/x86_64-linux-gnu/librtmp.so.1
7f5a81e91000-7f5a81e92000 rw-p 0001d000 08:02 10355338                   /usr/lib/x86_64-linux-gnu/librtmp.so.1
7f5a81e92000-7f5a81e94000 r--p 00000000 08:02 10358223                   /usr/lib/x86_64-linux-gnu/libwebp.so.7.1.3
7f5a81e94000-7f5a81ee9000 r-xp 00002000 08:02 10358223                   /usr/lib/x86_64-linux-gnu/libwebp.so.7.1.3
7f5a81ee9000-7f5a81efa000 r--p 00057000 08:02 10358223                   /usr/lib/x86_64-linux-gnu/libwebp.so.7.1.3
7f5a81efa000-7f5a81efb000 r--p 00067000 08:02 10358223                   /usr/lib/x86_64-linux-gnu/libwebp.so.7.1.3
7f5a81efb000-7f5a81efc000 rw-p 00068000 08:02 10358223                   /usr/lib/x86_64-linux-gnu/libwebp.so.7.1.3
7f5a81efc000-7f5a81efe000 rw-p 00000000 00:00 0 
7f5a81efe000-7f5a81eff000 ---p 00000000 00:00 0 
7f5a81eff000-7f5a84000000 rw-p 00000000 00:00 0 
7f5a84000000-7f5a84021000 rw-p 00000000 00:00 0 
7f5a84021000-7f5a88000000 ---p 00000000 00:00 0 
7f5a88000000-7f5a88021000 rw-p 00000000 00:00 0 
7f5a88021000-7f5a8c000000 ---p 00000000 00:00 0 
7f5a8c000000-7f5a8c021000 rw-p 00000000 00:00 0 
7f5a8c021000-7f5a90000000 ---p 00000000 00:00 0 
7f5a90002000-7f5a90005000 r--p 00000000 08:02 10355303                   /usr/lib/x86_64-linux-gnu/liblber-2.5.so.0.1.9
7f5a90005000-7f5a9000d000 r-xp 00003000 08:02 10355303                   /usr/lib/x86_64-linux-gnu/liblber-2.5.so.0.1.9
7f5a9000d000-7f5a90010000 r--p 0000b000 08:02 10355303                   /usr/lib/x86_64-linux-gnu/liblber-2.5.so.0.1.9
7f5a90010000-7f5a90011000 ---p 0000e000 08:02 10355303                   /usr/lib/x86_64-linux-gnu/liblber-2.5.so.0.1.9
7f5a90011000-7f5a90012000 r--p 0000e000 08:02 10355303                   /usr/lib/x86_64-linux-gnu/liblber-2.5.so.0.1.9
7f5a90012000-7f5a90013000 rw-p 0000f000 08:02 10355303                   /usr/lib/x86_64-linux-gnu/liblber-2.5.so.0.1.9
7f5a90013000-7f5a90015000 r--p 00000000 08:02 10361325                   /usr/lib/x86_64-linux-gnu/libidn2.so.0.3.7
7f5a90015000-7f5a90019000 r-xp 00002000 08:02 10361325                   /usr/lib/x86_64-linux-gnu/libidn2.so.0.3.7
7f5a90019000-7f5a90032000 r--p 00006000 08:02 10361325                   /usr/lib/x86_64-linux-gnu/libidn2.so.0.3.7
7f5a90032000-7f5a90033000 r--p 0001e000 08:02 10361325                   /usr/lib/x86_64-linux-gnu/libidn2.so.0.3.7
7f5a90033000-7f5a90034000 rw-p 0001f000 08:02 10361325                   /usr/lib/x86_64-linux-gnu/libidn2.so.0.3.7
7f5a90034000-7f5a90039000 r--p 00000000 08:02 10354889                   /usr/lib/x86_64-linux-gnu/libnghttp2.so.14.20.1
7f5a90039000-7f5a9004e000 r-xp 00005000 08:02 10354889                   /usr/lib/x86_64-linux-gnu/libnghttp2.so.14.20.1
7f5a9004e000-7f5a9005a000 r--p 0001a000 08:02 10354889                   /usr/lib/x86_64-linux-gnu/libnghttp2.so.14.20.1
7f5a9005a000-7f5a9005d000 r--p 00025000 08:02 10354889                   /usr/lib/x86_64-linux-gnu/libnghttp2.so.14.20.1
7f5a9005d000-7f5a9005e000 rw-p 00028000 08:02 10354889                   /usr/lib/x86_64-linux-gnu/libnghttp2.so.14.20.1
7f5a9005e000-7f5a9006c000 r--p 00000000 08:02 10355046                   /usr/lib/x86_64-linux-gnu/libcurl-gnutls.so.4.7.0
7f5a9006c000-7f5a900de000 r-xp 0000e000 08:02 10355046                   /usr/lib/x86_64-linux-gnu/libcurl-gnutls.so.4.7.0
7f5a900de000-7f5a900f9000 r--p 00080000 08:02 10355046                   /usr/lib/x86_64-linux-gnu/libcurl-gnutls.so.4.7.0
7f5a900f9000-7f5a900fd000 r--p 0009a000 08:02 10355046                   /usr/lib/x86_64-linux-gnu/libcurl-gnutls.so.4.7.0
7f5a900fd000-7f5a900ff000 rw-p 0009e000 08:02 10355046                   /usr/lib/x86_64-linux-gnu/libcurl-gnutls.so.4.7.0
7f5a900ff000-7f5a90100000 rw-p 00000000 00:00 0 
7f5a90100000-7f5a90104000 ---p 00000000 00:00 0 
7f5a90104000-7f5a90200000 rw-p 00000000 00:00 0 
7f5a90200000-7f5a90204000 ---p 00000000 00:00 0 
7f5a90204000-7f5a90300000 rw-p 00000000 00:00 0 
7f5a90300000-7f5a90304000 ---p 00000000 00:00 0 
7f5a90304000-7f5a90400000 rw-p 00000000 00:00 0 
7f5a90400000-7f5a90404000 ---p 00000000 00:00 0 
7f5a90404000-7f5a90500000 rw-p 00000000 00:00 0 
7f5a90500000-7f5a90504000 ---p 00000000 00:00 0 
7f5a90504000-7f5a90600000 rw-p 00000000 00:00 0 
7f5a90600000-7f5a90604000 ---p 00000000 00:00 0 
7f5a90604000-7f5a90700000 rw-p 00000000 00:00 0 
7f5a90700000-7f5a90704000 ---p 00000000 00:00 0 
7f5a90704000-7f5a90800000 rw-p 00000000 00:00 0 
7f5a90800000-7f5a90804000 ---p 00000000 00:00 0 
7f5a90804000-7f5a90900000 rw-p 00000000 00:00 0 
7f5a90900000-7f5a90904000 ---p 00000000 00:00 0 
7f5a90904000-7f5a90a00000 rw-p 00000000 00:00 0 
7f5a90a00000-7f5a911f0000 r--p 00000000 08:02 10356383                   /usr/lib/locale/locale-archive
7f5a911f1000-7f5a911f3000 r--p 00000000 08:02 10357716                   /usr/lib/x86_64-linux-gnu/libcom_err.so.2.1
7f5a911f3000-7f5a911f4000 r-xp 00002000 08:02 10357716                   /usr/lib/x86_64-linux-gnu/libcom_err.so.2.1
7f5a911f4000-7f5a911f5000 r--p 00003000 08:02 10357716                   /usr/lib/x86_64-linux-gnu/libcom_err.so.2.1
7f5a911f5000-7f5a911f6000 r--p 00003000 08:02 10357716                   /usr/lib/x86_64-linux-gnu/libcom_err.so.2.1
7f5a911f6000-7f5a911f7000 rw-p 00004000 08:02 10357716                   /usr/lib/x86_64-linux-gnu/libcom_err.so.2.1
7f5a911f7000-7f5a911f8000 r--p 00000000 08:02 10355584                   /usr/lib/x86_64-linux-gnu/libdeflate.so.0
7f5a911f8000-7f5a91214000 r-xp 00001000 08:02 10355584                   /usr/lib/x86_64-linux-gnu/libdeflate.so.0
7f5a91214000-7f5a91218000 r--p 0001d000 08:02 10355584                   /usr/lib/x86_64-linux-gnu/libdeflate.so.0
7f5a91218000-7f5a91219000 ---p 00021000 08:02 10355584                   /usr/lib/x86_64-linux-gnu/libdeflate.so.0
7f5a91219000-7f5a9121a000 r--p 00021000 08:02 10355584                   /usr/lib/x86_64-linux-gnu/libdeflate.so.0
7f5a9121a000-7f5a9121b000 rw-p 00022000 08:02 10355584                   /usr/lib/x86_64-linux-gnu/libdeflate.so.0
7f5a9121b000-7f5a9121d000 r--p 00000000 08:02 10355587                   /usr/lib/x86_64-linux-gnu/libjbig.so.0
7f5a9121d000-7f5a91226000 r-xp 00002000 08:02 10355587                   /usr/lib/x86_64-linux-gnu/libjbig.so.0
7f5a91226000-7f5a91228000 r--p 0000b000 08:02 10355587                   /usr/lib/x86_64-linux-gnu/libjbig.so.0
7f5a91228000-7f5a91229000 r--p 0000c000 08:02 10355587                   /usr/lib/x86_64-linux-gnu/libjbig.so.0
7f5a91229000-7f5a9122c000 rw-p 0000d000 08:02 10355587                   /usr/lib/x86_64-linux-gnu/libjbig.so.0
7f5a9122c000-7f5a9122f000 r--p 00000000 08:02 10359160                   /usr/lib/x86_64-linux-gnu/liblzma.so.5.2.5
7f5a9122f000-7f5a9124a000 r-xp 00003000 08:02 10359160                   /usr/lib/x86_64-linux-gnu/liblzma.so.5.2.5
7f5a9124a000-7f5a91255000 r--p 0001e000 08:02 10359160                   /usr/lib/x86_64-linux-gnu/liblzma.so.5.2.5
7f5a91255000-7f5a91256000 r--p 00028000 08:02 10359160                   /usr/lib/x86_64-linux-gnu/liblzma.so.5.2.5
7f5a91256000-7f5a91257000 rw-p 00029000 08:02 10359160                   /usr/lib/x86_64-linux-gnu/liblzma.so.5.2.5
7f5a91257000-7f5a9125f000 r--p 00000000 08:02 10358811                   /usr/lib/x86_64-linux-gnu/libtiff.so.5.7.0
7f5a9125f000-7f5a912a7000 r-xp 00008000 08:02 10358811                   /usr/lib/x86_64-linux-gnu/libtiff.so.5.7.0
7f5a912a7000-7f5a912d7000 r--p 00050000 08:02 10358811                   /usr/lib/x86_64-linux-gnu/libtiff.so.5.7.0
7f5a912d7000-7f5a912dc000 r--p 0007f000 08:02 10358811                   /usr/lib/x86_64-linux-gnu/libtiff.so.5.7.0
7f5a912dc000-7f5a912dd000 rw-p 00084000 08:02 10358811                   /usr/lib/x86_64-linux-gnu/libtiff.so.5.7.0
7f5a912dd000-7f5a912e1000 ---p 00000000 00:00 0 
7f5a912e1000-7f5a913dd000 rw-p 00000000 00:00 0 
7f5a913dd000-7f5a913e1000 ---p 00000000 00:00 0 
7f5a913e1000-7f5a914dd000 rw-p 00000000 00:00 0 
7f5a914dd000-7f5a914de000 ---p 00000000 00:00 0 
7f5a914de000-7f5a915df000 rw-p 00000000 00:00 0 
7f5a915df000-7f5a915e4000 r--p 00000000 08:02 10491564                   /usr/lib/jvm/java-17-openjdk-amd64/lib/libjsvml.so
7f5a915e4000-7f5a91625000 r-xp 00005000 08:02 10491564                   /usr/lib/jvm/java-17-openjdk-amd64/lib/libjsvml.so
7f5a91625000-7f5a916ae000 r--p 00046000 08:02 10491564                   /usr/lib/jvm/java-17-openjdk-amd64/lib/libjsvml.so
7f5a916ae000-7f5a916af000 r--p 000ce000 08:02 10491564                   /usr/lib/jvm/java-17-openjdk-amd64/lib/libjsvml.so
7f5a916af000-7f5a916b0000 rw-p 000cf000 08:02 10491564                   /usr/lib/jvm/java-17-openjdk-amd64/lib/libjsvml.so
7f5a916b0000-7f5a918a0000 rw-p 00000000 00:00 0 
7f5a918a0000-7f5a93550000 ---p 00000000 00:00 0 
7f5a93550000-7f5a93748000 rw-p 00000000 00:00 0 
7f5a93748000-7f5a953f8000 ---p 00000000 00:00 0 
7f5a953f8000-7f5a95400000 rw-p 00000000 00:00 0 
7f5a95400000-7f5a95670000 rwxp 00000000 00:00 0 
7f5a95670000-7f5a9c937000 ---p 00000000 00:00 0 
7f5a9c937000-7f5a9cba7000 rwxp 00000000 00:00 0 
7f5a9cba7000-7f5a9cec8000 ---p 00000000 00:00 0 
7f5a9cec8000-7f5a9d138000 rwxp 00000000 00:00 0 
7f5a9d138000-7f5aa4400000 ---p 00000000 00:00 0 
7f5aa4400000-7f5aabe43000 r--s 00000000 08:02 10491594                   /usr/lib/jvm/java-17-openjdk-amd64/lib/modules
7f5aabe45000-7f5aabe48000 r--p 00000000 08:02 10360435                   /usr/lib/x86_64-linux-gnu/libgslcblas.so.0.0.0
7f5aabe48000-7f5aabe81000 r-xp 00003000 08:02 10360435                   /usr/lib/x86_64-linux-gnu/libgslcblas.so.0.0.0
7f5aabe81000-7f5aabe85000 r--p 0003c000 08:02 10360435                   /usr/lib/x86_64-linux-gnu/libgslcblas.so.0.0.0
7f5aabe85000-7f5aabe86000 r--p 0003f000 08:02 10360435                   /usr/lib/x86_64-linux-gnu/libgslcblas.so.0.0.0
7f5aabe86000-7f5aabe87000 rw-p 00040000 08:02 10360435                   /usr/lib/x86_64-linux-gnu/libgslcblas.so.0.0.0
7f5aabe87000-7f5aabe96000 r--p 00000000 08:02 10366483                   /usr/lib/x86_64-linux-gnu/libgeos_c.so.1.16.0
7f5aabe96000-7f5aabeb6000 r-xp 0000f000 08:02 10366483                   /usr/lib/x86_64-linux-gnu/libgeos_c.so.1.16.0
7f5aabeb6000-7f5aabec3000 r--p 0002f000 08:02 10366483                   /usr/lib/x86_64-linux-gnu/libgeos_c.so.1.16.0
7f5aabec3000-7f5aabec4000 ---p 0003c000 08:02 10366483                   /usr/lib/x86_64-linux-gnu/libgeos_c.so.1.16.0
7f5aabec4000-7f5aabec5000 r--p 0003c000 08:02 10366483                   /usr/lib/x86_64-linux-gnu/libgeos_c.so.1.16.0
7f5aabec5000-7f5aabec6000 rw-p 0003d000 08:02 10366483                   /usr/lib/x86_64-linux-gnu/libgeos_c.so.1.16.0
7f5aabec6000-7f5aabeca000 r--p 00000000 08:02 10355662                   /usr/lib/x86_64-linux-gnu/libjson-c.so.5.1.0
7f5aabeca000-7f5aabed3000 r-xp 00004000 08:02 10355662                   /usr/lib/x86_64-linux-gnu/libjson-c.so.5.1.0
7f5aabed3000-7f5aabed6000 r--p 0000d000 08:02 10355662                   /usr/lib/x86_64-linux-gnu/libjson-c.so.5.1.0
7f5aabed6000-7f5aabed7000 ---p 00010000 08:02 10355662                   /usr/lib/x86_64-linux-gnu/libjson-c.so.5.1.0
7f5aabed7000-7f5aabed8000 r--p 00010000 08:02 10355662                   /usr/lib/x86_64-linux-gnu/libjson-c.so.5.1.0
7f5aabed8000-7f5aabed9000 rw-p 00011000 08:02 10355662                   /usr/lib/x86_64-linux-gnu/libjson-c.so.5.1.0
7f5aabed9000-7f5aabefe000 r--p 00000000 08:02 12591460                   /usr/share/locale-langpack/fr/LC_MESSAGES/libc.mo
7f5aabefe000-7f5aabeff000 ---p 00000000 00:00 0 
7f5aabeff000-7f5aac000000 rw-p 00000000 00:00 0 
7f5aac000000-7f5aac4f7000 rw-p 00000000 00:00 0 
7f5aac4f7000-7f5ab0000000 ---p 00000000 00:00 0 
7f5ab001a000-7f5ab009b000 rw-p 00000000 00:00 0 
7f5ab009b000-7f5ab009c000 ---p 00000000 00:00 0 
7f5ab009c000-7f5ab05a1000 rw-p 00000000 00:00 0 
7f5ab05a1000-7f5ab05a2000 ---p 00000000 00:00 0 
7f5ab05a2000-7f5ab06a3000 rw-p 00000000 00:00 0 
7f5ab06a3000-7f5ab06a4000 ---p 00000000 00:00 0 
7f5ab06a4000-7f5ab07a5000 rw-p 00000000 00:00 0 
7f5ab07a5000-7f5ab07a6000 ---p 00000000 00:00 0 
7f5ab07a6000-7f5ab08e5000 rw-p 00000000 00:00 0 
7f5ab08e5000-7f5ab0c7b000 ---p 00000000 00:00 0 
7f5ab0c7b000-7f5ab0cba000 rw-p 00000000 00:00 0 
7f5ab0cba000-7f5ab1050000 ---p 00000000 00:00 0 
7f5ab1050000-7f5ab108f000 rw-p 00000000 00:00 0 
7f5ab108f000-7f5ab1425000 ---p 00000000 00:00 0 
7f5ab1425000-7f5ab182f000 rw-p 00000000 00:00 0 
7f5ab182f000-7f5ab1915000 ---p 00000000 00:00 0 
7f5ab1915000-7f5ab191a000 rw-p 00000000 00:00 0 
7f5ab191a000-7f5ab1a00000 ---p 00000000 00:00 0 
7f5ab1a00000-7f5ab1a9a000 r--p 00000000 08:02 10354705                   /usr/lib/x86_64-linux-gnu/libstdc++.so.6.0.30
7f5ab1a9a000-7f5ab1baa000 r-xp 0009a000 08:02 10354705                   /usr/lib/x86_64-linux-gnu/libstdc++.so.6.0.30
7f5ab1baa000-7f5ab1c19000 r--p 001aa000 08:02 10354705                   /usr/lib/x86_64-linux-gnu/libstdc++.so.6.0.30
7f5ab1c19000-7f5ab1c24000 r--p 00218000 08:02 10354705                   /usr/lib/x86_64-linux-gnu/libstdc++.so.6.0.30
7f5ab1c24000-7f5ab1c27000 rw-p 00223000 08:02 10354705                   /usr/lib/x86_64-linux-gnu/libstdc++.so.6.0.30
7f5ab1c27000-7f5ab1c2a000 rw-p 00000000 00:00 0 
7f5ab1c2f000-7f5ab1c36000 r--s 00000000 08:02 11013395                   /usr/lib/x86_64-linux-gnu/gconv/gconv-modules.cache
7f5ab1c36000-7f5ab1c3a000 r--p 00000000 08:02 10491576                   /usr/lib/jvm/java-17-openjdk-amd64/lib/libnet.so
7f5ab1c3a000-7f5ab1c48000 r-xp 00004000 08:02 10491576                   /usr/lib/jvm/java-17-openjdk-amd64/lib/libnet.so
7f5ab1c48000-7f5ab1c4c000 r--p 00012000 08:02 10491576                   /usr/lib/jvm/java-17-openjdk-amd64/lib/libnet.so
7f5ab1c4c000-7f5ab1c4d000 r--p 00015000 08:02 10491576                   /usr/lib/jvm/java-17-openjdk-amd64/lib/libnet.so
7f5ab1c4d000-7f5ab1c4e000 rw-p 00016000 08:02 10491576                   /usr/lib/jvm/java-17-openjdk-amd64/lib/libnet.so
7f5ab1c4e000-7f5ab1c54000 r--p 00000000 08:02 10491578                   /usr/lib/jvm/java-17-openjdk-amd64/lib/libnio.so
7f5ab1c54000-7f5ab1c5d000 r-xp 00006000 08:02 10491578                   /usr/lib/jvm/java-17-openjdk-amd64/lib/libnio.so
7f5ab1c5d000-7f5ab1c61000 r--p 0000f000 08:02 10491578                   /usr/lib/jvm/java-17-openjdk-amd64/lib/libnio.so
7f5ab1c61000-7f5ab1c62000 ---p 00013000 08:02 10491578                   /usr/lib/jvm/java-17-openjdk-amd64/lib/libnio.so
7f5ab1c62000-7f5ab1c63000 r--p 00013000 08:02 10491578                   /usr/lib/jvm/java-17-openjdk-amd64/lib/libnio.so
7f5ab1c63000-7f5ab1c64000 rw-p 00014000 08:02 10491578                   /usr/lib/jvm/java-17-openjdk-amd64/lib/libnio.so
7f5ab1c64000-7f5ab1d00000 rw-p 00000000 00:00 0 
7f5ab1d00000-7f5ab1d04000 ---p 00000000 00:00 0 
7f5ab1d04000-7f5ab1e00000 rw-p 00000000 00:00 0 
7f5ab1e00000-7f5ab2050000 r--p 00000000 08:02 10491606                   /usr/lib/jvm/java-17-openjdk-amd64/lib/server/libjvm.so
7f5ab2050000-7f5ab2dd4000 r-xp 00250000 08:02 10491606                   /usr/lib/jvm/java-17-openjdk-amd64/lib/server/libjvm.so
7f5ab2dd4000-7f5ab3057000 r--p 00fd4000 08:02 10491606                   /usr/lib/jvm/java-17-openjdk-amd64/lib/server/libjvm.so
7f5ab3057000-7f5ab310f000 r--p 01256000 08:02 10491606                   /usr/lib/jvm/java-17-openjdk-amd64/lib/server/libjvm.so
7f5ab310f000-7f5ab3144000 rw-p 0130e000 08:02 10491606                   /usr/lib/jvm/java-17-openjdk-amd64/lib/server/libjvm.so
7f5ab3144000-7f5ab319e000 rw-p 00000000 00:00 0 
7f5ab319e000-7f5ab31a2000 r--p 00000000 08:02 10491590                   /usr/lib/jvm/java-17-openjdk-amd64/lib/libverify.so
7f5ab31a2000-7f5ab31a9000 r-xp 00004000 08:02 10491590                   /usr/lib/jvm/java-17-openjdk-amd64/lib/libverify.so
7f5ab31a9000-7f5ab31ab000 r--p 0000b000 08:02 10491590                   /usr/lib/jvm/java-17-openjdk-amd64/lib/libverify.so
7f5ab31ab000-7f5ab31ad000 r--p 0000c000 08:02 10491590                   /usr/lib/jvm/java-17-openjdk-amd64/lib/libverify.so
7f5ab31ad000-7f5ab31ae000 rw-p 0000e000 08:02 10491590                   /usr/lib/jvm/java-17-openjdk-amd64/lib/libverify.so
7f5ab31ae000-7f5ab31af000 r--p 00000000 08:02 10491501                   /usr/lib/jvm/java-17-openjdk-amd64/lib/libextnet.so
7f5ab31af000-7f5ab31b0000 r-xp 00001000 08:02 10491501                   /usr/lib/jvm/java-17-openjdk-amd64/lib/libextnet.so
7f5ab31b0000-7f5ab31b1000 r--p 00002000 08:02 10491501                   /usr/lib/jvm/java-17-openjdk-amd64/lib/libextnet.so
7f5ab31b1000-7f5ab31b2000 r--p 00002000 08:02 10491501                   /usr/lib/jvm/java-17-openjdk-amd64/lib/libextnet.so
7f5ab31b2000-7f5ab31b3000 rw-p 00003000 08:02 10491501                   /usr/lib/jvm/java-17-openjdk-amd64/lib/libextnet.so
7f5ab31b3000-7f5ab31b5000 r--p 00000000 08:02 10491592                   /usr/lib/jvm/java-17-openjdk-amd64/lib/libzip.so
7f5ab31b5000-7f5ab31ba000 r-xp 00002000 08:02 10491592                   /usr/lib/jvm/java-17-openjdk-amd64/lib/libzip.so
7f5ab31ba000-7f5ab31bc000 r--p 00007000 08:02 10491592                   /usr/lib/jvm/java-17-openjdk-amd64/lib/libzip.so
7f5ab31bc000-7f5ab31bd000 r--p 00008000 08:02 10491592                   /usr/lib/jvm/java-17-openjdk-amd64/lib/libzip.so
7f5ab31bd000-7f5ab31be000 rw-p 00009000 08:02 10491592                   /usr/lib/jvm/java-17-openjdk-amd64/lib/libzip.so
7f5ab31be000-7f5ab3200000 rw-p 00000000 00:00 0 
7f5ab3200000-7f5ab3228000 r--p 00000000 08:02 10365356                   /usr/lib/x86_64-linux-gnu/libc.so.6
7f5ab3228000-7f5ab33bd000 r-xp 00028000 08:02 10365356                   /usr/lib/x86_64-linux-gnu/libc.so.6
7f5ab33bd000-7f5ab3415000 r--p 001bd000 08:02 10365356                   /usr/lib/x86_64-linux-gnu/libc.so.6
7f5ab3415000-7f5ab3419000 r--p 00214000 08:02 10365356                   /usr/lib/x86_64-linux-gnu/libc.so.6
7f5ab3419000-7f5ab341b000 rw-p 00218000 08:02 10365356                   /usr/lib/x86_64-linux-gnu/libc.so.6
7f5ab341b000-7f5ab342d000 rw-p 00000000 00:00 0 
7f5ab342d000-7f5ab3434000 ---p 00000000 00:00 0 
7f5ab3434000-7f5ab3440000 r--p 00000000 08:02 10491515                   /usr/lib/jvm/java-17-openjdk-amd64/lib/libjava.so
7f5ab3440000-7f5ab3453000 r-xp 0000c000 08:02 10491515                   /usr/lib/jvm/java-17-openjdk-amd64/lib/libjava.so
7f5ab3453000-7f5ab3459000 r--p 0001f000 08:02 10491515                   /usr/lib/jvm/java-17-openjdk-amd64/lib/libjava.so
7f5ab3459000-7f5ab345a000 r--p 00024000 08:02 10491515                   /usr/lib/jvm/java-17-openjdk-amd64/lib/libjava.so
7f5ab345a000-7f5ab345b000 rw-p 00025000 08:02 10491515                   /usr/lib/jvm/java-17-openjdk-amd64/lib/libjava.so
7f5ab345b000-7f5ab345c000 rw-p 00000000 00:00 0 
7f5ab345c000-7f5ab345d000 r--p 00000000 08:02 10491505                   /usr/lib/jvm/java-17-openjdk-amd64/lib/libinstrument.so
7f5ab345d000-7f5ab3463000 r-xp 00001000 08:02 10491505                   /usr/lib/jvm/java-17-openjdk-amd64/lib/libinstrument.so
7f5ab3463000-7f5ab3466000 r--p 00007000 08:02 10491505                   /usr/lib/jvm/java-17-openjdk-amd64/lib/libinstrument.so
7f5ab3466000-7f5ab3467000 r--p 00009000 08:02 10491505                   /usr/lib/jvm/java-17-openjdk-amd64/lib/libinstrument.so
7f5ab3467000-7f5ab3468000 rw-p 0000a000 08:02 10491505                   /usr/lib/jvm/java-17-openjdk-amd64/lib/libinstrument.so
7f5ab3468000-7f5ab346b000 r--p 00000000 08:02 10354703                   /usr/lib/x86_64-linux-gnu/libgcc_s.so.1
7f5ab346b000-7f5ab3482000 r-xp 00003000 08:02 10354703                   /usr/lib/x86_64-linux-gnu/libgcc_s.so.1
7f5ab3482000-7f5ab3486000 r--p 0001a000 08:02 10354703                   /usr/lib/x86_64-linux-gnu/libgcc_s.so.1
7f5ab3486000-7f5ab3487000 r--p 0001d000 08:02 10354703                   /usr/lib/x86_64-linux-gnu/libgcc_s.so.1
7f5ab3487000-7f5ab3488000 rw-p 0001e000 08:02 10354703                   /usr/lib/x86_64-linux-gnu/libgcc_s.so.1
7f5ab3488000-7f5ab3496000 r--p 00000000 08:02 10365361                   /usr/lib/x86_64-linux-gnu/libm.so.6
7f5ab3496000-7f5ab3512000 r-xp 0000e000 08:02 10365361                   /usr/lib/x86_64-linux-gnu/libm.so.6
7f5ab3512000-7f5ab356d000 r--p 0008a000 08:02 10365361                   /usr/lib/x86_64-linux-gnu/libm.so.6
7f5ab356d000-7f5ab356e000 r--p 000e4000 08:02 10365361                   /usr/lib/x86_64-linux-gnu/libm.so.6
7f5ab356e000-7f5ab356f000 rw-p 000e5000 08:02 10365361                   /usr/lib/x86_64-linux-gnu/libm.so.6
7f5ab356f000-7f5ab3572000 rw-p 00000000 00:00 0 
7f5ab3572000-7f5ab3574000 r--p 00000000 08:02 10354880                   /usr/lib/x86_64-linux-gnu/libz.so.1.2.11
7f5ab3574000-7f5ab3585000 r-xp 00002000 08:02 10354880                   /usr/lib/x86_64-linux-gnu/libz.so.1.2.11
7f5ab3585000-7f5ab358b000 r--p 00013000 08:02 10354880                   /usr/lib/x86_64-linux-gnu/libz.so.1.2.11
7f5ab358b000-7f5ab358c000 ---p 00019000 08:02 10354880                   /usr/lib/x86_64-linux-gnu/libz.so.1.2.11
7f5ab358c000-7f5ab358d000 r--p 00019000 08:02 10354880                   /usr/lib/x86_64-linux-gnu/libz.so.1.2.11
7f5ab358d000-7f5ab358e000 rw-p 0001a000 08:02 10354880                   /usr/lib/x86_64-linux-gnu/libz.so.1.2.11
7f5ab358e000-7f5ab3590000 rw-p 00000000 00:00 0 
7f5ab3590000-7f5ab3591000 r-xp 00000000 00:00 0 
7f5ab3591000-7f5ab3599000 rw-s 00000000 08:02 1967416                    /tmp/hsperfdata_nidhal/52177
7f5ab3599000-7f5ab359a000 ---p 00000000 00:00 0 
7f5ab359a000-7f5ab359b000 r--p 00000000 00:00 0 
7f5ab359b000-7f5ab359d000 r--p 00000000 08:02 10491521                   /usr/lib/jvm/java-17-openjdk-amd64/lib/libjimage.so
7f5ab359d000-7f5ab35a0000 r-xp 00002000 08:02 10491521                   /usr/lib/jvm/java-17-openjdk-amd64/lib/libjimage.so
7f5ab35a0000-7f5ab35a1000 r--p 00005000 08:02 10491521                   /usr/lib/jvm/java-17-openjdk-amd64/lib/libjimage.so
7f5ab35a1000-7f5ab35a2000 ---p 00006000 08:02 10491521                   /usr/lib/jvm/java-17-openjdk-amd64/lib/libjimage.so
7f5ab35a2000-7f5ab35a3000 r--p 00006000 08:02 10491521                   /usr/lib/jvm/java-17-openjdk-amd64/lib/libjimage.so
7f5ab35a3000-7f5ab35a4000 rw-p 00007000 08:02 10491521                   /usr/lib/jvm/java-17-openjdk-amd64/lib/libjimage.so
7f5ab35a4000-7f5ab35a6000 r--p 00000000 08:02 10491523                   /usr/lib/jvm/java-17-openjdk-amd64/lib/libjli.so
7f5ab35a6000-7f5ab35b0000 r-xp 00002000 08:02 10491523                   /usr/lib/jvm/java-17-openjdk-amd64/lib/libjli.so
7f5ab35b0000-7f5ab35b3000 r--p 0000c000 08:02 10491523                   /usr/lib/jvm/java-17-openjdk-amd64/lib/libjli.so
7f5ab35b3000-7f5ab35b4000 r--p 0000e000 08:02 10491523                   /usr/lib/jvm/java-17-openjdk-amd64/lib/libjli.so
7f5ab35b4000-7f5ab35b5000 rw-p 0000f000 08:02 10491523                   /usr/lib/jvm/java-17-openjdk-amd64/lib/libjli.so
7f5ab35b5000-7f5ab35b7000 rw-p 00000000 00:00 0 
7f5ab35b7000-7f5ab35b9000 r--p 00000000 08:02 10356375                   /usr/lib/x86_64-linux-gnu/ld-linux-x86-64.so.2
7f5ab35b9000-7f5ab35e3000 r-xp 00002000 08:02 10356375                   /usr/lib/x86_64-linux-gnu/ld-linux-x86-64.so.2
7f5ab35e3000-7f5ab35ee000 r--p 0002c000 08:02 10356375                   /usr/lib/x86_64-linux-gnu/ld-linux-x86-64.so.2
7f5ab35ee000-7f5ab35ef000 ---p 00000000 00:00 0 
7f5ab35ef000-7f5ab35f1000 r--p 00037000 08:02 10356375                   /usr/lib/x86_64-linux-gnu/ld-linux-x86-64.so.2
7f5ab35f1000-7f5ab35f3000 rw-p 00039000 08:02 10356375                   /usr/lib/x86_64-linux-gnu/ld-linux-x86-64.so.2
7ffccc0e6000-7ffccc108000 rw-p 00000000 00:00 0                          [stack]
7ffccc179000-7ffccc17d000 r--p 00000000 00:00 0                          [vvar]
7ffccc17d000-7ffccc17f000 r-xp 00000000 00:00 0                          [vdso]
ffffffffff600000-ffffffffff601000 --xp 00000000 00:00 0                  [vsyscall]


VM Arguments:
jvm_args: -javaagent:/snap/intellij-idea-ultimate/430/lib/idea_rt.jar=43537:/snap/intellij-idea-ultimate/430/bin -Dfile.encoding=UTF-8 
java_command: tutorials.hello_world
java_class_path (initial): /home/nidhal/IdeaProjects/JMEOS/target/classes:/home/nidhal/.m2/repository/com/github/jnr/jnr-ffi/2.2.11/jnr-ffi-2.2.11.jar:/home/nidhal/.m2/repository/com/github/jnr/jffi/1.3.9/jffi-1.3.9.jar:/home/nidhal/.m2/repository/com/github/jnr/jffi/1.3.9/jffi-1.3.9-native.jar:/home/nidhal/.m2/repository/org/ow2/asm/asm/9.2/asm-9.2.jar:/home/nidhal/.m2/repository/org/ow2/asm/asm-commons/9.2/asm-commons-9.2.jar:/home/nidhal/.m2/repository/org/ow2/asm/asm-analysis/9.2/asm-analysis-9.2.jar:/home/nidhal/.m2/repository/org/ow2/asm/asm-tree/9.2/asm-tree-9.2.jar:/home/nidhal/.m2/repository/org/ow2/asm/asm-util/9.2/asm-util-9.2.jar:/home/nidhal/.m2/repository/com/github/jnr/jnr-a64asm/1.0.0/jnr-a64asm-1.0.0.jar:/home/nidhal/.m2/repository/com/github/jnr/jnr-x86asm/1.0.2/jnr-x86asm-1.0.2.jar:/home/nidhal/.m2/repository/org/hibernate/orm/hibernate-core/6.2.2.Final/hibernate-core-6.2.2.Final.jar:/home/nidhal/.m2/repository/jakarta/persistence/jakarta.persistence-api/3.1.0/jakarta.persistence-api-3.1.0.jar:/home/nidhal/.m2/repository/jakarta/transaction/jakarta.transaction-api/2.0.1/jakarta.transaction-api-2.0.1.jar:/home/nidhal/.m2/repository/org/jboss/logging/jboss-logging/3.5.0.Final/jboss-logging-3.5.0.Final.jar:/home/nidhal/.m2/repository/org/hibernate/common/hibernate-commons-annotations/6.0.6.Final/hibernate-commons-annotations-6.0.6.Final.jar:/home/nidhal/.m2/repository/io/smallrye/jandex/3.0.5/jandex-3.0.5.jar:/home/nidhal/.m2/repository/com/fasterxml/classmate/1.5.1/classmate-1.5.1.jar:/home/nidhal/.m2/repository/net/bytebuddy/byte-buddy/1.12.18/byte-buddy-1.12.18.jar:/home/nidhal/.m2/repository/jakarta/xml/bind/jakarta.xml.bind-api/4.0.0/jakarta.xml.bind-api-4.0.0.jar:/home/nidhal/.m2/repository/jakarta/activation/jakarta.activation-api/2.1.0/jakarta.activation-api-2.1.0.jar:/home/nidhal/.m2/repository/org/glassfish/jaxb/jaxb-runtime/4.0.2/jaxb-runtime-4.0.2.jar:/home/nidhal/.m2/repository/org/glassfish/jaxb/jaxb-core/4.0.2/jaxb-core-4.0.2.jar:/ho
Launcher Type: SUN_STANDARD

[Global flags]
     intx CICompilerCount                          = 3                                         {product} {ergonomic}
     uint ConcGCThreads                            = 1                                         {product} {ergonomic}
     uint G1ConcRefinementThreads                  = 4                                         {product} {ergonomic}
   size_t G1HeapRegionSize                         = 1048576                                   {product} {ergonomic}
    uintx GCDrainStackTargetSize                   = 64                                        {product} {ergonomic}
   size_t InitialHeapSize                          = 130023424                                 {product} {ergonomic}
   size_t MarkStackSize                            = 4194304                                   {product} {ergonomic}
   size_t MaxHeapSize                              = 2057306112                                {product} {ergonomic}
   size_t MaxNewSize                               = 1234173952                                {product} {ergonomic}
   size_t MinHeapDeltaBytes                        = 1048576                                   {product} {ergonomic}
   size_t MinHeapSize                              = 8388608                                   {product} {ergonomic}
    uintx NonNMethodCodeHeapSize                   = 5832780                                {pd product} {ergonomic}
    uintx NonProfiledCodeHeapSize                  = 122912730                              {pd product} {ergonomic}
    uintx ProfiledCodeHeapSize                     = 122912730                              {pd product} {ergonomic}
    uintx ReservedCodeCacheSize                    = 251658240                              {pd product} {ergonomic}
     bool SegmentedCodeCache                       = true                                      {product} {ergonomic}
   size_t SoftMaxHeapSize                          = 2057306112                             {manageable} {ergonomic}
     bool UseCompressedClassPointers               = true                           {product lp64_product} {ergonomic}
     bool UseCompressedOops                        = true                           {product lp64_product} {ergonomic}
     bool UseG1GC                                  = true                                      {product} {ergonomic}

Logging:
Log output configuration:
 #0: stdout all=warning uptime,level,tags
 #1: stderr all=off uptime,level,tags

Environment Variables:
JAVA_HOME=/opt/jdk-13.0.2
PATH=/home/nidhal/.local/bin:/usr/local/sbin:/usr/local/bin:/usr/sbin:/usr/bin:/sbin:/bin:/usr/games:/usr/local/games:/snap/bin:/snap/bin/opt/jdk-13.0.2/bin
USERNAME=nidhal
SHELL=/bin/bash
DISPLAY=:0
LANG=fr_FR.UTF-8

Active Locale:
LC_ALL=fr_FR.UTF-8
LC_COLLATE=fr_FR.UTF-8
LC_CTYPE=fr_FR.UTF-8
LC_MESSAGES=fr_FR.UTF-8
LC_MONETARY=fr_FR.UTF-8
LC_NUMERIC=fr_FR.UTF-8
LC_TIME=fr_FR.UTF-8

Signal Handlers:
   SIGSEGV: crash_handler in libjvm.so, mask=11100100010111111101111111111110, flags=SA_RESTART|SA_SIGINFO, unblocked
    SIGBUS: crash_handler in libjvm.so, mask=11100100010111111101111111111110, flags=SA_RESTART|SA_SIGINFO, unblocked
    SIGFPE: crash_handler in libjvm.so, mask=11100100010111111101111111111110, flags=SA_RESTART|SA_SIGINFO, unblocked
   SIGPIPE: javaSignalHandler in libjvm.so, mask=11100100010111111101111111111110, flags=SA_RESTART|SA_SIGINFO, blocked
   SIGXFSZ: javaSignalHandler in libjvm.so, mask=11100100010111111101111111111110, flags=SA_RESTART|SA_SIGINFO, blocked
    SIGILL: crash_handler in libjvm.so, mask=11100100010111111101111111111110, flags=SA_RESTART|SA_SIGINFO, unblocked
   SIGUSR2: SR_handler in libjvm.so, mask=00100000000000000000000000000000, flags=SA_RESTART|SA_SIGINFO, blocked
    SIGHUP: UserHandler in libjvm.so, mask=11100100010111111101111111111110, flags=SA_RESTART|SA_SIGINFO, blocked
    SIGINT: UserHandler in libjvm.so, mask=11100100010111111101111111111110, flags=SA_RESTART|SA_SIGINFO, blocked
   SIGTERM: UserHandler in libjvm.so, mask=11100100010111111101111111111110, flags=SA_RESTART|SA_SIGINFO, blocked
   SIGQUIT: UserHandler in libjvm.so, mask=11100100010111111101111111111110, flags=SA_RESTART|SA_SIGINFO, blocked
   SIGTRAP: crash_handler in libjvm.so, mask=11100100010111111101111111111110, flags=SA_RESTART|SA_SIGINFO, unblocked


---------------  S Y S T E M  ---------------

OS:
DISTRIB_ID=Ubuntu
DISTRIB_RELEASE=22.04
DISTRIB_CODENAME=jammy
DISTRIB_DESCRIPTION="Ubuntu 22.04.2 LTS"
uname: Linux 5.19.0-42-generic #43~22.04.1-Ubuntu SMP PREEMPT_DYNAMIC Fri Apr 21 16:51:08 UTC 2 x86_64
OS uptime: 0 days 0:29 hours
libc: glibc 2.35 NPTL 2.35 
rlimit (soft/hard): STACK 8192k/infinity , CORE 0k/infinity , NPROC 31051/31051 , NOFILE 1048576/1048576 , AS infinity/infinity , CPU infinity/infinity , DATA infinity/infinity , FSIZE infinity/infinity , MEMLOCK 1003616k/1003616k
load average: 3,43 3,22 3,02

/proc/meminfo:
MemTotal:        8028956 kB
MemFree:          235564 kB
MemAvailable:    3801584 kB
Buffers:          212896 kB
Cached:          3625440 kB
SwapCached:           60 kB
Active:          1060924 kB
Inactive:        5942740 kB
Active(anon):      10508 kB
Inactive(anon):  3386164 kB
Active(file):    1050416 kB
Inactive(file):  2556576 kB
Unevictable:      160588 kB
Mlocked:              16 kB
SwapTotal:       2097148 kB
SwapFree:        2096636 kB
Zswap:                 0 kB
Zswapped:              0 kB
Dirty:              7648 kB
Writeback:             0 kB
AnonPages:       3325648 kB
Mapped:          1321048 kB
Shmem:            239184 kB
KReclaimable:     264196 kB
Slab:             475496 kB
SReclaimable:     264196 kB
SUnreclaim:       211300 kB
KernelStack:       16044 kB
PageTables:        32784 kB
NFS_Unstable:          0 kB
Bounce:                0 kB
WritebackTmp:          0 kB
CommitLimit:     6111624 kB
Committed_AS:    9601136 kB
VmallocTotal:   34359738367 kB
VmallocUsed:       71864 kB
VmallocChunk:          0 kB
Percpu:             5568 kB
HardwareCorrupted:     0 kB
AnonHugePages:         0 kB
ShmemHugePages:        0 kB
ShmemPmdMapped:        0 kB
FileHugePages:         0 kB
FilePmdMapped:         0 kB
HugePages_Total:       0
HugePages_Free:        0
HugePages_Rsvd:        0
HugePages_Surp:        0
Hugepagesize:       2048 kB
Hugetlb:               0 kB
DirectMap4k:      450328 kB
DirectMap2M:     7827456 kB
DirectMap1G:           0 kB

/sys/kernel/mm/transparent_hugepage/enabled: always [madvise] never
/sys/kernel/mm/transparent_hugepage/defrag (defrag/compaction efforts parameter): always defer defer+madvise [madvise] never

Process Memory:
Virtual Size: 5298228K (peak: 5298228K)
Resident Set Size: 84912K (peak: 84912K) (anon: 46380K, file: 38532K, shmem: 0K)
Swapped out: 0K
C-Heap outstanding allocations: 23723K, retained: 3344K
glibc malloc tunables: (default)

/proc/sys/kernel/threads-max (system-wide limit on the number of threads): 62103
/proc/sys/vm/max_map_count (maximum number of memory map areas a process may have): 65530
/proc/sys/kernel/pid_max (system-wide limit on number of process identifiers): 4194304

container (cgroup) information:
container_type: cgroupv2
cpu_cpuset_cpus: not supported
cpu_memory_nodes: not supported
active_processor_count: 4
cpu_quota: not supported
cpu_period: not supported
cpu_shares: not supported
memory_limit_in_bytes: unlimited
memory_and_swap_limit_in_bytes: unlimited
memory_soft_limit_in_bytes: unlimited
memory_usage_in_bytes: 3560844 k
memory_max_usage_in_bytes: not supported
memory_swap_current_in_bytes: unlimited
memory_swap_max_limit_in_bytes: unlimited
maximum number of tasks: 9315
current number of tasks: 171

Steal ticks since vm start: 0
Steal ticks percentage since vm start:  0,000

CPU: total 4 (initial active 4) (2 cores per cpu, 2 threads per core) family 6 model 78 stepping 3 microcode 0xf0, cx8, cmov, fxsr, ht, mmx, 3dnowpref, sse, sse2, sse3, ssse3, sse4.1, sse4.2, popcnt, lzcnt, tsc, tscinvbit, avx, avx2, aes, erms, clmul, bmi1, bmi2, adx, fma, vzeroupper, clflush, clflushopt
CPU Model and flags from /proc/cpuinfo:
model name	: Intel(R) Core(TM) i3-6100U CPU @ 2.30GHz
flags		: fpu vme de pse tsc msr pae mce cx8 apic sep mtrr pge mca cmov pat pse36 clflush dts acpi mmx fxsr sse sse2 ss ht tm pbe syscall nx pdpe1gb rdtscp lm constant_tsc art arch_perfmon pebs bts rep_good nopl xtopology nonstop_tsc cpuid aperfmperf pni pclmulqdq dtes64 monitor ds_cpl est tm2 ssse3 sdbg fma cx16 xtpr pdcm pcid sse4_1 sse4_2 x2apic movbe popcnt tsc_deadline_timer aes xsave avx f16c rdrand lahf_lm abm 3dnowprefetch cpuid_fault epb invpcid_single pti ssbd ibrs ibpb stibp fsgsbase tsc_adjust bmi1 avx2 smep bmi2 erms invpcid mpx rdseed adx smap clflushopt intel_pt xsaveopt xsavec xgetbv1 xsaves dtherm ida arat pln pts hwp hwp_notify hwp_act_window hwp_epp md_clear flush_l1d arch_capabilities

Online cpus: 0-3
Offline cpus: 
BIOS frequency limitation: <Not Available>
Frequency switch latency (ns): 0
Available cpu frequencies: <Not Available>
Current governor: powersave
Core performance/turbo boost: <Not Available>

Memory: 4k page, physical 8028956k(235312k free), swap 2097148k(2096636k free)
Page Sizes: 4k

vm_info: OpenJDK 64-Bit Server VM (17.0.7+7-Ubuntu-0ubuntu122.04.2) for linux-amd64 JRE (17.0.7+7-Ubuntu-0ubuntu122.04.2), built on May 10 2023 04:02:16 by "buildd" with gcc 11.3.0

END.
