#
# A fatal error has been detected by the Java Runtime Environment:
#
#  SIGSEGV (0xb) at pc=0x00007f2d45b24979, pid=322595, tid=322600
#
# JRE version: OpenJDK Runtime Environment (17.0.7+7) (build 17.0.7+7-Ubuntu-0ubuntu122.04.2)
# Java VM: OpenJDK 64-Bit Server VM (17.0.7+7-Ubuntu-0ubuntu122.04.2, mixed mode, sharing, tiered, compressed oops, compressed class ptrs, g1 gc, linux-amd64)
# Problematic frame:
# C  [libmeos.so+0xa8979]  pg_next_dst_boundary+0x29
#
# Core dump will be written. Default location: Core dumps may be processed with "/usr/share/apport/apport -p%p -s%s -c%c -d%d -P%P -u%u -g%g -- %E" (or dumping to /home/nidhal/IdeaProjects/JMEOS/core.322595)
#
# If you would like to submit a bug report, please visit:
#   Unknown
# The crash happened outside the Java Virtual Machine in native code.
# See problematic frame for where to report the bug.
#

---------------  S U M M A R Y ------------

Command Line: -javaagent:/snap/intellij-idea-ultimate/430/lib/idea_rt.jar=33041:/snap/intellij-idea-ultimate/430/bin -Dfile.encoding=UTF-8 tutorials.hello_world

Host: Intel(R) Core(TM) i3-6100U CPU @ 2.30GHz, 4 cores, 7G, Ubuntu 22.04.2 LTS
Time: Mon May 29 21:58:41 2023 CEST elapsed time: 1.459908 seconds (0d 0h 0m 1s)

---------------  T H R E A D  ---------------

Current thread (0x00007f2d70016800):  JavaThread "main" [_thread_in_native, id=322600, stack(0x00007f2d75500000,0x00007f2d75600000)]

Stack: [0x00007f2d75500000,0x00007f2d75600000],  sp=0x00007f2d755fdfa0,  free space=1015k
Native frames: (J=compiled Java code, j=interpreted, Vv=VM code, C=native code)
C  [libmeos.so+0xa8979]  pg_next_dst_boundary+0x29

Java frames: (J=compiled Java code, j=interpreted, Vv=VM code)
j  com.kenai.jffi.Foreign.invokeN1O1(JJJLjava/lang/Object;III)J+0
j  com.kenai.jffi.Invoker.invokeN1(Lcom/kenai/jffi/CallContext;JJILjava/lang/Object;Lcom/kenai/jffi/ObjectParameterStrategy;Lcom/kenai/jffi/ObjectParameterInfo;)J+57
j  tutorials.hello_world$MeosLibrary$jnr$ffi$0.tgeompoint_in(Ljava/lang/String;)Ljnr/ffi/Pointer;+75
j  tutorials.hello_world.main([Ljava/lang/String;)V+94
v  ~StubRoutines::call_stub

siginfo: si_signo: 11 (SIGSEGV), si_code: 1 (SEGV_MAPERR), si_addr: 0x0000000000000104

Register to memory mapping:

RAX=0x0 is NULL
RBX=0x0 is NULL
RCX=0x00007f2d755fe000 is pointing into the stack for thread: 0x00007f2d70016800
RDX=0x00007f2d755fdff0 is pointing into the stack for thread: 0x00007f2d70016800
RSP=0x00007f2d755fdfa0 is pointing into the stack for thread: 0x00007f2d70016800
RBP=0x00000000386bf200 is an unknown value
RSI=0x00007f2d755fe008 is pointing into the stack for thread: 0x00007f2d70016800
RDI=0x00007f2d755fdff8 is pointing into the stack for thread: 0x00007f2d70016800
R8 =0x00007f2d755fe010 is pointing into the stack for thread: 0x00007f2d70016800
R9 =0x00007f2d755fdff4 is pointing into the stack for thread: 0x00007f2d70016800
R10=0x00007f2d755fdff0 is pointing into the stack for thread: 0x00007f2d70016800
R11=0x00007f2d45b24950: pg_next_dst_boundary+0x0000000000000000 in /usr/local/lib/libmeos.so at 0x00007f2d45a7c000
R12=0x00007f2d755fe050 is pointing into the stack for thread: 0x00007f2d70016800
R13=0x0 is NULL
R14=0x0 is NULL
R15=0x00007f2d755fe1c0 is pointing into the stack for thread: 0x00007f2d70016800


Registers:
RAX=0x0000000000000000, RBX=0x0000000000000000, RCX=0x00007f2d755fe000, RDX=0x00007f2d755fdff0
RSP=0x00007f2d755fdfa0, RBP=0x00000000386bf200, RSI=0x00007f2d755fe008, RDI=0x00007f2d755fdff8
R8 =0x00007f2d755fe010, R9 =0x00007f2d755fdff4, R10=0x00007f2d755fdff0, R11=0x00007f2d45b24950
R12=0x00007f2d755fe050, R13=0x0000000000000000, R14=0x0000000000000000, R15=0x00007f2d755fe1c0
RIP=0x00007f2d45b24979, EFLAGS=0x0000000000010246, CSGSFS=0x002b000000000033, ERR=0x0000000000000004
  TRAPNO=0x000000000000000e

Top of Stack: (sp=0x00007f2d755fdfa0)
0x00007f2d755fdfa0:   00000000ffffffff 736e4af92820e300
0x00007f2d755fdfb0:   00007f2d45a949c8 00007f2d755fe1c0
0x00007f2d755fdfc0:   00000000386d4380 00007f2d755fe050
0x00007f2d755fdfd0:   0000000000000000 00007f2d45b2625c 

Instructions: (pc=0x00007f2d45b24979)
0x00007f2d45b24879:   00 00 00 00 0f 1f 00 f3 0f 1e fa 49 89 f8 48 8d
0x00007f2d45b24889:   be 00 01 00 00 4c 89 c6 e9 ca fd ff ff 66 2e 0f
0x00007f2d45b24899:   1f 84 00 00 00 00 00 f3 0f 1e fa 41 55 41 54 55
0x00007f2d45b248a9:   48 89 fd 53 48 83 ec 08 48 8b 1d 68 89 0d 00 48
0x00007f2d45b248b9:   85 db 74 2b 48 8b 7d 00 48 89 da 31 f6 48 81 c3
0x00007f2d45b248c9:   68 56 00 00 e8 ce df ff ff 48 89 1d 97 89 0d 00
0x00007f2d45b248d9:   48 83 c4 08 5b 5d 41 5c 41 5d c3 0f 1f 40 00 bf
0x00007f2d45b248e9:   90 5b 00 00 e8 8e 66 f9 ff 48 89 05 27 89 0d 00
0x00007f2d45b248f9:   49 89 c4 48 85 c0 74 d8 4c 8d 2d 38 5a 08 00 31
0x00007f2d45b24909:   f6 b9 01 00 00 00 48 89 c2 4c 89 ef e8 56 72 f9
0x00007f2d45b24919:   ff 85 c0 75 12 48 8b 1d fb 88 0d 00 eb 96 66 0f
0x00007f2d45b24929:   1f 84 00 00 00 00 00 ba 01 00 00 00 4c 89 e6 4c
0x00007f2d45b24939:   89 ef e8 60 70 f9 ff eb dc 66 66 2e 0f 1f 84 00
0x00007f2d45b24949:   00 00 00 00 0f 1f 00 f3 0f 1e fa 41 55 49 89 d2
0x00007f2d45b24959:   41 54 55 53 48 83 ec 18 48 8b 2f 64 48 8b 04 25
0x00007f2d45b24969:   28 00 00 00 48 89 44 24 08 31 c0 48 8b 5c 24 40
0x00007f2d45b24979:   44 8b 9b 04 01 00 00 45 85 db 0f 84 27 02 00 00
0x00007f2d45b24989:   80 bb 10 01 00 00 00 49 89 cc 75 6b 41 8d 53 ff
0x00007f2d45b24999:   80 bb 11 01 00 00 00 48 63 ca 48 8b 84 cb 18 01
0x00007f2d45b249a9:   00 00 0f 84 ef 00 00 00 48 39 c5 0f 8e e6 00 00
0x00007f2d45b249b9:   00 48 8b 8b 18 01 00 00 48 39 e9 7f 46 48 bf e7
0x00007f2d45b249c9:   58 ef 44 46 ef 35 ae 48 89 ea 48 29 c2 48 83 ea
0x00007f2d45b249d9:   01 48 89 d0 48 f7 e7 48 b8 80 59 60 f0 02 00 00
0x00007f2d45b249e9:   00 48 c1 ea 21 4c 8d 6a 01 4c 0f af e8 48 89 e8
0x00007f2d45b249f9:   4c 29 e8 eb 43 66 90 48 8b 8b 18 01 00 00 48 39
0x00007f2d45b24a09:   e9 7e 89 48 bf e7 58 ef 44 46 ef 35 ae 48 89 ca
0x00007f2d45b24a19:   48 29 ea 48 83 ea 01 48 89 d0 48 f7 e7 48 b8 80
0x00007f2d45b24a29:   59 60 f0 02 00 00 00 48 c1 ea 21 4c 8d 6a 01 4c
0x00007f2d45b24a39:   0f af e8 4a 8d 44 2d 00 48 89 04 24 48 39 c1 0f
0x00007f2d45b24a49:   8f 12 02 00 00 41 8d 53 ff 41 bb ff ff ff ff 48
0x00007f2d45b24a59:   63 d2 48 39 84 d3 18 01 00 00 0f 8c 83 01 00 00
0x00007f2d45b24a69:   48 89 e7 48 83 ec 08 4c 89 d2 4c 89 e1 53 e8 d4 


Stack slot to memory mapping:
stack at sp + 0 slots: 0x00000000ffffffff points into unknown readable memory: 00
stack at sp + 1 slots: 0x736e4af92820e300 is an unknown value
stack at sp + 2 slots: 0x00007f2d45a949c8: <offset 0x00000000000189c8> in /usr/local/lib/libmeos.so at 0x00007f2d45a7c000
stack at sp + 3 slots: 0x00007f2d755fe1c0 is pointing into the stack for thread: 0x00007f2d70016800
stack at sp + 4 slots: 0x00000000386d4380 is an unknown value
stack at sp + 5 slots: 0x00007f2d755fe050 is pointing into the stack for thread: 0x00007f2d70016800
stack at sp + 6 slots: 0x0 is NULL
stack at sp + 7 slots: 0x00007f2d45b2625c: <offset 0x00000000000aa25c> in /usr/local/lib/libmeos.so at 0x00007f2d45a7c000


---------------  P R O C E S S  ---------------

Threads class SMR info:
_java_thread_list=0x00007f2d24001fc0, length=13, elements={
0x00007f2d70016800, 0x00007f2d70115880, 0x00007f2d70116c60, 0x00007f2d7011c3e0,
0x00007f2d7011d790, 0x00007f2d7011eba0, 0x00007f2d70120550, 0x00007f2d70121a80,
0x00007f2d70122ef0, 0x00007f2d7012e210, 0x00007f2d702f8ef0, 0x00007f2d702fa5f0,
0x00007f2d24000fe0
}

Java Threads: ( => current thread )
=>0x00007f2d70016800 JavaThread "main" [_thread_in_native, id=322600, stack(0x00007f2d75500000,0x00007f2d75600000)]
  0x00007f2d70115880 JavaThread "Reference Handler" daemon [_thread_blocked, id=322608, stack(0x00007f2d54f56000,0x00007f2d55056000)]
  0x00007f2d70116c60 JavaThread "Finalizer" daemon [_thread_blocked, id=322609, stack(0x00007f2d54e56000,0x00007f2d54f56000)]
  0x00007f2d7011c3e0 JavaThread "Signal Dispatcher" daemon [_thread_blocked, id=322610, stack(0x00007f2d54500000,0x00007f2d54600000)]
  0x00007f2d7011d790 JavaThread "Service Thread" daemon [_thread_blocked, id=322612, stack(0x00007f2d54400000,0x00007f2d54500000)]
  0x00007f2d7011eba0 JavaThread "Monitor Deflation Thread" daemon [_thread_blocked, id=322613, stack(0x00007f2d54300000,0x00007f2d54400000)]
  0x00007f2d70120550 JavaThread "C2 CompilerThread0" daemon [_thread_in_native, id=322614, stack(0x00007f2d54200000,0x00007f2d54300000)]
  0x00007f2d70121a80 JavaThread "C1 CompilerThread0" daemon [_thread_blocked, id=322615, stack(0x00007f2d54100000,0x00007f2d54200000)]
  0x00007f2d70122ef0 JavaThread "Sweeper thread" daemon [_thread_blocked, id=322616, stack(0x00007f2d54000000,0x00007f2d54100000)]
  0x00007f2d7012e210 JavaThread "Common-Cleaner" daemon [_thread_blocked, id=322619, stack(0x00007f2d45f00000,0x00007f2d46000000)]
  0x00007f2d702f8ef0 JavaThread "Monitor Ctrl-Break" daemon [_thread_in_native, id=322628, stack(0x00007f2d45e00000,0x00007f2d45f00000)]
  0x00007f2d702fa5f0 JavaThread "Notification Thread" daemon [_thread_blocked, id=322629, stack(0x00007f2d45d00000,0x00007f2d45e00000)]
  0x00007f2d24000fe0 JavaThread "Attach Listener" daemon [_thread_in_vm, id=322660, stack(0x00007f2d44193000,0x00007f2d44293000)]

Other Threads:
  0x00007f2d701117d0 VMThread "VM Thread" [stack: 0x00007f2d55058000,0x00007f2d55158000] [id=322607]
  0x00007f2d70019310 WatcherThread [stack: 0x00007f2d45c00000,0x00007f2d45d00000] [id=322631]
  0x00007f2d7006fee0 GCTaskThread "GC Thread#0" [stack: 0x00007f2d74392000,0x00007f2d74492000] [id=322601]
  0x00007f2d340051a0 GCTaskThread "GC Thread#1" [stack: 0x00007f2d44093000,0x00007f2d44193000] [id=322674]
  0x00007f2d34005c20 GCTaskThread "GC Thread#2" [stack: 0x00007f2d03f00000,0x00007f2d04000000] [id=322675]
  0x00007f2d3400bc70 GCTaskThread "GC Thread#3" [stack: 0x00007f2d03900000,0x00007f2d03a00000] [id=322676]
  0x00007f2d70080a00 ConcurrentGCThread "G1 Main Marker" [stack: 0x00007f2d74290000,0x00007f2d74390000] [id=322603]
  0x00007f2d70081960 ConcurrentGCThread "G1 Conc#0" [stack: 0x00007f2d7418e000,0x00007f2d7428e000] [id=322604]
  0x00007f2d700e6050 ConcurrentGCThread "G1 Refine#0" [stack: 0x00007f2d553ae000,0x00007f2d554ae000] [id=322605]
  0x00007f2d700e6f40 ConcurrentGCThread "G1 Service" [stack: 0x00007f2d552ac000,0x00007f2d553ac000] [id=322606]

Threads with active compile tasks:
C2 CompilerThread0     1483  709       4       java.lang.String::substring (58 bytes)
C1 CompilerThread0     1483  711       3       java.util.Locale::getLanguage (8 bytes)

VM state: not at safepoint (normal execution)

VM Mutex/Monitor currently owned by a thread: None

Heap address: 0x0000000085600000, size: 1962 MB, Compressed Oops mode: 32-bit

CDS archive(s) mapped at: [0x0000000800000000-0x0000000800be2000-0x0000000800be2000), size 12460032, SharedBaseAddress: 0x0000000800000000, ArchiveRelocationMode: 0.
Compressed class space mapped at: 0x0000000801000000-0x0000000841000000, reserved size: 1073741824
Narrow klass base: 0x0000000800000000, Narrow klass shift: 0, Narrow klass range: 0x100000000

GC Precious Log:
 CPUs: 4 total, 4 available
 Memory: 7840M
 Large Page Support: Disabled
 NUMA Support: Disabled
 Compressed Oops: Enabled (32-bit)
 Heap Region Size: 1M
 Heap Min Capacity: 8M
 Heap Initial Capacity: 124M
 Heap Max Capacity: 1962M
 Pre-touch: Disabled
 Parallel Workers: 4
 Concurrent Workers: 1
 Concurrent Refinement Workers: 4
 Periodic GC: Disabled

Heap:
 garbage-first heap   total 129024K, used 5600K [0x0000000085600000, 0x0000000100000000)
  region size 1024K, 4 young (4096K), 2 survivors (2048K)
 Metaspace       used 5158K, committed 5312K, reserved 1114112K
  class space    used 508K, committed 576K, reserved 1048576K

Heap Regions: E=young(eden), S=young(survivor), O=old, HS=humongous(starts), HC=humongous(continues), CS=collection set, F=free, OA=open archive, CA=closed archive, TAMS=top-at-mark-start (previous, next)
|   0|0x0000000085600000, 0x0000000085700000, 0x0000000085700000|100%|HS|  |TAMS 0x0000000085600000, 0x0000000085600000| Complete 
|   1|0x0000000085700000, 0x0000000085780200, 0x0000000085800000| 50%| O|  |TAMS 0x0000000085700000, 0x0000000085700000| Untracked 
|   2|0x0000000085800000, 0x0000000085800000, 0x0000000085900000|  0%| F|  |TAMS 0x0000000085800000, 0x0000000085800000| Untracked 
|   3|0x0000000085900000, 0x0000000085900000, 0x0000000085a00000|  0%| F|  |TAMS 0x0000000085900000, 0x0000000085900000| Untracked 
|   4|0x0000000085a00000, 0x0000000085a00000, 0x0000000085b00000|  0%| F|  |TAMS 0x0000000085a00000, 0x0000000085a00000| Untracked 
|   5|0x0000000085b00000, 0x0000000085b00000, 0x0000000085c00000|  0%| F|  |TAMS 0x0000000085b00000, 0x0000000085b00000| Untracked 
|   6|0x0000000085c00000, 0x0000000085c00000, 0x0000000085d00000|  0%| F|  |TAMS 0x0000000085c00000, 0x0000000085c00000| Untracked 
|   7|0x0000000085d00000, 0x0000000085d00000, 0x0000000085e00000|  0%| F|  |TAMS 0x0000000085d00000, 0x0000000085d00000| Untracked 
|   8|0x0000000085e00000, 0x0000000085e00000, 0x0000000085f00000|  0%| F|  |TAMS 0x0000000085e00000, 0x0000000085e00000| Untracked 
|   9|0x0000000085f00000, 0x0000000085f00000, 0x0000000086000000|  0%| F|  |TAMS 0x0000000085f00000, 0x0000000085f00000| Untracked 
|  10|0x0000000086000000, 0x0000000086000000, 0x0000000086100000|  0%| F|  |TAMS 0x0000000086000000, 0x0000000086000000| Untracked 
|  11|0x0000000086100000, 0x0000000086100000, 0x0000000086200000|  0%| F|  |TAMS 0x0000000086100000, 0x0000000086100000| Untracked 
|  12|0x0000000086200000, 0x0000000086200000, 0x0000000086300000|  0%| F|  |TAMS 0x0000000086200000, 0x0000000086200000| Untracked 
|  13|0x0000000086300000, 0x0000000086300000, 0x0000000086400000|  0%| F|  |TAMS 0x0000000086300000, 0x0000000086300000| Untracked 
|  14|0x0000000086400000, 0x0000000086400000, 0x0000000086500000|  0%| F|  |TAMS 0x0000000086400000, 0x0000000086400000| Untracked 
|  15|0x0000000086500000, 0x0000000086500000, 0x0000000086600000|  0%| F|  |TAMS 0x0000000086500000, 0x0000000086500000| Untracked 
|  16|0x0000000086600000, 0x0000000086600000, 0x0000000086700000|  0%| F|  |TAMS 0x0000000086600000, 0x0000000086600000| Untracked 
|  17|0x0000000086700000, 0x0000000086700000, 0x0000000086800000|  0%| F|  |TAMS 0x0000000086700000, 0x0000000086700000| Untracked 
|  18|0x0000000086800000, 0x0000000086800000, 0x0000000086900000|  0%| F|  |TAMS 0x0000000086800000, 0x0000000086800000| Untracked 
|  19|0x0000000086900000, 0x0000000086900000, 0x0000000086a00000|  0%| F|  |TAMS 0x0000000086900000, 0x0000000086900000| Untracked 
|  20|0x0000000086a00000, 0x0000000086a00000, 0x0000000086b00000|  0%| F|  |TAMS 0x0000000086a00000, 0x0000000086a00000| Untracked 
|  21|0x0000000086b00000, 0x0000000086b00000, 0x0000000086c00000|  0%| F|  |TAMS 0x0000000086b00000, 0x0000000086b00000| Untracked 
|  22|0x0000000086c00000, 0x0000000086c00000, 0x0000000086d00000|  0%| F|  |TAMS 0x0000000086c00000, 0x0000000086c00000| Untracked 
|  23|0x0000000086d00000, 0x0000000086d00000, 0x0000000086e00000|  0%| F|  |TAMS 0x0000000086d00000, 0x0000000086d00000| Untracked 
|  24|0x0000000086e00000, 0x0000000086e00000, 0x0000000086f00000|  0%| F|  |TAMS 0x0000000086e00000, 0x0000000086e00000| Untracked 
|  25|0x0000000086f00000, 0x0000000086f00000, 0x0000000087000000|  0%| F|  |TAMS 0x0000000086f00000, 0x0000000086f00000| Untracked 
|  26|0x0000000087000000, 0x0000000087000000, 0x0000000087100000|  0%| F|  |TAMS 0x0000000087000000, 0x0000000087000000| Untracked 
|  27|0x0000000087100000, 0x0000000087100000, 0x0000000087200000|  0%| F|  |TAMS 0x0000000087100000, 0x0000000087100000| Untracked 
|  28|0x0000000087200000, 0x0000000087200000, 0x0000000087300000|  0%| F|  |TAMS 0x0000000087200000, 0x0000000087200000| Untracked 
|  29|0x0000000087300000, 0x0000000087300000, 0x0000000087400000|  0%| F|  |TAMS 0x0000000087300000, 0x0000000087300000| Untracked 
|  30|0x0000000087400000, 0x0000000087400000, 0x0000000087500000|  0%| F|  |TAMS 0x0000000087400000, 0x0000000087400000| Untracked 
|  31|0x0000000087500000, 0x0000000087500000, 0x0000000087600000|  0%| F|  |TAMS 0x0000000087500000, 0x0000000087500000| Untracked 
|  32|0x0000000087600000, 0x0000000087600000, 0x0000000087700000|  0%| F|  |TAMS 0x0000000087600000, 0x0000000087600000| Untracked 
|  33|0x0000000087700000, 0x0000000087700000, 0x0000000087800000|  0%| F|  |TAMS 0x0000000087700000, 0x0000000087700000| Untracked 
|  34|0x0000000087800000, 0x0000000087800000, 0x0000000087900000|  0%| F|  |TAMS 0x0000000087800000, 0x0000000087800000| Untracked 
|  35|0x0000000087900000, 0x0000000087900000, 0x0000000087a00000|  0%| F|  |TAMS 0x0000000087900000, 0x0000000087900000| Untracked 
|  36|0x0000000087a00000, 0x0000000087a00000, 0x0000000087b00000|  0%| F|  |TAMS 0x0000000087a00000, 0x0000000087a00000| Untracked 
|  37|0x0000000087b00000, 0x0000000087b00000, 0x0000000087c00000|  0%| F|  |TAMS 0x0000000087b00000, 0x0000000087b00000| Untracked 
|  38|0x0000000087c00000, 0x0000000087c00000, 0x0000000087d00000|  0%| F|  |TAMS 0x0000000087c00000, 0x0000000087c00000| Untracked 
|  39|0x0000000087d00000, 0x0000000087d00000, 0x0000000087e00000|  0%| F|  |TAMS 0x0000000087d00000, 0x0000000087d00000| Untracked 
|  40|0x0000000087e00000, 0x0000000087e00000, 0x0000000087f00000|  0%| F|  |TAMS 0x0000000087e00000, 0x0000000087e00000| Untracked 
|  41|0x0000000087f00000, 0x0000000087f00000, 0x0000000088000000|  0%| F|  |TAMS 0x0000000087f00000, 0x0000000087f00000| Untracked 
|  42|0x0000000088000000, 0x0000000088000000, 0x0000000088100000|  0%| F|  |TAMS 0x0000000088000000, 0x0000000088000000| Untracked 
|  43|0x0000000088100000, 0x0000000088100000, 0x0000000088200000|  0%| F|  |TAMS 0x0000000088100000, 0x0000000088100000| Untracked 
|  44|0x0000000088200000, 0x0000000088200000, 0x0000000088300000|  0%| F|  |TAMS 0x0000000088200000, 0x0000000088200000| Untracked 
|  45|0x0000000088300000, 0x0000000088300000, 0x0000000088400000|  0%| F|  |TAMS 0x0000000088300000, 0x0000000088300000| Untracked 
|  46|0x0000000088400000, 0x0000000088400000, 0x0000000088500000|  0%| F|  |TAMS 0x0000000088400000, 0x0000000088400000| Untracked 
|  47|0x0000000088500000, 0x0000000088500000, 0x0000000088600000|  0%| F|  |TAMS 0x0000000088500000, 0x0000000088500000| Untracked 
|  48|0x0000000088600000, 0x0000000088600000, 0x0000000088700000|  0%| F|  |TAMS 0x0000000088600000, 0x0000000088600000| Untracked 
|  49|0x0000000088700000, 0x0000000088700000, 0x0000000088800000|  0%| F|  |TAMS 0x0000000088700000, 0x0000000088700000| Untracked 
|  50|0x0000000088800000, 0x0000000088800000, 0x0000000088900000|  0%| F|  |TAMS 0x0000000088800000, 0x0000000088800000| Untracked 
|  51|0x0000000088900000, 0x0000000088900000, 0x0000000088a00000|  0%| F|  |TAMS 0x0000000088900000, 0x0000000088900000| Untracked 
|  52|0x0000000088a00000, 0x0000000088a00000, 0x0000000088b00000|  0%| F|  |TAMS 0x0000000088a00000, 0x0000000088a00000| Untracked 
|  53|0x0000000088b00000, 0x0000000088b00000, 0x0000000088c00000|  0%| F|  |TAMS 0x0000000088b00000, 0x0000000088b00000| Untracked 
|  54|0x0000000088c00000, 0x0000000088c00000, 0x0000000088d00000|  0%| F|  |TAMS 0x0000000088c00000, 0x0000000088c00000| Untracked 
|  55|0x0000000088d00000, 0x0000000088d00000, 0x0000000088e00000|  0%| F|  |TAMS 0x0000000088d00000, 0x0000000088d00000| Untracked 
|  56|0x0000000088e00000, 0x0000000088e00000, 0x0000000088f00000|  0%| F|  |TAMS 0x0000000088e00000, 0x0000000088e00000| Untracked 
|  57|0x0000000088f00000, 0x0000000088f00000, 0x0000000089000000|  0%| F|  |TAMS 0x0000000088f00000, 0x0000000088f00000| Untracked 
|  58|0x0000000089000000, 0x0000000089000000, 0x0000000089100000|  0%| F|  |TAMS 0x0000000089000000, 0x0000000089000000| Untracked 
|  59|0x0000000089100000, 0x0000000089100000, 0x0000000089200000|  0%| F|  |TAMS 0x0000000089100000, 0x0000000089100000| Untracked 
|  60|0x0000000089200000, 0x0000000089200000, 0x0000000089300000|  0%| F|  |TAMS 0x0000000089200000, 0x0000000089200000| Untracked 
|  61|0x0000000089300000, 0x0000000089300000, 0x0000000089400000|  0%| F|  |TAMS 0x0000000089300000, 0x0000000089300000| Untracked 
|  62|0x0000000089400000, 0x0000000089400000, 0x0000000089500000|  0%| F|  |TAMS 0x0000000089400000, 0x0000000089400000| Untracked 
|  63|0x0000000089500000, 0x0000000089500000, 0x0000000089600000|  0%| F|  |TAMS 0x0000000089500000, 0x0000000089500000| Untracked 
|  64|0x0000000089600000, 0x0000000089600000, 0x0000000089700000|  0%| F|  |TAMS 0x0000000089600000, 0x0000000089600000| Untracked 
|  65|0x0000000089700000, 0x0000000089700000, 0x0000000089800000|  0%| F|  |TAMS 0x0000000089700000, 0x0000000089700000| Untracked 
|  66|0x0000000089800000, 0x0000000089800000, 0x0000000089900000|  0%| F|  |TAMS 0x0000000089800000, 0x0000000089800000| Untracked 
|  67|0x0000000089900000, 0x0000000089900000, 0x0000000089a00000|  0%| F|  |TAMS 0x0000000089900000, 0x0000000089900000| Untracked 
|  68|0x0000000089a00000, 0x0000000089a00000, 0x0000000089b00000|  0%| F|  |TAMS 0x0000000089a00000, 0x0000000089a00000| Untracked 
|  69|0x0000000089b00000, 0x0000000089b00000, 0x0000000089c00000|  0%| F|  |TAMS 0x0000000089b00000, 0x0000000089b00000| Untracked 
|  70|0x0000000089c00000, 0x0000000089c00000, 0x0000000089d00000|  0%| F|  |TAMS 0x0000000089c00000, 0x0000000089c00000| Untracked 
|  71|0x0000000089d00000, 0x0000000089d00000, 0x0000000089e00000|  0%| F|  |TAMS 0x0000000089d00000, 0x0000000089d00000| Untracked 
|  72|0x0000000089e00000, 0x0000000089e00000, 0x0000000089f00000|  0%| F|  |TAMS 0x0000000089e00000, 0x0000000089e00000| Untracked 
|  73|0x0000000089f00000, 0x0000000089f00000, 0x000000008a000000|  0%| F|  |TAMS 0x0000000089f00000, 0x0000000089f00000| Untracked 
|  74|0x000000008a000000, 0x000000008a000000, 0x000000008a100000|  0%| F|  |TAMS 0x000000008a000000, 0x000000008a000000| Untracked 
|  75|0x000000008a100000, 0x000000008a100000, 0x000000008a200000|  0%| F|  |TAMS 0x000000008a100000, 0x000000008a100000| Untracked 
|  76|0x000000008a200000, 0x000000008a200000, 0x000000008a300000|  0%| F|  |TAMS 0x000000008a200000, 0x000000008a200000| Untracked 
|  77|0x000000008a300000, 0x000000008a300000, 0x000000008a400000|  0%| F|  |TAMS 0x000000008a300000, 0x000000008a300000| Untracked 
|  78|0x000000008a400000, 0x000000008a400000, 0x000000008a500000|  0%| F|  |TAMS 0x000000008a400000, 0x000000008a400000| Untracked 
|  79|0x000000008a500000, 0x000000008a500000, 0x000000008a600000|  0%| F|  |TAMS 0x000000008a500000, 0x000000008a500000| Untracked 
|  80|0x000000008a600000, 0x000000008a600000, 0x000000008a700000|  0%| F|  |TAMS 0x000000008a600000, 0x000000008a600000| Untracked 
|  81|0x000000008a700000, 0x000000008a700000, 0x000000008a800000|  0%| F|  |TAMS 0x000000008a700000, 0x000000008a700000| Untracked 
|  82|0x000000008a800000, 0x000000008a800000, 0x000000008a900000|  0%| F|  |TAMS 0x000000008a800000, 0x000000008a800000| Untracked 
|  83|0x000000008a900000, 0x000000008a900000, 0x000000008aa00000|  0%| F|  |TAMS 0x000000008a900000, 0x000000008a900000| Untracked 
|  84|0x000000008aa00000, 0x000000008aa00000, 0x000000008ab00000|  0%| F|  |TAMS 0x000000008aa00000, 0x000000008aa00000| Untracked 
|  85|0x000000008ab00000, 0x000000008ab00000, 0x000000008ac00000|  0%| F|  |TAMS 0x000000008ab00000, 0x000000008ab00000| Untracked 
|  86|0x000000008ac00000, 0x000000008ac00000, 0x000000008ad00000|  0%| F|  |TAMS 0x000000008ac00000, 0x000000008ac00000| Untracked 
|  87|0x000000008ad00000, 0x000000008ad00000, 0x000000008ae00000|  0%| F|  |TAMS 0x000000008ad00000, 0x000000008ad00000| Untracked 
|  88|0x000000008ae00000, 0x000000008ae00000, 0x000000008af00000|  0%| F|  |TAMS 0x000000008ae00000, 0x000000008ae00000| Untracked 
|  89|0x000000008af00000, 0x000000008af00000, 0x000000008b000000|  0%| F|  |TAMS 0x000000008af00000, 0x000000008af00000| Untracked 
|  90|0x000000008b000000, 0x000000008b000000, 0x000000008b100000|  0%| F|  |TAMS 0x000000008b000000, 0x000000008b000000| Untracked 
|  91|0x000000008b100000, 0x000000008b100000, 0x000000008b200000|  0%| F|  |TAMS 0x000000008b100000, 0x000000008b100000| Untracked 
|  92|0x000000008b200000, 0x000000008b200000, 0x000000008b300000|  0%| F|  |TAMS 0x000000008b200000, 0x000000008b200000| Untracked 
|  93|0x000000008b300000, 0x000000008b300000, 0x000000008b400000|  0%| F|  |TAMS 0x000000008b300000, 0x000000008b300000| Untracked 
|  94|0x000000008b400000, 0x000000008b400000, 0x000000008b500000|  0%| F|  |TAMS 0x000000008b400000, 0x000000008b400000| Untracked 
|  95|0x000000008b500000, 0x000000008b500000, 0x000000008b600000|  0%| F|  |TAMS 0x000000008b500000, 0x000000008b500000| Untracked 
|  96|0x000000008b600000, 0x000000008b600000, 0x000000008b700000|  0%| F|  |TAMS 0x000000008b600000, 0x000000008b600000| Untracked 
|  97|0x000000008b700000, 0x000000008b700000, 0x000000008b800000|  0%| F|  |TAMS 0x000000008b700000, 0x000000008b700000| Untracked 
|  98|0x000000008b800000, 0x000000008b800000, 0x000000008b900000|  0%| F|  |TAMS 0x000000008b800000, 0x000000008b800000| Untracked 
|  99|0x000000008b900000, 0x000000008b900000, 0x000000008ba00000|  0%| F|  |TAMS 0x000000008b900000, 0x000000008b900000| Untracked 
| 100|0x000000008ba00000, 0x000000008ba00000, 0x000000008bb00000|  0%| F|  |TAMS 0x000000008ba00000, 0x000000008ba00000| Untracked 
| 101|0x000000008bb00000, 0x000000008bb00000, 0x000000008bc00000|  0%| F|  |TAMS 0x000000008bb00000, 0x000000008bb00000| Untracked 
| 102|0x000000008bc00000, 0x000000008bc00000, 0x000000008bd00000|  0%| F|  |TAMS 0x000000008bc00000, 0x000000008bc00000| Untracked 
| 103|0x000000008bd00000, 0x000000008bd00000, 0x000000008be00000|  0%| F|  |TAMS 0x000000008bd00000, 0x000000008bd00000| Untracked 
| 104|0x000000008be00000, 0x000000008be00000, 0x000000008bf00000|  0%| F|  |TAMS 0x000000008be00000, 0x000000008be00000| Untracked 
| 105|0x000000008bf00000, 0x000000008bf00000, 0x000000008c000000|  0%| F|  |TAMS 0x000000008bf00000, 0x000000008bf00000| Untracked 
| 106|0x000000008c000000, 0x000000008c000000, 0x000000008c100000|  0%| F|  |TAMS 0x000000008c000000, 0x000000008c000000| Untracked 
| 107|0x000000008c100000, 0x000000008c100000, 0x000000008c200000|  0%| F|  |TAMS 0x000000008c100000, 0x000000008c100000| Untracked 
| 108|0x000000008c200000, 0x000000008c200000, 0x000000008c300000|  0%| F|  |TAMS 0x000000008c200000, 0x000000008c200000| Untracked 
| 109|0x000000008c300000, 0x000000008c400000, 0x000000008c400000|100%| S|CS|TAMS 0x000000008c300000, 0x000000008c300000| Complete 
| 110|0x000000008c400000, 0x000000008c500000, 0x000000008c500000|100%| S|CS|TAMS 0x000000008c400000, 0x000000008c400000| Complete 
| 111|0x000000008c500000, 0x000000008c500000, 0x000000008c600000|  0%| F|  |TAMS 0x000000008c500000, 0x000000008c500000| Untracked 
| 112|0x000000008c600000, 0x000000008c600000, 0x000000008c700000|  0%| F|  |TAMS 0x000000008c600000, 0x000000008c600000| Untracked 
| 113|0x000000008c700000, 0x000000008c700000, 0x000000008c800000|  0%| F|  |TAMS 0x000000008c700000, 0x000000008c700000| Untracked 
| 114|0x000000008c800000, 0x000000008c800000, 0x000000008c900000|  0%| F|  |TAMS 0x000000008c800000, 0x000000008c800000| Untracked 
| 115|0x000000008c900000, 0x000000008c900000, 0x000000008ca00000|  0%| F|  |TAMS 0x000000008c900000, 0x000000008c900000| Untracked 
| 116|0x000000008ca00000, 0x000000008ca00000, 0x000000008cb00000|  0%| F|  |TAMS 0x000000008ca00000, 0x000000008ca00000| Untracked 
| 117|0x000000008cb00000, 0x000000008cb00000, 0x000000008cc00000|  0%| F|  |TAMS 0x000000008cb00000, 0x000000008cb00000| Untracked 
| 118|0x000000008cc00000, 0x000000008cc00000, 0x000000008cd00000|  0%| F|  |TAMS 0x000000008cc00000, 0x000000008cc00000| Untracked 
| 119|0x000000008cd00000, 0x000000008cd00000, 0x000000008ce00000|  0%| F|  |TAMS 0x000000008cd00000, 0x000000008cd00000| Untracked 
| 120|0x000000008ce00000, 0x000000008ce00000, 0x000000008cf00000|  0%| F|  |TAMS 0x000000008ce00000, 0x000000008ce00000| Untracked 
| 121|0x000000008cf00000, 0x000000008cf00000, 0x000000008d000000|  0%| F|  |TAMS 0x000000008cf00000, 0x000000008cf00000| Untracked 
| 122|0x000000008d000000, 0x000000008d061c88, 0x000000008d100000| 38%| E|  |TAMS 0x000000008d000000, 0x000000008d000000| Complete 
| 123|0x000000008d100000, 0x000000008d200000, 0x000000008d200000|100%| E|CS|TAMS 0x000000008d100000, 0x000000008d100000| Complete 
|1960|0x00000000ffe00000, 0x00000000ffe76000, 0x00000000fff00000| 46%|OA|  |TAMS 0x00000000ffe00000, 0x00000000ffe00000| Untracked 
|1961|0x00000000fff00000, 0x00000000fff82000, 0x0000000100000000| 50%|CA|  |TAMS 0x00000000fff00000, 0x00000000fff00000| Untracked 

Card table byte_map: [0x00007f2d74867000,0x00007f2d74c3c000] _byte_map_base: 0x00007f2d7443c000

Marking Bits (Prev, Next): (CMBitMap*) 0x00007f2d70070960, (CMBitMap*) 0x00007f2d700709a0
 Prev Bits: [0x00007f2d57558000, 0x00007f2d59400000)
 Next Bits: [0x00007f2d556b0000, 0x00007f2d57558000)

Polling page: 0x00007f2d770da000

Metaspace:

Usage:
  Non-class:      4,54 MB used.
      Class:    509,24 KB used.
       Both:      5,04 MB used.

Virtual space:
  Non-class space:       64,00 MB reserved,       4,62 MB (  7%) committed,  1 nodes.
      Class space:        1,00 GB reserved,     576,00 KB ( <1%) committed,  1 nodes.
             Both:        1,06 GB reserved,       5,19 MB ( <1%) committed. 

Chunk freelists:
   Non-Class:  9,92 MB
       Class:  15,25 MB
        Both:  25,17 MB

MaxMetaspaceSize: unlimited
CompressedClassSpaceSize: 1,00 GB
Initial GC threshold: 21,00 MB
Current GC threshold: 21,00 MB
CDS: on
MetaspaceReclaimPolicy: balanced
 - commit_granule_bytes: 65536.
 - commit_granule_words: 8192.
 - virtual_space_node_default_size: 8388608.
 - enlarge_chunks_in_place: 1.
 - new_chunks_are_fully_committed: 0.
 - uncommit_free_chunks: 1.
 - use_allocation_guard: 0.
 - handle_deallocations: 1.


Internal statistics:

num_allocs_failed_limit: 0.
num_arena_births: 18.
num_arena_deaths: 0.
num_vsnodes_births: 2.
num_vsnodes_deaths: 0.
num_space_committed: 83.
num_space_uncommitted: 0.
num_chunks_returned_to_freelist: 0.
num_chunks_taken_from_freelist: 126.
num_chunk_merges: 0.
num_chunk_splits: 82.
num_chunks_enlarged: 63.
num_inconsistent_stats: 0.

CodeHeap 'non-profiled nmethods': size=120032Kb used=221Kb max_used=221Kb free=119810Kb
 bounds [0x00007f2d60ec8000, 0x00007f2d61138000, 0x00007f2d68400000]
CodeHeap 'profiled nmethods': size=120028Kb used=1265Kb max_used=1265Kb free=118762Kb
 bounds [0x00007f2d59400000, 0x00007f2d59670000, 0x00007f2d60937000]
CodeHeap 'non-nmethods': size=5700Kb used=1242Kb max_used=1258Kb free=4457Kb
 bounds [0x00007f2d60937000, 0x00007f2d60ba7000, 0x00007f2d60ec8000]
 total_blobs=1270 nmethods=715 adapters=469
 compilation: enabled
              stopped_count=0, restarted_count=0
 full_count=0

Compilation events (20 events):
Event: 1,421 Thread 0x00007f2d70121a80  676   !   3       java.util.zip.Inflater::needsInput (55 bytes)
Event: 1,424 Thread 0x00007f2d70120550  684       4       java.lang.StringCoding::hasNegatives (25 bytes)
Event: 1,428 Thread 0x00007f2d70120550 nmethod 684 0x00007f2d60efbf10 code [0x00007f2d60efc0a0, 0x00007f2d60efc258]
Event: 1,428 Thread 0x00007f2d70120550  699       4       sun.net.www.ParseUtil::firstEncodeIndex (86 bytes)
Event: 1,440 Thread 0x00007f2d70120550 nmethod 699 0x00007f2d60efc390 code [0x00007f2d60efc520, 0x00007f2d60efc728]
Event: 1,440 Thread 0x00007f2d70120550  700       4       java.lang.String::isEmpty (14 bytes)
Event: 1,441 Thread 0x00007f2d70120550 nmethod 700 0x00007f2d60efc910 code [0x00007f2d60efcaa0, 0x00007f2d60efcb38]
Event: 1,441 Thread 0x00007f2d70120550  701       4       java.lang.String::checkBoundsBeginEnd (63 bytes)
Event: 1,442 Thread 0x00007f2d70120550 nmethod 701 0x00007f2d60efcc10 code [0x00007f2d60efcda0, 0x00007f2d60efce58]
Event: 1,444 Thread 0x00007f2d70121a80 nmethod 676 0x00007f2d59531410 code [0x00007f2d595315c0, 0x00007f2d59531970]
Event: 1,444 Thread 0x00007f2d70121a80  691       3       java.io.DataInputStream::readUTF (501 bytes)
Event: 1,448 Thread 0x00007f2d70120550  705       4       jdk.internal.org.objectweb.asm.ByteVector::putUTF8 (144 bytes)
Event: 1,449 Thread 0x00007f2d70121a80 nmethod 691 0x00007f2d59531a90 code [0x00007f2d59531ee0, 0x00007f2d59533f00]
Event: 1,449 Thread 0x00007f2d70121a80  706       3       java.util.HashMap::put (13 bytes)
Event: 1,450 Thread 0x00007f2d70121a80 nmethod 706 0x00007f2d59534a90 code [0x00007f2d59534c60, 0x00007f2d59534f50]
Event: 1,450 Thread 0x00007f2d70121a80  698       3       java.io.DataInputStream::readFully (59 bytes)
Event: 1,450 Thread 0x00007f2d70121a80 nmethod 698 0x00007f2d59535090 code [0x00007f2d59535280, 0x00007f2d595357a0]
Event: 1,450 Thread 0x00007f2d70121a80  697  s    3       java.io.BufferedInputStream::read (113 bytes)
Event: 1,455 Thread 0x00007f2d70120550 nmethod 705 0x00007f2d60efcf10 code [0x00007f2d60efd0c0, 0x00007f2d60efd458]
Event: 1,455 Thread 0x00007f2d70120550  707       4       java.util.concurrent.ConcurrentHashMap::setTabAt (20 bytes)

GC Heap History (2 events):
Event: 1,384 GC heap before
{Heap before GC invocations=0 (full 0):
 garbage-first heap   total 129024K, used 15328K [0x0000000085600000, 0x0000000100000000)
  region size 1024K, 13 young (13312K), 0 survivors (0K)
 Metaspace       used 4660K, committed 4800K, reserved 1114112K
  class space    used 453K, committed 512K, reserved 1048576K
}
Event: 1,415 GC heap after
{Heap after GC invocations=1 (full 0):
 garbage-first heap   total 129024K, used 4576K [0x0000000085600000, 0x0000000100000000)
  region size 1024K, 2 young (2048K), 2 survivors (2048K)
 Metaspace       used 4660K, committed 4800K, reserved 1114112K
  class space    used 453K, committed 512K, reserved 1048576K
}

Dll operation events (11 events):
Event: 0,004 Loaded shared library /usr/lib/jvm/java-17-openjdk-amd64/lib/libjava.so
Event: 0,040 Loaded shared library /usr/lib/jvm/java-17-openjdk-amd64/lib/libjsvml.so
Event: 0,311 Loaded shared library /usr/lib/jvm/java-17-openjdk-amd64/lib/libzip.so
Event: 0,314 Loaded shared library /usr/lib/jvm/java-17-openjdk-amd64/lib/libinstrument.so
Event: 0,321 Loaded shared library /usr/lib/jvm/java-17-openjdk-amd64/lib/libnio.so
Event: 0,356 Loaded shared library /usr/lib/jvm/java-17-openjdk-amd64/lib/libzip.so
Event: 0,514 Loaded shared library /usr/lib/jvm/java-17-openjdk-amd64/lib/libnet.so
Event: 0,514 Loaded shared library /usr/lib/jvm/java-17-openjdk-amd64/lib/libjimage.so
Event: 0,544 Loaded shared library /usr/lib/jvm/java-17-openjdk-amd64/lib/libextnet.so
Event: 0,788 Loaded shared library /tmp/jffi4548781896848938262.so
Event: 0,880 Loaded shared library /usr/lib/jvm/java-17-openjdk-amd64/lib/libverify.so

Deoptimization events (20 events):
Event: 0,335 Thread 0x00007f2d70016800 Uncommon trap: trap_request=0xfffffff4 fr.pc=0x00007f2d60ed244c relative=0x00000000000001ac
Event: 0,335 Thread 0x00007f2d70016800 Uncommon trap: reason=null_check action=make_not_entrant pc=0x00007f2d60ed244c method=java.lang.String.equals(Ljava/lang/Object;)Z @ 8 c2
Event: 0,335 Thread 0x00007f2d70016800 DEOPT PACKING pc=0x00007f2d60ed244c sp=0x00007f2d755fd2b0
Event: 0,335 Thread 0x00007f2d70016800 DEOPT UNPACKING pc=0x00007f2d6098d699 sp=0x00007f2d755fd278 mode 2
Event: 0,450 Thread 0x00007f2d70016800 Uncommon trap: trap_request=0xffffff45 fr.pc=0x00007f2d60ed4010 relative=0x00000000000006b0
Event: 0,450 Thread 0x00007f2d70016800 Uncommon trap: reason=unstable_if action=reinterpret pc=0x00007f2d60ed4010 method=java.util.HashMap.putVal(ILjava/lang/Object;Ljava/lang/Object;ZZ)Ljava/lang/Object; @ 69 c2
Event: 0,450 Thread 0x00007f2d70016800 DEOPT PACKING pc=0x00007f2d60ed4010 sp=0x00007f2d755fdf50
Event: 0,450 Thread 0x00007f2d70016800 DEOPT UNPACKING pc=0x00007f2d6098d699 sp=0x00007f2d755fdef0 mode 2
Event: 0,642 Thread 0x00007f2d70016800 Uncommon trap: trap_request=0xffffff45 fr.pc=0x00007f2d60ed9618 relative=0x0000000000000078
Event: 0,642 Thread 0x00007f2d70016800 Uncommon trap: reason=unstable_if action=reinterpret pc=0x00007f2d60ed9618 method=java.lang.String.isLatin1()Z @ 10 c2
Event: 0,642 Thread 0x00007f2d70016800 DEOPT PACKING pc=0x00007f2d60ed9618 sp=0x00007f2d755fa710
Event: 0,642 Thread 0x00007f2d70016800 DEOPT UNPACKING pc=0x00007f2d6098d699 sp=0x00007f2d755fa670 mode 2
Event: 0,647 Thread 0x00007f2d70016800 Uncommon trap: trap_request=0xffffff45 fr.pc=0x00007f2d60ed5cfc relative=0x000000000000005c
Event: 0,647 Thread 0x00007f2d70016800 Uncommon trap: reason=unstable_if action=reinterpret pc=0x00007f2d60ed5cfc method=java.lang.String.isLatin1()Z @ 10 c2
Event: 0,647 Thread 0x00007f2d70016800 DEOPT PACKING pc=0x00007f2d60ed5cfc sp=0x00007f2d755fa660
Event: 0,647 Thread 0x00007f2d70016800 DEOPT UNPACKING pc=0x00007f2d6098d699 sp=0x00007f2d755fa610 mode 2
Event: 1,440 Thread 0x00007f2d70016800 Uncommon trap: trap_request=0xffffff45 fr.pc=0x00007f2d60ef9a5c relative=0x000000000000159c
Event: 1,440 Thread 0x00007f2d70016800 Uncommon trap: reason=unstable_if action=reinterpret pc=0x00007f2d60ef9a5c method=java.util.HashMap.hash(Ljava/lang/Object;)I @ 1 c2
Event: 1,440 Thread 0x00007f2d70016800 DEOPT PACKING pc=0x00007f2d60ef9a5c sp=0x00007f2d755fdd70
Event: 1,440 Thread 0x00007f2d70016800 DEOPT UNPACKING pc=0x00007f2d6098d699 sp=0x00007f2d755fdd20 mode 2

Classes unloaded (0 events):
No events

Classes redefined (0 events):
No events

Internal exceptions (9 events):
Event: 0,335 Thread 0x00007f2d70016800 Implicit null exception at 0x00007f2d60ed22d5 to 0x00007f2d60ed243c
Event: 0,521 Thread 0x00007f2d702f8ef0 Exception <a 'java/lang/NoSuchMethodError'{0x000000008ce03658}: 'java.lang.Object java.lang.invoke.DirectMethodHandle$Holder.invokeStaticInit(java.lang.Object)'> (0x000000008ce03658) 
thrown [./src/hotspot/share/interpreter/linkResolver.cpp, line 758]
Event: 0,546 Thread 0x00007f2d702f8ef0 Exception <a 'java/lang/NoSuchMethodError'{0x000000008ce11d00}: 'void java.lang.invoke.DirectMethodHandle$Holder.invokeStatic(java.lang.Object, java.lang.Object)'> (0x000000008ce11d00) 
thrown [./src/hotspot/share/interpreter/linkResolver.cpp, line 758]
Event: 1,085 Thread 0x00007f2d70016800 Exception <a 'java/lang/UnsatisfiedLinkError'{0x000000008c91e150}: meos: Ne peut ouvrir le fichier d'objet partagé: Aucun fichier ou dossier de ce type> (0x000000008c91e150) 
thrown [./src/hotspot/share/prims/jni.cpp, line 535]
Event: 1,269 Thread 0x00007f2d70016800 Exception <a 'java/lang/NoSuchMethodError'{0x000000008c62bb58}: 'java.lang.Object java.lang.invoke.DirectMethodHandle$Holder.newInvokeSpecial(java.lang.Object, java.lang.Object, java.lang.Object, java.lang.Object, java.lang.Object)'> (0x000000008c62bb58) 
thrown [./src/hotspot/share/interpreter/linkResolver.cpp, line 758]
Event: 1,358 Thread 0x00007f2d70016800 Exception <a 'java/lang/UnsatisfiedLinkError'{0x000000008c580e50}: /usr/local/lib/libmeos.so: undefined symbol: intrange_to_intspan> (0x000000008c580e50) 
thrown [./src/hotspot/share/prims/jni.cpp, line 535]
Event: 1,359 Thread 0x00007f2d70016800 Exception <a 'java/lang/UnsatisfiedLinkError'{0x000000008c582a38}: /usr/local/lib/libmeos.so: undefined symbol: floatrange_to_floatspan> (0x000000008c582a38) 
thrown [./src/hotspot/share/prims/jni.cpp, line 535]
Event: 1,369 Thread 0x00007f2d70016800 Exception <a 'java/lang/UnsatisfiedLinkError'{0x000000008c5887c0}: /usr/local/lib/libmeos.so: undefined symbol: distance_timestamp_timestamp> (0x000000008c5887c0) 
thrown [./src/hotspot/share/prims/jni.cpp, line 535]
Event: 1,440 Thread 0x00007f2d70016800 Implicit null exception at 0x00007f2d60ef8500 to 0x00007f2d60ef9a48

VM Operations (12 events):
Event: 0,197 Executing VM operation: HandshakeAllThreads
Event: 0,197 Executing VM operation: HandshakeAllThreads done
Event: 0,514 Executing VM operation: HandshakeAllThreads
Event: 0,514 Executing VM operation: HandshakeAllThreads done
Event: 0,696 Executing VM operation: HandshakeAllThreads
Event: 0,696 Executing VM operation: HandshakeAllThreads done
Event: 0,859 Executing VM operation: HandshakeAllThreads
Event: 0,860 Executing VM operation: HandshakeAllThreads done
Event: 1,015 Executing VM operation: HandshakeAllThreads
Event: 1,015 Executing VM operation: HandshakeAllThreads done
Event: 1,383 Executing VM operation: G1CollectForAllocation
Event: 1,415 Executing VM operation: G1CollectForAllocation done

Events (20 events):
Event: 1,441 loading class java/time/OffsetDateTime
Event: 1,442 loading class java/time/OffsetDateTime done
Event: 1,443 loading class java/text/ParsePosition
Event: 1,443 loading class java/text/ParsePosition done
Event: 1,443 loading class java/time/format/DateTimeParseContext
Event: 1,444 loading class java/time/format/DateTimeParseContext done
Event: 1,444 loading class java/time/format/Parsed
Event: 1,444 loading class java/time/format/Parsed done
Event: 1,445 loading class sun/util/calendar/ZoneInfoFile$Checksum
Event: 1,445 loading class sun/util/calendar/ZoneInfoFile$Checksum done
Event: 1,446 loading class java/time/ZonedDateTime
Event: 1,446 loading class java/time/chrono/ChronoZonedDateTime
Event: 1,446 loading class sun/util/locale/provider/TimeZoneNameUtility
Event: 1,446 loading class sun/util/locale/provider/TimeZoneNameUtility done
Event: 1,446 loading class java/time/chrono/ChronoZonedDateTime done
Event: 1,447 loading class sun/util/locale/provider/TimeZoneNameUtility$TimeZoneNameGetter
Event: 1,447 loading class sun/util/locale/provider/TimeZoneNameUtility$TimeZoneNameGetter done
Event: 1,447 loading class java/time/ZonedDateTime done
Event: 1,448 loading class java/nio/StringCharBuffer
Event: 1,448 loading class java/nio/StringCharBuffer done


Dynamic libraries:
85600000-8d200000 rw-p 00000000 00:00 0 
8d200000-ffe00000 ---p 00000000 00:00 0 
ffe00000-ffe76000 rw-p 00c9d000 08:02 10491600                           /usr/lib/jvm/java-17-openjdk-amd64/lib/server/classes.jsa
ffe76000-fff00000 rw-p 00000000 00:00 0 
fff00000-fff82000 rw-p 00c1b000 08:02 10491600                           /usr/lib/jvm/java-17-openjdk-amd64/lib/server/classes.jsa
fff82000-100000000 rw-p 00000000 00:00 0 
800000000-800458000 rw-p 00001000 08:02 10491600                         /usr/lib/jvm/java-17-openjdk-amd64/lib/server/classes.jsa
800458000-800be2000 r--p 00459000 08:02 10491600                         /usr/lib/jvm/java-17-openjdk-amd64/lib/server/classes.jsa
800be2000-801000000 ---p 00000000 00:00 0 
801000000-801040000 rw-p 00000000 00:00 0 
801040000-801090000 rw-p 00000000 00:00 0 
801090000-841000000 ---p 00000000 00:00 0 
55ea322a0000-55ea322a1000 r--p 00000000 08:02 10485864                   /usr/lib/jvm/java-17-openjdk-amd64/bin/java
55ea322a1000-55ea322a2000 r-xp 00001000 08:02 10485864                   /usr/lib/jvm/java-17-openjdk-amd64/bin/java
55ea322a2000-55ea322a3000 r--p 00002000 08:02 10485864                   /usr/lib/jvm/java-17-openjdk-amd64/bin/java
55ea322a3000-55ea322a4000 r--p 00002000 08:02 10485864                   /usr/lib/jvm/java-17-openjdk-amd64/bin/java
55ea322a4000-55ea322a5000 rw-p 00003000 08:02 10485864                   /usr/lib/jvm/java-17-openjdk-amd64/bin/java
55ea3285b000-55ea328a3000 rw-p 00000000 00:00 0                          [heap]
7f2cec000000-7f2cec021000 rw-p 00000000 00:00 0 
7f2cec021000-7f2cf0000000 ---p 00000000 00:00 0 
7f2cf4000000-7f2cf4021000 rw-p 00000000 00:00 0 
7f2cf4021000-7f2cf8000000 ---p 00000000 00:00 0 
7f2cf8000000-7f2cf8021000 rw-p 00000000 00:00 0 
7f2cf8021000-7f2cfc000000 ---p 00000000 00:00 0 
7f2cfc000000-7f2cfc028000 rw-p 00000000 00:00 0 
7f2cfc028000-7f2d00000000 ---p 00000000 00:00 0 
7f2d038fe000-7f2d038ff000 ---p 00000000 00:00 0 
7f2d038ff000-7f2d03a00000 rw-p 00000000 00:00 0 
7f2d03a00000-7f2d03ab2000 r--p 00000000 08:02 10357909                   /usr/lib/x86_64-linux-gnu/libcrypto.so.3
7f2d03ab2000-7f2d03d10000 r-xp 000b2000 08:02 10357909                   /usr/lib/x86_64-linux-gnu/libcrypto.so.3
7f2d03d10000-7f2d03de2000 r--p 00310000 08:02 10357909                   /usr/lib/x86_64-linux-gnu/libcrypto.so.3
7f2d03de2000-7f2d03e3d000 r--p 003e1000 08:02 10357909                   /usr/lib/x86_64-linux-gnu/libcrypto.so.3
7f2d03e3d000-7f2d03e40000 rw-p 0043c000 08:02 10357909                   /usr/lib/x86_64-linux-gnu/libcrypto.so.3
7f2d03e40000-7f2d03e43000 rw-p 00000000 00:00 0 
7f2d03efe000-7f2d03eff000 ---p 00000000 00:00 0 
7f2d03eff000-7f2d04000000 rw-p 00000000 00:00 0 
7f2d04000000-7f2d04021000 rw-p 00000000 00:00 0 
7f2d04021000-7f2d08000000 ---p 00000000 00:00 0 
7f2d08000000-7f2d08021000 rw-p 00000000 00:00 0 
7f2d08021000-7f2d0c000000 ---p 00000000 00:00 0 
7f2d0c000000-7f2d0c021000 rw-p 00000000 00:00 0 
7f2d0c021000-7f2d10000000 ---p 00000000 00:00 0 
7f2d10000000-7f2d10021000 rw-p 00000000 00:00 0 
7f2d10021000-7f2d14000000 ---p 00000000 00:00 0 
7f2d14000000-7f2d14356000 rw-p 00000000 00:00 0 
7f2d14356000-7f2d18000000 ---p 00000000 00:00 0 
7f2d18000000-7f2d18021000 rw-p 00000000 00:00 0 
7f2d18021000-7f2d1c000000 ---p 00000000 00:00 0 
7f2d1c000000-7f2d1c021000 rw-p 00000000 00:00 0 
7f2d1c021000-7f2d20000000 ---p 00000000 00:00 0 
7f2d20000000-7f2d202f8000 rw-p 00000000 00:00 0 
7f2d202f8000-7f2d24000000 ---p 00000000 00:00 0 
7f2d24000000-7f2d24021000 rw-p 00000000 00:00 0 
7f2d24021000-7f2d28000000 ---p 00000000 00:00 0 
7f2d28000000-7f2d28021000 rw-p 00000000 00:00 0 
7f2d28021000-7f2d2c000000 ---p 00000000 00:00 0 
7f2d2c000000-7f2d2c021000 rw-p 00000000 00:00 0 
7f2d2c021000-7f2d30000000 ---p 00000000 00:00 0 
7f2d30000000-7f2d30021000 rw-p 00000000 00:00 0 
7f2d30021000-7f2d34000000 ---p 00000000 00:00 0 
7f2d34000000-7f2d34021000 rw-p 00000000 00:00 0 
7f2d34021000-7f2d38000000 ---p 00000000 00:00 0 
7f2d38000000-7f2d38021000 rw-p 00000000 00:00 0 
7f2d38021000-7f2d3c000000 ---p 00000000 00:00 0 
7f2d3c000000-7f2d3c280000 rw-p 00000000 00:00 0 
7f2d3c280000-7f2d3c400000 ---p 00000000 00:00 0 
7f2d3c400000-7f2d3c620000 rw-p 00000000 00:00 0 
7f2d3c620000-7f2d40000000 ---p 00000000 00:00 0 
7f2d40000000-7f2d40021000 rw-p 00000000 00:00 0 
7f2d40021000-7f2d44000000 ---p 00000000 00:00 0 
7f2d44091000-7f2d44092000 ---p 00000000 00:00 0 
7f2d44092000-7f2d44193000 rw-p 00000000 00:00 0 
7f2d44193000-7f2d44197000 ---p 00000000 00:00 0 
7f2d44197000-7f2d44293000 rw-p 00000000 00:00 0 
7f2d44293000-7f2d44296000 r--p 00000000 08:02 10365379                   /usr/lib/x86_64-linux-gnu/libresolv.so.2
7f2d44296000-7f2d442a0000 r-xp 00003000 08:02 10365379                   /usr/lib/x86_64-linux-gnu/libresolv.so.2
7f2d442a0000-7f2d442a3000 r--p 0000d000 08:02 10365379                   /usr/lib/x86_64-linux-gnu/libresolv.so.2
7f2d442a3000-7f2d442a4000 r--p 0000f000 08:02 10365379                   /usr/lib/x86_64-linux-gnu/libresolv.so.2
7f2d442a4000-7f2d442a5000 rw-p 00010000 08:02 10365379                   /usr/lib/x86_64-linux-gnu/libresolv.so.2
7f2d442a5000-7f2d442a7000 rw-p 00000000 00:00 0 
7f2d442a7000-7f2d442a9000 r--p 00000000 08:02 10356728                   /usr/lib/x86_64-linux-gnu/libffi.so.8.1.0
7f2d442a9000-7f2d442b0000 r-xp 00002000 08:02 10356728                   /usr/lib/x86_64-linux-gnu/libffi.so.8.1.0
7f2d442b0000-7f2d442b1000 r--p 00009000 08:02 10356728                   /usr/lib/x86_64-linux-gnu/libffi.so.8.1.0
7f2d442b1000-7f2d442b2000 ---p 0000a000 08:02 10356728                   /usr/lib/x86_64-linux-gnu/libffi.so.8.1.0
7f2d442b2000-7f2d442b3000 r--p 0000a000 08:02 10356728                   /usr/lib/x86_64-linux-gnu/libffi.so.8.1.0
7f2d442b3000-7f2d442b4000 rw-p 0000b000 08:02 10356728                   /usr/lib/x86_64-linux-gnu/libffi.so.8.1.0
7f2d442b4000-7f2d442b5000 r--p 00000000 08:02 10355681                   /usr/lib/x86_64-linux-gnu/libbrotlicommon.so.1.0.9
7f2d442b5000-7f2d442b6000 r-xp 00001000 08:02 10355681                   /usr/lib/x86_64-linux-gnu/libbrotlicommon.so.1.0.9
7f2d442b6000-7f2d442d5000 r--p 00002000 08:02 10355681                   /usr/lib/x86_64-linux-gnu/libbrotlicommon.so.1.0.9
7f2d442d5000-7f2d442d6000 r--p 00020000 08:02 10355681                   /usr/lib/x86_64-linux-gnu/libbrotlicommon.so.1.0.9
7f2d442d6000-7f2d442d7000 rw-p 00021000 08:02 10355681                   /usr/lib/x86_64-linux-gnu/libbrotlicommon.so.1.0.9
7f2d442d7000-7f2d442da000 r--p 00000000 08:02 10356794                   /usr/lib/x86_64-linux-gnu/libsasl2.so.2.0.25
7f2d442da000-7f2d442eb000 r-xp 00003000 08:02 10356794                   /usr/lib/x86_64-linux-gnu/libsasl2.so.2.0.25
7f2d442eb000-7f2d442f0000 r--p 00014000 08:02 10356794                   /usr/lib/x86_64-linux-gnu/libsasl2.so.2.0.25
7f2d442f0000-7f2d442f1000 r--p 00018000 08:02 10356794                   /usr/lib/x86_64-linux-gnu/libsasl2.so.2.0.25
7f2d442f1000-7f2d442f2000 rw-p 00019000 08:02 10356794                   /usr/lib/x86_64-linux-gnu/libsasl2.so.2.0.25
7f2d442f2000-7f2d442f5000 r--p 00000000 08:02 10355637                   /usr/lib/x86_64-linux-gnu/libkrb5support.so.0.1
7f2d442f5000-7f2d442fb000 r-xp 00003000 08:02 10355637                   /usr/lib/x86_64-linux-gnu/libkrb5support.so.0.1
7f2d442fb000-7f2d442fd000 r--p 00009000 08:02 10355637                   /usr/lib/x86_64-linux-gnu/libkrb5support.so.0.1
7f2d442fd000-7f2d442fe000 ---p 0000b000 08:02 10355637                   /usr/lib/x86_64-linux-gnu/libkrb5support.so.0.1
7f2d442fe000-7f2d442ff000 r--p 0000b000 08:02 10355637                   /usr/lib/x86_64-linux-gnu/libkrb5support.so.0.1
7f2d442ff000-7f2d44300000 rw-p 0000c000 08:02 10355637                   /usr/lib/x86_64-linux-gnu/libkrb5support.so.0.1
7f2d44300000-7f2d44304000 r--p 00000000 08:02 10357711                   /usr/lib/x86_64-linux-gnu/libk5crypto.so.3.1
7f2d44304000-7f2d4431f000 r-xp 00004000 08:02 10357711                   /usr/lib/x86_64-linux-gnu/libk5crypto.so.3.1
7f2d4431f000-7f2d4432b000 r--p 0001f000 08:02 10357711                   /usr/lib/x86_64-linux-gnu/libk5crypto.so.3.1
7f2d4432b000-7f2d4432c000 ---p 0002b000 08:02 10357711                   /usr/lib/x86_64-linux-gnu/libk5crypto.so.3.1
7f2d4432c000-7f2d4432d000 r--p 0002b000 08:02 10357711                   /usr/lib/x86_64-linux-gnu/libk5crypto.so.3.1
7f2d4432d000-7f2d4432e000 rw-p 0002c000 08:02 10357711                   /usr/lib/x86_64-linux-gnu/libk5crypto.so.3.1
7f2d4432e000-7f2d4432f000 rw-p 00000000 00:00 0 
7f2d4432f000-7f2d44350000 r--p 00000000 08:02 10356892                   /usr/lib/x86_64-linux-gnu/libkrb5.so.3.3
7f2d44350000-7f2d443ad000 r-xp 00021000 08:02 10356892                   /usr/lib/x86_64-linux-gnu/libkrb5.so.3.3
7f2d443ad000-7f2d443ea000 r--p 0007e000 08:02 10356892                   /usr/lib/x86_64-linux-gnu/libkrb5.so.3.3
7f2d443ea000-7f2d443eb000 ---p 000bb000 08:02 10356892                   /usr/lib/x86_64-linux-gnu/libkrb5.so.3.3
7f2d443eb000-7f2d443f8000 r--p 000bb000 08:02 10356892                   /usr/lib/x86_64-linux-gnu/libkrb5.so.3.3
7f2d443f8000-7f2d443fa000 rw-p 000c8000 08:02 10356892                   /usr/lib/x86_64-linux-gnu/libkrb5.so.3.3
7f2d443fa000-7f2d443fd000 r--p 00000000 08:02 10361751                   /usr/lib/x86_64-linux-gnu/libtasn1.so.6.6.2
7f2d443fd000-7f2d4440b000 r-xp 00003000 08:02 10361751                   /usr/lib/x86_64-linux-gnu/libtasn1.so.6.6.2
7f2d4440b000-7f2d4440f000 r--p 00011000 08:02 10361751                   /usr/lib/x86_64-linux-gnu/libtasn1.so.6.6.2
7f2d4440f000-7f2d44410000 ---p 00015000 08:02 10361751                   /usr/lib/x86_64-linux-gnu/libtasn1.so.6.6.2
7f2d44410000-7f2d44411000 r--p 00015000 08:02 10361751                   /usr/lib/x86_64-linux-gnu/libtasn1.so.6.6.2
7f2d44411000-7f2d44412000 rw-p 00016000 08:02 10361751                   /usr/lib/x86_64-linux-gnu/libtasn1.so.6.6.2
7f2d44412000-7f2d4443b000 r--p 00000000 08:02 10356002                   /usr/lib/x86_64-linux-gnu/libp11-kit.so.0.3.0
7f2d4443b000-7f2d444df000 r-xp 00029000 08:02 10356002                   /usr/lib/x86_64-linux-gnu/libp11-kit.so.0.3.0
7f2d444df000-7f2d44539000 r--p 000cd000 08:02 10356002                   /usr/lib/x86_64-linux-gnu/libp11-kit.so.0.3.0
7f2d44539000-7f2d44543000 r--p 00126000 08:02 10356002                   /usr/lib/x86_64-linux-gnu/libp11-kit.so.0.3.0
7f2d44543000-7f2d4454d000 rw-p 00130000 08:02 10356002                   /usr/lib/x86_64-linux-gnu/libp11-kit.so.0.3.0
7f2d4454d000-7f2d44557000 r--p 00000000 08:02 10357741                   /usr/lib/x86_64-linux-gnu/libgmp.so.10.4.1
7f2d44557000-7f2d445b6000 r-xp 0000a000 08:02 10357741                   /usr/lib/x86_64-linux-gnu/libgmp.so.10.4.1
7f2d445b6000-7f2d445cd000 r--p 00069000 08:02 10357741                   /usr/lib/x86_64-linux-gnu/libgmp.so.10.4.1
7f2d445cd000-7f2d445ce000 r--p 0007f000 08:02 10357741                   /usr/lib/x86_64-linux-gnu/libgmp.so.10.4.1
7f2d445ce000-7f2d445cf000 rw-p 00080000 08:02 10357741                   /usr/lib/x86_64-linux-gnu/libgmp.so.10.4.1
7f2d445cf000-7f2d445d7000 r--p 00000000 08:02 10360657                   /usr/lib/x86_64-linux-gnu/libhogweed.so.6.4
7f2d445d7000-7f2d445ea000 r-xp 00008000 08:02 10360657                   /usr/lib/x86_64-linux-gnu/libhogweed.so.6.4
7f2d445ea000-7f2d44614000 r--p 0001b000 08:02 10360657                   /usr/lib/x86_64-linux-gnu/libhogweed.so.6.4
7f2d44614000-7f2d44615000 ---p 00045000 08:02 10360657                   /usr/lib/x86_64-linux-gnu/libhogweed.so.6.4
7f2d44615000-7f2d44616000 r--p 00045000 08:02 10360657                   /usr/lib/x86_64-linux-gnu/libhogweed.so.6.4
7f2d44616000-7f2d44617000 rw-p 00046000 08:02 10360657                   /usr/lib/x86_64-linux-gnu/libhogweed.so.6.4
7f2d44617000-7f2d44628000 r--p 00000000 08:02 10360661                   /usr/lib/x86_64-linux-gnu/libunistring.so.2.2.0
7f2d44628000-7f2d4465e000 r-xp 00011000 08:02 10360661                   /usr/lib/x86_64-linux-gnu/libunistring.so.2.2.0
7f2d4465e000-7f2d447bc000 r--p 00047000 08:02 10360661                   /usr/lib/x86_64-linux-gnu/libunistring.so.2.2.0
7f2d447bc000-7f2d447c0000 r--p 001a5000 08:02 10360661                   /usr/lib/x86_64-linux-gnu/libunistring.so.2.2.0
7f2d447c0000-7f2d447c1000 rw-p 001a9000 08:02 10360661                   /usr/lib/x86_64-linux-gnu/libunistring.so.2.2.0
7f2d447c1000-7f2d447cf000 r--p 00000000 08:02 10362052                   /usr/lib/x86_64-linux-gnu/libldap-2.5.so.0.1.9
7f2d447cf000-7f2d44809000 r-xp 0000e000 08:02 10362052                   /usr/lib/x86_64-linux-gnu/libldap-2.5.so.0.1.9
7f2d44809000-7f2d4481a000 r--p 00048000 08:02 10362052                   /usr/lib/x86_64-linux-gnu/libldap-2.5.so.0.1.9
7f2d4481a000-7f2d4481b000 ---p 00059000 08:02 10362052                   /usr/lib/x86_64-linux-gnu/libldap-2.5.so.0.1.9
7f2d4481b000-7f2d4481d000 r--p 00059000 08:02 10362052                   /usr/lib/x86_64-linux-gnu/libldap-2.5.so.0.1.9
7f2d4481d000-7f2d4481e000 rw-p 0005b000 08:02 10362052                   /usr/lib/x86_64-linux-gnu/libldap-2.5.so.0.1.9
7f2d4481e000-7f2d44820000 rw-p 00000000 00:00 0 
7f2d44820000-7f2d4482b000 r--p 00000000 08:02 10357451                   /usr/lib/x86_64-linux-gnu/libgssapi_krb5.so.2.2
7f2d4482b000-7f2d44863000 r-xp 0000b000 08:02 10357451                   /usr/lib/x86_64-linux-gnu/libgssapi_krb5.so.2.2
7f2d44863000-7f2d4486f000 r--p 00043000 08:02 10357451                   /usr/lib/x86_64-linux-gnu/libgssapi_krb5.so.2.2
7f2d4486f000-7f2d44870000 ---p 0004f000 08:02 10357451                   /usr/lib/x86_64-linux-gnu/libgssapi_krb5.so.2.2
7f2d44870000-7f2d44872000 r--p 0004f000 08:02 10357451                   /usr/lib/x86_64-linux-gnu/libgssapi_krb5.so.2.2
7f2d44872000-7f2d44874000 rw-p 00051000 08:02 10357451                   /usr/lib/x86_64-linux-gnu/libgssapi_krb5.so.2.2
7f2d44874000-7f2d448a5000 r--p 00000000 08:02 10357230                   /usr/lib/x86_64-linux-gnu/libgnutls.so.30.31.0
7f2d448a5000-7f2d449ce000 r-xp 00031000 08:02 10357230                   /usr/lib/x86_64-linux-gnu/libgnutls.so.30.31.0
7f2d449ce000-7f2d44a4b000 r--p 0015a000 08:02 10357230                   /usr/lib/x86_64-linux-gnu/libgnutls.so.30.31.0
7f2d44a4b000-7f2d44a5b000 r--p 001d6000 08:02 10357230                   /usr/lib/x86_64-linux-gnu/libgnutls.so.30.31.0
7f2d44a5b000-7f2d44a5d000 rw-p 001e6000 08:02 10357230                   /usr/lib/x86_64-linux-gnu/libgnutls.so.30.31.0
7f2d44a5d000-7f2d44a5f000 rw-p 00000000 00:00 0 
7f2d44a5f000-7f2d44a69000 r--p 00000000 08:02 10355057                   /usr/lib/x86_64-linux-gnu/libnettle.so.8.4
7f2d44a69000-7f2d44a8c000 r-xp 0000a000 08:02 10355057                   /usr/lib/x86_64-linux-gnu/libnettle.so.8.4
7f2d44a8c000-7f2d44aa2000 r--p 0002d000 08:02 10355057                   /usr/lib/x86_64-linux-gnu/libnettle.so.8.4
7f2d44aa2000-7f2d44aa4000 r--p 00042000 08:02 10355057                   /usr/lib/x86_64-linux-gnu/libnettle.so.8.4
7f2d44aa4000-7f2d44aa5000 rw-p 00044000 08:02 10355057                   /usr/lib/x86_64-linux-gnu/libnettle.so.8.4
7f2d44aa5000-7f2d44ab2000 r--p 00000000 08:02 10355513                   /usr/lib/x86_64-linux-gnu/libssh.so.4.8.7
7f2d44ab2000-7f2d44af5000 r-xp 0000d000 08:02 10355513                   /usr/lib/x86_64-linux-gnu/libssh.so.4.8.7
7f2d44af5000-7f2d44b0d000 r--p 00050000 08:02 10355513                   /usr/lib/x86_64-linux-gnu/libssh.so.4.8.7
7f2d44b0d000-7f2d44b0e000 ---p 00068000 08:02 10355513                   /usr/lib/x86_64-linux-gnu/libssh.so.4.8.7
7f2d44b0e000-7f2d44b10000 r--p 00068000 08:02 10355513                   /usr/lib/x86_64-linux-gnu/libssh.so.4.8.7
7f2d44b10000-7f2d44b12000 rw-p 0006a000 08:02 10355513                   /usr/lib/x86_64-linux-gnu/libssh.so.4.8.7
7f2d44b12000-7f2d44b17000 r--p 00000000 08:02 10355338                   /usr/lib/x86_64-linux-gnu/librtmp.so.1
7f2d44b17000-7f2d44b27000 r-xp 00005000 08:02 10355338                   /usr/lib/x86_64-linux-gnu/librtmp.so.1
7f2d44b27000-7f2d44b2e000 r--p 00015000 08:02 10355338                   /usr/lib/x86_64-linux-gnu/librtmp.so.1
7f2d44b2e000-7f2d44b2f000 ---p 0001c000 08:02 10355338                   /usr/lib/x86_64-linux-gnu/librtmp.so.1
7f2d44b2f000-7f2d44b30000 r--p 0001c000 08:02 10355338                   /usr/lib/x86_64-linux-gnu/librtmp.so.1
7f2d44b30000-7f2d44b31000 rw-p 0001d000 08:02 10355338                   /usr/lib/x86_64-linux-gnu/librtmp.so.1
7f2d44b31000-7f2d44b3b000 r--p 00000000 08:02 10354868                   /usr/lib/x86_64-linux-gnu/libzstd.so.1.4.8
7f2d44b3b000-7f2d44bed000 r-xp 0000a000 08:02 10354868                   /usr/lib/x86_64-linux-gnu/libzstd.so.1.4.8
7f2d44bed000-7f2d44bfe000 r--p 000bc000 08:02 10354868                   /usr/lib/x86_64-linux-gnu/libzstd.so.1.4.8
7f2d44bfe000-7f2d44bff000 r--p 000cc000 08:02 10354868                   /usr/lib/x86_64-linux-gnu/libzstd.so.1.4.8
7f2d44bff000-7f2d44c00000 rw-p 000cd000 08:02 10354868                   /usr/lib/x86_64-linux-gnu/libzstd.so.1.4.8
7f2d44c00000-7f2d44c78000 r--p 00000000 08:02 10366481                   /usr/lib/x86_64-linux-gnu/libgeos.so.3.10.2
7f2d44c78000-7f2d44da6000 r-xp 00078000 08:02 10366481                   /usr/lib/x86_64-linux-gnu/libgeos.so.3.10.2
7f2d44da6000-7f2d44e03000 r--p 001a6000 08:02 10366481                   /usr/lib/x86_64-linux-gnu/libgeos.so.3.10.2
7f2d44e03000-7f2d44e0a000 r--p 00202000 08:02 10366481                   /usr/lib/x86_64-linux-gnu/libgeos.so.3.10.2
7f2d44e0a000-7f2d44e0b000 rw-p 00209000 08:02 10366481                   /usr/lib/x86_64-linux-gnu/libgeos.so.3.10.2
7f2d44e11000-7f2d44e13000 r--p 00000000 08:02 10361325                   /usr/lib/x86_64-linux-gnu/libidn2.so.0.3.7
7f2d44e13000-7f2d44e17000 r-xp 00002000 08:02 10361325                   /usr/lib/x86_64-linux-gnu/libidn2.so.0.3.7
7f2d44e17000-7f2d44e30000 r--p 00006000 08:02 10361325                   /usr/lib/x86_64-linux-gnu/libidn2.so.0.3.7
7f2d44e30000-7f2d44e31000 r--p 0001e000 08:02 10361325                   /usr/lib/x86_64-linux-gnu/libidn2.so.0.3.7
7f2d44e31000-7f2d44e32000 rw-p 0001f000 08:02 10361325                   /usr/lib/x86_64-linux-gnu/libidn2.so.0.3.7
7f2d44e32000-7f2d44e36000 r--p 00000000 08:02 10355582                   /usr/lib/x86_64-linux-gnu/libjpeg.so.8.2.2
7f2d44e36000-7f2d44e7f000 r-xp 00004000 08:02 10355582                   /usr/lib/x86_64-linux-gnu/libjpeg.so.8.2.2
7f2d44e7f000-7f2d44eb1000 r--p 0004d000 08:02 10355582                   /usr/lib/x86_64-linux-gnu/libjpeg.so.8.2.2
7f2d44eb1000-7f2d44eb2000 r--p 0007e000 08:02 10355582                   /usr/lib/x86_64-linux-gnu/libjpeg.so.8.2.2
7f2d44eb2000-7f2d44eb3000 rw-p 0007f000 08:02 10355582                   /usr/lib/x86_64-linux-gnu/libjpeg.so.8.2.2
7f2d44eb3000-7f2d44ed1000 r--p 00000000 08:02 10355997                   /usr/lib/x86_64-linux-gnu/libsqlite3.so.0.8.6
7f2d44ed1000-7f2d44fbd000 r-xp 0001e000 08:02 10355997                   /usr/lib/x86_64-linux-gnu/libsqlite3.so.0.8.6
7f2d44fbd000-7f2d44ff8000 r--p 0010a000 08:02 10355997                   /usr/lib/x86_64-linux-gnu/libsqlite3.so.0.8.6
7f2d44ff8000-7f2d44ffc000 r--p 00144000 08:02 10355997                   /usr/lib/x86_64-linux-gnu/libsqlite3.so.0.8.6
7f2d44ffc000-7f2d45000000 rw-p 00148000 08:02 10355997                   /usr/lib/x86_64-linux-gnu/libsqlite3.so.0.8.6
7f2d45000000-7f2d4505b000 r--p 00000000 08:02 10360429                   /usr/lib/x86_64-linux-gnu/libgsl.so.27.0.0
7f2d4505b000-7f2d45232000 r-xp 0005b000 08:02 10360429                   /usr/lib/x86_64-linux-gnu/libgsl.so.27.0.0
7f2d45232000-7f2d452ab000 r--p 00232000 08:02 10360429                   /usr/lib/x86_64-linux-gnu/libgsl.so.27.0.0
7f2d452ab000-7f2d452ac000 ---p 002ab000 08:02 10360429                   /usr/lib/x86_64-linux-gnu/libgsl.so.27.0.0
7f2d452ac000-7f2d452b0000 r--p 002ab000 08:02 10360429                   /usr/lib/x86_64-linux-gnu/libgsl.so.27.0.0
7f2d452b0000-7f2d452be000 rw-p 002af000 08:02 10360429                   /usr/lib/x86_64-linux-gnu/libgsl.so.27.0.0
7f2d452be000-7f2d452bf000 rw-p 00000000 00:00 0 
7f2d452c8000-7f2d452cd000 r--p 00000000 08:02 10354889                   /usr/lib/x86_64-linux-gnu/libnghttp2.so.14.20.1
7f2d452cd000-7f2d452e2000 r-xp 00005000 08:02 10354889                   /usr/lib/x86_64-linux-gnu/libnghttp2.so.14.20.1
7f2d452e2000-7f2d452ee000 r--p 0001a000 08:02 10354889                   /usr/lib/x86_64-linux-gnu/libnghttp2.so.14.20.1
7f2d452ee000-7f2d452f1000 r--p 00025000 08:02 10354889                   /usr/lib/x86_64-linux-gnu/libnghttp2.so.14.20.1
7f2d452f1000-7f2d452f2000 rw-p 00028000 08:02 10354889                   /usr/lib/x86_64-linux-gnu/libnghttp2.so.14.20.1
7f2d452f2000-7f2d452f4000 r--p 00000000 08:02 10358223                   /usr/lib/x86_64-linux-gnu/libwebp.so.7.1.3
7f2d452f4000-7f2d45349000 r-xp 00002000 08:02 10358223                   /usr/lib/x86_64-linux-gnu/libwebp.so.7.1.3
7f2d45349000-7f2d4535a000 r--p 00057000 08:02 10358223                   /usr/lib/x86_64-linux-gnu/libwebp.so.7.1.3
7f2d4535a000-7f2d4535b000 r--p 00067000 08:02 10358223                   /usr/lib/x86_64-linux-gnu/libwebp.so.7.1.3
7f2d4535b000-7f2d4535c000 rw-p 00068000 08:02 10358223                   /usr/lib/x86_64-linux-gnu/libwebp.so.7.1.3
7f2d4535c000-7f2d4535e000 rw-p 00000000 00:00 0 
7f2d4535e000-7f2d4536c000 r--p 00000000 08:02 10355046                   /usr/lib/x86_64-linux-gnu/libcurl-gnutls.so.4.7.0
7f2d4536c000-7f2d453de000 r-xp 0000e000 08:02 10355046                   /usr/lib/x86_64-linux-gnu/libcurl-gnutls.so.4.7.0
7f2d453de000-7f2d453f9000 r--p 00080000 08:02 10355046                   /usr/lib/x86_64-linux-gnu/libcurl-gnutls.so.4.7.0
7f2d453f9000-7f2d453fd000 r--p 0009a000 08:02 10355046                   /usr/lib/x86_64-linux-gnu/libcurl-gnutls.so.4.7.0
7f2d453fd000-7f2d453ff000 rw-p 0009e000 08:02 10355046                   /usr/lib/x86_64-linux-gnu/libcurl-gnutls.so.4.7.0
7f2d453ff000-7f2d45400000 rw-p 00000000 00:00 0 
7f2d45400000-7f2d45468000 r--p 00000000 08:02 10358220                   /usr/lib/x86_64-linux-gnu/libproj.so.22.2.1
7f2d45468000-7f2d456b7000 r-xp 00068000 08:02 10358220                   /usr/lib/x86_64-linux-gnu/libproj.so.22.2.1
7f2d456b7000-7f2d4574c000 r--p 002b7000 08:02 10358220                   /usr/lib/x86_64-linux-gnu/libproj.so.22.2.1
7f2d4574c000-7f2d4574d000 ---p 0034c000 08:02 10358220                   /usr/lib/x86_64-linux-gnu/libproj.so.22.2.1
7f2d4574d000-7f2d45764000 r--p 0034c000 08:02 10358220                   /usr/lib/x86_64-linux-gnu/libproj.so.22.2.1
7f2d45764000-7f2d45766000 rw-p 00363000 08:02 10358220                   /usr/lib/x86_64-linux-gnu/libproj.so.22.2.1
7f2d45766000-7f2d45769000 rw-p 00000000 00:00 0 
7f2d4576c000-7f2d4576d000 r--p 00000000 08:02 10355683                   /usr/lib/x86_64-linux-gnu/libbrotlidec.so.1.0.9
7f2d4576d000-7f2d45775000 r-xp 00001000 08:02 10355683                   /usr/lib/x86_64-linux-gnu/libbrotlidec.so.1.0.9
7f2d45775000-7f2d45778000 r--p 00009000 08:02 10355683                   /usr/lib/x86_64-linux-gnu/libbrotlidec.so.1.0.9
7f2d45778000-7f2d45779000 r--p 0000b000 08:02 10355683                   /usr/lib/x86_64-linux-gnu/libbrotlidec.so.1.0.9
7f2d45779000-7f2d4577a000 rw-p 0000c000 08:02 10355683                   /usr/lib/x86_64-linux-gnu/libbrotlidec.so.1.0.9
7f2d4577a000-7f2d45782000 r--p 00000000 08:02 10358811                   /usr/lib/x86_64-linux-gnu/libtiff.so.5.7.0
7f2d45782000-7f2d457ca000 r-xp 00008000 08:02 10358811                   /usr/lib/x86_64-linux-gnu/libtiff.so.5.7.0
7f2d457ca000-7f2d457fa000 r--p 00050000 08:02 10358811                   /usr/lib/x86_64-linux-gnu/libtiff.so.5.7.0
7f2d457fa000-7f2d457ff000 r--p 0007f000 08:02 10358811                   /usr/lib/x86_64-linux-gnu/libtiff.so.5.7.0
7f2d457ff000-7f2d45800000 rw-p 00084000 08:02 10358811                   /usr/lib/x86_64-linux-gnu/libtiff.so.5.7.0
7f2d45800000-7f2d45812000 r-xp 00000000 08:02 1705150                    /tmp/jffi4548781896848938262.so (deleted)
7f2d45812000-7f2d45a11000 ---p 00012000 08:02 1705150                    /tmp/jffi4548781896848938262.so (deleted)
7f2d45a11000-7f2d45a12000 rw-p 00011000 08:02 1705150                    /tmp/jffi4548781896848938262.so (deleted)
7f2d45a12000-7f2d45a14000 r--p 00000000 08:02 10357718                   /usr/lib/x86_64-linux-gnu/libkeyutils.so.1.9
7f2d45a14000-7f2d45a16000 r-xp 00002000 08:02 10357718                   /usr/lib/x86_64-linux-gnu/libkeyutils.so.1.9
7f2d45a16000-7f2d45a17000 r--p 00004000 08:02 10357718                   /usr/lib/x86_64-linux-gnu/libkeyutils.so.1.9
7f2d45a17000-7f2d45a18000 r--p 00004000 08:02 10357718                   /usr/lib/x86_64-linux-gnu/libkeyutils.so.1.9
7f2d45a18000-7f2d45a19000 rw-p 00005000 08:02 10357718                   /usr/lib/x86_64-linux-gnu/libkeyutils.so.1.9
7f2d45a19000-7f2d45a1b000 r--p 00000000 08:02 10361503                   /usr/lib/x86_64-linux-gnu/libpsl.so.5.3.2
7f2d45a1b000-7f2d45a1d000 r-xp 00002000 08:02 10361503                   /usr/lib/x86_64-linux-gnu/libpsl.so.5.3.2
7f2d45a1d000-7f2d45a2b000 r--p 00004000 08:02 10361503                   /usr/lib/x86_64-linux-gnu/libpsl.so.5.3.2
7f2d45a2b000-7f2d45a2c000 r--p 00011000 08:02 10361503                   /usr/lib/x86_64-linux-gnu/libpsl.so.5.3.2
7f2d45a2c000-7f2d45a2d000 rw-p 00012000 08:02 10361503                   /usr/lib/x86_64-linux-gnu/libpsl.so.5.3.2
7f2d45a2d000-7f2d45a2e000 r--p 00000000 08:02 10355584                   /usr/lib/x86_64-linux-gnu/libdeflate.so.0
7f2d45a2e000-7f2d45a4a000 r-xp 00001000 08:02 10355584                   /usr/lib/x86_64-linux-gnu/libdeflate.so.0
7f2d45a4a000-7f2d45a4e000 r--p 0001d000 08:02 10355584                   /usr/lib/x86_64-linux-gnu/libdeflate.so.0
7f2d45a4e000-7f2d45a4f000 ---p 00021000 08:02 10355584                   /usr/lib/x86_64-linux-gnu/libdeflate.so.0
7f2d45a4f000-7f2d45a50000 r--p 00021000 08:02 10355584                   /usr/lib/x86_64-linux-gnu/libdeflate.so.0
7f2d45a50000-7f2d45a51000 rw-p 00022000 08:02 10355584                   /usr/lib/x86_64-linux-gnu/libdeflate.so.0
7f2d45a51000-7f2d45a54000 r--p 00000000 08:02 10359160                   /usr/lib/x86_64-linux-gnu/liblzma.so.5.2.5
7f2d45a54000-7f2d45a6f000 r-xp 00003000 08:02 10359160                   /usr/lib/x86_64-linux-gnu/liblzma.so.5.2.5
7f2d45a6f000-7f2d45a7a000 r--p 0001e000 08:02 10359160                   /usr/lib/x86_64-linux-gnu/liblzma.so.5.2.5
7f2d45a7a000-7f2d45a7b000 r--p 00028000 08:02 10359160                   /usr/lib/x86_64-linux-gnu/liblzma.so.5.2.5
7f2d45a7b000-7f2d45a7c000 rw-p 00029000 08:02 10359160                   /usr/lib/x86_64-linux-gnu/liblzma.so.5.2.5
7f2d45a7c000-7f2d45ab2000 r--p 00000000 08:02 11142841                   /usr/local/lib/libmeos.so
7f2d45ab2000-7f2d45ba6000 r-xp 00036000 08:02 11142841                   /usr/local/lib/libmeos.so
7f2d45ba6000-7f2d45bf1000 r--p 0012a000 08:02 11142841                   /usr/local/lib/libmeos.so
7f2d45bf1000-7f2d45bf2000 ---p 00175000 08:02 11142841                   /usr/local/lib/libmeos.so
7f2d45bf2000-7f2d45bf3000 r--p 00175000 08:02 11142841                   /usr/local/lib/libmeos.so
7f2d45bf3000-7f2d45bf8000 rw-p 00176000 08:02 11142841                   /usr/local/lib/libmeos.so
7f2d45bf8000-7f2d45bfe000 rw-p 00000000 00:00 0 
7f2d45bfe000-7f2d45bff000 ---p 00000000 00:00 0 
7f2d45bff000-7f2d45d00000 rw-p 00000000 00:00 0 
7f2d45d00000-7f2d45d04000 ---p 00000000 00:00 0 
7f2d45d04000-7f2d45e00000 rw-p 00000000 00:00 0 
7f2d45e00000-7f2d45e04000 ---p 00000000 00:00 0 
7f2d45e04000-7f2d45f00000 rw-p 00000000 00:00 0 
7f2d45f00000-7f2d45f04000 ---p 00000000 00:00 0 
7f2d45f04000-7f2d48000000 rw-p 00000000 00:00 0 
7f2d48000000-7f2d48021000 rw-p 00000000 00:00 0 
7f2d48021000-7f2d4c000000 ---p 00000000 00:00 0 
7f2d4c000000-7f2d4c021000 rw-p 00000000 00:00 0 
7f2d4c021000-7f2d50000000 ---p 00000000 00:00 0 
7f2d50000000-7f2d50021000 rw-p 00000000 00:00 0 
7f2d50021000-7f2d54000000 ---p 00000000 00:00 0 
7f2d54000000-7f2d54004000 ---p 00000000 00:00 0 
7f2d54004000-7f2d54100000 rw-p 00000000 00:00 0 
7f2d54100000-7f2d54104000 ---p 00000000 00:00 0 
7f2d54104000-7f2d54200000 rw-p 00000000 00:00 0 
7f2d54200000-7f2d54204000 ---p 00000000 00:00 0 
7f2d54204000-7f2d54300000 rw-p 00000000 00:00 0 
7f2d54300000-7f2d54304000 ---p 00000000 00:00 0 
7f2d54304000-7f2d54400000 rw-p 00000000 00:00 0 
7f2d54400000-7f2d54404000 ---p 00000000 00:00 0 
7f2d54404000-7f2d54500000 rw-p 00000000 00:00 0 
7f2d54500000-7f2d54504000 ---p 00000000 00:00 0 
7f2d54504000-7f2d54600000 rw-p 00000000 00:00 0 
7f2d54600000-7f2d54df0000 r--p 00000000 08:02 10356383                   /usr/lib/locale/locale-archive
7f2d54df2000-7f2d54df5000 r--p 00000000 08:02 10355303                   /usr/lib/x86_64-linux-gnu/liblber-2.5.so.0.1.9
7f2d54df5000-7f2d54dfd000 r-xp 00003000 08:02 10355303                   /usr/lib/x86_64-linux-gnu/liblber-2.5.so.0.1.9
7f2d54dfd000-7f2d54e00000 r--p 0000b000 08:02 10355303                   /usr/lib/x86_64-linux-gnu/liblber-2.5.so.0.1.9
7f2d54e00000-7f2d54e01000 ---p 0000e000 08:02 10355303                   /usr/lib/x86_64-linux-gnu/liblber-2.5.so.0.1.9
7f2d54e01000-7f2d54e02000 r--p 0000e000 08:02 10355303                   /usr/lib/x86_64-linux-gnu/liblber-2.5.so.0.1.9
7f2d54e02000-7f2d54e03000 rw-p 0000f000 08:02 10355303                   /usr/lib/x86_64-linux-gnu/liblber-2.5.so.0.1.9
7f2d54e03000-7f2d54e05000 r--p 00000000 08:02 10355587                   /usr/lib/x86_64-linux-gnu/libjbig.so.0
7f2d54e05000-7f2d54e0e000 r-xp 00002000 08:02 10355587                   /usr/lib/x86_64-linux-gnu/libjbig.so.0
7f2d54e0e000-7f2d54e10000 r--p 0000b000 08:02 10355587                   /usr/lib/x86_64-linux-gnu/libjbig.so.0
7f2d54e10000-7f2d54e11000 r--p 0000c000 08:02 10355587                   /usr/lib/x86_64-linux-gnu/libjbig.so.0
7f2d54e11000-7f2d54e14000 rw-p 0000d000 08:02 10355587                   /usr/lib/x86_64-linux-gnu/libjbig.so.0
7f2d54e14000-7f2d54e17000 r--p 00000000 08:02 10360435                   /usr/lib/x86_64-linux-gnu/libgslcblas.so.0.0.0
7f2d54e17000-7f2d54e50000 r-xp 00003000 08:02 10360435                   /usr/lib/x86_64-linux-gnu/libgslcblas.so.0.0.0
7f2d54e50000-7f2d54e54000 r--p 0003c000 08:02 10360435                   /usr/lib/x86_64-linux-gnu/libgslcblas.so.0.0.0
7f2d54e54000-7f2d54e55000 r--p 0003f000 08:02 10360435                   /usr/lib/x86_64-linux-gnu/libgslcblas.so.0.0.0
7f2d54e55000-7f2d54e56000 rw-p 00040000 08:02 10360435                   /usr/lib/x86_64-linux-gnu/libgslcblas.so.0.0.0
7f2d54e56000-7f2d54e5a000 ---p 00000000 00:00 0 
7f2d54e5a000-7f2d54f56000 rw-p 00000000 00:00 0 
7f2d54f56000-7f2d54f5a000 ---p 00000000 00:00 0 
7f2d54f5a000-7f2d55056000 rw-p 00000000 00:00 0 
7f2d55056000-7f2d55057000 ---p 00000000 00:00 0 
7f2d55057000-7f2d55158000 rw-p 00000000 00:00 0 
7f2d55158000-7f2d5515d000 r--p 00000000 08:02 10491564                   /usr/lib/jvm/java-17-openjdk-amd64/lib/libjsvml.so
7f2d5515d000-7f2d5519e000 r-xp 00005000 08:02 10491564                   /usr/lib/jvm/java-17-openjdk-amd64/lib/libjsvml.so
7f2d5519e000-7f2d55227000 r--p 00046000 08:02 10491564                   /usr/lib/jvm/java-17-openjdk-amd64/lib/libjsvml.so
7f2d55227000-7f2d55228000 r--p 000ce000 08:02 10491564                   /usr/lib/jvm/java-17-openjdk-amd64/lib/libjsvml.so
7f2d55228000-7f2d55229000 rw-p 000cf000 08:02 10491564                   /usr/lib/jvm/java-17-openjdk-amd64/lib/libjsvml.so
7f2d55229000-7f2d552aa000 rw-p 00000000 00:00 0 
7f2d552aa000-7f2d552ab000 ---p 00000000 00:00 0 
7f2d552ab000-7f2d553ac000 rw-p 00000000 00:00 0 
7f2d553ac000-7f2d553ad000 ---p 00000000 00:00 0 
7f2d553ad000-7f2d558a0000 rw-p 00000000 00:00 0 
7f2d558a0000-7f2d57550000 ---p 00000000 00:00 0 
7f2d57550000-7f2d57748000 rw-p 00000000 00:00 0 
7f2d57748000-7f2d593f8000 ---p 00000000 00:00 0 
7f2d593f8000-7f2d59400000 rw-p 00000000 00:00 0 
7f2d59400000-7f2d59670000 rwxp 00000000 00:00 0 
7f2d59670000-7f2d60937000 ---p 00000000 00:00 0 
7f2d60937000-7f2d60ba7000 rwxp 00000000 00:00 0 
7f2d60ba7000-7f2d60ec8000 ---p 00000000 00:00 0 
7f2d60ec8000-7f2d61138000 rwxp 00000000 00:00 0 
7f2d61138000-7f2d68400000 ---p 00000000 00:00 0 
7f2d68400000-7f2d6fe43000 r--s 00000000 08:02 10491594                   /usr/lib/jvm/java-17-openjdk-amd64/lib/modules
7f2d6fe49000-7f2d6fe4b000 r--p 00000000 08:02 10357716                   /usr/lib/x86_64-linux-gnu/libcom_err.so.2.1
7f2d6fe4b000-7f2d6fe4c000 r-xp 00002000 08:02 10357716                   /usr/lib/x86_64-linux-gnu/libcom_err.so.2.1
7f2d6fe4c000-7f2d6fe4d000 r--p 00003000 08:02 10357716                   /usr/lib/x86_64-linux-gnu/libcom_err.so.2.1
7f2d6fe4d000-7f2d6fe4e000 r--p 00003000 08:02 10357716                   /usr/lib/x86_64-linux-gnu/libcom_err.so.2.1
7f2d6fe4e000-7f2d6fe4f000 rw-p 00004000 08:02 10357716                   /usr/lib/x86_64-linux-gnu/libcom_err.so.2.1
7f2d6fe4f000-7f2d6fe5e000 r--p 00000000 08:02 10366483                   /usr/lib/x86_64-linux-gnu/libgeos_c.so.1.16.0
7f2d6fe5e000-7f2d6fe7e000 r-xp 0000f000 08:02 10366483                   /usr/lib/x86_64-linux-gnu/libgeos_c.so.1.16.0
7f2d6fe7e000-7f2d6fe8b000 r--p 0002f000 08:02 10366483                   /usr/lib/x86_64-linux-gnu/libgeos_c.so.1.16.0
7f2d6fe8b000-7f2d6fe8c000 ---p 0003c000 08:02 10366483                   /usr/lib/x86_64-linux-gnu/libgeos_c.so.1.16.0
7f2d6fe8c000-7f2d6fe8d000 r--p 0003c000 08:02 10366483                   /usr/lib/x86_64-linux-gnu/libgeos_c.so.1.16.0
7f2d6fe8d000-7f2d6fe8e000 rw-p 0003d000 08:02 10366483                   /usr/lib/x86_64-linux-gnu/libgeos_c.so.1.16.0
7f2d6fea4000-7f2d70000000 rw-p 00000000 00:00 0 
7f2d70000000-7f2d704ef000 rw-p 00000000 00:00 0 
7f2d704ef000-7f2d74000000 ---p 00000000 00:00 0 
7f2d74002000-7f2d74006000 r--p 00000000 08:02 10355662                   /usr/lib/x86_64-linux-gnu/libjson-c.so.5.1.0
7f2d74006000-7f2d7400f000 r-xp 00004000 08:02 10355662                   /usr/lib/x86_64-linux-gnu/libjson-c.so.5.1.0
7f2d7400f000-7f2d74012000 r--p 0000d000 08:02 10355662                   /usr/lib/x86_64-linux-gnu/libjson-c.so.5.1.0
7f2d74012000-7f2d74013000 ---p 00010000 08:02 10355662                   /usr/lib/x86_64-linux-gnu/libjson-c.so.5.1.0
7f2d74013000-7f2d74014000 r--p 00010000 08:02 10355662                   /usr/lib/x86_64-linux-gnu/libjson-c.so.5.1.0
7f2d74014000-7f2d74015000 rw-p 00011000 08:02 10355662                   /usr/lib/x86_64-linux-gnu/libjson-c.so.5.1.0
7f2d74015000-7f2d7403a000 r--p 00000000 08:02 12591460                   /usr/share/locale-langpack/fr/LC_MESSAGES/libc.mo
7f2d7403a000-7f2d7403e000 r--p 00000000 08:02 10491590                   /usr/lib/jvm/java-17-openjdk-amd64/lib/libverify.so
7f2d7403e000-7f2d74045000 r-xp 00004000 08:02 10491590                   /usr/lib/jvm/java-17-openjdk-amd64/lib/libverify.so
7f2d74045000-7f2d74047000 r--p 0000b000 08:02 10491590                   /usr/lib/jvm/java-17-openjdk-amd64/lib/libverify.so
7f2d74047000-7f2d74049000 r--p 0000c000 08:02 10491590                   /usr/lib/jvm/java-17-openjdk-amd64/lib/libverify.so
7f2d74049000-7f2d7404a000 rw-p 0000e000 08:02 10491590                   /usr/lib/jvm/java-17-openjdk-amd64/lib/libverify.so
7f2d7404a000-7f2d7418c000 rw-p 00000000 00:00 0 
7f2d7418c000-7f2d7418d000 ---p 00000000 00:00 0 
7f2d7418d000-7f2d7428e000 rw-p 00000000 00:00 0 
7f2d7428e000-7f2d7428f000 ---p 00000000 00:00 0 
7f2d7428f000-7f2d74390000 rw-p 00000000 00:00 0 
7f2d74390000-7f2d74391000 ---p 00000000 00:00 0 
7f2d74391000-7f2d744d0000 rw-p 00000000 00:00 0 
7f2d744d0000-7f2d74866000 ---p 00000000 00:00 0 
7f2d74866000-7f2d748a5000 rw-p 00000000 00:00 0 
7f2d748a5000-7f2d74c3b000 ---p 00000000 00:00 0 
7f2d74c3b000-7f2d74c7a000 rw-p 00000000 00:00 0 
7f2d74c7a000-7f2d75010000 ---p 00000000 00:00 0 
7f2d75010000-7f2d7541a000 rw-p 00000000 00:00 0 
7f2d7541a000-7f2d75500000 ---p 00000000 00:00 0 
7f2d75500000-7f2d75504000 ---p 00000000 00:00 0 
7f2d75504000-7f2d75600000 rw-p 00000000 00:00 0 
7f2d75600000-7f2d7569a000 r--p 00000000 08:02 10354705                   /usr/lib/x86_64-linux-gnu/libstdc++.so.6.0.30
7f2d7569a000-7f2d757aa000 r-xp 0009a000 08:02 10354705                   /usr/lib/x86_64-linux-gnu/libstdc++.so.6.0.30
7f2d757aa000-7f2d75819000 r--p 001aa000 08:02 10354705                   /usr/lib/x86_64-linux-gnu/libstdc++.so.6.0.30
7f2d75819000-7f2d75824000 r--p 00218000 08:02 10354705                   /usr/lib/x86_64-linux-gnu/libstdc++.so.6.0.30
7f2d75824000-7f2d75827000 rw-p 00223000 08:02 10354705                   /usr/lib/x86_64-linux-gnu/libstdc++.so.6.0.30
7f2d75827000-7f2d7582a000 rw-p 00000000 00:00 0 
7f2d7582e000-7f2d75833000 rw-p 00000000 00:00 0 
7f2d75833000-7f2d75919000 ---p 00000000 00:00 0 
7f2d75919000-7f2d75927000 r--p 00000000 08:02 10365361                   /usr/lib/x86_64-linux-gnu/libm.so.6
7f2d75927000-7f2d759a3000 r-xp 0000e000 08:02 10365361                   /usr/lib/x86_64-linux-gnu/libm.so.6
7f2d759a3000-7f2d759fe000 r--p 0008a000 08:02 10365361                   /usr/lib/x86_64-linux-gnu/libm.so.6
7f2d759fe000-7f2d759ff000 r--p 000e4000 08:02 10365361                   /usr/lib/x86_64-linux-gnu/libm.so.6
7f2d759ff000-7f2d75a00000 rw-p 000e5000 08:02 10365361                   /usr/lib/x86_64-linux-gnu/libm.so.6
7f2d75a00000-7f2d75c50000 r--p 00000000 08:02 10491606                   /usr/lib/jvm/java-17-openjdk-amd64/lib/server/libjvm.so
7f2d75c50000-7f2d769d4000 r-xp 00250000 08:02 10491606                   /usr/lib/jvm/java-17-openjdk-amd64/lib/server/libjvm.so
7f2d769d4000-7f2d76c57000 r--p 00fd4000 08:02 10491606                   /usr/lib/jvm/java-17-openjdk-amd64/lib/server/libjvm.so
7f2d76c57000-7f2d76d0f000 r--p 01256000 08:02 10491606                   /usr/lib/jvm/java-17-openjdk-amd64/lib/server/libjvm.so
7f2d76d0f000-7f2d76d44000 rw-p 0130e000 08:02 10491606                   /usr/lib/jvm/java-17-openjdk-amd64/lib/server/libjvm.so
7f2d76d44000-7f2d76d9e000 rw-p 00000000 00:00 0 
7f2d76d9f000-7f2d76da6000 r--s 00000000 08:02 11013395                   /usr/lib/x86_64-linux-gnu/gconv/gconv-modules.cache
7f2d76da6000-7f2d76daa000 r--p 00000000 08:02 10491576                   /usr/lib/jvm/java-17-openjdk-amd64/lib/libnet.so
7f2d76daa000-7f2d76db8000 r-xp 00004000 08:02 10491576                   /usr/lib/jvm/java-17-openjdk-amd64/lib/libnet.so
7f2d76db8000-7f2d76dbc000 r--p 00012000 08:02 10491576                   /usr/lib/jvm/java-17-openjdk-amd64/lib/libnet.so
7f2d76dbc000-7f2d76dbd000 r--p 00015000 08:02 10491576                   /usr/lib/jvm/java-17-openjdk-amd64/lib/libnet.so
7f2d76dbd000-7f2d76dbe000 rw-p 00016000 08:02 10491576                   /usr/lib/jvm/java-17-openjdk-amd64/lib/libnet.so
7f2d76dbe000-7f2d76e00000 rw-p 00000000 00:00 0 
7f2d76e00000-7f2d76e28000 r--p 00000000 08:02 10365356                   /usr/lib/x86_64-linux-gnu/libc.so.6
7f2d76e28000-7f2d76fbd000 r-xp 00028000 08:02 10365356                   /usr/lib/x86_64-linux-gnu/libc.so.6
7f2d76fbd000-7f2d77015000 r--p 001bd000 08:02 10365356                   /usr/lib/x86_64-linux-gnu/libc.so.6
7f2d77015000-7f2d77019000 r--p 00214000 08:02 10365356                   /usr/lib/x86_64-linux-gnu/libc.so.6
7f2d77019000-7f2d7701b000 rw-p 00218000 08:02 10365356                   /usr/lib/x86_64-linux-gnu/libc.so.6
7f2d7701b000-7f2d77028000 rw-p 00000000 00:00 0 
7f2d7702a000-7f2d7702b000 r--p 00000000 08:02 10491501                   /usr/lib/jvm/java-17-openjdk-amd64/lib/libextnet.so
7f2d7702b000-7f2d7702c000 r-xp 00001000 08:02 10491501                   /usr/lib/jvm/java-17-openjdk-amd64/lib/libextnet.so
7f2d7702c000-7f2d7702d000 r--p 00002000 08:02 10491501                   /usr/lib/jvm/java-17-openjdk-amd64/lib/libextnet.so
7f2d7702d000-7f2d7702e000 r--p 00002000 08:02 10491501                   /usr/lib/jvm/java-17-openjdk-amd64/lib/libextnet.so
7f2d7702e000-7f2d7702f000 rw-p 00003000 08:02 10491501                   /usr/lib/jvm/java-17-openjdk-amd64/lib/libextnet.so
7f2d7702f000-7f2d77035000 r--p 00000000 08:02 10491578                   /usr/lib/jvm/java-17-openjdk-amd64/lib/libnio.so
7f2d77035000-7f2d7703e000 r-xp 00006000 08:02 10491578                   /usr/lib/jvm/java-17-openjdk-amd64/lib/libnio.so
7f2d7703e000-7f2d77042000 r--p 0000f000 08:02 10491578                   /usr/lib/jvm/java-17-openjdk-amd64/lib/libnio.so
7f2d77042000-7f2d77043000 ---p 00013000 08:02 10491578                   /usr/lib/jvm/java-17-openjdk-amd64/lib/libnio.so
7f2d77043000-7f2d77044000 r--p 00013000 08:02 10491578                   /usr/lib/jvm/java-17-openjdk-amd64/lib/libnio.so
7f2d77044000-7f2d77045000 rw-p 00014000 08:02 10491578                   /usr/lib/jvm/java-17-openjdk-amd64/lib/libnio.so
7f2d77045000-7f2d77047000 r--p 00000000 08:02 10491592                   /usr/lib/jvm/java-17-openjdk-amd64/lib/libzip.so
7f2d77047000-7f2d7704c000 r-xp 00002000 08:02 10491592                   /usr/lib/jvm/java-17-openjdk-amd64/lib/libzip.so
7f2d7704c000-7f2d7704e000 r--p 00007000 08:02 10491592                   /usr/lib/jvm/java-17-openjdk-amd64/lib/libzip.so
7f2d7704e000-7f2d7704f000 r--p 00008000 08:02 10491592                   /usr/lib/jvm/java-17-openjdk-amd64/lib/libzip.so
7f2d7704f000-7f2d77050000 rw-p 00009000 08:02 10491592                   /usr/lib/jvm/java-17-openjdk-amd64/lib/libzip.so
7f2d77050000-7f2d77055000 rw-p 00000000 00:00 0 
7f2d77055000-7f2d7705c000 ---p 00000000 00:00 0 
7f2d7705c000-7f2d77068000 r--p 00000000 08:02 10491515                   /usr/lib/jvm/java-17-openjdk-amd64/lib/libjava.so
7f2d77068000-7f2d7707b000 r-xp 0000c000 08:02 10491515                   /usr/lib/jvm/java-17-openjdk-amd64/lib/libjava.so
7f2d7707b000-7f2d77081000 r--p 0001f000 08:02 10491515                   /usr/lib/jvm/java-17-openjdk-amd64/lib/libjava.so
7f2d77081000-7f2d77082000 r--p 00024000 08:02 10491515                   /usr/lib/jvm/java-17-openjdk-amd64/lib/libjava.so
7f2d77082000-7f2d77083000 rw-p 00025000 08:02 10491515                   /usr/lib/jvm/java-17-openjdk-amd64/lib/libjava.so
7f2d77083000-7f2d77084000 rw-p 00000000 00:00 0 
7f2d77084000-7f2d77085000 r--p 00000000 08:02 10491505                   /usr/lib/jvm/java-17-openjdk-amd64/lib/libinstrument.so
7f2d77085000-7f2d7708b000 r-xp 00001000 08:02 10491505                   /usr/lib/jvm/java-17-openjdk-amd64/lib/libinstrument.so
7f2d7708b000-7f2d7708e000 r--p 00007000 08:02 10491505                   /usr/lib/jvm/java-17-openjdk-amd64/lib/libinstrument.so
7f2d7708e000-7f2d7708f000 r--p 00009000 08:02 10491505                   /usr/lib/jvm/java-17-openjdk-amd64/lib/libinstrument.so
7f2d7708f000-7f2d77090000 rw-p 0000a000 08:02 10491505                   /usr/lib/jvm/java-17-openjdk-amd64/lib/libinstrument.so
7f2d77090000-7f2d77093000 r--p 00000000 08:02 10354703                   /usr/lib/x86_64-linux-gnu/libgcc_s.so.1
7f2d77093000-7f2d770aa000 r-xp 00003000 08:02 10354703                   /usr/lib/x86_64-linux-gnu/libgcc_s.so.1
7f2d770aa000-7f2d770ae000 r--p 0001a000 08:02 10354703                   /usr/lib/x86_64-linux-gnu/libgcc_s.so.1
7f2d770ae000-7f2d770af000 r--p 0001d000 08:02 10354703                   /usr/lib/x86_64-linux-gnu/libgcc_s.so.1
7f2d770af000-7f2d770b0000 rw-p 0001e000 08:02 10354703                   /usr/lib/x86_64-linux-gnu/libgcc_s.so.1
7f2d770b0000-7f2d770b3000 rw-p 00000000 00:00 0 
7f2d770b3000-7f2d770b5000 r--p 00000000 08:02 10354880                   /usr/lib/x86_64-linux-gnu/libz.so.1.2.11
7f2d770b5000-7f2d770c6000 r-xp 00002000 08:02 10354880                   /usr/lib/x86_64-linux-gnu/libz.so.1.2.11
7f2d770c6000-7f2d770cc000 r--p 00013000 08:02 10354880                   /usr/lib/x86_64-linux-gnu/libz.so.1.2.11
7f2d770cc000-7f2d770cd000 ---p 00019000 08:02 10354880                   /usr/lib/x86_64-linux-gnu/libz.so.1.2.11
7f2d770cd000-7f2d770ce000 r--p 00019000 08:02 10354880                   /usr/lib/x86_64-linux-gnu/libz.so.1.2.11
7f2d770ce000-7f2d770cf000 rw-p 0001a000 08:02 10354880                   /usr/lib/x86_64-linux-gnu/libz.so.1.2.11
7f2d770d1000-7f2d770d2000 r-xp 00000000 00:00 0 
7f2d770d2000-7f2d770da000 rw-s 00000000 08:02 1978130                    /tmp/hsperfdata_nidhal/322595
7f2d770da000-7f2d770db000 ---p 00000000 00:00 0 
7f2d770db000-7f2d770dc000 r--p 00000000 00:00 0 
7f2d770dc000-7f2d770de000 r--p 00000000 08:02 10491521                   /usr/lib/jvm/java-17-openjdk-amd64/lib/libjimage.so
7f2d770de000-7f2d770e1000 r-xp 00002000 08:02 10491521                   /usr/lib/jvm/java-17-openjdk-amd64/lib/libjimage.so
7f2d770e1000-7f2d770e2000 r--p 00005000 08:02 10491521                   /usr/lib/jvm/java-17-openjdk-amd64/lib/libjimage.so
7f2d770e2000-7f2d770e3000 ---p 00006000 08:02 10491521                   /usr/lib/jvm/java-17-openjdk-amd64/lib/libjimage.so
7f2d770e3000-7f2d770e4000 r--p 00006000 08:02 10491521                   /usr/lib/jvm/java-17-openjdk-amd64/lib/libjimage.so
7f2d770e4000-7f2d770e5000 rw-p 00007000 08:02 10491521                   /usr/lib/jvm/java-17-openjdk-amd64/lib/libjimage.so
7f2d770e5000-7f2d770e7000 r--p 00000000 08:02 10491523                   /usr/lib/jvm/java-17-openjdk-amd64/lib/libjli.so
7f2d770e7000-7f2d770f1000 r-xp 00002000 08:02 10491523                   /usr/lib/jvm/java-17-openjdk-amd64/lib/libjli.so
7f2d770f1000-7f2d770f4000 r--p 0000c000 08:02 10491523                   /usr/lib/jvm/java-17-openjdk-amd64/lib/libjli.so
7f2d770f4000-7f2d770f5000 r--p 0000e000 08:02 10491523                   /usr/lib/jvm/java-17-openjdk-amd64/lib/libjli.so
7f2d770f5000-7f2d770f6000 rw-p 0000f000 08:02 10491523                   /usr/lib/jvm/java-17-openjdk-amd64/lib/libjli.so
7f2d770f6000-7f2d770f8000 rw-p 00000000 00:00 0 
7f2d770f8000-7f2d770fa000 r--p 00000000 08:02 10356375                   /usr/lib/x86_64-linux-gnu/ld-linux-x86-64.so.2
7f2d770fa000-7f2d77124000 r-xp 00002000 08:02 10356375                   /usr/lib/x86_64-linux-gnu/ld-linux-x86-64.so.2
7f2d77124000-7f2d7712f000 r--p 0002c000 08:02 10356375                   /usr/lib/x86_64-linux-gnu/ld-linux-x86-64.so.2
7f2d7712f000-7f2d77130000 ---p 00000000 00:00 0 
7f2d77130000-7f2d77132000 r--p 00037000 08:02 10356375                   /usr/lib/x86_64-linux-gnu/ld-linux-x86-64.so.2
7f2d77132000-7f2d77134000 rw-p 00039000 08:02 10356375                   /usr/lib/x86_64-linux-gnu/ld-linux-x86-64.so.2
7ffdff5b8000-7ffdff5da000 rw-p 00000000 00:00 0                          [stack]
7ffdff5e6000-7ffdff5ea000 r--p 00000000 00:00 0                          [vvar]
7ffdff5ea000-7ffdff5ec000 r-xp 00000000 00:00 0                          [vdso]
ffffffffff600000-ffffffffff601000 --xp 00000000 00:00 0                  [vsyscall]


VM Arguments:
jvm_args: -javaagent:/snap/intellij-idea-ultimate/430/lib/idea_rt.jar=33041:/snap/intellij-idea-ultimate/430/bin -Dfile.encoding=UTF-8 
java_command: tutorials.hello_world
java_class_path (initial): /home/nidhal/IdeaProjects/JMEOS/target/classes:/home/nidhal/.m2/repository/com/github/jnr/jnr-ffi/2.2.11/jnr-ffi-2.2.11.jar:/home/nidhal/.m2/repository/com/github/jnr/jffi/1.3.9/jffi-1.3.9.jar:/home/nidhal/.m2/repository/com/github/jnr/jffi/1.3.9/jffi-1.3.9-native.jar:/home/nidhal/.m2/repository/org/ow2/asm/asm/9.2/asm-9.2.jar:/home/nidhal/.m2/repository/org/ow2/asm/asm-commons/9.2/asm-commons-9.2.jar:/home/nidhal/.m2/repository/org/ow2/asm/asm-analysis/9.2/asm-analysis-9.2.jar:/home/nidhal/.m2/repository/org/ow2/asm/asm-tree/9.2/asm-tree-9.2.jar:/home/nidhal/.m2/repository/org/ow2/asm/asm-util/9.2/asm-util-9.2.jar:/home/nidhal/.m2/repository/com/github/jnr/jnr-a64asm/1.0.0/jnr-a64asm-1.0.0.jar:/home/nidhal/.m2/repository/com/github/jnr/jnr-x86asm/1.0.2/jnr-x86asm-1.0.2.jar:/home/nidhal/.m2/repository/org/hibernate/orm/hibernate-core/6.2.2.Final/hibernate-core-6.2.2.Final.jar:/home/nidhal/.m2/repository/jakarta/persistence/jakarta.persistence-api/3.1.0/jakarta.persistence-api-3.1.0.jar:/home/nidhal/.m2/repository/jakarta/transaction/jakarta.transaction-api/2.0.1/jakarta.transaction-api-2.0.1.jar:/home/nidhal/.m2/repository/org/jboss/logging/jboss-logging/3.5.0.Final/jboss-logging-3.5.0.Final.jar:/home/nidhal/.m2/repository/org/hibernate/common/hibernate-commons-annotations/6.0.6.Final/hibernate-commons-annotations-6.0.6.Final.jar:/home/nidhal/.m2/repository/io/smallrye/jandex/3.0.5/jandex-3.0.5.jar:/home/nidhal/.m2/repository/com/fasterxml/classmate/1.5.1/classmate-1.5.1.jar:/home/nidhal/.m2/repository/net/bytebuddy/byte-buddy/1.12.18/byte-buddy-1.12.18.jar:/home/nidhal/.m2/repository/jakarta/xml/bind/jakarta.xml.bind-api/4.0.0/jakarta.xml.bind-api-4.0.0.jar:/home/nidhal/.m2/repository/jakarta/activation/jakarta.activation-api/2.1.0/jakarta.activation-api-2.1.0.jar:/home/nidhal/.m2/repository/org/glassfish/jaxb/jaxb-runtime/4.0.2/jaxb-runtime-4.0.2.jar:/home/nidhal/.m2/repository/org/glassfish/jaxb/jaxb-core/4.0.2/jaxb-core-4.0.2.jar:/ho
Launcher Type: SUN_STANDARD

[Global flags]
     intx CICompilerCount                          = 3                                         {product} {ergonomic}
     uint ConcGCThreads                            = 1                                         {product} {ergonomic}
     uint G1ConcRefinementThreads                  = 4                                         {product} {ergonomic}
   size_t G1HeapRegionSize                         = 1048576                                   {product} {ergonomic}
    uintx GCDrainStackTargetSize                   = 64                                        {product} {ergonomic}
   size_t InitialHeapSize                          = 130023424                                 {product} {ergonomic}
   size_t MarkStackSize                            = 4194304                                   {product} {ergonomic}
   size_t MaxHeapSize                              = 2057306112                                {product} {ergonomic}
   size_t MaxNewSize                               = 1234173952                                {product} {ergonomic}
   size_t MinHeapDeltaBytes                        = 1048576                                   {product} {ergonomic}
   size_t MinHeapSize                              = 8388608                                   {product} {ergonomic}
    uintx NonNMethodCodeHeapSize                   = 5832780                                {pd product} {ergonomic}
    uintx NonProfiledCodeHeapSize                  = 122912730                              {pd product} {ergonomic}
    uintx ProfiledCodeHeapSize                     = 122912730                              {pd product} {ergonomic}
    uintx ReservedCodeCacheSize                    = 251658240                              {pd product} {ergonomic}
     bool SegmentedCodeCache                       = true                                      {product} {ergonomic}
   size_t SoftMaxHeapSize                          = 2057306112                             {manageable} {ergonomic}
     bool UseCompressedClassPointers               = true                           {product lp64_product} {ergonomic}
     bool UseCompressedOops                        = true                           {product lp64_product} {ergonomic}
     bool UseG1GC                                  = true                                      {product} {ergonomic}

Logging:
Log output configuration:
 #0: stdout all=warning uptime,level,tags
 #1: stderr all=off uptime,level,tags

Environment Variables:
JAVA_HOME=/opt/jdk-13.0.2
PATH=/home/nidhal/.local/bin:/usr/local/sbin:/usr/local/bin:/usr/sbin:/usr/bin:/sbin:/bin:/usr/games:/usr/local/games:/snap/bin:/snap/bin/opt/jdk-13.0.2/bin
USERNAME=nidhal
SHELL=/bin/bash
DISPLAY=:0
LANG=fr_FR.UTF-8

Active Locale:
LC_ALL=fr_FR.UTF-8
LC_COLLATE=fr_FR.UTF-8
LC_CTYPE=fr_FR.UTF-8
LC_MESSAGES=fr_FR.UTF-8
LC_MONETARY=fr_FR.UTF-8
LC_NUMERIC=fr_FR.UTF-8
LC_TIME=fr_FR.UTF-8

Signal Handlers:
   SIGSEGV: crash_handler in libjvm.so, mask=11100100010111111101111111111110, flags=SA_RESTART|SA_SIGINFO, unblocked
    SIGBUS: crash_handler in libjvm.so, mask=11100100010111111101111111111110, flags=SA_RESTART|SA_SIGINFO, unblocked
    SIGFPE: crash_handler in libjvm.so, mask=11100100010111111101111111111110, flags=SA_RESTART|SA_SIGINFO, unblocked
   SIGPIPE: javaSignalHandler in libjvm.so, mask=11100100010111111101111111111110, flags=SA_RESTART|SA_SIGINFO, blocked
   SIGXFSZ: javaSignalHandler in libjvm.so, mask=11100100010111111101111111111110, flags=SA_RESTART|SA_SIGINFO, blocked
    SIGILL: crash_handler in libjvm.so, mask=11100100010111111101111111111110, flags=SA_RESTART|SA_SIGINFO, unblocked
   SIGUSR2: SR_handler in libjvm.so, mask=00100000000000000000000000000000, flags=SA_RESTART|SA_SIGINFO, blocked
    SIGHUP: UserHandler in libjvm.so, mask=11100100010111111101111111111110, flags=SA_RESTART|SA_SIGINFO, blocked
    SIGINT: UserHandler in libjvm.so, mask=11100100010111111101111111111110, flags=SA_RESTART|SA_SIGINFO, blocked
   SIGTERM: UserHandler in libjvm.so, mask=11100100010111111101111111111110, flags=SA_RESTART|SA_SIGINFO, blocked
   SIGQUIT: UserHandler in libjvm.so, mask=11100100010111111101111111111110, flags=SA_RESTART|SA_SIGINFO, blocked
   SIGTRAP: crash_handler in libjvm.so, mask=11100100010111111101111111111110, flags=SA_RESTART|SA_SIGINFO, unblocked


---------------  S Y S T E M  ---------------

OS:
DISTRIB_ID=Ubuntu
DISTRIB_RELEASE=22.04
DISTRIB_CODENAME=jammy
DISTRIB_DESCRIPTION="Ubuntu 22.04.2 LTS"
uname: Linux 5.19.0-42-generic #43~22.04.1-Ubuntu SMP PREEMPT_DYNAMIC Fri Apr 21 16:51:08 UTC 2 x86_64
OS uptime: 0 days 4:09 hours
libc: glibc 2.35 NPTL 2.35 
rlimit (soft/hard): STACK 8192k/infinity , CORE 0k/infinity , NPROC 31051/31051 , NOFILE 1048576/1048576 , AS infinity/infinity , CPU infinity/infinity , DATA infinity/infinity , FSIZE infinity/infinity , MEMLOCK 1003616k/1003616k
load average: 6,00 4,70 3,68

/proc/meminfo:
MemTotal:        8028956 kB
MemFree:          318228 kB
MemAvailable:    2733492 kB
Buffers:          215088 kB
Cached:          2527132 kB
SwapCached:        25428 kB
Active:          2081872 kB
Inactive:        4760020 kB
Active(anon):     990236 kB
Inactive(anon):  3512720 kB
Active(file):    1091636 kB
Inactive(file):  1247300 kB
Unevictable:       70580 kB
Mlocked:              16 kB
SwapTotal:       2097148 kB
SwapFree:        1326076 kB
Zswap:                 0 kB
Zswapped:              0 kB
Dirty:              3916 kB
Writeback:             0 kB
AnonPages:       4161388 kB
Mapped:           952668 kB
Shmem:            409128 kB
KReclaimable:     381496 kB
Slab:             618952 kB
SReclaimable:     381496 kB
SUnreclaim:       237456 kB
KernelStack:       21080 kB
PageTables:        43412 kB
NFS_Unstable:          0 kB
Bounce:                0 kB
WritebackTmp:          0 kB
CommitLimit:     6111624 kB
Committed_AS:   12374248 kB
VmallocTotal:   34359738367 kB
VmallocUsed:       77088 kB
VmallocChunk:          0 kB
Percpu:             5680 kB
HardwareCorrupted:     0 kB
AnonHugePages:         0 kB
ShmemHugePages:        0 kB
ShmemPmdMapped:        0 kB
FileHugePages:         0 kB
FilePmdMapped:         0 kB
HugePages_Total:       0
HugePages_Free:        0
HugePages_Rsvd:        0
HugePages_Surp:        0
Hugepagesize:       2048 kB
Hugetlb:               0 kB
DirectMap4k:      487192 kB
DirectMap2M:     7790592 kB
DirectMap1G:           0 kB

/sys/kernel/mm/transparent_hugepage/enabled: always [madvise] never
/sys/kernel/mm/transparent_hugepage/defrag (defrag/compaction efforts parameter): always defer defer+madvise [madvise] never

Process Memory:
Virtual Size: 5231660K (peak: 5293200K)
Resident Set Size: 85284K (peak: 85284K) (anon: 46024K, file: 39260K, shmem: 0K)
Swapped out: 0K
C-Heap outstanding allocations: 23744K, retained: 3275K
glibc malloc tunables: (default)

/proc/sys/kernel/threads-max (system-wide limit on the number of threads): 62103
/proc/sys/vm/max_map_count (maximum number of memory map areas a process may have): 65530
/proc/sys/kernel/pid_max (system-wide limit on number of process identifiers): 4194304

container (cgroup) information:
container_type: cgroupv2
cpu_cpuset_cpus: not supported
cpu_memory_nodes: not supported
active_processor_count: 4
cpu_quota: not supported
cpu_period: not supported
cpu_shares: not supported
memory_limit_in_bytes: unlimited
memory_and_swap_limit_in_bytes: unlimited
memory_soft_limit_in_bytes: unlimited
memory_usage_in_bytes: 3392764 k
memory_max_usage_in_bytes: not supported
memory_swap_current_in_bytes: 456616 k
memory_swap_max_limit_in_bytes: unlimited
maximum number of tasks: 9315
current number of tasks: 234

Steal ticks since vm start: 0
Steal ticks percentage since vm start:  0,000

CPU: total 4 (initial active 4) (2 cores per cpu, 2 threads per core) family 6 model 78 stepping 3 microcode 0xf0, cx8, cmov, fxsr, ht, mmx, 3dnowpref, sse, sse2, sse3, ssse3, sse4.1, sse4.2, popcnt, lzcnt, tsc, tscinvbit, avx, avx2, aes, erms, clmul, bmi1, bmi2, adx, fma, vzeroupper, clflush, clflushopt
CPU Model and flags from /proc/cpuinfo:
model name	: Intel(R) Core(TM) i3-6100U CPU @ 2.30GHz
flags		: fpu vme de pse tsc msr pae mce cx8 apic sep mtrr pge mca cmov pat pse36 clflush dts acpi mmx fxsr sse sse2 ss ht tm pbe syscall nx pdpe1gb rdtscp lm constant_tsc art arch_perfmon pebs bts rep_good nopl xtopology nonstop_tsc cpuid aperfmperf pni pclmulqdq dtes64 monitor ds_cpl est tm2 ssse3 sdbg fma cx16 xtpr pdcm pcid sse4_1 sse4_2 x2apic movbe popcnt tsc_deadline_timer aes xsave avx f16c rdrand lahf_lm abm 3dnowprefetch cpuid_fault epb invpcid_single pti ssbd ibrs ibpb stibp fsgsbase tsc_adjust bmi1 avx2 smep bmi2 erms invpcid mpx rdseed adx smap clflushopt intel_pt xsaveopt xsavec xgetbv1 xsaves dtherm ida arat pln pts hwp hwp_notify hwp_act_window hwp_epp md_clear flush_l1d arch_capabilities

Online cpus: 0-3
Offline cpus: 
BIOS frequency limitation: <Not Available>
Frequency switch latency (ns): 0
Available cpu frequencies: <Not Available>
Current governor: powersave
Core performance/turbo boost: <Not Available>

Memory: 4k page, physical 8028956k(318228k free), swap 2097148k(1326076k free)
Page Sizes: 4k

vm_info: OpenJDK 64-Bit Server VM (17.0.7+7-Ubuntu-0ubuntu122.04.2) for linux-amd64 JRE (17.0.7+7-Ubuntu-0ubuntu122.04.2), built on May 10 2023 04:02:16 by "buildd" with gcc 11.3.0

END.
