#
# A fatal error has been detected by the Java Runtime Environment:
#
#  SIGSEGV (0xb) at pc=0x00007fad8d724979, pid=83929, tid=83930
#
# JRE version: OpenJDK Runtime Environment (17.0.7+7) (build 17.0.7+7-Ubuntu-0ubuntu122.04.2)
# Java VM: OpenJDK 64-Bit Server VM (17.0.7+7-Ubuntu-0ubuntu122.04.2, mixed mode, sharing, tiered, compressed oops, compressed class ptrs, g1 gc, linux-amd64)
# Problematic frame:
# C  [libmeos.so+0xa8979]  pg_next_dst_boundary+0x29
#
# Core dump will be written. Default location: Core dumps may be processed with "/usr/share/apport/apport -p%p -s%s -c%c -d%d -P%P -u%u -g%g -- %E" (or dumping to /home/nidhal/IdeaProjects/JMEOS/core.83929)
#
# If you would like to submit a bug report, please visit:
#   Unknown
# The crash happened outside the Java Virtual Machine in native code.
# See problematic frame for where to report the bug.
#

---------------  S U M M A R Y ------------

Command Line: -javaagent:/snap/intellij-idea-ultimate/430/lib/idea_rt.jar=37047:/snap/intellij-idea-ultimate/430/bin -Dfile.encoding=UTF-8 tutorials.hello_world

Host: Intel(R) Core(TM) i3-6100U CPU @ 2.30GHz, 4 cores, 7G, Ubuntu 22.04.2 LTS
Time: Tue May 30 00:24:30 2023 CEST elapsed time: 1.574676 seconds (0d 0h 0m 1s)

---------------  T H R E A D  ---------------

Current thread (0x00007fadb8016800):  JavaThread "main" [_thread_in_native, id=83930, stack(0x00007fadbd100000,0x00007fadbd200000)]

Stack: [0x00007fadbd100000,0x00007fadbd200000],  sp=0x00007fadbd1fdf80,  free space=1015k
Native frames: (J=compiled Java code, j=interpreted, Vv=VM code, C=native code)
C  [libmeos.so+0xa8979]  pg_next_dst_boundary+0x29

Java frames: (J=compiled Java code, j=interpreted, Vv=VM code)
j  com.kenai.jffi.Foreign.invokeN1O1(JJJLjava/lang/Object;III)J+0
j  com.kenai.jffi.Invoker.invokeN1(Lcom/kenai/jffi/CallContext;JJILjava/lang/Object;Lcom/kenai/jffi/ObjectParameterStrategy;Lcom/kenai/jffi/ObjectParameterInfo;)J+57
j  tutorials.hello_world$MeosLibrary$jnr$ffi$0.tgeompoint_in(Ljnr/ffi/Pointer;)Ljnr/ffi/Pointer;+66
j  tutorials.hello_world.main([Ljava/lang/String;)V+147
v  ~StubRoutines::call_stub

siginfo: si_signo: 11 (SIGSEGV), si_code: 1 (SEGV_MAPERR), si_addr: 0x0000000000000104

Register to memory mapping:

RAX=0x0 is NULL
RBX=0x0 is NULL
RCX=0x00007fadbd1fdfe0 is pointing into the stack for thread: 0x00007fadb8016800
RDX=0x00007fadbd1fdfd0 is pointing into the stack for thread: 0x00007fadb8016800
RSP=0x00007fadbd1fdf80 is pointing into the stack for thread: 0x00007fadb8016800
RBP=0x00000000386bf200 is an unknown value
RSI=0x00007fadbd1fdfe8 is pointing into the stack for thread: 0x00007fadb8016800
RDI=0x00007fadbd1fdfd8 is pointing into the stack for thread: 0x00007fadb8016800
R8 =0x00007fadbd1fdff0 is pointing into the stack for thread: 0x00007fadb8016800
R9 =0x00007fadbd1fdfd4 is pointing into the stack for thread: 0x00007fadb8016800
R10=0x00007fadbd1fdfd0 is pointing into the stack for thread: 0x00007fadb8016800
R11=0x00007fad8d724950: pg_next_dst_boundary+0x0000000000000000 in /usr/local/lib/libmeos.so at 0x00007fad8d67c000
R12=0x00007fadbd1fe030 is pointing into the stack for thread: 0x00007fadb8016800
R13=0x0 is NULL
R14=0x0 is NULL
R15=0x00007fadbd1fe1a0 is pointing into the stack for thread: 0x00007fadb8016800


Registers:
RAX=0x0000000000000000, RBX=0x0000000000000000, RCX=0x00007fadbd1fdfe0, RDX=0x00007fadbd1fdfd0
RSP=0x00007fadbd1fdf80, RBP=0x00000000386bf200, RSI=0x00007fadbd1fdfe8, RDI=0x00007fadbd1fdfd8
R8 =0x00007fadbd1fdff0, R9 =0x00007fadbd1fdfd4, R10=0x00007fadbd1fdfd0, R11=0x00007fad8d724950
R12=0x00007fadbd1fe030, R13=0x0000000000000000, R14=0x0000000000000000, R15=0x00007fadbd1fe1a0
RIP=0x00007fad8d724979, EFLAGS=0x0000000000010246, CSGSFS=0x002b000000000033, ERR=0x0000000000000004
  TRAPNO=0x000000000000000e

Top of Stack: (sp=0x00007fadbd1fdf80)
0x00007fadbd1fdf80:   00007fadb847b440 65fef0065bf03a00
0x00007fadbd1fdf90:   00007fadb8504e70 00007fadbd1fe1a0
0x00007fadbd1fdfa0:   00000000386d4380 00007fadbd1fe030
0x00007fadbd1fdfb0:   0000000000000000 00007fad8d72625c 

Instructions: (pc=0x00007fad8d724979)
0x00007fad8d724879:   00 00 00 00 0f 1f 00 f3 0f 1e fa 49 89 f8 48 8d
0x00007fad8d724889:   be 00 01 00 00 4c 89 c6 e9 ca fd ff ff 66 2e 0f
0x00007fad8d724899:   1f 84 00 00 00 00 00 f3 0f 1e fa 41 55 41 54 55
0x00007fad8d7248a9:   48 89 fd 53 48 83 ec 08 48 8b 1d 68 89 0d 00 48
0x00007fad8d7248b9:   85 db 74 2b 48 8b 7d 00 48 89 da 31 f6 48 81 c3
0x00007fad8d7248c9:   68 56 00 00 e8 ce df ff ff 48 89 1d 97 89 0d 00
0x00007fad8d7248d9:   48 83 c4 08 5b 5d 41 5c 41 5d c3 0f 1f 40 00 bf
0x00007fad8d7248e9:   90 5b 00 00 e8 8e 66 f9 ff 48 89 05 27 89 0d 00
0x00007fad8d7248f9:   49 89 c4 48 85 c0 74 d8 4c 8d 2d 38 5a 08 00 31
0x00007fad8d724909:   f6 b9 01 00 00 00 48 89 c2 4c 89 ef e8 56 72 f9
0x00007fad8d724919:   ff 85 c0 75 12 48 8b 1d fb 88 0d 00 eb 96 66 0f
0x00007fad8d724929:   1f 84 00 00 00 00 00 ba 01 00 00 00 4c 89 e6 4c
0x00007fad8d724939:   89 ef e8 60 70 f9 ff eb dc 66 66 2e 0f 1f 84 00
0x00007fad8d724949:   00 00 00 00 0f 1f 00 f3 0f 1e fa 41 55 49 89 d2
0x00007fad8d724959:   41 54 55 53 48 83 ec 18 48 8b 2f 64 48 8b 04 25
0x00007fad8d724969:   28 00 00 00 48 89 44 24 08 31 c0 48 8b 5c 24 40
0x00007fad8d724979:   44 8b 9b 04 01 00 00 45 85 db 0f 84 27 02 00 00
0x00007fad8d724989:   80 bb 10 01 00 00 00 49 89 cc 75 6b 41 8d 53 ff
0x00007fad8d724999:   80 bb 11 01 00 00 00 48 63 ca 48 8b 84 cb 18 01
0x00007fad8d7249a9:   00 00 0f 84 ef 00 00 00 48 39 c5 0f 8e e6 00 00
0x00007fad8d7249b9:   00 48 8b 8b 18 01 00 00 48 39 e9 7f 46 48 bf e7
0x00007fad8d7249c9:   58 ef 44 46 ef 35 ae 48 89 ea 48 29 c2 48 83 ea
0x00007fad8d7249d9:   01 48 89 d0 48 f7 e7 48 b8 80 59 60 f0 02 00 00
0x00007fad8d7249e9:   00 48 c1 ea 21 4c 8d 6a 01 4c 0f af e8 48 89 e8
0x00007fad8d7249f9:   4c 29 e8 eb 43 66 90 48 8b 8b 18 01 00 00 48 39
0x00007fad8d724a09:   e9 7e 89 48 bf e7 58 ef 44 46 ef 35 ae 48 89 ca
0x00007fad8d724a19:   48 29 ea 48 83 ea 01 48 89 d0 48 f7 e7 48 b8 80
0x00007fad8d724a29:   59 60 f0 02 00 00 00 48 c1 ea 21 4c 8d 6a 01 4c
0x00007fad8d724a39:   0f af e8 4a 8d 44 2d 00 48 89 04 24 48 39 c1 0f
0x00007fad8d724a49:   8f 12 02 00 00 41 8d 53 ff 41 bb ff ff ff ff 48
0x00007fad8d724a59:   63 d2 48 39 84 d3 18 01 00 00 0f 8c 83 01 00 00
0x00007fad8d724a69:   48 89 e7 48 83 ec 08 4c 89 d2 4c 89 e1 53 e8 d4 


Stack slot to memory mapping:
stack at sp + 0 slots: 0x00007fadb847b440 points into unknown readable memory: 0x00007fad8d67c000 | 00 c0 67 8d ad 7f 00 00
stack at sp + 1 slots: 0x65fef0065bf03a00 is an unknown value
stack at sp + 2 slots: 0x00007fadb8504e70 points into unknown readable memory: 0x2d31302d30303032 | 32 30 30 30 2d 30 31 2d
stack at sp + 3 slots: 0x00007fadbd1fe1a0 is pointing into the stack for thread: 0x00007fadb8016800
stack at sp + 4 slots: 0x00000000386d4380 is an unknown value
stack at sp + 5 slots: 0x00007fadbd1fe030 is pointing into the stack for thread: 0x00007fadb8016800
stack at sp + 6 slots: 0x0 is NULL
stack at sp + 7 slots: 0x00007fad8d72625c: <offset 0x00000000000aa25c> in /usr/local/lib/libmeos.so at 0x00007fad8d67c000


---------------  P R O C E S S  ---------------

Threads class SMR info:
_java_thread_list=0x00007fad6c0023b0, length=13, elements={
0x00007fadb8016800, 0x00007fadb8115880, 0x00007fadb8116c60, 0x00007fadb811c3e0,
0x00007fadb811d790, 0x00007fadb811eba0, 0x00007fadb8120550, 0x00007fadb8121a80,
0x00007fadb8122ef0, 0x00007fadb812e300, 0x00007fadb8229690, 0x00007fadb822afd0,
0x00007fad6c000fe0
}

Java Threads: ( => current thread )
=>0x00007fadb8016800 JavaThread "main" [_thread_in_native, id=83930, stack(0x00007fadbd100000,0x00007fadbd200000)]
  0x00007fadb8115880 JavaThread "Reference Handler" daemon [_thread_blocked, id=83945, stack(0x00007fad9cbd1000,0x00007fad9ccd1000)]
  0x00007fadb8116c60 JavaThread "Finalizer" daemon [_thread_blocked, id=83946, stack(0x00007fad9cad1000,0x00007fad9cbd1000)]
  0x00007fadb811c3e0 JavaThread "Signal Dispatcher" daemon [_thread_blocked, id=83949, stack(0x00007fad9c100000,0x00007fad9c200000)]
  0x00007fadb811d790 JavaThread "Service Thread" daemon [_thread_blocked, id=83951, stack(0x00007fad9c000000,0x00007fad9c100000)]
  0x00007fadb811eba0 JavaThread "Monitor Deflation Thread" daemon [_thread_blocked, id=83953, stack(0x00007fad8df00000,0x00007fad8e000000)]
  0x00007fadb8120550 JavaThread "C2 CompilerThread0" daemon [_thread_in_native, id=83954, stack(0x00007fad8de00000,0x00007fad8df00000)]
  0x00007fadb8121a80 JavaThread "C1 CompilerThread0" daemon [_thread_blocked, id=83955, stack(0x00007fad8dd00000,0x00007fad8de00000)]
  0x00007fadb8122ef0 JavaThread "Sweeper thread" daemon [_thread_blocked, id=83957, stack(0x00007fad8dc00000,0x00007fad8dd00000)]
  0x00007fadb812e300 JavaThread "Common-Cleaner" daemon [_thread_blocked, id=83966, stack(0x00007fad8db00000,0x00007fad8dc00000)]
  0x00007fadb8229690 JavaThread "Monitor Ctrl-Break" daemon [_thread_in_native, id=83970, stack(0x00007fad8da00000,0x00007fad8db00000)]
  0x00007fadb822afd0 JavaThread "Notification Thread" daemon [_thread_blocked, id=83971, stack(0x00007fad8d900000,0x00007fad8da00000)]
  0x00007fad6c000fe0 JavaThread "Attach Listener" daemon [_thread_blocked, id=83999, stack(0x00007fad4b900000,0x00007fad4ba00000)]

Other Threads:
  0x00007fadb81117d0 VMThread "VM Thread" [stack: 0x00007fad9ccd3000,0x00007fad9cdd3000] [id=83944]
  0x00007fadb8019310 WatcherThread [stack: 0x00007fad8d800000,0x00007fad8d900000] [id=83972]
  0x00007fadb806fee0 GCTaskThread "GC Thread#0" [stack: 0x00007fadb7f00000,0x00007fadb8000000] [id=83932]
  0x00007fad7c0051c0 GCTaskThread "GC Thread#1" [stack: 0x00007fad4b800000,0x00007fad4b900000] [id=84000]
  0x00007fad7c005c40 GCTaskThread "GC Thread#2" [stack: 0x00007fad4b6fe000,0x00007fad4b7fe000] [id=84001]
  0x00007fad7c00c080 GCTaskThread "GC Thread#3" [stack: 0x00007fad4b5fc000,0x00007fad4b6fc000] [id=84002]
  0x00007fadb8080a00 ConcurrentGCThread "G1 Main Marker" [stack: 0x00007fad9d5b0000,0x00007fad9d6b0000] [id=83936]
  0x00007fadb8081960 ConcurrentGCThread "G1 Conc#0" [stack: 0x00007fad9d4ae000,0x00007fad9d5ae000] [id=83938]
  0x00007fadb80e6050 ConcurrentGCThread "G1 Refine#0" [stack: 0x00007fad9cfa8000,0x00007fad9d0a8000] [id=83939]
  0x00007fadb80e6f40 ConcurrentGCThread "G1 Service" [stack: 0x00007fad9cea6000,0x00007fad9cfa6000] [id=83941]

Threads with active compile tasks:
C2 CompilerThread0     1588  678       4       java.lang.AbstractStringBuilder::append (77 bytes)

VM state: not at safepoint (normal execution)

VM Mutex/Monitor currently owned by a thread: None

Heap address: 0x0000000085600000, size: 1962 MB, Compressed Oops mode: 32-bit

CDS archive(s) mapped at: [0x0000000800000000-0x0000000800be2000-0x0000000800be2000), size 12460032, SharedBaseAddress: 0x0000000800000000, ArchiveRelocationMode: 0.
Compressed class space mapped at: 0x0000000801000000-0x0000000841000000, reserved size: 1073741824
Narrow klass base: 0x0000000800000000, Narrow klass shift: 0, Narrow klass range: 0x100000000

GC Precious Log:
 CPUs: 4 total, 4 available
 Memory: 7840M
 Large Page Support: Disabled
 NUMA Support: Disabled
 Compressed Oops: Enabled (32-bit)
 Heap Region Size: 1M
 Heap Min Capacity: 8M
 Heap Initial Capacity: 124M
 Heap Max Capacity: 1962M
 Pre-touch: Disabled
 Parallel Workers: 4
 Concurrent Workers: 1
 Concurrent Refinement Workers: 4
 Periodic GC: Disabled

Heap:
 garbage-first heap   total 129024K, used 5799K [0x0000000085600000, 0x0000000100000000)
  region size 1024K, 4 young (4096K), 2 survivors (2048K)
 Metaspace       used 5175K, committed 5312K, reserved 1114112K
  class space    used 509K, committed 576K, reserved 1048576K

Heap Regions: E=young(eden), S=young(survivor), O=old, HS=humongous(starts), HC=humongous(continues), CS=collection set, F=free, OA=open archive, CA=closed archive, TAMS=top-at-mark-start (previous, next)
|   0|0x0000000085600000, 0x0000000085700000, 0x0000000085700000|100%|HS|  |TAMS 0x0000000085600000, 0x0000000085600000| Complete 
|   1|0x0000000085700000, 0x00000000857b1c00, 0x0000000085800000| 69%| O|  |TAMS 0x0000000085700000, 0x0000000085700000| Untracked 
|   2|0x0000000085800000, 0x0000000085800000, 0x0000000085900000|  0%| F|  |TAMS 0x0000000085800000, 0x0000000085800000| Untracked 
|   3|0x0000000085900000, 0x0000000085900000, 0x0000000085a00000|  0%| F|  |TAMS 0x0000000085900000, 0x0000000085900000| Untracked 
|   4|0x0000000085a00000, 0x0000000085a00000, 0x0000000085b00000|  0%| F|  |TAMS 0x0000000085a00000, 0x0000000085a00000| Untracked 
|   5|0x0000000085b00000, 0x0000000085b00000, 0x0000000085c00000|  0%| F|  |TAMS 0x0000000085b00000, 0x0000000085b00000| Untracked 
|   6|0x0000000085c00000, 0x0000000085c00000, 0x0000000085d00000|  0%| F|  |TAMS 0x0000000085c00000, 0x0000000085c00000| Untracked 
|   7|0x0000000085d00000, 0x0000000085d00000, 0x0000000085e00000|  0%| F|  |TAMS 0x0000000085d00000, 0x0000000085d00000| Untracked 
|   8|0x0000000085e00000, 0x0000000085e00000, 0x0000000085f00000|  0%| F|  |TAMS 0x0000000085e00000, 0x0000000085e00000| Untracked 
|   9|0x0000000085f00000, 0x0000000085f00000, 0x0000000086000000|  0%| F|  |TAMS 0x0000000085f00000, 0x0000000085f00000| Untracked 
|  10|0x0000000086000000, 0x0000000086000000, 0x0000000086100000|  0%| F|  |TAMS 0x0000000086000000, 0x0000000086000000| Untracked 
|  11|0x0000000086100000, 0x0000000086100000, 0x0000000086200000|  0%| F|  |TAMS 0x0000000086100000, 0x0000000086100000| Untracked 
|  12|0x0000000086200000, 0x0000000086200000, 0x0000000086300000|  0%| F|  |TAMS 0x0000000086200000, 0x0000000086200000| Untracked 
|  13|0x0000000086300000, 0x0000000086300000, 0x0000000086400000|  0%| F|  |TAMS 0x0000000086300000, 0x0000000086300000| Untracked 
|  14|0x0000000086400000, 0x0000000086400000, 0x0000000086500000|  0%| F|  |TAMS 0x0000000086400000, 0x0000000086400000| Untracked 
|  15|0x0000000086500000, 0x0000000086500000, 0x0000000086600000|  0%| F|  |TAMS 0x0000000086500000, 0x0000000086500000| Untracked 
|  16|0x0000000086600000, 0x0000000086600000, 0x0000000086700000|  0%| F|  |TAMS 0x0000000086600000, 0x0000000086600000| Untracked 
|  17|0x0000000086700000, 0x0000000086700000, 0x0000000086800000|  0%| F|  |TAMS 0x0000000086700000, 0x0000000086700000| Untracked 
|  18|0x0000000086800000, 0x0000000086800000, 0x0000000086900000|  0%| F|  |TAMS 0x0000000086800000, 0x0000000086800000| Untracked 
|  19|0x0000000086900000, 0x0000000086900000, 0x0000000086a00000|  0%| F|  |TAMS 0x0000000086900000, 0x0000000086900000| Untracked 
|  20|0x0000000086a00000, 0x0000000086a00000, 0x0000000086b00000|  0%| F|  |TAMS 0x0000000086a00000, 0x0000000086a00000| Untracked 
|  21|0x0000000086b00000, 0x0000000086b00000, 0x0000000086c00000|  0%| F|  |TAMS 0x0000000086b00000, 0x0000000086b00000| Untracked 
|  22|0x0000000086c00000, 0x0000000086c00000, 0x0000000086d00000|  0%| F|  |TAMS 0x0000000086c00000, 0x0000000086c00000| Untracked 
|  23|0x0000000086d00000, 0x0000000086d00000, 0x0000000086e00000|  0%| F|  |TAMS 0x0000000086d00000, 0x0000000086d00000| Untracked 
|  24|0x0000000086e00000, 0x0000000086e00000, 0x0000000086f00000|  0%| F|  |TAMS 0x0000000086e00000, 0x0000000086e00000| Untracked 
|  25|0x0000000086f00000, 0x0000000086f00000, 0x0000000087000000|  0%| F|  |TAMS 0x0000000086f00000, 0x0000000086f00000| Untracked 
|  26|0x0000000087000000, 0x0000000087000000, 0x0000000087100000|  0%| F|  |TAMS 0x0000000087000000, 0x0000000087000000| Untracked 
|  27|0x0000000087100000, 0x0000000087100000, 0x0000000087200000|  0%| F|  |TAMS 0x0000000087100000, 0x0000000087100000| Untracked 
|  28|0x0000000087200000, 0x0000000087200000, 0x0000000087300000|  0%| F|  |TAMS 0x0000000087200000, 0x0000000087200000| Untracked 
|  29|0x0000000087300000, 0x0000000087300000, 0x0000000087400000|  0%| F|  |TAMS 0x0000000087300000, 0x0000000087300000| Untracked 
|  30|0x0000000087400000, 0x0000000087400000, 0x0000000087500000|  0%| F|  |TAMS 0x0000000087400000, 0x0000000087400000| Untracked 
|  31|0x0000000087500000, 0x0000000087500000, 0x0000000087600000|  0%| F|  |TAMS 0x0000000087500000, 0x0000000087500000| Untracked 
|  32|0x0000000087600000, 0x0000000087600000, 0x0000000087700000|  0%| F|  |TAMS 0x0000000087600000, 0x0000000087600000| Untracked 
|  33|0x0000000087700000, 0x0000000087700000, 0x0000000087800000|  0%| F|  |TAMS 0x0000000087700000, 0x0000000087700000| Untracked 
|  34|0x0000000087800000, 0x0000000087800000, 0x0000000087900000|  0%| F|  |TAMS 0x0000000087800000, 0x0000000087800000| Untracked 
|  35|0x0000000087900000, 0x0000000087900000, 0x0000000087a00000|  0%| F|  |TAMS 0x0000000087900000, 0x0000000087900000| Untracked 
|  36|0x0000000087a00000, 0x0000000087a00000, 0x0000000087b00000|  0%| F|  |TAMS 0x0000000087a00000, 0x0000000087a00000| Untracked 
|  37|0x0000000087b00000, 0x0000000087b00000, 0x0000000087c00000|  0%| F|  |TAMS 0x0000000087b00000, 0x0000000087b00000| Untracked 
|  38|0x0000000087c00000, 0x0000000087c00000, 0x0000000087d00000|  0%| F|  |TAMS 0x0000000087c00000, 0x0000000087c00000| Untracked 
|  39|0x0000000087d00000, 0x0000000087d00000, 0x0000000087e00000|  0%| F|  |TAMS 0x0000000087d00000, 0x0000000087d00000| Untracked 
|  40|0x0000000087e00000, 0x0000000087e00000, 0x0000000087f00000|  0%| F|  |TAMS 0x0000000087e00000, 0x0000000087e00000| Untracked 
|  41|0x0000000087f00000, 0x0000000087f00000, 0x0000000088000000|  0%| F|  |TAMS 0x0000000087f00000, 0x0000000087f00000| Untracked 
|  42|0x0000000088000000, 0x0000000088000000, 0x0000000088100000|  0%| F|  |TAMS 0x0000000088000000, 0x0000000088000000| Untracked 
|  43|0x0000000088100000, 0x0000000088100000, 0x0000000088200000|  0%| F|  |TAMS 0x0000000088100000, 0x0000000088100000| Untracked 
|  44|0x0000000088200000, 0x0000000088200000, 0x0000000088300000|  0%| F|  |TAMS 0x0000000088200000, 0x0000000088200000| Untracked 
|  45|0x0000000088300000, 0x0000000088300000, 0x0000000088400000|  0%| F|  |TAMS 0x0000000088300000, 0x0000000088300000| Untracked 
|  46|0x0000000088400000, 0x0000000088400000, 0x0000000088500000|  0%| F|  |TAMS 0x0000000088400000, 0x0000000088400000| Untracked 
|  47|0x0000000088500000, 0x0000000088500000, 0x0000000088600000|  0%| F|  |TAMS 0x0000000088500000, 0x0000000088500000| Untracked 
|  48|0x0000000088600000, 0x0000000088600000, 0x0000000088700000|  0%| F|  |TAMS 0x0000000088600000, 0x0000000088600000| Untracked 
|  49|0x0000000088700000, 0x0000000088700000, 0x0000000088800000|  0%| F|  |TAMS 0x0000000088700000, 0x0000000088700000| Untracked 
|  50|0x0000000088800000, 0x0000000088800000, 0x0000000088900000|  0%| F|  |TAMS 0x0000000088800000, 0x0000000088800000| Untracked 
|  51|0x0000000088900000, 0x0000000088900000, 0x0000000088a00000|  0%| F|  |TAMS 0x0000000088900000, 0x0000000088900000| Untracked 
|  52|0x0000000088a00000, 0x0000000088a00000, 0x0000000088b00000|  0%| F|  |TAMS 0x0000000088a00000, 0x0000000088a00000| Untracked 
|  53|0x0000000088b00000, 0x0000000088b00000, 0x0000000088c00000|  0%| F|  |TAMS 0x0000000088b00000, 0x0000000088b00000| Untracked 
|  54|0x0000000088c00000, 0x0000000088c00000, 0x0000000088d00000|  0%| F|  |TAMS 0x0000000088c00000, 0x0000000088c00000| Untracked 
|  55|0x0000000088d00000, 0x0000000088d00000, 0x0000000088e00000|  0%| F|  |TAMS 0x0000000088d00000, 0x0000000088d00000| Untracked 
|  56|0x0000000088e00000, 0x0000000088e00000, 0x0000000088f00000|  0%| F|  |TAMS 0x0000000088e00000, 0x0000000088e00000| Untracked 
|  57|0x0000000088f00000, 0x0000000088f00000, 0x0000000089000000|  0%| F|  |TAMS 0x0000000088f00000, 0x0000000088f00000| Untracked 
|  58|0x0000000089000000, 0x0000000089000000, 0x0000000089100000|  0%| F|  |TAMS 0x0000000089000000, 0x0000000089000000| Untracked 
|  59|0x0000000089100000, 0x0000000089100000, 0x0000000089200000|  0%| F|  |TAMS 0x0000000089100000, 0x0000000089100000| Untracked 
|  60|0x0000000089200000, 0x0000000089200000, 0x0000000089300000|  0%| F|  |TAMS 0x0000000089200000, 0x0000000089200000| Untracked 
|  61|0x0000000089300000, 0x0000000089300000, 0x0000000089400000|  0%| F|  |TAMS 0x0000000089300000, 0x0000000089300000| Untracked 
|  62|0x0000000089400000, 0x0000000089400000, 0x0000000089500000|  0%| F|  |TAMS 0x0000000089400000, 0x0000000089400000| Untracked 
|  63|0x0000000089500000, 0x0000000089500000, 0x0000000089600000|  0%| F|  |TAMS 0x0000000089500000, 0x0000000089500000| Untracked 
|  64|0x0000000089600000, 0x0000000089600000, 0x0000000089700000|  0%| F|  |TAMS 0x0000000089600000, 0x0000000089600000| Untracked 
|  65|0x0000000089700000, 0x0000000089700000, 0x0000000089800000|  0%| F|  |TAMS 0x0000000089700000, 0x0000000089700000| Untracked 
|  66|0x0000000089800000, 0x0000000089800000, 0x0000000089900000|  0%| F|  |TAMS 0x0000000089800000, 0x0000000089800000| Untracked 
|  67|0x0000000089900000, 0x0000000089900000, 0x0000000089a00000|  0%| F|  |TAMS 0x0000000089900000, 0x0000000089900000| Untracked 
|  68|0x0000000089a00000, 0x0000000089a00000, 0x0000000089b00000|  0%| F|  |TAMS 0x0000000089a00000, 0x0000000089a00000| Untracked 
|  69|0x0000000089b00000, 0x0000000089b00000, 0x0000000089c00000|  0%| F|  |TAMS 0x0000000089b00000, 0x0000000089b00000| Untracked 
|  70|0x0000000089c00000, 0x0000000089c00000, 0x0000000089d00000|  0%| F|  |TAMS 0x0000000089c00000, 0x0000000089c00000| Untracked 
|  71|0x0000000089d00000, 0x0000000089d00000, 0x0000000089e00000|  0%| F|  |TAMS 0x0000000089d00000, 0x0000000089d00000| Untracked 
|  72|0x0000000089e00000, 0x0000000089e00000, 0x0000000089f00000|  0%| F|  |TAMS 0x0000000089e00000, 0x0000000089e00000| Untracked 
|  73|0x0000000089f00000, 0x0000000089f00000, 0x000000008a000000|  0%| F|  |TAMS 0x0000000089f00000, 0x0000000089f00000| Untracked 
|  74|0x000000008a000000, 0x000000008a000000, 0x000000008a100000|  0%| F|  |TAMS 0x000000008a000000, 0x000000008a000000| Untracked 
|  75|0x000000008a100000, 0x000000008a100000, 0x000000008a200000|  0%| F|  |TAMS 0x000000008a100000, 0x000000008a100000| Untracked 
|  76|0x000000008a200000, 0x000000008a200000, 0x000000008a300000|  0%| F|  |TAMS 0x000000008a200000, 0x000000008a200000| Untracked 
|  77|0x000000008a300000, 0x000000008a300000, 0x000000008a400000|  0%| F|  |TAMS 0x000000008a300000, 0x000000008a300000| Untracked 
|  78|0x000000008a400000, 0x000000008a400000, 0x000000008a500000|  0%| F|  |TAMS 0x000000008a400000, 0x000000008a400000| Untracked 
|  79|0x000000008a500000, 0x000000008a500000, 0x000000008a600000|  0%| F|  |TAMS 0x000000008a500000, 0x000000008a500000| Untracked 
|  80|0x000000008a600000, 0x000000008a600000, 0x000000008a700000|  0%| F|  |TAMS 0x000000008a600000, 0x000000008a600000| Untracked 
|  81|0x000000008a700000, 0x000000008a700000, 0x000000008a800000|  0%| F|  |TAMS 0x000000008a700000, 0x000000008a700000| Untracked 
|  82|0x000000008a800000, 0x000000008a800000, 0x000000008a900000|  0%| F|  |TAMS 0x000000008a800000, 0x000000008a800000| Untracked 
|  83|0x000000008a900000, 0x000000008a900000, 0x000000008aa00000|  0%| F|  |TAMS 0x000000008a900000, 0x000000008a900000| Untracked 
|  84|0x000000008aa00000, 0x000000008aa00000, 0x000000008ab00000|  0%| F|  |TAMS 0x000000008aa00000, 0x000000008aa00000| Untracked 
|  85|0x000000008ab00000, 0x000000008ab00000, 0x000000008ac00000|  0%| F|  |TAMS 0x000000008ab00000, 0x000000008ab00000| Untracked 
|  86|0x000000008ac00000, 0x000000008ac00000, 0x000000008ad00000|  0%| F|  |TAMS 0x000000008ac00000, 0x000000008ac00000| Untracked 
|  87|0x000000008ad00000, 0x000000008ad00000, 0x000000008ae00000|  0%| F|  |TAMS 0x000000008ad00000, 0x000000008ad00000| Untracked 
|  88|0x000000008ae00000, 0x000000008ae00000, 0x000000008af00000|  0%| F|  |TAMS 0x000000008ae00000, 0x000000008ae00000| Untracked 
|  89|0x000000008af00000, 0x000000008af00000, 0x000000008b000000|  0%| F|  |TAMS 0x000000008af00000, 0x000000008af00000| Untracked 
|  90|0x000000008b000000, 0x000000008b000000, 0x000000008b100000|  0%| F|  |TAMS 0x000000008b000000, 0x000000008b000000| Untracked 
|  91|0x000000008b100000, 0x000000008b100000, 0x000000008b200000|  0%| F|  |TAMS 0x000000008b100000, 0x000000008b100000| Untracked 
|  92|0x000000008b200000, 0x000000008b200000, 0x000000008b300000|  0%| F|  |TAMS 0x000000008b200000, 0x000000008b200000| Untracked 
|  93|0x000000008b300000, 0x000000008b300000, 0x000000008b400000|  0%| F|  |TAMS 0x000000008b300000, 0x000000008b300000| Untracked 
|  94|0x000000008b400000, 0x000000008b400000, 0x000000008b500000|  0%| F|  |TAMS 0x000000008b400000, 0x000000008b400000| Untracked 
|  95|0x000000008b500000, 0x000000008b500000, 0x000000008b600000|  0%| F|  |TAMS 0x000000008b500000, 0x000000008b500000| Untracked 
|  96|0x000000008b600000, 0x000000008b600000, 0x000000008b700000|  0%| F|  |TAMS 0x000000008b600000, 0x000000008b600000| Untracked 
|  97|0x000000008b700000, 0x000000008b700000, 0x000000008b800000|  0%| F|  |TAMS 0x000000008b700000, 0x000000008b700000| Untracked 
|  98|0x000000008b800000, 0x000000008b800000, 0x000000008b900000|  0%| F|  |TAMS 0x000000008b800000, 0x000000008b800000| Untracked 
|  99|0x000000008b900000, 0x000000008b900000, 0x000000008ba00000|  0%| F|  |TAMS 0x000000008b900000, 0x000000008b900000| Untracked 
| 100|0x000000008ba00000, 0x000000008ba00000, 0x000000008bb00000|  0%| F|  |TAMS 0x000000008ba00000, 0x000000008ba00000| Untracked 
| 101|0x000000008bb00000, 0x000000008bb00000, 0x000000008bc00000|  0%| F|  |TAMS 0x000000008bb00000, 0x000000008bb00000| Untracked 
| 102|0x000000008bc00000, 0x000000008bc00000, 0x000000008bd00000|  0%| F|  |TAMS 0x000000008bc00000, 0x000000008bc00000| Untracked 
| 103|0x000000008bd00000, 0x000000008bd00000, 0x000000008be00000|  0%| F|  |TAMS 0x000000008bd00000, 0x000000008bd00000| Untracked 
| 104|0x000000008be00000, 0x000000008be00000, 0x000000008bf00000|  0%| F|  |TAMS 0x000000008be00000, 0x000000008be00000| Untracked 
| 105|0x000000008bf00000, 0x000000008bf00000, 0x000000008c000000|  0%| F|  |TAMS 0x000000008bf00000, 0x000000008bf00000| Untracked 
| 106|0x000000008c000000, 0x000000008c000000, 0x000000008c100000|  0%| F|  |TAMS 0x000000008c000000, 0x000000008c000000| Untracked 
| 107|0x000000008c100000, 0x000000008c100000, 0x000000008c200000|  0%| F|  |TAMS 0x000000008c100000, 0x000000008c100000| Untracked 
| 108|0x000000008c200000, 0x000000008c200000, 0x000000008c300000|  0%| F|  |TAMS 0x000000008c200000, 0x000000008c200000| Untracked 
| 109|0x000000008c300000, 0x000000008c400000, 0x000000008c400000|100%| S|CS|TAMS 0x000000008c300000, 0x000000008c300000| Complete 
| 110|0x000000008c400000, 0x000000008c500000, 0x000000008c500000|100%| S|CS|TAMS 0x000000008c400000, 0x000000008c400000| Complete 
| 111|0x000000008c500000, 0x000000008c500000, 0x000000008c600000|  0%| F|  |TAMS 0x000000008c500000, 0x000000008c500000| Untracked 
| 112|0x000000008c600000, 0x000000008c600000, 0x000000008c700000|  0%| F|  |TAMS 0x000000008c600000, 0x000000008c600000| Untracked 
| 113|0x000000008c700000, 0x000000008c700000, 0x000000008c800000|  0%| F|  |TAMS 0x000000008c700000, 0x000000008c700000| Untracked 
| 114|0x000000008c800000, 0x000000008c800000, 0x000000008c900000|  0%| F|  |TAMS 0x000000008c800000, 0x000000008c800000| Untracked 
| 115|0x000000008c900000, 0x000000008c900000, 0x000000008ca00000|  0%| F|  |TAMS 0x000000008c900000, 0x000000008c900000| Untracked 
| 116|0x000000008ca00000, 0x000000008ca00000, 0x000000008cb00000|  0%| F|  |TAMS 0x000000008ca00000, 0x000000008ca00000| Untracked 
| 117|0x000000008cb00000, 0x000000008cb00000, 0x000000008cc00000|  0%| F|  |TAMS 0x000000008cb00000, 0x000000008cb00000| Untracked 
| 118|0x000000008cc00000, 0x000000008cc00000, 0x000000008cd00000|  0%| F|  |TAMS 0x000000008cc00000, 0x000000008cc00000| Untracked 
| 119|0x000000008cd00000, 0x000000008cd00000, 0x000000008ce00000|  0%| F|  |TAMS 0x000000008cd00000, 0x000000008cd00000| Untracked 
| 120|0x000000008ce00000, 0x000000008ce00000, 0x000000008cf00000|  0%| F|  |TAMS 0x000000008ce00000, 0x000000008ce00000| Untracked 
| 121|0x000000008cf00000, 0x000000008cf00000, 0x000000008d000000|  0%| F|  |TAMS 0x000000008cf00000, 0x000000008cf00000| Untracked 
| 122|0x000000008d000000, 0x000000008d032468, 0x000000008d100000| 19%| E|  |TAMS 0x000000008d000000, 0x000000008d000000| Complete 
| 123|0x000000008d100000, 0x000000008d200000, 0x000000008d200000|100%| E|CS|TAMS 0x000000008d100000, 0x000000008d100000| Complete 
|1960|0x00000000ffe00000, 0x00000000ffe76000, 0x00000000fff00000| 46%|OA|  |TAMS 0x00000000ffe00000, 0x00000000ffe00000| Untracked 
|1961|0x00000000fff00000, 0x00000000fff82000, 0x0000000100000000| 50%|CA|  |TAMS 0x00000000fff00000, 0x00000000fff00000| Untracked 

Card table byte_map: [0x00007fadbc467000,0x00007fadbc83c000] _byte_map_base: 0x00007fadbc03c000

Marking Bits (Prev, Next): (CMBitMap*) 0x00007fadb8070960, (CMBitMap*) 0x00007fadb80709a0
 Prev Bits: [0x00007fad9f558000, 0x00007fada1400000)
 Next Bits: [0x00007fad9d6b0000, 0x00007fad9f558000)

Polling page: 0x00007fadbed24000

Metaspace:

Usage:
  Non-class:      4,56 MB used.
      Class:    509,59 KB used.
       Both:      5,05 MB used.

Virtual space:
  Non-class space:       64,00 MB reserved,       4,62 MB (  7%) committed,  1 nodes.
      Class space:        1,00 GB reserved,     576,00 KB ( <1%) committed,  1 nodes.
             Both:        1,06 GB reserved,       5,19 MB ( <1%) committed. 

Chunk freelists:
   Non-Class:  9,91 MB
       Class:  15,25 MB
        Both:  25,16 MB

MaxMetaspaceSize: unlimited
CompressedClassSpaceSize: 1,00 GB
Initial GC threshold: 21,00 MB
Current GC threshold: 21,00 MB
CDS: on
MetaspaceReclaimPolicy: balanced
 - commit_granule_bytes: 65536.
 - commit_granule_words: 8192.
 - virtual_space_node_default_size: 8388608.
 - enlarge_chunks_in_place: 1.
 - new_chunks_are_fully_committed: 0.
 - uncommit_free_chunks: 1.
 - use_allocation_guard: 0.
 - handle_deallocations: 1.


Internal statistics:

num_allocs_failed_limit: 0.
num_arena_births: 18.
num_arena_deaths: 0.
num_vsnodes_births: 2.
num_vsnodes_deaths: 0.
num_space_committed: 83.
num_space_uncommitted: 0.
num_chunks_returned_to_freelist: 0.
num_chunks_taken_from_freelist: 122.
num_chunk_merges: 0.
num_chunk_splits: 84.
num_chunks_enlarged: 65.
num_inconsistent_stats: 0.

CodeHeap 'non-profiled nmethods': size=120032Kb used=213Kb max_used=213Kb free=119818Kb
 bounds [0x00007fada8ec8000, 0x00007fada9138000, 0x00007fadb0400000]
CodeHeap 'profiled nmethods': size=120028Kb used=1165Kb max_used=1165Kb free=118862Kb
 bounds [0x00007fada1400000, 0x00007fada1670000, 0x00007fada8937000]
CodeHeap 'non-nmethods': size=5700Kb used=1243Kb max_used=1258Kb free=4456Kb
 bounds [0x00007fada8937000, 0x00007fada8ba7000, 0x00007fada8ec8000]
 total_blobs=1234 nmethods=678 adapters=470
 compilation: enabled
              stopped_count=0, restarted_count=0
 full_count=0

Compilation events (20 events):
Event: 1,549 Thread 0x00007fadb8121a80 nmethod 667 0x00007fada151db90 code [0x00007fada151dd20, 0x00007fada151de90]
Event: 1,549 Thread 0x00007fadb8121a80  668       3       java.lang.invoke.MethodHandles$Lookup::lookupClassOrNull (17 bytes)
Event: 1,549 Thread 0x00007fadb8121a80 nmethod 668 0x00007fada151df10 code [0x00007fada151e0c0, 0x00007fada151e250]
Event: 1,551 Thread 0x00007fadb8121a80  669       3       java.util.regex.Pattern::isSupplementary (21 bytes)
Event: 1,551 Thread 0x00007fadb8121a80 nmethod 669 0x00007fada151e310 code [0x00007fada151e4c0, 0x00007fada151e730]
Event: 1,551 Thread 0x00007fadb8121a80  670   !   3       java.lang.invoke.MemberName::clone (14 bytes)
Event: 1,551 Thread 0x00007fadb8121a80 nmethod 670 0x00007fada151e810 code [0x00007fada151e9e0, 0x00007fada151ed50]
Event: 1,556 Thread 0x00007fadb8121a80  671       3       java.util.regex.Pattern::peek (26 bytes)
Event: 1,557 Thread 0x00007fadb8121a80 nmethod 671 0x00007fada151ee90 code [0x00007fada151f040, 0x00007fada151f2a0]
Event: 1,557 Thread 0x00007fadb8121a80  672       3       java.lang.invoke.LambdaForm::uncustomize (57 bytes)
Event: 1,558 Thread 0x00007fadb8121a80 nmethod 672 0x00007fada151f410 code [0x00007fada151f5e0, 0x00007fada151f900]
Event: 1,561 Thread 0x00007fadb8120550 nmethod 653 0x00007fada8efbe10 code [0x00007fada8efbfc0, 0x00007fada8efc378]
Event: 1,561 Thread 0x00007fadb8120550  583       4       java.util.HashMap::hash (20 bytes)
Event: 1,562 Thread 0x00007fadb8121a80  673       3       java.util.concurrent.ConcurrentHashMap$Node::<init> (14 bytes)
Event: 1,562 Thread 0x00007fadb8120550 nmethod 583 0x00007fada8efc690 code [0x00007fada8efc820, 0x00007fada8efc8f8]
Event: 1,562 Thread 0x00007fadb8120550  564       4       jdk.internal.org.objectweb.asm.SymbolTable::get (13 bytes)
Event: 1,562 Thread 0x00007fadb8121a80 nmethod 673 0x00007fada151fa10 code [0x00007fada151fbc0, 0x00007fada151feb0]
Event: 1,563 Thread 0x00007fadb8120550 nmethod 564 0x00007fada8efc990 code [0x00007fada8efcb20, 0x00007fada8efcbf8]
Event: 1,563 Thread 0x00007fadb8121a80  674       3       java.io.UnixFileSystem::normalize (41 bytes)
Event: 1,564 Thread 0x00007fadb8121a80 nmethod 674 0x00007fada151ff90 code [0x00007fada15201c0, 0x00007fada15207f0]

GC Heap History (2 events):
Event: 1,486 GC heap before
{Heap before GC invocations=0 (full 0):
 garbage-first heap   total 129024K, used 15328K [0x0000000085600000, 0x0000000100000000)
  region size 1024K, 13 young (13312K), 0 survivors (0K)
 Metaspace       used 4691K, committed 4800K, reserved 1114112K
  class space    used 459K, committed 512K, reserved 1048576K
}
Event: 1,500 GC heap after
{Heap after GC invocations=1 (full 0):
 garbage-first heap   total 129024K, used 4775K [0x0000000085600000, 0x0000000100000000)
  region size 1024K, 2 young (2048K), 2 survivors (2048K)
 Metaspace       used 4691K, committed 4800K, reserved 1114112K
  class space    used 459K, committed 512K, reserved 1048576K
}

Dll operation events (11 events):
Event: 0,003 Loaded shared library /usr/lib/jvm/java-17-openjdk-amd64/lib/libjava.so
Event: 0,027 Loaded shared library /usr/lib/jvm/java-17-openjdk-amd64/lib/libjsvml.so
Event: 0,235 Loaded shared library /usr/lib/jvm/java-17-openjdk-amd64/lib/libzip.so
Event: 0,237 Loaded shared library /usr/lib/jvm/java-17-openjdk-amd64/lib/libinstrument.so
Event: 0,245 Loaded shared library /usr/lib/jvm/java-17-openjdk-amd64/lib/libnio.so
Event: 0,293 Loaded shared library /usr/lib/jvm/java-17-openjdk-amd64/lib/libzip.so
Event: 0,443 Loaded shared library /usr/lib/jvm/java-17-openjdk-amd64/lib/libnet.so
Event: 0,462 Loaded shared library /usr/lib/jvm/java-17-openjdk-amd64/lib/libjimage.so
Event: 0,494 Loaded shared library /usr/lib/jvm/java-17-openjdk-amd64/lib/libextnet.so
Event: 0,766 Loaded shared library /tmp/jffi3481808088958913310.so
Event: 0,895 Loaded shared library /usr/lib/jvm/java-17-openjdk-amd64/lib/libverify.so

Deoptimization events (20 events):
Event: 0,292 Thread 0x00007fadb8016800 Uncommon trap: trap_request=0xfffffff4 fr.pc=0x00007fada8ed544c relative=0x00000000000001ac
Event: 0,292 Thread 0x00007fadb8016800 Uncommon trap: reason=null_check action=make_not_entrant pc=0x00007fada8ed544c method=java.lang.String.equals(Ljava/lang/Object;)Z @ 8 c2
Event: 0,292 Thread 0x00007fadb8016800 DEOPT PACKING pc=0x00007fada8ed544c sp=0x00007fadbd1fd2b0
Event: 0,292 Thread 0x00007fadb8016800 DEOPT UNPACKING pc=0x00007fada898d699 sp=0x00007fadbd1fd278 mode 2
Event: 0,349 Thread 0x00007fadb8016800 Uncommon trap: trap_request=0xffffff45 fr.pc=0x00007fada8ed4804 relative=0x0000000000000724
Event: 0,349 Thread 0x00007fadb8016800 Uncommon trap: reason=unstable_if action=reinterpret pc=0x00007fada8ed4804 method=java.util.HashMap.putVal(ILjava/lang/Object;Ljava/lang/Object;ZZ)Ljava/lang/Object; @ 69 c2
Event: 0,349 Thread 0x00007fadb8016800 DEOPT PACKING pc=0x00007fada8ed4804 sp=0x00007fadbd1fdf50
Event: 0,349 Thread 0x00007fadb8016800 DEOPT UNPACKING pc=0x00007fada898d699 sp=0x00007fadbd1fdef0 mode 2
Event: 0,412 Thread 0x00007fadb8016800 Uncommon trap: trap_request=0xffffff45 fr.pc=0x00007fada8ed9028 relative=0x0000000000000188
Event: 0,412 Thread 0x00007fadb8016800 Uncommon trap: reason=unstable_if action=reinterpret pc=0x00007fada8ed9028 method=java.util.zip.ZipFile$Source.isMetaName([BII)Z @ 57 c2
Event: 0,412 Thread 0x00007fadb8016800 DEOPT PACKING pc=0x00007fada8ed9028 sp=0x00007fadbd1fd670
Event: 0,412 Thread 0x00007fadb8016800 DEOPT UNPACKING pc=0x00007fada898d699 sp=0x00007fadbd1fd638 mode 2
Event: 0,594 Thread 0x00007fadb8016800 Uncommon trap: trap_request=0xffffff45 fr.pc=0x00007fada8ed9c18 relative=0x0000000000000078
Event: 0,594 Thread 0x00007fadb8016800 Uncommon trap: reason=unstable_if action=reinterpret pc=0x00007fada8ed9c18 method=java.lang.String.isLatin1()Z @ 10 c2
Event: 0,594 Thread 0x00007fadb8016800 DEOPT PACKING pc=0x00007fada8ed9c18 sp=0x00007fadbd1fa6f0
Event: 0,594 Thread 0x00007fadb8016800 DEOPT UNPACKING pc=0x00007fada898d699 sp=0x00007fadbd1fa650 mode 2
Event: 1,543 Thread 0x00007fadb8016800 Uncommon trap: trap_request=0xffffff45 fr.pc=0x00007fada8ef94dc relative=0x000000000000159c
Event: 1,543 Thread 0x00007fadb8016800 Uncommon trap: reason=unstable_if action=reinterpret pc=0x00007fada8ef94dc method=java.util.HashMap.hash(Ljava/lang/Object;)I @ 1 c2
Event: 1,543 Thread 0x00007fadb8016800 DEOPT PACKING pc=0x00007fada8ef94dc sp=0x00007fadbd1fdd50
Event: 1,543 Thread 0x00007fadb8016800 DEOPT UNPACKING pc=0x00007fada898d699 sp=0x00007fadbd1fdd00 mode 2

Classes unloaded (0 events):
No events

Classes redefined (0 events):
No events

Internal exceptions (9 events):
Event: 0,292 Thread 0x00007fadb8016800 Implicit null exception at 0x00007fada8ed52d5 to 0x00007fada8ed543c
Event: 0,478 Thread 0x00007fadb8229690 Exception <a 'java/lang/NoSuchMethodError'{0x000000008ce03120}: 'java.lang.Object java.lang.invoke.DirectMethodHandle$Holder.invokeStaticInit(java.lang.Object)'> (0x000000008ce03120) 
thrown [./src/hotspot/share/interpreter/linkResolver.cpp, line 758]
Event: 0,507 Thread 0x00007fadb8229690 Exception <a 'java/lang/NoSuchMethodError'{0x000000008ce117c8}: 'void java.lang.invoke.DirectMethodHandle$Holder.invokeStatic(java.lang.Object, java.lang.Object)'> (0x000000008ce117c8) 
thrown [./src/hotspot/share/interpreter/linkResolver.cpp, line 758]
Event: 1,077 Thread 0x00007fadb8016800 Exception <a 'java/lang/UnsatisfiedLinkError'{0x000000008c912ba0}: meos: Ne peut ouvrir le fichier d'objet partagé: Aucun fichier ou dossier de ce type> (0x000000008c912ba0) 
thrown [./src/hotspot/share/prims/jni.cpp, line 535]
Event: 1,372 Thread 0x00007fadb8016800 Exception <a 'java/lang/NoSuchMethodError'{0x000000008c699a18}: 'java.lang.Object java.lang.invoke.DirectMethodHandle$Holder.newInvokeSpecial(java.lang.Object, java.lang.Object, java.lang.Object, java.lang.Object, java.lang.Object)'> (0x000000008c699a18) 
thrown [./src/hotspot/share/interpreter/linkResolver.cpp, line 758]
Event: 1,432 Thread 0x00007fadb8016800 Exception <a 'java/lang/UnsatisfiedLinkError'{0x000000008c566ab0}: /usr/local/lib/libmeos.so: undefined symbol: intrange_to_intspan> (0x000000008c566ab0) 
thrown [./src/hotspot/share/prims/jni.cpp, line 535]
Event: 1,433 Thread 0x00007fadb8016800 Exception <a 'java/lang/UnsatisfiedLinkError'{0x000000008c568698}: /usr/local/lib/libmeos.so: undefined symbol: floatrange_to_floatspan> (0x000000008c568698) 
thrown [./src/hotspot/share/prims/jni.cpp, line 535]
Event: 1,434 Thread 0x00007fadb8016800 Exception <a 'java/lang/UnsatisfiedLinkError'{0x000000008c5701d8}: /usr/local/lib/libmeos.so: undefined symbol: distance_timestamp_timestamp> (0x000000008c5701d8) 
thrown [./src/hotspot/share/prims/jni.cpp, line 535]
Event: 1,543 Thread 0x00007fadb8016800 Implicit null exception at 0x00007fada8ef7f80 to 0x00007fada8ef94c8

VM Operations (12 events):
Event: 0,178 Executing VM operation: HandshakeAllThreads
Event: 0,178 Executing VM operation: HandshakeAllThreads done
Event: 0,444 Executing VM operation: HandshakeAllThreads
Event: 0,459 Executing VM operation: HandshakeAllThreads done
Event: 0,662 Executing VM operation: HandshakeAllThreads
Event: 0,662 Executing VM operation: HandshakeAllThreads done
Event: 0,880 Executing VM operation: HandshakeAllThreads
Event: 0,880 Executing VM operation: HandshakeAllThreads done
Event: 1,024 Executing VM operation: HandshakeAllThreads
Event: 1,024 Executing VM operation: HandshakeAllThreads done
Event: 1,482 Executing VM operation: G1CollectForAllocation
Event: 1,500 Executing VM operation: G1CollectForAllocation done

Events (20 events):
Event: 1,525 loading class sun/util/resources/cldr/TimeZoneNames_en_US
Event: 1,525 loading class sun/util/resources/cldr/TimeZoneNames_en_US done
Event: 1,527 loading class sun/util/resources/TimeZoneNames
Event: 1,530 loading class java/util/Stack
Event: 1,530 loading class java/util/Stack done
Event: 1,532 loading class sun/util/resources/TimeZoneNames done
Event: 1,532 loading class sun/util/resources/TimeZoneNames_en
Event: 1,532 loading class sun/util/resources/TimeZoneNames_en done
Event: 1,545 loading class java/time/OffsetDateTime
Event: 1,545 loading class java/time/OffsetDateTime done
Event: 1,550 loading class java/text/ParsePosition
Event: 1,550 loading class java/text/ParsePosition done
Event: 1,550 loading class java/time/format/DateTimeParseContext
Event: 1,550 loading class java/time/format/DateTimeParseContext done
Event: 1,550 loading class java/time/format/Parsed
Event: 1,550 loading class java/time/format/Parsed done
Event: 1,558 loading class java/time/ZonedDateTime
Event: 1,559 loading class java/time/chrono/ChronoZonedDateTime
Event: 1,559 loading class java/time/chrono/ChronoZonedDateTime done
Event: 1,559 loading class java/time/ZonedDateTime done


Dynamic libraries:
85600000-8d200000 rw-p 00000000 00:00 0 
8d200000-ffe00000 ---p 00000000 00:00 0 
ffe00000-ffe76000 rw-p 00c9d000 08:02 10491600                           /usr/lib/jvm/java-17-openjdk-amd64/lib/server/classes.jsa
ffe76000-fff00000 rw-p 00000000 00:00 0 
fff00000-fff82000 rw-p 00c1b000 08:02 10491600                           /usr/lib/jvm/java-17-openjdk-amd64/lib/server/classes.jsa
fff82000-100000000 rw-p 00000000 00:00 0 
800000000-800458000 rw-p 00001000 08:02 10491600                         /usr/lib/jvm/java-17-openjdk-amd64/lib/server/classes.jsa
800458000-800be2000 r--p 00459000 08:02 10491600                         /usr/lib/jvm/java-17-openjdk-amd64/lib/server/classes.jsa
800be2000-801000000 ---p 00000000 00:00 0 
801000000-801040000 rw-p 00000000 00:00 0 
801040000-801090000 rw-p 00000000 00:00 0 
801090000-841000000 ---p 00000000 00:00 0 
55c6fd68c000-55c6fd68d000 r--p 00000000 08:02 10485864                   /usr/lib/jvm/java-17-openjdk-amd64/bin/java
55c6fd68d000-55c6fd68e000 r-xp 00001000 08:02 10485864                   /usr/lib/jvm/java-17-openjdk-amd64/bin/java
55c6fd68e000-55c6fd68f000 r--p 00002000 08:02 10485864                   /usr/lib/jvm/java-17-openjdk-amd64/bin/java
55c6fd68f000-55c6fd690000 r--p 00002000 08:02 10485864                   /usr/lib/jvm/java-17-openjdk-amd64/bin/java
55c6fd690000-55c6fd691000 rw-p 00003000 08:02 10485864                   /usr/lib/jvm/java-17-openjdk-amd64/bin/java
55c6fe76b000-55c6fe7b3000 rw-p 00000000 00:00 0                          [heap]
7fad34000000-7fad34021000 rw-p 00000000 00:00 0 
7fad34021000-7fad38000000 ---p 00000000 00:00 0 
7fad3c000000-7fad3c021000 rw-p 00000000 00:00 0 
7fad3c021000-7fad40000000 ---p 00000000 00:00 0 
7fad40000000-7fad40021000 rw-p 00000000 00:00 0 
7fad40021000-7fad44000000 ---p 00000000 00:00 0 
7fad44000000-7fad44027000 rw-p 00000000 00:00 0 
7fad44027000-7fad48000000 ---p 00000000 00:00 0 
7fad4b5fa000-7fad4b5fb000 ---p 00000000 00:00 0 
7fad4b5fb000-7fad4b6fc000 rw-p 00000000 00:00 0 
7fad4b6fc000-7fad4b6fd000 ---p 00000000 00:00 0 
7fad4b6fd000-7fad4b7fe000 rw-p 00000000 00:00 0 
7fad4b7fe000-7fad4b7ff000 ---p 00000000 00:00 0 
7fad4b7ff000-7fad4b900000 rw-p 00000000 00:00 0 
7fad4b900000-7fad4b904000 ---p 00000000 00:00 0 
7fad4b904000-7fad4ba00000 rw-p 00000000 00:00 0 
7fad4ba00000-7fad4bab2000 r--p 00000000 08:02 10357909                   /usr/lib/x86_64-linux-gnu/libcrypto.so.3
7fad4bab2000-7fad4bd10000 r-xp 000b2000 08:02 10357909                   /usr/lib/x86_64-linux-gnu/libcrypto.so.3
7fad4bd10000-7fad4bde2000 r--p 00310000 08:02 10357909                   /usr/lib/x86_64-linux-gnu/libcrypto.so.3
7fad4bde2000-7fad4be3d000 r--p 003e1000 08:02 10357909                   /usr/lib/x86_64-linux-gnu/libcrypto.so.3
7fad4be3d000-7fad4be40000 rw-p 0043c000 08:02 10357909                   /usr/lib/x86_64-linux-gnu/libcrypto.so.3
7fad4be40000-7fad4be43000 rw-p 00000000 00:00 0 
7fad4bee3000-7fad4bee6000 r--p 00000000 08:02 10365379                   /usr/lib/x86_64-linux-gnu/libresolv.so.2
7fad4bee6000-7fad4bef0000 r-xp 00003000 08:02 10365379                   /usr/lib/x86_64-linux-gnu/libresolv.so.2
7fad4bef0000-7fad4bef3000 r--p 0000d000 08:02 10365379                   /usr/lib/x86_64-linux-gnu/libresolv.so.2
7fad4bef3000-7fad4bef4000 r--p 0000f000 08:02 10365379                   /usr/lib/x86_64-linux-gnu/libresolv.so.2
7fad4bef4000-7fad4bef5000 rw-p 00010000 08:02 10365379                   /usr/lib/x86_64-linux-gnu/libresolv.so.2
7fad4bef5000-7fad4bef7000 rw-p 00000000 00:00 0 
7fad4bef7000-7fad4bef8000 r--p 00000000 08:02 10355681                   /usr/lib/x86_64-linux-gnu/libbrotlicommon.so.1.0.9
7fad4bef8000-7fad4bef9000 r-xp 00001000 08:02 10355681                   /usr/lib/x86_64-linux-gnu/libbrotlicommon.so.1.0.9
7fad4bef9000-7fad4bf18000 r--p 00002000 08:02 10355681                   /usr/lib/x86_64-linux-gnu/libbrotlicommon.so.1.0.9
7fad4bf18000-7fad4bf19000 r--p 00020000 08:02 10355681                   /usr/lib/x86_64-linux-gnu/libbrotlicommon.so.1.0.9
7fad4bf19000-7fad4bf1a000 rw-p 00021000 08:02 10355681                   /usr/lib/x86_64-linux-gnu/libbrotlicommon.so.1.0.9
7fad4bf1a000-7fad4bf1d000 r--p 00000000 08:02 10356794                   /usr/lib/x86_64-linux-gnu/libsasl2.so.2.0.25
7fad4bf1d000-7fad4bf2e000 r-xp 00003000 08:02 10356794                   /usr/lib/x86_64-linux-gnu/libsasl2.so.2.0.25
7fad4bf2e000-7fad4bf33000 r--p 00014000 08:02 10356794                   /usr/lib/x86_64-linux-gnu/libsasl2.so.2.0.25
7fad4bf33000-7fad4bf34000 r--p 00018000 08:02 10356794                   /usr/lib/x86_64-linux-gnu/libsasl2.so.2.0.25
7fad4bf34000-7fad4bf35000 rw-p 00019000 08:02 10356794                   /usr/lib/x86_64-linux-gnu/libsasl2.so.2.0.25
7fad4bf35000-7fad4bf56000 r--p 00000000 08:02 10356892                   /usr/lib/x86_64-linux-gnu/libkrb5.so.3.3
7fad4bf56000-7fad4bfb3000 r-xp 00021000 08:02 10356892                   /usr/lib/x86_64-linux-gnu/libkrb5.so.3.3
7fad4bfb3000-7fad4bff0000 r--p 0007e000 08:02 10356892                   /usr/lib/x86_64-linux-gnu/libkrb5.so.3.3
7fad4bff0000-7fad4bff1000 ---p 000bb000 08:02 10356892                   /usr/lib/x86_64-linux-gnu/libkrb5.so.3.3
7fad4bff1000-7fad4bffe000 r--p 000bb000 08:02 10356892                   /usr/lib/x86_64-linux-gnu/libkrb5.so.3.3
7fad4bffe000-7fad4c000000 rw-p 000c8000 08:02 10356892                   /usr/lib/x86_64-linux-gnu/libkrb5.so.3.3
7fad4c000000-7fad4c021000 rw-p 00000000 00:00 0 
7fad4c021000-7fad50000000 ---p 00000000 00:00 0 
7fad50000000-7fad50021000 rw-p 00000000 00:00 0 
7fad50021000-7fad54000000 ---p 00000000 00:00 0 
7fad54000000-7fad54021000 rw-p 00000000 00:00 0 
7fad54021000-7fad58000000 ---p 00000000 00:00 0 
7fad58000000-7fad58021000 rw-p 00000000 00:00 0 
7fad58021000-7fad5c000000 ---p 00000000 00:00 0 
7fad5c000000-7fad5c329000 rw-p 00000000 00:00 0 
7fad5c329000-7fad60000000 ---p 00000000 00:00 0 
7fad60000000-7fad60021000 rw-p 00000000 00:00 0 
7fad60021000-7fad64000000 ---p 00000000 00:00 0 
7fad64000000-7fad64021000 rw-p 00000000 00:00 0 
7fad64021000-7fad68000000 ---p 00000000 00:00 0 
7fad68000000-7fad682cb000 rw-p 00000000 00:00 0 
7fad682cb000-7fad6c000000 ---p 00000000 00:00 0 
7fad6c000000-7fad6c021000 rw-p 00000000 00:00 0 
7fad6c021000-7fad70000000 ---p 00000000 00:00 0 
7fad70000000-7fad70021000 rw-p 00000000 00:00 0 
7fad70021000-7fad74000000 ---p 00000000 00:00 0 
7fad74000000-7fad74021000 rw-p 00000000 00:00 0 
7fad74021000-7fad78000000 ---p 00000000 00:00 0 
7fad78000000-7fad78021000 rw-p 00000000 00:00 0 
7fad78021000-7fad7c000000 ---p 00000000 00:00 0 
7fad7c000000-7fad7c021000 rw-p 00000000 00:00 0 
7fad7c021000-7fad80000000 ---p 00000000 00:00 0 
7fad80000000-7fad80021000 rw-p 00000000 00:00 0 
7fad80021000-7fad84000000 ---p 00000000 00:00 0 
7fad84000000-7fad84280000 rw-p 00000000 00:00 0 
7fad84280000-7fad84400000 ---p 00000000 00:00 0 
7fad84400000-7fad84620000 rw-p 00000000 00:00 0 
7fad84620000-7fad88000000 ---p 00000000 00:00 0 
7fad88000000-7fad88021000 rw-p 00000000 00:00 0 
7fad88021000-7fad8c000000 ---p 00000000 00:00 0 
7fad8c002000-7fad8c006000 r--p 00000000 08:02 10357711                   /usr/lib/x86_64-linux-gnu/libk5crypto.so.3.1
7fad8c006000-7fad8c021000 r-xp 00004000 08:02 10357711                   /usr/lib/x86_64-linux-gnu/libk5crypto.so.3.1
7fad8c021000-7fad8c02d000 r--p 0001f000 08:02 10357711                   /usr/lib/x86_64-linux-gnu/libk5crypto.so.3.1
7fad8c02d000-7fad8c02e000 ---p 0002b000 08:02 10357711                   /usr/lib/x86_64-linux-gnu/libk5crypto.so.3.1
7fad8c02e000-7fad8c02f000 r--p 0002b000 08:02 10357711                   /usr/lib/x86_64-linux-gnu/libk5crypto.so.3.1
7fad8c02f000-7fad8c030000 rw-p 0002c000 08:02 10357711                   /usr/lib/x86_64-linux-gnu/libk5crypto.so.3.1
7fad8c030000-7fad8c031000 rw-p 00000000 00:00 0 
7fad8c031000-7fad8c05a000 r--p 00000000 08:02 10356002                   /usr/lib/x86_64-linux-gnu/libp11-kit.so.0.3.0
7fad8c05a000-7fad8c0fe000 r-xp 00029000 08:02 10356002                   /usr/lib/x86_64-linux-gnu/libp11-kit.so.0.3.0
7fad8c0fe000-7fad8c158000 r--p 000cd000 08:02 10356002                   /usr/lib/x86_64-linux-gnu/libp11-kit.so.0.3.0
7fad8c158000-7fad8c162000 r--p 00126000 08:02 10356002                   /usr/lib/x86_64-linux-gnu/libp11-kit.so.0.3.0
7fad8c162000-7fad8c16c000 rw-p 00130000 08:02 10356002                   /usr/lib/x86_64-linux-gnu/libp11-kit.so.0.3.0
7fad8c16c000-7fad8c176000 r--p 00000000 08:02 10357741                   /usr/lib/x86_64-linux-gnu/libgmp.so.10.4.1
7fad8c176000-7fad8c1d5000 r-xp 0000a000 08:02 10357741                   /usr/lib/x86_64-linux-gnu/libgmp.so.10.4.1
7fad8c1d5000-7fad8c1ec000 r--p 00069000 08:02 10357741                   /usr/lib/x86_64-linux-gnu/libgmp.so.10.4.1
7fad8c1ec000-7fad8c1ed000 r--p 0007f000 08:02 10357741                   /usr/lib/x86_64-linux-gnu/libgmp.so.10.4.1
7fad8c1ed000-7fad8c1ee000 rw-p 00080000 08:02 10357741                   /usr/lib/x86_64-linux-gnu/libgmp.so.10.4.1
7fad8c1ee000-7fad8c1f6000 r--p 00000000 08:02 10360657                   /usr/lib/x86_64-linux-gnu/libhogweed.so.6.4
7fad8c1f6000-7fad8c209000 r-xp 00008000 08:02 10360657                   /usr/lib/x86_64-linux-gnu/libhogweed.so.6.4
7fad8c209000-7fad8c233000 r--p 0001b000 08:02 10360657                   /usr/lib/x86_64-linux-gnu/libhogweed.so.6.4
7fad8c233000-7fad8c234000 ---p 00045000 08:02 10360657                   /usr/lib/x86_64-linux-gnu/libhogweed.so.6.4
7fad8c234000-7fad8c235000 r--p 00045000 08:02 10360657                   /usr/lib/x86_64-linux-gnu/libhogweed.so.6.4
7fad8c235000-7fad8c236000 rw-p 00046000 08:02 10360657                   /usr/lib/x86_64-linux-gnu/libhogweed.so.6.4
7fad8c236000-7fad8c247000 r--p 00000000 08:02 10360661                   /usr/lib/x86_64-linux-gnu/libunistring.so.2.2.0
7fad8c247000-7fad8c27d000 r-xp 00011000 08:02 10360661                   /usr/lib/x86_64-linux-gnu/libunistring.so.2.2.0
7fad8c27d000-7fad8c3db000 r--p 00047000 08:02 10360661                   /usr/lib/x86_64-linux-gnu/libunistring.so.2.2.0
7fad8c3db000-7fad8c3df000 r--p 001a5000 08:02 10360661                   /usr/lib/x86_64-linux-gnu/libunistring.so.2.2.0
7fad8c3df000-7fad8c3e0000 rw-p 001a9000 08:02 10360661                   /usr/lib/x86_64-linux-gnu/libunistring.so.2.2.0
7fad8c3e0000-7fad8c3ee000 r--p 00000000 08:02 10362052                   /usr/lib/x86_64-linux-gnu/libldap-2.5.so.0.1.9
7fad8c3ee000-7fad8c428000 r-xp 0000e000 08:02 10362052                   /usr/lib/x86_64-linux-gnu/libldap-2.5.so.0.1.9
7fad8c428000-7fad8c439000 r--p 00048000 08:02 10362052                   /usr/lib/x86_64-linux-gnu/libldap-2.5.so.0.1.9
7fad8c439000-7fad8c43a000 ---p 00059000 08:02 10362052                   /usr/lib/x86_64-linux-gnu/libldap-2.5.so.0.1.9
7fad8c43a000-7fad8c43c000 r--p 00059000 08:02 10362052                   /usr/lib/x86_64-linux-gnu/libldap-2.5.so.0.1.9
7fad8c43c000-7fad8c43d000 rw-p 0005b000 08:02 10362052                   /usr/lib/x86_64-linux-gnu/libldap-2.5.so.0.1.9
7fad8c43d000-7fad8c43f000 rw-p 00000000 00:00 0 
7fad8c43f000-7fad8c44a000 r--p 00000000 08:02 10357451                   /usr/lib/x86_64-linux-gnu/libgssapi_krb5.so.2.2
7fad8c44a000-7fad8c482000 r-xp 0000b000 08:02 10357451                   /usr/lib/x86_64-linux-gnu/libgssapi_krb5.so.2.2
7fad8c482000-7fad8c48e000 r--p 00043000 08:02 10357451                   /usr/lib/x86_64-linux-gnu/libgssapi_krb5.so.2.2
7fad8c48e000-7fad8c48f000 ---p 0004f000 08:02 10357451                   /usr/lib/x86_64-linux-gnu/libgssapi_krb5.so.2.2
7fad8c48f000-7fad8c491000 r--p 0004f000 08:02 10357451                   /usr/lib/x86_64-linux-gnu/libgssapi_krb5.so.2.2
7fad8c491000-7fad8c493000 rw-p 00051000 08:02 10357451                   /usr/lib/x86_64-linux-gnu/libgssapi_krb5.so.2.2
7fad8c493000-7fad8c4c4000 r--p 00000000 08:02 10357230                   /usr/lib/x86_64-linux-gnu/libgnutls.so.30.31.0
7fad8c4c4000-7fad8c5ed000 r-xp 00031000 08:02 10357230                   /usr/lib/x86_64-linux-gnu/libgnutls.so.30.31.0
7fad8c5ed000-7fad8c66a000 r--p 0015a000 08:02 10357230                   /usr/lib/x86_64-linux-gnu/libgnutls.so.30.31.0
7fad8c66a000-7fad8c67a000 r--p 001d6000 08:02 10357230                   /usr/lib/x86_64-linux-gnu/libgnutls.so.30.31.0
7fad8c67a000-7fad8c67c000 rw-p 001e6000 08:02 10357230                   /usr/lib/x86_64-linux-gnu/libgnutls.so.30.31.0
7fad8c67c000-7fad8c67e000 rw-p 00000000 00:00 0 
7fad8c67e000-7fad8c688000 r--p 00000000 08:02 10355057                   /usr/lib/x86_64-linux-gnu/libnettle.so.8.4
7fad8c688000-7fad8c6ab000 r-xp 0000a000 08:02 10355057                   /usr/lib/x86_64-linux-gnu/libnettle.so.8.4
7fad8c6ab000-7fad8c6c1000 r--p 0002d000 08:02 10355057                   /usr/lib/x86_64-linux-gnu/libnettle.so.8.4
7fad8c6c1000-7fad8c6c3000 r--p 00042000 08:02 10355057                   /usr/lib/x86_64-linux-gnu/libnettle.so.8.4
7fad8c6c3000-7fad8c6c4000 rw-p 00044000 08:02 10355057                   /usr/lib/x86_64-linux-gnu/libnettle.so.8.4
7fad8c6c4000-7fad8c6d1000 r--p 00000000 08:02 10355513                   /usr/lib/x86_64-linux-gnu/libssh.so.4.8.7
7fad8c6d1000-7fad8c714000 r-xp 0000d000 08:02 10355513                   /usr/lib/x86_64-linux-gnu/libssh.so.4.8.7
7fad8c714000-7fad8c72c000 r--p 00050000 08:02 10355513                   /usr/lib/x86_64-linux-gnu/libssh.so.4.8.7
7fad8c72c000-7fad8c72d000 ---p 00068000 08:02 10355513                   /usr/lib/x86_64-linux-gnu/libssh.so.4.8.7
7fad8c72d000-7fad8c72f000 r--p 00068000 08:02 10355513                   /usr/lib/x86_64-linux-gnu/libssh.so.4.8.7
7fad8c72f000-7fad8c731000 rw-p 0006a000 08:02 10355513                   /usr/lib/x86_64-linux-gnu/libssh.so.4.8.7
7fad8c731000-7fad8c73b000 r--p 00000000 08:02 10354868                   /usr/lib/x86_64-linux-gnu/libzstd.so.1.4.8
7fad8c73b000-7fad8c7ed000 r-xp 0000a000 08:02 10354868                   /usr/lib/x86_64-linux-gnu/libzstd.so.1.4.8
7fad8c7ed000-7fad8c7fe000 r--p 000bc000 08:02 10354868                   /usr/lib/x86_64-linux-gnu/libzstd.so.1.4.8
7fad8c7fe000-7fad8c7ff000 r--p 000cc000 08:02 10354868                   /usr/lib/x86_64-linux-gnu/libzstd.so.1.4.8
7fad8c7ff000-7fad8c800000 rw-p 000cd000 08:02 10354868                   /usr/lib/x86_64-linux-gnu/libzstd.so.1.4.8
7fad8c800000-7fad8c878000 r--p 00000000 08:02 10366481                   /usr/lib/x86_64-linux-gnu/libgeos.so.3.10.2
7fad8c878000-7fad8c9a6000 r-xp 00078000 08:02 10366481                   /usr/lib/x86_64-linux-gnu/libgeos.so.3.10.2
7fad8c9a6000-7fad8ca03000 r--p 001a6000 08:02 10366481                   /usr/lib/x86_64-linux-gnu/libgeos.so.3.10.2
7fad8ca03000-7fad8ca0a000 r--p 00202000 08:02 10366481                   /usr/lib/x86_64-linux-gnu/libgeos.so.3.10.2
7fad8ca0a000-7fad8ca0b000 rw-p 00209000 08:02 10366481                   /usr/lib/x86_64-linux-gnu/libgeos.so.3.10.2
7fad8ca15000-7fad8ca18000 r--p 00000000 08:02 10355637                   /usr/lib/x86_64-linux-gnu/libkrb5support.so.0.1
7fad8ca18000-7fad8ca1e000 r-xp 00003000 08:02 10355637                   /usr/lib/x86_64-linux-gnu/libkrb5support.so.0.1
7fad8ca1e000-7fad8ca20000 r--p 00009000 08:02 10355637                   /usr/lib/x86_64-linux-gnu/libkrb5support.so.0.1
7fad8ca20000-7fad8ca21000 ---p 0000b000 08:02 10355637                   /usr/lib/x86_64-linux-gnu/libkrb5support.so.0.1
7fad8ca21000-7fad8ca22000 r--p 0000b000 08:02 10355637                   /usr/lib/x86_64-linux-gnu/libkrb5support.so.0.1
7fad8ca22000-7fad8ca23000 rw-p 0000c000 08:02 10355637                   /usr/lib/x86_64-linux-gnu/libkrb5support.so.0.1
7fad8ca23000-7fad8ca26000 r--p 00000000 08:02 10361751                   /usr/lib/x86_64-linux-gnu/libtasn1.so.6.6.2
7fad8ca26000-7fad8ca34000 r-xp 00003000 08:02 10361751                   /usr/lib/x86_64-linux-gnu/libtasn1.so.6.6.2
7fad8ca34000-7fad8ca38000 r--p 00011000 08:02 10361751                   /usr/lib/x86_64-linux-gnu/libtasn1.so.6.6.2
7fad8ca38000-7fad8ca39000 ---p 00015000 08:02 10361751                   /usr/lib/x86_64-linux-gnu/libtasn1.so.6.6.2
7fad8ca39000-7fad8ca3a000 r--p 00015000 08:02 10361751                   /usr/lib/x86_64-linux-gnu/libtasn1.so.6.6.2
7fad8ca3a000-7fad8ca3b000 rw-p 00016000 08:02 10361751                   /usr/lib/x86_64-linux-gnu/libtasn1.so.6.6.2
7fad8ca3b000-7fad8ca3c000 r--p 00000000 08:02 10355683                   /usr/lib/x86_64-linux-gnu/libbrotlidec.so.1.0.9
7fad8ca3c000-7fad8ca44000 r-xp 00001000 08:02 10355683                   /usr/lib/x86_64-linux-gnu/libbrotlidec.so.1.0.9
7fad8ca44000-7fad8ca47000 r--p 00009000 08:02 10355683                   /usr/lib/x86_64-linux-gnu/libbrotlidec.so.1.0.9
7fad8ca47000-7fad8ca48000 r--p 0000b000 08:02 10355683                   /usr/lib/x86_64-linux-gnu/libbrotlidec.so.1.0.9
7fad8ca48000-7fad8ca49000 rw-p 0000c000 08:02 10355683                   /usr/lib/x86_64-linux-gnu/libbrotlidec.so.1.0.9
7fad8ca49000-7fad8ca4e000 r--p 00000000 08:02 10355338                   /usr/lib/x86_64-linux-gnu/librtmp.so.1
7fad8ca4e000-7fad8ca5e000 r-xp 00005000 08:02 10355338                   /usr/lib/x86_64-linux-gnu/librtmp.so.1
7fad8ca5e000-7fad8ca65000 r--p 00015000 08:02 10355338                   /usr/lib/x86_64-linux-gnu/librtmp.so.1
7fad8ca65000-7fad8ca66000 ---p 0001c000 08:02 10355338                   /usr/lib/x86_64-linux-gnu/librtmp.so.1
7fad8ca66000-7fad8ca67000 r--p 0001c000 08:02 10355338                   /usr/lib/x86_64-linux-gnu/librtmp.so.1
7fad8ca67000-7fad8ca68000 rw-p 0001d000 08:02 10355338                   /usr/lib/x86_64-linux-gnu/librtmp.so.1
7fad8ca68000-7fad8ca6a000 r--p 00000000 08:02 10361325                   /usr/lib/x86_64-linux-gnu/libidn2.so.0.3.7
7fad8ca6a000-7fad8ca6e000 r-xp 00002000 08:02 10361325                   /usr/lib/x86_64-linux-gnu/libidn2.so.0.3.7
7fad8ca6e000-7fad8ca87000 r--p 00006000 08:02 10361325                   /usr/lib/x86_64-linux-gnu/libidn2.so.0.3.7
7fad8ca87000-7fad8ca88000 r--p 0001e000 08:02 10361325                   /usr/lib/x86_64-linux-gnu/libidn2.so.0.3.7
7fad8ca88000-7fad8ca89000 rw-p 0001f000 08:02 10361325                   /usr/lib/x86_64-linux-gnu/libidn2.so.0.3.7
7fad8ca89000-7fad8ca8e000 r--p 00000000 08:02 10354889                   /usr/lib/x86_64-linux-gnu/libnghttp2.so.14.20.1
7fad8ca8e000-7fad8caa3000 r-xp 00005000 08:02 10354889                   /usr/lib/x86_64-linux-gnu/libnghttp2.so.14.20.1
7fad8caa3000-7fad8caaf000 r--p 0001a000 08:02 10354889                   /usr/lib/x86_64-linux-gnu/libnghttp2.so.14.20.1
7fad8caaf000-7fad8cab2000 r--p 00025000 08:02 10354889                   /usr/lib/x86_64-linux-gnu/libnghttp2.so.14.20.1
7fad8cab2000-7fad8cab3000 rw-p 00028000 08:02 10354889                   /usr/lib/x86_64-linux-gnu/libnghttp2.so.14.20.1
7fad8cab3000-7fad8cad1000 r--p 00000000 08:02 10355997                   /usr/lib/x86_64-linux-gnu/libsqlite3.so.0.8.6
7fad8cad1000-7fad8cbbd000 r-xp 0001e000 08:02 10355997                   /usr/lib/x86_64-linux-gnu/libsqlite3.so.0.8.6
7fad8cbbd000-7fad8cbf8000 r--p 0010a000 08:02 10355997                   /usr/lib/x86_64-linux-gnu/libsqlite3.so.0.8.6
7fad8cbf8000-7fad8cbfc000 r--p 00144000 08:02 10355997                   /usr/lib/x86_64-linux-gnu/libsqlite3.so.0.8.6
7fad8cbfc000-7fad8cc00000 rw-p 00148000 08:02 10355997                   /usr/lib/x86_64-linux-gnu/libsqlite3.so.0.8.6
7fad8cc00000-7fad8cc5b000 r--p 00000000 08:02 10360429                   /usr/lib/x86_64-linux-gnu/libgsl.so.27.0.0
7fad8cc5b000-7fad8ce32000 r-xp 0005b000 08:02 10360429                   /usr/lib/x86_64-linux-gnu/libgsl.so.27.0.0
7fad8ce32000-7fad8ceab000 r--p 00232000 08:02 10360429                   /usr/lib/x86_64-linux-gnu/libgsl.so.27.0.0
7fad8ceab000-7fad8ceac000 ---p 002ab000 08:02 10360429                   /usr/lib/x86_64-linux-gnu/libgsl.so.27.0.0
7fad8ceac000-7fad8ceb0000 r--p 002ab000 08:02 10360429                   /usr/lib/x86_64-linux-gnu/libgsl.so.27.0.0
7fad8ceb0000-7fad8cebe000 rw-p 002af000 08:02 10360429                   /usr/lib/x86_64-linux-gnu/libgsl.so.27.0.0
7fad8cebe000-7fad8cebf000 rw-p 00000000 00:00 0 
7fad8cebf000-7fad8cec1000 r--p 00000000 08:02 10356728                   /usr/lib/x86_64-linux-gnu/libffi.so.8.1.0
7fad8cec1000-7fad8cec8000 r-xp 00002000 08:02 10356728                   /usr/lib/x86_64-linux-gnu/libffi.so.8.1.0
7fad8cec8000-7fad8cec9000 r--p 00009000 08:02 10356728                   /usr/lib/x86_64-linux-gnu/libffi.so.8.1.0
7fad8cec9000-7fad8ceca000 ---p 0000a000 08:02 10356728                   /usr/lib/x86_64-linux-gnu/libffi.so.8.1.0
7fad8ceca000-7fad8cecb000 r--p 0000a000 08:02 10356728                   /usr/lib/x86_64-linux-gnu/libffi.so.8.1.0
7fad8cecb000-7fad8cecc000 rw-p 0000b000 08:02 10356728                   /usr/lib/x86_64-linux-gnu/libffi.so.8.1.0
7fad8cecc000-7fad8cecf000 r--p 00000000 08:02 10355303                   /usr/lib/x86_64-linux-gnu/liblber-2.5.so.0.1.9
7fad8cecf000-7fad8ced7000 r-xp 00003000 08:02 10355303                   /usr/lib/x86_64-linux-gnu/liblber-2.5.so.0.1.9
7fad8ced7000-7fad8ceda000 r--p 0000b000 08:02 10355303                   /usr/lib/x86_64-linux-gnu/liblber-2.5.so.0.1.9
7fad8ceda000-7fad8cedb000 ---p 0000e000 08:02 10355303                   /usr/lib/x86_64-linux-gnu/liblber-2.5.so.0.1.9
7fad8cedb000-7fad8cedc000 r--p 0000e000 08:02 10355303                   /usr/lib/x86_64-linux-gnu/liblber-2.5.so.0.1.9
7fad8cedc000-7fad8cedd000 rw-p 0000f000 08:02 10355303                   /usr/lib/x86_64-linux-gnu/liblber-2.5.so.0.1.9
7fad8cedd000-7fad8cee1000 r--p 00000000 08:02 10355582                   /usr/lib/x86_64-linux-gnu/libjpeg.so.8.2.2
7fad8cee1000-7fad8cf2a000 r-xp 00004000 08:02 10355582                   /usr/lib/x86_64-linux-gnu/libjpeg.so.8.2.2
7fad8cf2a000-7fad8cf5c000 r--p 0004d000 08:02 10355582                   /usr/lib/x86_64-linux-gnu/libjpeg.so.8.2.2
7fad8cf5c000-7fad8cf5d000 r--p 0007e000 08:02 10355582                   /usr/lib/x86_64-linux-gnu/libjpeg.so.8.2.2
7fad8cf5d000-7fad8cf5e000 rw-p 0007f000 08:02 10355582                   /usr/lib/x86_64-linux-gnu/libjpeg.so.8.2.2
7fad8cf5e000-7fad8cf6c000 r--p 00000000 08:02 10355046                   /usr/lib/x86_64-linux-gnu/libcurl-gnutls.so.4.7.0
7fad8cf6c000-7fad8cfde000 r-xp 0000e000 08:02 10355046                   /usr/lib/x86_64-linux-gnu/libcurl-gnutls.so.4.7.0
7fad8cfde000-7fad8cff9000 r--p 00080000 08:02 10355046                   /usr/lib/x86_64-linux-gnu/libcurl-gnutls.so.4.7.0
7fad8cff9000-7fad8cffd000 r--p 0009a000 08:02 10355046                   /usr/lib/x86_64-linux-gnu/libcurl-gnutls.so.4.7.0
7fad8cffd000-7fad8cfff000 rw-p 0009e000 08:02 10355046                   /usr/lib/x86_64-linux-gnu/libcurl-gnutls.so.4.7.0
7fad8cfff000-7fad8d000000 rw-p 00000000 00:00 0 
7fad8d000000-7fad8d068000 r--p 00000000 08:02 10358220                   /usr/lib/x86_64-linux-gnu/libproj.so.22.2.1
7fad8d068000-7fad8d2b7000 r-xp 00068000 08:02 10358220                   /usr/lib/x86_64-linux-gnu/libproj.so.22.2.1
7fad8d2b7000-7fad8d34c000 r--p 002b7000 08:02 10358220                   /usr/lib/x86_64-linux-gnu/libproj.so.22.2.1
7fad8d34c000-7fad8d34d000 ---p 0034c000 08:02 10358220                   /usr/lib/x86_64-linux-gnu/libproj.so.22.2.1
7fad8d34d000-7fad8d364000 r--p 0034c000 08:02 10358220                   /usr/lib/x86_64-linux-gnu/libproj.so.22.2.1
7fad8d364000-7fad8d366000 rw-p 00363000 08:02 10358220                   /usr/lib/x86_64-linux-gnu/libproj.so.22.2.1
7fad8d366000-7fad8d369000 rw-p 00000000 00:00 0 
7fad8d369000-7fad8d36c000 r--p 00000000 08:02 10359160                   /usr/lib/x86_64-linux-gnu/liblzma.so.5.2.5
7fad8d36c000-7fad8d387000 r-xp 00003000 08:02 10359160                   /usr/lib/x86_64-linux-gnu/liblzma.so.5.2.5
7fad8d387000-7fad8d392000 r--p 0001e000 08:02 10359160                   /usr/lib/x86_64-linux-gnu/liblzma.so.5.2.5
7fad8d392000-7fad8d393000 r--p 00028000 08:02 10359160                   /usr/lib/x86_64-linux-gnu/liblzma.so.5.2.5
7fad8d393000-7fad8d394000 rw-p 00029000 08:02 10359160                   /usr/lib/x86_64-linux-gnu/liblzma.so.5.2.5
7fad8d394000-7fad8d396000 r--p 00000000 08:02 10358223                   /usr/lib/x86_64-linux-gnu/libwebp.so.7.1.3
7fad8d396000-7fad8d3eb000 r-xp 00002000 08:02 10358223                   /usr/lib/x86_64-linux-gnu/libwebp.so.7.1.3
7fad8d3eb000-7fad8d3fc000 r--p 00057000 08:02 10358223                   /usr/lib/x86_64-linux-gnu/libwebp.so.7.1.3
7fad8d3fc000-7fad8d3fd000 r--p 00067000 08:02 10358223                   /usr/lib/x86_64-linux-gnu/libwebp.so.7.1.3
7fad8d3fd000-7fad8d3fe000 rw-p 00068000 08:02 10358223                   /usr/lib/x86_64-linux-gnu/libwebp.so.7.1.3
7fad8d3fe000-7fad8d400000 rw-p 00000000 00:00 0 
7fad8d400000-7fad8d412000 r-xp 00000000 08:02 1705150                    /tmp/jffi3481808088958913310.so (deleted)
7fad8d412000-7fad8d611000 ---p 00012000 08:02 1705150                    /tmp/jffi3481808088958913310.so (deleted)
7fad8d611000-7fad8d612000 rw-p 00011000 08:02 1705150                    /tmp/jffi3481808088958913310.so (deleted)
7fad8d616000-7fad8d617000 r--p 00000000 08:02 10355584                   /usr/lib/x86_64-linux-gnu/libdeflate.so.0
7fad8d617000-7fad8d633000 r-xp 00001000 08:02 10355584                   /usr/lib/x86_64-linux-gnu/libdeflate.so.0
7fad8d633000-7fad8d637000 r--p 0001d000 08:02 10355584                   /usr/lib/x86_64-linux-gnu/libdeflate.so.0
7fad8d637000-7fad8d638000 ---p 00021000 08:02 10355584                   /usr/lib/x86_64-linux-gnu/libdeflate.so.0
7fad8d638000-7fad8d639000 r--p 00021000 08:02 10355584                   /usr/lib/x86_64-linux-gnu/libdeflate.so.0
7fad8d639000-7fad8d63a000 rw-p 00022000 08:02 10355584                   /usr/lib/x86_64-linux-gnu/libdeflate.so.0
7fad8d63a000-7fad8d63d000 r--p 00000000 08:02 10360435                   /usr/lib/x86_64-linux-gnu/libgslcblas.so.0.0.0
7fad8d63d000-7fad8d676000 r-xp 00003000 08:02 10360435                   /usr/lib/x86_64-linux-gnu/libgslcblas.so.0.0.0
7fad8d676000-7fad8d67a000 r--p 0003c000 08:02 10360435                   /usr/lib/x86_64-linux-gnu/libgslcblas.so.0.0.0
7fad8d67a000-7fad8d67b000 r--p 0003f000 08:02 10360435                   /usr/lib/x86_64-linux-gnu/libgslcblas.so.0.0.0
7fad8d67b000-7fad8d67c000 rw-p 00040000 08:02 10360435                   /usr/lib/x86_64-linux-gnu/libgslcblas.so.0.0.0
7fad8d67c000-7fad8d6b2000 r--p 00000000 08:02 11142841                   /usr/local/lib/libmeos.so
7fad8d6b2000-7fad8d7a6000 r-xp 00036000 08:02 11142841                   /usr/local/lib/libmeos.so
7fad8d7a6000-7fad8d7f1000 r--p 0012a000 08:02 11142841                   /usr/local/lib/libmeos.so
7fad8d7f1000-7fad8d7f2000 ---p 00175000 08:02 11142841                   /usr/local/lib/libmeos.so
7fad8d7f2000-7fad8d7f3000 r--p 00175000 08:02 11142841                   /usr/local/lib/libmeos.so
7fad8d7f3000-7fad8d7f8000 rw-p 00176000 08:02 11142841                   /usr/local/lib/libmeos.so
7fad8d7f8000-7fad8d7fe000 rw-p 00000000 00:00 0 
7fad8d7fe000-7fad8d7ff000 ---p 00000000 00:00 0 
7fad8d7ff000-7fad8d900000 rw-p 00000000 00:00 0 
7fad8d900000-7fad8d904000 ---p 00000000 00:00 0 
7fad8d904000-7fad8da00000 rw-p 00000000 00:00 0 
7fad8da00000-7fad8da04000 ---p 00000000 00:00 0 
7fad8da04000-7fad8db00000 rw-p 00000000 00:00 0 
7fad8db00000-7fad8db04000 ---p 00000000 00:00 0 
7fad8db04000-7fad8dc00000 rw-p 00000000 00:00 0 
7fad8dc00000-7fad8dc04000 ---p 00000000 00:00 0 
7fad8dc04000-7fad8dd00000 rw-p 00000000 00:00 0 
7fad8dd00000-7fad8dd04000 ---p 00000000 00:00 0 
7fad8dd04000-7fad8de00000 rw-p 00000000 00:00 0 
7fad8de00000-7fad8de04000 ---p 00000000 00:00 0 
7fad8de04000-7fad8df00000 rw-p 00000000 00:00 0 
7fad8df00000-7fad8df04000 ---p 00000000 00:00 0 
7fad8df04000-7fad90000000 rw-p 00000000 00:00 0 
7fad90000000-7fad90021000 rw-p 00000000 00:00 0 
7fad90021000-7fad94000000 ---p 00000000 00:00 0 
7fad94000000-7fad94021000 rw-p 00000000 00:00 0 
7fad94021000-7fad98000000 ---p 00000000 00:00 0 
7fad98000000-7fad98021000 rw-p 00000000 00:00 0 
7fad98021000-7fad9c000000 ---p 00000000 00:00 0 
7fad9c000000-7fad9c004000 ---p 00000000 00:00 0 
7fad9c004000-7fad9c100000 rw-p 00000000 00:00 0 
7fad9c100000-7fad9c104000 ---p 00000000 00:00 0 
7fad9c104000-7fad9c200000 rw-p 00000000 00:00 0 
7fad9c200000-7fad9c9f0000 r--p 00000000 08:02 10356383                   /usr/lib/locale/locale-archive
7fad9c9f1000-7fad9c9f3000 r--p 00000000 08:02 10357718                   /usr/lib/x86_64-linux-gnu/libkeyutils.so.1.9
7fad9c9f3000-7fad9c9f5000 r-xp 00002000 08:02 10357718                   /usr/lib/x86_64-linux-gnu/libkeyutils.so.1.9
7fad9c9f5000-7fad9c9f6000 r--p 00004000 08:02 10357718                   /usr/lib/x86_64-linux-gnu/libkeyutils.so.1.9
7fad9c9f6000-7fad9c9f7000 r--p 00004000 08:02 10357718                   /usr/lib/x86_64-linux-gnu/libkeyutils.so.1.9
7fad9c9f7000-7fad9c9f8000 rw-p 00005000 08:02 10357718                   /usr/lib/x86_64-linux-gnu/libkeyutils.so.1.9
7fad9c9f8000-7fad9c9fa000 r--p 00000000 08:02 10361503                   /usr/lib/x86_64-linux-gnu/libpsl.so.5.3.2
7fad9c9fa000-7fad9c9fc000 r-xp 00002000 08:02 10361503                   /usr/lib/x86_64-linux-gnu/libpsl.so.5.3.2
7fad9c9fc000-7fad9ca0a000 r--p 00004000 08:02 10361503                   /usr/lib/x86_64-linux-gnu/libpsl.so.5.3.2
7fad9ca0a000-7fad9ca0b000 r--p 00011000 08:02 10361503                   /usr/lib/x86_64-linux-gnu/libpsl.so.5.3.2
7fad9ca0b000-7fad9ca0c000 rw-p 00012000 08:02 10361503                   /usr/lib/x86_64-linux-gnu/libpsl.so.5.3.2
7fad9ca0c000-7fad9ca14000 r--p 00000000 08:02 10358811                   /usr/lib/x86_64-linux-gnu/libtiff.so.5.7.0
7fad9ca14000-7fad9ca5c000 r-xp 00008000 08:02 10358811                   /usr/lib/x86_64-linux-gnu/libtiff.so.5.7.0
7fad9ca5c000-7fad9ca8c000 r--p 00050000 08:02 10358811                   /usr/lib/x86_64-linux-gnu/libtiff.so.5.7.0
7fad9ca8c000-7fad9ca91000 r--p 0007f000 08:02 10358811                   /usr/lib/x86_64-linux-gnu/libtiff.so.5.7.0
7fad9ca91000-7fad9ca92000 rw-p 00084000 08:02 10358811                   /usr/lib/x86_64-linux-gnu/libtiff.so.5.7.0
7fad9ca92000-7fad9caa1000 r--p 00000000 08:02 10366483                   /usr/lib/x86_64-linux-gnu/libgeos_c.so.1.16.0
7fad9caa1000-7fad9cac1000 r-xp 0000f000 08:02 10366483                   /usr/lib/x86_64-linux-gnu/libgeos_c.so.1.16.0
7fad9cac1000-7fad9cace000 r--p 0002f000 08:02 10366483                   /usr/lib/x86_64-linux-gnu/libgeos_c.so.1.16.0
7fad9cace000-7fad9cacf000 ---p 0003c000 08:02 10366483                   /usr/lib/x86_64-linux-gnu/libgeos_c.so.1.16.0
7fad9cacf000-7fad9cad0000 r--p 0003c000 08:02 10366483                   /usr/lib/x86_64-linux-gnu/libgeos_c.so.1.16.0
7fad9cad0000-7fad9cad1000 rw-p 0003d000 08:02 10366483                   /usr/lib/x86_64-linux-gnu/libgeos_c.so.1.16.0
7fad9cad1000-7fad9cad5000 ---p 00000000 00:00 0 
7fad9cad5000-7fad9cbd1000 rw-p 00000000 00:00 0 
7fad9cbd1000-7fad9cbd5000 ---p 00000000 00:00 0 
7fad9cbd5000-7fad9ccd1000 rw-p 00000000 00:00 0 
7fad9ccd1000-7fad9ccd2000 ---p 00000000 00:00 0 
7fad9ccd2000-7fad9cdd3000 rw-p 00000000 00:00 0 
7fad9cdd3000-7fad9cdd8000 r--p 00000000 08:02 10491564                   /usr/lib/jvm/java-17-openjdk-amd64/lib/libjsvml.so
7fad9cdd8000-7fad9ce19000 r-xp 00005000 08:02 10491564                   /usr/lib/jvm/java-17-openjdk-amd64/lib/libjsvml.so
7fad9ce19000-7fad9cea2000 r--p 00046000 08:02 10491564                   /usr/lib/jvm/java-17-openjdk-amd64/lib/libjsvml.so
7fad9cea2000-7fad9cea3000 r--p 000ce000 08:02 10491564                   /usr/lib/jvm/java-17-openjdk-amd64/lib/libjsvml.so
7fad9cea3000-7fad9cea4000 rw-p 000cf000 08:02 10491564                   /usr/lib/jvm/java-17-openjdk-amd64/lib/libjsvml.so
7fad9cea4000-7fad9cea5000 ---p 00000000 00:00 0 
7fad9cea5000-7fad9cfa6000 rw-p 00000000 00:00 0 
7fad9cfa6000-7fad9cfa7000 ---p 00000000 00:00 0 
7fad9cfa7000-7fad9d4ac000 rw-p 00000000 00:00 0 
7fad9d4ac000-7fad9d4ad000 ---p 00000000 00:00 0 
7fad9d4ad000-7fad9d5ae000 rw-p 00000000 00:00 0 
7fad9d5ae000-7fad9d5af000 ---p 00000000 00:00 0 
7fad9d5af000-7fad9d8a0000 rw-p 00000000 00:00 0 
7fad9d8a0000-7fad9f550000 ---p 00000000 00:00 0 
7fad9f550000-7fad9f748000 rw-p 00000000 00:00 0 
7fad9f748000-7fada13f8000 ---p 00000000 00:00 0 
7fada13f8000-7fada1400000 rw-p 00000000 00:00 0 
7fada1400000-7fada1670000 rwxp 00000000 00:00 0 
7fada1670000-7fada8937000 ---p 00000000 00:00 0 
7fada8937000-7fada8ba7000 rwxp 00000000 00:00 0 
7fada8ba7000-7fada8ec8000 ---p 00000000 00:00 0 
7fada8ec8000-7fada9138000 rwxp 00000000 00:00 0 
7fada9138000-7fadb0400000 ---p 00000000 00:00 0 
7fadb0400000-7fadb7e43000 r--s 00000000 08:02 10491594                   /usr/lib/jvm/java-17-openjdk-amd64/lib/modules
7fadb7e43000-7fadb7e45000 r--p 00000000 08:02 10355587                   /usr/lib/x86_64-linux-gnu/libjbig.so.0
7fadb7e45000-7fadb7e4e000 r-xp 00002000 08:02 10355587                   /usr/lib/x86_64-linux-gnu/libjbig.so.0
7fadb7e4e000-7fadb7e50000 r--p 0000b000 08:02 10355587                   /usr/lib/x86_64-linux-gnu/libjbig.so.0
7fadb7e50000-7fadb7e51000 r--p 0000c000 08:02 10355587                   /usr/lib/x86_64-linux-gnu/libjbig.so.0
7fadb7e51000-7fadb7e54000 rw-p 0000d000 08:02 10355587                   /usr/lib/x86_64-linux-gnu/libjbig.so.0
7fadb7e54000-7fadb7e58000 r--p 00000000 08:02 10355662                   /usr/lib/x86_64-linux-gnu/libjson-c.so.5.1.0
7fadb7e58000-7fadb7e61000 r-xp 00004000 08:02 10355662                   /usr/lib/x86_64-linux-gnu/libjson-c.so.5.1.0
7fadb7e61000-7fadb7e64000 r--p 0000d000 08:02 10355662                   /usr/lib/x86_64-linux-gnu/libjson-c.so.5.1.0
7fadb7e64000-7fadb7e65000 ---p 00010000 08:02 10355662                   /usr/lib/x86_64-linux-gnu/libjson-c.so.5.1.0
7fadb7e65000-7fadb7e66000 r--p 00010000 08:02 10355662                   /usr/lib/x86_64-linux-gnu/libjson-c.so.5.1.0
7fadb7e66000-7fadb7e67000 rw-p 00011000 08:02 10355662                   /usr/lib/x86_64-linux-gnu/libjson-c.so.5.1.0
7fadb7e7d000-7fadb7efe000 rw-p 00000000 00:00 0 
7fadb7efe000-7fadb7eff000 ---p 00000000 00:00 0 
7fadb7eff000-7fadb8000000 rw-p 00000000 00:00 0 
7fadb8000000-7fadb853f000 rw-p 00000000 00:00 0 
7fadb853f000-7fadbc000000 ---p 00000000 00:00 0 
7fadbc002000-7fadbc027000 r--p 00000000 08:02 12591460                   /usr/share/locale-langpack/fr/LC_MESSAGES/libc.mo
7fadbc027000-7fadbc02b000 r--p 00000000 08:02 10491590                   /usr/lib/jvm/java-17-openjdk-amd64/lib/libverify.so
7fadbc02b000-7fadbc032000 r-xp 00004000 08:02 10491590                   /usr/lib/jvm/java-17-openjdk-amd64/lib/libverify.so
7fadbc032000-7fadbc034000 r--p 0000b000 08:02 10491590                   /usr/lib/jvm/java-17-openjdk-amd64/lib/libverify.so
7fadbc034000-7fadbc036000 r--p 0000c000 08:02 10491590                   /usr/lib/jvm/java-17-openjdk-amd64/lib/libverify.so
7fadbc036000-7fadbc037000 rw-p 0000e000 08:02 10491590                   /usr/lib/jvm/java-17-openjdk-amd64/lib/libverify.so
7fadbc037000-7fadbc0d0000 rw-p 00000000 00:00 0 
7fadbc0d0000-7fadbc466000 ---p 00000000 00:00 0 
7fadbc466000-7fadbc4a5000 rw-p 00000000 00:00 0 
7fadbc4a5000-7fadbc83b000 ---p 00000000 00:00 0 
7fadbc83b000-7fadbc87a000 rw-p 00000000 00:00 0 
7fadbc87a000-7fadbcc10000 ---p 00000000 00:00 0 
7fadbcc10000-7fadbd01a000 rw-p 00000000 00:00 0 
7fadbd01a000-7fadbd100000 ---p 00000000 00:00 0 
7fadbd100000-7fadbd104000 ---p 00000000 00:00 0 
7fadbd104000-7fadbd200000 rw-p 00000000 00:00 0 
7fadbd200000-7fadbd29a000 r--p 00000000 08:02 10354705                   /usr/lib/x86_64-linux-gnu/libstdc++.so.6.0.30
7fadbd29a000-7fadbd3aa000 r-xp 0009a000 08:02 10354705                   /usr/lib/x86_64-linux-gnu/libstdc++.so.6.0.30
7fadbd3aa000-7fadbd419000 r--p 001aa000 08:02 10354705                   /usr/lib/x86_64-linux-gnu/libstdc++.so.6.0.30
7fadbd419000-7fadbd424000 r--p 00218000 08:02 10354705                   /usr/lib/x86_64-linux-gnu/libstdc++.so.6.0.30
7fadbd424000-7fadbd427000 rw-p 00223000 08:02 10354705                   /usr/lib/x86_64-linux-gnu/libstdc++.so.6.0.30
7fadbd427000-7fadbd42a000 rw-p 00000000 00:00 0 
7fadbd42e000-7fadbd433000 rw-p 00000000 00:00 0 
7fadbd433000-7fadbd519000 ---p 00000000 00:00 0 
7fadbd519000-7fadbd527000 r--p 00000000 08:02 10365361                   /usr/lib/x86_64-linux-gnu/libm.so.6
7fadbd527000-7fadbd5a3000 r-xp 0000e000 08:02 10365361                   /usr/lib/x86_64-linux-gnu/libm.so.6
7fadbd5a3000-7fadbd5fe000 r--p 0008a000 08:02 10365361                   /usr/lib/x86_64-linux-gnu/libm.so.6
7fadbd5fe000-7fadbd5ff000 r--p 000e4000 08:02 10365361                   /usr/lib/x86_64-linux-gnu/libm.so.6
7fadbd5ff000-7fadbd600000 rw-p 000e5000 08:02 10365361                   /usr/lib/x86_64-linux-gnu/libm.so.6
7fadbd600000-7fadbd850000 r--p 00000000 08:02 10491606                   /usr/lib/jvm/java-17-openjdk-amd64/lib/server/libjvm.so
7fadbd850000-7fadbe5d4000 r-xp 00250000 08:02 10491606                   /usr/lib/jvm/java-17-openjdk-amd64/lib/server/libjvm.so
7fadbe5d4000-7fadbe857000 r--p 00fd4000 08:02 10491606                   /usr/lib/jvm/java-17-openjdk-amd64/lib/server/libjvm.so
7fadbe857000-7fadbe90f000 r--p 01256000 08:02 10491606                   /usr/lib/jvm/java-17-openjdk-amd64/lib/server/libjvm.so
7fadbe90f000-7fadbe944000 rw-p 0130e000 08:02 10491606                   /usr/lib/jvm/java-17-openjdk-amd64/lib/server/libjvm.so
7fadbe944000-7fadbe99e000 rw-p 00000000 00:00 0 
7fadbe9a1000-7fadbe9a3000 r--p 00000000 08:02 10357716                   /usr/lib/x86_64-linux-gnu/libcom_err.so.2.1
7fadbe9a3000-7fadbe9a4000 r-xp 00002000 08:02 10357716                   /usr/lib/x86_64-linux-gnu/libcom_err.so.2.1
7fadbe9a4000-7fadbe9a5000 r--p 00003000 08:02 10357716                   /usr/lib/x86_64-linux-gnu/libcom_err.so.2.1
7fadbe9a5000-7fadbe9a6000 r--p 00003000 08:02 10357716                   /usr/lib/x86_64-linux-gnu/libcom_err.so.2.1
7fadbe9a6000-7fadbe9a7000 rw-p 00004000 08:02 10357716                   /usr/lib/x86_64-linux-gnu/libcom_err.so.2.1
7fadbe9a7000-7fadbe9ab000 r--p 00000000 08:02 10491576                   /usr/lib/jvm/java-17-openjdk-amd64/lib/libnet.so
7fadbe9ab000-7fadbe9b9000 r-xp 00004000 08:02 10491576                   /usr/lib/jvm/java-17-openjdk-amd64/lib/libnet.so
7fadbe9b9000-7fadbe9bd000 r--p 00012000 08:02 10491576                   /usr/lib/jvm/java-17-openjdk-amd64/lib/libnet.so
7fadbe9bd000-7fadbe9be000 r--p 00015000 08:02 10491576                   /usr/lib/jvm/java-17-openjdk-amd64/lib/libnet.so
7fadbe9be000-7fadbe9bf000 rw-p 00016000 08:02 10491576                   /usr/lib/jvm/java-17-openjdk-amd64/lib/libnet.so
7fadbe9bf000-7fadbea00000 rw-p 00000000 00:00 0 
7fadbea00000-7fadbea28000 r--p 00000000 08:02 10365356                   /usr/lib/x86_64-linux-gnu/libc.so.6
7fadbea28000-7fadbebbd000 r-xp 00028000 08:02 10365356                   /usr/lib/x86_64-linux-gnu/libc.so.6
7fadbebbd000-7fadbec15000 r--p 001bd000 08:02 10365356                   /usr/lib/x86_64-linux-gnu/libc.so.6
7fadbec15000-7fadbec19000 r--p 00214000 08:02 10365356                   /usr/lib/x86_64-linux-gnu/libc.so.6
7fadbec19000-7fadbec1b000 rw-p 00218000 08:02 10365356                   /usr/lib/x86_64-linux-gnu/libc.so.6
7fadbec1b000-7fadbec28000 rw-p 00000000 00:00 0 
7fadbec2b000-7fadbec32000 r--s 00000000 08:02 11013395                   /usr/lib/x86_64-linux-gnu/gconv/gconv-modules.cache
7fadbec32000-7fadbec33000 r--p 00000000 08:02 10491501                   /usr/lib/jvm/java-17-openjdk-amd64/lib/libextnet.so
7fadbec33000-7fadbec34000 r-xp 00001000 08:02 10491501                   /usr/lib/jvm/java-17-openjdk-amd64/lib/libextnet.so
7fadbec34000-7fadbec35000 r--p 00002000 08:02 10491501                   /usr/lib/jvm/java-17-openjdk-amd64/lib/libextnet.so
7fadbec35000-7fadbec36000 r--p 00002000 08:02 10491501                   /usr/lib/jvm/java-17-openjdk-amd64/lib/libextnet.so
7fadbec36000-7fadbec37000 rw-p 00003000 08:02 10491501                   /usr/lib/jvm/java-17-openjdk-amd64/lib/libextnet.so
7fadbec37000-7fadbec3d000 r--p 00000000 08:02 10491578                   /usr/lib/jvm/java-17-openjdk-amd64/lib/libnio.so
7fadbec3d000-7fadbec46000 r-xp 00006000 08:02 10491578                   /usr/lib/jvm/java-17-openjdk-amd64/lib/libnio.so
7fadbec46000-7fadbec4a000 r--p 0000f000 08:02 10491578                   /usr/lib/jvm/java-17-openjdk-amd64/lib/libnio.so
7fadbec4a000-7fadbec4b000 ---p 00013000 08:02 10491578                   /usr/lib/jvm/java-17-openjdk-amd64/lib/libnio.so
7fadbec4b000-7fadbec4c000 r--p 00013000 08:02 10491578                   /usr/lib/jvm/java-17-openjdk-amd64/lib/libnio.so
7fadbec4c000-7fadbec4d000 rw-p 00014000 08:02 10491578                   /usr/lib/jvm/java-17-openjdk-amd64/lib/libnio.so
7fadbec4d000-7fadbec4f000 r--p 00000000 08:02 10491592                   /usr/lib/jvm/java-17-openjdk-amd64/lib/libzip.so
7fadbec4f000-7fadbec54000 r-xp 00002000 08:02 10491592                   /usr/lib/jvm/java-17-openjdk-amd64/lib/libzip.so
7fadbec54000-7fadbec56000 r--p 00007000 08:02 10491592                   /usr/lib/jvm/java-17-openjdk-amd64/lib/libzip.so
7fadbec56000-7fadbec57000 r--p 00008000 08:02 10491592                   /usr/lib/jvm/java-17-openjdk-amd64/lib/libzip.so
7fadbec57000-7fadbec58000 rw-p 00009000 08:02 10491592                   /usr/lib/jvm/java-17-openjdk-amd64/lib/libzip.so
7fadbec58000-7fadbec9f000 rw-p 00000000 00:00 0 
7fadbec9f000-7fadbeca6000 ---p 00000000 00:00 0 
7fadbeca6000-7fadbecb2000 r--p 00000000 08:02 10491515                   /usr/lib/jvm/java-17-openjdk-amd64/lib/libjava.so
7fadbecb2000-7fadbecc5000 r-xp 0000c000 08:02 10491515                   /usr/lib/jvm/java-17-openjdk-amd64/lib/libjava.so
7fadbecc5000-7fadbeccb000 r--p 0001f000 08:02 10491515                   /usr/lib/jvm/java-17-openjdk-amd64/lib/libjava.so
7fadbeccb000-7fadbeccc000 r--p 00024000 08:02 10491515                   /usr/lib/jvm/java-17-openjdk-amd64/lib/libjava.so
7fadbeccc000-7fadbeccd000 rw-p 00025000 08:02 10491515                   /usr/lib/jvm/java-17-openjdk-amd64/lib/libjava.so
7fadbeccd000-7fadbecce000 rw-p 00000000 00:00 0 
7fadbecce000-7fadbeccf000 r--p 00000000 08:02 10491505                   /usr/lib/jvm/java-17-openjdk-amd64/lib/libinstrument.so
7fadbeccf000-7fadbecd5000 r-xp 00001000 08:02 10491505                   /usr/lib/jvm/java-17-openjdk-amd64/lib/libinstrument.so
7fadbecd5000-7fadbecd8000 r--p 00007000 08:02 10491505                   /usr/lib/jvm/java-17-openjdk-amd64/lib/libinstrument.so
7fadbecd8000-7fadbecd9000 r--p 00009000 08:02 10491505                   /usr/lib/jvm/java-17-openjdk-amd64/lib/libinstrument.so
7fadbecd9000-7fadbecda000 rw-p 0000a000 08:02 10491505                   /usr/lib/jvm/java-17-openjdk-amd64/lib/libinstrument.so
7fadbecda000-7fadbecdd000 r--p 00000000 08:02 10354703                   /usr/lib/x86_64-linux-gnu/libgcc_s.so.1
7fadbecdd000-7fadbecf4000 r-xp 00003000 08:02 10354703                   /usr/lib/x86_64-linux-gnu/libgcc_s.so.1
7fadbecf4000-7fadbecf8000 r--p 0001a000 08:02 10354703                   /usr/lib/x86_64-linux-gnu/libgcc_s.so.1
7fadbecf8000-7fadbecf9000 r--p 0001d000 08:02 10354703                   /usr/lib/x86_64-linux-gnu/libgcc_s.so.1
7fadbecf9000-7fadbecfa000 rw-p 0001e000 08:02 10354703                   /usr/lib/x86_64-linux-gnu/libgcc_s.so.1
7fadbecfa000-7fadbecfd000 rw-p 00000000 00:00 0 
7fadbecfd000-7fadbecff000 r--p 00000000 08:02 10354880                   /usr/lib/x86_64-linux-gnu/libz.so.1.2.11
7fadbecff000-7fadbed10000 r-xp 00002000 08:02 10354880                   /usr/lib/x86_64-linux-gnu/libz.so.1.2.11
7fadbed10000-7fadbed16000 r--p 00013000 08:02 10354880                   /usr/lib/x86_64-linux-gnu/libz.so.1.2.11
7fadbed16000-7fadbed17000 ---p 00019000 08:02 10354880                   /usr/lib/x86_64-linux-gnu/libz.so.1.2.11
7fadbed17000-7fadbed18000 r--p 00019000 08:02 10354880                   /usr/lib/x86_64-linux-gnu/libz.so.1.2.11
7fadbed18000-7fadbed19000 rw-p 0001a000 08:02 10354880                   /usr/lib/x86_64-linux-gnu/libz.so.1.2.11
7fadbed1b000-7fadbed1c000 r-xp 00000000 00:00 0 
7fadbed1c000-7fadbed24000 rw-s 00000000 08:02 1967112                    /tmp/hsperfdata_nidhal/83929
7fadbed24000-7fadbed25000 ---p 00000000 00:00 0 
7fadbed25000-7fadbed26000 r--p 00000000 00:00 0 
7fadbed26000-7fadbed28000 r--p 00000000 08:02 10491521                   /usr/lib/jvm/java-17-openjdk-amd64/lib/libjimage.so
7fadbed28000-7fadbed2b000 r-xp 00002000 08:02 10491521                   /usr/lib/jvm/java-17-openjdk-amd64/lib/libjimage.so
7fadbed2b000-7fadbed2c000 r--p 00005000 08:02 10491521                   /usr/lib/jvm/java-17-openjdk-amd64/lib/libjimage.so
7fadbed2c000-7fadbed2d000 ---p 00006000 08:02 10491521                   /usr/lib/jvm/java-17-openjdk-amd64/lib/libjimage.so
7fadbed2d000-7fadbed2e000 r--p 00006000 08:02 10491521                   /usr/lib/jvm/java-17-openjdk-amd64/lib/libjimage.so
7fadbed2e000-7fadbed2f000 rw-p 00007000 08:02 10491521                   /usr/lib/jvm/java-17-openjdk-amd64/lib/libjimage.so
7fadbed2f000-7fadbed31000 r--p 00000000 08:02 10491523                   /usr/lib/jvm/java-17-openjdk-amd64/lib/libjli.so
7fadbed31000-7fadbed3b000 r-xp 00002000 08:02 10491523                   /usr/lib/jvm/java-17-openjdk-amd64/lib/libjli.so
7fadbed3b000-7fadbed3e000 r--p 0000c000 08:02 10491523                   /usr/lib/jvm/java-17-openjdk-amd64/lib/libjli.so
7fadbed3e000-7fadbed3f000 r--p 0000e000 08:02 10491523                   /usr/lib/jvm/java-17-openjdk-amd64/lib/libjli.so
7fadbed3f000-7fadbed40000 rw-p 0000f000 08:02 10491523                   /usr/lib/jvm/java-17-openjdk-amd64/lib/libjli.so
7fadbed40000-7fadbed42000 rw-p 00000000 00:00 0 
7fadbed42000-7fadbed44000 r--p 00000000 08:02 10356375                   /usr/lib/x86_64-linux-gnu/ld-linux-x86-64.so.2
7fadbed44000-7fadbed6e000 r-xp 00002000 08:02 10356375                   /usr/lib/x86_64-linux-gnu/ld-linux-x86-64.so.2
7fadbed6e000-7fadbed79000 r--p 0002c000 08:02 10356375                   /usr/lib/x86_64-linux-gnu/ld-linux-x86-64.so.2
7fadbed79000-7fadbed7a000 ---p 00000000 00:00 0 
7fadbed7a000-7fadbed7c000 r--p 00037000 08:02 10356375                   /usr/lib/x86_64-linux-gnu/ld-linux-x86-64.so.2
7fadbed7c000-7fadbed7e000 rw-p 00039000 08:02 10356375                   /usr/lib/x86_64-linux-gnu/ld-linux-x86-64.so.2
7ffcb3ef9000-7ffcb3f1b000 rw-p 00000000 00:00 0                          [stack]
7ffcb3fb3000-7ffcb3fb7000 r--p 00000000 00:00 0                          [vvar]
7ffcb3fb7000-7ffcb3fb9000 r-xp 00000000 00:00 0                          [vdso]
ffffffffff600000-ffffffffff601000 --xp 00000000 00:00 0                  [vsyscall]


VM Arguments:
jvm_args: -javaagent:/snap/intellij-idea-ultimate/430/lib/idea_rt.jar=37047:/snap/intellij-idea-ultimate/430/bin -Dfile.encoding=UTF-8 
java_command: tutorials.hello_world
java_class_path (initial): /home/nidhal/IdeaProjects/JMEOS/target/classes:/home/nidhal/.m2/repository/com/github/jnr/jnr-ffi/2.2.11/jnr-ffi-2.2.11.jar:/home/nidhal/.m2/repository/com/github/jnr/jffi/1.3.9/jffi-1.3.9.jar:/home/nidhal/.m2/repository/com/github/jnr/jffi/1.3.9/jffi-1.3.9-native.jar:/home/nidhal/.m2/repository/org/ow2/asm/asm/9.2/asm-9.2.jar:/home/nidhal/.m2/repository/org/ow2/asm/asm-commons/9.2/asm-commons-9.2.jar:/home/nidhal/.m2/repository/org/ow2/asm/asm-analysis/9.2/asm-analysis-9.2.jar:/home/nidhal/.m2/repository/org/ow2/asm/asm-tree/9.2/asm-tree-9.2.jar:/home/nidhal/.m2/repository/org/ow2/asm/asm-util/9.2/asm-util-9.2.jar:/home/nidhal/.m2/repository/com/github/jnr/jnr-a64asm/1.0.0/jnr-a64asm-1.0.0.jar:/home/nidhal/.m2/repository/com/github/jnr/jnr-x86asm/1.0.2/jnr-x86asm-1.0.2.jar:/home/nidhal/.m2/repository/org/hibernate/orm/hibernate-core/6.2.2.Final/hibernate-core-6.2.2.Final.jar:/home/nidhal/.m2/repository/jakarta/persistence/jakarta.persistence-api/3.1.0/jakarta.persistence-api-3.1.0.jar:/home/nidhal/.m2/repository/jakarta/transaction/jakarta.transaction-api/2.0.1/jakarta.transaction-api-2.0.1.jar:/home/nidhal/.m2/repository/org/jboss/logging/jboss-logging/3.5.0.Final/jboss-logging-3.5.0.Final.jar:/home/nidhal/.m2/repository/org/hibernate/common/hibernate-commons-annotations/6.0.6.Final/hibernate-commons-annotations-6.0.6.Final.jar:/home/nidhal/.m2/repository/io/smallrye/jandex/3.0.5/jandex-3.0.5.jar:/home/nidhal/.m2/repository/com/fasterxml/classmate/1.5.1/classmate-1.5.1.jar:/home/nidhal/.m2/repository/net/bytebuddy/byte-buddy/1.12.18/byte-buddy-1.12.18.jar:/home/nidhal/.m2/repository/jakarta/xml/bind/jakarta.xml.bind-api/4.0.0/jakarta.xml.bind-api-4.0.0.jar:/home/nidhal/.m2/repository/jakarta/activation/jakarta.activation-api/2.1.0/jakarta.activation-api-2.1.0.jar:/home/nidhal/.m2/repository/org/glassfish/jaxb/jaxb-runtime/4.0.2/jaxb-runtime-4.0.2.jar:/home/nidhal/.m2/repository/org/glassfish/jaxb/jaxb-core/4.0.2/jaxb-core-4.0.2.jar:/ho
Launcher Type: SUN_STANDARD

[Global flags]
     intx CICompilerCount                          = 3                                         {product} {ergonomic}
     uint ConcGCThreads                            = 1                                         {product} {ergonomic}
     uint G1ConcRefinementThreads                  = 4                                         {product} {ergonomic}
   size_t G1HeapRegionSize                         = 1048576                                   {product} {ergonomic}
    uintx GCDrainStackTargetSize                   = 64                                        {product} {ergonomic}
   size_t InitialHeapSize                          = 130023424                                 {product} {ergonomic}
   size_t MarkStackSize                            = 4194304                                   {product} {ergonomic}
   size_t MaxHeapSize                              = 2057306112                                {product} {ergonomic}
   size_t MaxNewSize                               = 1234173952                                {product} {ergonomic}
   size_t MinHeapDeltaBytes                        = 1048576                                   {product} {ergonomic}
   size_t MinHeapSize                              = 8388608                                   {product} {ergonomic}
    uintx NonNMethodCodeHeapSize                   = 5832780                                {pd product} {ergonomic}
    uintx NonProfiledCodeHeapSize                  = 122912730                              {pd product} {ergonomic}
    uintx ProfiledCodeHeapSize                     = 122912730                              {pd product} {ergonomic}
    uintx ReservedCodeCacheSize                    = 251658240                              {pd product} {ergonomic}
     bool SegmentedCodeCache                       = true                                      {product} {ergonomic}
   size_t SoftMaxHeapSize                          = 2057306112                             {manageable} {ergonomic}
     bool UseCompressedClassPointers               = true                           {product lp64_product} {ergonomic}
     bool UseCompressedOops                        = true                           {product lp64_product} {ergonomic}
     bool UseG1GC                                  = true                                      {product} {ergonomic}

Logging:
Log output configuration:
 #0: stdout all=warning uptime,level,tags
 #1: stderr all=off uptime,level,tags

Environment Variables:
JAVA_HOME=/opt/jdk-13.0.2
PATH=/home/nidhal/.local/bin:/usr/local/sbin:/usr/local/bin:/usr/sbin:/usr/bin:/sbin:/bin:/usr/games:/usr/local/games:/snap/bin:/snap/bin/opt/jdk-13.0.2/bin
USERNAME=nidhal
SHELL=/bin/bash
DISPLAY=:0
LANG=fr_FR.UTF-8

Active Locale:
LC_ALL=fr_FR.UTF-8
LC_COLLATE=fr_FR.UTF-8
LC_CTYPE=fr_FR.UTF-8
LC_MESSAGES=fr_FR.UTF-8
LC_MONETARY=fr_FR.UTF-8
LC_NUMERIC=fr_FR.UTF-8
LC_TIME=fr_FR.UTF-8

Signal Handlers:
   SIGSEGV: crash_handler in libjvm.so, mask=11100100010111111101111111111110, flags=SA_RESTART|SA_SIGINFO, unblocked
    SIGBUS: crash_handler in libjvm.so, mask=11100100010111111101111111111110, flags=SA_RESTART|SA_SIGINFO, unblocked
    SIGFPE: crash_handler in libjvm.so, mask=11100100010111111101111111111110, flags=SA_RESTART|SA_SIGINFO, unblocked
   SIGPIPE: javaSignalHandler in libjvm.so, mask=11100100010111111101111111111110, flags=SA_RESTART|SA_SIGINFO, blocked
   SIGXFSZ: javaSignalHandler in libjvm.so, mask=11100100010111111101111111111110, flags=SA_RESTART|SA_SIGINFO, blocked
    SIGILL: crash_handler in libjvm.so, mask=11100100010111111101111111111110, flags=SA_RESTART|SA_SIGINFO, unblocked
   SIGUSR2: SR_handler in libjvm.so, mask=00100000000000000000000000000000, flags=SA_RESTART|SA_SIGINFO, blocked
    SIGHUP: UserHandler in libjvm.so, mask=11100100010111111101111111111110, flags=SA_RESTART|SA_SIGINFO, blocked
    SIGINT: UserHandler in libjvm.so, mask=11100100010111111101111111111110, flags=SA_RESTART|SA_SIGINFO, blocked
   SIGTERM: UserHandler in libjvm.so, mask=11100100010111111101111111111110, flags=SA_RESTART|SA_SIGINFO, blocked
   SIGQUIT: UserHandler in libjvm.so, mask=11100100010111111101111111111110, flags=SA_RESTART|SA_SIGINFO, blocked
   SIGTRAP: crash_handler in libjvm.so, mask=11100100010111111101111111111110, flags=SA_RESTART|SA_SIGINFO, unblocked


---------------  S Y S T E M  ---------------

OS:
DISTRIB_ID=Ubuntu
DISTRIB_RELEASE=22.04
DISTRIB_CODENAME=jammy
DISTRIB_DESCRIPTION="Ubuntu 22.04.2 LTS"
uname: Linux 5.19.0-42-generic #43~22.04.1-Ubuntu SMP PREEMPT_DYNAMIC Fri Apr 21 16:51:08 UTC 2 x86_64
OS uptime: 0 days 0:49 hours
libc: glibc 2.35 NPTL 2.35 
rlimit (soft/hard): STACK 8192k/infinity , CORE 0k/infinity , NPROC 31051/31051 , NOFILE 1048576/1048576 , AS infinity/infinity , CPU infinity/infinity , DATA infinity/infinity , FSIZE infinity/infinity , MEMLOCK 1003616k/1003616k
load average: 4,44 3,77 3,40

/proc/meminfo:
MemTotal:        8028956 kB
MemFree:          206680 kB
MemAvailable:    3667916 kB
Buffers:          232024 kB
Cached:          3474984 kB
SwapCached:           88 kB
Active:          1017312 kB
Inactive:        6122124 kB
Active(anon):      11192 kB
Inactive(anon):  3653924 kB
Active(file):    1006120 kB
Inactive(file):  2468200 kB
Unevictable:       28436 kB
Mlocked:              16 kB
SwapTotal:       2097148 kB
SwapFree:        2093820 kB
Zswap:                 0 kB
Zswapped:              0 kB
Dirty:              4084 kB
Writeback:             0 kB
AnonPages:       3460884 kB
Mapped:          1339900 kB
Shmem:            240192 kB
KReclaimable:     296180 kB
Slab:             510488 kB
SReclaimable:     296180 kB
SUnreclaim:       214308 kB
KernelStack:       16272 kB
PageTables:        34096 kB
NFS_Unstable:          0 kB
Bounce:                0 kB
WritebackTmp:          0 kB
CommitLimit:     6111624 kB
Committed_AS:    9759792 kB
VmallocTotal:   34359738367 kB
VmallocUsed:       72188 kB
VmallocChunk:          0 kB
Percpu:             5568 kB
HardwareCorrupted:     0 kB
AnonHugePages:         0 kB
ShmemHugePages:        0 kB
ShmemPmdMapped:        0 kB
FileHugePages:         0 kB
FilePmdMapped:         0 kB
HugePages_Total:       0
HugePages_Free:        0
HugePages_Rsvd:        0
HugePages_Surp:        0
Hugepagesize:       2048 kB
Hugetlb:               0 kB
DirectMap4k:      466712 kB
DirectMap2M:     7811072 kB
DirectMap1G:           0 kB

/sys/kernel/mm/transparent_hugepage/enabled: always [madvise] never
/sys/kernel/mm/transparent_hugepage/defrag (defrag/compaction efforts parameter): always defer defer+madvise [madvise] never

Process Memory:
Virtual Size: 5231660K (peak: 5293200K)
Resident Set Size: 84944K (peak: 84944K) (anon: 46168K, file: 38776K, shmem: 0K)
Swapped out: 0K
C-Heap outstanding allocations: 23739K, retained: 3236K
glibc malloc tunables: (default)

/proc/sys/kernel/threads-max (system-wide limit on the number of threads): 62103
/proc/sys/vm/max_map_count (maximum number of memory map areas a process may have): 65530
/proc/sys/kernel/pid_max (system-wide limit on number of process identifiers): 4194304

container (cgroup) information:
container_type: cgroupv2
cpu_cpuset_cpus: not supported
cpu_memory_nodes: not supported
active_processor_count: 4
cpu_quota: not supported
cpu_period: not supported
cpu_shares: not supported
memory_limit_in_bytes: unlimited
memory_and_swap_limit_in_bytes: unlimited
memory_soft_limit_in_bytes: unlimited
memory_usage_in_bytes: 3611172 k
memory_max_usage_in_bytes: not supported
memory_swap_current_in_bytes: unlimited
memory_swap_max_limit_in_bytes: unlimited
maximum number of tasks: 9315
current number of tasks: 167

Steal ticks since vm start: 0
Steal ticks percentage since vm start:  0,000

CPU: total 4 (initial active 4) (2 cores per cpu, 2 threads per core) family 6 model 78 stepping 3 microcode 0xf0, cx8, cmov, fxsr, ht, mmx, 3dnowpref, sse, sse2, sse3, ssse3, sse4.1, sse4.2, popcnt, lzcnt, tsc, tscinvbit, avx, avx2, aes, erms, clmul, bmi1, bmi2, adx, fma, vzeroupper, clflush, clflushopt
CPU Model and flags from /proc/cpuinfo:
model name	: Intel(R) Core(TM) i3-6100U CPU @ 2.30GHz
flags		: fpu vme de pse tsc msr pae mce cx8 apic sep mtrr pge mca cmov pat pse36 clflush dts acpi mmx fxsr sse sse2 ss ht tm pbe syscall nx pdpe1gb rdtscp lm constant_tsc art arch_perfmon pebs bts rep_good nopl xtopology nonstop_tsc cpuid aperfmperf pni pclmulqdq dtes64 monitor ds_cpl est tm2 ssse3 sdbg fma cx16 xtpr pdcm pcid sse4_1 sse4_2 x2apic movbe popcnt tsc_deadline_timer aes xsave avx f16c rdrand lahf_lm abm 3dnowprefetch cpuid_fault epb invpcid_single pti ssbd ibrs ibpb stibp fsgsbase tsc_adjust bmi1 avx2 smep bmi2 erms invpcid mpx rdseed adx smap clflushopt intel_pt xsaveopt xsavec xgetbv1 xsaves dtherm ida arat pln pts hwp hwp_notify hwp_act_window hwp_epp md_clear flush_l1d arch_capabilities

Online cpus: 0-3
Offline cpus: 
BIOS frequency limitation: <Not Available>
Frequency switch latency (ns): 0
Available cpu frequencies: <Not Available>
Current governor: powersave
Core performance/turbo boost: <Not Available>

Memory: 4k page, physical 8028956k(206680k free), swap 2097148k(2093820k free)
Page Sizes: 4k

vm_info: OpenJDK 64-Bit Server VM (17.0.7+7-Ubuntu-0ubuntu122.04.2) for linux-amd64 JRE (17.0.7+7-Ubuntu-0ubuntu122.04.2), built on May 10 2023 04:02:16 by "buildd" with gcc 11.3.0

END.
