#
# A fatal error has been detected by the Java Runtime Environment:
#
#  SIGSEGV (0xb) at pc=0x00007ffa94f9d97d, pid=778870, tid=778871
#
# JRE version: OpenJDK Runtime Environment (17.0.7+7) (build 17.0.7+7-Ubuntu-0ubuntu122.04.2)
# Java VM: OpenJDK 64-Bit Server VM (17.0.7+7-Ubuntu-0ubuntu122.04.2, mixed mode, sharing, tiered, compressed oops, compressed class ptrs, g1 gc, linux-amd64)
# Problematic frame:
# C  [libc.so.6+0x19d97d]
#
# Core dump will be written. Default location: Core dumps may be processed with "/usr/share/apport/apport -p%p -s%s -c%c -d%d -P%P -u%u -g%g -- %E" (or dumping to /home/nidhal/IdeaProjects/JMEOS/core.778870)
#
# If you would like to submit a bug report, please visit:
#   Unknown
# The crash happened outside the Java Virtual Machine in native code.
# See problematic frame for where to report the bug.
#

---------------  S U M M A R Y ------------

Command Line: -javaagent:/snap/intellij-idea-ultimate/437/lib/idea_rt.jar=45687:/snap/intellij-idea-ultimate/437/bin -Dfile.encoding=UTF-8 tutorials.reading

Host: Intel(R) Core(TM) i3-6100U CPU @ 2.30GHz, 4 cores, 7G, Ubuntu 22.04.2 LTS
Time: Fri Jun 23 04:33:06 2023 CEST elapsed time: 1.588804 seconds (0d 0h 0m 1s)

---------------  T H R E A D  ---------------

Current thread (0x00007ffa8c0166d0):  JavaThread "main" [_thread_in_native, id=778871, stack(0x00007ffa93500000,0x00007ffa93600000)]

Stack: [0x00007ffa93500000,0x00007ffa93600000],  sp=0x00007ffa935fe6e8,  free space=1017k
Native frames: (J=compiled Java code, j=interpreted, Vv=VM code, C=native code)
C  [libc.so.6+0x19d97d]
j  com.kenai.jffi.Foreign.getZeroTerminatedByteArray(J)[B+0
j  com.kenai.jffi.UnsafeMemoryIO.getZeroTerminatedByteArray(J)[B+1
j  jnr.ffi.provider.jffi.DirectMemoryIO.getString(J)Ljava/lang/String;+12
j  tutorials.reading.main([Ljava/lang/String;)V+328
v  ~StubRoutines::call_stub
V  [libjvm.so+0x833045]  JavaCalls::call_helper(JavaValue*, methodHandle const&, JavaCallArguments*, JavaThread*)+0x325
V  [libjvm.so+0x8cf51a]  jni_invoke_static(JNIEnv_*, JavaValue*, _jobject*, JNICallType, _jmethodID*, JNI_ArgumentPusher*, JavaThread*) [clone .constprop.1]+0x3aa
V  [libjvm.so+0x8d2251]  jni_CallStaticVoidMethod+0x171
C  [libjli.so+0x4a25]  JavaMain+0xd75
C  [libjli.so+0x7fbd]  ThreadJavaMain+0xd

Java frames: (J=compiled Java code, j=interpreted, Vv=VM code)
j  com.kenai.jffi.Foreign.getZeroTerminatedByteArray(J)[B+0
j  com.kenai.jffi.UnsafeMemoryIO.getZeroTerminatedByteArray(J)[B+1
j  jnr.ffi.provider.jffi.DirectMemoryIO.getString(J)Ljava/lang/String;+12
j  tutorials.reading.main([Ljava/lang/String;)V+328
v  ~StubRoutines::call_stub

siginfo: si_signo: 11 (SIGSEGV), si_code: 128 (SI_KERNEL), si_addr: 0x0000000000000000

Register to memory mapping:

RAX=0x0000000000000d80 is an unknown value
RBX=0x00007ffa8c016978 points into unknown readable memory: 0x00007ffa94d154c0 | c0 54 d1 94 fa 7f 00 00
RCX=0x0000000000000001 is an unknown value
RDX=0x00025b5728126d80 is an unknown value
RSP=0x00007ffa935fe6e8 is pointing into the stack for thread: 0x00007ffa8c0166d0
RBP=0x00007ffa935fe710 is pointing into the stack for thread: 0x00007ffa8c0166d0
RSI=0x00007ffa935fe790 is pointing into the stack for thread: 0x00007ffa8c0166d0
RDI=0x00025b5728126d80 is an unknown value
R8 ={method} {0x00007ffa584221d8} 'getZeroTerminatedByteArray' '(J)[B' in 'com/kenai/jffi/Foreign'
R9 =0x0000000000000002 is an unknown value
R10=0x00007ffa94e0e940: <offset 0x000000000000e940> in /lib/x86_64-linux-gnu/libc.so.6 at 0x00007ffa94e00000
R11=0x00007ffa94f9d960: <offset 0x000000000019d960> in /lib/x86_64-linux-gnu/libc.so.6 at 0x00007ffa94e00000
R12=0x0 is NULL
R13={method} {0x00007ffa584221d8} 'getZeroTerminatedByteArray' '(J)[B' in 'com/kenai/jffi/Foreign'
R14=0x00025b5728126d80 is an unknown value
R15=0x00007ffa8c0166d0 is a thread


Registers:
RAX=0x0000000000000d80, RBX=0x00007ffa8c016978, RCX=0x0000000000000001, RDX=0x00025b5728126d80
RSP=0x00007ffa935fe6e8, RBP=0x00007ffa935fe710, RSI=0x00007ffa935fe790, RDI=0x00025b5728126d80
R8 =0x00007ffa584221d8, R9 =0x0000000000000002, R10=0x00007ffa94e0e940, R11=0x00007ffa94f9d960
R12=0x0000000000000000, R13=0x00007ffa584221d8, R14=0x00025b5728126d80, R15=0x00007ffa8c0166d0
RIP=0x00007ffa94f9d97d, EFLAGS=0x0000000000010287, CSGSFS=0x002b000000000033, ERR=0x0000000000000000
  TRAPNO=0x000000000000000d

Top of Stack: (sp=0x00007ffa935fe6e8)
0x00007ffa935fe6e8:   00007ffa3780c166 00007ffa584221d8
0x00007ffa935fe6f8:   0000000000000000 00007ffa584221d8
0x00007ffa935fe708:   00007ffa935fe7a8 00007ffa935fe780
0x00007ffa935fe718:   00007ffa7c94451a 00007ffa935fe780 

Instructions: (pc=0x00007ffa94f9d97d)
0x00007ffa94f9d87d:   fd d7 ca c5 fd d7 c3 09 c1 75 38 c5 fd 6f 0f c5
0x00007ffa94f9d88d:   fd 74 d1 48 83 c7 20 c5 dd 74 d9 c5 fd d7 ca c5
0x00007ffa94f9d89d:   fd d7 c3 09 c1 75 1c c5 fd 6f 0f c5 fd 74 d1 48
0x00007ffa94f9d8ad:   83 c7 20 c5 dd 74 d9 c5 fd d7 ca c5 fd d7 c3 09
0x00007ffa94f9d8bd:   c1 74 90 85 c0 75 1c 85 d2 0f 84 84 00 00 00 89
0x00007ffa94f9d8cd:   d0 48 89 f7 0f bd c0 48 8d 44 07 e0 c5 f8 77 c3
0x00007ffa94f9d8dd:   0f 1f 00 c5 fd d7 ca 85 c9 75 18 89 c2 48 89 fe
0x00007ffa94f9d8ed:   e9 5e ff ff ff 66 66 2e 0f 1f 84 00 00 00 00 00
0x00007ffa94f9d8fd:   0f 1f 00 41 89 c8 41 83 e8 01 41 31 c8 44 21 c0
0x00007ffa94f9d90d:   85 c0 74 b3 0f bd c0 48 8d 44 07 e0 c5 f8 77 c3
0x00007ffa94f9d91d:   0f 1f 00 48 01 cf 89 d1 41 89 c8 41 83 e8 01 41
0x00007ffa94f9d92d:   31 c8 44 21 c0 85 c0 74 1a 0f bd c0 48 8d 44 07
0x00007ffa94f9d93d:   e0 c5 f8 77 c3 66 66 2e 0f 1f 84 00 00 00 00 00
0x00007ffa94f9d94d:   0f 1f 00 31 c0 c5 f8 77 c3 66 2e 0f 1f 84 00 00
0x00007ffa94f9d95d:   00 00 00 f3 0f 1e fa 89 f8 48 89 fa c5 f9 ef c0
0x00007ffa94f9d96d:   25 ff 0f 00 00 3d e0 0f 00 00 0f 87 33 01 00 00
0x00007ffa94f9d97d:   c5 fd 74 0f c5 fd d7 c1 85 c0 74 57 f3 0f bc c0
0x00007ffa94f9d98d:   c5 f8 77 c3 66 66 2e 0f 1f 84 00 00 00 00 00 0f
0x00007ffa94f9d99d:   1f 40 00 f3 0f bc c0 29 d7 ff c7 01 f8 c5 f8 77
0x00007ffa94f9d9ad:   c3 66 90 f3 0f bc c0 29 d7 83 c7 21 01 f8 c5 f8
0x00007ffa94f9d9bd:   77 c3 90 f3 0f bc c0 29 d7 83 c7 41 01 f8 c5 f8
0x00007ffa94f9d9cd:   77 c3 90 f3 0f bc c0 29 d7 83 c7 61 01 f8 c5 f8
0x00007ffa94f9d9dd:   77 c3 90 48 83 cf 1f c5 fd 74 4f 01 c5 fd d7 c1
0x00007ffa94f9d9ed:   85 c0 75 af c5 fd 74 4f 21 c5 fd d7 c1 85 c0 75
0x00007ffa94f9d9fd:   b2 c5 fd 74 4f 41 c5 fd d7 c1 85 c0 75 b5 c5 fd
0x00007ffa94f9da0d:   74 4f 61 c5 fd d7 c1 85 c0 75 b8 48 ff c7 48 83
0x00007ffa94f9da1d:   cf 7f 90 c5 fd 6f 4f 01 c5 f5 da 57 21 c5 fd 6f
0x00007ffa94f9da2d:   5f 41 c5 e5 da 67 61 c5 dd da ea c5 fd 74 ed c5
0x00007ffa94f9da3d:   fd d7 cd 48 83 ef 80 85 c9 74 d8 c5 fd 74 c9 c5
0x00007ffa94f9da4d:   fd d7 c1 48 29 d7 85 c0 75 39 c5 fd 74 d2 c5 fd
0x00007ffa94f9da5d:   d7 c2 85 c0 75 3d c5 fd 74 db c5 fd d7 c3 48 c1
0x00007ffa94f9da6d:   e1 20 48 09 c8 f3 48 0f bc c0 48 83 ef 3f 48 01 


Stack slot to memory mapping:
stack at sp + 0 slots: 0x00007ffa3780c166: Java_com_kenai_jffi_Foreign_getZeroTerminatedByteArray__J+0x0000000000000026 in /tmp/jffi6968813684801243623.so at 0x00007ffa37800000
stack at sp + 1 slots: {method} {0x00007ffa584221d8} 'getZeroTerminatedByteArray' '(J)[B' in 'com/kenai/jffi/Foreign'
stack at sp + 2 slots: 0x0 is NULL
stack at sp + 3 slots: {method} {0x00007ffa584221d8} 'getZeroTerminatedByteArray' '(J)[B' in 'com/kenai/jffi/Foreign'
stack at sp + 4 slots: 0x00007ffa935fe7a8 is pointing into the stack for thread: 0x00007ffa8c0166d0
stack at sp + 5 slots: 0x00007ffa935fe780 is pointing into the stack for thread: 0x00007ffa8c0166d0
stack at sp + 6 slots: 0x00007ffa7c94451a is at code_begin+890 in an Interpreter codelet
method entry point (kind = native)  [0x00007ffa7c9441a0, 0x00007ffa7c944a00]  2144 bytes
stack at sp + 7 slots: 0x00007ffa935fe780 is pointing into the stack for thread: 0x00007ffa8c0166d0


---------------  P R O C E S S  ---------------

Threads class SMR info:
_java_thread_list=0x00007ffa4c001fc0, length=13, elements={
0x00007ffa8c0166d0, 0x00007ffa8c115750, 0x00007ffa8c116b30, 0x00007ffa8c11c2e0,
0x00007ffa8c11d690, 0x00007ffa8c11eaa0, 0x00007ffa8c120450, 0x00007ffa8c121980,
0x00007ffa8c122df0, 0x00007ffa8c12e640, 0x00007ffa8c2db9c0, 0x00007ffa8c2dcec0,
0x00007ffa4c000fe0
}

Java Threads: ( => current thread )
=>0x00007ffa8c0166d0 JavaThread "main" [_thread_in_native, id=778871, stack(0x00007ffa93500000,0x00007ffa93600000)]
  0x00007ffa8c115750 JavaThread "Reference Handler" daemon [_thread_blocked, id=778879, stack(0x00007ffa70f80000,0x00007ffa71080000)]
  0x00007ffa8c116b30 JavaThread "Finalizer" daemon [_thread_blocked, id=778880, stack(0x00007ffa70e80000,0x00007ffa70f80000)]
  0x00007ffa8c11c2e0 JavaThread "Signal Dispatcher" daemon [_thread_blocked, id=778881, stack(0x00007ffa70500000,0x00007ffa70600000)]
  0x00007ffa8c11d690 JavaThread "Service Thread" daemon [_thread_blocked, id=778882, stack(0x00007ffa70400000,0x00007ffa70500000)]
  0x00007ffa8c11eaa0 JavaThread "Monitor Deflation Thread" daemon [_thread_blocked, id=778883, stack(0x00007ffa70300000,0x00007ffa70400000)]
  0x00007ffa8c120450 JavaThread "C2 CompilerThread0" daemon [_thread_blocked, id=778884, stack(0x00007ffa70200000,0x00007ffa70300000)]
  0x00007ffa8c121980 JavaThread "C1 CompilerThread0" daemon [_thread_in_native, id=778885, stack(0x00007ffa70100000,0x00007ffa70200000)]
  0x00007ffa8c122df0 JavaThread "Sweeper thread" daemon [_thread_blocked, id=778886, stack(0x00007ffa70000000,0x00007ffa70100000)]
  0x00007ffa8c12e640 JavaThread "Common-Cleaner" daemon [_thread_blocked, id=778887, stack(0x00007ffa37f00000,0x00007ffa38000000)]
  0x00007ffa8c2db9c0 JavaThread "Monitor Ctrl-Break" daemon [_thread_in_native, id=778908, stack(0x00007ffa37e00000,0x00007ffa37f00000)]
  0x00007ffa8c2dcec0 JavaThread "Notification Thread" daemon [_thread_blocked, id=778909, stack(0x00007ffa37d00000,0x00007ffa37e00000)]
  0x00007ffa4c000fe0 JavaThread "Attach Listener" daemon [_thread_blocked, id=778932, stack(0x00007ffa35cfa000,0x00007ffa35dfa000)]

Other Threads:
  0x00007ffa8c1116a0 VMThread "VM Thread" [stack: 0x00007ffa71082000,0x00007ffa71182000] [id=778878]
  0x00007ffa8c0191e0 WatcherThread [stack: 0x00007ffa37c00000,0x00007ffa37d00000] [id=778910]
  0x00007ffa8c06fdb0 GCTaskThread "GC Thread#0" [stack: 0x00007ffa904a8000,0x00007ffa905a8000] [id=778872]
  0x00007ffa500051c0 GCTaskThread "GC Thread#1" [stack: 0x00007ffa35bfa000,0x00007ffa35cfa000] [id=778933]
  0x00007ffa50005c40 GCTaskThread "GC Thread#2" [stack: 0x00007ffa35af8000,0x00007ffa35bf8000] [id=778934]
  0x00007ffa5000c080 GCTaskThread "GC Thread#3" [stack: 0x00007ffa359f6000,0x00007ffa35af6000] [id=778935]
  0x00007ffa8c0808d0 ConcurrentGCThread "G1 Main Marker" [stack: 0x00007ffa903a6000,0x00007ffa904a6000] [id=778873]
  0x00007ffa8c081830 ConcurrentGCThread "G1 Conc#0" [stack: 0x00007ffa902a4000,0x00007ffa903a4000] [id=778874]
  0x00007ffa8c0e5f20 ConcurrentGCThread "G1 Refine#0" [stack: 0x00007ffa71357000,0x00007ffa71457000] [id=778875]
  0x00007ffa8c0e6e10 ConcurrentGCThread "G1 Service" [stack: 0x00007ffa71255000,0x00007ffa71355000] [id=778877]

Threads with active compile tasks:
C2 CompilerThread0     1620  746       4       java.util.regex.Matcher::getTextLength (10 bytes)
C1 CompilerThread0     1620  823       3       com.kenai.jffi.Invoker::invokeN2 (71 bytes)

VM state: not at safepoint (normal execution)

VM Mutex/Monitor currently owned by a thread: None

Heap address: 0x0000000085600000, size: 1962 MB, Compressed Oops mode: 32-bit

CDS archive(s) mapped at: [0x0000000800000000-0x0000000800be2000-0x0000000800be2000), size 12460032, SharedBaseAddress: 0x0000000800000000, ArchiveRelocationMode: 0.
Compressed class space mapped at: 0x0000000801000000-0x0000000841000000, reserved size: 1073741824
Narrow klass base: 0x0000000800000000, Narrow klass shift: 0, Narrow klass range: 0x100000000

GC Precious Log:
 CPUs: 4 total, 4 available
 Memory: 7840M
 Large Page Support: Disabled
 NUMA Support: Disabled
 Compressed Oops: Enabled (32-bit)
 Heap Region Size: 1M
 Heap Min Capacity: 8M
 Heap Initial Capacity: 124M
 Heap Max Capacity: 1962M
 Pre-touch: Disabled
 Parallel Workers: 4
 Concurrent Workers: 1
 Concurrent Refinement Workers: 4
 Periodic GC: Disabled

Heap:
 garbage-first heap   total 129024K, used 8433K [0x0000000085600000, 0x0000000100000000)
  region size 1024K, 6 young (6144K), 2 survivors (2048K)
 Metaspace       used 5087K, committed 5184K, reserved 1114112K
  class space    used 488K, committed 512K, reserved 1048576K

Heap Regions: E=young(eden), S=young(survivor), O=old, HS=humongous(starts), HC=humongous(continues), CS=collection set, F=free, OA=open archive, CA=closed archive, TAMS=top-at-mark-start (previous, next)
|   0|0x0000000085600000, 0x0000000085700000, 0x0000000085700000|100%|HS|  |TAMS 0x0000000085600000, 0x0000000085600000| Complete 
|   1|0x0000000085700000, 0x0000000085800000, 0x0000000085800000|100%| O|  |TAMS 0x0000000085700000, 0x0000000085700000| Untracked 
|   2|0x0000000085800000, 0x0000000085844400, 0x0000000085900000| 26%| O|  |TAMS 0x0000000085800000, 0x0000000085800000| Untracked 
|   3|0x0000000085900000, 0x0000000085900000, 0x0000000085a00000|  0%| F|  |TAMS 0x0000000085900000, 0x0000000085900000| Untracked 
|   4|0x0000000085a00000, 0x0000000085a00000, 0x0000000085b00000|  0%| F|  |TAMS 0x0000000085a00000, 0x0000000085a00000| Untracked 
|   5|0x0000000085b00000, 0x0000000085b00000, 0x0000000085c00000|  0%| F|  |TAMS 0x0000000085b00000, 0x0000000085b00000| Untracked 
|   6|0x0000000085c00000, 0x0000000085c00000, 0x0000000085d00000|  0%| F|  |TAMS 0x0000000085c00000, 0x0000000085c00000| Untracked 
|   7|0x0000000085d00000, 0x0000000085d00000, 0x0000000085e00000|  0%| F|  |TAMS 0x0000000085d00000, 0x0000000085d00000| Untracked 
|   8|0x0000000085e00000, 0x0000000085e00000, 0x0000000085f00000|  0%| F|  |TAMS 0x0000000085e00000, 0x0000000085e00000| Untracked 
|   9|0x0000000085f00000, 0x0000000085f00000, 0x0000000086000000|  0%| F|  |TAMS 0x0000000085f00000, 0x0000000085f00000| Untracked 
|  10|0x0000000086000000, 0x0000000086000000, 0x0000000086100000|  0%| F|  |TAMS 0x0000000086000000, 0x0000000086000000| Untracked 
|  11|0x0000000086100000, 0x0000000086100000, 0x0000000086200000|  0%| F|  |TAMS 0x0000000086100000, 0x0000000086100000| Untracked 
|  12|0x0000000086200000, 0x0000000086200000, 0x0000000086300000|  0%| F|  |TAMS 0x0000000086200000, 0x0000000086200000| Untracked 
|  13|0x0000000086300000, 0x0000000086300000, 0x0000000086400000|  0%| F|  |TAMS 0x0000000086300000, 0x0000000086300000| Untracked 
|  14|0x0000000086400000, 0x0000000086400000, 0x0000000086500000|  0%| F|  |TAMS 0x0000000086400000, 0x0000000086400000| Untracked 
|  15|0x0000000086500000, 0x0000000086500000, 0x0000000086600000|  0%| F|  |TAMS 0x0000000086500000, 0x0000000086500000| Untracked 
|  16|0x0000000086600000, 0x0000000086600000, 0x0000000086700000|  0%| F|  |TAMS 0x0000000086600000, 0x0000000086600000| Untracked 
|  17|0x0000000086700000, 0x0000000086700000, 0x0000000086800000|  0%| F|  |TAMS 0x0000000086700000, 0x0000000086700000| Untracked 
|  18|0x0000000086800000, 0x0000000086800000, 0x0000000086900000|  0%| F|  |TAMS 0x0000000086800000, 0x0000000086800000| Untracked 
|  19|0x0000000086900000, 0x0000000086900000, 0x0000000086a00000|  0%| F|  |TAMS 0x0000000086900000, 0x0000000086900000| Untracked 
|  20|0x0000000086a00000, 0x0000000086a00000, 0x0000000086b00000|  0%| F|  |TAMS 0x0000000086a00000, 0x0000000086a00000| Untracked 
|  21|0x0000000086b00000, 0x0000000086b00000, 0x0000000086c00000|  0%| F|  |TAMS 0x0000000086b00000, 0x0000000086b00000| Untracked 
|  22|0x0000000086c00000, 0x0000000086c00000, 0x0000000086d00000|  0%| F|  |TAMS 0x0000000086c00000, 0x0000000086c00000| Untracked 
|  23|0x0000000086d00000, 0x0000000086d00000, 0x0000000086e00000|  0%| F|  |TAMS 0x0000000086d00000, 0x0000000086d00000| Untracked 
|  24|0x0000000086e00000, 0x0000000086e00000, 0x0000000086f00000|  0%| F|  |TAMS 0x0000000086e00000, 0x0000000086e00000| Untracked 
|  25|0x0000000086f00000, 0x0000000086f00000, 0x0000000087000000|  0%| F|  |TAMS 0x0000000086f00000, 0x0000000086f00000| Untracked 
|  26|0x0000000087000000, 0x0000000087000000, 0x0000000087100000|  0%| F|  |TAMS 0x0000000087000000, 0x0000000087000000| Untracked 
|  27|0x0000000087100000, 0x0000000087100000, 0x0000000087200000|  0%| F|  |TAMS 0x0000000087100000, 0x0000000087100000| Untracked 
|  28|0x0000000087200000, 0x0000000087200000, 0x0000000087300000|  0%| F|  |TAMS 0x0000000087200000, 0x0000000087200000| Untracked 
|  29|0x0000000087300000, 0x0000000087300000, 0x0000000087400000|  0%| F|  |TAMS 0x0000000087300000, 0x0000000087300000| Untracked 
|  30|0x0000000087400000, 0x0000000087400000, 0x0000000087500000|  0%| F|  |TAMS 0x0000000087400000, 0x0000000087400000| Untracked 
|  31|0x0000000087500000, 0x0000000087500000, 0x0000000087600000|  0%| F|  |TAMS 0x0000000087500000, 0x0000000087500000| Untracked 
|  32|0x0000000087600000, 0x0000000087600000, 0x0000000087700000|  0%| F|  |TAMS 0x0000000087600000, 0x0000000087600000| Untracked 
|  33|0x0000000087700000, 0x0000000087700000, 0x0000000087800000|  0%| F|  |TAMS 0x0000000087700000, 0x0000000087700000| Untracked 
|  34|0x0000000087800000, 0x0000000087800000, 0x0000000087900000|  0%| F|  |TAMS 0x0000000087800000, 0x0000000087800000| Untracked 
|  35|0x0000000087900000, 0x0000000087900000, 0x0000000087a00000|  0%| F|  |TAMS 0x0000000087900000, 0x0000000087900000| Untracked 
|  36|0x0000000087a00000, 0x0000000087a00000, 0x0000000087b00000|  0%| F|  |TAMS 0x0000000087a00000, 0x0000000087a00000| Untracked 
|  37|0x0000000087b00000, 0x0000000087b00000, 0x0000000087c00000|  0%| F|  |TAMS 0x0000000087b00000, 0x0000000087b00000| Untracked 
|  38|0x0000000087c00000, 0x0000000087c00000, 0x0000000087d00000|  0%| F|  |TAMS 0x0000000087c00000, 0x0000000087c00000| Untracked 
|  39|0x0000000087d00000, 0x0000000087d00000, 0x0000000087e00000|  0%| F|  |TAMS 0x0000000087d00000, 0x0000000087d00000| Untracked 
|  40|0x0000000087e00000, 0x0000000087e00000, 0x0000000087f00000|  0%| F|  |TAMS 0x0000000087e00000, 0x0000000087e00000| Untracked 
|  41|0x0000000087f00000, 0x0000000087f00000, 0x0000000088000000|  0%| F|  |TAMS 0x0000000087f00000, 0x0000000087f00000| Untracked 
|  42|0x0000000088000000, 0x0000000088000000, 0x0000000088100000|  0%| F|  |TAMS 0x0000000088000000, 0x0000000088000000| Untracked 
|  43|0x0000000088100000, 0x0000000088100000, 0x0000000088200000|  0%| F|  |TAMS 0x0000000088100000, 0x0000000088100000| Untracked 
|  44|0x0000000088200000, 0x0000000088200000, 0x0000000088300000|  0%| F|  |TAMS 0x0000000088200000, 0x0000000088200000| Untracked 
|  45|0x0000000088300000, 0x0000000088300000, 0x0000000088400000|  0%| F|  |TAMS 0x0000000088300000, 0x0000000088300000| Untracked 
|  46|0x0000000088400000, 0x0000000088400000, 0x0000000088500000|  0%| F|  |TAMS 0x0000000088400000, 0x0000000088400000| Untracked 
|  47|0x0000000088500000, 0x0000000088500000, 0x0000000088600000|  0%| F|  |TAMS 0x0000000088500000, 0x0000000088500000| Untracked 
|  48|0x0000000088600000, 0x0000000088600000, 0x0000000088700000|  0%| F|  |TAMS 0x0000000088600000, 0x0000000088600000| Untracked 
|  49|0x0000000088700000, 0x0000000088700000, 0x0000000088800000|  0%| F|  |TAMS 0x0000000088700000, 0x0000000088700000| Untracked 
|  50|0x0000000088800000, 0x0000000088800000, 0x0000000088900000|  0%| F|  |TAMS 0x0000000088800000, 0x0000000088800000| Untracked 
|  51|0x0000000088900000, 0x0000000088900000, 0x0000000088a00000|  0%| F|  |TAMS 0x0000000088900000, 0x0000000088900000| Untracked 
|  52|0x0000000088a00000, 0x0000000088a00000, 0x0000000088b00000|  0%| F|  |TAMS 0x0000000088a00000, 0x0000000088a00000| Untracked 
|  53|0x0000000088b00000, 0x0000000088b00000, 0x0000000088c00000|  0%| F|  |TAMS 0x0000000088b00000, 0x0000000088b00000| Untracked 
|  54|0x0000000088c00000, 0x0000000088c00000, 0x0000000088d00000|  0%| F|  |TAMS 0x0000000088c00000, 0x0000000088c00000| Untracked 
|  55|0x0000000088d00000, 0x0000000088d00000, 0x0000000088e00000|  0%| F|  |TAMS 0x0000000088d00000, 0x0000000088d00000| Untracked 
|  56|0x0000000088e00000, 0x0000000088e00000, 0x0000000088f00000|  0%| F|  |TAMS 0x0000000088e00000, 0x0000000088e00000| Untracked 
|  57|0x0000000088f00000, 0x0000000088f00000, 0x0000000089000000|  0%| F|  |TAMS 0x0000000088f00000, 0x0000000088f00000| Untracked 
|  58|0x0000000089000000, 0x0000000089000000, 0x0000000089100000|  0%| F|  |TAMS 0x0000000089000000, 0x0000000089000000| Untracked 
|  59|0x0000000089100000, 0x0000000089100000, 0x0000000089200000|  0%| F|  |TAMS 0x0000000089100000, 0x0000000089100000| Untracked 
|  60|0x0000000089200000, 0x0000000089200000, 0x0000000089300000|  0%| F|  |TAMS 0x0000000089200000, 0x0000000089200000| Untracked 
|  61|0x0000000089300000, 0x0000000089300000, 0x0000000089400000|  0%| F|  |TAMS 0x0000000089300000, 0x0000000089300000| Untracked 
|  62|0x0000000089400000, 0x0000000089400000, 0x0000000089500000|  0%| F|  |TAMS 0x0000000089400000, 0x0000000089400000| Untracked 
|  63|0x0000000089500000, 0x0000000089500000, 0x0000000089600000|  0%| F|  |TAMS 0x0000000089500000, 0x0000000089500000| Untracked 
|  64|0x0000000089600000, 0x0000000089600000, 0x0000000089700000|  0%| F|  |TAMS 0x0000000089600000, 0x0000000089600000| Untracked 
|  65|0x0000000089700000, 0x0000000089700000, 0x0000000089800000|  0%| F|  |TAMS 0x0000000089700000, 0x0000000089700000| Untracked 
|  66|0x0000000089800000, 0x0000000089800000, 0x0000000089900000|  0%| F|  |TAMS 0x0000000089800000, 0x0000000089800000| Untracked 
|  67|0x0000000089900000, 0x0000000089900000, 0x0000000089a00000|  0%| F|  |TAMS 0x0000000089900000, 0x0000000089900000| Untracked 
|  68|0x0000000089a00000, 0x0000000089a00000, 0x0000000089b00000|  0%| F|  |TAMS 0x0000000089a00000, 0x0000000089a00000| Untracked 
|  69|0x0000000089b00000, 0x0000000089b00000, 0x0000000089c00000|  0%| F|  |TAMS 0x0000000089b00000, 0x0000000089b00000| Untracked 
|  70|0x0000000089c00000, 0x0000000089c00000, 0x0000000089d00000|  0%| F|  |TAMS 0x0000000089c00000, 0x0000000089c00000| Untracked 
|  71|0x0000000089d00000, 0x0000000089d00000, 0x0000000089e00000|  0%| F|  |TAMS 0x0000000089d00000, 0x0000000089d00000| Untracked 
|  72|0x0000000089e00000, 0x0000000089e00000, 0x0000000089f00000|  0%| F|  |TAMS 0x0000000089e00000, 0x0000000089e00000| Untracked 
|  73|0x0000000089f00000, 0x0000000089f00000, 0x000000008a000000|  0%| F|  |TAMS 0x0000000089f00000, 0x0000000089f00000| Untracked 
|  74|0x000000008a000000, 0x000000008a000000, 0x000000008a100000|  0%| F|  |TAMS 0x000000008a000000, 0x000000008a000000| Untracked 
|  75|0x000000008a100000, 0x000000008a100000, 0x000000008a200000|  0%| F|  |TAMS 0x000000008a100000, 0x000000008a100000| Untracked 
|  76|0x000000008a200000, 0x000000008a200000, 0x000000008a300000|  0%| F|  |TAMS 0x000000008a200000, 0x000000008a200000| Untracked 
|  77|0x000000008a300000, 0x000000008a300000, 0x000000008a400000|  0%| F|  |TAMS 0x000000008a300000, 0x000000008a300000| Untracked 
|  78|0x000000008a400000, 0x000000008a400000, 0x000000008a500000|  0%| F|  |TAMS 0x000000008a400000, 0x000000008a400000| Untracked 
|  79|0x000000008a500000, 0x000000008a500000, 0x000000008a600000|  0%| F|  |TAMS 0x000000008a500000, 0x000000008a500000| Untracked 
|  80|0x000000008a600000, 0x000000008a600000, 0x000000008a700000|  0%| F|  |TAMS 0x000000008a600000, 0x000000008a600000| Untracked 
|  81|0x000000008a700000, 0x000000008a700000, 0x000000008a800000|  0%| F|  |TAMS 0x000000008a700000, 0x000000008a700000| Untracked 
|  82|0x000000008a800000, 0x000000008a800000, 0x000000008a900000|  0%| F|  |TAMS 0x000000008a800000, 0x000000008a800000| Untracked 
|  83|0x000000008a900000, 0x000000008a900000, 0x000000008aa00000|  0%| F|  |TAMS 0x000000008a900000, 0x000000008a900000| Untracked 
|  84|0x000000008aa00000, 0x000000008aa00000, 0x000000008ab00000|  0%| F|  |TAMS 0x000000008aa00000, 0x000000008aa00000| Untracked 
|  85|0x000000008ab00000, 0x000000008ab00000, 0x000000008ac00000|  0%| F|  |TAMS 0x000000008ab00000, 0x000000008ab00000| Untracked 
|  86|0x000000008ac00000, 0x000000008ac00000, 0x000000008ad00000|  0%| F|  |TAMS 0x000000008ac00000, 0x000000008ac00000| Untracked 
|  87|0x000000008ad00000, 0x000000008ad00000, 0x000000008ae00000|  0%| F|  |TAMS 0x000000008ad00000, 0x000000008ad00000| Untracked 
|  88|0x000000008ae00000, 0x000000008ae00000, 0x000000008af00000|  0%| F|  |TAMS 0x000000008ae00000, 0x000000008ae00000| Untracked 
|  89|0x000000008af00000, 0x000000008af00000, 0x000000008b000000|  0%| F|  |TAMS 0x000000008af00000, 0x000000008af00000| Untracked 
|  90|0x000000008b000000, 0x000000008b000000, 0x000000008b100000|  0%| F|  |TAMS 0x000000008b000000, 0x000000008b000000| Untracked 
|  91|0x000000008b100000, 0x000000008b100000, 0x000000008b200000|  0%| F|  |TAMS 0x000000008b100000, 0x000000008b100000| Untracked 
|  92|0x000000008b200000, 0x000000008b200000, 0x000000008b300000|  0%| F|  |TAMS 0x000000008b200000, 0x000000008b200000| Untracked 
|  93|0x000000008b300000, 0x000000008b300000, 0x000000008b400000|  0%| F|  |TAMS 0x000000008b300000, 0x000000008b300000| Untracked 
|  94|0x000000008b400000, 0x000000008b400000, 0x000000008b500000|  0%| F|  |TAMS 0x000000008b400000, 0x000000008b400000| Untracked 
|  95|0x000000008b500000, 0x000000008b500000, 0x000000008b600000|  0%| F|  |TAMS 0x000000008b500000, 0x000000008b500000| Untracked 
|  96|0x000000008b600000, 0x000000008b600000, 0x000000008b700000|  0%| F|  |TAMS 0x000000008b600000, 0x000000008b600000| Untracked 
|  97|0x000000008b700000, 0x000000008b700000, 0x000000008b800000|  0%| F|  |TAMS 0x000000008b700000, 0x000000008b700000| Untracked 
|  98|0x000000008b800000, 0x000000008b800000, 0x000000008b900000|  0%| F|  |TAMS 0x000000008b800000, 0x000000008b800000| Untracked 
|  99|0x000000008b900000, 0x000000008b900000, 0x000000008ba00000|  0%| F|  |TAMS 0x000000008b900000, 0x000000008b900000| Untracked 
| 100|0x000000008ba00000, 0x000000008ba00000, 0x000000008bb00000|  0%| F|  |TAMS 0x000000008ba00000, 0x000000008ba00000| Untracked 
| 101|0x000000008bb00000, 0x000000008bb00000, 0x000000008bc00000|  0%| F|  |TAMS 0x000000008bb00000, 0x000000008bb00000| Untracked 
| 102|0x000000008bc00000, 0x000000008bc00000, 0x000000008bd00000|  0%| F|  |TAMS 0x000000008bc00000, 0x000000008bc00000| Untracked 
| 103|0x000000008bd00000, 0x000000008bd00000, 0x000000008be00000|  0%| F|  |TAMS 0x000000008bd00000, 0x000000008bd00000| Untracked 
| 104|0x000000008be00000, 0x000000008be00000, 0x000000008bf00000|  0%| F|  |TAMS 0x000000008be00000, 0x000000008be00000| Untracked 
| 105|0x000000008bf00000, 0x000000008bf00000, 0x000000008c000000|  0%| F|  |TAMS 0x000000008bf00000, 0x000000008bf00000| Untracked 
| 106|0x000000008c000000, 0x000000008c000000, 0x000000008c100000|  0%| F|  |TAMS 0x000000008c000000, 0x000000008c000000| Untracked 
| 107|0x000000008c100000, 0x000000008c100000, 0x000000008c200000|  0%| F|  |TAMS 0x000000008c100000, 0x000000008c100000| Untracked 
| 108|0x000000008c200000, 0x000000008c200000, 0x000000008c300000|  0%| F|  |TAMS 0x000000008c200000, 0x000000008c200000| Untracked 
| 109|0x000000008c300000, 0x000000008c400000, 0x000000008c400000|100%| S|CS|TAMS 0x000000008c300000, 0x000000008c300000| Complete 
| 110|0x000000008c400000, 0x000000008c500000, 0x000000008c500000|100%| S|CS|TAMS 0x000000008c400000, 0x000000008c400000| Complete 
| 111|0x000000008c500000, 0x000000008c500000, 0x000000008c600000|  0%| F|  |TAMS 0x000000008c500000, 0x000000008c500000| Untracked 
| 112|0x000000008c600000, 0x000000008c600000, 0x000000008c700000|  0%| F|  |TAMS 0x000000008c600000, 0x000000008c600000| Untracked 
| 113|0x000000008c700000, 0x000000008c700000, 0x000000008c800000|  0%| F|  |TAMS 0x000000008c700000, 0x000000008c700000| Untracked 
| 114|0x000000008c800000, 0x000000008c800000, 0x000000008c900000|  0%| F|  |TAMS 0x000000008c800000, 0x000000008c800000| Untracked 
| 115|0x000000008c900000, 0x000000008c900000, 0x000000008ca00000|  0%| F|  |TAMS 0x000000008c900000, 0x000000008c900000| Untracked 
| 116|0x000000008ca00000, 0x000000008ca00000, 0x000000008cb00000|  0%| F|  |TAMS 0x000000008ca00000, 0x000000008ca00000| Untracked 
| 117|0x000000008cb00000, 0x000000008cb00000, 0x000000008cc00000|  0%| F|  |TAMS 0x000000008cb00000, 0x000000008cb00000| Untracked 
| 118|0x000000008cc00000, 0x000000008cc00000, 0x000000008cd00000|  0%| F|  |TAMS 0x000000008cc00000, 0x000000008cc00000| Untracked 
| 119|0x000000008cd00000, 0x000000008cd00000, 0x000000008ce00000|  0%| F|  |TAMS 0x000000008cd00000, 0x000000008cd00000| Untracked 
| 120|0x000000008ce00000, 0x000000008ce55000, 0x000000008cf00000| 33%| E|  |TAMS 0x000000008ce00000, 0x000000008ce00000| Complete 
| 121|0x000000008cf00000, 0x000000008d000000, 0x000000008d000000|100%| E|CS|TAMS 0x000000008cf00000, 0x000000008cf00000| Complete 
| 122|0x000000008d000000, 0x000000008d100000, 0x000000008d100000|100%| E|CS|TAMS 0x000000008d000000, 0x000000008d000000| Complete 
| 123|0x000000008d100000, 0x000000008d200000, 0x000000008d200000|100%| E|CS|TAMS 0x000000008d100000, 0x000000008d100000| Complete 
|1960|0x00000000ffe00000, 0x00000000ffe76000, 0x00000000fff00000| 46%|OA|  |TAMS 0x00000000ffe00000, 0x00000000ffe00000| Untracked 
|1961|0x00000000fff00000, 0x00000000fff82000, 0x0000000100000000| 50%|CA|  |TAMS 0x00000000fff00000, 0x00000000fff00000| Untracked 

Card table byte_map: [0x00007ffa92867000,0x00007ffa92c3c000] _byte_map_base: 0x00007ffa9243c000

Marking Bits (Prev, Next): (CMBitMap*) 0x00007ffa8c070830, (CMBitMap*) 0x00007ffa8c070870
 Prev Bits: [0x00007ffa905ea000, 0x00007ffa92492000)
 Next Bits: [0x00007ffa73558000, 0x00007ffa75400000)

Polling page: 0x00007ffa95092000

Metaspace:

Usage:
  Non-class:      4,49 MB used.
      Class:    488,98 KB used.
       Both:      4,97 MB used.

Virtual space:
  Non-class space:       64,00 MB reserved,       4,56 MB (  7%) committed,  1 nodes.
      Class space:        1,00 GB reserved,     512,00 KB ( <1%) committed,  1 nodes.
             Both:        1,06 GB reserved,       5,06 MB ( <1%) committed. 

Chunk freelists:
   Non-Class:  9,97 MB
       Class:  15,50 MB
        Both:  25,47 MB

MaxMetaspaceSize: unlimited
CompressedClassSpaceSize: 1,00 GB
Initial GC threshold: 21,00 MB
Current GC threshold: 21,00 MB
CDS: on
MetaspaceReclaimPolicy: balanced
 - commit_granule_bytes: 65536.
 - commit_granule_words: 8192.
 - virtual_space_node_default_size: 8388608.
 - enlarge_chunks_in_place: 1.
 - new_chunks_are_fully_committed: 0.
 - uncommit_free_chunks: 1.
 - use_allocation_guard: 0.
 - handle_deallocations: 1.


Internal statistics:

num_allocs_failed_limit: 0.
num_arena_births: 22.
num_arena_deaths: 0.
num_vsnodes_births: 2.
num_vsnodes_deaths: 0.
num_space_committed: 81.
num_space_uncommitted: 0.
num_chunks_returned_to_freelist: 0.
num_chunks_taken_from_freelist: 121.
num_chunk_merges: 0.
num_chunk_splits: 83.
num_chunks_enlarged: 69.
num_inconsistent_stats: 0.

CodeHeap 'non-profiled nmethods': size=120032Kb used=241Kb max_used=241Kb free=119790Kb
 bounds [0x00007ffa7cec8000, 0x00007ffa7d138000, 0x00007ffa84400000]
CodeHeap 'profiled nmethods': size=120028Kb used=1409Kb max_used=1409Kb free=118618Kb
 bounds [0x00007ffa75400000, 0x00007ffa75670000, 0x00007ffa7c937000]
CodeHeap 'non-nmethods': size=5700Kb used=1239Kb max_used=1263Kb free=4460Kb
 bounds [0x00007ffa7c937000, 0x00007ffa7cba7000, 0x00007ffa7cec8000]
 total_blobs=1375 nmethods=823 adapters=466
 compilation: enabled
              stopped_count=0, restarted_count=0
 full_count=0

Compilation events (20 events):
Event: 1,575 Thread 0x00007ffa8c121980 nmethod 794 0x00007ffa7554e110 code [0x00007ffa7554e420, 0x00007ffa7554f700]
Event: 1,575 Thread 0x00007ffa8c121980  796       3       java.util.Scanner::match (26 bytes)
Event: 1,576 Thread 0x00007ffa8c121980 nmethod 796 0x00007ffa7554fd10 code [0x00007ffa7554fee0, 0x00007ffa75550260]
Event: 1,576 Thread 0x00007ffa8c121980  797       3       java.util.regex.Matcher::toMatchResult (14 bytes)
Event: 1,576 Thread 0x00007ffa8c121980 nmethod 797 0x00007ffa75550410 code [0x00007ffa755505c0, 0x00007ffa755507d0]
Event: 1,576 Thread 0x00007ffa8c121980  798       3       java.util.regex.Matcher::toMatchResult (31 bytes)
Event: 1,576 Thread 0x00007ffa8c121980 nmethod 798 0x00007ffa75550890 code [0x00007ffa75550a60, 0x00007ffa75550fc0]
Event: 1,576 Thread 0x00007ffa8c121980  799       3       java.util.regex.Matcher$ImmutableMatchResult::<init> (32 bytes)
Event: 1,576 Thread 0x00007ffa8c121980 nmethod 799 0x00007ffa75551190 code [0x00007ffa75551340, 0x00007ffa75551570]
Event: 1,576 Thread 0x00007ffa8c121980  800       3       java.util.regex.Matcher$ImmutableMatchResult::group (102 bytes)
Event: 1,577 Thread 0x00007ffa8c121980 nmethod 800 0x00007ffa75551610 code [0x00007ffa755518a0, 0x00007ffa755522b0]
Event: 1,577 Thread 0x00007ffa8c121980  801       3       java.util.regex.Matcher$ImmutableMatchResult::checkMatch (18 bytes)
Event: 1,578 Thread 0x00007ffa8c121980 nmethod 801 0x00007ffa75552710 code [0x00007ffa755528c0, 0x00007ffa75552ae0]
Event: 1,578 Thread 0x00007ffa8c121980  802       3       java.util.Scanner::nextLine (99 bytes)
Event: 1,578 Thread 0x00007ffa8c120450 nmethod 726 0x00007ffa7cf01910 code [0x00007ffa7cf01ac0, 0x00007ffa7cf01d08]
Event: 1,578 Thread 0x00007ffa8c120450  727       4       java.util.regex.Pattern$$Lambda$36/0x00000008010679c0::is (5 bytes)
Event: 1,579 Thread 0x00007ffa8c120450 nmethod 727 0x00007ffa7cf02010 code [0x00007ffa7cf021a0, 0x00007ffa7cf02278]
Event: 1,579 Thread 0x00007ffa8c120450  734       4       java.nio.Buffer::hasRemaining (17 bytes)
Event: 1,579 Thread 0x00007ffa8c120450 nmethod 734 0x00007ffa7cf02390 code [0x00007ffa7cf02500, 0x00007ffa7cf02598]
Event: 1,579 Thread 0x00007ffa8c120450  793       4       java.nio.HeapByteBuffer::put (16 bytes)

GC Heap History (2 events):
Event: 1,377 GC heap before
{Heap before GC invocations=0 (full 0):
 garbage-first heap   total 129024K, used 14304K [0x0000000085600000, 0x0000000100000000)
  region size 1024K, 13 young (13312K), 0 survivors (0K)
 Metaspace       used 4653K, committed 4800K, reserved 1114112K
  class space    used 453K, committed 512K, reserved 1048576K
}
Event: 1,399 GC heap after
{Heap after GC invocations=1 (full 0):
 garbage-first heap   total 129024K, used 5361K [0x0000000085600000, 0x0000000100000000)
  region size 1024K, 2 young (2048K), 2 survivors (2048K)
 Metaspace       used 4653K, committed 4800K, reserved 1114112K
  class space    used 453K, committed 512K, reserved 1048576K
}

Dll operation events (11 events):
Event: 0,004 Loaded shared library /usr/lib/jvm/java-17-openjdk-amd64/lib/libjava.so
Event: 0,023 Loaded shared library /usr/lib/jvm/java-17-openjdk-amd64/lib/libjsvml.so
Event: 0,331 Loaded shared library /usr/lib/jvm/java-17-openjdk-amd64/lib/libzip.so
Event: 0,345 Loaded shared library /usr/lib/jvm/java-17-openjdk-amd64/lib/libinstrument.so
Event: 0,374 Loaded shared library /usr/lib/jvm/java-17-openjdk-amd64/lib/libnio.so
Event: 0,404 Loaded shared library /usr/lib/jvm/java-17-openjdk-amd64/lib/libzip.so
Event: 0,544 Loaded shared library /usr/lib/jvm/java-17-openjdk-amd64/lib/libnet.so
Event: 0,565 Loaded shared library /usr/lib/jvm/java-17-openjdk-amd64/lib/libextnet.so
Event: 0,675 Loaded shared library /usr/lib/jvm/java-17-openjdk-amd64/lib/libjimage.so
Event: 0,819 Loaded shared library /tmp/jffi6968813684801243623.so
Event: 0,917 Loaded shared library /usr/lib/jvm/java-17-openjdk-amd64/lib/libverify.so

Deoptimization events (20 events):
Event: 1,552 Thread 0x00007ffa8c0166d0 DEOPT PACKING pc=0x00007ffa7545d87f sp=0x00007ffa935fe510
Event: 1,552 Thread 0x00007ffa8c0166d0 DEOPT UNPACKING pc=0x00007ffa7c98de2f sp=0x00007ffa935fd9a0 mode 0
Event: 1,553 Thread 0x00007ffa8c0166d0 DEOPT PACKING pc=0x00007ffa7545d87f sp=0x00007ffa935fe510
Event: 1,553 Thread 0x00007ffa8c0166d0 DEOPT UNPACKING pc=0x00007ffa7c98de2f sp=0x00007ffa935fd9a0 mode 0
Event: 1,553 Thread 0x00007ffa8c0166d0 DEOPT PACKING pc=0x00007ffa7545d87f sp=0x00007ffa935fe510
Event: 1,553 Thread 0x00007ffa8c0166d0 DEOPT UNPACKING pc=0x00007ffa7c98de2f sp=0x00007ffa935fd9a0 mode 0
Event: 1,554 Thread 0x00007ffa8c0166d0 DEOPT PACKING pc=0x00007ffa7545d87f sp=0x00007ffa935fe510
Event: 1,554 Thread 0x00007ffa8c0166d0 DEOPT UNPACKING pc=0x00007ffa7c98de2f sp=0x00007ffa935fd9a0 mode 0
Event: 1,555 Thread 0x00007ffa8c0166d0 DEOPT PACKING pc=0x00007ffa7545d87f sp=0x00007ffa935fe510
Event: 1,555 Thread 0x00007ffa8c0166d0 DEOPT UNPACKING pc=0x00007ffa7c98de2f sp=0x00007ffa935fd9a0 mode 0
Event: 1,555 Thread 0x00007ffa8c0166d0 DEOPT PACKING pc=0x00007ffa7545d87f sp=0x00007ffa935fe510
Event: 1,555 Thread 0x00007ffa8c0166d0 DEOPT UNPACKING pc=0x00007ffa7c98de2f sp=0x00007ffa935fd9a0 mode 0
Event: 1,556 Thread 0x00007ffa8c0166d0 DEOPT PACKING pc=0x00007ffa7545d87f sp=0x00007ffa935fe480
Event: 1,556 Thread 0x00007ffa8c0166d0 DEOPT UNPACKING pc=0x00007ffa7c98de2f sp=0x00007ffa935fd910 mode 0
Event: 1,556 Thread 0x00007ffa8c0166d0 DEOPT PACKING pc=0x00007ffa7545d87f sp=0x00007ffa935fe510
Event: 1,556 Thread 0x00007ffa8c0166d0 DEOPT UNPACKING pc=0x00007ffa7c98de2f sp=0x00007ffa935fd9a0 mode 0
Event: 1,557 Thread 0x00007ffa8c0166d0 DEOPT PACKING pc=0x00007ffa7545d87f sp=0x00007ffa935fe510
Event: 1,557 Thread 0x00007ffa8c0166d0 DEOPT UNPACKING pc=0x00007ffa7c98de2f sp=0x00007ffa935fd9a0 mode 0
Event: 1,557 Thread 0x00007ffa8c0166d0 DEOPT PACKING pc=0x00007ffa7545d87f sp=0x00007ffa935fe510
Event: 1,557 Thread 0x00007ffa8c0166d0 DEOPT UNPACKING pc=0x00007ffa7c98de2f sp=0x00007ffa935fd9a0 mode 0

Classes unloaded (0 events):
No events

Classes redefined (0 events):
No events

Internal exceptions (6 events):
Event: 0,403 Thread 0x00007ffa8c0166d0 Implicit null exception at 0x00007ffa7ced1ad5 to 0x00007ffa7ced1c3c
Event: 0,558 Thread 0x00007ffa8c2db9c0 Exception <a 'java/lang/NoSuchMethodError'{0x000000008cfae370}: 'java.lang.Object java.lang.invoke.DirectMethodHandle$Holder.invokeStaticInit(java.lang.Object)'> (0x000000008cfae370) 
thrown [./src/hotspot/share/interpreter/linkResolver.cpp, line 758]
Event: 0,570 Thread 0x00007ffa8c2db9c0 Exception <a 'java/lang/NoSuchMethodError'{0x000000008cfbca18}: 'void java.lang.invoke.DirectMethodHandle$Holder.invokeStatic(java.lang.Object, java.lang.Object)'> (0x000000008cfbca18) 
thrown [./src/hotspot/share/interpreter/linkResolver.cpp, line 758]
Event: 1,074 Thread 0x00007ffa8c0166d0 Exception <a 'java/lang/UnsatisfiedLinkError'{0x000000008cab8cd0}: meos: Ne peut ouvrir le fichier d'objet partagé: Aucun fichier ou dossier de ce type> (0x000000008cab8cd0) 
thrown [./src/hotspot/share/prims/jni.cpp, line 535]
Event: 1,310 Thread 0x00007ffa8c0166d0 Exception <a 'java/lang/NoSuchMethodError'{0x000000008c66a9d8}: 'java.lang.Object java.lang.invoke.DirectMethodHandle$Holder.newInvokeSpecial(java.lang.Object, java.lang.Object, java.lang.Object, java.lang.Object, java.lang.Object)'> (0x000000008c66a9d8) 
thrown [./src/hotspot/share/interpreter/linkResolver.cpp, line 758]
Event: 1,366 Thread 0x00007ffa8c0166d0 Exception <a 'java/lang/UnsatisfiedLinkError'{0x000000008c595e00}: /usr/local/lib/libmeos.so: undefined symbol: distance_timestamp_timestamp> (0x000000008c595e00) 
thrown [./src/hotspot/share/prims/jni.cpp, line 535]

VM Operations (10 events):
Event: 0,211 Executing VM operation: HandshakeAllThreads
Event: 0,211 Executing VM operation: HandshakeAllThreads done
Event: 0,550 Executing VM operation: HandshakeAllThreads
Event: 0,550 Executing VM operation: HandshakeAllThreads done
Event: 0,735 Executing VM operation: HandshakeAllThreads
Event: 0,735 Executing VM operation: HandshakeAllThreads done
Event: 1,019 Executing VM operation: HandshakeAllThreads
Event: 1,019 Executing VM operation: HandshakeAllThreads done
Event: 1,377 Executing VM operation: G1CollectForAllocation
Event: 1,399 Executing VM operation: G1CollectForAllocation done

Events (20 events):
Event: 1,359 loading class jdk/internal/reflect/ClassDefiner$1
Event: 1,359 loading class jdk/internal/reflect/ClassDefiner$1 done
Event: 1,360 loading class jdk/internal/reflect/BootstrapConstructorAccessorImpl
Event: 1,360 loading class jdk/internal/reflect/BootstrapConstructorAccessorImpl done
Event: 1,364 loading class sun/util/resources/TimeZoneNames
Event: 1,364 loading class sun/util/resources/TimeZoneNames done
Event: 1,365 loading class sun/util/resources/TimeZoneNames_en
Event: 1,365 loading class sun/util/resources/TimeZoneNames_en done
Event: 1,412 loading class java/util/LinkedList$ListItr
Event: 1,413 loading class java/util/LinkedList$ListItr done
Event: 1,417 loading class sun/misc/Unsafe
Event: 1,417 loading class sun/misc/Unsafe done
Event: 1,433 loading class java/util/Scanner
Event: 1,434 loading class java/util/Scanner done
Event: 1,444 loading class java/util/Scanner$PatternLRUCache
Event: 1,444 loading class java/util/Scanner$PatternLRUCache done
Event: 1,447 loading class java/util/regex/Matcher$ImmutableMatchResult
Event: 1,447 loading class java/util/regex/Matcher$ImmutableMatchResult done
Event: 1,447 loading class java/nio/StringCharBuffer
Event: 1,448 loading class java/nio/StringCharBuffer done


Dynamic libraries:
85600000-8d200000 rw-p 00000000 00:00 0 
8d200000-ffe00000 ---p 00000000 00:00 0 
ffe00000-ffe76000 rw-p 00c9d000 08:02 10491600                           /usr/lib/jvm/java-17-openjdk-amd64/lib/server/classes.jsa
ffe76000-fff00000 rw-p 00000000 00:00 0 
fff00000-fff82000 rw-p 00c1b000 08:02 10491600                           /usr/lib/jvm/java-17-openjdk-amd64/lib/server/classes.jsa
fff82000-100000000 rw-p 00000000 00:00 0 
800000000-800458000 rw-p 00001000 08:02 10491600                         /usr/lib/jvm/java-17-openjdk-amd64/lib/server/classes.jsa
800458000-800be2000 r--p 00459000 08:02 10491600                         /usr/lib/jvm/java-17-openjdk-amd64/lib/server/classes.jsa
800be2000-801000000 ---p 00000000 00:00 0 
801000000-801040000 rw-p 00000000 00:00 0 
801040000-801080000 rw-p 00000000 00:00 0 
801080000-841000000 ---p 00000000 00:00 0 
564d6a6a1000-564d6a6a2000 r--p 00000000 08:02 10485864                   /usr/lib/jvm/java-17-openjdk-amd64/bin/java
564d6a6a2000-564d6a6a3000 r-xp 00001000 08:02 10485864                   /usr/lib/jvm/java-17-openjdk-amd64/bin/java
564d6a6a3000-564d6a6a4000 r--p 00002000 08:02 10485864                   /usr/lib/jvm/java-17-openjdk-amd64/bin/java
564d6a6a4000-564d6a6a5000 r--p 00002000 08:02 10485864                   /usr/lib/jvm/java-17-openjdk-amd64/bin/java
564d6a6a5000-564d6a6a6000 rw-p 00003000 08:02 10485864                   /usr/lib/jvm/java-17-openjdk-amd64/bin/java
564d6ae44000-564d6ae8b000 rw-p 00000000 00:00 0                          [heap]
7ffa0c000000-7ffa0c021000 rw-p 00000000 00:00 0 
7ffa0c021000-7ffa10000000 ---p 00000000 00:00 0 
7ffa14000000-7ffa14021000 rw-p 00000000 00:00 0 
7ffa14021000-7ffa18000000 ---p 00000000 00:00 0 
7ffa18000000-7ffa18021000 rw-p 00000000 00:00 0 
7ffa18021000-7ffa1c000000 ---p 00000000 00:00 0 
7ffa1c000000-7ffa1c021000 rw-p 00000000 00:00 0 
7ffa1c021000-7ffa20000000 ---p 00000000 00:00 0 
7ffa20000000-7ffa20027000 rw-p 00000000 00:00 0 
7ffa20027000-7ffa24000000 ---p 00000000 00:00 0 
7ffa24000000-7ffa24021000 rw-p 00000000 00:00 0 
7ffa24021000-7ffa28000000 ---p 00000000 00:00 0 
7ffa28000000-7ffa28021000 rw-p 00000000 00:00 0 
7ffa28021000-7ffa2c000000 ---p 00000000 00:00 0 
7ffa2c000000-7ffa2c021000 rw-p 00000000 00:00 0 
7ffa2c021000-7ffa30000000 ---p 00000000 00:00 0 
7ffa30000000-7ffa30021000 rw-p 00000000 00:00 0 
7ffa30021000-7ffa34000000 ---p 00000000 00:00 0 
7ffa3560d000-7ffa359f4000 rw-p 00000000 00:00 0 
7ffa359f4000-7ffa359f5000 ---p 00000000 00:00 0 
7ffa359f5000-7ffa35af6000 rw-p 00000000 00:00 0 
7ffa35af6000-7ffa35af7000 ---p 00000000 00:00 0 
7ffa35af7000-7ffa35bf8000 rw-p 00000000 00:00 0 
7ffa35bf8000-7ffa35bf9000 ---p 00000000 00:00 0 
7ffa35bf9000-7ffa35cfa000 rw-p 00000000 00:00 0 
7ffa35cfa000-7ffa35cfe000 ---p 00000000 00:00 0 
7ffa35cfe000-7ffa35dfa000 rw-p 00000000 00:00 0 
7ffa35dfa000-7ffa35e1b000 r--p 00000000 08:02 10356892                   /usr/lib/x86_64-linux-gnu/libkrb5.so.3.3
7ffa35e1b000-7ffa35e78000 r-xp 00021000 08:02 10356892                   /usr/lib/x86_64-linux-gnu/libkrb5.so.3.3
7ffa35e78000-7ffa35eb5000 r--p 0007e000 08:02 10356892                   /usr/lib/x86_64-linux-gnu/libkrb5.so.3.3
7ffa35eb5000-7ffa35eb6000 ---p 000bb000 08:02 10356892                   /usr/lib/x86_64-linux-gnu/libkrb5.so.3.3
7ffa35eb6000-7ffa35ec3000 r--p 000bb000 08:02 10356892                   /usr/lib/x86_64-linux-gnu/libkrb5.so.3.3
7ffa35ec3000-7ffa35ec5000 rw-p 000c8000 08:02 10356892                   /usr/lib/x86_64-linux-gnu/libkrb5.so.3.3
7ffa35ec5000-7ffa35eee000 r--p 00000000 08:02 10356002                   /usr/lib/x86_64-linux-gnu/libp11-kit.so.0.3.0
7ffa35eee000-7ffa35f92000 r-xp 00029000 08:02 10356002                   /usr/lib/x86_64-linux-gnu/libp11-kit.so.0.3.0
7ffa35f92000-7ffa35fec000 r--p 000cd000 08:02 10356002                   /usr/lib/x86_64-linux-gnu/libp11-kit.so.0.3.0
7ffa35fec000-7ffa35ff6000 r--p 00126000 08:02 10356002                   /usr/lib/x86_64-linux-gnu/libp11-kit.so.0.3.0
7ffa35ff6000-7ffa36000000 rw-p 00130000 08:02 10356002                   /usr/lib/x86_64-linux-gnu/libp11-kit.so.0.3.0
7ffa36000000-7ffa360b2000 r--p 00000000 08:02 10354984                   /usr/lib/x86_64-linux-gnu/libcrypto.so.3
7ffa360b2000-7ffa3630f000 r-xp 000b2000 08:02 10354984                   /usr/lib/x86_64-linux-gnu/libcrypto.so.3
7ffa3630f000-7ffa363e1000 r--p 0030f000 08:02 10354984                   /usr/lib/x86_64-linux-gnu/libcrypto.so.3
7ffa363e1000-7ffa3643c000 r--p 003e0000 08:02 10354984                   /usr/lib/x86_64-linux-gnu/libcrypto.so.3
7ffa3643c000-7ffa3643f000 rw-p 0043b000 08:02 10354984                   /usr/lib/x86_64-linux-gnu/libcrypto.so.3
7ffa3643f000-7ffa36442000 rw-p 00000000 00:00 0 
7ffa3645b000-7ffa3645e000 r--p 00000000 08:02 10365379                   /usr/lib/x86_64-linux-gnu/libresolv.so.2
7ffa3645e000-7ffa36468000 r-xp 00003000 08:02 10365379                   /usr/lib/x86_64-linux-gnu/libresolv.so.2
7ffa36468000-7ffa3646b000 r--p 0000d000 08:02 10365379                   /usr/lib/x86_64-linux-gnu/libresolv.so.2
7ffa3646b000-7ffa3646c000 r--p 0000f000 08:02 10365379                   /usr/lib/x86_64-linux-gnu/libresolv.so.2
7ffa3646c000-7ffa3646d000 rw-p 00010000 08:02 10365379                   /usr/lib/x86_64-linux-gnu/libresolv.so.2
7ffa3646d000-7ffa3646f000 rw-p 00000000 00:00 0 
7ffa3646f000-7ffa36471000 r--p 00000000 08:02 10356728                   /usr/lib/x86_64-linux-gnu/libffi.so.8.1.0
7ffa36471000-7ffa36478000 r-xp 00002000 08:02 10356728                   /usr/lib/x86_64-linux-gnu/libffi.so.8.1.0
7ffa36478000-7ffa36479000 r--p 00009000 08:02 10356728                   /usr/lib/x86_64-linux-gnu/libffi.so.8.1.0
7ffa36479000-7ffa3647a000 ---p 0000a000 08:02 10356728                   /usr/lib/x86_64-linux-gnu/libffi.so.8.1.0
7ffa3647a000-7ffa3647b000 r--p 0000a000 08:02 10356728                   /usr/lib/x86_64-linux-gnu/libffi.so.8.1.0
7ffa3647b000-7ffa3647c000 rw-p 0000b000 08:02 10356728                   /usr/lib/x86_64-linux-gnu/libffi.so.8.1.0
7ffa3647c000-7ffa3647d000 r--p 00000000 08:02 10355681                   /usr/lib/x86_64-linux-gnu/libbrotlicommon.so.1.0.9
7ffa3647d000-7ffa3647e000 r-xp 00001000 08:02 10355681                   /usr/lib/x86_64-linux-gnu/libbrotlicommon.so.1.0.9
7ffa3647e000-7ffa3649d000 r--p 00002000 08:02 10355681                   /usr/lib/x86_64-linux-gnu/libbrotlicommon.so.1.0.9
7ffa3649d000-7ffa3649e000 r--p 00020000 08:02 10355681                   /usr/lib/x86_64-linux-gnu/libbrotlicommon.so.1.0.9
7ffa3649e000-7ffa3649f000 rw-p 00021000 08:02 10355681                   /usr/lib/x86_64-linux-gnu/libbrotlicommon.so.1.0.9
7ffa3649f000-7ffa364a2000 r--p 00000000 08:02 10356794                   /usr/lib/x86_64-linux-gnu/libsasl2.so.2.0.25
7ffa364a2000-7ffa364b3000 r-xp 00003000 08:02 10356794                   /usr/lib/x86_64-linux-gnu/libsasl2.so.2.0.25
7ffa364b3000-7ffa364b8000 r--p 00014000 08:02 10356794                   /usr/lib/x86_64-linux-gnu/libsasl2.so.2.0.25
7ffa364b8000-7ffa364b9000 r--p 00018000 08:02 10356794                   /usr/lib/x86_64-linux-gnu/libsasl2.so.2.0.25
7ffa364b9000-7ffa364ba000 rw-p 00019000 08:02 10356794                   /usr/lib/x86_64-linux-gnu/libsasl2.so.2.0.25
7ffa364ba000-7ffa364bd000 r--p 00000000 08:02 10355637                   /usr/lib/x86_64-linux-gnu/libkrb5support.so.0.1
7ffa364bd000-7ffa364c3000 r-xp 00003000 08:02 10355637                   /usr/lib/x86_64-linux-gnu/libkrb5support.so.0.1
7ffa364c3000-7ffa364c5000 r--p 00009000 08:02 10355637                   /usr/lib/x86_64-linux-gnu/libkrb5support.so.0.1
7ffa364c5000-7ffa364c6000 ---p 0000b000 08:02 10355637                   /usr/lib/x86_64-linux-gnu/libkrb5support.so.0.1
7ffa364c6000-7ffa364c7000 r--p 0000b000 08:02 10355637                   /usr/lib/x86_64-linux-gnu/libkrb5support.so.0.1
7ffa364c7000-7ffa364c8000 rw-p 0000c000 08:02 10355637                   /usr/lib/x86_64-linux-gnu/libkrb5support.so.0.1
7ffa364c8000-7ffa364cc000 r--p 00000000 08:02 10357711                   /usr/lib/x86_64-linux-gnu/libk5crypto.so.3.1
7ffa364cc000-7ffa364e7000 r-xp 00004000 08:02 10357711                   /usr/lib/x86_64-linux-gnu/libk5crypto.so.3.1
7ffa364e7000-7ffa364f3000 r--p 0001f000 08:02 10357711                   /usr/lib/x86_64-linux-gnu/libk5crypto.so.3.1
7ffa364f3000-7ffa364f4000 ---p 0002b000 08:02 10357711                   /usr/lib/x86_64-linux-gnu/libk5crypto.so.3.1
7ffa364f4000-7ffa364f5000 r--p 0002b000 08:02 10357711                   /usr/lib/x86_64-linux-gnu/libk5crypto.so.3.1
7ffa364f5000-7ffa364f6000 rw-p 0002c000 08:02 10357711                   /usr/lib/x86_64-linux-gnu/libk5crypto.so.3.1
7ffa364f6000-7ffa364f7000 rw-p 00000000 00:00 0 
7ffa364f7000-7ffa364fa000 r--p 00000000 08:02 10361751                   /usr/lib/x86_64-linux-gnu/libtasn1.so.6.6.2
7ffa364fa000-7ffa36508000 r-xp 00003000 08:02 10361751                   /usr/lib/x86_64-linux-gnu/libtasn1.so.6.6.2
7ffa36508000-7ffa3650c000 r--p 00011000 08:02 10361751                   /usr/lib/x86_64-linux-gnu/libtasn1.so.6.6.2
7ffa3650c000-7ffa3650d000 ---p 00015000 08:02 10361751                   /usr/lib/x86_64-linux-gnu/libtasn1.so.6.6.2
7ffa3650d000-7ffa3650e000 r--p 00015000 08:02 10361751                   /usr/lib/x86_64-linux-gnu/libtasn1.so.6.6.2
7ffa3650e000-7ffa3650f000 rw-p 00016000 08:02 10361751                   /usr/lib/x86_64-linux-gnu/libtasn1.so.6.6.2
7ffa3650f000-7ffa36519000 r--p 00000000 08:02 10357741                   /usr/lib/x86_64-linux-gnu/libgmp.so.10.4.1
7ffa36519000-7ffa36578000 r-xp 0000a000 08:02 10357741                   /usr/lib/x86_64-linux-gnu/libgmp.so.10.4.1
7ffa36578000-7ffa3658f000 r--p 00069000 08:02 10357741                   /usr/lib/x86_64-linux-gnu/libgmp.so.10.4.1
7ffa3658f000-7ffa36590000 r--p 0007f000 08:02 10357741                   /usr/lib/x86_64-linux-gnu/libgmp.so.10.4.1
7ffa36590000-7ffa36591000 rw-p 00080000 08:02 10357741                   /usr/lib/x86_64-linux-gnu/libgmp.so.10.4.1
7ffa36591000-7ffa36599000 r--p 00000000 08:02 10360657                   /usr/lib/x86_64-linux-gnu/libhogweed.so.6.4
7ffa36599000-7ffa365ac000 r-xp 00008000 08:02 10360657                   /usr/lib/x86_64-linux-gnu/libhogweed.so.6.4
7ffa365ac000-7ffa365d6000 r--p 0001b000 08:02 10360657                   /usr/lib/x86_64-linux-gnu/libhogweed.so.6.4
7ffa365d6000-7ffa365d7000 ---p 00045000 08:02 10360657                   /usr/lib/x86_64-linux-gnu/libhogweed.so.6.4
7ffa365d7000-7ffa365d8000 r--p 00045000 08:02 10360657                   /usr/lib/x86_64-linux-gnu/libhogweed.so.6.4
7ffa365d8000-7ffa365d9000 rw-p 00046000 08:02 10360657                   /usr/lib/x86_64-linux-gnu/libhogweed.so.6.4
7ffa365d9000-7ffa365ea000 r--p 00000000 08:02 10360661                   /usr/lib/x86_64-linux-gnu/libunistring.so.2.2.0
7ffa365ea000-7ffa36620000 r-xp 00011000 08:02 10360661                   /usr/lib/x86_64-linux-gnu/libunistring.so.2.2.0
7ffa36620000-7ffa3677e000 r--p 00047000 08:02 10360661                   /usr/lib/x86_64-linux-gnu/libunistring.so.2.2.0
7ffa3677e000-7ffa36782000 r--p 001a5000 08:02 10360661                   /usr/lib/x86_64-linux-gnu/libunistring.so.2.2.0
7ffa36782000-7ffa36783000 rw-p 001a9000 08:02 10360661                   /usr/lib/x86_64-linux-gnu/libunistring.so.2.2.0
7ffa36783000-7ffa36791000 r--p 00000000 08:02 10362052                   /usr/lib/x86_64-linux-gnu/libldap-2.5.so.0.1.9
7ffa36791000-7ffa367cb000 r-xp 0000e000 08:02 10362052                   /usr/lib/x86_64-linux-gnu/libldap-2.5.so.0.1.9
7ffa367cb000-7ffa367dc000 r--p 00048000 08:02 10362052                   /usr/lib/x86_64-linux-gnu/libldap-2.5.so.0.1.9
7ffa367dc000-7ffa367dd000 ---p 00059000 08:02 10362052                   /usr/lib/x86_64-linux-gnu/libldap-2.5.so.0.1.9
7ffa367dd000-7ffa367df000 r--p 00059000 08:02 10362052                   /usr/lib/x86_64-linux-gnu/libldap-2.5.so.0.1.9
7ffa367df000-7ffa367e0000 rw-p 0005b000 08:02 10362052                   /usr/lib/x86_64-linux-gnu/libldap-2.5.so.0.1.9
7ffa367e0000-7ffa367e2000 rw-p 00000000 00:00 0 
7ffa367e2000-7ffa367ed000 r--p 00000000 08:02 10357451                   /usr/lib/x86_64-linux-gnu/libgssapi_krb5.so.2.2
7ffa367ed000-7ffa36825000 r-xp 0000b000 08:02 10357451                   /usr/lib/x86_64-linux-gnu/libgssapi_krb5.so.2.2
7ffa36825000-7ffa36831000 r--p 00043000 08:02 10357451                   /usr/lib/x86_64-linux-gnu/libgssapi_krb5.so.2.2
7ffa36831000-7ffa36832000 ---p 0004f000 08:02 10357451                   /usr/lib/x86_64-linux-gnu/libgssapi_krb5.so.2.2
7ffa36832000-7ffa36834000 r--p 0004f000 08:02 10357451                   /usr/lib/x86_64-linux-gnu/libgssapi_krb5.so.2.2
7ffa36834000-7ffa36836000 rw-p 00051000 08:02 10357451                   /usr/lib/x86_64-linux-gnu/libgssapi_krb5.so.2.2
7ffa36836000-7ffa36867000 r--p 00000000 08:02 10357230                   /usr/lib/x86_64-linux-gnu/libgnutls.so.30.31.0
7ffa36867000-7ffa36990000 r-xp 00031000 08:02 10357230                   /usr/lib/x86_64-linux-gnu/libgnutls.so.30.31.0
7ffa36990000-7ffa36a0d000 r--p 0015a000 08:02 10357230                   /usr/lib/x86_64-linux-gnu/libgnutls.so.30.31.0
7ffa36a0d000-7ffa36a1d000 r--p 001d6000 08:02 10357230                   /usr/lib/x86_64-linux-gnu/libgnutls.so.30.31.0
7ffa36a1d000-7ffa36a1f000 rw-p 001e6000 08:02 10357230                   /usr/lib/x86_64-linux-gnu/libgnutls.so.30.31.0
7ffa36a1f000-7ffa36a21000 rw-p 00000000 00:00 0 
7ffa36a21000-7ffa36a2b000 r--p 00000000 08:02 10355057                   /usr/lib/x86_64-linux-gnu/libnettle.so.8.4
7ffa36a2b000-7ffa36a4e000 r-xp 0000a000 08:02 10355057                   /usr/lib/x86_64-linux-gnu/libnettle.so.8.4
7ffa36a4e000-7ffa36a64000 r--p 0002d000 08:02 10355057                   /usr/lib/x86_64-linux-gnu/libnettle.so.8.4
7ffa36a64000-7ffa36a66000 r--p 00042000 08:02 10355057                   /usr/lib/x86_64-linux-gnu/libnettle.so.8.4
7ffa36a66000-7ffa36a67000 rw-p 00044000 08:02 10355057                   /usr/lib/x86_64-linux-gnu/libnettle.so.8.4
7ffa36a67000-7ffa36a69000 r--p 00000000 08:02 10361503                   /usr/lib/x86_64-linux-gnu/libpsl.so.5.3.2
7ffa36a69000-7ffa36a6b000 r-xp 00002000 08:02 10361503                   /usr/lib/x86_64-linux-gnu/libpsl.so.5.3.2
7ffa36a6b000-7ffa36a79000 r--p 00004000 08:02 10361503                   /usr/lib/x86_64-linux-gnu/libpsl.so.5.3.2
7ffa36a79000-7ffa36a7a000 r--p 00011000 08:02 10361503                   /usr/lib/x86_64-linux-gnu/libpsl.so.5.3.2
7ffa36a7a000-7ffa36a7b000 rw-p 00012000 08:02 10361503                   /usr/lib/x86_64-linux-gnu/libpsl.so.5.3.2
7ffa36a7b000-7ffa36a88000 r--p 00000000 08:02 10355188                   /usr/lib/x86_64-linux-gnu/libssh.so.4.8.7
7ffa36a88000-7ffa36acb000 r-xp 0000d000 08:02 10355188                   /usr/lib/x86_64-linux-gnu/libssh.so.4.8.7
7ffa36acb000-7ffa36ae4000 r--p 00050000 08:02 10355188                   /usr/lib/x86_64-linux-gnu/libssh.so.4.8.7
7ffa36ae4000-7ffa36ae6000 r--p 00068000 08:02 10355188                   /usr/lib/x86_64-linux-gnu/libssh.so.4.8.7
7ffa36ae6000-7ffa36ae8000 rw-p 0006a000 08:02 10355188                   /usr/lib/x86_64-linux-gnu/libssh.so.4.8.7
7ffa36ae8000-7ffa36aed000 r--p 00000000 08:02 10355338                   /usr/lib/x86_64-linux-gnu/librtmp.so.1
7ffa36aed000-7ffa36afd000 r-xp 00005000 08:02 10355338                   /usr/lib/x86_64-linux-gnu/librtmp.so.1
7ffa36afd000-7ffa36b04000 r--p 00015000 08:02 10355338                   /usr/lib/x86_64-linux-gnu/librtmp.so.1
7ffa36b04000-7ffa36b05000 ---p 0001c000 08:02 10355338                   /usr/lib/x86_64-linux-gnu/librtmp.so.1
7ffa36b05000-7ffa36b06000 r--p 0001c000 08:02 10355338                   /usr/lib/x86_64-linux-gnu/librtmp.so.1
7ffa36b06000-7ffa36b07000 rw-p 0001d000 08:02 10355338                   /usr/lib/x86_64-linux-gnu/librtmp.so.1
7ffa36b07000-7ffa36b0c000 r--p 00000000 08:02 10354889                   /usr/lib/x86_64-linux-gnu/libnghttp2.so.14.20.1
7ffa36b0c000-7ffa36b21000 r-xp 00005000 08:02 10354889                   /usr/lib/x86_64-linux-gnu/libnghttp2.so.14.20.1
7ffa36b21000-7ffa36b2d000 r--p 0001a000 08:02 10354889                   /usr/lib/x86_64-linux-gnu/libnghttp2.so.14.20.1
7ffa36b2d000-7ffa36b30000 r--p 00025000 08:02 10354889                   /usr/lib/x86_64-linux-gnu/libnghttp2.so.14.20.1
7ffa36b30000-7ffa36b31000 rw-p 00028000 08:02 10354889                   /usr/lib/x86_64-linux-gnu/libnghttp2.so.14.20.1
7ffa36b31000-7ffa36b3b000 r--p 00000000 08:02 10354868                   /usr/lib/x86_64-linux-gnu/libzstd.so.1.4.8
7ffa36b3b000-7ffa36bed000 r-xp 0000a000 08:02 10354868                   /usr/lib/x86_64-linux-gnu/libzstd.so.1.4.8
7ffa36bed000-7ffa36bfe000 r--p 000bc000 08:02 10354868                   /usr/lib/x86_64-linux-gnu/libzstd.so.1.4.8
7ffa36bfe000-7ffa36bff000 r--p 000cc000 08:02 10354868                   /usr/lib/x86_64-linux-gnu/libzstd.so.1.4.8
7ffa36bff000-7ffa36c00000 rw-p 000cd000 08:02 10354868                   /usr/lib/x86_64-linux-gnu/libzstd.so.1.4.8
7ffa36c00000-7ffa36c78000 r--p 00000000 08:02 10366481                   /usr/lib/x86_64-linux-gnu/libgeos.so.3.10.2
7ffa36c78000-7ffa36da6000 r-xp 00078000 08:02 10366481                   /usr/lib/x86_64-linux-gnu/libgeos.so.3.10.2
7ffa36da6000-7ffa36e03000 r--p 001a6000 08:02 10366481                   /usr/lib/x86_64-linux-gnu/libgeos.so.3.10.2
7ffa36e03000-7ffa36e0a000 r--p 00202000 08:02 10366481                   /usr/lib/x86_64-linux-gnu/libgeos.so.3.10.2
7ffa36e0a000-7ffa36e0b000 rw-p 00209000 08:02 10366481                   /usr/lib/x86_64-linux-gnu/libgeos.so.3.10.2
7ffa36e11000-7ffa36e13000 r--p 00000000 08:02 10361325                   /usr/lib/x86_64-linux-gnu/libidn2.so.0.3.7
7ffa36e13000-7ffa36e17000 r-xp 00002000 08:02 10361325                   /usr/lib/x86_64-linux-gnu/libidn2.so.0.3.7
7ffa36e17000-7ffa36e30000 r--p 00006000 08:02 10361325                   /usr/lib/x86_64-linux-gnu/libidn2.so.0.3.7
7ffa36e30000-7ffa36e31000 r--p 0001e000 08:02 10361325                   /usr/lib/x86_64-linux-gnu/libidn2.so.0.3.7
7ffa36e31000-7ffa36e32000 rw-p 0001f000 08:02 10361325                   /usr/lib/x86_64-linux-gnu/libidn2.so.0.3.7
7ffa36e32000-7ffa36e36000 r--p 00000000 08:02 10355582                   /usr/lib/x86_64-linux-gnu/libjpeg.so.8.2.2
7ffa36e36000-7ffa36e7f000 r-xp 00004000 08:02 10355582                   /usr/lib/x86_64-linux-gnu/libjpeg.so.8.2.2
7ffa36e7f000-7ffa36eb1000 r--p 0004d000 08:02 10355582                   /usr/lib/x86_64-linux-gnu/libjpeg.so.8.2.2
7ffa36eb1000-7ffa36eb2000 r--p 0007e000 08:02 10355582                   /usr/lib/x86_64-linux-gnu/libjpeg.so.8.2.2
7ffa36eb2000-7ffa36eb3000 rw-p 0007f000 08:02 10355582                   /usr/lib/x86_64-linux-gnu/libjpeg.so.8.2.2
7ffa36eb3000-7ffa36ed1000 r--p 00000000 08:02 10355997                   /usr/lib/x86_64-linux-gnu/libsqlite3.so.0.8.6
7ffa36ed1000-7ffa36fbd000 r-xp 0001e000 08:02 10355997                   /usr/lib/x86_64-linux-gnu/libsqlite3.so.0.8.6
7ffa36fbd000-7ffa36ff8000 r--p 0010a000 08:02 10355997                   /usr/lib/x86_64-linux-gnu/libsqlite3.so.0.8.6
7ffa36ff8000-7ffa36ffc000 r--p 00144000 08:02 10355997                   /usr/lib/x86_64-linux-gnu/libsqlite3.so.0.8.6
7ffa36ffc000-7ffa37000000 rw-p 00148000 08:02 10355997                   /usr/lib/x86_64-linux-gnu/libsqlite3.so.0.8.6
7ffa37000000-7ffa3705b000 r--p 00000000 08:02 10360429                   /usr/lib/x86_64-linux-gnu/libgsl.so.27.0.0
7ffa3705b000-7ffa37232000 r-xp 0005b000 08:02 10360429                   /usr/lib/x86_64-linux-gnu/libgsl.so.27.0.0
7ffa37232000-7ffa372ab000 r--p 00232000 08:02 10360429                   /usr/lib/x86_64-linux-gnu/libgsl.so.27.0.0
7ffa372ab000-7ffa372ac000 ---p 002ab000 08:02 10360429                   /usr/lib/x86_64-linux-gnu/libgsl.so.27.0.0
7ffa372ac000-7ffa372b0000 r--p 002ab000 08:02 10360429                   /usr/lib/x86_64-linux-gnu/libgsl.so.27.0.0
7ffa372b0000-7ffa372be000 rw-p 002af000 08:02 10360429                   /usr/lib/x86_64-linux-gnu/libgsl.so.27.0.0
7ffa372be000-7ffa372bf000 rw-p 00000000 00:00 0 
7ffa372c0000-7ffa372c2000 r--p 00000000 08:02 10357718                   /usr/lib/x86_64-linux-gnu/libkeyutils.so.1.9
7ffa372c2000-7ffa372c4000 r-xp 00002000 08:02 10357718                   /usr/lib/x86_64-linux-gnu/libkeyutils.so.1.9
7ffa372c4000-7ffa372c5000 r--p 00004000 08:02 10357718                   /usr/lib/x86_64-linux-gnu/libkeyutils.so.1.9
7ffa372c5000-7ffa372c6000 r--p 00004000 08:02 10357718                   /usr/lib/x86_64-linux-gnu/libkeyutils.so.1.9
7ffa372c6000-7ffa372c7000 rw-p 00005000 08:02 10357718                   /usr/lib/x86_64-linux-gnu/libkeyutils.so.1.9
7ffa372c7000-7ffa372ca000 r--p 00000000 08:02 10359160                   /usr/lib/x86_64-linux-gnu/liblzma.so.5.2.5
7ffa372ca000-7ffa372e5000 r-xp 00003000 08:02 10359160                   /usr/lib/x86_64-linux-gnu/liblzma.so.5.2.5
7ffa372e5000-7ffa372f0000 r--p 0001e000 08:02 10359160                   /usr/lib/x86_64-linux-gnu/liblzma.so.5.2.5
7ffa372f0000-7ffa372f1000 r--p 00028000 08:02 10359160                   /usr/lib/x86_64-linux-gnu/liblzma.so.5.2.5
7ffa372f1000-7ffa372f2000 rw-p 00029000 08:02 10359160                   /usr/lib/x86_64-linux-gnu/liblzma.so.5.2.5
7ffa372f2000-7ffa372f4000 r--p 00000000 08:02 10358223                   /usr/lib/x86_64-linux-gnu/libwebp.so.7.1.3
7ffa372f4000-7ffa37349000 r-xp 00002000 08:02 10358223                   /usr/lib/x86_64-linux-gnu/libwebp.so.7.1.3
7ffa37349000-7ffa3735a000 r--p 00057000 08:02 10358223                   /usr/lib/x86_64-linux-gnu/libwebp.so.7.1.3
7ffa3735a000-7ffa3735b000 r--p 00067000 08:02 10358223                   /usr/lib/x86_64-linux-gnu/libwebp.so.7.1.3
7ffa3735b000-7ffa3735c000 rw-p 00068000 08:02 10358223                   /usr/lib/x86_64-linux-gnu/libwebp.so.7.1.3
7ffa3735c000-7ffa3735e000 rw-p 00000000 00:00 0 
7ffa3735e000-7ffa3736c000 r--p 00000000 08:02 10355046                   /usr/lib/x86_64-linux-gnu/libcurl-gnutls.so.4.7.0
7ffa3736c000-7ffa373de000 r-xp 0000e000 08:02 10355046                   /usr/lib/x86_64-linux-gnu/libcurl-gnutls.so.4.7.0
7ffa373de000-7ffa373f9000 r--p 00080000 08:02 10355046                   /usr/lib/x86_64-linux-gnu/libcurl-gnutls.so.4.7.0
7ffa373f9000-7ffa373fd000 r--p 0009a000 08:02 10355046                   /usr/lib/x86_64-linux-gnu/libcurl-gnutls.so.4.7.0
7ffa373fd000-7ffa373ff000 rw-p 0009e000 08:02 10355046                   /usr/lib/x86_64-linux-gnu/libcurl-gnutls.so.4.7.0
7ffa373ff000-7ffa37400000 rw-p 00000000 00:00 0 
7ffa37400000-7ffa37468000 r--p 00000000 08:02 10358220                   /usr/lib/x86_64-linux-gnu/libproj.so.22.2.1
7ffa37468000-7ffa376b7000 r-xp 00068000 08:02 10358220                   /usr/lib/x86_64-linux-gnu/libproj.so.22.2.1
7ffa376b7000-7ffa3774c000 r--p 002b7000 08:02 10358220                   /usr/lib/x86_64-linux-gnu/libproj.so.22.2.1
7ffa3774c000-7ffa3774d000 ---p 0034c000 08:02 10358220                   /usr/lib/x86_64-linux-gnu/libproj.so.22.2.1
7ffa3774d000-7ffa37764000 r--p 0034c000 08:02 10358220                   /usr/lib/x86_64-linux-gnu/libproj.so.22.2.1
7ffa37764000-7ffa37766000 rw-p 00363000 08:02 10358220                   /usr/lib/x86_64-linux-gnu/libproj.so.22.2.1
7ffa37766000-7ffa37769000 rw-p 00000000 00:00 0 
7ffa37769000-7ffa3776c000 r--p 00000000 08:02 10355303                   /usr/lib/x86_64-linux-gnu/liblber-2.5.so.0.1.9
7ffa3776c000-7ffa37774000 r-xp 00003000 08:02 10355303                   /usr/lib/x86_64-linux-gnu/liblber-2.5.so.0.1.9
7ffa37774000-7ffa37777000 r--p 0000b000 08:02 10355303                   /usr/lib/x86_64-linux-gnu/liblber-2.5.so.0.1.9
7ffa37777000-7ffa37778000 ---p 0000e000 08:02 10355303                   /usr/lib/x86_64-linux-gnu/liblber-2.5.so.0.1.9
7ffa37778000-7ffa37779000 r--p 0000e000 08:02 10355303                   /usr/lib/x86_64-linux-gnu/liblber-2.5.so.0.1.9
7ffa37779000-7ffa3777a000 rw-p 0000f000 08:02 10355303                   /usr/lib/x86_64-linux-gnu/liblber-2.5.so.0.1.9
7ffa3777a000-7ffa37782000 r--p 00000000 08:02 10358811                   /usr/lib/x86_64-linux-gnu/libtiff.so.5.7.0
7ffa37782000-7ffa377ca000 r-xp 00008000 08:02 10358811                   /usr/lib/x86_64-linux-gnu/libtiff.so.5.7.0
7ffa377ca000-7ffa377fa000 r--p 00050000 08:02 10358811                   /usr/lib/x86_64-linux-gnu/libtiff.so.5.7.0
7ffa377fa000-7ffa377ff000 r--p 0007f000 08:02 10358811                   /usr/lib/x86_64-linux-gnu/libtiff.so.5.7.0
7ffa377ff000-7ffa37800000 rw-p 00084000 08:02 10358811                   /usr/lib/x86_64-linux-gnu/libtiff.so.5.7.0
7ffa37800000-7ffa37812000 r-xp 00000000 08:02 1703947                    /tmp/jffi6968813684801243623.so (deleted)
7ffa37812000-7ffa37a11000 ---p 00012000 08:02 1703947                    /tmp/jffi6968813684801243623.so (deleted)
7ffa37a11000-7ffa37a12000 rw-p 00011000 08:02 1703947                    /tmp/jffi6968813684801243623.so (deleted)
7ffa37a16000-7ffa37a17000 r--p 00000000 08:02 10355584                   /usr/lib/x86_64-linux-gnu/libdeflate.so.0
7ffa37a17000-7ffa37a33000 r-xp 00001000 08:02 10355584                   /usr/lib/x86_64-linux-gnu/libdeflate.so.0
7ffa37a33000-7ffa37a37000 r--p 0001d000 08:02 10355584                   /usr/lib/x86_64-linux-gnu/libdeflate.so.0
7ffa37a37000-7ffa37a38000 ---p 00021000 08:02 10355584                   /usr/lib/x86_64-linux-gnu/libdeflate.so.0
7ffa37a38000-7ffa37a39000 r--p 00021000 08:02 10355584                   /usr/lib/x86_64-linux-gnu/libdeflate.so.0
7ffa37a39000-7ffa37a3a000 rw-p 00022000 08:02 10355584                   /usr/lib/x86_64-linux-gnu/libdeflate.so.0
7ffa37a3a000-7ffa37a3d000 r--p 00000000 08:02 10360435                   /usr/lib/x86_64-linux-gnu/libgslcblas.so.0.0.0
7ffa37a3d000-7ffa37a76000 r-xp 00003000 08:02 10360435                   /usr/lib/x86_64-linux-gnu/libgslcblas.so.0.0.0
7ffa37a76000-7ffa37a7a000 r--p 0003c000 08:02 10360435                   /usr/lib/x86_64-linux-gnu/libgslcblas.so.0.0.0
7ffa37a7a000-7ffa37a7b000 r--p 0003f000 08:02 10360435                   /usr/lib/x86_64-linux-gnu/libgslcblas.so.0.0.0
7ffa37a7b000-7ffa37a7c000 rw-p 00040000 08:02 10360435                   /usr/lib/x86_64-linux-gnu/libgslcblas.so.0.0.0
7ffa37a7c000-7ffa37ab2000 r--p 00000000 08:02 11142841                   /usr/local/lib/libmeos.so
7ffa37ab2000-7ffa37ba6000 r-xp 00036000 08:02 11142841                   /usr/local/lib/libmeos.so
7ffa37ba6000-7ffa37bf1000 r--p 0012a000 08:02 11142841                   /usr/local/lib/libmeos.so
7ffa37bf1000-7ffa37bf2000 ---p 00175000 08:02 11142841                   /usr/local/lib/libmeos.so
7ffa37bf2000-7ffa37bf3000 r--p 00175000 08:02 11142841                   /usr/local/lib/libmeos.so
7ffa37bf3000-7ffa37bf8000 rw-p 00176000 08:02 11142841                   /usr/local/lib/libmeos.so
7ffa37bf8000-7ffa37bfe000 rw-p 00000000 00:00 0 
7ffa37bfe000-7ffa37bff000 ---p 00000000 00:00 0 
7ffa37bff000-7ffa37d00000 rw-p 00000000 00:00 0 
7ffa37d00000-7ffa37d04000 ---p 00000000 00:00 0 
7ffa37d04000-7ffa37e00000 rw-p 00000000 00:00 0 
7ffa37e00000-7ffa37e04000 ---p 00000000 00:00 0 
7ffa37e04000-7ffa37f00000 rw-p 00000000 00:00 0 
7ffa37f00000-7ffa37f04000 ---p 00000000 00:00 0 
7ffa37f04000-7ffa38000000 rw-p 00000000 00:00 0 
7ffa38000000-7ffa382f9000 rw-p 00000000 00:00 0 
7ffa382f9000-7ffa3c000000 ---p 00000000 00:00 0 
7ffa3c000000-7ffa3c377000 rw-p 00000000 00:00 0 
7ffa3c377000-7ffa40000000 ---p 00000000 00:00 0 
7ffa40000000-7ffa40021000 rw-p 00000000 00:00 0 
7ffa40021000-7ffa44000000 ---p 00000000 00:00 0 
7ffa44000000-7ffa44021000 rw-p 00000000 00:00 0 
7ffa44021000-7ffa48000000 ---p 00000000 00:00 0 
7ffa48000000-7ffa48021000 rw-p 00000000 00:00 0 
7ffa48021000-7ffa4c000000 ---p 00000000 00:00 0 
7ffa4c000000-7ffa4c021000 rw-p 00000000 00:00 0 
7ffa4c021000-7ffa50000000 ---p 00000000 00:00 0 
7ffa50000000-7ffa50021000 rw-p 00000000 00:00 0 
7ffa50021000-7ffa54000000 ---p 00000000 00:00 0 
7ffa54000000-7ffa54021000 rw-p 00000000 00:00 0 
7ffa54021000-7ffa58000000 ---p 00000000 00:00 0 
7ffa58000000-7ffa58280000 rw-p 00000000 00:00 0 
7ffa58280000-7ffa58400000 ---p 00000000 00:00 0 
7ffa58400000-7ffa58610000 rw-p 00000000 00:00 0 
7ffa58610000-7ffa5c000000 ---p 00000000 00:00 0 
7ffa5c000000-7ffa5c021000 rw-p 00000000 00:00 0 
7ffa5c021000-7ffa60000000 ---p 00000000 00:00 0 
7ffa60000000-7ffa60021000 rw-p 00000000 00:00 0 
7ffa60021000-7ffa64000000 ---p 00000000 00:00 0 
7ffa64000000-7ffa64021000 rw-p 00000000 00:00 0 
7ffa64021000-7ffa68000000 ---p 00000000 00:00 0 
7ffa68000000-7ffa68021000 rw-p 00000000 00:00 0 
7ffa68021000-7ffa6c000000 ---p 00000000 00:00 0 
7ffa6c000000-7ffa6c021000 rw-p 00000000 00:00 0 
7ffa6c021000-7ffa70000000 ---p 00000000 00:00 0 
7ffa70000000-7ffa70004000 ---p 00000000 00:00 0 
7ffa70004000-7ffa70100000 rw-p 00000000 00:00 0 
7ffa70100000-7ffa70104000 ---p 00000000 00:00 0 
7ffa70104000-7ffa70200000 rw-p 00000000 00:00 0 
7ffa70200000-7ffa70204000 ---p 00000000 00:00 0 
7ffa70204000-7ffa70300000 rw-p 00000000 00:00 0 
7ffa70300000-7ffa70304000 ---p 00000000 00:00 0 
7ffa70304000-7ffa70400000 rw-p 00000000 00:00 0 
7ffa70400000-7ffa70404000 ---p 00000000 00:00 0 
7ffa70404000-7ffa70500000 rw-p 00000000 00:00 0 
7ffa70500000-7ffa70504000 ---p 00000000 00:00 0 
7ffa70504000-7ffa70600000 rw-p 00000000 00:00 0 
7ffa70600000-7ffa70df0000 r--p 00000000 08:02 10356383                   /usr/lib/locale/locale-archive
7ffa70df2000-7ffa70df4000 r--p 00000000 08:02 10357716                   /usr/lib/x86_64-linux-gnu/libcom_err.so.2.1
7ffa70df4000-7ffa70df5000 r-xp 00002000 08:02 10357716                   /usr/lib/x86_64-linux-gnu/libcom_err.so.2.1
7ffa70df5000-7ffa70df6000 r--p 00003000 08:02 10357716                   /usr/lib/x86_64-linux-gnu/libcom_err.so.2.1
7ffa70df6000-7ffa70df7000 r--p 00003000 08:02 10357716                   /usr/lib/x86_64-linux-gnu/libcom_err.so.2.1
7ffa70df7000-7ffa70df8000 rw-p 00004000 08:02 10357716                   /usr/lib/x86_64-linux-gnu/libcom_err.so.2.1
7ffa70df8000-7ffa70dfa000 r--p 00000000 08:02 10355587                   /usr/lib/x86_64-linux-gnu/libjbig.so.0
7ffa70dfa000-7ffa70e03000 r-xp 00002000 08:02 10355587                   /usr/lib/x86_64-linux-gnu/libjbig.so.0
7ffa70e03000-7ffa70e05000 r--p 0000b000 08:02 10355587                   /usr/lib/x86_64-linux-gnu/libjbig.so.0
7ffa70e05000-7ffa70e06000 r--p 0000c000 08:02 10355587                   /usr/lib/x86_64-linux-gnu/libjbig.so.0
7ffa70e06000-7ffa70e09000 rw-p 0000d000 08:02 10355587                   /usr/lib/x86_64-linux-gnu/libjbig.so.0
7ffa70e09000-7ffa70e18000 r--p 00000000 08:02 10366483                   /usr/lib/x86_64-linux-gnu/libgeos_c.so.1.16.0
7ffa70e18000-7ffa70e38000 r-xp 0000f000 08:02 10366483                   /usr/lib/x86_64-linux-gnu/libgeos_c.so.1.16.0
7ffa70e38000-7ffa70e45000 r--p 0002f000 08:02 10366483                   /usr/lib/x86_64-linux-gnu/libgeos_c.so.1.16.0
7ffa70e45000-7ffa70e46000 ---p 0003c000 08:02 10366483                   /usr/lib/x86_64-linux-gnu/libgeos_c.so.1.16.0
7ffa70e46000-7ffa70e47000 r--p 0003c000 08:02 10366483                   /usr/lib/x86_64-linux-gnu/libgeos_c.so.1.16.0
7ffa70e47000-7ffa70e48000 rw-p 0003d000 08:02 10366483                   /usr/lib/x86_64-linux-gnu/libgeos_c.so.1.16.0
7ffa70e48000-7ffa70e4c000 r--p 00000000 08:02 10355662                   /usr/lib/x86_64-linux-gnu/libjson-c.so.5.1.0
7ffa70e4c000-7ffa70e55000 r-xp 00004000 08:02 10355662                   /usr/lib/x86_64-linux-gnu/libjson-c.so.5.1.0
7ffa70e55000-7ffa70e58000 r--p 0000d000 08:02 10355662                   /usr/lib/x86_64-linux-gnu/libjson-c.so.5.1.0
7ffa70e58000-7ffa70e59000 ---p 00010000 08:02 10355662                   /usr/lib/x86_64-linux-gnu/libjson-c.so.5.1.0
7ffa70e59000-7ffa70e5a000 r--p 00010000 08:02 10355662                   /usr/lib/x86_64-linux-gnu/libjson-c.so.5.1.0
7ffa70e5a000-7ffa70e5b000 rw-p 00011000 08:02 10355662                   /usr/lib/x86_64-linux-gnu/libjson-c.so.5.1.0
7ffa70e5b000-7ffa70e80000 r--p 00000000 08:02 12591460                   /usr/share/locale-langpack/fr/LC_MESSAGES/libc.mo
7ffa70e80000-7ffa70e84000 ---p 00000000 00:00 0 
7ffa70e84000-7ffa70f80000 rw-p 00000000 00:00 0 
7ffa70f80000-7ffa70f84000 ---p 00000000 00:00 0 
7ffa70f84000-7ffa71080000 rw-p 00000000 00:00 0 
7ffa71080000-7ffa71081000 ---p 00000000 00:00 0 
7ffa71081000-7ffa71182000 rw-p 00000000 00:00 0 
7ffa71182000-7ffa71187000 r--p 00000000 08:02 10491564                   /usr/lib/jvm/java-17-openjdk-amd64/lib/libjsvml.so
7ffa71187000-7ffa711c8000 r-xp 00005000 08:02 10491564                   /usr/lib/jvm/java-17-openjdk-amd64/lib/libjsvml.so
7ffa711c8000-7ffa71251000 r--p 00046000 08:02 10491564                   /usr/lib/jvm/java-17-openjdk-amd64/lib/libjsvml.so
7ffa71251000-7ffa71252000 r--p 000ce000 08:02 10491564                   /usr/lib/jvm/java-17-openjdk-amd64/lib/libjsvml.so
7ffa71252000-7ffa71253000 rw-p 000cf000 08:02 10491564                   /usr/lib/jvm/java-17-openjdk-amd64/lib/libjsvml.so
7ffa71253000-7ffa71254000 ---p 00000000 00:00 0 
7ffa71254000-7ffa71355000 rw-p 00000000 00:00 0 
7ffa71355000-7ffa71356000 ---p 00000000 00:00 0 
7ffa71356000-7ffa73748000 rw-p 00000000 00:00 0 
7ffa73748000-7ffa753f8000 ---p 00000000 00:00 0 
7ffa753f8000-7ffa75400000 rw-p 00000000 00:00 0 
7ffa75400000-7ffa75670000 rwxp 00000000 00:00 0 
7ffa75670000-7ffa7c937000 ---p 00000000 00:00 0 
7ffa7c937000-7ffa7cba7000 rwxp 00000000 00:00 0 
7ffa7cba7000-7ffa7cec8000 ---p 00000000 00:00 0 
7ffa7cec8000-7ffa7d138000 rwxp 00000000 00:00 0 
7ffa7d138000-7ffa84400000 ---p 00000000 00:00 0 
7ffa84400000-7ffa8be43000 r--s 00000000 08:02 10491594                   /usr/lib/jvm/java-17-openjdk-amd64/lib/modules
7ffa8be43000-7ffa8be44000 r--p 00000000 08:02 10355683                   /usr/lib/x86_64-linux-gnu/libbrotlidec.so.1.0.9
7ffa8be44000-7ffa8be4c000 r-xp 00001000 08:02 10355683                   /usr/lib/x86_64-linux-gnu/libbrotlidec.so.1.0.9
7ffa8be4c000-7ffa8be4f000 r--p 00009000 08:02 10355683                   /usr/lib/x86_64-linux-gnu/libbrotlidec.so.1.0.9
7ffa8be4f000-7ffa8be50000 r--p 0000b000 08:02 10355683                   /usr/lib/x86_64-linux-gnu/libbrotlidec.so.1.0.9
7ffa8be50000-7ffa8be51000 rw-p 0000c000 08:02 10355683                   /usr/lib/x86_64-linux-gnu/libbrotlidec.so.1.0.9
7ffa8be67000-7ffa8be6e000 r--s 00000000 08:02 11013395                   /usr/lib/x86_64-linux-gnu/gconv/gconv-modules.cache
7ffa8be6e000-7ffa8be72000 r--p 00000000 08:02 10491590                   /usr/lib/jvm/java-17-openjdk-amd64/lib/libverify.so
7ffa8be72000-7ffa8be79000 r-xp 00004000 08:02 10491590                   /usr/lib/jvm/java-17-openjdk-amd64/lib/libverify.so
7ffa8be79000-7ffa8be7b000 r--p 0000b000 08:02 10491590                   /usr/lib/jvm/java-17-openjdk-amd64/lib/libverify.so
7ffa8be7b000-7ffa8be7d000 r--p 0000c000 08:02 10491590                   /usr/lib/jvm/java-17-openjdk-amd64/lib/libverify.so
7ffa8be7d000-7ffa8be7e000 rw-p 0000e000 08:02 10491590                   /usr/lib/jvm/java-17-openjdk-amd64/lib/libverify.so
7ffa8be7e000-7ffa8c000000 rw-p 00000000 00:00 0 
7ffa8c000000-7ffa8c508000 rw-p 00000000 00:00 0 
7ffa8c508000-7ffa90000000 ---p 00000000 00:00 0 
7ffa90004000-7ffa902a2000 rw-p 00000000 00:00 0 
7ffa902a2000-7ffa902a3000 ---p 00000000 00:00 0 
7ffa902a3000-7ffa903a4000 rw-p 00000000 00:00 0 
7ffa903a4000-7ffa903a5000 ---p 00000000 00:00 0 
7ffa903a5000-7ffa904a6000 rw-p 00000000 00:00 0 
7ffa904a6000-7ffa904a7000 ---p 00000000 00:00 0 
7ffa904a7000-7ffa907da000 rw-p 00000000 00:00 0 
7ffa907da000-7ffa9248a000 ---p 00000000 00:00 0 
7ffa9248a000-7ffa924d0000 rw-p 00000000 00:00 0 
7ffa924d0000-7ffa92866000 ---p 00000000 00:00 0 
7ffa92866000-7ffa928a5000 rw-p 00000000 00:00 0 
7ffa928a5000-7ffa92c3b000 ---p 00000000 00:00 0 
7ffa92c3b000-7ffa92c7a000 rw-p 00000000 00:00 0 
7ffa92c7a000-7ffa93010000 ---p 00000000 00:00 0 
7ffa93010000-7ffa9341a000 rw-p 00000000 00:00 0 
7ffa9341a000-7ffa93500000 ---p 00000000 00:00 0 
7ffa93500000-7ffa93504000 ---p 00000000 00:00 0 
7ffa93504000-7ffa93600000 rw-p 00000000 00:00 0 
7ffa93600000-7ffa9369a000 r--p 00000000 08:02 10354705                   /usr/lib/x86_64-linux-gnu/libstdc++.so.6.0.30
7ffa9369a000-7ffa937aa000 r-xp 0009a000 08:02 10354705                   /usr/lib/x86_64-linux-gnu/libstdc++.so.6.0.30
7ffa937aa000-7ffa93819000 r--p 001aa000 08:02 10354705                   /usr/lib/x86_64-linux-gnu/libstdc++.so.6.0.30
7ffa93819000-7ffa93824000 r--p 00218000 08:02 10354705                   /usr/lib/x86_64-linux-gnu/libstdc++.so.6.0.30
7ffa93824000-7ffa93827000 rw-p 00223000 08:02 10354705                   /usr/lib/x86_64-linux-gnu/libstdc++.so.6.0.30
7ffa93827000-7ffa9382a000 rw-p 00000000 00:00 0 
7ffa9382e000-7ffa93833000 rw-p 00000000 00:00 0 
7ffa93833000-7ffa93919000 ---p 00000000 00:00 0 
7ffa93919000-7ffa93927000 r--p 00000000 08:02 10365361                   /usr/lib/x86_64-linux-gnu/libm.so.6
7ffa93927000-7ffa939a3000 r-xp 0000e000 08:02 10365361                   /usr/lib/x86_64-linux-gnu/libm.so.6
7ffa939a3000-7ffa939fe000 r--p 0008a000 08:02 10365361                   /usr/lib/x86_64-linux-gnu/libm.so.6
7ffa939fe000-7ffa939ff000 r--p 000e4000 08:02 10365361                   /usr/lib/x86_64-linux-gnu/libm.so.6
7ffa939ff000-7ffa93a00000 rw-p 000e5000 08:02 10365361                   /usr/lib/x86_64-linux-gnu/libm.so.6
7ffa93a00000-7ffa93c50000 r--p 00000000 08:02 10491606                   /usr/lib/jvm/java-17-openjdk-amd64/lib/server/libjvm.so
7ffa93c50000-7ffa949d4000 r-xp 00250000 08:02 10491606                   /usr/lib/jvm/java-17-openjdk-amd64/lib/server/libjvm.so
7ffa949d4000-7ffa94c57000 r--p 00fd4000 08:02 10491606                   /usr/lib/jvm/java-17-openjdk-amd64/lib/server/libjvm.so
7ffa94c57000-7ffa94d0f000 r--p 01256000 08:02 10491606                   /usr/lib/jvm/java-17-openjdk-amd64/lib/server/libjvm.so
7ffa94d0f000-7ffa94d44000 rw-p 0130e000 08:02 10491606                   /usr/lib/jvm/java-17-openjdk-amd64/lib/server/libjvm.so
7ffa94d44000-7ffa94d9e000 rw-p 00000000 00:00 0 
7ffa94d9f000-7ffa94da3000 r--p 00000000 08:02 10491576                   /usr/lib/jvm/java-17-openjdk-amd64/lib/libnet.so
7ffa94da3000-7ffa94db1000 r-xp 00004000 08:02 10491576                   /usr/lib/jvm/java-17-openjdk-amd64/lib/libnet.so
7ffa94db1000-7ffa94db5000 r--p 00012000 08:02 10491576                   /usr/lib/jvm/java-17-openjdk-amd64/lib/libnet.so
7ffa94db5000-7ffa94db6000 r--p 00015000 08:02 10491576                   /usr/lib/jvm/java-17-openjdk-amd64/lib/libnet.so
7ffa94db6000-7ffa94db7000 rw-p 00016000 08:02 10491576                   /usr/lib/jvm/java-17-openjdk-amd64/lib/libnet.so
7ffa94db7000-7ffa94dbd000 r--p 00000000 08:02 10491578                   /usr/lib/jvm/java-17-openjdk-amd64/lib/libnio.so
7ffa94dbd000-7ffa94dc6000 r-xp 00006000 08:02 10491578                   /usr/lib/jvm/java-17-openjdk-amd64/lib/libnio.so
7ffa94dc6000-7ffa94dca000 r--p 0000f000 08:02 10491578                   /usr/lib/jvm/java-17-openjdk-amd64/lib/libnio.so
7ffa94dca000-7ffa94dcb000 ---p 00013000 08:02 10491578                   /usr/lib/jvm/java-17-openjdk-amd64/lib/libnio.so
7ffa94dcb000-7ffa94dcc000 r--p 00013000 08:02 10491578                   /usr/lib/jvm/java-17-openjdk-amd64/lib/libnio.so
7ffa94dcc000-7ffa94dcd000 rw-p 00014000 08:02 10491578                   /usr/lib/jvm/java-17-openjdk-amd64/lib/libnio.so
7ffa94dcd000-7ffa94dcf000 r--p 00000000 08:02 10491592                   /usr/lib/jvm/java-17-openjdk-amd64/lib/libzip.so
7ffa94dcf000-7ffa94dd4000 r-xp 00002000 08:02 10491592                   /usr/lib/jvm/java-17-openjdk-amd64/lib/libzip.so
7ffa94dd4000-7ffa94dd6000 r--p 00007000 08:02 10491592                   /usr/lib/jvm/java-17-openjdk-amd64/lib/libzip.so
7ffa94dd6000-7ffa94dd7000 r--p 00008000 08:02 10491592                   /usr/lib/jvm/java-17-openjdk-amd64/lib/libzip.so
7ffa94dd7000-7ffa94dd8000 rw-p 00009000 08:02 10491592                   /usr/lib/jvm/java-17-openjdk-amd64/lib/libzip.so
7ffa94dd8000-7ffa94de4000 r--p 00000000 08:02 10491515                   /usr/lib/jvm/java-17-openjdk-amd64/lib/libjava.so
7ffa94de4000-7ffa94df7000 r-xp 0000c000 08:02 10491515                   /usr/lib/jvm/java-17-openjdk-amd64/lib/libjava.so
7ffa94df7000-7ffa94dfd000 r--p 0001f000 08:02 10491515                   /usr/lib/jvm/java-17-openjdk-amd64/lib/libjava.so
7ffa94dfd000-7ffa94dfe000 r--p 00024000 08:02 10491515                   /usr/lib/jvm/java-17-openjdk-amd64/lib/libjava.so
7ffa94dfe000-7ffa94dff000 rw-p 00025000 08:02 10491515                   /usr/lib/jvm/java-17-openjdk-amd64/lib/libjava.so
7ffa94dff000-7ffa94e00000 rw-p 00000000 00:00 0 
7ffa94e00000-7ffa94e28000 r--p 00000000 08:02 10365356                   /usr/lib/x86_64-linux-gnu/libc.so.6
7ffa94e28000-7ffa94fbd000 r-xp 00028000 08:02 10365356                   /usr/lib/x86_64-linux-gnu/libc.so.6
7ffa94fbd000-7ffa95015000 r--p 001bd000 08:02 10365356                   /usr/lib/x86_64-linux-gnu/libc.so.6
7ffa95015000-7ffa95019000 r--p 00214000 08:02 10365356                   /usr/lib/x86_64-linux-gnu/libc.so.6
7ffa95019000-7ffa9501b000 rw-p 00218000 08:02 10365356                   /usr/lib/x86_64-linux-gnu/libc.so.6
7ffa9501b000-7ffa95028000 rw-p 00000000 00:00 0 
7ffa9502b000-7ffa9502c000 r--p 00000000 08:02 10491501                   /usr/lib/jvm/java-17-openjdk-amd64/lib/libextnet.so
7ffa9502c000-7ffa9502d000 r-xp 00001000 08:02 10491501                   /usr/lib/jvm/java-17-openjdk-amd64/lib/libextnet.so
7ffa9502d000-7ffa9502e000 r--p 00002000 08:02 10491501                   /usr/lib/jvm/java-17-openjdk-amd64/lib/libextnet.so
7ffa9502e000-7ffa9502f000 r--p 00002000 08:02 10491501                   /usr/lib/jvm/java-17-openjdk-amd64/lib/libextnet.so
7ffa9502f000-7ffa95030000 rw-p 00003000 08:02 10491501                   /usr/lib/jvm/java-17-openjdk-amd64/lib/libextnet.so
7ffa95030000-7ffa95035000 rw-p 00000000 00:00 0 
7ffa95035000-7ffa9503c000 ---p 00000000 00:00 0 
7ffa9503c000-7ffa9503d000 r--p 00000000 08:02 10491505                   /usr/lib/jvm/java-17-openjdk-amd64/lib/libinstrument.so
7ffa9503d000-7ffa95043000 r-xp 00001000 08:02 10491505                   /usr/lib/jvm/java-17-openjdk-amd64/lib/libinstrument.so
7ffa95043000-7ffa95046000 r--p 00007000 08:02 10491505                   /usr/lib/jvm/java-17-openjdk-amd64/lib/libinstrument.so
7ffa95046000-7ffa95047000 r--p 00009000 08:02 10491505                   /usr/lib/jvm/java-17-openjdk-amd64/lib/libinstrument.so
7ffa95047000-7ffa95048000 rw-p 0000a000 08:02 10491505                   /usr/lib/jvm/java-17-openjdk-amd64/lib/libinstrument.so
7ffa95048000-7ffa9504b000 r--p 00000000 08:02 10354703                   /usr/lib/x86_64-linux-gnu/libgcc_s.so.1
7ffa9504b000-7ffa95062000 r-xp 00003000 08:02 10354703                   /usr/lib/x86_64-linux-gnu/libgcc_s.so.1
7ffa95062000-7ffa95066000 r--p 0001a000 08:02 10354703                   /usr/lib/x86_64-linux-gnu/libgcc_s.so.1
7ffa95066000-7ffa95067000 r--p 0001d000 08:02 10354703                   /usr/lib/x86_64-linux-gnu/libgcc_s.so.1
7ffa95067000-7ffa95068000 rw-p 0001e000 08:02 10354703                   /usr/lib/x86_64-linux-gnu/libgcc_s.so.1
7ffa95068000-7ffa9506b000 rw-p 00000000 00:00 0 
7ffa9506b000-7ffa9506d000 r--p 00000000 08:02 10354880                   /usr/lib/x86_64-linux-gnu/libz.so.1.2.11
7ffa9506d000-7ffa9507e000 r-xp 00002000 08:02 10354880                   /usr/lib/x86_64-linux-gnu/libz.so.1.2.11
7ffa9507e000-7ffa95084000 r--p 00013000 08:02 10354880                   /usr/lib/x86_64-linux-gnu/libz.so.1.2.11
7ffa95084000-7ffa95085000 ---p 00019000 08:02 10354880                   /usr/lib/x86_64-linux-gnu/libz.so.1.2.11
7ffa95085000-7ffa95086000 r--p 00019000 08:02 10354880                   /usr/lib/x86_64-linux-gnu/libz.so.1.2.11
7ffa95086000-7ffa95087000 rw-p 0001a000 08:02 10354880                   /usr/lib/x86_64-linux-gnu/libz.so.1.2.11
7ffa95089000-7ffa9508a000 r-xp 00000000 00:00 0 
7ffa9508a000-7ffa95092000 rw-s 00000000 08:02 1966304                    /tmp/hsperfdata_nidhal/778870
7ffa95092000-7ffa95093000 ---p 00000000 00:00 0 
7ffa95093000-7ffa95094000 r--p 00000000 00:00 0 
7ffa95094000-7ffa95096000 r--p 00000000 08:02 10491521                   /usr/lib/jvm/java-17-openjdk-amd64/lib/libjimage.so
7ffa95096000-7ffa95099000 r-xp 00002000 08:02 10491521                   /usr/lib/jvm/java-17-openjdk-amd64/lib/libjimage.so
7ffa95099000-7ffa9509a000 r--p 00005000 08:02 10491521                   /usr/lib/jvm/java-17-openjdk-amd64/lib/libjimage.so
7ffa9509a000-7ffa9509b000 ---p 00006000 08:02 10491521                   /usr/lib/jvm/java-17-openjdk-amd64/lib/libjimage.so
7ffa9509b000-7ffa9509c000 r--p 00006000 08:02 10491521                   /usr/lib/jvm/java-17-openjdk-amd64/lib/libjimage.so
7ffa9509c000-7ffa9509d000 rw-p 00007000 08:02 10491521                   /usr/lib/jvm/java-17-openjdk-amd64/lib/libjimage.so
7ffa9509d000-7ffa9509f000 r--p 00000000 08:02 10491523                   /usr/lib/jvm/java-17-openjdk-amd64/lib/libjli.so
7ffa9509f000-7ffa950a9000 r-xp 00002000 08:02 10491523                   /usr/lib/jvm/java-17-openjdk-amd64/lib/libjli.so
7ffa950a9000-7ffa950ac000 r--p 0000c000 08:02 10491523                   /usr/lib/jvm/java-17-openjdk-amd64/lib/libjli.so
7ffa950ac000-7ffa950ad000 r--p 0000e000 08:02 10491523                   /usr/lib/jvm/java-17-openjdk-amd64/lib/libjli.so
7ffa950ad000-7ffa950ae000 rw-p 0000f000 08:02 10491523                   /usr/lib/jvm/java-17-openjdk-amd64/lib/libjli.so
7ffa950ae000-7ffa950b0000 rw-p 00000000 00:00 0 
7ffa950b0000-7ffa950b2000 r--p 00000000 08:02 10356375                   /usr/lib/x86_64-linux-gnu/ld-linux-x86-64.so.2
7ffa950b2000-7ffa950dc000 r-xp 00002000 08:02 10356375                   /usr/lib/x86_64-linux-gnu/ld-linux-x86-64.so.2
7ffa950dc000-7ffa950e7000 r--p 0002c000 08:02 10356375                   /usr/lib/x86_64-linux-gnu/ld-linux-x86-64.so.2
7ffa950e7000-7ffa950e8000 ---p 00000000 00:00 0 
7ffa950e8000-7ffa950ea000 r--p 00037000 08:02 10356375                   /usr/lib/x86_64-linux-gnu/ld-linux-x86-64.so.2
7ffa950ea000-7ffa950ec000 rw-p 00039000 08:02 10356375                   /usr/lib/x86_64-linux-gnu/ld-linux-x86-64.so.2
7ffe9ad40000-7ffe9ad62000 rw-p 00000000 00:00 0                          [stack]
7ffe9ad73000-7ffe9ad77000 r--p 00000000 00:00 0                          [vvar]
7ffe9ad77000-7ffe9ad79000 r-xp 00000000 00:00 0                          [vdso]
ffffffffff600000-ffffffffff601000 --xp 00000000 00:00 0                  [vsyscall]


VM Arguments:
jvm_args: -javaagent:/snap/intellij-idea-ultimate/437/lib/idea_rt.jar=45687:/snap/intellij-idea-ultimate/437/bin -Dfile.encoding=UTF-8 
java_command: tutorials.reading
java_class_path (initial): /home/nidhal/IdeaProjects/JMEOS/target/classes:/home/nidhal/.m2/repository/com/github/jnr/jnr-ffi/2.2.11/jnr-ffi-2.2.11.jar:/home/nidhal/.m2/repository/com/github/jnr/jffi/1.3.9/jffi-1.3.9.jar:/home/nidhal/.m2/repository/com/github/jnr/jffi/1.3.9/jffi-1.3.9-native.jar:/home/nidhal/.m2/repository/org/ow2/asm/asm/9.2/asm-9.2.jar:/home/nidhal/.m2/repository/org/ow2/asm/asm-commons/9.2/asm-commons-9.2.jar:/home/nidhal/.m2/repository/org/ow2/asm/asm-analysis/9.2/asm-analysis-9.2.jar:/home/nidhal/.m2/repository/org/ow2/asm/asm-tree/9.2/asm-tree-9.2.jar:/home/nidhal/.m2/repository/org/ow2/asm/asm-util/9.2/asm-util-9.2.jar:/home/nidhal/.m2/repository/com/github/jnr/jnr-a64asm/1.0.0/jnr-a64asm-1.0.0.jar:/home/nidhal/.m2/repository/com/github/jnr/jnr-x86asm/1.0.2/jnr-x86asm-1.0.2.jar:/home/nidhal/.m2/repository/org/hibernate/orm/hibernate-core/6.2.2.Final/hibernate-core-6.2.2.Final.jar:/home/nidhal/.m2/repository/jakarta/persistence/jakarta.persistence-api/3.1.0/jakarta.persistence-api-3.1.0.jar:/home/nidhal/.m2/repository/jakarta/transaction/jakarta.transaction-api/2.0.1/jakarta.transaction-api-2.0.1.jar:/home/nidhal/.m2/repository/org/jboss/logging/jboss-logging/3.5.0.Final/jboss-logging-3.5.0.Final.jar:/home/nidhal/.m2/repository/org/hibernate/common/hibernate-commons-annotations/6.0.6.Final/hibernate-commons-annotations-6.0.6.Final.jar:/home/nidhal/.m2/repository/io/smallrye/jandex/3.0.5/jandex-3.0.5.jar:/home/nidhal/.m2/repository/com/fasterxml/classmate/1.5.1/classmate-1.5.1.jar:/home/nidhal/.m2/repository/net/bytebuddy/byte-buddy/1.12.18/byte-buddy-1.12.18.jar:/home/nidhal/.m2/repository/jakarta/xml/bind/jakarta.xml.bind-api/4.0.0/jakarta.xml.bind-api-4.0.0.jar:/home/nidhal/.m2/repository/jakarta/activation/jakarta.activation-api/2.1.0/jakarta.activation-api-2.1.0.jar:/home/nidhal/.m2/repository/org/glassfish/jaxb/jaxb-runtime/4.0.2/jaxb-runtime-4.0.2.jar:/home/nidhal/.m2/repository/org/glassfish/jaxb/jaxb-core/4.0.2/jaxb-core-4.0.2.jar:/ho
Launcher Type: SUN_STANDARD

[Global flags]
     intx CICompilerCount                          = 3                                         {product} {ergonomic}
     uint ConcGCThreads                            = 1                                         {product} {ergonomic}
     uint G1ConcRefinementThreads                  = 4                                         {product} {ergonomic}
   size_t G1HeapRegionSize                         = 1048576                                   {product} {ergonomic}
    uintx GCDrainStackTargetSize                   = 64                                        {product} {ergonomic}
   size_t InitialHeapSize                          = 130023424                                 {product} {ergonomic}
   size_t MarkStackSize                            = 4194304                                   {product} {ergonomic}
   size_t MaxHeapSize                              = 2057306112                                {product} {ergonomic}
   size_t MaxNewSize                               = 1234173952                                {product} {ergonomic}
   size_t MinHeapDeltaBytes                        = 1048576                                   {product} {ergonomic}
   size_t MinHeapSize                              = 8388608                                   {product} {ergonomic}
    uintx NonNMethodCodeHeapSize                   = 5832780                                {pd product} {ergonomic}
    uintx NonProfiledCodeHeapSize                  = 122912730                              {pd product} {ergonomic}
    uintx ProfiledCodeHeapSize                     = 122912730                              {pd product} {ergonomic}
    uintx ReservedCodeCacheSize                    = 251658240                              {pd product} {ergonomic}
     bool SegmentedCodeCache                       = true                                      {product} {ergonomic}
   size_t SoftMaxHeapSize                          = 2057306112                             {manageable} {ergonomic}
     bool UseCompressedClassPointers               = true                           {product lp64_product} {ergonomic}
     bool UseCompressedOops                        = true                           {product lp64_product} {ergonomic}
     bool UseG1GC                                  = true                                      {product} {ergonomic}

Logging:
Log output configuration:
 #0: stdout all=warning uptime,level,tags
 #1: stderr all=off uptime,level,tags

Environment Variables:
JAVA_HOME=/opt/jdk-13.0.2
PATH=/home/nidhal/.local/bin:/usr/local/sbin:/usr/local/bin:/usr/sbin:/usr/bin:/sbin:/bin:/usr/games:/usr/local/games:/snap/bin:/snap/bin/opt/jdk-13.0.2/bin
USERNAME=nidhal
SHELL=/bin/bash
DISPLAY=:0
LANG=fr_FR.UTF-8

Active Locale:
LC_ALL=fr_FR.UTF-8
LC_COLLATE=fr_FR.UTF-8
LC_CTYPE=fr_FR.UTF-8
LC_MESSAGES=fr_FR.UTF-8
LC_MONETARY=fr_FR.UTF-8
LC_NUMERIC=fr_FR.UTF-8
LC_TIME=fr_FR.UTF-8

Signal Handlers:
   SIGSEGV: crash_handler in libjvm.so, mask=11100100010111111101111111111110, flags=SA_RESTART|SA_SIGINFO, unblocked
    SIGBUS: crash_handler in libjvm.so, mask=11100100010111111101111111111110, flags=SA_RESTART|SA_SIGINFO, unblocked
    SIGFPE: crash_handler in libjvm.so, mask=11100100010111111101111111111110, flags=SA_RESTART|SA_SIGINFO, unblocked
   SIGPIPE: javaSignalHandler in libjvm.so, mask=11100100010111111101111111111110, flags=SA_RESTART|SA_SIGINFO, blocked
   SIGXFSZ: javaSignalHandler in libjvm.so, mask=11100100010111111101111111111110, flags=SA_RESTART|SA_SIGINFO, blocked
    SIGILL: crash_handler in libjvm.so, mask=11100100010111111101111111111110, flags=SA_RESTART|SA_SIGINFO, unblocked
   SIGUSR2: SR_handler in libjvm.so, mask=00100000000000000000000000000000, flags=SA_RESTART|SA_SIGINFO, blocked
    SIGHUP: UserHandler in libjvm.so, mask=11100100010111111101111111111110, flags=SA_RESTART|SA_SIGINFO, blocked
    SIGINT: UserHandler in libjvm.so, mask=11100100010111111101111111111110, flags=SA_RESTART|SA_SIGINFO, blocked
   SIGTERM: UserHandler in libjvm.so, mask=11100100010111111101111111111110, flags=SA_RESTART|SA_SIGINFO, blocked
   SIGQUIT: UserHandler in libjvm.so, mask=11100100010111111101111111111110, flags=SA_RESTART|SA_SIGINFO, blocked
   SIGTRAP: crash_handler in libjvm.so, mask=11100100010111111101111111111110, flags=SA_RESTART|SA_SIGINFO, unblocked


---------------  S Y S T E M  ---------------

OS:
DISTRIB_ID=Ubuntu
DISTRIB_RELEASE=22.04
DISTRIB_CODENAME=jammy
DISTRIB_DESCRIPTION="Ubuntu 22.04.2 LTS"
uname: Linux 5.19.0-42-generic #43~22.04.1-Ubuntu SMP PREEMPT_DYNAMIC Fri Apr 21 16:51:08 UTC 2 x86_64
OS uptime: 1 days 11:23 hours
libc: glibc 2.35 NPTL 2.35 
rlimit (soft/hard): STACK 8192k/infinity , CORE 0k/infinity , NPROC 31051/31051 , NOFILE 1048576/1048576 , AS infinity/infinity , CPU infinity/infinity , DATA infinity/infinity , FSIZE infinity/infinity , MEMLOCK 1003616k/1003616k
load average: 3,46 3,44 3,14

/proc/meminfo:
MemTotal:        8028956 kB
MemFree:          288036 kB
MemAvailable:    3433300 kB
Buffers:          198428 kB
Cached:          2922576 kB
SwapCached:        21232 kB
Active:          1808380 kB
Inactive:        4972156 kB
Active(anon):     488620 kB
Inactive(anon):  3349752 kB
Active(file):    1319760 kB
Inactive(file):  1622404 kB
Unevictable:       57304 kB
Mlocked:              16 kB
SwapTotal:       2097148 kB
SwapFree:        1871696 kB
Zswap:                 0 kB
Zswapped:              0 kB
Dirty:              6460 kB
Writeback:             0 kB
AnonPages:       3700624 kB
Mapped:           720944 kB
Shmem:            184364 kB
KReclaimable:     508268 kB
Slab:             751776 kB
SReclaimable:     508268 kB
SUnreclaim:       243508 kB
KernelStack:       16584 kB
PageTables:        34760 kB
NFS_Unstable:          0 kB
Bounce:                0 kB
WritebackTmp:          0 kB
CommitLimit:     6111624 kB
Committed_AS:   10332168 kB
VmallocTotal:   34359738367 kB
VmallocUsed:       75020 kB
VmallocChunk:          0 kB
Percpu:             6192 kB
HardwareCorrupted:     0 kB
AnonHugePages:         0 kB
ShmemHugePages:        0 kB
ShmemPmdMapped:        0 kB
FileHugePages:         0 kB
FilePmdMapped:         0 kB
HugePages_Total:       0
HugePages_Free:        0
HugePages_Rsvd:        0
HugePages_Surp:        0
Hugepagesize:       2048 kB
Hugetlb:               0 kB
DirectMap4k:      577304 kB
DirectMap2M:     7700480 kB
DirectMap1G:           0 kB

/sys/kernel/mm/transparent_hugepage/enabled: always [madvise] never
/sys/kernel/mm/transparent_hugepage/defrag (defrag/compaction efforts parameter): always defer defer+madvise [madvise] never

Process Memory:
Virtual Size: 5231652K (peak: 5293188K)
Resident Set Size: 84876K (peak: 84876K) (anon: 46364K, file: 38512K, shmem: 0K)
Swapped out: 0K
C-Heap outstanding allocations: 24211K, retained: 2784K
glibc malloc tunables: (default)

/proc/sys/kernel/threads-max (system-wide limit on the number of threads): 62103
/proc/sys/vm/max_map_count (maximum number of memory map areas a process may have): 65530
/proc/sys/kernel/pid_max (system-wide limit on number of process identifiers): 4194304

container (cgroup) information:
container_type: cgroupv2
cpu_cpuset_cpus: not supported
cpu_memory_nodes: not supported
active_processor_count: 4
cpu_quota: not supported
cpu_period: not supported
cpu_shares: not supported
memory_limit_in_bytes: unlimited
memory_and_swap_limit_in_bytes: unlimited
memory_soft_limit_in_bytes: unlimited
memory_usage_in_bytes: 3484152 k
memory_max_usage_in_bytes: not supported
memory_swap_current_in_bytes: 35272 k
memory_swap_max_limit_in_bytes: unlimited
maximum number of tasks: 9315
current number of tasks: 169

Steal ticks since vm start: 0
Steal ticks percentage since vm start:  0,000

CPU: total 4 (initial active 4) (2 cores per cpu, 2 threads per core) family 6 model 78 stepping 3 microcode 0xf0, cx8, cmov, fxsr, ht, mmx, 3dnowpref, sse, sse2, sse3, ssse3, sse4.1, sse4.2, popcnt, lzcnt, tsc, tscinvbit, avx, avx2, aes, erms, clmul, bmi1, bmi2, adx, fma, vzeroupper, clflush, clflushopt
CPU Model and flags from /proc/cpuinfo:
model name	: Intel(R) Core(TM) i3-6100U CPU @ 2.30GHz
flags		: fpu vme de pse tsc msr pae mce cx8 apic sep mtrr pge mca cmov pat pse36 clflush dts acpi mmx fxsr sse sse2 ss ht tm pbe syscall nx pdpe1gb rdtscp lm constant_tsc art arch_perfmon pebs bts rep_good nopl xtopology nonstop_tsc cpuid aperfmperf pni pclmulqdq dtes64 monitor ds_cpl est tm2 ssse3 sdbg fma cx16 xtpr pdcm pcid sse4_1 sse4_2 x2apic movbe popcnt tsc_deadline_timer aes xsave avx f16c rdrand lahf_lm abm 3dnowprefetch cpuid_fault epb invpcid_single pti ssbd ibrs ibpb stibp fsgsbase tsc_adjust bmi1 avx2 smep bmi2 erms invpcid mpx rdseed adx smap clflushopt intel_pt xsaveopt xsavec xgetbv1 xsaves dtherm ida arat pln pts hwp hwp_notify hwp_act_window hwp_epp md_clear flush_l1d arch_capabilities

Online cpus: 0-3
Offline cpus: 
BIOS frequency limitation: <Not Available>
Frequency switch latency (ns): 0
Available cpu frequencies: <Not Available>
Current governor: powersave
Core performance/turbo boost: <Not Available>

Memory: 4k page, physical 8028956k(288036k free), swap 2097148k(1871696k free)
Page Sizes: 4k

vm_info: OpenJDK 64-Bit Server VM (17.0.7+7-Ubuntu-0ubuntu122.04.2) for linux-amd64 JRE (17.0.7+7-Ubuntu-0ubuntu122.04.2), built on May 10 2023 04:02:16 by "buildd" with gcc 11.3.0

END.
