#
# A fatal error has been detected by the Java Runtime Environment:
#
#  SIGSEGV (0xb) at pc=0x00007fd0d4d0480c, pid=692741, tid=692747
#
# JRE version: OpenJDK Runtime Environment (17.0.7+7) (build 17.0.7+7-Ubuntu-0ubuntu122.04.2)
# Java VM: OpenJDK 64-Bit Server VM (17.0.7+7-Ubuntu-0ubuntu122.04.2, mixed mode, sharing, tiered, compressed oops, compressed class ptrs, g1 gc, linux-amd64)
# Problematic frame:
# V  [libjvm.so+0xf0480c]  Unsafe_GetInt+0x13c
#
# Core dump will be written. Default location: Core dumps may be processed with "/usr/share/apport/apport -p%p -s%s -c%c -d%d -P%P -u%u -g%g -- %E" (or dumping to /home/nidhal/IdeaProjects/JMEOS/core.692741)
#
# If you would like to submit a bug report, please visit:
#   Unknown
#

---------------  S U M M A R Y ------------

Command Line: -javaagent:/snap/intellij-idea-ultimate/437/lib/idea_rt.jar=36049:/snap/intellij-idea-ultimate/437/bin -Dfile.encoding=UTF-8 tutorials.reading

Host: Intel(R) Core(TM) i3-6100U CPU @ 2.30GHz, 4 cores, 7G, Ubuntu 22.04.2 LTS
Time: Fri Jun 23 03:40:42 2023 CEST elapsed time: 1.690782 seconds (0d 0h 0m 1s)

---------------  T H R E A D  ---------------

Current thread (0x00007fd0cc0166d0):  JavaThread "main" [_thread_in_vm, id=692747, stack(0x00007fd0d3d00000,0x00007fd0d3e00000)]

Stack: [0x00007fd0d3d00000,0x00007fd0d3e00000],  sp=0x00007fd0d3dfe630,  free space=1017k
Native frames: (J=compiled Java code, j=interpreted, Vv=VM code, C=native code)
V  [libjvm.so+0xf0480c]  Unsafe_GetInt+0x13c
J 308  jdk.internal.misc.Unsafe.getInt(Ljava/lang/Object;J)I java.base@17.0.7 (0 bytes) @ 0x00007fd0bcee3a69 [0x00007fd0bcee39a0+0x00000000000000c9]
j  jdk.internal.misc.Unsafe.getInt(J)I+3 java.base@17.0.7
j  sun.misc.Unsafe.getInt(J)I+4 jdk.unsupported@17.0.7
j  com.kenai.jffi.UnsafeMemoryIO.getInt(J)I+4
j  jnr.ffi.provider.jffi.DirectMemoryIO.getInt(J)I+9
j  tutorials.reading.main([Ljava/lang/String;)V+325
v  ~StubRoutines::call_stub
V  [libjvm.so+0x833045]  JavaCalls::call_helper(JavaValue*, methodHandle const&, JavaCallArguments*, JavaThread*)+0x325
V  [libjvm.so+0x8cf51a]  jni_invoke_static(JNIEnv_*, JavaValue*, _jobject*, JNICallType, _jmethodID*, JNI_ArgumentPusher*, JavaThread*) [clone .constprop.1]+0x3aa
V  [libjvm.so+0x8d2251]  jni_CallStaticVoidMethod+0x171
C  [libjli.so+0x4a25]  JavaMain+0xd75
C  [libjli.so+0x7fbd]  ThreadJavaMain+0xd

Java frames: (J=compiled Java code, j=interpreted, Vv=VM code)
J 308  jdk.internal.misc.Unsafe.getInt(Ljava/lang/Object;J)I java.base@17.0.7 (0 bytes) @ 0x00007fd0bcee39f4 [0x00007fd0bcee39a0+0x0000000000000054]
j  jdk.internal.misc.Unsafe.getInt(J)I+3 java.base@17.0.7
j  sun.misc.Unsafe.getInt(J)I+4 jdk.unsupported@17.0.7
j  com.kenai.jffi.UnsafeMemoryIO.getInt(J)I+4
j  jnr.ffi.provider.jffi.DirectMemoryIO.getInt(J)I+9
j  tutorials.reading.main([Ljava/lang/String;)V+325
v  ~StubRoutines::call_stub

siginfo: si_signo: 11 (SIGSEGV), si_code: 128 (SI_KERNEL), si_addr: 0x0000000000000000

Register to memory mapping:

RAX=0x0 is NULL
RBX=0x00025b5728126d80 is an unknown value
RCX=0x00025b5728126d80 is an unknown value
RDX=0x0 is NULL
RSP=0x00007fd0d3dfe630 is pointing into the stack for thread: 0x00007fd0cc0166d0
RBP=0x00007fd0d3dfe650 is pointing into the stack for thread: 0x00007fd0cc0166d0
RSI=0x00007fd0d3dfe660 is pointing into the stack for thread: 0x00007fd0cc0166d0
RDI=0x00007fd0cc016978 points into unknown readable memory: 0x00007fd0d51154c0 | c0 54 11 d5 d0 7f 00 00
R8 ={method} {0x0000000800418af8} 'getInt' '(J)I' in 'jdk/internal/misc/Unsafe'
R9 =0x0000000000000002 is an unknown value
R10=0x00007fd0bcee39f4 is at entry_point+84 in (nmethod*)0x00007fd0bcee3810
R11=0x00007fd0bcee39c0 is at entry_point+32 in (nmethod*)0x00007fd0bcee3810
R12=0x00007fd0cc0166d0 is a thread
R13=0x0 is NULL
R14=0x00007fd0d3dfe748 is pointing into the stack for thread: 0x00007fd0cc0166d0
R15=0x00007fd0cc0166d0 is a thread


Registers:
RAX=0x0000000000000000, RBX=0x00025b5728126d80, RCX=0x00025b5728126d80, RDX=0x0000000000000000
RSP=0x00007fd0d3dfe630, RBP=0x00007fd0d3dfe650, RSI=0x00007fd0d3dfe660, RDI=0x00007fd0cc016978
R8 =0x0000000800418af8, R9 =0x0000000000000002, R10=0x00007fd0bcee39f4, R11=0x00007fd0bcee39c0
R12=0x00007fd0cc0166d0, R13=0x0000000000000000, R14=0x00007fd0d3dfe748, R15=0x00007fd0cc0166d0
RIP=0x00007fd0d4d0480c, EFLAGS=0x0000000000010246, CSGSFS=0x002b000000000033, ERR=0x0000000000000000
  TRAPNO=0x000000000000000d

Top of Stack: (sp=0x00007fd0d3dfe630)
0x00007fd0d3dfe630:   00007fd0cc0166d0 0000000800418b50
0x00007fd0d3dfe640:   0000000000000000 00007fd0d3dfe6c0
0x00007fd0d3dfe650:   00007fd0d3dfe6a0 00007fd0bcee3a69
0x00007fd0d3dfe660:   000000008c480cd8 0000000000000000 

Instructions: (pc=0x00007fd0d4d0480c)
0x00007fd0d4d0470c:   05 00 00 00 f0 83 04 24 00 49 8b 84 24 40 03 00
0x00007fd0d4d0471c:   00 a8 01 0f 85 fb 00 00 00 41 8b 84 24 2c 03 00
0x00007fd0d4d0472c:   00 85 c0 0f 85 ab 00 00 00 41 8b 84 24 28 03 00
0x00007fd0d4d0473c:   00 a8 0c 0f 85 9b 00 00 00 41 c7 84 24 38 03 00
0x00007fd0d4d0474c:   00 06 00 00 00 4d 85 ed 0f 84 a9 00 00 00 41 f6
0x00007fd0d4d0475c:   c5 01 0f 85 8c 00 00 00 4c 89 ef ff 15 a3 a8 40
0x00007fd0d4d0476c:   00 48 85 c0 0f 84 8d 00 00 00 44 8b 2c 18 49 8b
0x00007fd0d4d0477c:   9c 24 e8 00 00 00 48 8b 43 10 48 83 38 00 74 0c
0x00007fd0d4d0478c:   48 89 df e8 7c e4 8b ff 48 8b 43 10 48 8b 53 08
0x00007fd0d4d0479c:   49 8d bc 24 88 02 00 00 48 89 42 10 48 8b 43 08
0x00007fd0d4d047ac:   48 8b 53 18 48 89 50 18 48 8b 43 08 48 8b 53 20
0x00007fd0d4d047bc:   48 89 50 20 e8 db df 7c ff 41 c7 84 24 38 03 00
0x00007fd0d4d047cc:   00 04 00 00 00 48 83 c4 08 44 89 e8 5b 41 5c 41
0x00007fd0d4d047dc:   5d 5d c3 90 31 f6 4c 89 e7 e8 46 0e fd ff e9 56
0x00007fd0d4d047ec:   ff ff ff 90 49 8d 7d ff ff 15 c6 e9 40 00 48 85
0x00007fd0d4d047fc:   c0 0f 85 73 ff ff ff 41 c6 84 24 68 03 00 00 01
0x00007fd0d4d0480c:   44 8b 2b 41 c6 84 24 68 03 00 00 00 e9 5d ff ff
0x00007fd0d4d0481c:   ff 0f 1f 00 be 01 00 00 00 4c 89 e7 e8 23 b8 dd
0x00007fd0d4d0482c:   ff e9 f3 fe ff ff 66 0f 1f 44 00 00 4c 89 e7 45
0x00007fd0d4d0483c:   31 e4 e8 cd b8 fc ff e9 bc fe ff ff 0f 1f 84 00
0x00007fd0d4d0484c:   00 00 00 00 f3 0f 1e fa 55 48 89 e5 41 55 49 89
0x00007fd0d4d0485c:   d5 41 54 4c 8d a7 58 fd ff ff 53 48 89 cb 48 83
0x00007fd0d4d0486c:   ec 08 41 8b 84 24 60 03 00 00 2d ab de 00 00 83
0x00007fd0d4d0487c:   f8 01 0f 87 34 01 00 00 41 c7 84 24 38 03 00 00
0x00007fd0d4d0488c:   05 00 00 00 f0 83 04 24 00 49 8b 84 24 40 03 00
0x00007fd0d4d0489c:   00 a8 01 0f 85 fb 00 00 00 41 8b 84 24 2c 03 00
0x00007fd0d4d048ac:   00 85 c0 0f 85 ab 00 00 00 41 8b 84 24 28 03 00
0x00007fd0d4d048bc:   00 a8 0c 0f 85 9b 00 00 00 41 c7 84 24 38 03 00
0x00007fd0d4d048cc:   00 06 00 00 00 4d 85 ed 0f 84 a9 00 00 00 41 f6
0x00007fd0d4d048dc:   c5 01 0f 85 8c 00 00 00 4c 89 ef ff 15 23 a7 40
0x00007fd0d4d048ec:   00 48 85 c0 0f 84 8d 00 00 00 44 0f b7 2c 18 49
0x00007fd0d4d048fc:   8b 9c 24 e8 00 00 00 48 8b 43 10 48 83 38 00 74 


Stack slot to memory mapping:
stack at sp + 0 slots: 0x00007fd0cc0166d0 is a thread
stack at sp + 1 slots: {method} {0x0000000800418b50} 'getInt' '(Ljava/lang/Object;J)I' in 'jdk/internal/misc/Unsafe'
stack at sp + 2 slots: 0x0 is NULL
stack at sp + 3 slots: 0x00007fd0d3dfe6c0 is pointing into the stack for thread: 0x00007fd0cc0166d0
stack at sp + 4 slots: 0x00007fd0d3dfe6a0 is pointing into the stack for thread: 0x00007fd0cc0166d0
stack at sp + 5 slots: 0x00007fd0bcee3a69 is at entry_point+201 in (nmethod*)0x00007fd0bcee3810
stack at sp + 6 slots: 0x000000008c480cd8 is an oop: jdk.internal.misc.Unsafe 
{0x000000008c480cd8} - klass: 'jdk/internal/misc/Unsafe'
 - ---- fields (total size 2 words):
stack at sp + 7 slots: 0x0 is NULL


---------------  P R O C E S S  ---------------

Threads class SMR info:
_java_thread_list=0x00007fd08c001fc0, length=13, elements={
0x00007fd0cc0166d0, 0x00007fd0cc115750, 0x00007fd0cc116b30, 0x00007fd0cc11c2e0,
0x00007fd0cc11d690, 0x00007fd0cc11eaa0, 0x00007fd0cc120450, 0x00007fd0cc121980,
0x00007fd0cc122df0, 0x00007fd0cc12e860, 0x00007fd0cc2dbc10, 0x00007fd0cc2dd360,
0x00007fd08c000fe0
}

Java Threads: ( => current thread )
=>0x00007fd0cc0166d0 JavaThread "main" [_thread_in_vm, id=692747, stack(0x00007fd0d3d00000,0x00007fd0d3e00000)]
  0x00007fd0cc115750 JavaThread "Reference Handler" daemon [_thread_blocked, id=692763, stack(0x00007fd0b1356000,0x00007fd0b1456000)]
  0x00007fd0cc116b30 JavaThread "Finalizer" daemon [_thread_blocked, id=692764, stack(0x00007fd0b1256000,0x00007fd0b1356000)]
  0x00007fd0cc11c2e0 JavaThread "Signal Dispatcher" daemon [_thread_blocked, id=692765, stack(0x00007fd0b0900000,0x00007fd0b0a00000)]
  0x00007fd0cc11d690 JavaThread "Service Thread" daemon [_thread_blocked, id=692766, stack(0x00007fd0b0800000,0x00007fd0b0900000)]
  0x00007fd0cc11eaa0 JavaThread "Monitor Deflation Thread" daemon [_thread_blocked, id=692767, stack(0x00007fd0b0700000,0x00007fd0b0800000)]
  0x00007fd0cc120450 JavaThread "C2 CompilerThread0" daemon [_thread_in_native, id=692768, stack(0x00007fd0b0600000,0x00007fd0b0700000)]
  0x00007fd0cc121980 JavaThread "C1 CompilerThread0" daemon [_thread_blocked, id=692769, stack(0x00007fd0b0500000,0x00007fd0b0600000)]
  0x00007fd0cc122df0 JavaThread "Sweeper thread" daemon [_thread_blocked, id=692770, stack(0x00007fd0b0400000,0x00007fd0b0500000)]
  0x00007fd0cc12e860 JavaThread "Common-Cleaner" daemon [_thread_blocked, id=692772, stack(0x00007fd0b0300000,0x00007fd0b0400000)]
  0x00007fd0cc2dbc10 JavaThread "Monitor Ctrl-Break" daemon [_thread_in_native, id=692776, stack(0x00007fd0b0200000,0x00007fd0b0300000)]
  0x00007fd0cc2dd360 JavaThread "Notification Thread" daemon [_thread_blocked, id=692778, stack(0x00007fd0b0100000,0x00007fd0b0200000)]
  0x00007fd08c000fe0 JavaThread "Attach Listener" daemon [_thread_blocked, id=692796, stack(0x00007fd066235000,0x00007fd066335000)]

Other Threads:
  0x00007fd0cc1116a0 VMThread "VM Thread" [stack: 0x00007fd0b1458000,0x00007fd0b1558000] [id=692762]
  0x00007fd0cc0191e0 WatcherThread [stack: 0x00007fd067f00000,0x00007fd068000000] [id=692779]
  0x00007fd0cc06fdb0 GCTaskThread "GC Thread#0" [stack: 0x00007fd0d08ff000,0x00007fd0d09ff000] [id=692750]
  0x00007fd0900051c0 GCTaskThread "GC Thread#1" [stack: 0x00007fd066135000,0x00007fd066235000] [id=692799]
  0x00007fd090005c40 GCTaskThread "GC Thread#2" [stack: 0x00007fd066033000,0x00007fd066133000] [id=692800]
  0x00007fd09000c080 GCTaskThread "GC Thread#3" [stack: 0x00007fd065f31000,0x00007fd066031000] [id=692801]
  0x00007fd0cc0808d0 ConcurrentGCThread "G1 Main Marker" [stack: 0x00007fd0d07fd000,0x00007fd0d08fd000] [id=692751]
  0x00007fd0cc081830 ConcurrentGCThread "G1 Conc#0" [stack: 0x00007fd0d06fb000,0x00007fd0d07fb000] [id=692753]
  0x00007fd0cc0e5f20 ConcurrentGCThread "G1 Refine#0" [stack: 0x00007fd0d01f5000,0x00007fd0d02f5000] [id=692758]
  0x00007fd0cc0e6e10 ConcurrentGCThread "G1 Service" [stack: 0x00007fd0d00f3000,0x00007fd0d01f3000] [id=692759]

Threads with active compile tasks:
C2 CompilerThread0     1701  826       4       java.util.regex.Pattern$CharPropertyGreedy::match (160 bytes)

VM state: not at safepoint (normal execution)

VM Mutex/Monitor currently owned by a thread: None

Heap address: 0x0000000085600000, size: 1962 MB, Compressed Oops mode: 32-bit

CDS archive(s) mapped at: [0x0000000800000000-0x0000000800be2000-0x0000000800be2000), size 12460032, SharedBaseAddress: 0x0000000800000000, ArchiveRelocationMode: 0.
Compressed class space mapped at: 0x0000000801000000-0x0000000841000000, reserved size: 1073741824
Narrow klass base: 0x0000000800000000, Narrow klass shift: 0, Narrow klass range: 0x100000000

GC Precious Log:
 CPUs: 4 total, 4 available
 Memory: 7840M
 Large Page Support: Disabled
 NUMA Support: Disabled
 Compressed Oops: Enabled (32-bit)
 Heap Region Size: 1M
 Heap Min Capacity: 8M
 Heap Initial Capacity: 124M
 Heap Max Capacity: 1962M
 Pre-touch: Disabled
 Parallel Workers: 4
 Concurrent Workers: 1
 Concurrent Refinement Workers: 4
 Periodic GC: Disabled

Heap:
 garbage-first heap   total 129024K, used 8097K [0x0000000085600000, 0x0000000100000000)
  region size 1024K, 6 young (6144K), 2 survivors (2048K)
 Metaspace       used 5133K, committed 5248K, reserved 1114112K
  class space    used 488K, committed 512K, reserved 1048576K

Heap Regions: E=young(eden), S=young(survivor), O=old, HS=humongous(starts), HC=humongous(continues), CS=collection set, F=free, OA=open archive, CA=closed archive, TAMS=top-at-mark-start (previous, next)
|   0|0x0000000085600000, 0x0000000085700000, 0x0000000085700000|100%|HS|  |TAMS 0x0000000085600000, 0x0000000085600000| Complete 
|   1|0x0000000085700000, 0x00000000857f0600, 0x0000000085800000| 93%| O|  |TAMS 0x0000000085700000, 0x0000000085700000| Untracked 
|   2|0x0000000085800000, 0x0000000085800000, 0x0000000085900000|  0%| F|  |TAMS 0x0000000085800000, 0x0000000085800000| Untracked 
|   3|0x0000000085900000, 0x0000000085900000, 0x0000000085a00000|  0%| F|  |TAMS 0x0000000085900000, 0x0000000085900000| Untracked 
|   4|0x0000000085a00000, 0x0000000085a00000, 0x0000000085b00000|  0%| F|  |TAMS 0x0000000085a00000, 0x0000000085a00000| Untracked 
|   5|0x0000000085b00000, 0x0000000085b00000, 0x0000000085c00000|  0%| F|  |TAMS 0x0000000085b00000, 0x0000000085b00000| Untracked 
|   6|0x0000000085c00000, 0x0000000085c00000, 0x0000000085d00000|  0%| F|  |TAMS 0x0000000085c00000, 0x0000000085c00000| Untracked 
|   7|0x0000000085d00000, 0x0000000085d00000, 0x0000000085e00000|  0%| F|  |TAMS 0x0000000085d00000, 0x0000000085d00000| Untracked 
|   8|0x0000000085e00000, 0x0000000085e00000, 0x0000000085f00000|  0%| F|  |TAMS 0x0000000085e00000, 0x0000000085e00000| Untracked 
|   9|0x0000000085f00000, 0x0000000085f00000, 0x0000000086000000|  0%| F|  |TAMS 0x0000000085f00000, 0x0000000085f00000| Untracked 
|  10|0x0000000086000000, 0x0000000086000000, 0x0000000086100000|  0%| F|  |TAMS 0x0000000086000000, 0x0000000086000000| Untracked 
|  11|0x0000000086100000, 0x0000000086100000, 0x0000000086200000|  0%| F|  |TAMS 0x0000000086100000, 0x0000000086100000| Untracked 
|  12|0x0000000086200000, 0x0000000086200000, 0x0000000086300000|  0%| F|  |TAMS 0x0000000086200000, 0x0000000086200000| Untracked 
|  13|0x0000000086300000, 0x0000000086300000, 0x0000000086400000|  0%| F|  |TAMS 0x0000000086300000, 0x0000000086300000| Untracked 
|  14|0x0000000086400000, 0x0000000086400000, 0x0000000086500000|  0%| F|  |TAMS 0x0000000086400000, 0x0000000086400000| Untracked 
|  15|0x0000000086500000, 0x0000000086500000, 0x0000000086600000|  0%| F|  |TAMS 0x0000000086500000, 0x0000000086500000| Untracked 
|  16|0x0000000086600000, 0x0000000086600000, 0x0000000086700000|  0%| F|  |TAMS 0x0000000086600000, 0x0000000086600000| Untracked 
|  17|0x0000000086700000, 0x0000000086700000, 0x0000000086800000|  0%| F|  |TAMS 0x0000000086700000, 0x0000000086700000| Untracked 
|  18|0x0000000086800000, 0x0000000086800000, 0x0000000086900000|  0%| F|  |TAMS 0x0000000086800000, 0x0000000086800000| Untracked 
|  19|0x0000000086900000, 0x0000000086900000, 0x0000000086a00000|  0%| F|  |TAMS 0x0000000086900000, 0x0000000086900000| Untracked 
|  20|0x0000000086a00000, 0x0000000086a00000, 0x0000000086b00000|  0%| F|  |TAMS 0x0000000086a00000, 0x0000000086a00000| Untracked 
|  21|0x0000000086b00000, 0x0000000086b00000, 0x0000000086c00000|  0%| F|  |TAMS 0x0000000086b00000, 0x0000000086b00000| Untracked 
|  22|0x0000000086c00000, 0x0000000086c00000, 0x0000000086d00000|  0%| F|  |TAMS 0x0000000086c00000, 0x0000000086c00000| Untracked 
|  23|0x0000000086d00000, 0x0000000086d00000, 0x0000000086e00000|  0%| F|  |TAMS 0x0000000086d00000, 0x0000000086d00000| Untracked 
|  24|0x0000000086e00000, 0x0000000086e00000, 0x0000000086f00000|  0%| F|  |TAMS 0x0000000086e00000, 0x0000000086e00000| Untracked 
|  25|0x0000000086f00000, 0x0000000086f00000, 0x0000000087000000|  0%| F|  |TAMS 0x0000000086f00000, 0x0000000086f00000| Untracked 
|  26|0x0000000087000000, 0x0000000087000000, 0x0000000087100000|  0%| F|  |TAMS 0x0000000087000000, 0x0000000087000000| Untracked 
|  27|0x0000000087100000, 0x0000000087100000, 0x0000000087200000|  0%| F|  |TAMS 0x0000000087100000, 0x0000000087100000| Untracked 
|  28|0x0000000087200000, 0x0000000087200000, 0x0000000087300000|  0%| F|  |TAMS 0x0000000087200000, 0x0000000087200000| Untracked 
|  29|0x0000000087300000, 0x0000000087300000, 0x0000000087400000|  0%| F|  |TAMS 0x0000000087300000, 0x0000000087300000| Untracked 
|  30|0x0000000087400000, 0x0000000087400000, 0x0000000087500000|  0%| F|  |TAMS 0x0000000087400000, 0x0000000087400000| Untracked 
|  31|0x0000000087500000, 0x0000000087500000, 0x0000000087600000|  0%| F|  |TAMS 0x0000000087500000, 0x0000000087500000| Untracked 
|  32|0x0000000087600000, 0x0000000087600000, 0x0000000087700000|  0%| F|  |TAMS 0x0000000087600000, 0x0000000087600000| Untracked 
|  33|0x0000000087700000, 0x0000000087700000, 0x0000000087800000|  0%| F|  |TAMS 0x0000000087700000, 0x0000000087700000| Untracked 
|  34|0x0000000087800000, 0x0000000087800000, 0x0000000087900000|  0%| F|  |TAMS 0x0000000087800000, 0x0000000087800000| Untracked 
|  35|0x0000000087900000, 0x0000000087900000, 0x0000000087a00000|  0%| F|  |TAMS 0x0000000087900000, 0x0000000087900000| Untracked 
|  36|0x0000000087a00000, 0x0000000087a00000, 0x0000000087b00000|  0%| F|  |TAMS 0x0000000087a00000, 0x0000000087a00000| Untracked 
|  37|0x0000000087b00000, 0x0000000087b00000, 0x0000000087c00000|  0%| F|  |TAMS 0x0000000087b00000, 0x0000000087b00000| Untracked 
|  38|0x0000000087c00000, 0x0000000087c00000, 0x0000000087d00000|  0%| F|  |TAMS 0x0000000087c00000, 0x0000000087c00000| Untracked 
|  39|0x0000000087d00000, 0x0000000087d00000, 0x0000000087e00000|  0%| F|  |TAMS 0x0000000087d00000, 0x0000000087d00000| Untracked 
|  40|0x0000000087e00000, 0x0000000087e00000, 0x0000000087f00000|  0%| F|  |TAMS 0x0000000087e00000, 0x0000000087e00000| Untracked 
|  41|0x0000000087f00000, 0x0000000087f00000, 0x0000000088000000|  0%| F|  |TAMS 0x0000000087f00000, 0x0000000087f00000| Untracked 
|  42|0x0000000088000000, 0x0000000088000000, 0x0000000088100000|  0%| F|  |TAMS 0x0000000088000000, 0x0000000088000000| Untracked 
|  43|0x0000000088100000, 0x0000000088100000, 0x0000000088200000|  0%| F|  |TAMS 0x0000000088100000, 0x0000000088100000| Untracked 
|  44|0x0000000088200000, 0x0000000088200000, 0x0000000088300000|  0%| F|  |TAMS 0x0000000088200000, 0x0000000088200000| Untracked 
|  45|0x0000000088300000, 0x0000000088300000, 0x0000000088400000|  0%| F|  |TAMS 0x0000000088300000, 0x0000000088300000| Untracked 
|  46|0x0000000088400000, 0x0000000088400000, 0x0000000088500000|  0%| F|  |TAMS 0x0000000088400000, 0x0000000088400000| Untracked 
|  47|0x0000000088500000, 0x0000000088500000, 0x0000000088600000|  0%| F|  |TAMS 0x0000000088500000, 0x0000000088500000| Untracked 
|  48|0x0000000088600000, 0x0000000088600000, 0x0000000088700000|  0%| F|  |TAMS 0x0000000088600000, 0x0000000088600000| Untracked 
|  49|0x0000000088700000, 0x0000000088700000, 0x0000000088800000|  0%| F|  |TAMS 0x0000000088700000, 0x0000000088700000| Untracked 
|  50|0x0000000088800000, 0x0000000088800000, 0x0000000088900000|  0%| F|  |TAMS 0x0000000088800000, 0x0000000088800000| Untracked 
|  51|0x0000000088900000, 0x0000000088900000, 0x0000000088a00000|  0%| F|  |TAMS 0x0000000088900000, 0x0000000088900000| Untracked 
|  52|0x0000000088a00000, 0x0000000088a00000, 0x0000000088b00000|  0%| F|  |TAMS 0x0000000088a00000, 0x0000000088a00000| Untracked 
|  53|0x0000000088b00000, 0x0000000088b00000, 0x0000000088c00000|  0%| F|  |TAMS 0x0000000088b00000, 0x0000000088b00000| Untracked 
|  54|0x0000000088c00000, 0x0000000088c00000, 0x0000000088d00000|  0%| F|  |TAMS 0x0000000088c00000, 0x0000000088c00000| Untracked 
|  55|0x0000000088d00000, 0x0000000088d00000, 0x0000000088e00000|  0%| F|  |TAMS 0x0000000088d00000, 0x0000000088d00000| Untracked 
|  56|0x0000000088e00000, 0x0000000088e00000, 0x0000000088f00000|  0%| F|  |TAMS 0x0000000088e00000, 0x0000000088e00000| Untracked 
|  57|0x0000000088f00000, 0x0000000088f00000, 0x0000000089000000|  0%| F|  |TAMS 0x0000000088f00000, 0x0000000088f00000| Untracked 
|  58|0x0000000089000000, 0x0000000089000000, 0x0000000089100000|  0%| F|  |TAMS 0x0000000089000000, 0x0000000089000000| Untracked 
|  59|0x0000000089100000, 0x0000000089100000, 0x0000000089200000|  0%| F|  |TAMS 0x0000000089100000, 0x0000000089100000| Untracked 
|  60|0x0000000089200000, 0x0000000089200000, 0x0000000089300000|  0%| F|  |TAMS 0x0000000089200000, 0x0000000089200000| Untracked 
|  61|0x0000000089300000, 0x0000000089300000, 0x0000000089400000|  0%| F|  |TAMS 0x0000000089300000, 0x0000000089300000| Untracked 
|  62|0x0000000089400000, 0x0000000089400000, 0x0000000089500000|  0%| F|  |TAMS 0x0000000089400000, 0x0000000089400000| Untracked 
|  63|0x0000000089500000, 0x0000000089500000, 0x0000000089600000|  0%| F|  |TAMS 0x0000000089500000, 0x0000000089500000| Untracked 
|  64|0x0000000089600000, 0x0000000089600000, 0x0000000089700000|  0%| F|  |TAMS 0x0000000089600000, 0x0000000089600000| Untracked 
|  65|0x0000000089700000, 0x0000000089700000, 0x0000000089800000|  0%| F|  |TAMS 0x0000000089700000, 0x0000000089700000| Untracked 
|  66|0x0000000089800000, 0x0000000089800000, 0x0000000089900000|  0%| F|  |TAMS 0x0000000089800000, 0x0000000089800000| Untracked 
|  67|0x0000000089900000, 0x0000000089900000, 0x0000000089a00000|  0%| F|  |TAMS 0x0000000089900000, 0x0000000089900000| Untracked 
|  68|0x0000000089a00000, 0x0000000089a00000, 0x0000000089b00000|  0%| F|  |TAMS 0x0000000089a00000, 0x0000000089a00000| Untracked 
|  69|0x0000000089b00000, 0x0000000089b00000, 0x0000000089c00000|  0%| F|  |TAMS 0x0000000089b00000, 0x0000000089b00000| Untracked 
|  70|0x0000000089c00000, 0x0000000089c00000, 0x0000000089d00000|  0%| F|  |TAMS 0x0000000089c00000, 0x0000000089c00000| Untracked 
|  71|0x0000000089d00000, 0x0000000089d00000, 0x0000000089e00000|  0%| F|  |TAMS 0x0000000089d00000, 0x0000000089d00000| Untracked 
|  72|0x0000000089e00000, 0x0000000089e00000, 0x0000000089f00000|  0%| F|  |TAMS 0x0000000089e00000, 0x0000000089e00000| Untracked 
|  73|0x0000000089f00000, 0x0000000089f00000, 0x000000008a000000|  0%| F|  |TAMS 0x0000000089f00000, 0x0000000089f00000| Untracked 
|  74|0x000000008a000000, 0x000000008a000000, 0x000000008a100000|  0%| F|  |TAMS 0x000000008a000000, 0x000000008a000000| Untracked 
|  75|0x000000008a100000, 0x000000008a100000, 0x000000008a200000|  0%| F|  |TAMS 0x000000008a100000, 0x000000008a100000| Untracked 
|  76|0x000000008a200000, 0x000000008a200000, 0x000000008a300000|  0%| F|  |TAMS 0x000000008a200000, 0x000000008a200000| Untracked 
|  77|0x000000008a300000, 0x000000008a300000, 0x000000008a400000|  0%| F|  |TAMS 0x000000008a300000, 0x000000008a300000| Untracked 
|  78|0x000000008a400000, 0x000000008a400000, 0x000000008a500000|  0%| F|  |TAMS 0x000000008a400000, 0x000000008a400000| Untracked 
|  79|0x000000008a500000, 0x000000008a500000, 0x000000008a600000|  0%| F|  |TAMS 0x000000008a500000, 0x000000008a500000| Untracked 
|  80|0x000000008a600000, 0x000000008a600000, 0x000000008a700000|  0%| F|  |TAMS 0x000000008a600000, 0x000000008a600000| Untracked 
|  81|0x000000008a700000, 0x000000008a700000, 0x000000008a800000|  0%| F|  |TAMS 0x000000008a700000, 0x000000008a700000| Untracked 
|  82|0x000000008a800000, 0x000000008a800000, 0x000000008a900000|  0%| F|  |TAMS 0x000000008a800000, 0x000000008a800000| Untracked 
|  83|0x000000008a900000, 0x000000008a900000, 0x000000008aa00000|  0%| F|  |TAMS 0x000000008a900000, 0x000000008a900000| Untracked 
|  84|0x000000008aa00000, 0x000000008aa00000, 0x000000008ab00000|  0%| F|  |TAMS 0x000000008aa00000, 0x000000008aa00000| Untracked 
|  85|0x000000008ab00000, 0x000000008ab00000, 0x000000008ac00000|  0%| F|  |TAMS 0x000000008ab00000, 0x000000008ab00000| Untracked 
|  86|0x000000008ac00000, 0x000000008ac00000, 0x000000008ad00000|  0%| F|  |TAMS 0x000000008ac00000, 0x000000008ac00000| Untracked 
|  87|0x000000008ad00000, 0x000000008ad00000, 0x000000008ae00000|  0%| F|  |TAMS 0x000000008ad00000, 0x000000008ad00000| Untracked 
|  88|0x000000008ae00000, 0x000000008ae00000, 0x000000008af00000|  0%| F|  |TAMS 0x000000008ae00000, 0x000000008ae00000| Untracked 
|  89|0x000000008af00000, 0x000000008af00000, 0x000000008b000000|  0%| F|  |TAMS 0x000000008af00000, 0x000000008af00000| Untracked 
|  90|0x000000008b000000, 0x000000008b000000, 0x000000008b100000|  0%| F|  |TAMS 0x000000008b000000, 0x000000008b000000| Untracked 
|  91|0x000000008b100000, 0x000000008b100000, 0x000000008b200000|  0%| F|  |TAMS 0x000000008b100000, 0x000000008b100000| Untracked 
|  92|0x000000008b200000, 0x000000008b200000, 0x000000008b300000|  0%| F|  |TAMS 0x000000008b200000, 0x000000008b200000| Untracked 
|  93|0x000000008b300000, 0x000000008b300000, 0x000000008b400000|  0%| F|  |TAMS 0x000000008b300000, 0x000000008b300000| Untracked 
|  94|0x000000008b400000, 0x000000008b400000, 0x000000008b500000|  0%| F|  |TAMS 0x000000008b400000, 0x000000008b400000| Untracked 
|  95|0x000000008b500000, 0x000000008b500000, 0x000000008b600000|  0%| F|  |TAMS 0x000000008b500000, 0x000000008b500000| Untracked 
|  96|0x000000008b600000, 0x000000008b600000, 0x000000008b700000|  0%| F|  |TAMS 0x000000008b600000, 0x000000008b600000| Untracked 
|  97|0x000000008b700000, 0x000000008b700000, 0x000000008b800000|  0%| F|  |TAMS 0x000000008b700000, 0x000000008b700000| Untracked 
|  98|0x000000008b800000, 0x000000008b800000, 0x000000008b900000|  0%| F|  |TAMS 0x000000008b800000, 0x000000008b800000| Untracked 
|  99|0x000000008b900000, 0x000000008b900000, 0x000000008ba00000|  0%| F|  |TAMS 0x000000008b900000, 0x000000008b900000| Untracked 
| 100|0x000000008ba00000, 0x000000008ba00000, 0x000000008bb00000|  0%| F|  |TAMS 0x000000008ba00000, 0x000000008ba00000| Untracked 
| 101|0x000000008bb00000, 0x000000008bb00000, 0x000000008bc00000|  0%| F|  |TAMS 0x000000008bb00000, 0x000000008bb00000| Untracked 
| 102|0x000000008bc00000, 0x000000008bc00000, 0x000000008bd00000|  0%| F|  |TAMS 0x000000008bc00000, 0x000000008bc00000| Untracked 
| 103|0x000000008bd00000, 0x000000008bd00000, 0x000000008be00000|  0%| F|  |TAMS 0x000000008bd00000, 0x000000008bd00000| Untracked 
| 104|0x000000008be00000, 0x000000008be00000, 0x000000008bf00000|  0%| F|  |TAMS 0x000000008be00000, 0x000000008be00000| Untracked 
| 105|0x000000008bf00000, 0x000000008bf00000, 0x000000008c000000|  0%| F|  |TAMS 0x000000008bf00000, 0x000000008bf00000| Untracked 
| 106|0x000000008c000000, 0x000000008c000000, 0x000000008c100000|  0%| F|  |TAMS 0x000000008c000000, 0x000000008c000000| Untracked 
| 107|0x000000008c100000, 0x000000008c100000, 0x000000008c200000|  0%| F|  |TAMS 0x000000008c100000, 0x000000008c100000| Untracked 
| 108|0x000000008c200000, 0x000000008c200000, 0x000000008c300000|  0%| F|  |TAMS 0x000000008c200000, 0x000000008c200000| Untracked 
| 109|0x000000008c300000, 0x000000008c400000, 0x000000008c400000|100%| S|CS|TAMS 0x000000008c300000, 0x000000008c300000| Complete 
| 110|0x000000008c400000, 0x000000008c500000, 0x000000008c500000|100%| S|CS|TAMS 0x000000008c400000, 0x000000008c400000| Complete 
| 111|0x000000008c500000, 0x000000008c500000, 0x000000008c600000|  0%| F|  |TAMS 0x000000008c500000, 0x000000008c500000| Untracked 
| 112|0x000000008c600000, 0x000000008c600000, 0x000000008c700000|  0%| F|  |TAMS 0x000000008c600000, 0x000000008c600000| Untracked 
| 113|0x000000008c700000, 0x000000008c700000, 0x000000008c800000|  0%| F|  |TAMS 0x000000008c700000, 0x000000008c700000| Untracked 
| 114|0x000000008c800000, 0x000000008c800000, 0x000000008c900000|  0%| F|  |TAMS 0x000000008c800000, 0x000000008c800000| Untracked 
| 115|0x000000008c900000, 0x000000008c900000, 0x000000008ca00000|  0%| F|  |TAMS 0x000000008c900000, 0x000000008c900000| Untracked 
| 116|0x000000008ca00000, 0x000000008ca00000, 0x000000008cb00000|  0%| F|  |TAMS 0x000000008ca00000, 0x000000008ca00000| Untracked 
| 117|0x000000008cb00000, 0x000000008cb00000, 0x000000008cc00000|  0%| F|  |TAMS 0x000000008cb00000, 0x000000008cb00000| Untracked 
| 118|0x000000008cc00000, 0x000000008cc00000, 0x000000008cd00000|  0%| F|  |TAMS 0x000000008cc00000, 0x000000008cc00000| Untracked 
| 119|0x000000008cd00000, 0x000000008cd00000, 0x000000008ce00000|  0%| F|  |TAMS 0x000000008cd00000, 0x000000008cd00000| Untracked 
| 120|0x000000008ce00000, 0x000000008ce55230, 0x000000008cf00000| 33%| E|  |TAMS 0x000000008ce00000, 0x000000008ce00000| Complete 
| 121|0x000000008cf00000, 0x000000008d000000, 0x000000008d000000|100%| E|CS|TAMS 0x000000008cf00000, 0x000000008cf00000| Complete 
| 122|0x000000008d000000, 0x000000008d100000, 0x000000008d100000|100%| E|CS|TAMS 0x000000008d000000, 0x000000008d000000| Complete 
| 123|0x000000008d100000, 0x000000008d200000, 0x000000008d200000|100%| E|CS|TAMS 0x000000008d100000, 0x000000008d100000| Complete 
|1960|0x00000000ffe00000, 0x00000000ffe76000, 0x00000000fff00000| 46%|OA|  |TAMS 0x00000000ffe00000, 0x00000000ffe00000| Untracked 
|1961|0x00000000fff00000, 0x00000000fff82000, 0x0000000100000000| 50%|CA|  |TAMS 0x00000000fff00000, 0x00000000fff00000| Untracked 

Card table byte_map: [0x00007fd0d2c7c000,0x00007fd0d3051000] _byte_map_base: 0x00007fd0d2851000

Marking Bits (Prev, Next): (CMBitMap*) 0x00007fd0cc070830, (CMBitMap*) 0x00007fd0cc070870
 Prev Bits: [0x00007fd0d09ff000, 0x00007fd0d28a7000)
 Next Bits: [0x00007fd0b3558000, 0x00007fd0b5400000)

Polling page: 0x00007fd0d55ed000

Metaspace:

Usage:
  Non-class:      4,54 MB used.
      Class:    488,98 KB used.
       Both:      5,01 MB used.

Virtual space:
  Non-class space:       64,00 MB reserved,       4,62 MB (  7%) committed,  1 nodes.
      Class space:        1,00 GB reserved,     512,00 KB ( <1%) committed,  1 nodes.
             Both:        1,06 GB reserved,       5,12 MB ( <1%) committed. 

Chunk freelists:
   Non-Class:  9,97 MB
       Class:  15,50 MB
        Both:  25,47 MB

MaxMetaspaceSize: unlimited
CompressedClassSpaceSize: 1,00 GB
Initial GC threshold: 21,00 MB
Current GC threshold: 21,00 MB
CDS: on
MetaspaceReclaimPolicy: balanced
 - commit_granule_bytes: 65536.
 - commit_granule_words: 8192.
 - virtual_space_node_default_size: 8388608.
 - enlarge_chunks_in_place: 1.
 - new_chunks_are_fully_committed: 0.
 - uncommit_free_chunks: 1.
 - use_allocation_guard: 0.
 - handle_deallocations: 1.


Internal statistics:

num_allocs_failed_limit: 0.
num_arena_births: 22.
num_arena_deaths: 0.
num_vsnodes_births: 2.
num_vsnodes_deaths: 0.
num_space_committed: 82.
num_space_uncommitted: 0.
num_chunks_returned_to_freelist: 0.
num_chunks_taken_from_freelist: 125.
num_chunk_merges: 0.
num_chunk_splits: 84.
num_chunks_enlarged: 68.
num_inconsistent_stats: 0.

CodeHeap 'non-profiled nmethods': size=120032Kb used=250Kb max_used=250Kb free=119781Kb
 bounds [0x00007fd0bcec8000, 0x00007fd0bd138000, 0x00007fd0c4400000]
CodeHeap 'profiled nmethods': size=120028Kb used=1546Kb max_used=1546Kb free=118481Kb
 bounds [0x00007fd0b5400000, 0x00007fd0b5670000, 0x00007fd0bc937000]
CodeHeap 'non-nmethods': size=5700Kb used=1240Kb max_used=1255Kb free=4459Kb
 bounds [0x00007fd0bc937000, 0x00007fd0bcba7000, 0x00007fd0bcec8000]
 total_blobs=1417 nmethods=865 adapters=466
 compilation: enabled
              stopped_count=0, restarted_count=0
 full_count=0

Compilation events (20 events):
Event: 1,653 Thread 0x00007fd0cc121980  840       3       java.util.regex.Matcher$ImmutableMatchResult::checkMatch (18 bytes)
Event: 1,653 Thread 0x00007fd0cc121980 nmethod 840 0x00007fd0b5570f10 code [0x00007fd0b55710c0, 0x00007fd0b55712e0]
Event: 1,653 Thread 0x00007fd0cc121980  841       3       java.util.Scanner::nextLine (99 bytes)
Event: 1,654 Thread 0x00007fd0cc120450 nmethod 820% 0x00007fd0bcf05f90 code [0x00007fd0bcf06120, 0x00007fd0bcf063b8]
Event: 1,654 Thread 0x00007fd0cc120450  826       4       java.util.regex.Pattern$CharPropertyGreedy::match (160 bytes)
Event: 1,660 Thread 0x00007fd0cc121980 nmethod 841 0x00007fd0b5571410 code [0x00007fd0b55716e0, 0x00007fd0b5572440]
Event: 1,660 Thread 0x00007fd0cc121980  842       3       com.kenai.jffi.ObjectParameterStrategy::objectInfo (24 bytes)
Event: 1,661 Thread 0x00007fd0cc121980 nmethod 842 0x00007fd0b5572910 code [0x00007fd0b5572ac0, 0x00007fd0b5572c50]
Event: 1,661 Thread 0x00007fd0cc121980  843       3       function.functions::pg_timestamp_in (11 bytes)
Event: 1,661 Thread 0x00007fd0cc121980 nmethod 843 0x00007fd0b5572d10 code [0x00007fd0b5572ec0, 0x00007fd0b5572fe0]
Event: 1,661 Thread 0x00007fd0cc121980  845       3       jnr.ffi.provider.converters.CharSequenceParameterConverter::toNative (160 bytes)
Event: 1,666 Thread 0x00007fd0cc121980 nmethod 845 0x00007fd0b5573090 code [0x00007fd0b5573400, 0x00007fd0b5574b00]
Event: 1,666 Thread 0x00007fd0cc121980  846       3       jnr.ffi.provider.converters.StringUtil::getEncoder (42 bytes)
Event: 1,667 Thread 0x00007fd0cc121980 nmethod 846 0x00007fd0b5575290 code [0x00007fd0b5575480, 0x00007fd0b5575a40]
Event: 1,667 Thread 0x00007fd0cc121980  847       3       java.nio.CharBuffer::wrap (12 bytes)
Event: 1,667 Thread 0x00007fd0cc121980 nmethod 847 0x00007fd0b5575c10 code [0x00007fd0b5575dc0, 0x00007fd0b5575fb0]
Event: 1,667 Thread 0x00007fd0cc121980  848   !   3       java.nio.CharBuffer::wrap (20 bytes)
Event: 1,667 Thread 0x00007fd0cc121980 nmethod 848 0x00007fd0b5576090 code [0x00007fd0b5576260, 0x00007fd0b55764f0]
Event: 1,667 Thread 0x00007fd0cc121980  849       3       java.nio.StringCharBuffer::<init> (41 bytes)
Event: 1,668 Thread 0x00007fd0cc121980 nmethod 849 0x00007fd0b5576690 code [0x00007fd0b5576880, 0x00007fd0b5576dd0]

GC Heap History (2 events):
Event: 1,429 GC heap before
{Heap before GC invocations=0 (full 0):
 garbage-first heap   total 129024K, used 14304K [0x0000000085600000, 0x0000000100000000)
  region size 1024K, 13 young (13312K), 0 survivors (0K)
 Metaspace       used 4698K, committed 4800K, reserved 1114112K
  class space    used 453K, committed 512K, reserved 1048576K
}
Event: 1,446 GC heap after
{Heap after GC invocations=1 (full 0):
 garbage-first heap   total 129024K, used 5025K [0x0000000085600000, 0x0000000100000000)
  region size 1024K, 2 young (2048K), 2 survivors (2048K)
 Metaspace       used 4698K, committed 4800K, reserved 1114112K
  class space    used 453K, committed 512K, reserved 1048576K
}

Dll operation events (11 events):
Event: 0,020 Loaded shared library /usr/lib/jvm/java-17-openjdk-amd64/lib/libjava.so
Event: 0,089 Loaded shared library /usr/lib/jvm/java-17-openjdk-amd64/lib/libjsvml.so
Event: 0,361 Loaded shared library /usr/lib/jvm/java-17-openjdk-amd64/lib/libzip.so
Event: 0,367 Loaded shared library /usr/lib/jvm/java-17-openjdk-amd64/lib/libinstrument.so
Event: 0,374 Loaded shared library /usr/lib/jvm/java-17-openjdk-amd64/lib/libnio.so
Event: 0,395 Loaded shared library /usr/lib/jvm/java-17-openjdk-amd64/lib/libzip.so
Event: 0,503 Loaded shared library /usr/lib/jvm/java-17-openjdk-amd64/lib/libnet.so
Event: 0,554 Loaded shared library /usr/lib/jvm/java-17-openjdk-amd64/lib/libextnet.so
Event: 0,614 Loaded shared library /usr/lib/jvm/java-17-openjdk-amd64/lib/libjimage.so
Event: 0,756 Loaded shared library /tmp/jffi1093383611586331852.so
Event: 0,831 Loaded shared library /usr/lib/jvm/java-17-openjdk-amd64/lib/libverify.so

Deoptimization events (20 events):
Event: 1,571 Thread 0x00007fd0cc0166d0 DEOPT PACKING pc=0x00007fd0b545647f sp=0x00007fd0d3dfe4c0
Event: 1,571 Thread 0x00007fd0cc0166d0 DEOPT UNPACKING pc=0x00007fd0bc98de2f sp=0x00007fd0d3dfd950 mode 0
Event: 1,572 Thread 0x00007fd0cc0166d0 DEOPT PACKING pc=0x00007fd0b545647f sp=0x00007fd0d3dfe4c0
Event: 1,572 Thread 0x00007fd0cc0166d0 DEOPT UNPACKING pc=0x00007fd0bc98de2f sp=0x00007fd0d3dfd950 mode 0
Event: 1,572 Thread 0x00007fd0cc0166d0 DEOPT PACKING pc=0x00007fd0b545647f sp=0x00007fd0d3dfe4c0
Event: 1,572 Thread 0x00007fd0cc0166d0 DEOPT UNPACKING pc=0x00007fd0bc98de2f sp=0x00007fd0d3dfd950 mode 0
Event: 1,573 Thread 0x00007fd0cc0166d0 DEOPT PACKING pc=0x00007fd0b545647f sp=0x00007fd0d3dfe4c0
Event: 1,573 Thread 0x00007fd0cc0166d0 DEOPT UNPACKING pc=0x00007fd0bc98de2f sp=0x00007fd0d3dfd950 mode 0
Event: 1,574 Thread 0x00007fd0cc0166d0 DEOPT PACKING pc=0x00007fd0b545647f sp=0x00007fd0d3dfe4c0
Event: 1,574 Thread 0x00007fd0cc0166d0 DEOPT UNPACKING pc=0x00007fd0bc98de2f sp=0x00007fd0d3dfd950 mode 0
Event: 1,575 Thread 0x00007fd0cc0166d0 DEOPT PACKING pc=0x00007fd0b545647f sp=0x00007fd0d3dfe4c0
Event: 1,575 Thread 0x00007fd0cc0166d0 DEOPT UNPACKING pc=0x00007fd0bc98de2f sp=0x00007fd0d3dfd950 mode 0
Event: 1,576 Thread 0x00007fd0cc0166d0 DEOPT PACKING pc=0x00007fd0b545647f sp=0x00007fd0d3dfe4c0
Event: 1,576 Thread 0x00007fd0cc0166d0 DEOPT UNPACKING pc=0x00007fd0bc98de2f sp=0x00007fd0d3dfd950 mode 0
Event: 1,577 Thread 0x00007fd0cc0166d0 DEOPT PACKING pc=0x00007fd0b545647f sp=0x00007fd0d3dfe4c0
Event: 1,577 Thread 0x00007fd0cc0166d0 DEOPT UNPACKING pc=0x00007fd0bc98de2f sp=0x00007fd0d3dfd950 mode 0
Event: 1,577 Thread 0x00007fd0cc0166d0 DEOPT PACKING pc=0x00007fd0b545647f sp=0x00007fd0d3dfe4c0
Event: 1,577 Thread 0x00007fd0cc0166d0 DEOPT UNPACKING pc=0x00007fd0bc98de2f sp=0x00007fd0d3dfd950 mode 0
Event: 1,670 Thread 0x00007fd0cc0166d0 DEOPT PACKING pc=0x00007fd0b54335d5 sp=0x00007fd0d3dfe1b0
Event: 1,670 Thread 0x00007fd0cc0166d0 DEOPT UNPACKING pc=0x00007fd0bc98de2f sp=0x00007fd0d3dfd670 mode 0

Classes unloaded (0 events):
No events

Classes redefined (0 events):
No events

Internal exceptions (6 events):
Event: 0,394 Thread 0x00007fd0cc0166d0 Implicit null exception at 0x00007fd0bced1fd5 to 0x00007fd0bced213c
Event: 0,511 Thread 0x00007fd0cc2dbc10 Exception <a 'java/lang/NoSuchMethodError'{0x000000008cfae370}: 'java.lang.Object java.lang.invoke.DirectMethodHandle$Holder.invokeStaticInit(java.lang.Object)'> (0x000000008cfae370) 
thrown [./src/hotspot/share/interpreter/linkResolver.cpp, line 758]
Event: 0,556 Thread 0x00007fd0cc2dbc10 Exception <a 'java/lang/NoSuchMethodError'{0x000000008cfbca18}: 'void java.lang.invoke.DirectMethodHandle$Holder.invokeStatic(java.lang.Object, java.lang.Object)'> (0x000000008cfbca18) 
thrown [./src/hotspot/share/interpreter/linkResolver.cpp, line 758]
Event: 1,054 Thread 0x00007fd0cc0166d0 Exception <a 'java/lang/UnsatisfiedLinkError'{0x000000008cab8cd0}: meos: Ne peut ouvrir le fichier d'objet partagé: Aucun fichier ou dossier de ce type> (0x000000008cab8cd0) 
thrown [./src/hotspot/share/prims/jni.cpp, line 535]
Event: 1,321 Thread 0x00007fd0cc0166d0 Exception <a 'java/lang/NoSuchMethodError'{0x000000008c6637b8}: 'java.lang.Object java.lang.invoke.DirectMethodHandle$Holder.newInvokeSpecial(java.lang.Object, java.lang.Object, java.lang.Object, java.lang.Object, java.lang.Object)'> (0x000000008c6637b8) 
thrown [./src/hotspot/share/interpreter/linkResolver.cpp, line 758]
Event: 1,409 Thread 0x00007fd0cc0166d0 Exception <a 'java/lang/UnsatisfiedLinkError'{0x000000008c542420}: /usr/local/lib/libmeos.so: undefined symbol: distance_timestamp_timestamp> (0x000000008c542420) 
thrown [./src/hotspot/share/prims/jni.cpp, line 535]

VM Operations (10 events):
Event: 0,300 Executing VM operation: HandshakeAllThreads
Event: 0,300 Executing VM operation: HandshakeAllThreads done
Event: 0,503 Executing VM operation: HandshakeAllThreads
Event: 0,508 Executing VM operation: HandshakeAllThreads done
Event: 0,683 Executing VM operation: HandshakeAllThreads
Event: 0,684 Executing VM operation: HandshakeAllThreads done
Event: 0,982 Executing VM operation: HandshakeAllThreads
Event: 0,982 Executing VM operation: HandshakeAllThreads done
Event: 1,428 Executing VM operation: G1CollectForAllocation
Event: 1,446 Executing VM operation: G1CollectForAllocation done

Events (20 events):
Event: 1,404 loading class sun/util/resources/cldr/TimeZoneNames_en
Event: 1,405 loading class sun/util/resources/cldr/TimeZoneNames_en done
Event: 1,405 loading class sun/util/resources/cldr/TimeZoneNames_en_US
Event: 1,405 loading class sun/util/resources/cldr/TimeZoneNames_en_US done
Event: 1,407 loading class sun/util/resources/TimeZoneNames
Event: 1,408 loading class sun/util/resources/TimeZoneNames done
Event: 1,408 loading class sun/util/resources/TimeZoneNames_en
Event: 1,408 loading class sun/util/resources/TimeZoneNames_en done
Event: 1,456 loading class java/util/LinkedList$ListItr
Event: 1,456 loading class java/util/LinkedList$ListItr done
Event: 1,466 loading class sun/misc/Unsafe
Event: 1,467 loading class sun/misc/Unsafe done
Event: 1,484 loading class java/util/Scanner
Event: 1,484 loading class java/util/Scanner done
Event: 1,487 loading class java/util/Scanner$PatternLRUCache
Event: 1,487 loading class java/util/Scanner$PatternLRUCache done
Event: 1,490 loading class java/util/regex/Matcher$ImmutableMatchResult
Event: 1,494 loading class java/util/regex/Matcher$ImmutableMatchResult done
Event: 1,494 loading class java/nio/StringCharBuffer
Event: 1,495 loading class java/nio/StringCharBuffer done


Dynamic libraries:
85600000-8d200000 rw-p 00000000 00:00 0 
8d200000-ffe00000 ---p 00000000 00:00 0 
ffe00000-ffe76000 rw-p 00c9d000 08:02 10491600                           /usr/lib/jvm/java-17-openjdk-amd64/lib/server/classes.jsa
ffe76000-fff00000 rw-p 00000000 00:00 0 
fff00000-fff82000 rw-p 00c1b000 08:02 10491600                           /usr/lib/jvm/java-17-openjdk-amd64/lib/server/classes.jsa
fff82000-100000000 rw-p 00000000 00:00 0 
800000000-800458000 rw-p 00001000 08:02 10491600                         /usr/lib/jvm/java-17-openjdk-amd64/lib/server/classes.jsa
800458000-800be2000 r--p 00459000 08:02 10491600                         /usr/lib/jvm/java-17-openjdk-amd64/lib/server/classes.jsa
800be2000-801000000 ---p 00000000 00:00 0 
801000000-801040000 rw-p 00000000 00:00 0 
801040000-801080000 rw-p 00000000 00:00 0 
801080000-841000000 ---p 00000000 00:00 0 
561fd5f89000-561fd5f8a000 r--p 00000000 08:02 10485864                   /usr/lib/jvm/java-17-openjdk-amd64/bin/java
561fd5f8a000-561fd5f8b000 r-xp 00001000 08:02 10485864                   /usr/lib/jvm/java-17-openjdk-amd64/bin/java
561fd5f8b000-561fd5f8c000 r--p 00002000 08:02 10485864                   /usr/lib/jvm/java-17-openjdk-amd64/bin/java
561fd5f8c000-561fd5f8d000 r--p 00002000 08:02 10485864                   /usr/lib/jvm/java-17-openjdk-amd64/bin/java
561fd5f8d000-561fd5f8e000 rw-p 00003000 08:02 10485864                   /usr/lib/jvm/java-17-openjdk-amd64/bin/java
561fd71bd000-561fd7204000 rw-p 00000000 00:00 0                          [heap]
7fd050000000-7fd050021000 rw-p 00000000 00:00 0 
7fd050021000-7fd054000000 ---p 00000000 00:00 0 
7fd054000000-7fd054021000 rw-p 00000000 00:00 0 
7fd054021000-7fd058000000 ---p 00000000 00:00 0 
7fd058000000-7fd058027000 rw-p 00000000 00:00 0 
7fd058027000-7fd05c000000 ---p 00000000 00:00 0 
7fd05c000000-7fd05c021000 rw-p 00000000 00:00 0 
7fd05c021000-7fd060000000 ---p 00000000 00:00 0 
7fd060000000-7fd060021000 rw-p 00000000 00:00 0 
7fd060021000-7fd064000000 ---p 00000000 00:00 0 
7fd065b48000-7fd065f2f000 rw-p 00000000 00:00 0 
7fd065f2f000-7fd065f30000 ---p 00000000 00:00 0 
7fd065f30000-7fd066031000 rw-p 00000000 00:00 0 
7fd066031000-7fd066032000 ---p 00000000 00:00 0 
7fd066032000-7fd066133000 rw-p 00000000 00:00 0 
7fd066133000-7fd066134000 ---p 00000000 00:00 0 
7fd066134000-7fd066235000 rw-p 00000000 00:00 0 
7fd066235000-7fd066239000 ---p 00000000 00:00 0 
7fd066239000-7fd066335000 rw-p 00000000 00:00 0 
7fd066335000-7fd066356000 r--p 00000000 08:02 10356892                   /usr/lib/x86_64-linux-gnu/libkrb5.so.3.3
7fd066356000-7fd0663b3000 r-xp 00021000 08:02 10356892                   /usr/lib/x86_64-linux-gnu/libkrb5.so.3.3
7fd0663b3000-7fd0663f0000 r--p 0007e000 08:02 10356892                   /usr/lib/x86_64-linux-gnu/libkrb5.so.3.3
7fd0663f0000-7fd0663f1000 ---p 000bb000 08:02 10356892                   /usr/lib/x86_64-linux-gnu/libkrb5.so.3.3
7fd0663f1000-7fd0663fe000 r--p 000bb000 08:02 10356892                   /usr/lib/x86_64-linux-gnu/libkrb5.so.3.3
7fd0663fe000-7fd066400000 rw-p 000c8000 08:02 10356892                   /usr/lib/x86_64-linux-gnu/libkrb5.so.3.3
7fd066400000-7fd0664b2000 r--p 00000000 08:02 10354984                   /usr/lib/x86_64-linux-gnu/libcrypto.so.3
7fd0664b2000-7fd06670f000 r-xp 000b2000 08:02 10354984                   /usr/lib/x86_64-linux-gnu/libcrypto.so.3
7fd06670f000-7fd0667e1000 r--p 0030f000 08:02 10354984                   /usr/lib/x86_64-linux-gnu/libcrypto.so.3
7fd0667e1000-7fd06683c000 r--p 003e0000 08:02 10354984                   /usr/lib/x86_64-linux-gnu/libcrypto.so.3
7fd06683c000-7fd06683f000 rw-p 0043b000 08:02 10354984                   /usr/lib/x86_64-linux-gnu/libcrypto.so.3
7fd06683f000-7fd066842000 rw-p 00000000 00:00 0 
7fd066870000-7fd066871000 r--p 00000000 08:02 10355681                   /usr/lib/x86_64-linux-gnu/libbrotlicommon.so.1.0.9
7fd066871000-7fd066872000 r-xp 00001000 08:02 10355681                   /usr/lib/x86_64-linux-gnu/libbrotlicommon.so.1.0.9
7fd066872000-7fd066891000 r--p 00002000 08:02 10355681                   /usr/lib/x86_64-linux-gnu/libbrotlicommon.so.1.0.9
7fd066891000-7fd066892000 r--p 00020000 08:02 10355681                   /usr/lib/x86_64-linux-gnu/libbrotlicommon.so.1.0.9
7fd066892000-7fd066893000 rw-p 00021000 08:02 10355681                   /usr/lib/x86_64-linux-gnu/libbrotlicommon.so.1.0.9
7fd066893000-7fd066896000 r--p 00000000 08:02 10356794                   /usr/lib/x86_64-linux-gnu/libsasl2.so.2.0.25
7fd066896000-7fd0668a7000 r-xp 00003000 08:02 10356794                   /usr/lib/x86_64-linux-gnu/libsasl2.so.2.0.25
7fd0668a7000-7fd0668ac000 r--p 00014000 08:02 10356794                   /usr/lib/x86_64-linux-gnu/libsasl2.so.2.0.25
7fd0668ac000-7fd0668ad000 r--p 00018000 08:02 10356794                   /usr/lib/x86_64-linux-gnu/libsasl2.so.2.0.25
7fd0668ad000-7fd0668ae000 rw-p 00019000 08:02 10356794                   /usr/lib/x86_64-linux-gnu/libsasl2.so.2.0.25
7fd0668ae000-7fd0668d7000 r--p 00000000 08:02 10356002                   /usr/lib/x86_64-linux-gnu/libp11-kit.so.0.3.0
7fd0668d7000-7fd06697b000 r-xp 00029000 08:02 10356002                   /usr/lib/x86_64-linux-gnu/libp11-kit.so.0.3.0
7fd06697b000-7fd0669d5000 r--p 000cd000 08:02 10356002                   /usr/lib/x86_64-linux-gnu/libp11-kit.so.0.3.0
7fd0669d5000-7fd0669df000 r--p 00126000 08:02 10356002                   /usr/lib/x86_64-linux-gnu/libp11-kit.so.0.3.0
7fd0669df000-7fd0669e9000 rw-p 00130000 08:02 10356002                   /usr/lib/x86_64-linux-gnu/libp11-kit.so.0.3.0
7fd0669e9000-7fd0669f3000 r--p 00000000 08:02 10357741                   /usr/lib/x86_64-linux-gnu/libgmp.so.10.4.1
7fd0669f3000-7fd066a52000 r-xp 0000a000 08:02 10357741                   /usr/lib/x86_64-linux-gnu/libgmp.so.10.4.1
7fd066a52000-7fd066a69000 r--p 00069000 08:02 10357741                   /usr/lib/x86_64-linux-gnu/libgmp.so.10.4.1
7fd066a69000-7fd066a6a000 r--p 0007f000 08:02 10357741                   /usr/lib/x86_64-linux-gnu/libgmp.so.10.4.1
7fd066a6a000-7fd066a6b000 rw-p 00080000 08:02 10357741                   /usr/lib/x86_64-linux-gnu/libgmp.so.10.4.1
7fd066a6b000-7fd066a7c000 r--p 00000000 08:02 10360661                   /usr/lib/x86_64-linux-gnu/libunistring.so.2.2.0
7fd066a7c000-7fd066ab2000 r-xp 00011000 08:02 10360661                   /usr/lib/x86_64-linux-gnu/libunistring.so.2.2.0
7fd066ab2000-7fd066c10000 r--p 00047000 08:02 10360661                   /usr/lib/x86_64-linux-gnu/libunistring.so.2.2.0
7fd066c10000-7fd066c14000 r--p 001a5000 08:02 10360661                   /usr/lib/x86_64-linux-gnu/libunistring.so.2.2.0
7fd066c14000-7fd066c15000 rw-p 001a9000 08:02 10360661                   /usr/lib/x86_64-linux-gnu/libunistring.so.2.2.0
7fd066c15000-7fd066c46000 r--p 00000000 08:02 10357230                   /usr/lib/x86_64-linux-gnu/libgnutls.so.30.31.0
7fd066c46000-7fd066d6f000 r-xp 00031000 08:02 10357230                   /usr/lib/x86_64-linux-gnu/libgnutls.so.30.31.0
7fd066d6f000-7fd066dec000 r--p 0015a000 08:02 10357230                   /usr/lib/x86_64-linux-gnu/libgnutls.so.30.31.0
7fd066dec000-7fd066dfc000 r--p 001d6000 08:02 10357230                   /usr/lib/x86_64-linux-gnu/libgnutls.so.30.31.0
7fd066dfc000-7fd066dfe000 rw-p 001e6000 08:02 10357230                   /usr/lib/x86_64-linux-gnu/libgnutls.so.30.31.0
7fd066dfe000-7fd066e00000 rw-p 00000000 00:00 0 
7fd066e00000-7fd066e78000 r--p 00000000 08:02 10366481                   /usr/lib/x86_64-linux-gnu/libgeos.so.3.10.2
7fd066e78000-7fd066fa6000 r-xp 00078000 08:02 10366481                   /usr/lib/x86_64-linux-gnu/libgeos.so.3.10.2
7fd066fa6000-7fd067003000 r--p 001a6000 08:02 10366481                   /usr/lib/x86_64-linux-gnu/libgeos.so.3.10.2
7fd067003000-7fd06700a000 r--p 00202000 08:02 10366481                   /usr/lib/x86_64-linux-gnu/libgeos.so.3.10.2
7fd06700a000-7fd06700b000 rw-p 00209000 08:02 10366481                   /usr/lib/x86_64-linux-gnu/libgeos.so.3.10.2
7fd067010000-7fd067013000 r--p 00000000 08:02 10365379                   /usr/lib/x86_64-linux-gnu/libresolv.so.2
7fd067013000-7fd06701d000 r-xp 00003000 08:02 10365379                   /usr/lib/x86_64-linux-gnu/libresolv.so.2
7fd06701d000-7fd067020000 r--p 0000d000 08:02 10365379                   /usr/lib/x86_64-linux-gnu/libresolv.so.2
7fd067020000-7fd067021000 r--p 0000f000 08:02 10365379                   /usr/lib/x86_64-linux-gnu/libresolv.so.2
7fd067021000-7fd067022000 rw-p 00010000 08:02 10365379                   /usr/lib/x86_64-linux-gnu/libresolv.so.2
7fd067022000-7fd067024000 rw-p 00000000 00:00 0 
7fd067024000-7fd067028000 r--p 00000000 08:02 10357711                   /usr/lib/x86_64-linux-gnu/libk5crypto.so.3.1
7fd067028000-7fd067043000 r-xp 00004000 08:02 10357711                   /usr/lib/x86_64-linux-gnu/libk5crypto.so.3.1
7fd067043000-7fd06704f000 r--p 0001f000 08:02 10357711                   /usr/lib/x86_64-linux-gnu/libk5crypto.so.3.1
7fd06704f000-7fd067050000 ---p 0002b000 08:02 10357711                   /usr/lib/x86_64-linux-gnu/libk5crypto.so.3.1
7fd067050000-7fd067051000 r--p 0002b000 08:02 10357711                   /usr/lib/x86_64-linux-gnu/libk5crypto.so.3.1
7fd067051000-7fd067052000 rw-p 0002c000 08:02 10357711                   /usr/lib/x86_64-linux-gnu/libk5crypto.so.3.1
7fd067052000-7fd067053000 rw-p 00000000 00:00 0 
7fd067053000-7fd067056000 r--p 00000000 08:02 10361751                   /usr/lib/x86_64-linux-gnu/libtasn1.so.6.6.2
7fd067056000-7fd067064000 r-xp 00003000 08:02 10361751                   /usr/lib/x86_64-linux-gnu/libtasn1.so.6.6.2
7fd067064000-7fd067068000 r--p 00011000 08:02 10361751                   /usr/lib/x86_64-linux-gnu/libtasn1.so.6.6.2
7fd067068000-7fd067069000 ---p 00015000 08:02 10361751                   /usr/lib/x86_64-linux-gnu/libtasn1.so.6.6.2
7fd067069000-7fd06706a000 r--p 00015000 08:02 10361751                   /usr/lib/x86_64-linux-gnu/libtasn1.so.6.6.2
7fd06706a000-7fd06706b000 rw-p 00016000 08:02 10361751                   /usr/lib/x86_64-linux-gnu/libtasn1.so.6.6.2
7fd06706b000-7fd067073000 r--p 00000000 08:02 10360657                   /usr/lib/x86_64-linux-gnu/libhogweed.so.6.4
7fd067073000-7fd067086000 r-xp 00008000 08:02 10360657                   /usr/lib/x86_64-linux-gnu/libhogweed.so.6.4
7fd067086000-7fd0670b0000 r--p 0001b000 08:02 10360657                   /usr/lib/x86_64-linux-gnu/libhogweed.so.6.4
7fd0670b0000-7fd0670b1000 ---p 00045000 08:02 10360657                   /usr/lib/x86_64-linux-gnu/libhogweed.so.6.4
7fd0670b1000-7fd0670b2000 r--p 00045000 08:02 10360657                   /usr/lib/x86_64-linux-gnu/libhogweed.so.6.4
7fd0670b2000-7fd0670b3000 rw-p 00046000 08:02 10360657                   /usr/lib/x86_64-linux-gnu/libhogweed.so.6.4
7fd0670b3000-7fd0670d1000 r--p 00000000 08:02 10355997                   /usr/lib/x86_64-linux-gnu/libsqlite3.so.0.8.6
7fd0670d1000-7fd0671bd000 r-xp 0001e000 08:02 10355997                   /usr/lib/x86_64-linux-gnu/libsqlite3.so.0.8.6
7fd0671bd000-7fd0671f8000 r--p 0010a000 08:02 10355997                   /usr/lib/x86_64-linux-gnu/libsqlite3.so.0.8.6
7fd0671f8000-7fd0671fc000 r--p 00144000 08:02 10355997                   /usr/lib/x86_64-linux-gnu/libsqlite3.so.0.8.6
7fd0671fc000-7fd067200000 rw-p 00148000 08:02 10355997                   /usr/lib/x86_64-linux-gnu/libsqlite3.so.0.8.6
7fd067200000-7fd06725b000 r--p 00000000 08:02 10360429                   /usr/lib/x86_64-linux-gnu/libgsl.so.27.0.0
7fd06725b000-7fd067432000 r-xp 0005b000 08:02 10360429                   /usr/lib/x86_64-linux-gnu/libgsl.so.27.0.0
7fd067432000-7fd0674ab000 r--p 00232000 08:02 10360429                   /usr/lib/x86_64-linux-gnu/libgsl.so.27.0.0
7fd0674ab000-7fd0674ac000 ---p 002ab000 08:02 10360429                   /usr/lib/x86_64-linux-gnu/libgsl.so.27.0.0
7fd0674ac000-7fd0674b0000 r--p 002ab000 08:02 10360429                   /usr/lib/x86_64-linux-gnu/libgsl.so.27.0.0
7fd0674b0000-7fd0674be000 rw-p 002af000 08:02 10360429                   /usr/lib/x86_64-linux-gnu/libgsl.so.27.0.0
7fd0674be000-7fd0674bf000 rw-p 00000000 00:00 0 
7fd0674c5000-7fd0674c7000 r--p 00000000 08:02 10357718                   /usr/lib/x86_64-linux-gnu/libkeyutils.so.1.9
7fd0674c7000-7fd0674c9000 r-xp 00002000 08:02 10357718                   /usr/lib/x86_64-linux-gnu/libkeyutils.so.1.9
7fd0674c9000-7fd0674ca000 r--p 00004000 08:02 10357718                   /usr/lib/x86_64-linux-gnu/libkeyutils.so.1.9
7fd0674ca000-7fd0674cb000 r--p 00004000 08:02 10357718                   /usr/lib/x86_64-linux-gnu/libkeyutils.so.1.9
7fd0674cb000-7fd0674cc000 rw-p 00005000 08:02 10357718                   /usr/lib/x86_64-linux-gnu/libkeyutils.so.1.9
7fd0674cc000-7fd0674da000 r--p 00000000 08:02 10362052                   /usr/lib/x86_64-linux-gnu/libldap-2.5.so.0.1.9
7fd0674da000-7fd067514000 r-xp 0000e000 08:02 10362052                   /usr/lib/x86_64-linux-gnu/libldap-2.5.so.0.1.9
7fd067514000-7fd067525000 r--p 00048000 08:02 10362052                   /usr/lib/x86_64-linux-gnu/libldap-2.5.so.0.1.9
7fd067525000-7fd067526000 ---p 00059000 08:02 10362052                   /usr/lib/x86_64-linux-gnu/libldap-2.5.so.0.1.9
7fd067526000-7fd067528000 r--p 00059000 08:02 10362052                   /usr/lib/x86_64-linux-gnu/libldap-2.5.so.0.1.9
7fd067528000-7fd067529000 rw-p 0005b000 08:02 10362052                   /usr/lib/x86_64-linux-gnu/libldap-2.5.so.0.1.9
7fd067529000-7fd06752b000 rw-p 00000000 00:00 0 
7fd06752b000-7fd067536000 r--p 00000000 08:02 10357451                   /usr/lib/x86_64-linux-gnu/libgssapi_krb5.so.2.2
7fd067536000-7fd06756e000 r-xp 0000b000 08:02 10357451                   /usr/lib/x86_64-linux-gnu/libgssapi_krb5.so.2.2
7fd06756e000-7fd06757a000 r--p 00043000 08:02 10357451                   /usr/lib/x86_64-linux-gnu/libgssapi_krb5.so.2.2
7fd06757a000-7fd06757b000 ---p 0004f000 08:02 10357451                   /usr/lib/x86_64-linux-gnu/libgssapi_krb5.so.2.2
7fd06757b000-7fd06757d000 r--p 0004f000 08:02 10357451                   /usr/lib/x86_64-linux-gnu/libgssapi_krb5.so.2.2
7fd06757d000-7fd06757f000 rw-p 00051000 08:02 10357451                   /usr/lib/x86_64-linux-gnu/libgssapi_krb5.so.2.2
7fd06757f000-7fd067583000 r--p 00000000 08:02 10355582                   /usr/lib/x86_64-linux-gnu/libjpeg.so.8.2.2
7fd067583000-7fd0675cc000 r-xp 00004000 08:02 10355582                   /usr/lib/x86_64-linux-gnu/libjpeg.so.8.2.2
7fd0675cc000-7fd0675fe000 r--p 0004d000 08:02 10355582                   /usr/lib/x86_64-linux-gnu/libjpeg.so.8.2.2
7fd0675fe000-7fd0675ff000 r--p 0007e000 08:02 10355582                   /usr/lib/x86_64-linux-gnu/libjpeg.so.8.2.2
7fd0675ff000-7fd067600000 rw-p 0007f000 08:02 10355582                   /usr/lib/x86_64-linux-gnu/libjpeg.so.8.2.2
7fd067600000-7fd067668000 r--p 00000000 08:02 10358220                   /usr/lib/x86_64-linux-gnu/libproj.so.22.2.1
7fd067668000-7fd0678b7000 r-xp 00068000 08:02 10358220                   /usr/lib/x86_64-linux-gnu/libproj.so.22.2.1
7fd0678b7000-7fd06794c000 r--p 002b7000 08:02 10358220                   /usr/lib/x86_64-linux-gnu/libproj.so.22.2.1
7fd06794c000-7fd06794d000 ---p 0034c000 08:02 10358220                   /usr/lib/x86_64-linux-gnu/libproj.so.22.2.1
7fd06794d000-7fd067964000 r--p 0034c000 08:02 10358220                   /usr/lib/x86_64-linux-gnu/libproj.so.22.2.1
7fd067964000-7fd067966000 rw-p 00363000 08:02 10358220                   /usr/lib/x86_64-linux-gnu/libproj.so.22.2.1
7fd067966000-7fd067969000 rw-p 00000000 00:00 0 
7fd067969000-7fd067973000 r--p 00000000 08:02 10355057                   /usr/lib/x86_64-linux-gnu/libnettle.so.8.4
7fd067973000-7fd067996000 r-xp 0000a000 08:02 10355057                   /usr/lib/x86_64-linux-gnu/libnettle.so.8.4
7fd067996000-7fd0679ac000 r--p 0002d000 08:02 10355057                   /usr/lib/x86_64-linux-gnu/libnettle.so.8.4
7fd0679ac000-7fd0679ae000 r--p 00042000 08:02 10355057                   /usr/lib/x86_64-linux-gnu/libnettle.so.8.4
7fd0679ae000-7fd0679af000 rw-p 00044000 08:02 10355057                   /usr/lib/x86_64-linux-gnu/libnettle.so.8.4
7fd0679af000-7fd0679b9000 r--p 00000000 08:02 10354868                   /usr/lib/x86_64-linux-gnu/libzstd.so.1.4.8
7fd0679b9000-7fd067a6b000 r-xp 0000a000 08:02 10354868                   /usr/lib/x86_64-linux-gnu/libzstd.so.1.4.8
7fd067a6b000-7fd067a7c000 r--p 000bc000 08:02 10354868                   /usr/lib/x86_64-linux-gnu/libzstd.so.1.4.8
7fd067a7c000-7fd067a7d000 r--p 000cc000 08:02 10354868                   /usr/lib/x86_64-linux-gnu/libzstd.so.1.4.8
7fd067a7d000-7fd067a7e000 rw-p 000cd000 08:02 10354868                   /usr/lib/x86_64-linux-gnu/libzstd.so.1.4.8
7fd067a7e000-7fd067ab4000 r--p 00000000 08:02 11142841                   /usr/local/lib/libmeos.so
7fd067ab4000-7fd067ba8000 r-xp 00036000 08:02 11142841                   /usr/local/lib/libmeos.so
7fd067ba8000-7fd067bf3000 r--p 0012a000 08:02 11142841                   /usr/local/lib/libmeos.so
7fd067bf3000-7fd067bf4000 ---p 00175000 08:02 11142841                   /usr/local/lib/libmeos.so
7fd067bf4000-7fd067bf5000 r--p 00175000 08:02 11142841                   /usr/local/lib/libmeos.so
7fd067bf5000-7fd067bfa000 rw-p 00176000 08:02 11142841                   /usr/local/lib/libmeos.so
7fd067bfa000-7fd067c00000 rw-p 00000000 00:00 0 
7fd067c00000-7fd067c12000 r-xp 00000000 08:02 1703947                    /tmp/jffi1093383611586331852.so (deleted)
7fd067c12000-7fd067e11000 ---p 00012000 08:02 1703947                    /tmp/jffi1093383611586331852.so (deleted)
7fd067e11000-7fd067e12000 rw-p 00011000 08:02 1703947                    /tmp/jffi1093383611586331852.so (deleted)
7fd067e18000-7fd067e1a000 r--p 00000000 08:02 10356728                   /usr/lib/x86_64-linux-gnu/libffi.so.8.1.0
7fd067e1a000-7fd067e21000 r-xp 00002000 08:02 10356728                   /usr/lib/x86_64-linux-gnu/libffi.so.8.1.0
7fd067e21000-7fd067e22000 r--p 00009000 08:02 10356728                   /usr/lib/x86_64-linux-gnu/libffi.so.8.1.0
7fd067e22000-7fd067e23000 ---p 0000a000 08:02 10356728                   /usr/lib/x86_64-linux-gnu/libffi.so.8.1.0
7fd067e23000-7fd067e24000 r--p 0000a000 08:02 10356728                   /usr/lib/x86_64-linux-gnu/libffi.so.8.1.0
7fd067e24000-7fd067e25000 rw-p 0000b000 08:02 10356728                   /usr/lib/x86_64-linux-gnu/libffi.so.8.1.0
7fd067e25000-7fd067e32000 r--p 00000000 08:02 10355188                   /usr/lib/x86_64-linux-gnu/libssh.so.4.8.7
7fd067e32000-7fd067e75000 r-xp 0000d000 08:02 10355188                   /usr/lib/x86_64-linux-gnu/libssh.so.4.8.7
7fd067e75000-7fd067e8e000 r--p 00050000 08:02 10355188                   /usr/lib/x86_64-linux-gnu/libssh.so.4.8.7
7fd067e8e000-7fd067e90000 r--p 00068000 08:02 10355188                   /usr/lib/x86_64-linux-gnu/libssh.so.4.8.7
7fd067e90000-7fd067e92000 rw-p 0006a000 08:02 10355188                   /usr/lib/x86_64-linux-gnu/libssh.so.4.8.7
7fd067e92000-7fd067e94000 r--p 00000000 08:02 10358223                   /usr/lib/x86_64-linux-gnu/libwebp.so.7.1.3
7fd067e94000-7fd067ee9000 r-xp 00002000 08:02 10358223                   /usr/lib/x86_64-linux-gnu/libwebp.so.7.1.3
7fd067ee9000-7fd067efa000 r--p 00057000 08:02 10358223                   /usr/lib/x86_64-linux-gnu/libwebp.so.7.1.3
7fd067efa000-7fd067efb000 r--p 00067000 08:02 10358223                   /usr/lib/x86_64-linux-gnu/libwebp.so.7.1.3
7fd067efb000-7fd067efc000 rw-p 00068000 08:02 10358223                   /usr/lib/x86_64-linux-gnu/libwebp.so.7.1.3
7fd067efc000-7fd067efe000 rw-p 00000000 00:00 0 
7fd067efe000-7fd067eff000 ---p 00000000 00:00 0 
7fd067eff000-7fd068000000 rw-p 00000000 00:00 0 
7fd068000000-7fd068021000 rw-p 00000000 00:00 0 
7fd068021000-7fd06c000000 ---p 00000000 00:00 0 
7fd06c000000-7fd06c021000 rw-p 00000000 00:00 0 
7fd06c021000-7fd070000000 ---p 00000000 00:00 0 
7fd070000000-7fd070021000 rw-p 00000000 00:00 0 
7fd070021000-7fd074000000 ---p 00000000 00:00 0 
7fd074000000-7fd074021000 rw-p 00000000 00:00 0 
7fd074021000-7fd078000000 ---p 00000000 00:00 0 
7fd078000000-7fd07835e000 rw-p 00000000 00:00 0 
7fd07835e000-7fd07c000000 ---p 00000000 00:00 0 
7fd07c000000-7fd07c354000 rw-p 00000000 00:00 0 
7fd07c354000-7fd080000000 ---p 00000000 00:00 0 
7fd080000000-7fd080021000 rw-p 00000000 00:00 0 
7fd080021000-7fd084000000 ---p 00000000 00:00 0 
7fd084000000-7fd084021000 rw-p 00000000 00:00 0 
7fd084021000-7fd088000000 ---p 00000000 00:00 0 
7fd088000000-7fd088021000 rw-p 00000000 00:00 0 
7fd088021000-7fd08c000000 ---p 00000000 00:00 0 
7fd08c000000-7fd08c021000 rw-p 00000000 00:00 0 
7fd08c021000-7fd090000000 ---p 00000000 00:00 0 
7fd090000000-7fd090021000 rw-p 00000000 00:00 0 
7fd090021000-7fd094000000 ---p 00000000 00:00 0 
7fd094000000-7fd094021000 rw-p 00000000 00:00 0 
7fd094021000-7fd098000000 ---p 00000000 00:00 0 
7fd098000000-7fd098290000 rw-p 00000000 00:00 0 
7fd098290000-7fd098400000 ---p 00000000 00:00 0 
7fd098400000-7fd098610000 rw-p 00000000 00:00 0 
7fd098610000-7fd09c000000 ---p 00000000 00:00 0 
7fd09c000000-7fd09c021000 rw-p 00000000 00:00 0 
7fd09c021000-7fd0a0000000 ---p 00000000 00:00 0 
7fd0a0000000-7fd0a0021000 rw-p 00000000 00:00 0 
7fd0a0021000-7fd0a4000000 ---p 00000000 00:00 0 
7fd0a4000000-7fd0a4021000 rw-p 00000000 00:00 0 
7fd0a4021000-7fd0a8000000 ---p 00000000 00:00 0 
7fd0a8000000-7fd0a8021000 rw-p 00000000 00:00 0 
7fd0a8021000-7fd0ac000000 ---p 00000000 00:00 0 
7fd0ac000000-7fd0ac021000 rw-p 00000000 00:00 0 
7fd0ac021000-7fd0b0000000 ---p 00000000 00:00 0 
7fd0b0002000-7fd0b0005000 r--p 00000000 08:02 10355637                   /usr/lib/x86_64-linux-gnu/libkrb5support.so.0.1
7fd0b0005000-7fd0b000b000 r-xp 00003000 08:02 10355637                   /usr/lib/x86_64-linux-gnu/libkrb5support.so.0.1
7fd0b000b000-7fd0b000d000 r--p 00009000 08:02 10355637                   /usr/lib/x86_64-linux-gnu/libkrb5support.so.0.1
7fd0b000d000-7fd0b000e000 ---p 0000b000 08:02 10355637                   /usr/lib/x86_64-linux-gnu/libkrb5support.so.0.1
7fd0b000e000-7fd0b000f000 r--p 0000b000 08:02 10355637                   /usr/lib/x86_64-linux-gnu/libkrb5support.so.0.1
7fd0b000f000-7fd0b0010000 rw-p 0000c000 08:02 10355637                   /usr/lib/x86_64-linux-gnu/libkrb5support.so.0.1
7fd0b0010000-7fd0b0011000 r--p 00000000 08:02 10355683                   /usr/lib/x86_64-linux-gnu/libbrotlidec.so.1.0.9
7fd0b0011000-7fd0b0019000 r-xp 00001000 08:02 10355683                   /usr/lib/x86_64-linux-gnu/libbrotlidec.so.1.0.9
7fd0b0019000-7fd0b001c000 r--p 00009000 08:02 10355683                   /usr/lib/x86_64-linux-gnu/libbrotlidec.so.1.0.9
7fd0b001c000-7fd0b001d000 r--p 0000b000 08:02 10355683                   /usr/lib/x86_64-linux-gnu/libbrotlidec.so.1.0.9
7fd0b001d000-7fd0b001e000 rw-p 0000c000 08:02 10355683                   /usr/lib/x86_64-linux-gnu/libbrotlidec.so.1.0.9
7fd0b001e000-7fd0b0023000 r--p 00000000 08:02 10355338                   /usr/lib/x86_64-linux-gnu/librtmp.so.1
7fd0b0023000-7fd0b0033000 r-xp 00005000 08:02 10355338                   /usr/lib/x86_64-linux-gnu/librtmp.so.1
7fd0b0033000-7fd0b003a000 r--p 00015000 08:02 10355338                   /usr/lib/x86_64-linux-gnu/librtmp.so.1
7fd0b003a000-7fd0b003b000 ---p 0001c000 08:02 10355338                   /usr/lib/x86_64-linux-gnu/librtmp.so.1
7fd0b003b000-7fd0b003c000 r--p 0001c000 08:02 10355338                   /usr/lib/x86_64-linux-gnu/librtmp.so.1
7fd0b003c000-7fd0b003d000 rw-p 0001d000 08:02 10355338                   /usr/lib/x86_64-linux-gnu/librtmp.so.1
7fd0b003d000-7fd0b003f000 r--p 00000000 08:02 10361325                   /usr/lib/x86_64-linux-gnu/libidn2.so.0.3.7
7fd0b003f000-7fd0b0043000 r-xp 00002000 08:02 10361325                   /usr/lib/x86_64-linux-gnu/libidn2.so.0.3.7
7fd0b0043000-7fd0b005c000 r--p 00006000 08:02 10361325                   /usr/lib/x86_64-linux-gnu/libidn2.so.0.3.7
7fd0b005c000-7fd0b005d000 r--p 0001e000 08:02 10361325                   /usr/lib/x86_64-linux-gnu/libidn2.so.0.3.7
7fd0b005d000-7fd0b005e000 rw-p 0001f000 08:02 10361325                   /usr/lib/x86_64-linux-gnu/libidn2.so.0.3.7
7fd0b005e000-7fd0b006c000 r--p 00000000 08:02 10355046                   /usr/lib/x86_64-linux-gnu/libcurl-gnutls.so.4.7.0
7fd0b006c000-7fd0b00de000 r-xp 0000e000 08:02 10355046                   /usr/lib/x86_64-linux-gnu/libcurl-gnutls.so.4.7.0
7fd0b00de000-7fd0b00f9000 r--p 00080000 08:02 10355046                   /usr/lib/x86_64-linux-gnu/libcurl-gnutls.so.4.7.0
7fd0b00f9000-7fd0b00fd000 r--p 0009a000 08:02 10355046                   /usr/lib/x86_64-linux-gnu/libcurl-gnutls.so.4.7.0
7fd0b00fd000-7fd0b00ff000 rw-p 0009e000 08:02 10355046                   /usr/lib/x86_64-linux-gnu/libcurl-gnutls.so.4.7.0
7fd0b00ff000-7fd0b0100000 rw-p 00000000 00:00 0 
7fd0b0100000-7fd0b0104000 ---p 00000000 00:00 0 
7fd0b0104000-7fd0b0200000 rw-p 00000000 00:00 0 
7fd0b0200000-7fd0b0204000 ---p 00000000 00:00 0 
7fd0b0204000-7fd0b0300000 rw-p 00000000 00:00 0 
7fd0b0300000-7fd0b0304000 ---p 00000000 00:00 0 
7fd0b0304000-7fd0b0400000 rw-p 00000000 00:00 0 
7fd0b0400000-7fd0b0404000 ---p 00000000 00:00 0 
7fd0b0404000-7fd0b0500000 rw-p 00000000 00:00 0 
7fd0b0500000-7fd0b0504000 ---p 00000000 00:00 0 
7fd0b0504000-7fd0b0600000 rw-p 00000000 00:00 0 
7fd0b0600000-7fd0b0604000 ---p 00000000 00:00 0 
7fd0b0604000-7fd0b0700000 rw-p 00000000 00:00 0 
7fd0b0700000-7fd0b0704000 ---p 00000000 00:00 0 
7fd0b0704000-7fd0b0800000 rw-p 00000000 00:00 0 
7fd0b0800000-7fd0b0804000 ---p 00000000 00:00 0 
7fd0b0804000-7fd0b0900000 rw-p 00000000 00:00 0 
7fd0b0900000-7fd0b0904000 ---p 00000000 00:00 0 
7fd0b0904000-7fd0b0a00000 rw-p 00000000 00:00 0 
7fd0b0a00000-7fd0b11f0000 r--p 00000000 08:02 10356383                   /usr/lib/locale/locale-archive
7fd0b11f4000-7fd0b11f6000 r--p 00000000 08:02 10361503                   /usr/lib/x86_64-linux-gnu/libpsl.so.5.3.2
7fd0b11f6000-7fd0b11f8000 r-xp 00002000 08:02 10361503                   /usr/lib/x86_64-linux-gnu/libpsl.so.5.3.2
7fd0b11f8000-7fd0b1206000 r--p 00004000 08:02 10361503                   /usr/lib/x86_64-linux-gnu/libpsl.so.5.3.2
7fd0b1206000-7fd0b1207000 r--p 00011000 08:02 10361503                   /usr/lib/x86_64-linux-gnu/libpsl.so.5.3.2
7fd0b1207000-7fd0b1208000 rw-p 00012000 08:02 10361503                   /usr/lib/x86_64-linux-gnu/libpsl.so.5.3.2
7fd0b1208000-7fd0b120d000 r--p 00000000 08:02 10354889                   /usr/lib/x86_64-linux-gnu/libnghttp2.so.14.20.1
7fd0b120d000-7fd0b1222000 r-xp 00005000 08:02 10354889                   /usr/lib/x86_64-linux-gnu/libnghttp2.so.14.20.1
7fd0b1222000-7fd0b122e000 r--p 0001a000 08:02 10354889                   /usr/lib/x86_64-linux-gnu/libnghttp2.so.14.20.1
7fd0b122e000-7fd0b1231000 r--p 00025000 08:02 10354889                   /usr/lib/x86_64-linux-gnu/libnghttp2.so.14.20.1
7fd0b1231000-7fd0b1232000 rw-p 00028000 08:02 10354889                   /usr/lib/x86_64-linux-gnu/libnghttp2.so.14.20.1
7fd0b1232000-7fd0b1233000 r--p 00000000 08:02 10355584                   /usr/lib/x86_64-linux-gnu/libdeflate.so.0
7fd0b1233000-7fd0b124f000 r-xp 00001000 08:02 10355584                   /usr/lib/x86_64-linux-gnu/libdeflate.so.0
7fd0b124f000-7fd0b1253000 r--p 0001d000 08:02 10355584                   /usr/lib/x86_64-linux-gnu/libdeflate.so.0
7fd0b1253000-7fd0b1254000 ---p 00021000 08:02 10355584                   /usr/lib/x86_64-linux-gnu/libdeflate.so.0
7fd0b1254000-7fd0b1255000 r--p 00021000 08:02 10355584                   /usr/lib/x86_64-linux-gnu/libdeflate.so.0
7fd0b1255000-7fd0b1256000 rw-p 00022000 08:02 10355584                   /usr/lib/x86_64-linux-gnu/libdeflate.so.0
7fd0b1256000-7fd0b125a000 ---p 00000000 00:00 0 
7fd0b125a000-7fd0b1356000 rw-p 00000000 00:00 0 
7fd0b1356000-7fd0b135a000 ---p 00000000 00:00 0 
7fd0b135a000-7fd0b1456000 rw-p 00000000 00:00 0 
7fd0b1456000-7fd0b1457000 ---p 00000000 00:00 0 
7fd0b1457000-7fd0b3748000 rw-p 00000000 00:00 0 
7fd0b3748000-7fd0b53f8000 ---p 00000000 00:00 0 
7fd0b53f8000-7fd0b5400000 rw-p 00000000 00:00 0 
7fd0b5400000-7fd0b5670000 rwxp 00000000 00:00 0 
7fd0b5670000-7fd0bc937000 ---p 00000000 00:00 0 
7fd0bc937000-7fd0bcba7000 rwxp 00000000 00:00 0 
7fd0bcba7000-7fd0bcec8000 ---p 00000000 00:00 0 
7fd0bcec8000-7fd0bd138000 rwxp 00000000 00:00 0 
7fd0bd138000-7fd0c4400000 ---p 00000000 00:00 0 
7fd0c4400000-7fd0cbe43000 r--s 00000000 08:02 10491594                   /usr/lib/jvm/java-17-openjdk-amd64/lib/modules
7fd0cbe45000-7fd0cbe48000 r--p 00000000 08:02 10355303                   /usr/lib/x86_64-linux-gnu/liblber-2.5.so.0.1.9
7fd0cbe48000-7fd0cbe50000 r-xp 00003000 08:02 10355303                   /usr/lib/x86_64-linux-gnu/liblber-2.5.so.0.1.9
7fd0cbe50000-7fd0cbe53000 r--p 0000b000 08:02 10355303                   /usr/lib/x86_64-linux-gnu/liblber-2.5.so.0.1.9
7fd0cbe53000-7fd0cbe54000 ---p 0000e000 08:02 10355303                   /usr/lib/x86_64-linux-gnu/liblber-2.5.so.0.1.9
7fd0cbe54000-7fd0cbe55000 r--p 0000e000 08:02 10355303                   /usr/lib/x86_64-linux-gnu/liblber-2.5.so.0.1.9
7fd0cbe55000-7fd0cbe56000 rw-p 0000f000 08:02 10355303                   /usr/lib/x86_64-linux-gnu/liblber-2.5.so.0.1.9
7fd0cbe56000-7fd0cbe58000 r--p 00000000 08:02 10355587                   /usr/lib/x86_64-linux-gnu/libjbig.so.0
7fd0cbe58000-7fd0cbe61000 r-xp 00002000 08:02 10355587                   /usr/lib/x86_64-linux-gnu/libjbig.so.0
7fd0cbe61000-7fd0cbe63000 r--p 0000b000 08:02 10355587                   /usr/lib/x86_64-linux-gnu/libjbig.so.0
7fd0cbe63000-7fd0cbe64000 r--p 0000c000 08:02 10355587                   /usr/lib/x86_64-linux-gnu/libjbig.so.0
7fd0cbe64000-7fd0cbe67000 rw-p 0000d000 08:02 10355587                   /usr/lib/x86_64-linux-gnu/libjbig.so.0
7fd0cbe67000-7fd0cbe6a000 r--p 00000000 08:02 10360435                   /usr/lib/x86_64-linux-gnu/libgslcblas.so.0.0.0
7fd0cbe6a000-7fd0cbea3000 r-xp 00003000 08:02 10360435                   /usr/lib/x86_64-linux-gnu/libgslcblas.so.0.0.0
7fd0cbea3000-7fd0cbea7000 r--p 0003c000 08:02 10360435                   /usr/lib/x86_64-linux-gnu/libgslcblas.so.0.0.0
7fd0cbea7000-7fd0cbea8000 r--p 0003f000 08:02 10360435                   /usr/lib/x86_64-linux-gnu/libgslcblas.so.0.0.0
7fd0cbea8000-7fd0cbea9000 rw-p 00040000 08:02 10360435                   /usr/lib/x86_64-linux-gnu/libgslcblas.so.0.0.0
7fd0cbea9000-7fd0cbeb1000 r--p 00000000 08:02 10358811                   /usr/lib/x86_64-linux-gnu/libtiff.so.5.7.0
7fd0cbeb1000-7fd0cbef9000 r-xp 00008000 08:02 10358811                   /usr/lib/x86_64-linux-gnu/libtiff.so.5.7.0
7fd0cbef9000-7fd0cbf29000 r--p 00050000 08:02 10358811                   /usr/lib/x86_64-linux-gnu/libtiff.so.5.7.0
7fd0cbf29000-7fd0cbf2e000 r--p 0007f000 08:02 10358811                   /usr/lib/x86_64-linux-gnu/libtiff.so.5.7.0
7fd0cbf2e000-7fd0cbf2f000 rw-p 00084000 08:02 10358811                   /usr/lib/x86_64-linux-gnu/libtiff.so.5.7.0
7fd0cbf2f000-7fd0cbf34000 r--p 00000000 08:02 10491564                   /usr/lib/jvm/java-17-openjdk-amd64/lib/libjsvml.so
7fd0cbf34000-7fd0cbf75000 r-xp 00005000 08:02 10491564                   /usr/lib/jvm/java-17-openjdk-amd64/lib/libjsvml.so
7fd0cbf75000-7fd0cbffe000 r--p 00046000 08:02 10491564                   /usr/lib/jvm/java-17-openjdk-amd64/lib/libjsvml.so
7fd0cbffe000-7fd0cbfff000 r--p 000ce000 08:02 10491564                   /usr/lib/jvm/java-17-openjdk-amd64/lib/libjsvml.so
7fd0cbfff000-7fd0cc000000 rw-p 000cf000 08:02 10491564                   /usr/lib/jvm/java-17-openjdk-amd64/lib/libjsvml.so
7fd0cc000000-7fd0cc4b6000 rw-p 00000000 00:00 0 
7fd0cc4b6000-7fd0d0000000 ---p 00000000 00:00 0 
7fd0d0000000-7fd0d0002000 r--p 00000000 08:02 10357716                   /usr/lib/x86_64-linux-gnu/libcom_err.so.2.1
7fd0d0002000-7fd0d0003000 r-xp 00002000 08:02 10357716                   /usr/lib/x86_64-linux-gnu/libcom_err.so.2.1
7fd0d0003000-7fd0d0004000 r--p 00003000 08:02 10357716                   /usr/lib/x86_64-linux-gnu/libcom_err.so.2.1
7fd0d0004000-7fd0d0005000 r--p 00003000 08:02 10357716                   /usr/lib/x86_64-linux-gnu/libcom_err.so.2.1
7fd0d0005000-7fd0d0006000 rw-p 00004000 08:02 10357716                   /usr/lib/x86_64-linux-gnu/libcom_err.so.2.1
7fd0d0006000-7fd0d0009000 r--p 00000000 08:02 10359160                   /usr/lib/x86_64-linux-gnu/liblzma.so.5.2.5
7fd0d0009000-7fd0d0024000 r-xp 00003000 08:02 10359160                   /usr/lib/x86_64-linux-gnu/liblzma.so.5.2.5
7fd0d0024000-7fd0d002f000 r--p 0001e000 08:02 10359160                   /usr/lib/x86_64-linux-gnu/liblzma.so.5.2.5
7fd0d002f000-7fd0d0030000 r--p 00028000 08:02 10359160                   /usr/lib/x86_64-linux-gnu/liblzma.so.5.2.5
7fd0d0030000-7fd0d0031000 rw-p 00029000 08:02 10359160                   /usr/lib/x86_64-linux-gnu/liblzma.so.5.2.5
7fd0d0031000-7fd0d0040000 r--p 00000000 08:02 10366483                   /usr/lib/x86_64-linux-gnu/libgeos_c.so.1.16.0
7fd0d0040000-7fd0d0060000 r-xp 0000f000 08:02 10366483                   /usr/lib/x86_64-linux-gnu/libgeos_c.so.1.16.0
7fd0d0060000-7fd0d006d000 r--p 0002f000 08:02 10366483                   /usr/lib/x86_64-linux-gnu/libgeos_c.so.1.16.0
7fd0d006d000-7fd0d006e000 ---p 0003c000 08:02 10366483                   /usr/lib/x86_64-linux-gnu/libgeos_c.so.1.16.0
7fd0d006e000-7fd0d006f000 r--p 0003c000 08:02 10366483                   /usr/lib/x86_64-linux-gnu/libgeos_c.so.1.16.0
7fd0d006f000-7fd0d0070000 rw-p 0003d000 08:02 10366483                   /usr/lib/x86_64-linux-gnu/libgeos_c.so.1.16.0
7fd0d0070000-7fd0d00f1000 rw-p 00000000 00:00 0 
7fd0d00f1000-7fd0d00f2000 ---p 00000000 00:00 0 
7fd0d00f2000-7fd0d01f3000 rw-p 00000000 00:00 0 
7fd0d01f3000-7fd0d01f4000 ---p 00000000 00:00 0 
7fd0d01f4000-7fd0d06f9000 rw-p 00000000 00:00 0 
7fd0d06f9000-7fd0d06fa000 ---p 00000000 00:00 0 
7fd0d06fa000-7fd0d07fb000 rw-p 00000000 00:00 0 
7fd0d07fb000-7fd0d07fc000 ---p 00000000 00:00 0 
7fd0d07fc000-7fd0d08fd000 rw-p 00000000 00:00 0 
7fd0d08fd000-7fd0d08fe000 ---p 00000000 00:00 0 
7fd0d08fe000-7fd0d0bef000 rw-p 00000000 00:00 0 
7fd0d0bef000-7fd0d289f000 ---p 00000000 00:00 0 
7fd0d289f000-7fd0d28e5000 rw-p 00000000 00:00 0 
7fd0d28e5000-7fd0d2c7b000 ---p 00000000 00:00 0 
7fd0d2c7b000-7fd0d2cba000 rw-p 00000000 00:00 0 
7fd0d2cba000-7fd0d3050000 ---p 00000000 00:00 0 
7fd0d3050000-7fd0d308f000 rw-p 00000000 00:00 0 
7fd0d308f000-7fd0d3425000 ---p 00000000 00:00 0 
7fd0d3425000-7fd0d382f000 rw-p 00000000 00:00 0 
7fd0d382f000-7fd0d3915000 ---p 00000000 00:00 0 
7fd0d3915000-7fd0d391a000 rw-p 00000000 00:00 0 
7fd0d391a000-7fd0d3a00000 ---p 00000000 00:00 0 
7fd0d3a00000-7fd0d3a9a000 r--p 00000000 08:02 10354705                   /usr/lib/x86_64-linux-gnu/libstdc++.so.6.0.30
7fd0d3a9a000-7fd0d3baa000 r-xp 0009a000 08:02 10354705                   /usr/lib/x86_64-linux-gnu/libstdc++.so.6.0.30
7fd0d3baa000-7fd0d3c19000 r--p 001aa000 08:02 10354705                   /usr/lib/x86_64-linux-gnu/libstdc++.so.6.0.30
7fd0d3c19000-7fd0d3c24000 r--p 00218000 08:02 10354705                   /usr/lib/x86_64-linux-gnu/libstdc++.so.6.0.30
7fd0d3c24000-7fd0d3c27000 rw-p 00223000 08:02 10354705                   /usr/lib/x86_64-linux-gnu/libstdc++.so.6.0.30
7fd0d3c27000-7fd0d3c2a000 rw-p 00000000 00:00 0 
7fd0d3c2f000-7fd0d3c33000 r--p 00000000 08:02 10355662                   /usr/lib/x86_64-linux-gnu/libjson-c.so.5.1.0
7fd0d3c33000-7fd0d3c3c000 r-xp 00004000 08:02 10355662                   /usr/lib/x86_64-linux-gnu/libjson-c.so.5.1.0
7fd0d3c3c000-7fd0d3c3f000 r--p 0000d000 08:02 10355662                   /usr/lib/x86_64-linux-gnu/libjson-c.so.5.1.0
7fd0d3c3f000-7fd0d3c40000 ---p 00010000 08:02 10355662                   /usr/lib/x86_64-linux-gnu/libjson-c.so.5.1.0
7fd0d3c40000-7fd0d3c41000 r--p 00010000 08:02 10355662                   /usr/lib/x86_64-linux-gnu/libjson-c.so.5.1.0
7fd0d3c41000-7fd0d3c42000 rw-p 00011000 08:02 10355662                   /usr/lib/x86_64-linux-gnu/libjson-c.so.5.1.0
7fd0d3c58000-7fd0d3c7d000 r--p 00000000 08:02 12591460                   /usr/share/locale-langpack/fr/LC_MESSAGES/libc.mo
7fd0d3c7d000-7fd0d3c81000 r--p 00000000 08:02 10491590                   /usr/lib/jvm/java-17-openjdk-amd64/lib/libverify.so
7fd0d3c81000-7fd0d3c88000 r-xp 00004000 08:02 10491590                   /usr/lib/jvm/java-17-openjdk-amd64/lib/libverify.so
7fd0d3c88000-7fd0d3c8a000 r--p 0000b000 08:02 10491590                   /usr/lib/jvm/java-17-openjdk-amd64/lib/libverify.so
7fd0d3c8a000-7fd0d3c8c000 r--p 0000c000 08:02 10491590                   /usr/lib/jvm/java-17-openjdk-amd64/lib/libverify.so
7fd0d3c8c000-7fd0d3c8d000 rw-p 0000e000 08:02 10491590                   /usr/lib/jvm/java-17-openjdk-amd64/lib/libverify.so
7fd0d3c8d000-7fd0d3c91000 r--p 00000000 08:02 10491576                   /usr/lib/jvm/java-17-openjdk-amd64/lib/libnet.so
7fd0d3c91000-7fd0d3c9f000 r-xp 00004000 08:02 10491576                   /usr/lib/jvm/java-17-openjdk-amd64/lib/libnet.so
7fd0d3c9f000-7fd0d3ca3000 r--p 00012000 08:02 10491576                   /usr/lib/jvm/java-17-openjdk-amd64/lib/libnet.so
7fd0d3ca3000-7fd0d3ca4000 r--p 00015000 08:02 10491576                   /usr/lib/jvm/java-17-openjdk-amd64/lib/libnet.so
7fd0d3ca4000-7fd0d3ca5000 rw-p 00016000 08:02 10491576                   /usr/lib/jvm/java-17-openjdk-amd64/lib/libnet.so
7fd0d3ca5000-7fd0d3d00000 rw-p 00000000 00:00 0 
7fd0d3d00000-7fd0d3d04000 ---p 00000000 00:00 0 
7fd0d3d04000-7fd0d3e00000 rw-p 00000000 00:00 0 
7fd0d3e00000-7fd0d4050000 r--p 00000000 08:02 10491606                   /usr/lib/jvm/java-17-openjdk-amd64/lib/server/libjvm.so
7fd0d4050000-7fd0d4dd4000 r-xp 00250000 08:02 10491606                   /usr/lib/jvm/java-17-openjdk-amd64/lib/server/libjvm.so
7fd0d4dd4000-7fd0d5057000 r--p 00fd4000 08:02 10491606                   /usr/lib/jvm/java-17-openjdk-amd64/lib/server/libjvm.so
7fd0d5057000-7fd0d510f000 r--p 01256000 08:02 10491606                   /usr/lib/jvm/java-17-openjdk-amd64/lib/server/libjvm.so
7fd0d510f000-7fd0d5144000 rw-p 0130e000 08:02 10491606                   /usr/lib/jvm/java-17-openjdk-amd64/lib/server/libjvm.so
7fd0d5144000-7fd0d519e000 rw-p 00000000 00:00 0 
7fd0d51a2000-7fd0d51a9000 r--s 00000000 08:02 11013395                   /usr/lib/x86_64-linux-gnu/gconv/gconv-modules.cache
7fd0d51a9000-7fd0d51af000 r--p 00000000 08:02 10491578                   /usr/lib/jvm/java-17-openjdk-amd64/lib/libnio.so
7fd0d51af000-7fd0d51b8000 r-xp 00006000 08:02 10491578                   /usr/lib/jvm/java-17-openjdk-amd64/lib/libnio.so
7fd0d51b8000-7fd0d51bc000 r--p 0000f000 08:02 10491578                   /usr/lib/jvm/java-17-openjdk-amd64/lib/libnio.so
7fd0d51bc000-7fd0d51bd000 ---p 00013000 08:02 10491578                   /usr/lib/jvm/java-17-openjdk-amd64/lib/libnio.so
7fd0d51bd000-7fd0d51be000 r--p 00013000 08:02 10491578                   /usr/lib/jvm/java-17-openjdk-amd64/lib/libnio.so
7fd0d51be000-7fd0d51bf000 rw-p 00014000 08:02 10491578                   /usr/lib/jvm/java-17-openjdk-amd64/lib/libnio.so
7fd0d51bf000-7fd0d5200000 rw-p 00000000 00:00 0 
7fd0d5200000-7fd0d5228000 r--p 00000000 08:02 10365356                   /usr/lib/x86_64-linux-gnu/libc.so.6
7fd0d5228000-7fd0d53bd000 r-xp 00028000 08:02 10365356                   /usr/lib/x86_64-linux-gnu/libc.so.6
7fd0d53bd000-7fd0d5415000 r--p 001bd000 08:02 10365356                   /usr/lib/x86_64-linux-gnu/libc.so.6
7fd0d5415000-7fd0d5419000 r--p 00214000 08:02 10365356                   /usr/lib/x86_64-linux-gnu/libc.so.6
7fd0d5419000-7fd0d541b000 rw-p 00218000 08:02 10365356                   /usr/lib/x86_64-linux-gnu/libc.so.6
7fd0d541b000-7fd0d5428000 rw-p 00000000 00:00 0 
7fd0d542a000-7fd0d542b000 r--p 00000000 08:02 10491501                   /usr/lib/jvm/java-17-openjdk-amd64/lib/libextnet.so
7fd0d542b000-7fd0d542c000 r-xp 00001000 08:02 10491501                   /usr/lib/jvm/java-17-openjdk-amd64/lib/libextnet.so
7fd0d542c000-7fd0d542d000 r--p 00002000 08:02 10491501                   /usr/lib/jvm/java-17-openjdk-amd64/lib/libextnet.so
7fd0d542d000-7fd0d542e000 r--p 00002000 08:02 10491501                   /usr/lib/jvm/java-17-openjdk-amd64/lib/libextnet.so
7fd0d542e000-7fd0d542f000 rw-p 00003000 08:02 10491501                   /usr/lib/jvm/java-17-openjdk-amd64/lib/libextnet.so
7fd0d542f000-7fd0d5431000 r--p 00000000 08:02 10491592                   /usr/lib/jvm/java-17-openjdk-amd64/lib/libzip.so
7fd0d5431000-7fd0d5436000 r-xp 00002000 08:02 10491592                   /usr/lib/jvm/java-17-openjdk-amd64/lib/libzip.so
7fd0d5436000-7fd0d5438000 r--p 00007000 08:02 10491592                   /usr/lib/jvm/java-17-openjdk-amd64/lib/libzip.so
7fd0d5438000-7fd0d5439000 r--p 00008000 08:02 10491592                   /usr/lib/jvm/java-17-openjdk-amd64/lib/libzip.so
7fd0d5439000-7fd0d543a000 rw-p 00009000 08:02 10491592                   /usr/lib/jvm/java-17-openjdk-amd64/lib/libzip.so
7fd0d543a000-7fd0d5481000 rw-p 00000000 00:00 0 
7fd0d5481000-7fd0d5488000 ---p 00000000 00:00 0 
7fd0d5488000-7fd0d5494000 r--p 00000000 08:02 10491515                   /usr/lib/jvm/java-17-openjdk-amd64/lib/libjava.so
7fd0d5494000-7fd0d54a7000 r-xp 0000c000 08:02 10491515                   /usr/lib/jvm/java-17-openjdk-amd64/lib/libjava.so
7fd0d54a7000-7fd0d54ad000 r--p 0001f000 08:02 10491515                   /usr/lib/jvm/java-17-openjdk-amd64/lib/libjava.so
7fd0d54ad000-7fd0d54ae000 r--p 00024000 08:02 10491515                   /usr/lib/jvm/java-17-openjdk-amd64/lib/libjava.so
7fd0d54ae000-7fd0d54af000 rw-p 00025000 08:02 10491515                   /usr/lib/jvm/java-17-openjdk-amd64/lib/libjava.so
7fd0d54af000-7fd0d54b0000 rw-p 00000000 00:00 0 
7fd0d54b0000-7fd0d54b1000 r--p 00000000 08:02 10491505                   /usr/lib/jvm/java-17-openjdk-amd64/lib/libinstrument.so
7fd0d54b1000-7fd0d54b7000 r-xp 00001000 08:02 10491505                   /usr/lib/jvm/java-17-openjdk-amd64/lib/libinstrument.so
7fd0d54b7000-7fd0d54ba000 r--p 00007000 08:02 10491505                   /usr/lib/jvm/java-17-openjdk-amd64/lib/libinstrument.so
7fd0d54ba000-7fd0d54bb000 r--p 00009000 08:02 10491505                   /usr/lib/jvm/java-17-openjdk-amd64/lib/libinstrument.so
7fd0d54bb000-7fd0d54bc000 rw-p 0000a000 08:02 10491505                   /usr/lib/jvm/java-17-openjdk-amd64/lib/libinstrument.so
7fd0d54bc000-7fd0d54bf000 r--p 00000000 08:02 10354703                   /usr/lib/x86_64-linux-gnu/libgcc_s.so.1
7fd0d54bf000-7fd0d54d6000 r-xp 00003000 08:02 10354703                   /usr/lib/x86_64-linux-gnu/libgcc_s.so.1
7fd0d54d6000-7fd0d54da000 r--p 0001a000 08:02 10354703                   /usr/lib/x86_64-linux-gnu/libgcc_s.so.1
7fd0d54da000-7fd0d54db000 r--p 0001d000 08:02 10354703                   /usr/lib/x86_64-linux-gnu/libgcc_s.so.1
7fd0d54db000-7fd0d54dc000 rw-p 0001e000 08:02 10354703                   /usr/lib/x86_64-linux-gnu/libgcc_s.so.1
7fd0d54dc000-7fd0d54ea000 r--p 00000000 08:02 10365361                   /usr/lib/x86_64-linux-gnu/libm.so.6
7fd0d54ea000-7fd0d5566000 r-xp 0000e000 08:02 10365361                   /usr/lib/x86_64-linux-gnu/libm.so.6
7fd0d5566000-7fd0d55c1000 r--p 0008a000 08:02 10365361                   /usr/lib/x86_64-linux-gnu/libm.so.6
7fd0d55c1000-7fd0d55c2000 r--p 000e4000 08:02 10365361                   /usr/lib/x86_64-linux-gnu/libm.so.6
7fd0d55c2000-7fd0d55c3000 rw-p 000e5000 08:02 10365361                   /usr/lib/x86_64-linux-gnu/libm.so.6
7fd0d55c3000-7fd0d55c6000 rw-p 00000000 00:00 0 
7fd0d55c6000-7fd0d55c8000 r--p 00000000 08:02 10354880                   /usr/lib/x86_64-linux-gnu/libz.so.1.2.11
7fd0d55c8000-7fd0d55d9000 r-xp 00002000 08:02 10354880                   /usr/lib/x86_64-linux-gnu/libz.so.1.2.11
7fd0d55d9000-7fd0d55df000 r--p 00013000 08:02 10354880                   /usr/lib/x86_64-linux-gnu/libz.so.1.2.11
7fd0d55df000-7fd0d55e0000 ---p 00019000 08:02 10354880                   /usr/lib/x86_64-linux-gnu/libz.so.1.2.11
7fd0d55e0000-7fd0d55e1000 r--p 00019000 08:02 10354880                   /usr/lib/x86_64-linux-gnu/libz.so.1.2.11
7fd0d55e1000-7fd0d55e2000 rw-p 0001a000 08:02 10354880                   /usr/lib/x86_64-linux-gnu/libz.so.1.2.11
7fd0d55e4000-7fd0d55e5000 r-xp 00000000 00:00 0 
7fd0d55e5000-7fd0d55ed000 rw-s 00000000 08:02 1968308                    /tmp/hsperfdata_nidhal/692741
7fd0d55ed000-7fd0d55ee000 ---p 00000000 00:00 0 
7fd0d55ee000-7fd0d55ef000 r--p 00000000 00:00 0 
7fd0d55ef000-7fd0d55f1000 r--p 00000000 08:02 10491521                   /usr/lib/jvm/java-17-openjdk-amd64/lib/libjimage.so
7fd0d55f1000-7fd0d55f4000 r-xp 00002000 08:02 10491521                   /usr/lib/jvm/java-17-openjdk-amd64/lib/libjimage.so
7fd0d55f4000-7fd0d55f5000 r--p 00005000 08:02 10491521                   /usr/lib/jvm/java-17-openjdk-amd64/lib/libjimage.so
7fd0d55f5000-7fd0d55f6000 ---p 00006000 08:02 10491521                   /usr/lib/jvm/java-17-openjdk-amd64/lib/libjimage.so
7fd0d55f6000-7fd0d55f7000 r--p 00006000 08:02 10491521                   /usr/lib/jvm/java-17-openjdk-amd64/lib/libjimage.so
7fd0d55f7000-7fd0d55f8000 rw-p 00007000 08:02 10491521                   /usr/lib/jvm/java-17-openjdk-amd64/lib/libjimage.so
7fd0d55f8000-7fd0d55fa000 r--p 00000000 08:02 10491523                   /usr/lib/jvm/java-17-openjdk-amd64/lib/libjli.so
7fd0d55fa000-7fd0d5604000 r-xp 00002000 08:02 10491523                   /usr/lib/jvm/java-17-openjdk-amd64/lib/libjli.so
7fd0d5604000-7fd0d5607000 r--p 0000c000 08:02 10491523                   /usr/lib/jvm/java-17-openjdk-amd64/lib/libjli.so
7fd0d5607000-7fd0d5608000 r--p 0000e000 08:02 10491523                   /usr/lib/jvm/java-17-openjdk-amd64/lib/libjli.so
7fd0d5608000-7fd0d5609000 rw-p 0000f000 08:02 10491523                   /usr/lib/jvm/java-17-openjdk-amd64/lib/libjli.so
7fd0d5609000-7fd0d560b000 rw-p 00000000 00:00 0 
7fd0d560b000-7fd0d560d000 r--p 00000000 08:02 10356375                   /usr/lib/x86_64-linux-gnu/ld-linux-x86-64.so.2
7fd0d560d000-7fd0d5637000 r-xp 00002000 08:02 10356375                   /usr/lib/x86_64-linux-gnu/ld-linux-x86-64.so.2
7fd0d5637000-7fd0d5642000 r--p 0002c000 08:02 10356375                   /usr/lib/x86_64-linux-gnu/ld-linux-x86-64.so.2
7fd0d5642000-7fd0d5643000 ---p 00000000 00:00 0 
7fd0d5643000-7fd0d5645000 r--p 00037000 08:02 10356375                   /usr/lib/x86_64-linux-gnu/ld-linux-x86-64.so.2
7fd0d5645000-7fd0d5647000 rw-p 00039000 08:02 10356375                   /usr/lib/x86_64-linux-gnu/ld-linux-x86-64.so.2
7ffe4dde2000-7ffe4de04000 rw-p 00000000 00:00 0                          [stack]
7ffe4deea000-7ffe4deee000 r--p 00000000 00:00 0                          [vvar]
7ffe4deee000-7ffe4def0000 r-xp 00000000 00:00 0                          [vdso]
ffffffffff600000-ffffffffff601000 --xp 00000000 00:00 0                  [vsyscall]


VM Arguments:
jvm_args: -javaagent:/snap/intellij-idea-ultimate/437/lib/idea_rt.jar=36049:/snap/intellij-idea-ultimate/437/bin -Dfile.encoding=UTF-8 
java_command: tutorials.reading
java_class_path (initial): /home/nidhal/IdeaProjects/JMEOS/target/classes:/home/nidhal/.m2/repository/com/github/jnr/jnr-ffi/2.2.11/jnr-ffi-2.2.11.jar:/home/nidhal/.m2/repository/com/github/jnr/jffi/1.3.9/jffi-1.3.9.jar:/home/nidhal/.m2/repository/com/github/jnr/jffi/1.3.9/jffi-1.3.9-native.jar:/home/nidhal/.m2/repository/org/ow2/asm/asm/9.2/asm-9.2.jar:/home/nidhal/.m2/repository/org/ow2/asm/asm-commons/9.2/asm-commons-9.2.jar:/home/nidhal/.m2/repository/org/ow2/asm/asm-analysis/9.2/asm-analysis-9.2.jar:/home/nidhal/.m2/repository/org/ow2/asm/asm-tree/9.2/asm-tree-9.2.jar:/home/nidhal/.m2/repository/org/ow2/asm/asm-util/9.2/asm-util-9.2.jar:/home/nidhal/.m2/repository/com/github/jnr/jnr-a64asm/1.0.0/jnr-a64asm-1.0.0.jar:/home/nidhal/.m2/repository/com/github/jnr/jnr-x86asm/1.0.2/jnr-x86asm-1.0.2.jar:/home/nidhal/.m2/repository/org/hibernate/orm/hibernate-core/6.2.2.Final/hibernate-core-6.2.2.Final.jar:/home/nidhal/.m2/repository/jakarta/persistence/jakarta.persistence-api/3.1.0/jakarta.persistence-api-3.1.0.jar:/home/nidhal/.m2/repository/jakarta/transaction/jakarta.transaction-api/2.0.1/jakarta.transaction-api-2.0.1.jar:/home/nidhal/.m2/repository/org/jboss/logging/jboss-logging/3.5.0.Final/jboss-logging-3.5.0.Final.jar:/home/nidhal/.m2/repository/org/hibernate/common/hibernate-commons-annotations/6.0.6.Final/hibernate-commons-annotations-6.0.6.Final.jar:/home/nidhal/.m2/repository/io/smallrye/jandex/3.0.5/jandex-3.0.5.jar:/home/nidhal/.m2/repository/com/fasterxml/classmate/1.5.1/classmate-1.5.1.jar:/home/nidhal/.m2/repository/net/bytebuddy/byte-buddy/1.12.18/byte-buddy-1.12.18.jar:/home/nidhal/.m2/repository/jakarta/xml/bind/jakarta.xml.bind-api/4.0.0/jakarta.xml.bind-api-4.0.0.jar:/home/nidhal/.m2/repository/jakarta/activation/jakarta.activation-api/2.1.0/jakarta.activation-api-2.1.0.jar:/home/nidhal/.m2/repository/org/glassfish/jaxb/jaxb-runtime/4.0.2/jaxb-runtime-4.0.2.jar:/home/nidhal/.m2/repository/org/glassfish/jaxb/jaxb-core/4.0.2/jaxb-core-4.0.2.jar:/ho
Launcher Type: SUN_STANDARD

[Global flags]
     intx CICompilerCount                          = 3                                         {product} {ergonomic}
     uint ConcGCThreads                            = 1                                         {product} {ergonomic}
     uint G1ConcRefinementThreads                  = 4                                         {product} {ergonomic}
   size_t G1HeapRegionSize                         = 1048576                                   {product} {ergonomic}
    uintx GCDrainStackTargetSize                   = 64                                        {product} {ergonomic}
   size_t InitialHeapSize                          = 130023424                                 {product} {ergonomic}
   size_t MarkStackSize                            = 4194304                                   {product} {ergonomic}
   size_t MaxHeapSize                              = 2057306112                                {product} {ergonomic}
   size_t MaxNewSize                               = 1234173952                                {product} {ergonomic}
   size_t MinHeapDeltaBytes                        = 1048576                                   {product} {ergonomic}
   size_t MinHeapSize                              = 8388608                                   {product} {ergonomic}
    uintx NonNMethodCodeHeapSize                   = 5832780                                {pd product} {ergonomic}
    uintx NonProfiledCodeHeapSize                  = 122912730                              {pd product} {ergonomic}
    uintx ProfiledCodeHeapSize                     = 122912730                              {pd product} {ergonomic}
    uintx ReservedCodeCacheSize                    = 251658240                              {pd product} {ergonomic}
     bool SegmentedCodeCache                       = true                                      {product} {ergonomic}
   size_t SoftMaxHeapSize                          = 2057306112                             {manageable} {ergonomic}
     bool UseCompressedClassPointers               = true                           {product lp64_product} {ergonomic}
     bool UseCompressedOops                        = true                           {product lp64_product} {ergonomic}
     bool UseG1GC                                  = true                                      {product} {ergonomic}

Logging:
Log output configuration:
 #0: stdout all=warning uptime,level,tags
 #1: stderr all=off uptime,level,tags

Environment Variables:
JAVA_HOME=/opt/jdk-13.0.2
PATH=/home/nidhal/.local/bin:/usr/local/sbin:/usr/local/bin:/usr/sbin:/usr/bin:/sbin:/bin:/usr/games:/usr/local/games:/snap/bin:/snap/bin/opt/jdk-13.0.2/bin
USERNAME=nidhal
SHELL=/bin/bash
DISPLAY=:0
LANG=fr_FR.UTF-8

Active Locale:
LC_ALL=fr_FR.UTF-8
LC_COLLATE=fr_FR.UTF-8
LC_CTYPE=fr_FR.UTF-8
LC_MESSAGES=fr_FR.UTF-8
LC_MONETARY=fr_FR.UTF-8
LC_NUMERIC=fr_FR.UTF-8
LC_TIME=fr_FR.UTF-8

Signal Handlers:
   SIGSEGV: crash_handler in libjvm.so, mask=11100100010111111101111111111110, flags=SA_RESTART|SA_SIGINFO, unblocked
    SIGBUS: crash_handler in libjvm.so, mask=11100100010111111101111111111110, flags=SA_RESTART|SA_SIGINFO, unblocked
    SIGFPE: crash_handler in libjvm.so, mask=11100100010111111101111111111110, flags=SA_RESTART|SA_SIGINFO, unblocked
   SIGPIPE: javaSignalHandler in libjvm.so, mask=11100100010111111101111111111110, flags=SA_RESTART|SA_SIGINFO, blocked
   SIGXFSZ: javaSignalHandler in libjvm.so, mask=11100100010111111101111111111110, flags=SA_RESTART|SA_SIGINFO, blocked
    SIGILL: crash_handler in libjvm.so, mask=11100100010111111101111111111110, flags=SA_RESTART|SA_SIGINFO, unblocked
   SIGUSR2: SR_handler in libjvm.so, mask=00100000000000000000000000000000, flags=SA_RESTART|SA_SIGINFO, blocked
    SIGHUP: UserHandler in libjvm.so, mask=11100100010111111101111111111110, flags=SA_RESTART|SA_SIGINFO, blocked
    SIGINT: UserHandler in libjvm.so, mask=11100100010111111101111111111110, flags=SA_RESTART|SA_SIGINFO, blocked
   SIGTERM: UserHandler in libjvm.so, mask=11100100010111111101111111111110, flags=SA_RESTART|SA_SIGINFO, blocked
   SIGQUIT: UserHandler in libjvm.so, mask=11100100010111111101111111111110, flags=SA_RESTART|SA_SIGINFO, blocked
   SIGTRAP: crash_handler in libjvm.so, mask=11100100010111111101111111111110, flags=SA_RESTART|SA_SIGINFO, unblocked


---------------  S Y S T E M  ---------------

OS:
DISTRIB_ID=Ubuntu
DISTRIB_RELEASE=22.04
DISTRIB_CODENAME=jammy
DISTRIB_DESCRIPTION="Ubuntu 22.04.2 LTS"
uname: Linux 5.19.0-42-generic #43~22.04.1-Ubuntu SMP PREEMPT_DYNAMIC Fri Apr 21 16:51:08 UTC 2 x86_64
OS uptime: 1 days 10:31 hours
libc: glibc 2.35 NPTL 2.35 
rlimit (soft/hard): STACK 8192k/infinity , CORE 0k/infinity , NPROC 31051/31051 , NOFILE 1048576/1048576 , AS infinity/infinity , CPU infinity/infinity , DATA infinity/infinity , FSIZE infinity/infinity , MEMLOCK 1003616k/1003616k
load average: 11,69 6,61 4,53

/proc/meminfo:
MemTotal:        8028956 kB
MemFree:          290384 kB
MemAvailable:    3318828 kB
Buffers:          152092 kB
Cached:          2960328 kB
SwapCached:        34692 kB
Active:          1729532 kB
Inactive:        5185480 kB
Active(anon):     509800 kB
Inactive(anon):  3474188 kB
Active(file):    1219732 kB
Inactive(file):  1711292 kB
Unevictable:       31576 kB
Mlocked:              16 kB
SwapTotal:       2097148 kB
SwapFree:        1851984 kB
Zswap:                 0 kB
Zswapped:              0 kB
Dirty:              1612 kB
Writeback:             0 kB
AnonPages:       3817264 kB
Mapped:           731656 kB
Shmem:            186876 kB
KReclaimable:     402588 kB
Slab:             643680 kB
SReclaimable:     402588 kB
SUnreclaim:       241092 kB
KernelStack:       16800 kB
PageTables:        35652 kB
NFS_Unstable:          0 kB
Bounce:                0 kB
WritebackTmp:          0 kB
CommitLimit:     6111624 kB
Committed_AS:   10389024 kB
VmallocTotal:   34359738367 kB
VmallocUsed:       75312 kB
VmallocChunk:          0 kB
Percpu:             6192 kB
HardwareCorrupted:     0 kB
AnonHugePages:         0 kB
ShmemHugePages:        0 kB
ShmemPmdMapped:        0 kB
FileHugePages:         0 kB
FilePmdMapped:         0 kB
HugePages_Total:       0
HugePages_Free:        0
HugePages_Rsvd:        0
HugePages_Surp:        0
Hugepagesize:       2048 kB
Hugetlb:               0 kB
DirectMap4k:      571160 kB
DirectMap2M:     7706624 kB
DirectMap1G:           0 kB

/sys/kernel/mm/transparent_hugepage/enabled: always [madvise] never
/sys/kernel/mm/transparent_hugepage/defrag (defrag/compaction efforts parameter): always defer defer+madvise [madvise] never

Process Memory:
Virtual Size: 5231652K (peak: 5231652K)
Resident Set Size: 85240K (peak: 85240K) (anon: 46836K, file: 38404K, shmem: 0K)
Swapped out: 0K
C-Heap outstanding allocations: 24739K, retained: 2888K
glibc malloc tunables: (default)

/proc/sys/kernel/threads-max (system-wide limit on the number of threads): 62103
/proc/sys/vm/max_map_count (maximum number of memory map areas a process may have): 65530
/proc/sys/kernel/pid_max (system-wide limit on number of process identifiers): 4194304

container (cgroup) information:
container_type: cgroupv2
cpu_cpuset_cpus: not supported
cpu_memory_nodes: not supported
active_processor_count: 4
cpu_quota: not supported
cpu_period: not supported
cpu_shares: not supported
memory_limit_in_bytes: unlimited
memory_and_swap_limit_in_bytes: unlimited
memory_soft_limit_in_bytes: unlimited
memory_usage_in_bytes: 3439716 k
memory_max_usage_in_bytes: not supported
memory_swap_current_in_bytes: 36580 k
memory_swap_max_limit_in_bytes: unlimited
maximum number of tasks: 9315
current number of tasks: 173

Steal ticks since vm start: 0
Steal ticks percentage since vm start:  0,000

CPU: total 4 (initial active 4) (2 cores per cpu, 2 threads per core) family 6 model 78 stepping 3 microcode 0xf0, cx8, cmov, fxsr, ht, mmx, 3dnowpref, sse, sse2, sse3, ssse3, sse4.1, sse4.2, popcnt, lzcnt, tsc, tscinvbit, avx, avx2, aes, erms, clmul, bmi1, bmi2, adx, fma, vzeroupper, clflush, clflushopt
CPU Model and flags from /proc/cpuinfo:
model name	: Intel(R) Core(TM) i3-6100U CPU @ 2.30GHz
flags		: fpu vme de pse tsc msr pae mce cx8 apic sep mtrr pge mca cmov pat pse36 clflush dts acpi mmx fxsr sse sse2 ss ht tm pbe syscall nx pdpe1gb rdtscp lm constant_tsc art arch_perfmon pebs bts rep_good nopl xtopology nonstop_tsc cpuid aperfmperf pni pclmulqdq dtes64 monitor ds_cpl est tm2 ssse3 sdbg fma cx16 xtpr pdcm pcid sse4_1 sse4_2 x2apic movbe popcnt tsc_deadline_timer aes xsave avx f16c rdrand lahf_lm abm 3dnowprefetch cpuid_fault epb invpcid_single pti ssbd ibrs ibpb stibp fsgsbase tsc_adjust bmi1 avx2 smep bmi2 erms invpcid mpx rdseed adx smap clflushopt intel_pt xsaveopt xsavec xgetbv1 xsaves dtherm ida arat pln pts hwp hwp_notify hwp_act_window hwp_epp md_clear flush_l1d arch_capabilities

Online cpus: 0-3
Offline cpus: 
BIOS frequency limitation: <Not Available>
Frequency switch latency (ns): 0
Available cpu frequencies: <Not Available>
Current governor: powersave
Core performance/turbo boost: <Not Available>

Memory: 4k page, physical 8028956k(290132k free), swap 2097148k(1851984k free)
Page Sizes: 4k

vm_info: OpenJDK 64-Bit Server VM (17.0.7+7-Ubuntu-0ubuntu122.04.2) for linux-amd64 JRE (17.0.7+7-Ubuntu-0ubuntu122.04.2), built on May 10 2023 04:02:16 by "buildd" with gcc 11.3.0

END.
