#
# A fatal error has been detected by the Java Runtime Environment:
#
#  SIGSEGV (0xb) at pc=0x00007f861610480c, pid=224412, tid=224413
#
# JRE version: OpenJDK Runtime Environment (17.0.7+7) (build 17.0.7+7-Ubuntu-0ubuntu122.04.2)
# Java VM: OpenJDK 64-Bit Server VM (17.0.7+7-Ubuntu-0ubuntu122.04.2, mixed mode, sharing, tiered, compressed oops, compressed class ptrs, g1 gc, linux-amd64)
# Problematic frame:
# V  [libjvm.so+0xf0480c]  Unsafe_GetInt+0x13c
#
# Core dump will be written. Default location: Core dumps may be processed with "/usr/share/apport/apport -p%p -s%s -c%c -d%d -P%P -u%u -g%g -- %E" (or dumping to /home/nidhal/IdeaProjects/JMEOS/core.224412)
#
# If you would like to submit a bug report, please visit:
#   Unknown
#

---------------  S U M M A R Y ------------

Command Line: -javaagent:/snap/intellij-idea-ultimate/437/lib/idea_rt.jar=37525:/snap/intellij-idea-ultimate/437/bin -Dfile.encoding=UTF-8 tutorials.reading

Host: Intel(R) Core(TM) i3-6100U CPU @ 2.30GHz, 4 cores, 7G, Ubuntu 22.04.2 LTS
Time: Mon Jun 26 02:55:32 2023 CEST elapsed time: 1.948901 seconds (0d 0h 0m 1s)

---------------  T H R E A D  ---------------

Current thread (0x00007f86100166d0):  JavaThread "main" [_thread_in_vm, id=224413, stack(0x00007f8615100000,0x00007f8615200000)]

Stack: [0x00007f8615100000,0x00007f8615200000],  sp=0x00007f86151fe620,  free space=1017k
Native frames: (J=compiled Java code, j=interpreted, Vv=VM code, C=native code)
V  [libjvm.so+0xf0480c]  Unsafe_GetInt+0x13c
J 335  jdk.internal.misc.Unsafe.getInt(Ljava/lang/Object;J)I java.base@17.0.7 (0 bytes) @ 0x00007f8600ee4f69 [0x00007f8600ee4ea0+0x00000000000000c9]
j  jdk.internal.misc.Unsafe.getInt(J)I+3 java.base@17.0.7
j  sun.misc.Unsafe.getInt(J)I+4 jdk.unsupported@17.0.7
j  com.kenai.jffi.UnsafeMemoryIO.getInt(J)I+4
j  jnr.ffi.provider.jffi.DirectMemoryIO.getInt(J)I+9
j  tutorials.reading.main([Ljava/lang/String;)V+433
v  ~StubRoutines::call_stub
V  [libjvm.so+0x833045]  JavaCalls::call_helper(JavaValue*, methodHandle const&, JavaCallArguments*, JavaThread*)+0x325
V  [libjvm.so+0x8cf51a]  jni_invoke_static(JNIEnv_*, JavaValue*, _jobject*, JNICallType, _jmethodID*, JNI_ArgumentPusher*, JavaThread*) [clone .constprop.1]+0x3aa
V  [libjvm.so+0x8d2251]  jni_CallStaticVoidMethod+0x171
C  [libjli.so+0x4a25]  JavaMain+0xd75
C  [libjli.so+0x7fbd]  ThreadJavaMain+0xd

Java frames: (J=compiled Java code, j=interpreted, Vv=VM code)
J 335  jdk.internal.misc.Unsafe.getInt(Ljava/lang/Object;J)I java.base@17.0.7 (0 bytes) @ 0x00007f8600ee4ef4 [0x00007f8600ee4ea0+0x0000000000000054]
j  jdk.internal.misc.Unsafe.getInt(J)I+3 java.base@17.0.7
j  sun.misc.Unsafe.getInt(J)I+4 jdk.unsupported@17.0.7
j  com.kenai.jffi.UnsafeMemoryIO.getInt(J)I+4
j  jnr.ffi.provider.jffi.DirectMemoryIO.getInt(J)I+9
j  tutorials.reading.main([Ljava/lang/String;)V+433
v  ~StubRoutines::call_stub

siginfo: si_signo: 11 (SIGSEGV), si_code: 128 (SI_KERNEL), si_addr: 0x0000000000000000

Register to memory mapping:

RAX=0x0 is NULL
RBX=0x00025b5728126d80 is an unknown value
RCX=0x00025b5728126d80 is an unknown value
RDX=0x0 is NULL
RSP=0x00007f86151fe620 is pointing into the stack for thread: 0x00007f86100166d0
RBP=0x00007f86151fe640 is pointing into the stack for thread: 0x00007f86100166d0
RSI=0x00007f86151fe650 is pointing into the stack for thread: 0x00007f86100166d0
RDI=0x00007f8610016978 points into unknown readable memory: 0x00007f86165154c0 | c0 54 51 16 86 7f 00 00
R8 ={method} {0x0000000800418af8} 'getInt' '(J)I' in 'jdk/internal/misc/Unsafe'
R9 =0x0000000000000002 is an unknown value
R10=0x00007f8600ee4ef4 is at entry_point+84 in (nmethod*)0x00007f8600ee4d10
R11=0x00007f8600ee4ec0 is at entry_point+32 in (nmethod*)0x00007f8600ee4d10
R12=0x00007f86100166d0 is a thread
R13=0x0 is NULL
R14=0x00007f86151fe730 is pointing into the stack for thread: 0x00007f86100166d0
R15=0x00007f86100166d0 is a thread


Registers:
RAX=0x0000000000000000, RBX=0x00025b5728126d80, RCX=0x00025b5728126d80, RDX=0x0000000000000000
RSP=0x00007f86151fe620, RBP=0x00007f86151fe640, RSI=0x00007f86151fe650, RDI=0x00007f8610016978
R8 =0x0000000800418af8, R9 =0x0000000000000002, R10=0x00007f8600ee4ef4, R11=0x00007f8600ee4ec0
R12=0x00007f86100166d0, R13=0x0000000000000000, R14=0x00007f86151fe730, R15=0x00007f86100166d0
RIP=0x00007f861610480c, EFLAGS=0x0000000000010246, CSGSFS=0x002b000000000033, ERR=0x0000000000000000
  TRAPNO=0x000000000000000d

Top of Stack: (sp=0x00007f86151fe620)
0x00007f86151fe620:   00007f86100166d0 0000000800418b50
0x00007f86151fe630:   0000000000000000 00007f86151fe6a8
0x00007f86151fe640:   00007f86151fe690 00007f8600ee4f69
0x00007f86151fe650:   000000008c7cff60 0000000000000000 

Instructions: (pc=0x00007f861610480c)
0x00007f861610470c:   05 00 00 00 f0 83 04 24 00 49 8b 84 24 40 03 00
0x00007f861610471c:   00 a8 01 0f 85 fb 00 00 00 41 8b 84 24 2c 03 00
0x00007f861610472c:   00 85 c0 0f 85 ab 00 00 00 41 8b 84 24 28 03 00
0x00007f861610473c:   00 a8 0c 0f 85 9b 00 00 00 41 c7 84 24 38 03 00
0x00007f861610474c:   00 06 00 00 00 4d 85 ed 0f 84 a9 00 00 00 41 f6
0x00007f861610475c:   c5 01 0f 85 8c 00 00 00 4c 89 ef ff 15 a3 a8 40
0x00007f861610476c:   00 48 85 c0 0f 84 8d 00 00 00 44 8b 2c 18 49 8b
0x00007f861610477c:   9c 24 e8 00 00 00 48 8b 43 10 48 83 38 00 74 0c
0x00007f861610478c:   48 89 df e8 7c e4 8b ff 48 8b 43 10 48 8b 53 08
0x00007f861610479c:   49 8d bc 24 88 02 00 00 48 89 42 10 48 8b 43 08
0x00007f86161047ac:   48 8b 53 18 48 89 50 18 48 8b 43 08 48 8b 53 20
0x00007f86161047bc:   48 89 50 20 e8 db df 7c ff 41 c7 84 24 38 03 00
0x00007f86161047cc:   00 04 00 00 00 48 83 c4 08 44 89 e8 5b 41 5c 41
0x00007f86161047dc:   5d 5d c3 90 31 f6 4c 89 e7 e8 46 0e fd ff e9 56
0x00007f86161047ec:   ff ff ff 90 49 8d 7d ff ff 15 c6 e9 40 00 48 85
0x00007f86161047fc:   c0 0f 85 73 ff ff ff 41 c6 84 24 68 03 00 00 01
0x00007f861610480c:   44 8b 2b 41 c6 84 24 68 03 00 00 00 e9 5d ff ff
0x00007f861610481c:   ff 0f 1f 00 be 01 00 00 00 4c 89 e7 e8 23 b8 dd
0x00007f861610482c:   ff e9 f3 fe ff ff 66 0f 1f 44 00 00 4c 89 e7 45
0x00007f861610483c:   31 e4 e8 cd b8 fc ff e9 bc fe ff ff 0f 1f 84 00
0x00007f861610484c:   00 00 00 00 f3 0f 1e fa 55 48 89 e5 41 55 49 89
0x00007f861610485c:   d5 41 54 4c 8d a7 58 fd ff ff 53 48 89 cb 48 83
0x00007f861610486c:   ec 08 41 8b 84 24 60 03 00 00 2d ab de 00 00 83
0x00007f861610487c:   f8 01 0f 87 34 01 00 00 41 c7 84 24 38 03 00 00
0x00007f861610488c:   05 00 00 00 f0 83 04 24 00 49 8b 84 24 40 03 00
0x00007f861610489c:   00 a8 01 0f 85 fb 00 00 00 41 8b 84 24 2c 03 00
0x00007f86161048ac:   00 85 c0 0f 85 ab 00 00 00 41 8b 84 24 28 03 00
0x00007f86161048bc:   00 a8 0c 0f 85 9b 00 00 00 41 c7 84 24 38 03 00
0x00007f86161048cc:   00 06 00 00 00 4d 85 ed 0f 84 a9 00 00 00 41 f6
0x00007f86161048dc:   c5 01 0f 85 8c 00 00 00 4c 89 ef ff 15 23 a7 40
0x00007f86161048ec:   00 48 85 c0 0f 84 8d 00 00 00 44 0f b7 2c 18 49
0x00007f86161048fc:   8b 9c 24 e8 00 00 00 48 8b 43 10 48 83 38 00 74 


Stack slot to memory mapping:
stack at sp + 0 slots: 0x00007f86100166d0 is a thread
stack at sp + 1 slots: {method} {0x0000000800418b50} 'getInt' '(Ljava/lang/Object;J)I' in 'jdk/internal/misc/Unsafe'
stack at sp + 2 slots: 0x0 is NULL
stack at sp + 3 slots: 0x00007f86151fe6a8 is pointing into the stack for thread: 0x00007f86100166d0
stack at sp + 4 slots: 0x00007f86151fe690 is pointing into the stack for thread: 0x00007f86100166d0
stack at sp + 5 slots: 0x00007f8600ee4f69 is at entry_point+201 in (nmethod*)0x00007f8600ee4d10
stack at sp + 6 slots: 0x000000008c7cff60 is an oop: jdk.internal.misc.Unsafe 
{0x000000008c7cff60} - klass: 'jdk/internal/misc/Unsafe'
 - ---- fields (total size 2 words):
stack at sp + 7 slots: 0x0 is NULL


---------------  P R O C E S S  ---------------

Threads class SMR info:
_java_thread_list=0x00007f85c4001fc0, length=13, elements={
0x00007f86100166d0, 0x00007f8610115480, 0x00007f8610116860, 0x00007f861011bfe0,
0x00007f861011d390, 0x00007f861011e7a0, 0x00007f8610120150, 0x00007f8610121680,
0x00007f8610122af0, 0x00007f861012dfe0, 0x00007f86102204a0, 0x00007f8610221c30,
0x00007f85c4000fe0
}

Java Threads: ( => current thread )
=>0x00007f86100166d0 JavaThread "main" [_thread_in_vm, id=224413, stack(0x00007f8615100000,0x00007f8615200000)]
  0x00007f8610115480 JavaThread "Reference Handler" daemon [_thread_blocked, id=224424, stack(0x00007f85f481e000,0x00007f85f491e000)]
  0x00007f8610116860 JavaThread "Finalizer" daemon [_thread_blocked, id=224426, stack(0x00007f85f471e000,0x00007f85f481e000)]
  0x00007f861011bfe0 JavaThread "Signal Dispatcher" daemon [_thread_blocked, id=224427, stack(0x00007f85f461e000,0x00007f85f471e000)]
  0x00007f861011d390 JavaThread "Service Thread" daemon [_thread_blocked, id=224428, stack(0x00007f85f451e000,0x00007f85f461e000)]
  0x00007f861011e7a0 JavaThread "Monitor Deflation Thread" daemon [_thread_blocked, id=224429, stack(0x00007f85f441e000,0x00007f85f451e000)]
  0x00007f8610120150 JavaThread "C2 CompilerThread0" daemon [_thread_in_native, id=224430, stack(0x00007f85f431e000,0x00007f85f441e000)]
  0x00007f8610121680 JavaThread "C1 CompilerThread0" daemon [_thread_in_vm, id=224432, stack(0x00007f85f421e000,0x00007f85f431e000)]
  0x00007f8610122af0 JavaThread "Sweeper thread" daemon [_thread_blocked, id=224433, stack(0x00007f85f411e000,0x00007f85f421e000)]
  0x00007f861012dfe0 JavaThread "Common-Cleaner" daemon [_thread_blocked, id=224437, stack(0x00007f85f401e000,0x00007f85f411e000)]
  0x00007f86102204a0 JavaThread "Monitor Ctrl-Break" daemon [_thread_in_native, id=224448, stack(0x00007f85e5700000,0x00007f85e5800000)]
  0x00007f8610221c30 JavaThread "Notification Thread" daemon [_thread_blocked, id=224449, stack(0x00007f85e5600000,0x00007f85e5700000)]
  0x00007f85c4000fe0 JavaThread "Attach Listener" daemon [_thread_blocked, id=224488, stack(0x00007f85a3635000,0x00007f85a3735000)]

Other Threads:
  0x00007f86101113d0 VMThread "VM Thread" [stack: 0x00007f85f4920000,0x00007f85f4a20000] [id=224421]
  0x00007f86100190f0 WatcherThread [stack: 0x00007f85e5500000,0x00007f85e5600000] [id=224450]
  0x00007f861006fbc0 GCTaskThread "GC Thread#0" [stack: 0x00007f860ff00000,0x00007f8610000000] [id=224415]
  0x00007f85d40051a0 GCTaskThread "GC Thread#1" [stack: 0x00007f85a3535000,0x00007f85a3635000] [id=224490]
  0x00007f85d4005c20 GCTaskThread "GC Thread#2" [stack: 0x00007f85a3433000,0x00007f85a3533000] [id=224491]
  0x00007f85d400bc30 GCTaskThread "GC Thread#3" [stack: 0x00007f85a3331000,0x00007f85a3431000] [id=224492]
  0x00007f8610080660 ConcurrentGCThread "G1 Main Marker" [stack: 0x00007f85f51fd000,0x00007f85f52fd000] [id=224416]
  0x00007f86100815c0 ConcurrentGCThread "G1 Conc#0" [stack: 0x00007f85f50fb000,0x00007f85f51fb000] [id=224417]
  0x00007f86100e5cb0 ConcurrentGCThread "G1 Refine#0" [stack: 0x00007f85f4bf5000,0x00007f85f4cf5000] [id=224418]
  0x00007f86100e6ba0 ConcurrentGCThread "G1 Service" [stack: 0x00007f85f4af3000,0x00007f85f4bf3000] [id=224419]

Threads with active compile tasks:
C2 CompilerThread0     1967  833 %     4       java.lang.StringLatin1::inflate @ 3 (34 bytes)

VM state: not at safepoint (normal execution)

VM Mutex/Monitor currently owned by a thread: None

Heap address: 0x0000000085a00000, size: 1958 MB, Compressed Oops mode: 32-bit

CDS archive(s) mapped at: [0x0000000800000000-0x0000000800be2000-0x0000000800be2000), size 12460032, SharedBaseAddress: 0x0000000800000000, ArchiveRelocationMode: 0.
Compressed class space mapped at: 0x0000000801000000-0x0000000841000000, reserved size: 1073741824
Narrow klass base: 0x0000000800000000, Narrow klass shift: 0, Narrow klass range: 0x100000000

GC Precious Log:
 CPUs: 4 total, 4 available
 Memory: 7828M
 Large Page Support: Disabled
 NUMA Support: Disabled
 Compressed Oops: Enabled (32-bit)
 Heap Region Size: 1M
 Heap Min Capacity: 8M
 Heap Initial Capacity: 124M
 Heap Max Capacity: 1958M
 Pre-touch: Disabled
 Parallel Workers: 4
 Concurrent Workers: 1
 Concurrent Refinement Workers: 4
 Periodic GC: Disabled

Heap:
 garbage-first heap   total 129024K, used 8060K [0x0000000085a00000, 0x0000000100000000)
  region size 1024K, 6 young (6144K), 2 survivors (2048K)
 Metaspace       used 5135K, committed 5248K, reserved 1114112K
  class space    used 492K, committed 512K, reserved 1048576K

Heap Regions: E=young(eden), S=young(survivor), O=old, HS=humongous(starts), HC=humongous(continues), CS=collection set, F=free, OA=open archive, CA=closed archive, TAMS=top-at-mark-start (previous, next)
|   0|0x0000000085a00000, 0x0000000085b00000, 0x0000000085b00000|100%|HS|  |TAMS 0x0000000085a00000, 0x0000000085a00000| Complete 
|   1|0x0000000085b00000, 0x0000000085be7200, 0x0000000085c00000| 90%| O|  |TAMS 0x0000000085b00000, 0x0000000085b00000| Untracked 
|   2|0x0000000085c00000, 0x0000000085c00000, 0x0000000085d00000|  0%| F|  |TAMS 0x0000000085c00000, 0x0000000085c00000| Untracked 
|   3|0x0000000085d00000, 0x0000000085d00000, 0x0000000085e00000|  0%| F|  |TAMS 0x0000000085d00000, 0x0000000085d00000| Untracked 
|   4|0x0000000085e00000, 0x0000000085e00000, 0x0000000085f00000|  0%| F|  |TAMS 0x0000000085e00000, 0x0000000085e00000| Untracked 
|   5|0x0000000085f00000, 0x0000000085f00000, 0x0000000086000000|  0%| F|  |TAMS 0x0000000085f00000, 0x0000000085f00000| Untracked 
|   6|0x0000000086000000, 0x0000000086000000, 0x0000000086100000|  0%| F|  |TAMS 0x0000000086000000, 0x0000000086000000| Untracked 
|   7|0x0000000086100000, 0x0000000086100000, 0x0000000086200000|  0%| F|  |TAMS 0x0000000086100000, 0x0000000086100000| Untracked 
|   8|0x0000000086200000, 0x0000000086200000, 0x0000000086300000|  0%| F|  |TAMS 0x0000000086200000, 0x0000000086200000| Untracked 
|   9|0x0000000086300000, 0x0000000086300000, 0x0000000086400000|  0%| F|  |TAMS 0x0000000086300000, 0x0000000086300000| Untracked 
|  10|0x0000000086400000, 0x0000000086400000, 0x0000000086500000|  0%| F|  |TAMS 0x0000000086400000, 0x0000000086400000| Untracked 
|  11|0x0000000086500000, 0x0000000086500000, 0x0000000086600000|  0%| F|  |TAMS 0x0000000086500000, 0x0000000086500000| Untracked 
|  12|0x0000000086600000, 0x0000000086600000, 0x0000000086700000|  0%| F|  |TAMS 0x0000000086600000, 0x0000000086600000| Untracked 
|  13|0x0000000086700000, 0x0000000086700000, 0x0000000086800000|  0%| F|  |TAMS 0x0000000086700000, 0x0000000086700000| Untracked 
|  14|0x0000000086800000, 0x0000000086800000, 0x0000000086900000|  0%| F|  |TAMS 0x0000000086800000, 0x0000000086800000| Untracked 
|  15|0x0000000086900000, 0x0000000086900000, 0x0000000086a00000|  0%| F|  |TAMS 0x0000000086900000, 0x0000000086900000| Untracked 
|  16|0x0000000086a00000, 0x0000000086a00000, 0x0000000086b00000|  0%| F|  |TAMS 0x0000000086a00000, 0x0000000086a00000| Untracked 
|  17|0x0000000086b00000, 0x0000000086b00000, 0x0000000086c00000|  0%| F|  |TAMS 0x0000000086b00000, 0x0000000086b00000| Untracked 
|  18|0x0000000086c00000, 0x0000000086c00000, 0x0000000086d00000|  0%| F|  |TAMS 0x0000000086c00000, 0x0000000086c00000| Untracked 
|  19|0x0000000086d00000, 0x0000000086d00000, 0x0000000086e00000|  0%| F|  |TAMS 0x0000000086d00000, 0x0000000086d00000| Untracked 
|  20|0x0000000086e00000, 0x0000000086e00000, 0x0000000086f00000|  0%| F|  |TAMS 0x0000000086e00000, 0x0000000086e00000| Untracked 
|  21|0x0000000086f00000, 0x0000000086f00000, 0x0000000087000000|  0%| F|  |TAMS 0x0000000086f00000, 0x0000000086f00000| Untracked 
|  22|0x0000000087000000, 0x0000000087000000, 0x0000000087100000|  0%| F|  |TAMS 0x0000000087000000, 0x0000000087000000| Untracked 
|  23|0x0000000087100000, 0x0000000087100000, 0x0000000087200000|  0%| F|  |TAMS 0x0000000087100000, 0x0000000087100000| Untracked 
|  24|0x0000000087200000, 0x0000000087200000, 0x0000000087300000|  0%| F|  |TAMS 0x0000000087200000, 0x0000000087200000| Untracked 
|  25|0x0000000087300000, 0x0000000087300000, 0x0000000087400000|  0%| F|  |TAMS 0x0000000087300000, 0x0000000087300000| Untracked 
|  26|0x0000000087400000, 0x0000000087400000, 0x0000000087500000|  0%| F|  |TAMS 0x0000000087400000, 0x0000000087400000| Untracked 
|  27|0x0000000087500000, 0x0000000087500000, 0x0000000087600000|  0%| F|  |TAMS 0x0000000087500000, 0x0000000087500000| Untracked 
|  28|0x0000000087600000, 0x0000000087600000, 0x0000000087700000|  0%| F|  |TAMS 0x0000000087600000, 0x0000000087600000| Untracked 
|  29|0x0000000087700000, 0x0000000087700000, 0x0000000087800000|  0%| F|  |TAMS 0x0000000087700000, 0x0000000087700000| Untracked 
|  30|0x0000000087800000, 0x0000000087800000, 0x0000000087900000|  0%| F|  |TAMS 0x0000000087800000, 0x0000000087800000| Untracked 
|  31|0x0000000087900000, 0x0000000087900000, 0x0000000087a00000|  0%| F|  |TAMS 0x0000000087900000, 0x0000000087900000| Untracked 
|  32|0x0000000087a00000, 0x0000000087a00000, 0x0000000087b00000|  0%| F|  |TAMS 0x0000000087a00000, 0x0000000087a00000| Untracked 
|  33|0x0000000087b00000, 0x0000000087b00000, 0x0000000087c00000|  0%| F|  |TAMS 0x0000000087b00000, 0x0000000087b00000| Untracked 
|  34|0x0000000087c00000, 0x0000000087c00000, 0x0000000087d00000|  0%| F|  |TAMS 0x0000000087c00000, 0x0000000087c00000| Untracked 
|  35|0x0000000087d00000, 0x0000000087d00000, 0x0000000087e00000|  0%| F|  |TAMS 0x0000000087d00000, 0x0000000087d00000| Untracked 
|  36|0x0000000087e00000, 0x0000000087e00000, 0x0000000087f00000|  0%| F|  |TAMS 0x0000000087e00000, 0x0000000087e00000| Untracked 
|  37|0x0000000087f00000, 0x0000000087f00000, 0x0000000088000000|  0%| F|  |TAMS 0x0000000087f00000, 0x0000000087f00000| Untracked 
|  38|0x0000000088000000, 0x0000000088000000, 0x0000000088100000|  0%| F|  |TAMS 0x0000000088000000, 0x0000000088000000| Untracked 
|  39|0x0000000088100000, 0x0000000088100000, 0x0000000088200000|  0%| F|  |TAMS 0x0000000088100000, 0x0000000088100000| Untracked 
|  40|0x0000000088200000, 0x0000000088200000, 0x0000000088300000|  0%| F|  |TAMS 0x0000000088200000, 0x0000000088200000| Untracked 
|  41|0x0000000088300000, 0x0000000088300000, 0x0000000088400000|  0%| F|  |TAMS 0x0000000088300000, 0x0000000088300000| Untracked 
|  42|0x0000000088400000, 0x0000000088400000, 0x0000000088500000|  0%| F|  |TAMS 0x0000000088400000, 0x0000000088400000| Untracked 
|  43|0x0000000088500000, 0x0000000088500000, 0x0000000088600000|  0%| F|  |TAMS 0x0000000088500000, 0x0000000088500000| Untracked 
|  44|0x0000000088600000, 0x0000000088600000, 0x0000000088700000|  0%| F|  |TAMS 0x0000000088600000, 0x0000000088600000| Untracked 
|  45|0x0000000088700000, 0x0000000088700000, 0x0000000088800000|  0%| F|  |TAMS 0x0000000088700000, 0x0000000088700000| Untracked 
|  46|0x0000000088800000, 0x0000000088800000, 0x0000000088900000|  0%| F|  |TAMS 0x0000000088800000, 0x0000000088800000| Untracked 
|  47|0x0000000088900000, 0x0000000088900000, 0x0000000088a00000|  0%| F|  |TAMS 0x0000000088900000, 0x0000000088900000| Untracked 
|  48|0x0000000088a00000, 0x0000000088a00000, 0x0000000088b00000|  0%| F|  |TAMS 0x0000000088a00000, 0x0000000088a00000| Untracked 
|  49|0x0000000088b00000, 0x0000000088b00000, 0x0000000088c00000|  0%| F|  |TAMS 0x0000000088b00000, 0x0000000088b00000| Untracked 
|  50|0x0000000088c00000, 0x0000000088c00000, 0x0000000088d00000|  0%| F|  |TAMS 0x0000000088c00000, 0x0000000088c00000| Untracked 
|  51|0x0000000088d00000, 0x0000000088d00000, 0x0000000088e00000|  0%| F|  |TAMS 0x0000000088d00000, 0x0000000088d00000| Untracked 
|  52|0x0000000088e00000, 0x0000000088e00000, 0x0000000088f00000|  0%| F|  |TAMS 0x0000000088e00000, 0x0000000088e00000| Untracked 
|  53|0x0000000088f00000, 0x0000000088f00000, 0x0000000089000000|  0%| F|  |TAMS 0x0000000088f00000, 0x0000000088f00000| Untracked 
|  54|0x0000000089000000, 0x0000000089000000, 0x0000000089100000|  0%| F|  |TAMS 0x0000000089000000, 0x0000000089000000| Untracked 
|  55|0x0000000089100000, 0x0000000089100000, 0x0000000089200000|  0%| F|  |TAMS 0x0000000089100000, 0x0000000089100000| Untracked 
|  56|0x0000000089200000, 0x0000000089200000, 0x0000000089300000|  0%| F|  |TAMS 0x0000000089200000, 0x0000000089200000| Untracked 
|  57|0x0000000089300000, 0x0000000089300000, 0x0000000089400000|  0%| F|  |TAMS 0x0000000089300000, 0x0000000089300000| Untracked 
|  58|0x0000000089400000, 0x0000000089400000, 0x0000000089500000|  0%| F|  |TAMS 0x0000000089400000, 0x0000000089400000| Untracked 
|  59|0x0000000089500000, 0x0000000089500000, 0x0000000089600000|  0%| F|  |TAMS 0x0000000089500000, 0x0000000089500000| Untracked 
|  60|0x0000000089600000, 0x0000000089600000, 0x0000000089700000|  0%| F|  |TAMS 0x0000000089600000, 0x0000000089600000| Untracked 
|  61|0x0000000089700000, 0x0000000089700000, 0x0000000089800000|  0%| F|  |TAMS 0x0000000089700000, 0x0000000089700000| Untracked 
|  62|0x0000000089800000, 0x0000000089800000, 0x0000000089900000|  0%| F|  |TAMS 0x0000000089800000, 0x0000000089800000| Untracked 
|  63|0x0000000089900000, 0x0000000089900000, 0x0000000089a00000|  0%| F|  |TAMS 0x0000000089900000, 0x0000000089900000| Untracked 
|  64|0x0000000089a00000, 0x0000000089a00000, 0x0000000089b00000|  0%| F|  |TAMS 0x0000000089a00000, 0x0000000089a00000| Untracked 
|  65|0x0000000089b00000, 0x0000000089b00000, 0x0000000089c00000|  0%| F|  |TAMS 0x0000000089b00000, 0x0000000089b00000| Untracked 
|  66|0x0000000089c00000, 0x0000000089c00000, 0x0000000089d00000|  0%| F|  |TAMS 0x0000000089c00000, 0x0000000089c00000| Untracked 
|  67|0x0000000089d00000, 0x0000000089d00000, 0x0000000089e00000|  0%| F|  |TAMS 0x0000000089d00000, 0x0000000089d00000| Untracked 
|  68|0x0000000089e00000, 0x0000000089e00000, 0x0000000089f00000|  0%| F|  |TAMS 0x0000000089e00000, 0x0000000089e00000| Untracked 
|  69|0x0000000089f00000, 0x0000000089f00000, 0x000000008a000000|  0%| F|  |TAMS 0x0000000089f00000, 0x0000000089f00000| Untracked 
|  70|0x000000008a000000, 0x000000008a000000, 0x000000008a100000|  0%| F|  |TAMS 0x000000008a000000, 0x000000008a000000| Untracked 
|  71|0x000000008a100000, 0x000000008a100000, 0x000000008a200000|  0%| F|  |TAMS 0x000000008a100000, 0x000000008a100000| Untracked 
|  72|0x000000008a200000, 0x000000008a200000, 0x000000008a300000|  0%| F|  |TAMS 0x000000008a200000, 0x000000008a200000| Untracked 
|  73|0x000000008a300000, 0x000000008a300000, 0x000000008a400000|  0%| F|  |TAMS 0x000000008a300000, 0x000000008a300000| Untracked 
|  74|0x000000008a400000, 0x000000008a400000, 0x000000008a500000|  0%| F|  |TAMS 0x000000008a400000, 0x000000008a400000| Untracked 
|  75|0x000000008a500000, 0x000000008a500000, 0x000000008a600000|  0%| F|  |TAMS 0x000000008a500000, 0x000000008a500000| Untracked 
|  76|0x000000008a600000, 0x000000008a600000, 0x000000008a700000|  0%| F|  |TAMS 0x000000008a600000, 0x000000008a600000| Untracked 
|  77|0x000000008a700000, 0x000000008a700000, 0x000000008a800000|  0%| F|  |TAMS 0x000000008a700000, 0x000000008a700000| Untracked 
|  78|0x000000008a800000, 0x000000008a800000, 0x000000008a900000|  0%| F|  |TAMS 0x000000008a800000, 0x000000008a800000| Untracked 
|  79|0x000000008a900000, 0x000000008a900000, 0x000000008aa00000|  0%| F|  |TAMS 0x000000008a900000, 0x000000008a900000| Untracked 
|  80|0x000000008aa00000, 0x000000008aa00000, 0x000000008ab00000|  0%| F|  |TAMS 0x000000008aa00000, 0x000000008aa00000| Untracked 
|  81|0x000000008ab00000, 0x000000008ab00000, 0x000000008ac00000|  0%| F|  |TAMS 0x000000008ab00000, 0x000000008ab00000| Untracked 
|  82|0x000000008ac00000, 0x000000008ac00000, 0x000000008ad00000|  0%| F|  |TAMS 0x000000008ac00000, 0x000000008ac00000| Untracked 
|  83|0x000000008ad00000, 0x000000008ad00000, 0x000000008ae00000|  0%| F|  |TAMS 0x000000008ad00000, 0x000000008ad00000| Untracked 
|  84|0x000000008ae00000, 0x000000008ae00000, 0x000000008af00000|  0%| F|  |TAMS 0x000000008ae00000, 0x000000008ae00000| Untracked 
|  85|0x000000008af00000, 0x000000008af00000, 0x000000008b000000|  0%| F|  |TAMS 0x000000008af00000, 0x000000008af00000| Untracked 
|  86|0x000000008b000000, 0x000000008b000000, 0x000000008b100000|  0%| F|  |TAMS 0x000000008b000000, 0x000000008b000000| Untracked 
|  87|0x000000008b100000, 0x000000008b100000, 0x000000008b200000|  0%| F|  |TAMS 0x000000008b100000, 0x000000008b100000| Untracked 
|  88|0x000000008b200000, 0x000000008b200000, 0x000000008b300000|  0%| F|  |TAMS 0x000000008b200000, 0x000000008b200000| Untracked 
|  89|0x000000008b300000, 0x000000008b300000, 0x000000008b400000|  0%| F|  |TAMS 0x000000008b300000, 0x000000008b300000| Untracked 
|  90|0x000000008b400000, 0x000000008b400000, 0x000000008b500000|  0%| F|  |TAMS 0x000000008b400000, 0x000000008b400000| Untracked 
|  91|0x000000008b500000, 0x000000008b500000, 0x000000008b600000|  0%| F|  |TAMS 0x000000008b500000, 0x000000008b500000| Untracked 
|  92|0x000000008b600000, 0x000000008b600000, 0x000000008b700000|  0%| F|  |TAMS 0x000000008b600000, 0x000000008b600000| Untracked 
|  93|0x000000008b700000, 0x000000008b700000, 0x000000008b800000|  0%| F|  |TAMS 0x000000008b700000, 0x000000008b700000| Untracked 
|  94|0x000000008b800000, 0x000000008b800000, 0x000000008b900000|  0%| F|  |TAMS 0x000000008b800000, 0x000000008b800000| Untracked 
|  95|0x000000008b900000, 0x000000008b900000, 0x000000008ba00000|  0%| F|  |TAMS 0x000000008b900000, 0x000000008b900000| Untracked 
|  96|0x000000008ba00000, 0x000000008ba00000, 0x000000008bb00000|  0%| F|  |TAMS 0x000000008ba00000, 0x000000008ba00000| Untracked 
|  97|0x000000008bb00000, 0x000000008bb00000, 0x000000008bc00000|  0%| F|  |TAMS 0x000000008bb00000, 0x000000008bb00000| Untracked 
|  98|0x000000008bc00000, 0x000000008bc00000, 0x000000008bd00000|  0%| F|  |TAMS 0x000000008bc00000, 0x000000008bc00000| Untracked 
|  99|0x000000008bd00000, 0x000000008bd00000, 0x000000008be00000|  0%| F|  |TAMS 0x000000008bd00000, 0x000000008bd00000| Untracked 
| 100|0x000000008be00000, 0x000000008be00000, 0x000000008bf00000|  0%| F|  |TAMS 0x000000008be00000, 0x000000008be00000| Untracked 
| 101|0x000000008bf00000, 0x000000008bf00000, 0x000000008c000000|  0%| F|  |TAMS 0x000000008bf00000, 0x000000008bf00000| Untracked 
| 102|0x000000008c000000, 0x000000008c000000, 0x000000008c100000|  0%| F|  |TAMS 0x000000008c000000, 0x000000008c000000| Untracked 
| 103|0x000000008c100000, 0x000000008c100000, 0x000000008c200000|  0%| F|  |TAMS 0x000000008c100000, 0x000000008c100000| Untracked 
| 104|0x000000008c200000, 0x000000008c200000, 0x000000008c300000|  0%| F|  |TAMS 0x000000008c200000, 0x000000008c200000| Untracked 
| 105|0x000000008c300000, 0x000000008c300000, 0x000000008c400000|  0%| F|  |TAMS 0x000000008c300000, 0x000000008c300000| Untracked 
| 106|0x000000008c400000, 0x000000008c400000, 0x000000008c500000|  0%| F|  |TAMS 0x000000008c400000, 0x000000008c400000| Untracked 
| 107|0x000000008c500000, 0x000000008c500000, 0x000000008c600000|  0%| F|  |TAMS 0x000000008c500000, 0x000000008c500000| Untracked 
| 108|0x000000008c600000, 0x000000008c600000, 0x000000008c700000|  0%| F|  |TAMS 0x000000008c600000, 0x000000008c600000| Untracked 
| 109|0x000000008c700000, 0x000000008c800000, 0x000000008c800000|100%| S|CS|TAMS 0x000000008c700000, 0x000000008c700000| Complete 
| 110|0x000000008c800000, 0x000000008c900000, 0x000000008c900000|100%| S|CS|TAMS 0x000000008c800000, 0x000000008c800000| Complete 
| 111|0x000000008c900000, 0x000000008c900000, 0x000000008ca00000|  0%| F|  |TAMS 0x000000008c900000, 0x000000008c900000| Untracked 
| 112|0x000000008ca00000, 0x000000008ca00000, 0x000000008cb00000|  0%| F|  |TAMS 0x000000008ca00000, 0x000000008ca00000| Untracked 
| 113|0x000000008cb00000, 0x000000008cb00000, 0x000000008cc00000|  0%| F|  |TAMS 0x000000008cb00000, 0x000000008cb00000| Untracked 
| 114|0x000000008cc00000, 0x000000008cc00000, 0x000000008cd00000|  0%| F|  |TAMS 0x000000008cc00000, 0x000000008cc00000| Untracked 
| 115|0x000000008cd00000, 0x000000008cd00000, 0x000000008ce00000|  0%| F|  |TAMS 0x000000008cd00000, 0x000000008cd00000| Untracked 
| 116|0x000000008ce00000, 0x000000008ce00000, 0x000000008cf00000|  0%| F|  |TAMS 0x000000008ce00000, 0x000000008ce00000| Untracked 
| 117|0x000000008cf00000, 0x000000008cf00000, 0x000000008d000000|  0%| F|  |TAMS 0x000000008cf00000, 0x000000008cf00000| Untracked 
| 118|0x000000008d000000, 0x000000008d000000, 0x000000008d100000|  0%| F|  |TAMS 0x000000008d000000, 0x000000008d000000| Untracked 
| 119|0x000000008d100000, 0x000000008d100000, 0x000000008d200000|  0%| F|  |TAMS 0x000000008d100000, 0x000000008d100000| Untracked 
| 120|0x000000008d200000, 0x000000008d2a7038, 0x000000008d300000| 65%| E|  |TAMS 0x000000008d200000, 0x000000008d200000| Complete 
| 121|0x000000008d300000, 0x000000008d400000, 0x000000008d400000|100%| E|CS|TAMS 0x000000008d300000, 0x000000008d300000| Complete 
| 122|0x000000008d400000, 0x000000008d500000, 0x000000008d500000|100%| E|CS|TAMS 0x000000008d400000, 0x000000008d400000| Complete 
| 123|0x000000008d500000, 0x000000008d600000, 0x000000008d600000|100%| E|CS|TAMS 0x000000008d500000, 0x000000008d500000| Complete 
|1956|0x00000000ffe00000, 0x00000000ffe76000, 0x00000000fff00000| 46%|OA|  |TAMS 0x00000000ffe00000, 0x00000000ffe00000| Untracked 
|1957|0x00000000fff00000, 0x00000000fff82000, 0x0000000100000000| 50%|CA|  |TAMS 0x00000000fff00000, 0x00000000fff00000| Untracked 

Card table byte_map: [0x00007f8614080000,0x00007f8614453000] _byte_map_base: 0x00007f8613c53000

Marking Bits (Prev, Next): (CMBitMap*) 0x00007f8610070640, (CMBitMap*) 0x00007f8610070680
 Prev Bits: [0x00007f85f7195000, 0x00007f85f902d000)
 Next Bits: [0x00007f85f52fd000, 0x00007f85f7195000)

Polling page: 0x00007f8616a08000

Metaspace:

Usage:
  Non-class:      4,53 MB used.
      Class:    492,67 KB used.
       Both:      5,01 MB used.

Virtual space:
  Non-class space:       64,00 MB reserved,       4,62 MB (  7%) committed,  1 nodes.
      Class space:        1,00 GB reserved,     512,00 KB ( <1%) committed,  1 nodes.
             Both:        1,06 GB reserved,       5,12 MB ( <1%) committed. 

Chunk freelists:
   Non-Class:  9,97 MB
       Class:  15,50 MB
        Both:  25,47 MB

MaxMetaspaceSize: unlimited
CompressedClassSpaceSize: 1,00 GB
Initial GC threshold: 21,00 MB
Current GC threshold: 21,00 MB
CDS: on
MetaspaceReclaimPolicy: balanced
 - commit_granule_bytes: 65536.
 - commit_granule_words: 8192.
 - virtual_space_node_default_size: 8388608.
 - enlarge_chunks_in_place: 1.
 - new_chunks_are_fully_committed: 0.
 - uncommit_free_chunks: 1.
 - use_allocation_guard: 0.
 - handle_deallocations: 1.


Internal statistics:

num_allocs_failed_limit: 0.
num_arena_births: 22.
num_arena_deaths: 0.
num_vsnodes_births: 2.
num_vsnodes_deaths: 0.
num_space_committed: 82.
num_space_uncommitted: 0.
num_chunks_returned_to_freelist: 0.
num_chunks_taken_from_freelist: 128.
num_chunk_merges: 0.
num_chunk_splits: 86.
num_chunks_enlarged: 65.
num_inconsistent_stats: 0.

CodeHeap 'non-profiled nmethods': size=120032Kb used=249Kb max_used=249Kb free=119782Kb
 bounds [0x00007f8600ec8000, 0x00007f8601138000, 0x00007f8608400000]
CodeHeap 'profiled nmethods': size=120028Kb used=1467Kb max_used=1467Kb free=118560Kb
 bounds [0x00007f85f9400000, 0x00007f85f9670000, 0x00007f8600937000]
CodeHeap 'non-nmethods': size=5700Kb used=1242Kb max_used=1257Kb free=4458Kb
 bounds [0x00007f8600937000, 0x00007f8600ba7000, 0x00007f8600ec8000]
 total_blobs=1404 nmethods=851 adapters=467
 compilation: enabled
              stopped_count=0, restarted_count=0
 full_count=0

Compilation events (20 events):
Event: 1,918 Thread 0x00007f8610121680 nmethod 823 0x00007f85f955e490 code [0x00007f85f955e640, 0x00007f85f955e780]
Event: 1,918 Thread 0x00007f8610121680  825       3       java.lang.Integer::parseInt (7 bytes)
Event: 1,918 Thread 0x00007f8610121680 nmethod 825 0x00007f85f955e810 code [0x00007f85f955e9c0, 0x00007f85f955eae0]
Event: 1,918 Thread 0x00007f8610121680  826       3       java.util.regex.Matcher::group (112 bytes)
Event: 1,920 Thread 0x00007f8610120150  832       4       java.lang.StringCoding::hasNegatives (25 bytes)
Event: 1,926 Thread 0x00007f8610120150 nmethod 832 0x00007f8600f05d90 code [0x00007f8600f05f20, 0x00007f8600f06138]
Event: 1,926 Thread 0x00007f8610120150  822       4       java.lang.CharacterDataLatin1::digit (32 bytes)
Event: 1,927 Thread 0x00007f8610120150 nmethod 822 0x00007f8600f06210 code [0x00007f8600f063a0, 0x00007f8600f06498]
Event: 1,927 Thread 0x00007f8610121680 nmethod 826 0x00007f85f955eb90 code [0x00007f85f955ee20, 0x00007f85f955f920]
Event: 1,927 Thread 0x00007f8610121680  827       3       java.util.regex.Matcher::getSubSequence (12 bytes)
Event: 1,927 Thread 0x00007f8610121680 nmethod 827 0x00007f85f955fd90 code [0x00007f85f955ff40, 0x00007f85f9560100]
Event: 1,927 Thread 0x00007f8610121680  828       3       java.util.Scanner::ensureOpen (19 bytes)
Event: 1,928 Thread 0x00007f8610121680 nmethod 828 0x00007f85f9560210 code [0x00007f85f95603c0, 0x00007f85f95605e0]
Event: 1,928 Thread 0x00007f8610121680  829       3       java.util.regex.Matcher::group (6 bytes)
Event: 1,928 Thread 0x00007f8610121680 nmethod 829 0x00007f85f9560710 code [0x00007f85f95608c0, 0x00007f85f9560a00]
Event: 1,928 Thread 0x00007f8610121680  830       3       java.nio.HeapCharBuffer::subSequence (7 bytes)
Event: 1,928 Thread 0x00007f8610121680 nmethod 830 0x00007f85f9560a90 code [0x00007f85f9560c40, 0x00007f85f9560d80]
Event: 1,928 Thread 0x00007f8610121680  831       3       java.nio.HeapCharBuffer::subSequence (48 bytes)
Event: 1,929 Thread 0x00007f8610121680 nmethod 831 0x00007f85f9560e10 code [0x00007f85f9560fe0, 0x00007f85f95613f0]
Event: 1,936 Thread 0x00007f8610120150  833 %     4       java.lang.StringLatin1::inflate @ 3 (34 bytes)

GC Heap History (2 events):
Event: 1,576 GC heap before
{Heap before GC invocations=0 (full 0):
 garbage-first heap   total 129024K, used 15328K [0x0000000085a00000, 0x0000000100000000)
  region size 1024K, 13 young (13312K), 0 survivors (0K)
 Metaspace       used 4612K, committed 4736K, reserved 1114112K
  class space    used 449K, committed 512K, reserved 1048576K
}
Event: 1,613 GC heap after
{Heap after GC invocations=1 (full 0):
 garbage-first heap   total 129024K, used 4988K [0x0000000085a00000, 0x0000000100000000)
  region size 1024K, 2 young (2048K), 2 survivors (2048K)
 Metaspace       used 4612K, committed 4736K, reserved 1114112K
  class space    used 449K, committed 512K, reserved 1048576K
}

Dll operation events (11 events):
Event: 0,014 Loaded shared library /usr/lib/jvm/java-17-openjdk-amd64/lib/libjava.so
Event: 0,050 Loaded shared library /usr/lib/jvm/java-17-openjdk-amd64/lib/libjsvml.so
Event: 0,329 Loaded shared library /usr/lib/jvm/java-17-openjdk-amd64/lib/libzip.so
Event: 0,338 Loaded shared library /usr/lib/jvm/java-17-openjdk-amd64/lib/libinstrument.so
Event: 0,362 Loaded shared library /usr/lib/jvm/java-17-openjdk-amd64/lib/libnio.so
Event: 0,384 Loaded shared library /usr/lib/jvm/java-17-openjdk-amd64/lib/libzip.so
Event: 0,570 Loaded shared library /usr/lib/jvm/java-17-openjdk-amd64/lib/libnet.so
Event: 0,605 Loaded shared library /usr/lib/jvm/java-17-openjdk-amd64/lib/libextnet.so
Event: 0,707 Loaded shared library /usr/lib/jvm/java-17-openjdk-amd64/lib/libjimage.so
Event: 0,888 Loaded shared library /tmp/jffi17394981421461283068.so
Event: 1,008 Loaded shared library /usr/lib/jvm/java-17-openjdk-amd64/lib/libverify.so

Deoptimization events (20 events):
Event: 1,839 Thread 0x00007f86100166d0 DEOPT PACKING pc=0x00007f85f945f47f sp=0x00007f86151fe4b0
Event: 1,839 Thread 0x00007f86100166d0 DEOPT UNPACKING pc=0x00007f860098de2f sp=0x00007f86151fd940 mode 0
Event: 1,840 Thread 0x00007f86100166d0 DEOPT PACKING pc=0x00007f85f945f47f sp=0x00007f86151fe4b0
Event: 1,840 Thread 0x00007f86100166d0 DEOPT UNPACKING pc=0x00007f860098de2f sp=0x00007f86151fd940 mode 0
Event: 1,841 Thread 0x00007f86100166d0 DEOPT PACKING pc=0x00007f85f945f47f sp=0x00007f86151fe4b0
Event: 1,841 Thread 0x00007f86100166d0 DEOPT UNPACKING pc=0x00007f860098de2f sp=0x00007f86151fd940 mode 0
Event: 1,842 Thread 0x00007f86100166d0 DEOPT PACKING pc=0x00007f85f945f47f sp=0x00007f86151fe4b0
Event: 1,842 Thread 0x00007f86100166d0 DEOPT UNPACKING pc=0x00007f860098de2f sp=0x00007f86151fd940 mode 0
Event: 1,843 Thread 0x00007f86100166d0 DEOPT PACKING pc=0x00007f85f945f47f sp=0x00007f86151fe4b0
Event: 1,843 Thread 0x00007f86100166d0 DEOPT UNPACKING pc=0x00007f860098de2f sp=0x00007f86151fd940 mode 0
Event: 1,851 Thread 0x00007f86100166d0 DEOPT PACKING pc=0x00007f85f945f47f sp=0x00007f86151fe4b0
Event: 1,851 Thread 0x00007f86100166d0 DEOPT UNPACKING pc=0x00007f860098de2f sp=0x00007f86151fd940 mode 0
Event: 1,852 Thread 0x00007f86100166d0 DEOPT PACKING pc=0x00007f85f945f47f sp=0x00007f86151fe4b0
Event: 1,852 Thread 0x00007f86100166d0 DEOPT UNPACKING pc=0x00007f860098de2f sp=0x00007f86151fd940 mode 0
Event: 1,853 Thread 0x00007f86100166d0 DEOPT PACKING pc=0x00007f85f945f47f sp=0x00007f86151fe4b0
Event: 1,853 Thread 0x00007f86100166d0 DEOPT UNPACKING pc=0x00007f860098de2f sp=0x00007f86151fd940 mode 0
Event: 1,854 Thread 0x00007f86100166d0 DEOPT PACKING pc=0x00007f85f945f47f sp=0x00007f86151fe440
Event: 1,854 Thread 0x00007f86100166d0 DEOPT UNPACKING pc=0x00007f860098de2f sp=0x00007f86151fd8d0 mode 0
Event: 1,911 Thread 0x00007f86100166d0 DEOPT PACKING pc=0x00007f85f9437bd5 sp=0x00007f86151fe1e0
Event: 1,911 Thread 0x00007f86100166d0 DEOPT UNPACKING pc=0x00007f860098de2f sp=0x00007f86151fd6a0 mode 0

Classes unloaded (0 events):
No events

Classes redefined (0 events):
No events

Internal exceptions (6 events):
Event: 0,383 Thread 0x00007f86100166d0 Implicit null exception at 0x00007f8600ed22d5 to 0x00007f8600ed243c
Event: 0,582 Thread 0x00007f86102204a0 Exception <a 'java/lang/NoSuchMethodError'{0x000000008d203120}: 'java.lang.Object java.lang.invoke.DirectMethodHandle$Holder.invokeStaticInit(java.lang.Object)'> (0x000000008d203120) 
thrown [./src/hotspot/share/interpreter/linkResolver.cpp, line 758]
Event: 0,612 Thread 0x00007f86102204a0 Exception <a 'java/lang/NoSuchMethodError'{0x000000008d2117c8}: 'void java.lang.invoke.DirectMethodHandle$Holder.invokeStatic(java.lang.Object, java.lang.Object)'> (0x000000008d2117c8) 
thrown [./src/hotspot/share/interpreter/linkResolver.cpp, line 758]
Event: 1,203 Thread 0x00007f86100166d0 Exception <a 'java/lang/UnsatisfiedLinkError'{0x000000008cefa508}: meos: Ne peut ouvrir le fichier d'objet partagé: Aucun fichier ou dossier de ce type> (0x000000008cefa508) 
thrown [./src/hotspot/share/prims/jni.cpp, line 535]
Event: 1,538 Thread 0x00007f86100166d0 Exception <a 'java/lang/NoSuchMethodError'{0x000000008c97c200}: 'java.lang.Object java.lang.invoke.DirectMethodHandle$Holder.newInvokeSpecial(java.lang.Object, java.lang.Object, java.lang.Object, java.lang.Object, java.lang.Object)'> (0x000000008c97c200) 
thrown [./src/hotspot/share/interpreter/linkResolver.cpp, line 758]
Event: 1,641 Thread 0x00007f86100166d0 Exception <a 'java/lang/UnsatisfiedLinkError'{0x000000008d52d220}: /usr/local/lib/libmeos.so: undefined symbol: distance_timestamp_timestamp> (0x000000008d52d220) 
thrown [./src/hotspot/share/prims/jni.cpp, line 535]

VM Operations (10 events):
Event: 0,219 Executing VM operation: HandshakeAllThreads
Event: 0,219 Executing VM operation: HandshakeAllThreads done
Event: 0,796 Executing VM operation: HandshakeAllThreads
Event: 0,796 Executing VM operation: HandshakeAllThreads done
Event: 1,143 Executing VM operation: HandshakeAllThreads
Event: 1,143 Executing VM operation: HandshakeAllThreads done
Event: 1,143 Executing VM operation: Cleanup
Event: 1,143 Executing VM operation: Cleanup done
Event: 1,576 Executing VM operation: G1CollectForAllocation
Event: 1,613 Executing VM operation: G1CollectForAllocation done

Events (20 events):
Event: 1,692 loading class java/util/LinkedList$ListItr
Event: 1,693 loading class java/util/LinkedList$ListItr done
Event: 1,706 loading class sun/misc/Unsafe
Event: 1,706 loading class sun/misc/Unsafe done
Event: 1,718 loading class java/util/Scanner
Event: 1,718 loading class java/util/Scanner done
Event: 1,722 loading class java/util/Scanner$PatternLRUCache
Event: 1,722 loading class java/util/Scanner$PatternLRUCache done
Event: 1,726 loading class java/util/regex/Matcher$ImmutableMatchResult
Event: 1,726 loading class java/util/regex/Matcher$ImmutableMatchResult done
Event: 1,726 loading class java/nio/StringCharBuffer
Event: 1,726 loading class java/nio/StringCharBuffer done
Event: 1,941 loading class jdk/internal/math/FormattedFloatingDecimal$Form
Event: 1,941 loading class jdk/internal/math/FormattedFloatingDecimal$Form done
Event: 1,941 loading class jdk/internal/math/FormattedFloatingDecimal
Event: 1,941 loading class jdk/internal/math/FormattedFloatingDecimal done
Event: 1,942 loading class jdk/internal/math/FormattedFloatingDecimal$1
Event: 1,942 loading class jdk/internal/math/FormattedFloatingDecimal$1 done
Event: 1,942 loading class jdk/internal/math/FormattedFloatingDecimal$2
Event: 1,942 loading class jdk/internal/math/FormattedFloatingDecimal$2 done


Dynamic libraries:
85a00000-8d600000 rw-p 00000000 00:00 0 
8d600000-ffe00000 ---p 00000000 00:00 0 
ffe00000-ffe76000 rw-p 00c9d000 08:02 10491600                           /usr/lib/jvm/java-17-openjdk-amd64/lib/server/classes.jsa
ffe76000-fff00000 rw-p 00000000 00:00 0 
fff00000-fff82000 rw-p 00c1b000 08:02 10491600                           /usr/lib/jvm/java-17-openjdk-amd64/lib/server/classes.jsa
fff82000-100000000 rw-p 00000000 00:00 0 
800000000-800458000 rw-p 00001000 08:02 10491600                         /usr/lib/jvm/java-17-openjdk-amd64/lib/server/classes.jsa
800458000-800be2000 r--p 00459000 08:02 10491600                         /usr/lib/jvm/java-17-openjdk-amd64/lib/server/classes.jsa
800be2000-801000000 ---p 00000000 00:00 0 
801000000-801040000 rw-p 00000000 00:00 0 
801040000-801080000 rw-p 00000000 00:00 0 
801080000-841000000 ---p 00000000 00:00 0 
564dcea8d000-564dcea8e000 r--p 00000000 08:02 10485864                   /usr/lib/jvm/java-17-openjdk-amd64/bin/java
564dcea8e000-564dcea8f000 r-xp 00001000 08:02 10485864                   /usr/lib/jvm/java-17-openjdk-amd64/bin/java
564dcea8f000-564dcea90000 r--p 00002000 08:02 10485864                   /usr/lib/jvm/java-17-openjdk-amd64/bin/java
564dcea90000-564dcea91000 r--p 00002000 08:02 10485864                   /usr/lib/jvm/java-17-openjdk-amd64/bin/java
564dcea91000-564dcea92000 rw-p 00003000 08:02 10485864                   /usr/lib/jvm/java-17-openjdk-amd64/bin/java
564dcf5c1000-564dcf608000 rw-p 00000000 00:00 0                          [heap]
7f858c000000-7f858c021000 rw-p 00000000 00:00 0 
7f858c021000-7f8590000000 ---p 00000000 00:00 0 
7f8594000000-7f8594021000 rw-p 00000000 00:00 0 
7f8594021000-7f8598000000 ---p 00000000 00:00 0 
7f8598000000-7f8598021000 rw-p 00000000 00:00 0 
7f8598021000-7f859c000000 ---p 00000000 00:00 0 
7f859c000000-7f859c027000 rw-p 00000000 00:00 0 
7f859c027000-7f85a0000000 ---p 00000000 00:00 0 
7f85a2f48000-7f85a332f000 rw-p 00000000 00:00 0 
7f85a332f000-7f85a3330000 ---p 00000000 00:00 0 
7f85a3330000-7f85a3431000 rw-p 00000000 00:00 0 
7f85a3431000-7f85a3432000 ---p 00000000 00:00 0 
7f85a3432000-7f85a3533000 rw-p 00000000 00:00 0 
7f85a3533000-7f85a3534000 ---p 00000000 00:00 0 
7f85a3534000-7f85a3635000 rw-p 00000000 00:00 0 
7f85a3635000-7f85a3639000 ---p 00000000 00:00 0 
7f85a3639000-7f85a3735000 rw-p 00000000 00:00 0 
7f85a3735000-7f85a3756000 r--p 00000000 08:02 10356892                   /usr/lib/x86_64-linux-gnu/libkrb5.so.3.3
7f85a3756000-7f85a37b3000 r-xp 00021000 08:02 10356892                   /usr/lib/x86_64-linux-gnu/libkrb5.so.3.3
7f85a37b3000-7f85a37f0000 r--p 0007e000 08:02 10356892                   /usr/lib/x86_64-linux-gnu/libkrb5.so.3.3
7f85a37f0000-7f85a37f1000 ---p 000bb000 08:02 10356892                   /usr/lib/x86_64-linux-gnu/libkrb5.so.3.3
7f85a37f1000-7f85a37fe000 r--p 000bb000 08:02 10356892                   /usr/lib/x86_64-linux-gnu/libkrb5.so.3.3
7f85a37fe000-7f85a3800000 rw-p 000c8000 08:02 10356892                   /usr/lib/x86_64-linux-gnu/libkrb5.so.3.3
7f85a3800000-7f85a38b2000 r--p 00000000 08:02 10354984                   /usr/lib/x86_64-linux-gnu/libcrypto.so.3
7f85a38b2000-7f85a3b0f000 r-xp 000b2000 08:02 10354984                   /usr/lib/x86_64-linux-gnu/libcrypto.so.3
7f85a3b0f000-7f85a3be1000 r--p 0030f000 08:02 10354984                   /usr/lib/x86_64-linux-gnu/libcrypto.so.3
7f85a3be1000-7f85a3c3c000 r--p 003e0000 08:02 10354984                   /usr/lib/x86_64-linux-gnu/libcrypto.so.3
7f85a3c3c000-7f85a3c3f000 rw-p 0043b000 08:02 10354984                   /usr/lib/x86_64-linux-gnu/libcrypto.so.3
7f85a3c3f000-7f85a3c42000 rw-p 00000000 00:00 0 
7f85a3c99000-7f85a3cc2000 r--p 00000000 08:02 10356002                   /usr/lib/x86_64-linux-gnu/libp11-kit.so.0.3.0
7f85a3cc2000-7f85a3d66000 r-xp 00029000 08:02 10356002                   /usr/lib/x86_64-linux-gnu/libp11-kit.so.0.3.0
7f85a3d66000-7f85a3dc0000 r--p 000cd000 08:02 10356002                   /usr/lib/x86_64-linux-gnu/libp11-kit.so.0.3.0
7f85a3dc0000-7f85a3dca000 r--p 00126000 08:02 10356002                   /usr/lib/x86_64-linux-gnu/libp11-kit.so.0.3.0
7f85a3dca000-7f85a3dd4000 rw-p 00130000 08:02 10356002                   /usr/lib/x86_64-linux-gnu/libp11-kit.so.0.3.0
7f85a3dd4000-7f85a3dde000 r--p 00000000 08:02 10357741                   /usr/lib/x86_64-linux-gnu/libgmp.so.10.4.1
7f85a3dde000-7f85a3e3d000 r-xp 0000a000 08:02 10357741                   /usr/lib/x86_64-linux-gnu/libgmp.so.10.4.1
7f85a3e3d000-7f85a3e54000 r--p 00069000 08:02 10357741                   /usr/lib/x86_64-linux-gnu/libgmp.so.10.4.1
7f85a3e54000-7f85a3e55000 r--p 0007f000 08:02 10357741                   /usr/lib/x86_64-linux-gnu/libgmp.so.10.4.1
7f85a3e55000-7f85a3e56000 rw-p 00080000 08:02 10357741                   /usr/lib/x86_64-linux-gnu/libgmp.so.10.4.1
7f85a3e56000-7f85a3e67000 r--p 00000000 08:02 10360661                   /usr/lib/x86_64-linux-gnu/libunistring.so.2.2.0
7f85a3e67000-7f85a3e9d000 r-xp 00011000 08:02 10360661                   /usr/lib/x86_64-linux-gnu/libunistring.so.2.2.0
7f85a3e9d000-7f85a3ffb000 r--p 00047000 08:02 10360661                   /usr/lib/x86_64-linux-gnu/libunistring.so.2.2.0
7f85a3ffb000-7f85a3fff000 r--p 001a5000 08:02 10360661                   /usr/lib/x86_64-linux-gnu/libunistring.so.2.2.0
7f85a3fff000-7f85a4000000 rw-p 001a9000 08:02 10360661                   /usr/lib/x86_64-linux-gnu/libunistring.so.2.2.0
7f85a4000000-7f85a4021000 rw-p 00000000 00:00 0 
7f85a4021000-7f85a8000000 ---p 00000000 00:00 0 
7f85a8000000-7f85a8021000 rw-p 00000000 00:00 0 
7f85a8021000-7f85ac000000 ---p 00000000 00:00 0 
7f85ac000000-7f85ac021000 rw-p 00000000 00:00 0 
7f85ac021000-7f85b0000000 ---p 00000000 00:00 0 
7f85b0000000-7f85b0021000 rw-p 00000000 00:00 0 
7f85b0021000-7f85b4000000 ---p 00000000 00:00 0 
7f85b4000000-7f85b4452000 rw-p 00000000 00:00 0 
7f85b4452000-7f85b8000000 ---p 00000000 00:00 0 
7f85b8000000-7f85b8021000 rw-p 00000000 00:00 0 
7f85b8021000-7f85bc000000 ---p 00000000 00:00 0 
7f85bc000000-7f85bc021000 rw-p 00000000 00:00 0 
7f85bc021000-7f85c0000000 ---p 00000000 00:00 0 
7f85c0000000-7f85c0219000 rw-p 00000000 00:00 0 
7f85c0219000-7f85c4000000 ---p 00000000 00:00 0 
7f85c4000000-7f85c4021000 rw-p 00000000 00:00 0 
7f85c4021000-7f85c8000000 ---p 00000000 00:00 0 
7f85c8000000-7f85c8021000 rw-p 00000000 00:00 0 
7f85c8021000-7f85cc000000 ---p 00000000 00:00 0 
7f85cc000000-7f85cc021000 rw-p 00000000 00:00 0 
7f85cc021000-7f85d0000000 ---p 00000000 00:00 0 
7f85d0000000-7f85d0021000 rw-p 00000000 00:00 0 
7f85d0021000-7f85d4000000 ---p 00000000 00:00 0 
7f85d4000000-7f85d4021000 rw-p 00000000 00:00 0 
7f85d4021000-7f85d8000000 ---p 00000000 00:00 0 
7f85d8000000-7f85d8021000 rw-p 00000000 00:00 0 
7f85d8021000-7f85dc000000 ---p 00000000 00:00 0 
7f85dc000000-7f85dc290000 rw-p 00000000 00:00 0 
7f85dc290000-7f85dc400000 ---p 00000000 00:00 0 
7f85dc400000-7f85dc610000 rw-p 00000000 00:00 0 
7f85dc610000-7f85e0000000 ---p 00000000 00:00 0 
7f85e0000000-7f85e0021000 rw-p 00000000 00:00 0 
7f85e0021000-7f85e4000000 ---p 00000000 00:00 0 
7f85e4001000-7f85e4004000 r--p 00000000 08:02 10365379                   /usr/lib/x86_64-linux-gnu/libresolv.so.2
7f85e4004000-7f85e400e000 r-xp 00003000 08:02 10365379                   /usr/lib/x86_64-linux-gnu/libresolv.so.2
7f85e400e000-7f85e4011000 r--p 0000d000 08:02 10365379                   /usr/lib/x86_64-linux-gnu/libresolv.so.2
7f85e4011000-7f85e4012000 r--p 0000f000 08:02 10365379                   /usr/lib/x86_64-linux-gnu/libresolv.so.2
7f85e4012000-7f85e4013000 rw-p 00010000 08:02 10365379                   /usr/lib/x86_64-linux-gnu/libresolv.so.2
7f85e4013000-7f85e4015000 rw-p 00000000 00:00 0 
7f85e4015000-7f85e4016000 r--p 00000000 08:02 10355681                   /usr/lib/x86_64-linux-gnu/libbrotlicommon.so.1.0.9
7f85e4016000-7f85e4017000 r-xp 00001000 08:02 10355681                   /usr/lib/x86_64-linux-gnu/libbrotlicommon.so.1.0.9
7f85e4017000-7f85e4036000 r--p 00002000 08:02 10355681                   /usr/lib/x86_64-linux-gnu/libbrotlicommon.so.1.0.9
7f85e4036000-7f85e4037000 r--p 00020000 08:02 10355681                   /usr/lib/x86_64-linux-gnu/libbrotlicommon.so.1.0.9
7f85e4037000-7f85e4038000 rw-p 00021000 08:02 10355681                   /usr/lib/x86_64-linux-gnu/libbrotlicommon.so.1.0.9
7f85e4038000-7f85e403c000 r--p 00000000 08:02 10357711                   /usr/lib/x86_64-linux-gnu/libk5crypto.so.3.1
7f85e403c000-7f85e4057000 r-xp 00004000 08:02 10357711                   /usr/lib/x86_64-linux-gnu/libk5crypto.so.3.1
7f85e4057000-7f85e4063000 r--p 0001f000 08:02 10357711                   /usr/lib/x86_64-linux-gnu/libk5crypto.so.3.1
7f85e4063000-7f85e4064000 ---p 0002b000 08:02 10357711                   /usr/lib/x86_64-linux-gnu/libk5crypto.so.3.1
7f85e4064000-7f85e4065000 r--p 0002b000 08:02 10357711                   /usr/lib/x86_64-linux-gnu/libk5crypto.so.3.1
7f85e4065000-7f85e4066000 rw-p 0002c000 08:02 10357711                   /usr/lib/x86_64-linux-gnu/libk5crypto.so.3.1
7f85e4066000-7f85e4067000 rw-p 00000000 00:00 0 
7f85e4067000-7f85e406f000 r--p 00000000 08:02 10360657                   /usr/lib/x86_64-linux-gnu/libhogweed.so.6.4
7f85e406f000-7f85e4082000 r-xp 00008000 08:02 10360657                   /usr/lib/x86_64-linux-gnu/libhogweed.so.6.4
7f85e4082000-7f85e40ac000 r--p 0001b000 08:02 10360657                   /usr/lib/x86_64-linux-gnu/libhogweed.so.6.4
7f85e40ac000-7f85e40ad000 ---p 00045000 08:02 10360657                   /usr/lib/x86_64-linux-gnu/libhogweed.so.6.4
7f85e40ad000-7f85e40ae000 r--p 00045000 08:02 10360657                   /usr/lib/x86_64-linux-gnu/libhogweed.so.6.4
7f85e40ae000-7f85e40af000 rw-p 00046000 08:02 10360657                   /usr/lib/x86_64-linux-gnu/libhogweed.so.6.4
7f85e40af000-7f85e40bd000 r--p 00000000 08:02 10362052                   /usr/lib/x86_64-linux-gnu/libldap-2.5.so.0.1.9
7f85e40bd000-7f85e40f7000 r-xp 0000e000 08:02 10362052                   /usr/lib/x86_64-linux-gnu/libldap-2.5.so.0.1.9
7f85e40f7000-7f85e4108000 r--p 00048000 08:02 10362052                   /usr/lib/x86_64-linux-gnu/libldap-2.5.so.0.1.9
7f85e4108000-7f85e4109000 ---p 00059000 08:02 10362052                   /usr/lib/x86_64-linux-gnu/libldap-2.5.so.0.1.9
7f85e4109000-7f85e410b000 r--p 00059000 08:02 10362052                   /usr/lib/x86_64-linux-gnu/libldap-2.5.so.0.1.9
7f85e410b000-7f85e410c000 rw-p 0005b000 08:02 10362052                   /usr/lib/x86_64-linux-gnu/libldap-2.5.so.0.1.9
7f85e410c000-7f85e410e000 rw-p 00000000 00:00 0 
7f85e410e000-7f85e4119000 r--p 00000000 08:02 10357451                   /usr/lib/x86_64-linux-gnu/libgssapi_krb5.so.2.2
7f85e4119000-7f85e4151000 r-xp 0000b000 08:02 10357451                   /usr/lib/x86_64-linux-gnu/libgssapi_krb5.so.2.2
7f85e4151000-7f85e415d000 r--p 00043000 08:02 10357451                   /usr/lib/x86_64-linux-gnu/libgssapi_krb5.so.2.2
7f85e415d000-7f85e415e000 ---p 0004f000 08:02 10357451                   /usr/lib/x86_64-linux-gnu/libgssapi_krb5.so.2.2
7f85e415e000-7f85e4160000 r--p 0004f000 08:02 10357451                   /usr/lib/x86_64-linux-gnu/libgssapi_krb5.so.2.2
7f85e4160000-7f85e4162000 rw-p 00051000 08:02 10357451                   /usr/lib/x86_64-linux-gnu/libgssapi_krb5.so.2.2
7f85e4162000-7f85e4193000 r--p 00000000 08:02 10357230                   /usr/lib/x86_64-linux-gnu/libgnutls.so.30.31.0
7f85e4193000-7f85e42bc000 r-xp 00031000 08:02 10357230                   /usr/lib/x86_64-linux-gnu/libgnutls.so.30.31.0
7f85e42bc000-7f85e4339000 r--p 0015a000 08:02 10357230                   /usr/lib/x86_64-linux-gnu/libgnutls.so.30.31.0
7f85e4339000-7f85e4349000 r--p 001d6000 08:02 10357230                   /usr/lib/x86_64-linux-gnu/libgnutls.so.30.31.0
7f85e4349000-7f85e434b000 rw-p 001e6000 08:02 10357230                   /usr/lib/x86_64-linux-gnu/libgnutls.so.30.31.0
7f85e434b000-7f85e434d000 rw-p 00000000 00:00 0 
7f85e434d000-7f85e4357000 r--p 00000000 08:02 10355057                   /usr/lib/x86_64-linux-gnu/libnettle.so.8.4
7f85e4357000-7f85e437a000 r-xp 0000a000 08:02 10355057                   /usr/lib/x86_64-linux-gnu/libnettle.so.8.4
7f85e437a000-7f85e4390000 r--p 0002d000 08:02 10355057                   /usr/lib/x86_64-linux-gnu/libnettle.so.8.4
7f85e4390000-7f85e4392000 r--p 00042000 08:02 10355057                   /usr/lib/x86_64-linux-gnu/libnettle.so.8.4
7f85e4392000-7f85e4393000 rw-p 00044000 08:02 10355057                   /usr/lib/x86_64-linux-gnu/libnettle.so.8.4
7f85e4393000-7f85e43a0000 r--p 00000000 08:02 10355188                   /usr/lib/x86_64-linux-gnu/libssh.so.4.8.7
7f85e43a0000-7f85e43e3000 r-xp 0000d000 08:02 10355188                   /usr/lib/x86_64-linux-gnu/libssh.so.4.8.7
7f85e43e3000-7f85e43fc000 r--p 00050000 08:02 10355188                   /usr/lib/x86_64-linux-gnu/libssh.so.4.8.7
7f85e43fc000-7f85e43fe000 r--p 00068000 08:02 10355188                   /usr/lib/x86_64-linux-gnu/libssh.so.4.8.7
7f85e43fe000-7f85e4400000 rw-p 0006a000 08:02 10355188                   /usr/lib/x86_64-linux-gnu/libssh.so.4.8.7
7f85e4400000-7f85e4478000 r--p 00000000 08:02 10366481                   /usr/lib/x86_64-linux-gnu/libgeos.so.3.10.2
7f85e4478000-7f85e45a6000 r-xp 00078000 08:02 10366481                   /usr/lib/x86_64-linux-gnu/libgeos.so.3.10.2
7f85e45a6000-7f85e4603000 r--p 001a6000 08:02 10366481                   /usr/lib/x86_64-linux-gnu/libgeos.so.3.10.2
7f85e4603000-7f85e460a000 r--p 00202000 08:02 10366481                   /usr/lib/x86_64-linux-gnu/libgeos.so.3.10.2
7f85e460a000-7f85e460b000 rw-p 00209000 08:02 10366481                   /usr/lib/x86_64-linux-gnu/libgeos.so.3.10.2
7f85e4617000-7f85e461a000 r--p 00000000 08:02 10356794                   /usr/lib/x86_64-linux-gnu/libsasl2.so.2.0.25
7f85e461a000-7f85e462b000 r-xp 00003000 08:02 10356794                   /usr/lib/x86_64-linux-gnu/libsasl2.so.2.0.25
7f85e462b000-7f85e4630000 r--p 00014000 08:02 10356794                   /usr/lib/x86_64-linux-gnu/libsasl2.so.2.0.25
7f85e4630000-7f85e4631000 r--p 00018000 08:02 10356794                   /usr/lib/x86_64-linux-gnu/libsasl2.so.2.0.25
7f85e4631000-7f85e4632000 rw-p 00019000 08:02 10356794                   /usr/lib/x86_64-linux-gnu/libsasl2.so.2.0.25
7f85e4632000-7f85e4636000 r--p 00000000 08:02 10355582                   /usr/lib/x86_64-linux-gnu/libjpeg.so.8.2.2
7f85e4636000-7f85e467f000 r-xp 00004000 08:02 10355582                   /usr/lib/x86_64-linux-gnu/libjpeg.so.8.2.2
7f85e467f000-7f85e46b1000 r--p 0004d000 08:02 10355582                   /usr/lib/x86_64-linux-gnu/libjpeg.so.8.2.2
7f85e46b1000-7f85e46b2000 r--p 0007e000 08:02 10355582                   /usr/lib/x86_64-linux-gnu/libjpeg.so.8.2.2
7f85e46b2000-7f85e46b3000 rw-p 0007f000 08:02 10355582                   /usr/lib/x86_64-linux-gnu/libjpeg.so.8.2.2
7f85e46b3000-7f85e46d1000 r--p 00000000 08:02 10355997                   /usr/lib/x86_64-linux-gnu/libsqlite3.so.0.8.6
7f85e46d1000-7f85e47bd000 r-xp 0001e000 08:02 10355997                   /usr/lib/x86_64-linux-gnu/libsqlite3.so.0.8.6
7f85e47bd000-7f85e47f8000 r--p 0010a000 08:02 10355997                   /usr/lib/x86_64-linux-gnu/libsqlite3.so.0.8.6
7f85e47f8000-7f85e47fc000 r--p 00144000 08:02 10355997                   /usr/lib/x86_64-linux-gnu/libsqlite3.so.0.8.6
7f85e47fc000-7f85e4800000 rw-p 00148000 08:02 10355997                   /usr/lib/x86_64-linux-gnu/libsqlite3.so.0.8.6
7f85e4800000-7f85e485b000 r--p 00000000 08:02 10360429                   /usr/lib/x86_64-linux-gnu/libgsl.so.27.0.0
7f85e485b000-7f85e4a32000 r-xp 0005b000 08:02 10360429                   /usr/lib/x86_64-linux-gnu/libgsl.so.27.0.0
7f85e4a32000-7f85e4aab000 r--p 00232000 08:02 10360429                   /usr/lib/x86_64-linux-gnu/libgsl.so.27.0.0
7f85e4aab000-7f85e4aac000 ---p 002ab000 08:02 10360429                   /usr/lib/x86_64-linux-gnu/libgsl.so.27.0.0
7f85e4aac000-7f85e4ab0000 r--p 002ab000 08:02 10360429                   /usr/lib/x86_64-linux-gnu/libgsl.so.27.0.0
7f85e4ab0000-7f85e4abe000 rw-p 002af000 08:02 10360429                   /usr/lib/x86_64-linux-gnu/libgsl.so.27.0.0
7f85e4abe000-7f85e4abf000 rw-p 00000000 00:00 0 
7f85e4ad0000-7f85e4ad3000 r--p 00000000 08:02 10361751                   /usr/lib/x86_64-linux-gnu/libtasn1.so.6.6.2
7f85e4ad3000-7f85e4ae1000 r-xp 00003000 08:02 10361751                   /usr/lib/x86_64-linux-gnu/libtasn1.so.6.6.2
7f85e4ae1000-7f85e4ae5000 r--p 00011000 08:02 10361751                   /usr/lib/x86_64-linux-gnu/libtasn1.so.6.6.2
7f85e4ae5000-7f85e4ae6000 ---p 00015000 08:02 10361751                   /usr/lib/x86_64-linux-gnu/libtasn1.so.6.6.2
7f85e4ae6000-7f85e4ae7000 r--p 00015000 08:02 10361751                   /usr/lib/x86_64-linux-gnu/libtasn1.so.6.6.2
7f85e4ae7000-7f85e4ae8000 rw-p 00016000 08:02 10361751                   /usr/lib/x86_64-linux-gnu/libtasn1.so.6.6.2
7f85e4ae8000-7f85e4aed000 r--p 00000000 08:02 10355338                   /usr/lib/x86_64-linux-gnu/librtmp.so.1
7f85e4aed000-7f85e4afd000 r-xp 00005000 08:02 10355338                   /usr/lib/x86_64-linux-gnu/librtmp.so.1
7f85e4afd000-7f85e4b04000 r--p 00015000 08:02 10355338                   /usr/lib/x86_64-linux-gnu/librtmp.so.1
7f85e4b04000-7f85e4b05000 ---p 0001c000 08:02 10355338                   /usr/lib/x86_64-linux-gnu/librtmp.so.1
7f85e4b05000-7f85e4b06000 r--p 0001c000 08:02 10355338                   /usr/lib/x86_64-linux-gnu/librtmp.so.1
7f85e4b06000-7f85e4b07000 rw-p 0001d000 08:02 10355338                   /usr/lib/x86_64-linux-gnu/librtmp.so.1
7f85e4b07000-7f85e4b0c000 r--p 00000000 08:02 10354889                   /usr/lib/x86_64-linux-gnu/libnghttp2.so.14.20.1
7f85e4b0c000-7f85e4b21000 r-xp 00005000 08:02 10354889                   /usr/lib/x86_64-linux-gnu/libnghttp2.so.14.20.1
7f85e4b21000-7f85e4b2d000 r--p 0001a000 08:02 10354889                   /usr/lib/x86_64-linux-gnu/libnghttp2.so.14.20.1
7f85e4b2d000-7f85e4b30000 r--p 00025000 08:02 10354889                   /usr/lib/x86_64-linux-gnu/libnghttp2.so.14.20.1
7f85e4b30000-7f85e4b31000 rw-p 00028000 08:02 10354889                   /usr/lib/x86_64-linux-gnu/libnghttp2.so.14.20.1
7f85e4b31000-7f85e4b3b000 r--p 00000000 08:02 10354868                   /usr/lib/x86_64-linux-gnu/libzstd.so.1.4.8
7f85e4b3b000-7f85e4bed000 r-xp 0000a000 08:02 10354868                   /usr/lib/x86_64-linux-gnu/libzstd.so.1.4.8
7f85e4bed000-7f85e4bfe000 r--p 000bc000 08:02 10354868                   /usr/lib/x86_64-linux-gnu/libzstd.so.1.4.8
7f85e4bfe000-7f85e4bff000 r--p 000cc000 08:02 10354868                   /usr/lib/x86_64-linux-gnu/libzstd.so.1.4.8
7f85e4bff000-7f85e4c00000 rw-p 000cd000 08:02 10354868                   /usr/lib/x86_64-linux-gnu/libzstd.so.1.4.8
7f85e4c00000-7f85e4c68000 r--p 00000000 08:02 10358220                   /usr/lib/x86_64-linux-gnu/libproj.so.22.2.1
7f85e4c68000-7f85e4eb7000 r-xp 00068000 08:02 10358220                   /usr/lib/x86_64-linux-gnu/libproj.so.22.2.1
7f85e4eb7000-7f85e4f4c000 r--p 002b7000 08:02 10358220                   /usr/lib/x86_64-linux-gnu/libproj.so.22.2.1
7f85e4f4c000-7f85e4f4d000 ---p 0034c000 08:02 10358220                   /usr/lib/x86_64-linux-gnu/libproj.so.22.2.1
7f85e4f4d000-7f85e4f64000 r--p 0034c000 08:02 10358220                   /usr/lib/x86_64-linux-gnu/libproj.so.22.2.1
7f85e4f64000-7f85e4f66000 rw-p 00363000 08:02 10358220                   /usr/lib/x86_64-linux-gnu/libproj.so.22.2.1
7f85e4f66000-7f85e4f69000 rw-p 00000000 00:00 0 
7f85e4f70000-7f85e4f72000 r--p 00000000 08:02 10358223                   /usr/lib/x86_64-linux-gnu/libwebp.so.7.1.3
7f85e4f72000-7f85e4fc7000 r-xp 00002000 08:02 10358223                   /usr/lib/x86_64-linux-gnu/libwebp.so.7.1.3
7f85e4fc7000-7f85e4fd8000 r--p 00057000 08:02 10358223                   /usr/lib/x86_64-linux-gnu/libwebp.so.7.1.3
7f85e4fd8000-7f85e4fd9000 r--p 00067000 08:02 10358223                   /usr/lib/x86_64-linux-gnu/libwebp.so.7.1.3
7f85e4fd9000-7f85e4fda000 rw-p 00068000 08:02 10358223                   /usr/lib/x86_64-linux-gnu/libwebp.so.7.1.3
7f85e4fda000-7f85e4fdc000 rw-p 00000000 00:00 0 
7f85e4fdc000-7f85e4fea000 r--p 00000000 08:02 10355046                   /usr/lib/x86_64-linux-gnu/libcurl-gnutls.so.4.7.0
7f85e4fea000-7f85e505c000 r-xp 0000e000 08:02 10355046                   /usr/lib/x86_64-linux-gnu/libcurl-gnutls.so.4.7.0
7f85e505c000-7f85e5077000 r--p 00080000 08:02 10355046                   /usr/lib/x86_64-linux-gnu/libcurl-gnutls.so.4.7.0
7f85e5077000-7f85e507b000 r--p 0009a000 08:02 10355046                   /usr/lib/x86_64-linux-gnu/libcurl-gnutls.so.4.7.0
7f85e507b000-7f85e507d000 rw-p 0009e000 08:02 10355046                   /usr/lib/x86_64-linux-gnu/libcurl-gnutls.so.4.7.0
7f85e507d000-7f85e507e000 rw-p 00000000 00:00 0 
7f85e507e000-7f85e50b4000 r--p 00000000 08:02 11142841                   /usr/local/lib/libmeos.so
7f85e50b4000-7f85e51a8000 r-xp 00036000 08:02 11142841                   /usr/local/lib/libmeos.so
7f85e51a8000-7f85e51f3000 r--p 0012a000 08:02 11142841                   /usr/local/lib/libmeos.so
7f85e51f3000-7f85e51f4000 ---p 00175000 08:02 11142841                   /usr/local/lib/libmeos.so
7f85e51f4000-7f85e51f5000 r--p 00175000 08:02 11142841                   /usr/local/lib/libmeos.so
7f85e51f5000-7f85e51fa000 rw-p 00176000 08:02 11142841                   /usr/local/lib/libmeos.so
7f85e51fa000-7f85e5200000 rw-p 00000000 00:00 0 
7f85e5200000-7f85e5212000 r-xp 00000000 08:02 1705159                    /tmp/jffi17394981421461283068.so (deleted)
7f85e5212000-7f85e5411000 ---p 00012000 08:02 1705159                    /tmp/jffi17394981421461283068.so (deleted)
7f85e5411000-7f85e5412000 rw-p 00011000 08:02 1705159                    /tmp/jffi17394981421461283068.so (deleted)
7f85e5415000-7f85e5417000 r--p 00000000 08:02 10361325                   /usr/lib/x86_64-linux-gnu/libidn2.so.0.3.7
7f85e5417000-7f85e541b000 r-xp 00002000 08:02 10361325                   /usr/lib/x86_64-linux-gnu/libidn2.so.0.3.7
7f85e541b000-7f85e5434000 r--p 00006000 08:02 10361325                   /usr/lib/x86_64-linux-gnu/libidn2.so.0.3.7
7f85e5434000-7f85e5435000 r--p 0001e000 08:02 10361325                   /usr/lib/x86_64-linux-gnu/libidn2.so.0.3.7
7f85e5435000-7f85e5436000 rw-p 0001f000 08:02 10361325                   /usr/lib/x86_64-linux-gnu/libidn2.so.0.3.7
7f85e5436000-7f85e5439000 r--p 00000000 08:02 10360435                   /usr/lib/x86_64-linux-gnu/libgslcblas.so.0.0.0
7f85e5439000-7f85e5472000 r-xp 00003000 08:02 10360435                   /usr/lib/x86_64-linux-gnu/libgslcblas.so.0.0.0
7f85e5472000-7f85e5476000 r--p 0003c000 08:02 10360435                   /usr/lib/x86_64-linux-gnu/libgslcblas.so.0.0.0
7f85e5476000-7f85e5477000 r--p 0003f000 08:02 10360435                   /usr/lib/x86_64-linux-gnu/libgslcblas.so.0.0.0
7f85e5477000-7f85e5478000 rw-p 00040000 08:02 10360435                   /usr/lib/x86_64-linux-gnu/libgslcblas.so.0.0.0
7f85e5478000-7f85e5480000 r--p 00000000 08:02 10358811                   /usr/lib/x86_64-linux-gnu/libtiff.so.5.7.0
7f85e5480000-7f85e54c8000 r-xp 00008000 08:02 10358811                   /usr/lib/x86_64-linux-gnu/libtiff.so.5.7.0
7f85e54c8000-7f85e54f8000 r--p 00050000 08:02 10358811                   /usr/lib/x86_64-linux-gnu/libtiff.so.5.7.0
7f85e54f8000-7f85e54fd000 r--p 0007f000 08:02 10358811                   /usr/lib/x86_64-linux-gnu/libtiff.so.5.7.0
7f85e54fd000-7f85e54fe000 rw-p 00084000 08:02 10358811                   /usr/lib/x86_64-linux-gnu/libtiff.so.5.7.0
7f85e54fe000-7f85e54ff000 ---p 00000000 00:00 0 
7f85e54ff000-7f85e5600000 rw-p 00000000 00:00 0 
7f85e5600000-7f85e5604000 ---p 00000000 00:00 0 
7f85e5604000-7f85e5700000 rw-p 00000000 00:00 0 
7f85e5700000-7f85e5704000 ---p 00000000 00:00 0 
7f85e5704000-7f85e5800000 rw-p 00000000 00:00 0 
7f85e5800000-7f85e5ff0000 r--p 00000000 08:02 10356383                   /usr/lib/locale/locale-archive
7f85e5ff3000-7f85e5ff5000 r--p 00000000 08:02 10356728                   /usr/lib/x86_64-linux-gnu/libffi.so.8.1.0
7f85e5ff5000-7f85e5ffc000 r-xp 00002000 08:02 10356728                   /usr/lib/x86_64-linux-gnu/libffi.so.8.1.0
7f85e5ffc000-7f85e5ffd000 r--p 00009000 08:02 10356728                   /usr/lib/x86_64-linux-gnu/libffi.so.8.1.0
7f85e5ffd000-7f85e5ffe000 ---p 0000a000 08:02 10356728                   /usr/lib/x86_64-linux-gnu/libffi.so.8.1.0
7f85e5ffe000-7f85e5fff000 r--p 0000a000 08:02 10356728                   /usr/lib/x86_64-linux-gnu/libffi.so.8.1.0
7f85e5fff000-7f85e6000000 rw-p 0000b000 08:02 10356728                   /usr/lib/x86_64-linux-gnu/libffi.so.8.1.0
7f85e6000000-7f85e8000000 rw-p 00000000 00:00 0 
7f85e8000000-7f85e8021000 rw-p 00000000 00:00 0 
7f85e8021000-7f85ec000000 ---p 00000000 00:00 0 
7f85ec000000-7f85ec021000 rw-p 00000000 00:00 0 
7f85ec021000-7f85f0000000 ---p 00000000 00:00 0 
7f85f0000000-7f85f0021000 rw-p 00000000 00:00 0 
7f85f0021000-7f85f4000000 ---p 00000000 00:00 0 
7f85f4002000-7f85f4005000 r--p 00000000 08:02 10355637                   /usr/lib/x86_64-linux-gnu/libkrb5support.so.0.1
7f85f4005000-7f85f400b000 r-xp 00003000 08:02 10355637                   /usr/lib/x86_64-linux-gnu/libkrb5support.so.0.1
7f85f400b000-7f85f400d000 r--p 00009000 08:02 10355637                   /usr/lib/x86_64-linux-gnu/libkrb5support.so.0.1
7f85f400d000-7f85f400e000 ---p 0000b000 08:02 10355637                   /usr/lib/x86_64-linux-gnu/libkrb5support.so.0.1
7f85f400e000-7f85f400f000 r--p 0000b000 08:02 10355637                   /usr/lib/x86_64-linux-gnu/libkrb5support.so.0.1
7f85f400f000-7f85f4010000 rw-p 0000c000 08:02 10355637                   /usr/lib/x86_64-linux-gnu/libkrb5support.so.0.1
7f85f4010000-7f85f4011000 r--p 00000000 08:02 10355683                   /usr/lib/x86_64-linux-gnu/libbrotlidec.so.1.0.9
7f85f4011000-7f85f4019000 r-xp 00001000 08:02 10355683                   /usr/lib/x86_64-linux-gnu/libbrotlidec.so.1.0.9
7f85f4019000-7f85f401c000 r--p 00009000 08:02 10355683                   /usr/lib/x86_64-linux-gnu/libbrotlidec.so.1.0.9
7f85f401c000-7f85f401d000 r--p 0000b000 08:02 10355683                   /usr/lib/x86_64-linux-gnu/libbrotlidec.so.1.0.9
7f85f401d000-7f85f401e000 rw-p 0000c000 08:02 10355683                   /usr/lib/x86_64-linux-gnu/libbrotlidec.so.1.0.9
7f85f401e000-7f85f4022000 ---p 00000000 00:00 0 
7f85f4022000-7f85f411e000 rw-p 00000000 00:00 0 
7f85f411e000-7f85f4122000 ---p 00000000 00:00 0 
7f85f4122000-7f85f421e000 rw-p 00000000 00:00 0 
7f85f421e000-7f85f4222000 ---p 00000000 00:00 0 
7f85f4222000-7f85f431e000 rw-p 00000000 00:00 0 
7f85f431e000-7f85f4322000 ---p 00000000 00:00 0 
7f85f4322000-7f85f441e000 rw-p 00000000 00:00 0 
7f85f441e000-7f85f4422000 ---p 00000000 00:00 0 
7f85f4422000-7f85f451e000 rw-p 00000000 00:00 0 
7f85f451e000-7f85f4522000 ---p 00000000 00:00 0 
7f85f4522000-7f85f461e000 rw-p 00000000 00:00 0 
7f85f461e000-7f85f4622000 ---p 00000000 00:00 0 
7f85f4622000-7f85f471e000 rw-p 00000000 00:00 0 
7f85f471e000-7f85f4722000 ---p 00000000 00:00 0 
7f85f4722000-7f85f481e000 rw-p 00000000 00:00 0 
7f85f481e000-7f85f4822000 ---p 00000000 00:00 0 
7f85f4822000-7f85f491e000 rw-p 00000000 00:00 0 
7f85f491e000-7f85f491f000 ---p 00000000 00:00 0 
7f85f491f000-7f85f4a20000 rw-p 00000000 00:00 0 
7f85f4a20000-7f85f4a25000 r--p 00000000 08:02 10491564                   /usr/lib/jvm/java-17-openjdk-amd64/lib/libjsvml.so
7f85f4a25000-7f85f4a66000 r-xp 00005000 08:02 10491564                   /usr/lib/jvm/java-17-openjdk-amd64/lib/libjsvml.so
7f85f4a66000-7f85f4aef000 r--p 00046000 08:02 10491564                   /usr/lib/jvm/java-17-openjdk-amd64/lib/libjsvml.so
7f85f4aef000-7f85f4af0000 r--p 000ce000 08:02 10491564                   /usr/lib/jvm/java-17-openjdk-amd64/lib/libjsvml.so
7f85f4af0000-7f85f4af1000 rw-p 000cf000 08:02 10491564                   /usr/lib/jvm/java-17-openjdk-amd64/lib/libjsvml.so
7f85f4af1000-7f85f4af2000 ---p 00000000 00:00 0 
7f85f4af2000-7f85f4bf3000 rw-p 00000000 00:00 0 
7f85f4bf3000-7f85f4bf4000 ---p 00000000 00:00 0 
7f85f4bf4000-7f85f50f9000 rw-p 00000000 00:00 0 
7f85f50f9000-7f85f50fa000 ---p 00000000 00:00 0 
7f85f50fa000-7f85f51fb000 rw-p 00000000 00:00 0 
7f85f51fb000-7f85f51fc000 ---p 00000000 00:00 0 
7f85f51fc000-7f85f54ed000 rw-p 00000000 00:00 0 
7f85f54ed000-7f85f718d000 ---p 00000000 00:00 0 
7f85f718d000-7f85f7385000 rw-p 00000000 00:00 0 
7f85f7385000-7f85f9025000 ---p 00000000 00:00 0 
7f85f9025000-7f85f906b000 rw-p 00000000 00:00 0 
7f85f906b000-7f85f93ff000 ---p 00000000 00:00 0 
7f85f93ff000-7f85f9400000 rw-p 00000000 00:00 0 
7f85f9400000-7f85f9670000 rwxp 00000000 00:00 0 
7f85f9670000-7f8600937000 ---p 00000000 00:00 0 
7f8600937000-7f8600ba7000 rwxp 00000000 00:00 0 
7f8600ba7000-7f8600ec8000 ---p 00000000 00:00 0 
7f8600ec8000-7f8601138000 rwxp 00000000 00:00 0 
7f8601138000-7f8608400000 ---p 00000000 00:00 0 
7f8608400000-7f860fe43000 r--s 00000000 08:02 10491594                   /usr/lib/jvm/java-17-openjdk-amd64/lib/modules
7f860fe48000-7f860fe4b000 r--p 00000000 08:02 10355303                   /usr/lib/x86_64-linux-gnu/liblber-2.5.so.0.1.9
7f860fe4b000-7f860fe53000 r-xp 00003000 08:02 10355303                   /usr/lib/x86_64-linux-gnu/liblber-2.5.so.0.1.9
7f860fe53000-7f860fe56000 r--p 0000b000 08:02 10355303                   /usr/lib/x86_64-linux-gnu/liblber-2.5.so.0.1.9
7f860fe56000-7f860fe57000 ---p 0000e000 08:02 10355303                   /usr/lib/x86_64-linux-gnu/liblber-2.5.so.0.1.9
7f860fe57000-7f860fe58000 r--p 0000e000 08:02 10355303                   /usr/lib/x86_64-linux-gnu/liblber-2.5.so.0.1.9
7f860fe58000-7f860fe59000 rw-p 0000f000 08:02 10355303                   /usr/lib/x86_64-linux-gnu/liblber-2.5.so.0.1.9
7f860fe59000-7f860fe5a000 r--p 00000000 08:02 10355584                   /usr/lib/x86_64-linux-gnu/libdeflate.so.0
7f860fe5a000-7f860fe76000 r-xp 00001000 08:02 10355584                   /usr/lib/x86_64-linux-gnu/libdeflate.so.0
7f860fe76000-7f860fe7a000 r--p 0001d000 08:02 10355584                   /usr/lib/x86_64-linux-gnu/libdeflate.so.0
7f860fe7a000-7f860fe7b000 ---p 00021000 08:02 10355584                   /usr/lib/x86_64-linux-gnu/libdeflate.so.0
7f860fe7b000-7f860fe7c000 r--p 00021000 08:02 10355584                   /usr/lib/x86_64-linux-gnu/libdeflate.so.0
7f860fe7c000-7f860fe7d000 rw-p 00022000 08:02 10355584                   /usr/lib/x86_64-linux-gnu/libdeflate.so.0
7f860fe7d000-7f860fefe000 rw-p 00000000 00:00 0 
7f860fefe000-7f860feff000 ---p 00000000 00:00 0 
7f860feff000-7f8610000000 rw-p 00000000 00:00 0 
7f8610000000-7f86104a4000 rw-p 00000000 00:00 0 
7f86104a4000-7f8614000000 ---p 00000000 00:00 0 
7f8614002000-7f8614004000 r--p 00000000 08:02 10361503                   /usr/lib/x86_64-linux-gnu/libpsl.so.5.3.2
7f8614004000-7f8614006000 r-xp 00002000 08:02 10361503                   /usr/lib/x86_64-linux-gnu/libpsl.so.5.3.2
7f8614006000-7f8614014000 r--p 00004000 08:02 10361503                   /usr/lib/x86_64-linux-gnu/libpsl.so.5.3.2
7f8614014000-7f8614015000 r--p 00011000 08:02 10361503                   /usr/lib/x86_64-linux-gnu/libpsl.so.5.3.2
7f8614015000-7f8614016000 rw-p 00012000 08:02 10361503                   /usr/lib/x86_64-linux-gnu/libpsl.so.5.3.2
7f8614016000-7f8614019000 r--p 00000000 08:02 10359160                   /usr/lib/x86_64-linux-gnu/liblzma.so.5.2.5
7f8614019000-7f8614034000 r-xp 00003000 08:02 10359160                   /usr/lib/x86_64-linux-gnu/liblzma.so.5.2.5
7f8614034000-7f861403f000 r--p 0001e000 08:02 10359160                   /usr/lib/x86_64-linux-gnu/liblzma.so.5.2.5
7f861403f000-7f8614040000 r--p 00028000 08:02 10359160                   /usr/lib/x86_64-linux-gnu/liblzma.so.5.2.5
7f8614040000-7f8614041000 rw-p 00029000 08:02 10359160                   /usr/lib/x86_64-linux-gnu/liblzma.so.5.2.5
7f8614041000-7f8614050000 r--p 00000000 08:02 10366483                   /usr/lib/x86_64-linux-gnu/libgeos_c.so.1.16.0
7f8614050000-7f8614070000 r-xp 0000f000 08:02 10366483                   /usr/lib/x86_64-linux-gnu/libgeos_c.so.1.16.0
7f8614070000-7f861407d000 r--p 0002f000 08:02 10366483                   /usr/lib/x86_64-linux-gnu/libgeos_c.so.1.16.0
7f861407d000-7f861407e000 ---p 0003c000 08:02 10366483                   /usr/lib/x86_64-linux-gnu/libgeos_c.so.1.16.0
7f861407e000-7f861407f000 r--p 0003c000 08:02 10366483                   /usr/lib/x86_64-linux-gnu/libgeos_c.so.1.16.0
7f861407f000-7f8614080000 rw-p 0003d000 08:02 10366483                   /usr/lib/x86_64-linux-gnu/libgeos_c.so.1.16.0
7f8614080000-7f86140be000 rw-p 00000000 00:00 0 
7f86140be000-7f8614452000 ---p 00000000 00:00 0 
7f8614452000-7f8614491000 rw-p 00000000 00:00 0 
7f8614491000-7f8614825000 ---p 00000000 00:00 0 
7f8614825000-7f8614c2f000 rw-p 00000000 00:00 0 
7f8614c2f000-7f8614d15000 ---p 00000000 00:00 0 
7f8614d15000-7f8614d1a000 rw-p 00000000 00:00 0 
7f8614d1a000-7f8614e00000 ---p 00000000 00:00 0 
7f8614e00000-7f8614e9a000 r--p 00000000 08:02 10354705                   /usr/lib/x86_64-linux-gnu/libstdc++.so.6.0.30
7f8614e9a000-7f8614faa000 r-xp 0009a000 08:02 10354705                   /usr/lib/x86_64-linux-gnu/libstdc++.so.6.0.30
7f8614faa000-7f8615019000 r--p 001aa000 08:02 10354705                   /usr/lib/x86_64-linux-gnu/libstdc++.so.6.0.30
7f8615019000-7f8615024000 r--p 00218000 08:02 10354705                   /usr/lib/x86_64-linux-gnu/libstdc++.so.6.0.30
7f8615024000-7f8615027000 rw-p 00223000 08:02 10354705                   /usr/lib/x86_64-linux-gnu/libstdc++.so.6.0.30
7f8615027000-7f861502a000 rw-p 00000000 00:00 0 
7f861502f000-7f8615031000 r--p 00000000 08:02 10357718                   /usr/lib/x86_64-linux-gnu/libkeyutils.so.1.9
7f8615031000-7f8615033000 r-xp 00002000 08:02 10357718                   /usr/lib/x86_64-linux-gnu/libkeyutils.so.1.9
7f8615033000-7f8615034000 r--p 00004000 08:02 10357718                   /usr/lib/x86_64-linux-gnu/libkeyutils.so.1.9
7f8615034000-7f8615035000 r--p 00004000 08:02 10357718                   /usr/lib/x86_64-linux-gnu/libkeyutils.so.1.9
7f8615035000-7f8615036000 rw-p 00005000 08:02 10357718                   /usr/lib/x86_64-linux-gnu/libkeyutils.so.1.9
7f8615036000-7f8615038000 r--p 00000000 08:02 10355587                   /usr/lib/x86_64-linux-gnu/libjbig.so.0
7f8615038000-7f8615041000 r-xp 00002000 08:02 10355587                   /usr/lib/x86_64-linux-gnu/libjbig.so.0
7f8615041000-7f8615043000 r--p 0000b000 08:02 10355587                   /usr/lib/x86_64-linux-gnu/libjbig.so.0
7f8615043000-7f8615044000 r--p 0000c000 08:02 10355587                   /usr/lib/x86_64-linux-gnu/libjbig.so.0
7f8615044000-7f8615047000 rw-p 0000d000 08:02 10355587                   /usr/lib/x86_64-linux-gnu/libjbig.so.0
7f8615047000-7f861504b000 r--p 00000000 08:02 10355662                   /usr/lib/x86_64-linux-gnu/libjson-c.so.5.1.0
7f861504b000-7f8615054000 r-xp 00004000 08:02 10355662                   /usr/lib/x86_64-linux-gnu/libjson-c.so.5.1.0
7f8615054000-7f8615057000 r--p 0000d000 08:02 10355662                   /usr/lib/x86_64-linux-gnu/libjson-c.so.5.1.0
7f8615057000-7f8615058000 ---p 00010000 08:02 10355662                   /usr/lib/x86_64-linux-gnu/libjson-c.so.5.1.0
7f8615058000-7f8615059000 r--p 00010000 08:02 10355662                   /usr/lib/x86_64-linux-gnu/libjson-c.so.5.1.0
7f8615059000-7f861505a000 rw-p 00011000 08:02 10355662                   /usr/lib/x86_64-linux-gnu/libjson-c.so.5.1.0
7f8615070000-7f8615095000 r--p 00000000 08:02 12591460                   /usr/share/locale-langpack/fr/LC_MESSAGES/libc.mo
7f8615095000-7f8615099000 r--p 00000000 08:02 10491590                   /usr/lib/jvm/java-17-openjdk-amd64/lib/libverify.so
7f8615099000-7f86150a0000 r-xp 00004000 08:02 10491590                   /usr/lib/jvm/java-17-openjdk-amd64/lib/libverify.so
7f86150a0000-7f86150a2000 r--p 0000b000 08:02 10491590                   /usr/lib/jvm/java-17-openjdk-amd64/lib/libverify.so
7f86150a2000-7f86150a4000 r--p 0000c000 08:02 10491590                   /usr/lib/jvm/java-17-openjdk-amd64/lib/libverify.so
7f86150a4000-7f86150a5000 rw-p 0000e000 08:02 10491590                   /usr/lib/jvm/java-17-openjdk-amd64/lib/libverify.so
7f86150a5000-7f8615100000 rw-p 00000000 00:00 0 
7f8615100000-7f8615104000 ---p 00000000 00:00 0 
7f8615104000-7f8615200000 rw-p 00000000 00:00 0 
7f8615200000-7f8615450000 r--p 00000000 08:02 10491606                   /usr/lib/jvm/java-17-openjdk-amd64/lib/server/libjvm.so
7f8615450000-7f86161d4000 r-xp 00250000 08:02 10491606                   /usr/lib/jvm/java-17-openjdk-amd64/lib/server/libjvm.so
7f86161d4000-7f8616457000 r--p 00fd4000 08:02 10491606                   /usr/lib/jvm/java-17-openjdk-amd64/lib/server/libjvm.so
7f8616457000-7f861650f000 r--p 01256000 08:02 10491606                   /usr/lib/jvm/java-17-openjdk-amd64/lib/server/libjvm.so
7f861650f000-7f8616544000 rw-p 0130e000 08:02 10491606                   /usr/lib/jvm/java-17-openjdk-amd64/lib/server/libjvm.so
7f8616544000-7f861659e000 rw-p 00000000 00:00 0 
7f86165a1000-7f86165a3000 r--p 00000000 08:02 10357716                   /usr/lib/x86_64-linux-gnu/libcom_err.so.2.1
7f86165a3000-7f86165a4000 r-xp 00002000 08:02 10357716                   /usr/lib/x86_64-linux-gnu/libcom_err.so.2.1
7f86165a4000-7f86165a5000 r--p 00003000 08:02 10357716                   /usr/lib/x86_64-linux-gnu/libcom_err.so.2.1
7f86165a5000-7f86165a6000 r--p 00003000 08:02 10357716                   /usr/lib/x86_64-linux-gnu/libcom_err.so.2.1
7f86165a6000-7f86165a7000 rw-p 00004000 08:02 10357716                   /usr/lib/x86_64-linux-gnu/libcom_err.so.2.1
7f86165a7000-7f86165ab000 r--p 00000000 08:02 10491576                   /usr/lib/jvm/java-17-openjdk-amd64/lib/libnet.so
7f86165ab000-7f86165b9000 r-xp 00004000 08:02 10491576                   /usr/lib/jvm/java-17-openjdk-amd64/lib/libnet.so
7f86165b9000-7f86165bd000 r--p 00012000 08:02 10491576                   /usr/lib/jvm/java-17-openjdk-amd64/lib/libnet.so
7f86165bd000-7f86165be000 r--p 00015000 08:02 10491576                   /usr/lib/jvm/java-17-openjdk-amd64/lib/libnet.so
7f86165be000-7f86165bf000 rw-p 00016000 08:02 10491576                   /usr/lib/jvm/java-17-openjdk-amd64/lib/libnet.so
7f86165bf000-7f8616600000 rw-p 00000000 00:00 0 
7f8616600000-7f8616628000 r--p 00000000 08:02 10365356                   /usr/lib/x86_64-linux-gnu/libc.so.6
7f8616628000-7f86167bd000 r-xp 00028000 08:02 10365356                   /usr/lib/x86_64-linux-gnu/libc.so.6
7f86167bd000-7f8616815000 r--p 001bd000 08:02 10365356                   /usr/lib/x86_64-linux-gnu/libc.so.6
7f8616815000-7f8616819000 r--p 00214000 08:02 10365356                   /usr/lib/x86_64-linux-gnu/libc.so.6
7f8616819000-7f861681b000 rw-p 00218000 08:02 10365356                   /usr/lib/x86_64-linux-gnu/libc.so.6
7f861681b000-7f8616828000 rw-p 00000000 00:00 0 
7f8616828000-7f861682f000 r--s 00000000 08:02 11013395                   /usr/lib/x86_64-linux-gnu/gconv/gconv-modules.cache
7f861682f000-7f8616830000 r--p 00000000 08:02 10491501                   /usr/lib/jvm/java-17-openjdk-amd64/lib/libextnet.so
7f8616830000-7f8616831000 r-xp 00001000 08:02 10491501                   /usr/lib/jvm/java-17-openjdk-amd64/lib/libextnet.so
7f8616831000-7f8616832000 r--p 00002000 08:02 10491501                   /usr/lib/jvm/java-17-openjdk-amd64/lib/libextnet.so
7f8616832000-7f8616833000 r--p 00002000 08:02 10491501                   /usr/lib/jvm/java-17-openjdk-amd64/lib/libextnet.so
7f8616833000-7f8616834000 rw-p 00003000 08:02 10491501                   /usr/lib/jvm/java-17-openjdk-amd64/lib/libextnet.so
7f8616834000-7f861683a000 r--p 00000000 08:02 10491578                   /usr/lib/jvm/java-17-openjdk-amd64/lib/libnio.so
7f861683a000-7f8616843000 r-xp 00006000 08:02 10491578                   /usr/lib/jvm/java-17-openjdk-amd64/lib/libnio.so
7f8616843000-7f8616847000 r--p 0000f000 08:02 10491578                   /usr/lib/jvm/java-17-openjdk-amd64/lib/libnio.so
7f8616847000-7f8616848000 ---p 00013000 08:02 10491578                   /usr/lib/jvm/java-17-openjdk-amd64/lib/libnio.so
7f8616848000-7f8616849000 r--p 00013000 08:02 10491578                   /usr/lib/jvm/java-17-openjdk-amd64/lib/libnio.so
7f8616849000-7f861684a000 rw-p 00014000 08:02 10491578                   /usr/lib/jvm/java-17-openjdk-amd64/lib/libnio.so
7f861684a000-7f861684c000 r--p 00000000 08:02 10491592                   /usr/lib/jvm/java-17-openjdk-amd64/lib/libzip.so
7f861684c000-7f8616851000 r-xp 00002000 08:02 10491592                   /usr/lib/jvm/java-17-openjdk-amd64/lib/libzip.so
7f8616851000-7f8616853000 r--p 00007000 08:02 10491592                   /usr/lib/jvm/java-17-openjdk-amd64/lib/libzip.so
7f8616853000-7f8616854000 r--p 00008000 08:02 10491592                   /usr/lib/jvm/java-17-openjdk-amd64/lib/libzip.so
7f8616854000-7f8616855000 rw-p 00009000 08:02 10491592                   /usr/lib/jvm/java-17-openjdk-amd64/lib/libzip.so
7f8616855000-7f861689c000 rw-p 00000000 00:00 0 
7f861689c000-7f86168a3000 ---p 00000000 00:00 0 
7f86168a3000-7f86168af000 r--p 00000000 08:02 10491515                   /usr/lib/jvm/java-17-openjdk-amd64/lib/libjava.so
7f86168af000-7f86168c2000 r-xp 0000c000 08:02 10491515                   /usr/lib/jvm/java-17-openjdk-amd64/lib/libjava.so
7f86168c2000-7f86168c8000 r--p 0001f000 08:02 10491515                   /usr/lib/jvm/java-17-openjdk-amd64/lib/libjava.so
7f86168c8000-7f86168c9000 r--p 00024000 08:02 10491515                   /usr/lib/jvm/java-17-openjdk-amd64/lib/libjava.so
7f86168c9000-7f86168ca000 rw-p 00025000 08:02 10491515                   /usr/lib/jvm/java-17-openjdk-amd64/lib/libjava.so
7f86168ca000-7f86168cb000 rw-p 00000000 00:00 0 
7f86168cb000-7f86168cc000 r--p 00000000 08:02 10491505                   /usr/lib/jvm/java-17-openjdk-amd64/lib/libinstrument.so
7f86168cc000-7f86168d2000 r-xp 00001000 08:02 10491505                   /usr/lib/jvm/java-17-openjdk-amd64/lib/libinstrument.so
7f86168d2000-7f86168d5000 r--p 00007000 08:02 10491505                   /usr/lib/jvm/java-17-openjdk-amd64/lib/libinstrument.so
7f86168d5000-7f86168d6000 r--p 00009000 08:02 10491505                   /usr/lib/jvm/java-17-openjdk-amd64/lib/libinstrument.so
7f86168d6000-7f86168d7000 rw-p 0000a000 08:02 10491505                   /usr/lib/jvm/java-17-openjdk-amd64/lib/libinstrument.so
7f86168d7000-7f86168da000 r--p 00000000 08:02 10354703                   /usr/lib/x86_64-linux-gnu/libgcc_s.so.1
7f86168da000-7f86168f1000 r-xp 00003000 08:02 10354703                   /usr/lib/x86_64-linux-gnu/libgcc_s.so.1
7f86168f1000-7f86168f5000 r--p 0001a000 08:02 10354703                   /usr/lib/x86_64-linux-gnu/libgcc_s.so.1
7f86168f5000-7f86168f6000 r--p 0001d000 08:02 10354703                   /usr/lib/x86_64-linux-gnu/libgcc_s.so.1
7f86168f6000-7f86168f7000 rw-p 0001e000 08:02 10354703                   /usr/lib/x86_64-linux-gnu/libgcc_s.so.1
7f86168f7000-7f8616905000 r--p 00000000 08:02 10365361                   /usr/lib/x86_64-linux-gnu/libm.so.6
7f8616905000-7f8616981000 r-xp 0000e000 08:02 10365361                   /usr/lib/x86_64-linux-gnu/libm.so.6
7f8616981000-7f86169dc000 r--p 0008a000 08:02 10365361                   /usr/lib/x86_64-linux-gnu/libm.so.6
7f86169dc000-7f86169dd000 r--p 000e4000 08:02 10365361                   /usr/lib/x86_64-linux-gnu/libm.so.6
7f86169dd000-7f86169de000 rw-p 000e5000 08:02 10365361                   /usr/lib/x86_64-linux-gnu/libm.so.6
7f86169de000-7f86169e1000 rw-p 00000000 00:00 0 
7f86169e1000-7f86169e3000 r--p 00000000 08:02 10354880                   /usr/lib/x86_64-linux-gnu/libz.so.1.2.11
7f86169e3000-7f86169f4000 r-xp 00002000 08:02 10354880                   /usr/lib/x86_64-linux-gnu/libz.so.1.2.11
7f86169f4000-7f86169fa000 r--p 00013000 08:02 10354880                   /usr/lib/x86_64-linux-gnu/libz.so.1.2.11
7f86169fa000-7f86169fb000 ---p 00019000 08:02 10354880                   /usr/lib/x86_64-linux-gnu/libz.so.1.2.11
7f86169fb000-7f86169fc000 r--p 00019000 08:02 10354880                   /usr/lib/x86_64-linux-gnu/libz.so.1.2.11
7f86169fc000-7f86169fd000 rw-p 0001a000 08:02 10354880                   /usr/lib/x86_64-linux-gnu/libz.so.1.2.11
7f86169ff000-7f8616a00000 r-xp 00000000 00:00 0 
7f8616a00000-7f8616a08000 rw-s 00000000 08:02 1967266                    /tmp/hsperfdata_nidhal/224412
7f8616a08000-7f8616a09000 ---p 00000000 00:00 0 
7f8616a09000-7f8616a0a000 r--p 00000000 00:00 0 
7f8616a0a000-7f8616a0c000 r--p 00000000 08:02 10491521                   /usr/lib/jvm/java-17-openjdk-amd64/lib/libjimage.so
7f8616a0c000-7f8616a0f000 r-xp 00002000 08:02 10491521                   /usr/lib/jvm/java-17-openjdk-amd64/lib/libjimage.so
7f8616a0f000-7f8616a10000 r--p 00005000 08:02 10491521                   /usr/lib/jvm/java-17-openjdk-amd64/lib/libjimage.so
7f8616a10000-7f8616a11000 ---p 00006000 08:02 10491521                   /usr/lib/jvm/java-17-openjdk-amd64/lib/libjimage.so
7f8616a11000-7f8616a12000 r--p 00006000 08:02 10491521                   /usr/lib/jvm/java-17-openjdk-amd64/lib/libjimage.so
7f8616a12000-7f8616a13000 rw-p 00007000 08:02 10491521                   /usr/lib/jvm/java-17-openjdk-amd64/lib/libjimage.so
7f8616a13000-7f8616a15000 r--p 00000000 08:02 10491523                   /usr/lib/jvm/java-17-openjdk-amd64/lib/libjli.so
7f8616a15000-7f8616a1f000 r-xp 00002000 08:02 10491523                   /usr/lib/jvm/java-17-openjdk-amd64/lib/libjli.so
7f8616a1f000-7f8616a22000 r--p 0000c000 08:02 10491523                   /usr/lib/jvm/java-17-openjdk-amd64/lib/libjli.so
7f8616a22000-7f8616a23000 r--p 0000e000 08:02 10491523                   /usr/lib/jvm/java-17-openjdk-amd64/lib/libjli.so
7f8616a23000-7f8616a24000 rw-p 0000f000 08:02 10491523                   /usr/lib/jvm/java-17-openjdk-amd64/lib/libjli.so
7f8616a24000-7f8616a26000 rw-p 00000000 00:00 0 
7f8616a26000-7f8616a28000 r--p 00000000 08:02 10356375                   /usr/lib/x86_64-linux-gnu/ld-linux-x86-64.so.2
7f8616a28000-7f8616a52000 r-xp 00002000 08:02 10356375                   /usr/lib/x86_64-linux-gnu/ld-linux-x86-64.so.2
7f8616a52000-7f8616a5d000 r--p 0002c000 08:02 10356375                   /usr/lib/x86_64-linux-gnu/ld-linux-x86-64.so.2
7f8616a5d000-7f8616a5e000 ---p 00000000 00:00 0 
7f8616a5e000-7f8616a60000 r--p 00037000 08:02 10356375                   /usr/lib/x86_64-linux-gnu/ld-linux-x86-64.so.2
7f8616a60000-7f8616a62000 rw-p 00039000 08:02 10356375                   /usr/lib/x86_64-linux-gnu/ld-linux-x86-64.so.2
7ffe02363000-7ffe02385000 rw-p 00000000 00:00 0                          [stack]
7ffe023b9000-7ffe023bd000 r--p 00000000 00:00 0                          [vvar]
7ffe023bd000-7ffe023bf000 r-xp 00000000 00:00 0                          [vdso]
ffffffffff600000-ffffffffff601000 --xp 00000000 00:00 0                  [vsyscall]


VM Arguments:
jvm_args: -javaagent:/snap/intellij-idea-ultimate/437/lib/idea_rt.jar=37525:/snap/intellij-idea-ultimate/437/bin -Dfile.encoding=UTF-8 
java_command: tutorials.reading
java_class_path (initial): /home/nidhal/IdeaProjects/JMEOS/target/classes:/home/nidhal/.m2/repository/com/github/jnr/jnr-ffi/2.2.11/jnr-ffi-2.2.11.jar:/home/nidhal/.m2/repository/com/github/jnr/jffi/1.3.9/jffi-1.3.9.jar:/home/nidhal/.m2/repository/com/github/jnr/jffi/1.3.9/jffi-1.3.9-native.jar:/home/nidhal/.m2/repository/org/ow2/asm/asm/9.2/asm-9.2.jar:/home/nidhal/.m2/repository/org/ow2/asm/asm-commons/9.2/asm-commons-9.2.jar:/home/nidhal/.m2/repository/org/ow2/asm/asm-analysis/9.2/asm-analysis-9.2.jar:/home/nidhal/.m2/repository/org/ow2/asm/asm-tree/9.2/asm-tree-9.2.jar:/home/nidhal/.m2/repository/org/ow2/asm/asm-util/9.2/asm-util-9.2.jar:/home/nidhal/.m2/repository/com/github/jnr/jnr-a64asm/1.0.0/jnr-a64asm-1.0.0.jar:/home/nidhal/.m2/repository/com/github/jnr/jnr-x86asm/1.0.2/jnr-x86asm-1.0.2.jar:/home/nidhal/.m2/repository/org/hibernate/orm/hibernate-core/6.2.2.Final/hibernate-core-6.2.2.Final.jar:/home/nidhal/.m2/repository/jakarta/persistence/jakarta.persistence-api/3.1.0/jakarta.persistence-api-3.1.0.jar:/home/nidhal/.m2/repository/jakarta/transaction/jakarta.transaction-api/2.0.1/jakarta.transaction-api-2.0.1.jar:/home/nidhal/.m2/repository/org/jboss/logging/jboss-logging/3.5.0.Final/jboss-logging-3.5.0.Final.jar:/home/nidhal/.m2/repository/org/hibernate/common/hibernate-commons-annotations/6.0.6.Final/hibernate-commons-annotations-6.0.6.Final.jar:/home/nidhal/.m2/repository/io/smallrye/jandex/3.0.5/jandex-3.0.5.jar:/home/nidhal/.m2/repository/com/fasterxml/classmate/1.5.1/classmate-1.5.1.jar:/home/nidhal/.m2/repository/net/bytebuddy/byte-buddy/1.12.18/byte-buddy-1.12.18.jar:/home/nidhal/.m2/repository/jakarta/xml/bind/jakarta.xml.bind-api/4.0.0/jakarta.xml.bind-api-4.0.0.jar:/home/nidhal/.m2/repository/jakarta/activation/jakarta.activation-api/2.1.0/jakarta.activation-api-2.1.0.jar:/home/nidhal/.m2/repository/org/glassfish/jaxb/jaxb-runtime/4.0.2/jaxb-runtime-4.0.2.jar:/home/nidhal/.m2/repository/org/glassfish/jaxb/jaxb-core/4.0.2/jaxb-core-4.0.2.jar:/ho
Launcher Type: SUN_STANDARD

[Global flags]
     intx CICompilerCount                          = 3                                         {product} {ergonomic}
     uint ConcGCThreads                            = 1                                         {product} {ergonomic}
     uint G1ConcRefinementThreads                  = 4                                         {product} {ergonomic}
   size_t G1HeapRegionSize                         = 1048576                                   {product} {ergonomic}
    uintx GCDrainStackTargetSize                   = 64                                        {product} {ergonomic}
   size_t InitialHeapSize                          = 130023424                                 {product} {ergonomic}
   size_t MarkStackSize                            = 4194304                                   {product} {ergonomic}
   size_t MaxHeapSize                              = 2053111808                                {product} {ergonomic}
   size_t MaxNewSize                               = 1231028224                                {product} {ergonomic}
   size_t MinHeapDeltaBytes                        = 1048576                                   {product} {ergonomic}
   size_t MinHeapSize                              = 8388608                                   {product} {ergonomic}
    uintx NonNMethodCodeHeapSize                   = 5832780                                {pd product} {ergonomic}
    uintx NonProfiledCodeHeapSize                  = 122912730                              {pd product} {ergonomic}
    uintx ProfiledCodeHeapSize                     = 122912730                              {pd product} {ergonomic}
    uintx ReservedCodeCacheSize                    = 251658240                              {pd product} {ergonomic}
     bool SegmentedCodeCache                       = true                                      {product} {ergonomic}
   size_t SoftMaxHeapSize                          = 2053111808                             {manageable} {ergonomic}
     bool UseCompressedClassPointers               = true                           {product lp64_product} {ergonomic}
     bool UseCompressedOops                        = true                           {product lp64_product} {ergonomic}
     bool UseG1GC                                  = true                                      {product} {ergonomic}

Logging:
Log output configuration:
 #0: stdout all=warning uptime,level,tags
 #1: stderr all=off uptime,level,tags

Environment Variables:
JAVA_HOME=/opt/jdk-13.0.2
PATH=/home/nidhal/.local/bin:/usr/local/sbin:/usr/local/bin:/usr/sbin:/usr/bin:/sbin:/bin:/usr/games:/usr/local/games:/snap/bin:/snap/bin/opt/jdk-13.0.2/bin
USERNAME=nidhal
SHELL=/bin/bash
DISPLAY=:0
LANG=fr_FR.UTF-8

Active Locale:
LC_ALL=fr_FR.UTF-8
LC_COLLATE=fr_FR.UTF-8
LC_CTYPE=fr_FR.UTF-8
LC_MESSAGES=fr_FR.UTF-8
LC_MONETARY=fr_FR.UTF-8
LC_NUMERIC=fr_FR.UTF-8
LC_TIME=fr_FR.UTF-8

Signal Handlers:
   SIGSEGV: crash_handler in libjvm.so, mask=11100100010111111101111111111110, flags=SA_RESTART|SA_SIGINFO, unblocked
    SIGBUS: crash_handler in libjvm.so, mask=11100100010111111101111111111110, flags=SA_RESTART|SA_SIGINFO, unblocked
    SIGFPE: crash_handler in libjvm.so, mask=11100100010111111101111111111110, flags=SA_RESTART|SA_SIGINFO, unblocked
   SIGPIPE: javaSignalHandler in libjvm.so, mask=11100100010111111101111111111110, flags=SA_RESTART|SA_SIGINFO, blocked
   SIGXFSZ: javaSignalHandler in libjvm.so, mask=11100100010111111101111111111110, flags=SA_RESTART|SA_SIGINFO, blocked
    SIGILL: crash_handler in libjvm.so, mask=11100100010111111101111111111110, flags=SA_RESTART|SA_SIGINFO, unblocked
   SIGUSR2: SR_handler in libjvm.so, mask=00100000000000000000000000000000, flags=SA_RESTART|SA_SIGINFO, blocked
    SIGHUP: UserHandler in libjvm.so, mask=11100100010111111101111111111110, flags=SA_RESTART|SA_SIGINFO, blocked
    SIGINT: UserHandler in libjvm.so, mask=11100100010111111101111111111110, flags=SA_RESTART|SA_SIGINFO, blocked
   SIGTERM: UserHandler in libjvm.so, mask=11100100010111111101111111111110, flags=SA_RESTART|SA_SIGINFO, blocked
   SIGQUIT: UserHandler in libjvm.so, mask=11100100010111111101111111111110, flags=SA_RESTART|SA_SIGINFO, blocked
   SIGTRAP: crash_handler in libjvm.so, mask=11100100010111111101111111111110, flags=SA_RESTART|SA_SIGINFO, unblocked


---------------  S Y S T E M  ---------------

OS:
DISTRIB_ID=Ubuntu
DISTRIB_RELEASE=22.04
DISTRIB_CODENAME=jammy
DISTRIB_DESCRIPTION="Ubuntu 22.04.2 LTS"
uname: Linux 5.19.0-45-generic #46~22.04.1-Ubuntu SMP PREEMPT_DYNAMIC Wed Jun 7 15:06:04 UTC 20 x86_64
OS uptime: 2 days 21:12 hours
libc: glibc 2.35 NPTL 2.35 
rlimit (soft/hard): STACK 8192k/infinity , CORE 0k/infinity , NPROC 31003/31003 , NOFILE 1048576/1048576 , AS infinity/infinity , CPU infinity/infinity , DATA infinity/infinity , FSIZE infinity/infinity , MEMLOCK 1002084k/1002084k
load average: 5,26 4,89 4,72

/proc/meminfo:
MemTotal:        8016676 kB
MemFree:          333932 kB
MemAvailable:    3558908 kB
Buffers:          236672 kB
Cached:          3206188 kB
SwapCached:         3752 kB
Active:          1828784 kB
Inactive:        5108520 kB
Active(anon):     108736 kB
Inactive(anon):  3627460 kB
Active(file):    1720048 kB
Inactive(file):  1481060 kB
Unevictable:       42696 kB
Mlocked:              16 kB
SwapTotal:       2097148 kB
SwapFree:        2050944 kB
Zswap:                 0 kB
Zswapped:              0 kB
Dirty:              4944 kB
Writeback:             0 kB
AnonPages:       3533516 kB
Mapped:          1294964 kB
Shmem:            256732 kB
KReclaimable:     329224 kB
Slab:             553068 kB
SReclaimable:     329224 kB
SUnreclaim:       223844 kB
KernelStack:       16620 kB
PageTables:        34752 kB
NFS_Unstable:          0 kB
Bounce:                0 kB
WritebackTmp:          0 kB
CommitLimit:     6105484 kB
Committed_AS:   10130476 kB
VmallocTotal:   34359738367 kB
VmallocUsed:       72512 kB
VmallocChunk:          0 kB
Percpu:             6304 kB
HardwareCorrupted:     0 kB
AnonHugePages:         0 kB
ShmemHugePages:        0 kB
ShmemPmdMapped:        0 kB
FileHugePages:         0 kB
FilePmdMapped:         0 kB
HugePages_Total:       0
HugePages_Free:        0
HugePages_Rsvd:        0
HugePages_Surp:        0
Hugepagesize:       2048 kB
Hugetlb:               0 kB
DirectMap4k:      481048 kB
DirectMap2M:     6748160 kB
DirectMap1G:     1048576 kB

/sys/kernel/mm/transparent_hugepage/enabled: always [madvise] never
/sys/kernel/mm/transparent_hugepage/defrag (defrag/compaction efforts parameter): always defer defer+madvise [madvise] never

Process Memory:
Virtual Size: 5227404K (peak: 5288940K)
Resident Set Size: 86016K (peak: 86016K) (anon: 46628K, file: 39388K, shmem: 0K)
Swapped out: 0K
C-Heap outstanding allocations: 23739K, retained: 3892K
glibc malloc tunables: (default)

/proc/sys/kernel/threads-max (system-wide limit on the number of threads): 62007
/proc/sys/vm/max_map_count (maximum number of memory map areas a process may have): 65530
/proc/sys/kernel/pid_max (system-wide limit on number of process identifiers): 4194304

container (cgroup) information:
container_type: cgroupv2
cpu_cpuset_cpus: not supported
cpu_memory_nodes: not supported
active_processor_count: 4
cpu_quota: not supported
cpu_period: not supported
cpu_shares: not supported
memory_limit_in_bytes: unlimited
memory_and_swap_limit_in_bytes: unlimited
memory_soft_limit_in_bytes: unlimited
memory_usage_in_bytes: 2923180 k
memory_max_usage_in_bytes: not supported
memory_swap_current_in_bytes: unlimited
memory_swap_max_limit_in_bytes: unlimited
maximum number of tasks: 9301
current number of tasks: 168

Steal ticks since vm start: 0
Steal ticks percentage since vm start:  0,000

CPU: total 4 (initial active 4) (2 cores per cpu, 2 threads per core) family 6 model 78 stepping 3 microcode 0xf0, cx8, cmov, fxsr, ht, mmx, 3dnowpref, sse, sse2, sse3, ssse3, sse4.1, sse4.2, popcnt, lzcnt, tsc, tscinvbit, avx, avx2, aes, erms, clmul, bmi1, bmi2, adx, fma, vzeroupper, clflush, clflushopt
CPU Model and flags from /proc/cpuinfo:
model name	: Intel(R) Core(TM) i3-6100U CPU @ 2.30GHz
flags		: fpu vme de pse tsc msr pae mce cx8 apic sep mtrr pge mca cmov pat pse36 clflush dts acpi mmx fxsr sse sse2 ss ht tm pbe syscall nx pdpe1gb rdtscp lm constant_tsc art arch_perfmon pebs bts rep_good nopl xtopology nonstop_tsc cpuid aperfmperf pni pclmulqdq dtes64 monitor ds_cpl est tm2 ssse3 sdbg fma cx16 xtpr pdcm pcid sse4_1 sse4_2 x2apic movbe popcnt tsc_deadline_timer aes xsave avx f16c rdrand lahf_lm abm 3dnowprefetch cpuid_fault epb invpcid_single pti ssbd ibrs ibpb stibp fsgsbase tsc_adjust bmi1 avx2 smep bmi2 erms invpcid mpx rdseed adx smap clflushopt intel_pt xsaveopt xsavec xgetbv1 xsaves dtherm ida arat pln pts hwp hwp_notify hwp_act_window hwp_epp md_clear flush_l1d arch_capabilities

Online cpus: 0-3
Offline cpus: 
BIOS frequency limitation: <Not Available>
Frequency switch latency (ns): 0
Available cpu frequencies: <Not Available>
Current governor: powersave
Core performance/turbo boost: <Not Available>

Memory: 4k page, physical 8016676k(333932k free), swap 2097148k(2050944k free)
Page Sizes: 4k

vm_info: OpenJDK 64-Bit Server VM (17.0.7+7-Ubuntu-0ubuntu122.04.2) for linux-amd64 JRE (17.0.7+7-Ubuntu-0ubuntu122.04.2), built on May 10 2023 04:02:16 by "buildd" with gcc 11.3.0

END.
