#
# A fatal error has been detected by the Java Runtime Environment:
#
#  SIGSEGV (0xb) at pc=0x00007f55c1326979, pid=77818, tid=77819
#
# JRE version: OpenJDK Runtime Environment (17.0.7+7) (build 17.0.7+7-Ubuntu-0ubuntu122.04.2)
# Java VM: OpenJDK 64-Bit Server VM (17.0.7+7-Ubuntu-0ubuntu122.04.2, mixed mode, sharing, tiered, compressed oops, compressed class ptrs, g1 gc, linux-amd64)
# Problematic frame:
# C  [libmeos.so+0xa8979]  pg_next_dst_boundary+0x29
#
# Core dump will be written. Default location: Core dumps may be processed with "/usr/share/apport/apport -p%p -s%s -c%c -d%d -P%P -u%u -g%g -- %E" (or dumping to /home/nidhal/IdeaProjects/JMEOS/core.77818)
#
# If you would like to submit a bug report, please visit:
#   Unknown
# The crash happened outside the Java Virtual Machine in native code.
# See problematic frame for where to report the bug.
#

---------------  S U M M A R Y ------------

Command Line: -javaagent:/snap/intellij-idea-ultimate/430/lib/idea_rt.jar=37373:/snap/intellij-idea-ultimate/430/bin -Dfile.encoding=UTF-8 tutorials.hello_world

Host: Intel(R) Core(TM) i3-6100U CPU @ 2.30GHz, 4 cores, 7G, Ubuntu 22.04.2 LTS
Time: Tue May 30 00:20:54 2023 CEST elapsed time: 2.024675 seconds (0d 0h 0m 2s)

---------------  T H R E A D  ---------------

Current thread (0x00007f55ec016800):  JavaThread "main" [_thread_in_native, id=77819, stack(0x00007f55f1500000,0x00007f55f1600000)]

Stack: [0x00007f55f1500000,0x00007f55f1600000],  sp=0x00007f55f15fdf80,  free space=1015k
Native frames: (J=compiled Java code, j=interpreted, Vv=VM code, C=native code)
C  [libmeos.so+0xa8979]  pg_next_dst_boundary+0x29

Java frames: (J=compiled Java code, j=interpreted, Vv=VM code)
j  com.kenai.jffi.Foreign.invokeN1O1(JJJLjava/lang/Object;III)J+0
j  com.kenai.jffi.Invoker.invokeN1(Lcom/kenai/jffi/CallContext;JJILjava/lang/Object;Lcom/kenai/jffi/ObjectParameterStrategy;Lcom/kenai/jffi/ObjectParameterInfo;)J+57
j  tutorials.hello_world$MeosLibrary$jnr$ffi$0.tgeompoint_in(Ljnr/ffi/Pointer;)Ljnr/ffi/Pointer;+66
j  tutorials.hello_world.main([Ljava/lang/String;)V+140
v  ~StubRoutines::call_stub

siginfo: si_signo: 11 (SIGSEGV), si_code: 1 (SEGV_MAPERR), si_addr: 0x0000000000000104

Register to memory mapping:

RAX=0x0 is NULL
RBX=0x0 is NULL
RCX=0x00007f55f15fdfe0 is pointing into the stack for thread: 0x00007f55ec016800
RDX=0x00007f55f15fdfd0 is pointing into the stack for thread: 0x00007f55ec016800
RSP=0x00007f55f15fdf80 is pointing into the stack for thread: 0x00007f55ec016800
RBP=0x00000000386bf200 is an unknown value
RSI=0x00007f55f15fdfe8 is pointing into the stack for thread: 0x00007f55ec016800
RDI=0x00007f55f15fdfd8 is pointing into the stack for thread: 0x00007f55ec016800
R8 =0x00007f55f15fdff0 is pointing into the stack for thread: 0x00007f55ec016800
R9 =0x00007f55f15fdfd4 is pointing into the stack for thread: 0x00007f55ec016800
R10=0x00007f55f15fdfd0 is pointing into the stack for thread: 0x00007f55ec016800
R11=0x00007f55c1326950: pg_next_dst_boundary+0x0000000000000000 in /usr/local/lib/libmeos.so at 0x00007f55c127e000
R12=0x00007f55f15fe030 is pointing into the stack for thread: 0x00007f55ec016800
R13=0x0 is NULL
R14=0x0 is NULL
R15=0x00007f55f15fe1a0 is pointing into the stack for thread: 0x00007f55ec016800


Registers:
RAX=0x0000000000000000, RBX=0x0000000000000000, RCX=0x00007f55f15fdfe0, RDX=0x00007f55f15fdfd0
RSP=0x00007f55f15fdf80, RBP=0x00000000386bf200, RSI=0x00007f55f15fdfe8, RDI=0x00007f55f15fdfd8
R8 =0x00007f55f15fdff0, R9 =0x00007f55f15fdfd4, R10=0x00007f55f15fdfd0, R11=0x00007f55c1326950
R12=0x00007f55f15fe030, R13=0x0000000000000000, R14=0x0000000000000000, R15=0x00007f55f15fe1a0
RIP=0x00007f55c1326979, EFLAGS=0x0000000000010246, CSGSFS=0x002b000000000033, ERR=0x0000000000000004
  TRAPNO=0x000000000000000e

Top of Stack: (sp=0x00007f55f15fdf80)
0x00007f55f15fdf80:   00007f55ec44adc0 c9ca8a692ffec500
0x00007f55f15fdf90:   00007f55ec4d4e20 00007f55f15fe1a0
0x00007f55f15fdfa0:   00000000386d4380 00007f55f15fe030
0x00007f55f15fdfb0:   0000000000000000 00007f55c132825c 

Instructions: (pc=0x00007f55c1326979)
0x00007f55c1326879:   00 00 00 00 0f 1f 00 f3 0f 1e fa 49 89 f8 48 8d
0x00007f55c1326889:   be 00 01 00 00 4c 89 c6 e9 ca fd ff ff 66 2e 0f
0x00007f55c1326899:   1f 84 00 00 00 00 00 f3 0f 1e fa 41 55 41 54 55
0x00007f55c13268a9:   48 89 fd 53 48 83 ec 08 48 8b 1d 68 89 0d 00 48
0x00007f55c13268b9:   85 db 74 2b 48 8b 7d 00 48 89 da 31 f6 48 81 c3
0x00007f55c13268c9:   68 56 00 00 e8 ce df ff ff 48 89 1d 97 89 0d 00
0x00007f55c13268d9:   48 83 c4 08 5b 5d 41 5c 41 5d c3 0f 1f 40 00 bf
0x00007f55c13268e9:   90 5b 00 00 e8 8e 66 f9 ff 48 89 05 27 89 0d 00
0x00007f55c13268f9:   49 89 c4 48 85 c0 74 d8 4c 8d 2d 38 5a 08 00 31
0x00007f55c1326909:   f6 b9 01 00 00 00 48 89 c2 4c 89 ef e8 56 72 f9
0x00007f55c1326919:   ff 85 c0 75 12 48 8b 1d fb 88 0d 00 eb 96 66 0f
0x00007f55c1326929:   1f 84 00 00 00 00 00 ba 01 00 00 00 4c 89 e6 4c
0x00007f55c1326939:   89 ef e8 60 70 f9 ff eb dc 66 66 2e 0f 1f 84 00
0x00007f55c1326949:   00 00 00 00 0f 1f 00 f3 0f 1e fa 41 55 49 89 d2
0x00007f55c1326959:   41 54 55 53 48 83 ec 18 48 8b 2f 64 48 8b 04 25
0x00007f55c1326969:   28 00 00 00 48 89 44 24 08 31 c0 48 8b 5c 24 40
0x00007f55c1326979:   44 8b 9b 04 01 00 00 45 85 db 0f 84 27 02 00 00
0x00007f55c1326989:   80 bb 10 01 00 00 00 49 89 cc 75 6b 41 8d 53 ff
0x00007f55c1326999:   80 bb 11 01 00 00 00 48 63 ca 48 8b 84 cb 18 01
0x00007f55c13269a9:   00 00 0f 84 ef 00 00 00 48 39 c5 0f 8e e6 00 00
0x00007f55c13269b9:   00 48 8b 8b 18 01 00 00 48 39 e9 7f 46 48 bf e7
0x00007f55c13269c9:   58 ef 44 46 ef 35 ae 48 89 ea 48 29 c2 48 83 ea
0x00007f55c13269d9:   01 48 89 d0 48 f7 e7 48 b8 80 59 60 f0 02 00 00
0x00007f55c13269e9:   00 48 c1 ea 21 4c 8d 6a 01 4c 0f af e8 48 89 e8
0x00007f55c13269f9:   4c 29 e8 eb 43 66 90 48 8b 8b 18 01 00 00 48 39
0x00007f55c1326a09:   e9 7e 89 48 bf e7 58 ef 44 46 ef 35 ae 48 89 ca
0x00007f55c1326a19:   48 29 ea 48 83 ea 01 48 89 d0 48 f7 e7 48 b8 80
0x00007f55c1326a29:   59 60 f0 02 00 00 00 48 c1 ea 21 4c 8d 6a 01 4c
0x00007f55c1326a39:   0f af e8 4a 8d 44 2d 00 48 89 04 24 48 39 c1 0f
0x00007f55c1326a49:   8f 12 02 00 00 41 8d 53 ff 41 bb ff ff ff ff 48
0x00007f55c1326a59:   63 d2 48 39 84 d3 18 01 00 00 0f 8c 83 01 00 00
0x00007f55c1326a69:   48 89 e7 48 83 ec 08 4c 89 d2 4c 89 e1 53 e8 d4 


Stack slot to memory mapping:
stack at sp + 0 slots: 0x00007f55ec44adc0 points into unknown readable memory: 0x00007f55c127e000 | 00 e0 27 c1 55 7f 00 00
stack at sp + 1 slots: 0xc9ca8a692ffec500 is an unknown value
stack at sp + 2 slots: 0x00007f55ec4d4e20 points into unknown readable memory: 0x2d31302d30303032 | 32 30 30 30 2d 30 31 2d
stack at sp + 3 slots: 0x00007f55f15fe1a0 is pointing into the stack for thread: 0x00007f55ec016800
stack at sp + 4 slots: 0x00000000386d4380 is an unknown value
stack at sp + 5 slots: 0x00007f55f15fe030 is pointing into the stack for thread: 0x00007f55ec016800
stack at sp + 6 slots: 0x0 is NULL
stack at sp + 7 slots: 0x00007f55c132825c: <offset 0x00000000000aa25c> in /usr/local/lib/libmeos.so at 0x00007f55c127e000


---------------  P R O C E S S  ---------------

Threads class SMR info:
_java_thread_list=0x00007f55a0001f70, length=13, elements={
0x00007f55ec016800, 0x00007f55ec115880, 0x00007f55ec116c60, 0x00007f55ec11c410,
0x00007f55ec11d7c0, 0x00007f55ec11ebd0, 0x00007f55ec120580, 0x00007f55ec121ab0,
0x00007f55ec122f20, 0x00007f55ec12e5e0, 0x00007f55ec2fa1e0, 0x00007f55ec2fb930,
0x00007f55a0000fe0
}

Java Threads: ( => current thread )
=>0x00007f55ec016800 JavaThread "main" [_thread_in_native, id=77819, stack(0x00007f55f1500000,0x00007f55f1600000)]
  0x00007f55ec115880 JavaThread "Reference Handler" daemon [_thread_blocked, id=77839, stack(0x00007f55d0bd1000,0x00007f55d0cd1000)]
  0x00007f55ec116c60 JavaThread "Finalizer" daemon [_thread_blocked, id=77840, stack(0x00007f55d0ad1000,0x00007f55d0bd1000)]
  0x00007f55ec11c410 JavaThread "Signal Dispatcher" daemon [_thread_blocked, id=77842, stack(0x00007f55d0100000,0x00007f55d0200000)]
  0x00007f55ec11d7c0 JavaThread "Service Thread" daemon [_thread_blocked, id=77843, stack(0x00007f55d0000000,0x00007f55d0100000)]
  0x00007f55ec11ebd0 JavaThread "Monitor Deflation Thread" daemon [_thread_blocked, id=77844, stack(0x00007f55c1f00000,0x00007f55c2000000)]
  0x00007f55ec120580 JavaThread "C2 CompilerThread0" daemon [_thread_blocked, id=77845, stack(0x00007f55c1e00000,0x00007f55c1f00000)]
  0x00007f55ec121ab0 JavaThread "C1 CompilerThread0" daemon [_thread_blocked, id=77846, stack(0x00007f55c1d00000,0x00007f55c1e00000)]
  0x00007f55ec122f20 JavaThread "Sweeper thread" daemon [_thread_blocked, id=77847, stack(0x00007f55c1c00000,0x00007f55c1d00000)]
  0x00007f55ec12e5e0 JavaThread "Common-Cleaner" daemon [_thread_blocked, id=77849, stack(0x00007f55c1b00000,0x00007f55c1c00000)]
  0x00007f55ec2fa1e0 JavaThread "Monitor Ctrl-Break" daemon [_thread_in_native, id=77859, stack(0x00007f55c1a00000,0x00007f55c1b00000)]
  0x00007f55ec2fb930 JavaThread "Notification Thread" daemon [_thread_blocked, id=77860, stack(0x00007f55c1900000,0x00007f55c1a00000)]
  0x00007f55a0000fe0 JavaThread "Attach Listener" daemon [_thread_blocked, id=77878, stack(0x00007f55c16fe000,0x00007f55c17fe000)]

Other Threads:
  0x00007f55ec1117d0 VMThread "VM Thread" [stack: 0x00007f55d0cd3000,0x00007f55d0dd3000] [id=77837]
  0x00007f55ec019310 WatcherThread [stack: 0x00007f55c1800000,0x00007f55c1900000] [id=77861]
  0x00007f55ec06fee0 GCTaskThread "GC Thread#0" [stack: 0x00007f55ebf00000,0x00007f55ec000000] [id=77825]
  0x00007f55b00051e0 GCTaskThread "GC Thread#1" [stack: 0x00007f557f900000,0x00007f557fa00000] [id=77900]
  0x00007f55b0005c60 GCTaskThread "GC Thread#2" [stack: 0x00007f557f7fe000,0x00007f557f8fe000] [id=77901]
  0x00007f55b000bcb0 GCTaskThread "GC Thread#3" [stack: 0x00007f557f6fc000,0x00007f557f7fc000] [id=77902]
  0x00007f55ec080a00 ConcurrentGCThread "G1 Main Marker" [stack: 0x00007f55d15b0000,0x00007f55d16b0000] [id=77827]
  0x00007f55ec081960 ConcurrentGCThread "G1 Conc#0" [stack: 0x00007f55d14ae000,0x00007f55d15ae000] [id=77829]
  0x00007f55ec0e6050 ConcurrentGCThread "G1 Refine#0" [stack: 0x00007f55d0fa8000,0x00007f55d10a8000] [id=77831]
  0x00007f55ec0e6f40 ConcurrentGCThread "G1 Service" [stack: 0x00007f55d0ea6000,0x00007f55d0fa6000] [id=77832]

Threads with active compile tasks:

VM state: not at safepoint (normal execution)

VM Mutex/Monitor currently owned by a thread: None

Heap address: 0x0000000085600000, size: 1962 MB, Compressed Oops mode: 32-bit

CDS archive(s) mapped at: [0x0000000800000000-0x0000000800be2000-0x0000000800be2000), size 12460032, SharedBaseAddress: 0x0000000800000000, ArchiveRelocationMode: 0.
Compressed class space mapped at: 0x0000000801000000-0x0000000841000000, reserved size: 1073741824
Narrow klass base: 0x0000000800000000, Narrow klass shift: 0, Narrow klass range: 0x100000000

GC Precious Log:
 CPUs: 4 total, 4 available
 Memory: 7840M
 Large Page Support: Disabled
 NUMA Support: Disabled
 Compressed Oops: Enabled (32-bit)
 Heap Region Size: 1M
 Heap Min Capacity: 8M
 Heap Initial Capacity: 124M
 Heap Max Capacity: 1962M
 Pre-touch: Disabled
 Parallel Workers: 4
 Concurrent Workers: 1
 Concurrent Refinement Workers: 4
 Periodic GC: Disabled

Heap:
 garbage-first heap   total 129024K, used 6274K [0x0000000085600000, 0x0000000100000000)
  region size 1024K, 4 young (4096K), 2 survivors (2048K)
 Metaspace       used 5246K, committed 5440K, reserved 1114112K
  class space    used 511K, committed 640K, reserved 1048576K

Heap Regions: E=young(eden), S=young(survivor), O=old, HS=humongous(starts), HC=humongous(continues), CS=collection set, F=free, OA=open archive, CA=closed archive, TAMS=top-at-mark-start (previous, next)
|   0|0x0000000085600000, 0x0000000085700000, 0x0000000085700000|100%|HS|  |TAMS 0x0000000085600000, 0x0000000085600000| Complete 
|   1|0x0000000085700000, 0x0000000085800000, 0x0000000085800000|100%| O|  |TAMS 0x0000000085700000, 0x0000000085700000| Untracked 
|   2|0x0000000085800000, 0x0000000085828a00, 0x0000000085900000| 15%| O|  |TAMS 0x0000000085800000, 0x0000000085800000| Untracked 
|   3|0x0000000085900000, 0x0000000085900000, 0x0000000085a00000|  0%| F|  |TAMS 0x0000000085900000, 0x0000000085900000| Untracked 
|   4|0x0000000085a00000, 0x0000000085a00000, 0x0000000085b00000|  0%| F|  |TAMS 0x0000000085a00000, 0x0000000085a00000| Untracked 
|   5|0x0000000085b00000, 0x0000000085b00000, 0x0000000085c00000|  0%| F|  |TAMS 0x0000000085b00000, 0x0000000085b00000| Untracked 
|   6|0x0000000085c00000, 0x0000000085c00000, 0x0000000085d00000|  0%| F|  |TAMS 0x0000000085c00000, 0x0000000085c00000| Untracked 
|   7|0x0000000085d00000, 0x0000000085d00000, 0x0000000085e00000|  0%| F|  |TAMS 0x0000000085d00000, 0x0000000085d00000| Untracked 
|   8|0x0000000085e00000, 0x0000000085e00000, 0x0000000085f00000|  0%| F|  |TAMS 0x0000000085e00000, 0x0000000085e00000| Untracked 
|   9|0x0000000085f00000, 0x0000000085f00000, 0x0000000086000000|  0%| F|  |TAMS 0x0000000085f00000, 0x0000000085f00000| Untracked 
|  10|0x0000000086000000, 0x0000000086000000, 0x0000000086100000|  0%| F|  |TAMS 0x0000000086000000, 0x0000000086000000| Untracked 
|  11|0x0000000086100000, 0x0000000086100000, 0x0000000086200000|  0%| F|  |TAMS 0x0000000086100000, 0x0000000086100000| Untracked 
|  12|0x0000000086200000, 0x0000000086200000, 0x0000000086300000|  0%| F|  |TAMS 0x0000000086200000, 0x0000000086200000| Untracked 
|  13|0x0000000086300000, 0x0000000086300000, 0x0000000086400000|  0%| F|  |TAMS 0x0000000086300000, 0x0000000086300000| Untracked 
|  14|0x0000000086400000, 0x0000000086400000, 0x0000000086500000|  0%| F|  |TAMS 0x0000000086400000, 0x0000000086400000| Untracked 
|  15|0x0000000086500000, 0x0000000086500000, 0x0000000086600000|  0%| F|  |TAMS 0x0000000086500000, 0x0000000086500000| Untracked 
|  16|0x0000000086600000, 0x0000000086600000, 0x0000000086700000|  0%| F|  |TAMS 0x0000000086600000, 0x0000000086600000| Untracked 
|  17|0x0000000086700000, 0x0000000086700000, 0x0000000086800000|  0%| F|  |TAMS 0x0000000086700000, 0x0000000086700000| Untracked 
|  18|0x0000000086800000, 0x0000000086800000, 0x0000000086900000|  0%| F|  |TAMS 0x0000000086800000, 0x0000000086800000| Untracked 
|  19|0x0000000086900000, 0x0000000086900000, 0x0000000086a00000|  0%| F|  |TAMS 0x0000000086900000, 0x0000000086900000| Untracked 
|  20|0x0000000086a00000, 0x0000000086a00000, 0x0000000086b00000|  0%| F|  |TAMS 0x0000000086a00000, 0x0000000086a00000| Untracked 
|  21|0x0000000086b00000, 0x0000000086b00000, 0x0000000086c00000|  0%| F|  |TAMS 0x0000000086b00000, 0x0000000086b00000| Untracked 
|  22|0x0000000086c00000, 0x0000000086c00000, 0x0000000086d00000|  0%| F|  |TAMS 0x0000000086c00000, 0x0000000086c00000| Untracked 
|  23|0x0000000086d00000, 0x0000000086d00000, 0x0000000086e00000|  0%| F|  |TAMS 0x0000000086d00000, 0x0000000086d00000| Untracked 
|  24|0x0000000086e00000, 0x0000000086e00000, 0x0000000086f00000|  0%| F|  |TAMS 0x0000000086e00000, 0x0000000086e00000| Untracked 
|  25|0x0000000086f00000, 0x0000000086f00000, 0x0000000087000000|  0%| F|  |TAMS 0x0000000086f00000, 0x0000000086f00000| Untracked 
|  26|0x0000000087000000, 0x0000000087000000, 0x0000000087100000|  0%| F|  |TAMS 0x0000000087000000, 0x0000000087000000| Untracked 
|  27|0x0000000087100000, 0x0000000087100000, 0x0000000087200000|  0%| F|  |TAMS 0x0000000087100000, 0x0000000087100000| Untracked 
|  28|0x0000000087200000, 0x0000000087200000, 0x0000000087300000|  0%| F|  |TAMS 0x0000000087200000, 0x0000000087200000| Untracked 
|  29|0x0000000087300000, 0x0000000087300000, 0x0000000087400000|  0%| F|  |TAMS 0x0000000087300000, 0x0000000087300000| Untracked 
|  30|0x0000000087400000, 0x0000000087400000, 0x0000000087500000|  0%| F|  |TAMS 0x0000000087400000, 0x0000000087400000| Untracked 
|  31|0x0000000087500000, 0x0000000087500000, 0x0000000087600000|  0%| F|  |TAMS 0x0000000087500000, 0x0000000087500000| Untracked 
|  32|0x0000000087600000, 0x0000000087600000, 0x0000000087700000|  0%| F|  |TAMS 0x0000000087600000, 0x0000000087600000| Untracked 
|  33|0x0000000087700000, 0x0000000087700000, 0x0000000087800000|  0%| F|  |TAMS 0x0000000087700000, 0x0000000087700000| Untracked 
|  34|0x0000000087800000, 0x0000000087800000, 0x0000000087900000|  0%| F|  |TAMS 0x0000000087800000, 0x0000000087800000| Untracked 
|  35|0x0000000087900000, 0x0000000087900000, 0x0000000087a00000|  0%| F|  |TAMS 0x0000000087900000, 0x0000000087900000| Untracked 
|  36|0x0000000087a00000, 0x0000000087a00000, 0x0000000087b00000|  0%| F|  |TAMS 0x0000000087a00000, 0x0000000087a00000| Untracked 
|  37|0x0000000087b00000, 0x0000000087b00000, 0x0000000087c00000|  0%| F|  |TAMS 0x0000000087b00000, 0x0000000087b00000| Untracked 
|  38|0x0000000087c00000, 0x0000000087c00000, 0x0000000087d00000|  0%| F|  |TAMS 0x0000000087c00000, 0x0000000087c00000| Untracked 
|  39|0x0000000087d00000, 0x0000000087d00000, 0x0000000087e00000|  0%| F|  |TAMS 0x0000000087d00000, 0x0000000087d00000| Untracked 
|  40|0x0000000087e00000, 0x0000000087e00000, 0x0000000087f00000|  0%| F|  |TAMS 0x0000000087e00000, 0x0000000087e00000| Untracked 
|  41|0x0000000087f00000, 0x0000000087f00000, 0x0000000088000000|  0%| F|  |TAMS 0x0000000087f00000, 0x0000000087f00000| Untracked 
|  42|0x0000000088000000, 0x0000000088000000, 0x0000000088100000|  0%| F|  |TAMS 0x0000000088000000, 0x0000000088000000| Untracked 
|  43|0x0000000088100000, 0x0000000088100000, 0x0000000088200000|  0%| F|  |TAMS 0x0000000088100000, 0x0000000088100000| Untracked 
|  44|0x0000000088200000, 0x0000000088200000, 0x0000000088300000|  0%| F|  |TAMS 0x0000000088200000, 0x0000000088200000| Untracked 
|  45|0x0000000088300000, 0x0000000088300000, 0x0000000088400000|  0%| F|  |TAMS 0x0000000088300000, 0x0000000088300000| Untracked 
|  46|0x0000000088400000, 0x0000000088400000, 0x0000000088500000|  0%| F|  |TAMS 0x0000000088400000, 0x0000000088400000| Untracked 
|  47|0x0000000088500000, 0x0000000088500000, 0x0000000088600000|  0%| F|  |TAMS 0x0000000088500000, 0x0000000088500000| Untracked 
|  48|0x0000000088600000, 0x0000000088600000, 0x0000000088700000|  0%| F|  |TAMS 0x0000000088600000, 0x0000000088600000| Untracked 
|  49|0x0000000088700000, 0x0000000088700000, 0x0000000088800000|  0%| F|  |TAMS 0x0000000088700000, 0x0000000088700000| Untracked 
|  50|0x0000000088800000, 0x0000000088800000, 0x0000000088900000|  0%| F|  |TAMS 0x0000000088800000, 0x0000000088800000| Untracked 
|  51|0x0000000088900000, 0x0000000088900000, 0x0000000088a00000|  0%| F|  |TAMS 0x0000000088900000, 0x0000000088900000| Untracked 
|  52|0x0000000088a00000, 0x0000000088a00000, 0x0000000088b00000|  0%| F|  |TAMS 0x0000000088a00000, 0x0000000088a00000| Untracked 
|  53|0x0000000088b00000, 0x0000000088b00000, 0x0000000088c00000|  0%| F|  |TAMS 0x0000000088b00000, 0x0000000088b00000| Untracked 
|  54|0x0000000088c00000, 0x0000000088c00000, 0x0000000088d00000|  0%| F|  |TAMS 0x0000000088c00000, 0x0000000088c00000| Untracked 
|  55|0x0000000088d00000, 0x0000000088d00000, 0x0000000088e00000|  0%| F|  |TAMS 0x0000000088d00000, 0x0000000088d00000| Untracked 
|  56|0x0000000088e00000, 0x0000000088e00000, 0x0000000088f00000|  0%| F|  |TAMS 0x0000000088e00000, 0x0000000088e00000| Untracked 
|  57|0x0000000088f00000, 0x0000000088f00000, 0x0000000089000000|  0%| F|  |TAMS 0x0000000088f00000, 0x0000000088f00000| Untracked 
|  58|0x0000000089000000, 0x0000000089000000, 0x0000000089100000|  0%| F|  |TAMS 0x0000000089000000, 0x0000000089000000| Untracked 
|  59|0x0000000089100000, 0x0000000089100000, 0x0000000089200000|  0%| F|  |TAMS 0x0000000089100000, 0x0000000089100000| Untracked 
|  60|0x0000000089200000, 0x0000000089200000, 0x0000000089300000|  0%| F|  |TAMS 0x0000000089200000, 0x0000000089200000| Untracked 
|  61|0x0000000089300000, 0x0000000089300000, 0x0000000089400000|  0%| F|  |TAMS 0x0000000089300000, 0x0000000089300000| Untracked 
|  62|0x0000000089400000, 0x0000000089400000, 0x0000000089500000|  0%| F|  |TAMS 0x0000000089400000, 0x0000000089400000| Untracked 
|  63|0x0000000089500000, 0x0000000089500000, 0x0000000089600000|  0%| F|  |TAMS 0x0000000089500000, 0x0000000089500000| Untracked 
|  64|0x0000000089600000, 0x0000000089600000, 0x0000000089700000|  0%| F|  |TAMS 0x0000000089600000, 0x0000000089600000| Untracked 
|  65|0x0000000089700000, 0x0000000089700000, 0x0000000089800000|  0%| F|  |TAMS 0x0000000089700000, 0x0000000089700000| Untracked 
|  66|0x0000000089800000, 0x0000000089800000, 0x0000000089900000|  0%| F|  |TAMS 0x0000000089800000, 0x0000000089800000| Untracked 
|  67|0x0000000089900000, 0x0000000089900000, 0x0000000089a00000|  0%| F|  |TAMS 0x0000000089900000, 0x0000000089900000| Untracked 
|  68|0x0000000089a00000, 0x0000000089a00000, 0x0000000089b00000|  0%| F|  |TAMS 0x0000000089a00000, 0x0000000089a00000| Untracked 
|  69|0x0000000089b00000, 0x0000000089b00000, 0x0000000089c00000|  0%| F|  |TAMS 0x0000000089b00000, 0x0000000089b00000| Untracked 
|  70|0x0000000089c00000, 0x0000000089c00000, 0x0000000089d00000|  0%| F|  |TAMS 0x0000000089c00000, 0x0000000089c00000| Untracked 
|  71|0x0000000089d00000, 0x0000000089d00000, 0x0000000089e00000|  0%| F|  |TAMS 0x0000000089d00000, 0x0000000089d00000| Untracked 
|  72|0x0000000089e00000, 0x0000000089e00000, 0x0000000089f00000|  0%| F|  |TAMS 0x0000000089e00000, 0x0000000089e00000| Untracked 
|  73|0x0000000089f00000, 0x0000000089f00000, 0x000000008a000000|  0%| F|  |TAMS 0x0000000089f00000, 0x0000000089f00000| Untracked 
|  74|0x000000008a000000, 0x000000008a000000, 0x000000008a100000|  0%| F|  |TAMS 0x000000008a000000, 0x000000008a000000| Untracked 
|  75|0x000000008a100000, 0x000000008a100000, 0x000000008a200000|  0%| F|  |TAMS 0x000000008a100000, 0x000000008a100000| Untracked 
|  76|0x000000008a200000, 0x000000008a200000, 0x000000008a300000|  0%| F|  |TAMS 0x000000008a200000, 0x000000008a200000| Untracked 
|  77|0x000000008a300000, 0x000000008a300000, 0x000000008a400000|  0%| F|  |TAMS 0x000000008a300000, 0x000000008a300000| Untracked 
|  78|0x000000008a400000, 0x000000008a400000, 0x000000008a500000|  0%| F|  |TAMS 0x000000008a400000, 0x000000008a400000| Untracked 
|  79|0x000000008a500000, 0x000000008a500000, 0x000000008a600000|  0%| F|  |TAMS 0x000000008a500000, 0x000000008a500000| Untracked 
|  80|0x000000008a600000, 0x000000008a600000, 0x000000008a700000|  0%| F|  |TAMS 0x000000008a600000, 0x000000008a600000| Untracked 
|  81|0x000000008a700000, 0x000000008a700000, 0x000000008a800000|  0%| F|  |TAMS 0x000000008a700000, 0x000000008a700000| Untracked 
|  82|0x000000008a800000, 0x000000008a800000, 0x000000008a900000|  0%| F|  |TAMS 0x000000008a800000, 0x000000008a800000| Untracked 
|  83|0x000000008a900000, 0x000000008a900000, 0x000000008aa00000|  0%| F|  |TAMS 0x000000008a900000, 0x000000008a900000| Untracked 
|  84|0x000000008aa00000, 0x000000008aa00000, 0x000000008ab00000|  0%| F|  |TAMS 0x000000008aa00000, 0x000000008aa00000| Untracked 
|  85|0x000000008ab00000, 0x000000008ab00000, 0x000000008ac00000|  0%| F|  |TAMS 0x000000008ab00000, 0x000000008ab00000| Untracked 
|  86|0x000000008ac00000, 0x000000008ac00000, 0x000000008ad00000|  0%| F|  |TAMS 0x000000008ac00000, 0x000000008ac00000| Untracked 
|  87|0x000000008ad00000, 0x000000008ad00000, 0x000000008ae00000|  0%| F|  |TAMS 0x000000008ad00000, 0x000000008ad00000| Untracked 
|  88|0x000000008ae00000, 0x000000008ae00000, 0x000000008af00000|  0%| F|  |TAMS 0x000000008ae00000, 0x000000008ae00000| Untracked 
|  89|0x000000008af00000, 0x000000008af00000, 0x000000008b000000|  0%| F|  |TAMS 0x000000008af00000, 0x000000008af00000| Untracked 
|  90|0x000000008b000000, 0x000000008b000000, 0x000000008b100000|  0%| F|  |TAMS 0x000000008b000000, 0x000000008b000000| Untracked 
|  91|0x000000008b100000, 0x000000008b100000, 0x000000008b200000|  0%| F|  |TAMS 0x000000008b100000, 0x000000008b100000| Untracked 
|  92|0x000000008b200000, 0x000000008b200000, 0x000000008b300000|  0%| F|  |TAMS 0x000000008b200000, 0x000000008b200000| Untracked 
|  93|0x000000008b300000, 0x000000008b300000, 0x000000008b400000|  0%| F|  |TAMS 0x000000008b300000, 0x000000008b300000| Untracked 
|  94|0x000000008b400000, 0x000000008b400000, 0x000000008b500000|  0%| F|  |TAMS 0x000000008b400000, 0x000000008b400000| Untracked 
|  95|0x000000008b500000, 0x000000008b500000, 0x000000008b600000|  0%| F|  |TAMS 0x000000008b500000, 0x000000008b500000| Untracked 
|  96|0x000000008b600000, 0x000000008b600000, 0x000000008b700000|  0%| F|  |TAMS 0x000000008b600000, 0x000000008b600000| Untracked 
|  97|0x000000008b700000, 0x000000008b700000, 0x000000008b800000|  0%| F|  |TAMS 0x000000008b700000, 0x000000008b700000| Untracked 
|  98|0x000000008b800000, 0x000000008b800000, 0x000000008b900000|  0%| F|  |TAMS 0x000000008b800000, 0x000000008b800000| Untracked 
|  99|0x000000008b900000, 0x000000008b900000, 0x000000008ba00000|  0%| F|  |TAMS 0x000000008b900000, 0x000000008b900000| Untracked 
| 100|0x000000008ba00000, 0x000000008ba00000, 0x000000008bb00000|  0%| F|  |TAMS 0x000000008ba00000, 0x000000008ba00000| Untracked 
| 101|0x000000008bb00000, 0x000000008bb00000, 0x000000008bc00000|  0%| F|  |TAMS 0x000000008bb00000, 0x000000008bb00000| Untracked 
| 102|0x000000008bc00000, 0x000000008bc00000, 0x000000008bd00000|  0%| F|  |TAMS 0x000000008bc00000, 0x000000008bc00000| Untracked 
| 103|0x000000008bd00000, 0x000000008bd00000, 0x000000008be00000|  0%| F|  |TAMS 0x000000008bd00000, 0x000000008bd00000| Untracked 
| 104|0x000000008be00000, 0x000000008be00000, 0x000000008bf00000|  0%| F|  |TAMS 0x000000008be00000, 0x000000008be00000| Untracked 
| 105|0x000000008bf00000, 0x000000008bf00000, 0x000000008c000000|  0%| F|  |TAMS 0x000000008bf00000, 0x000000008bf00000| Untracked 
| 106|0x000000008c000000, 0x000000008c000000, 0x000000008c100000|  0%| F|  |TAMS 0x000000008c000000, 0x000000008c000000| Untracked 
| 107|0x000000008c100000, 0x000000008c100000, 0x000000008c200000|  0%| F|  |TAMS 0x000000008c100000, 0x000000008c100000| Untracked 
| 108|0x000000008c200000, 0x000000008c200000, 0x000000008c300000|  0%| F|  |TAMS 0x000000008c200000, 0x000000008c200000| Untracked 
| 109|0x000000008c300000, 0x000000008c400000, 0x000000008c400000|100%| S|CS|TAMS 0x000000008c300000, 0x000000008c300000| Complete 
| 110|0x000000008c400000, 0x000000008c500000, 0x000000008c500000|100%| S|CS|TAMS 0x000000008c400000, 0x000000008c400000| Complete 
| 111|0x000000008c500000, 0x000000008c500000, 0x000000008c600000|  0%| F|  |TAMS 0x000000008c500000, 0x000000008c500000| Untracked 
| 112|0x000000008c600000, 0x000000008c600000, 0x000000008c700000|  0%| F|  |TAMS 0x000000008c600000, 0x000000008c600000| Untracked 
| 113|0x000000008c700000, 0x000000008c700000, 0x000000008c800000|  0%| F|  |TAMS 0x000000008c700000, 0x000000008c700000| Untracked 
| 114|0x000000008c800000, 0x000000008c800000, 0x000000008c900000|  0%| F|  |TAMS 0x000000008c800000, 0x000000008c800000| Untracked 
| 115|0x000000008c900000, 0x000000008c900000, 0x000000008ca00000|  0%| F|  |TAMS 0x000000008c900000, 0x000000008c900000| Untracked 
| 116|0x000000008ca00000, 0x000000008ca00000, 0x000000008cb00000|  0%| F|  |TAMS 0x000000008ca00000, 0x000000008ca00000| Untracked 
| 117|0x000000008cb00000, 0x000000008cb00000, 0x000000008cc00000|  0%| F|  |TAMS 0x000000008cb00000, 0x000000008cb00000| Untracked 
| 118|0x000000008cc00000, 0x000000008cc00000, 0x000000008cd00000|  0%| F|  |TAMS 0x000000008cc00000, 0x000000008cc00000| Untracked 
| 119|0x000000008cd00000, 0x000000008cd00000, 0x000000008ce00000|  0%| F|  |TAMS 0x000000008cd00000, 0x000000008cd00000| Untracked 
| 120|0x000000008ce00000, 0x000000008ce00000, 0x000000008cf00000|  0%| F|  |TAMS 0x000000008ce00000, 0x000000008ce00000| Untracked 
| 121|0x000000008cf00000, 0x000000008cf00000, 0x000000008d000000|  0%| F|  |TAMS 0x000000008cf00000, 0x000000008cf00000| Untracked 
| 122|0x000000008d000000, 0x000000008d04aba0, 0x000000008d100000| 29%| E|  |TAMS 0x000000008d000000, 0x000000008d000000| Complete 
| 123|0x000000008d100000, 0x000000008d200000, 0x000000008d200000|100%| E|CS|TAMS 0x000000008d100000, 0x000000008d100000| Complete 
|1960|0x00000000ffe00000, 0x00000000ffe76000, 0x00000000fff00000| 46%|OA|  |TAMS 0x00000000ffe00000, 0x00000000ffe00000| Untracked 
|1961|0x00000000fff00000, 0x00000000fff82000, 0x0000000100000000| 50%|CA|  |TAMS 0x00000000fff00000, 0x00000000fff00000| Untracked 

Card table byte_map: [0x00007f55f047c000,0x00007f55f0851000] _byte_map_base: 0x00007f55f0051000

Marking Bits (Prev, Next): (CMBitMap*) 0x00007f55ec070960, (CMBitMap*) 0x00007f55ec0709a0
 Prev Bits: [0x00007f55d3558000, 0x00007f55d5400000)
 Next Bits: [0x00007f55d16b0000, 0x00007f55d3558000)

Polling page: 0x00007f55f2dcd000

Metaspace:

Usage:
  Non-class:      4,62 MB used.
      Class:    511,38 KB used.
       Both:      5,12 MB used.

Virtual space:
  Non-class space:       64,00 MB reserved,       4,69 MB (  7%) committed,  1 nodes.
      Class space:        1,00 GB reserved,     640,00 KB ( <1%) committed,  1 nodes.
             Both:        1,06 GB reserved,       5,31 MB ( <1%) committed. 

Chunk freelists:
   Non-Class:  9,91 MB
       Class:  15,23 MB
        Both:  25,14 MB

MaxMetaspaceSize: unlimited
CompressedClassSpaceSize: 1,00 GB
Initial GC threshold: 21,00 MB
Current GC threshold: 21,00 MB
CDS: on
MetaspaceReclaimPolicy: balanced
 - commit_granule_bytes: 65536.
 - commit_granule_words: 8192.
 - virtual_space_node_default_size: 8388608.
 - enlarge_chunks_in_place: 1.
 - new_chunks_are_fully_committed: 0.
 - uncommit_free_chunks: 1.
 - use_allocation_guard: 0.
 - handle_deallocations: 1.


Internal statistics:

num_allocs_failed_limit: 0.
num_arena_births: 20.
num_arena_deaths: 0.
num_vsnodes_births: 2.
num_vsnodes_deaths: 0.
num_space_committed: 85.
num_space_uncommitted: 0.
num_chunks_returned_to_freelist: 0.
num_chunks_taken_from_freelist: 128.
num_chunk_merges: 0.
num_chunk_splits: 84.
num_chunks_enlarged: 65.
num_inconsistent_stats: 0.

CodeHeap 'non-profiled nmethods': size=120032Kb used=229Kb max_used=229Kb free=119802Kb
 bounds [0x00007f55dcec8000, 0x00007f55dd138000, 0x00007f55e4400000]
CodeHeap 'profiled nmethods': size=120028Kb used=1345Kb max_used=1345Kb free=118683Kb
 bounds [0x00007f55d5400000, 0x00007f55d5670000, 0x00007f55dc937000]
CodeHeap 'non-nmethods': size=5700Kb used=1243Kb max_used=1257Kb free=4456Kb
 bounds [0x00007f55dc937000, 0x00007f55dcba7000, 0x00007f55dcec8000]
 total_blobs=1308 nmethods=752 adapters=470
 compilation: enabled
              stopped_count=0, restarted_count=0
 full_count=0

Compilation events (20 events):
Event: 2,006 Thread 0x00007f55ec121ab0  740       3       java.lang.invoke.MemberName::isResolved (13 bytes)
Event: 2,007 Thread 0x00007f55ec121ab0 nmethod 740 0x00007f55d554b390 code [0x00007f55d554b520, 0x00007f55d554b690]
Event: 2,010 Thread 0x00007f55ec121ab0  744       1       java.lang.invoke.DirectMethodHandle::internalMemberName (5 bytes)
Event: 2,010 Thread 0x00007f55ec121ab0 nmethod 744 0x00007f55dcf01490 code [0x00007f55dcf01620, 0x00007f55dcf016f0]
Event: 2,010 Thread 0x00007f55ec121ab0  745       3       java.lang.invoke.LambdaForm$Name::initIndex (26 bytes)
Event: 2,010 Thread 0x00007f55ec121ab0 nmethod 745 0x00007f55d554b710 code [0x00007f55d554b8c0, 0x00007f55d554ba70]
Event: 2,010 Thread 0x00007f55ec121ab0  746       3       java.lang.invoke.MemberName::flagsMods (73 bytes)
Event: 2,010 Thread 0x00007f55ec121ab0 nmethod 746 0x00007f55d554bb10 code [0x00007f55d554bca0, 0x00007f55d554bdb0]
Event: 2,010 Thread 0x00007f55ec121ab0  747       3       java.lang.invoke.MemberName::init (67 bytes)
Event: 2,011 Thread 0x00007f55ec121ab0 nmethod 747 0x00007f55d554be10 code [0x00007f55d554bfc0, 0x00007f55d554c1f0]
Event: 2,011 Thread 0x00007f55ec121ab0  748       3       java.lang.invoke.MemberName::getName (25 bytes)
Event: 2,012 Thread 0x00007f55ec121ab0 nmethod 748 0x00007f55d554c290 code [0x00007f55d554c460, 0x00007f55d554c7e0]
Event: 2,012 Thread 0x00007f55ec121ab0  749       3       java.lang.ref.Reference::<init> (7 bytes)
Event: 2,012 Thread 0x00007f55ec121ab0 nmethod 749 0x00007f55d554c910 code [0x00007f55d554cac0, 0x00007f55d554cd70]
Event: 2,013 Thread 0x00007f55ec121ab0  750       3       jdk.internal.org.objectweb.asm.AnnotationWriter::putAnnotations (67 bytes)
Event: 2,014 Thread 0x00007f55ec121ab0 nmethod 750 0x00007f55d554ce90 code [0x00007f55d554d0c0, 0x00007f55d554d4f0]
Event: 2,018 Thread 0x00007f55ec121ab0  751       3       java.io.UnixFileSystem::normalize (41 bytes)
Event: 2,019 Thread 0x00007f55ec121ab0 nmethod 751 0x00007f55d554d790 code [0x00007f55d554d9c0, 0x00007f55d554dff0]
Event: 2,019 Thread 0x00007f55ec121ab0  752       3       java.io.UnixFileSystem::resolve (101 bytes)
Event: 2,021 Thread 0x00007f55ec121ab0 nmethod 752 0x00007f55d554e290 code [0x00007f55d554e6a0, 0x00007f55d554fcf0]

GC Heap History (2 events):
Event: 1,838 GC heap before
{Heap before GC invocations=0 (full 0):
 garbage-first heap   total 129024K, used 15328K [0x0000000085600000, 0x0000000100000000)
  region size 1024K, 13 young (13312K), 0 survivors (0K)
 Metaspace       used 4706K, committed 4864K, reserved 1114112K
  class space    used 452K, committed 512K, reserved 1048576K
}
Event: 1,896 GC heap after
{Heap after GC invocations=1 (full 0):
 garbage-first heap   total 129024K, used 5250K [0x0000000085600000, 0x0000000100000000)
  region size 1024K, 2 young (2048K), 2 survivors (2048K)
 Metaspace       used 4706K, committed 4864K, reserved 1114112K
  class space    used 452K, committed 512K, reserved 1048576K
}

Dll operation events (11 events):
Event: 0,009 Loaded shared library /usr/lib/jvm/java-17-openjdk-amd64/lib/libjava.so
Event: 0,065 Loaded shared library /usr/lib/jvm/java-17-openjdk-amd64/lib/libjsvml.so
Event: 0,253 Loaded shared library /usr/lib/jvm/java-17-openjdk-amd64/lib/libzip.so
Event: 0,255 Loaded shared library /usr/lib/jvm/java-17-openjdk-amd64/lib/libinstrument.so
Event: 0,266 Loaded shared library /usr/lib/jvm/java-17-openjdk-amd64/lib/libnio.so
Event: 0,287 Loaded shared library /usr/lib/jvm/java-17-openjdk-amd64/lib/libzip.so
Event: 0,504 Loaded shared library /usr/lib/jvm/java-17-openjdk-amd64/lib/libnet.so
Event: 0,511 Loaded shared library /usr/lib/jvm/java-17-openjdk-amd64/lib/libjimage.so
Event: 0,530 Loaded shared library /usr/lib/jvm/java-17-openjdk-amd64/lib/libextnet.so
Event: 0,947 Loaded shared library /tmp/jffi8978123118996818507.so
Event: 1,235 Loaded shared library /usr/lib/jvm/java-17-openjdk-amd64/lib/libverify.so

Deoptimization events (20 events):
Event: 0,492 Thread 0x00007f55ec016800 Uncommon trap: trap_request=0xffffff45 fr.pc=0x00007f55dced72a8 relative=0x0000000000000188
Event: 0,492 Thread 0x00007f55ec016800 Uncommon trap: reason=unstable_if action=reinterpret pc=0x00007f55dced72a8 method=java.util.zip.ZipFile$Source.isMetaName([BII)Z @ 57 c2
Event: 0,492 Thread 0x00007f55ec016800 DEOPT PACKING pc=0x00007f55dced72a8 sp=0x00007f55f15fd670
Event: 0,492 Thread 0x00007f55ec016800 DEOPT UNPACKING pc=0x00007f55dc98d699 sp=0x00007f55f15fd638 mode 2
Event: 0,679 Thread 0x00007f55ec016800 Uncommon trap: trap_request=0xffffff45 fr.pc=0x00007f55dced7b98 relative=0x0000000000000078
Event: 0,679 Thread 0x00007f55ec016800 Uncommon trap: reason=unstable_if action=reinterpret pc=0x00007f55dced7b98 method=java.lang.String.isLatin1()Z @ 10 c2
Event: 0,679 Thread 0x00007f55ec016800 DEOPT PACKING pc=0x00007f55dced7b98 sp=0x00007f55f15fa6f0
Event: 0,679 Thread 0x00007f55ec016800 DEOPT UNPACKING pc=0x00007f55dc98d699 sp=0x00007f55f15fa650 mode 2
Event: 0,685 Thread 0x00007f55ec016800 Uncommon trap: trap_request=0xffffff45 fr.pc=0x00007f55dced90fc relative=0x000000000000005c
Event: 0,685 Thread 0x00007f55ec016800 Uncommon trap: reason=unstable_if action=reinterpret pc=0x00007f55dced90fc method=java.lang.String.isLatin1()Z @ 10 c2
Event: 0,685 Thread 0x00007f55ec016800 DEOPT PACKING pc=0x00007f55dced90fc sp=0x00007f55f15fa640
Event: 0,685 Thread 0x00007f55ec016800 DEOPT UNPACKING pc=0x00007f55dc98d699 sp=0x00007f55f15fa5f0 mode 2
Event: 0,778 Thread 0x00007f55ec016800 Uncommon trap: trap_request=0xffffff45 fr.pc=0x00007f55dcee13e4 relative=0x00000000000008e4
Event: 0,778 Thread 0x00007f55ec016800 Uncommon trap: reason=unstable_if action=reinterpret pc=0x00007f55dcee13e4 method=java.util.HashMap.putVal(ILjava/lang/Object;Ljava/lang/Object;ZZ)Ljava/lang/Object; @ 181 c2
Event: 0,778 Thread 0x00007f55ec016800 DEOPT PACKING pc=0x00007f55dcee13e4 sp=0x00007f55f15f9d90
Event: 0,778 Thread 0x00007f55ec016800 DEOPT UNPACKING pc=0x00007f55dc98d699 sp=0x00007f55f15f9d30 mode 2
Event: 1,989 Thread 0x00007f55ec016800 Uncommon trap: trap_request=0xffffff45 fr.pc=0x00007f55dceedcb4 relative=0x0000000000000b94
Event: 1,989 Thread 0x00007f55ec016800 Uncommon trap: reason=unstable_if action=reinterpret pc=0x00007f55dceedcb4 method=java.util.HashMap.hash(Ljava/lang/Object;)I @ 1 c2
Event: 1,989 Thread 0x00007f55ec016800 DEOPT PACKING pc=0x00007f55dceedcb4 sp=0x00007f55f15fdd60
Event: 1,989 Thread 0x00007f55ec016800 DEOPT UNPACKING pc=0x00007f55dc98d699 sp=0x00007f55f15fdd00 mode 2

Classes unloaded (0 events):
No events

Classes redefined (0 events):
No events

Internal exceptions (8 events):
Event: 0,507 Thread 0x00007f55ec2fa1e0 Exception <a 'java/lang/NoSuchMethodError'{0x000000008cfe2b48}: 'java.lang.Object java.lang.invoke.DirectMethodHandle$Holder.invokeStaticInit(java.lang.Object)'> (0x000000008cfe2b48) 
thrown [./src/hotspot/share/interpreter/linkResolver.cpp, line 758]
Event: 0,542 Thread 0x00007f55ec2fa1e0 Exception <a 'java/lang/NoSuchMethodError'{0x000000008cff11f0}: 'void java.lang.invoke.DirectMethodHandle$Holder.invokeStatic(java.lang.Object, java.lang.Object)'> (0x000000008cff11f0) 
thrown [./src/hotspot/share/interpreter/linkResolver.cpp, line 758]
Event: 1,498 Thread 0x00007f55ec016800 Exception <a 'java/lang/UnsatisfiedLinkError'{0x000000008c9eff40}: meos: Ne peut ouvrir le fichier d'objet partagé: Aucun fichier ou dossier de ce type> (0x000000008c9eff40) 
thrown [./src/hotspot/share/prims/jni.cpp, line 535]
Event: 1,780 Thread 0x00007f55ec016800 Exception <a 'java/lang/NoSuchMethodError'{0x000000008c5765c0}: 'java.lang.Object java.lang.invoke.DirectMethodHandle$Holder.newInvokeSpecial(java.lang.Object, java.lang.Object, java.lang.Object, java.lang.Object, java.lang.Object)'> (0x000000008c5765c0) 
thrown [./src/hotspot/share/interpreter/linkResolver.cpp, line 758]
Event: 1,903 Thread 0x00007f55ec016800 Exception <a 'java/lang/UnsatisfiedLinkError'{0x000000008d10f2e0}: /usr/local/lib/libmeos.so: undefined symbol: intrange_to_intspan> (0x000000008d10f2e0) 
thrown [./src/hotspot/share/prims/jni.cpp, line 535]
Event: 1,903 Thread 0x00007f55ec016800 Exception <a 'java/lang/UnsatisfiedLinkError'{0x000000008d110ec8}: /usr/local/lib/libmeos.so: undefined symbol: floatrange_to_floatspan> (0x000000008d110ec8) 
thrown [./src/hotspot/share/prims/jni.cpp, line 535]
Event: 1,908 Thread 0x00007f55ec016800 Exception <a 'java/lang/UnsatisfiedLinkError'{0x000000008d118a08}: /usr/local/lib/libmeos.so: undefined symbol: distance_timestamp_timestamp> (0x000000008d118a08) 
thrown [./src/hotspot/share/prims/jni.cpp, line 535]
Event: 1,989 Thread 0x00007f55ec016800 Implicit null exception at 0x00007f55dceed160 to 0x00007f55dceedc9c

VM Operations (14 events):
Event: 0,206 Executing VM operation: HandshakeAllThreads
Event: 0,206 Executing VM operation: HandshakeAllThreads done
Event: 0,505 Executing VM operation: HandshakeAllThreads
Event: 0,506 Executing VM operation: HandshakeAllThreads done
Event: 0,718 Executing VM operation: HandshakeAllThreads
Event: 0,718 Executing VM operation: HandshakeAllThreads done
Event: 1,206 Executing VM operation: HandshakeAllThreads
Event: 1,206 Executing VM operation: HandshakeAllThreads done
Event: 1,206 Executing VM operation: Cleanup
Event: 1,207 Executing VM operation: Cleanup done
Event: 1,420 Executing VM operation: HandshakeAllThreads
Event: 1,420 Executing VM operation: HandshakeAllThreads done
Event: 1,838 Executing VM operation: G1CollectForAllocation
Event: 1,896 Executing VM operation: G1CollectForAllocation done

Events (20 events):
Event: 1,836 loading class jdk/internal/reflect/BootstrapConstructorAccessorImpl
Event: 1,837 loading class jdk/internal/reflect/BootstrapConstructorAccessorImpl done
Event: 1,939 loading class java/util/LinkedList$ListItr
Event: 1,939 loading class java/util/LinkedList$ListItr done
Event: 1,951 loading class sun/misc/Unsafe
Event: 1,951 loading class sun/misc/Unsafe done
Event: 1,985 loading class java/util/Stack
Event: 1,986 loading class java/util/Stack done
Event: 1,990 loading class java/time/OffsetDateTime
Event: 1,991 loading class java/time/OffsetDateTime done
Event: 2,002 loading class java/text/ParsePosition
Event: 2,003 loading class java/text/ParsePosition done
Event: 2,003 loading class java/time/format/DateTimeParseContext
Event: 2,003 loading class java/time/format/DateTimeParseContext done
Event: 2,003 loading class java/time/format/Parsed
Event: 2,003 loading class java/time/format/Parsed done
Event: 2,007 loading class java/time/ZonedDateTime
Event: 2,008 loading class java/time/chrono/ChronoZonedDateTime
Event: 2,008 loading class java/time/chrono/ChronoZonedDateTime done
Event: 2,008 loading class java/time/ZonedDateTime done


Dynamic libraries:
85600000-8d200000 rw-p 00000000 00:00 0 
8d200000-ffe00000 ---p 00000000 00:00 0 
ffe00000-ffe76000 rw-p 00c9d000 08:02 10491600                           /usr/lib/jvm/java-17-openjdk-amd64/lib/server/classes.jsa
ffe76000-fff00000 rw-p 00000000 00:00 0 
fff00000-fff82000 rw-p 00c1b000 08:02 10491600                           /usr/lib/jvm/java-17-openjdk-amd64/lib/server/classes.jsa
fff82000-100000000 rw-p 00000000 00:00 0 
800000000-800458000 rw-p 00001000 08:02 10491600                         /usr/lib/jvm/java-17-openjdk-amd64/lib/server/classes.jsa
800458000-800be2000 r--p 00459000 08:02 10491600                         /usr/lib/jvm/java-17-openjdk-amd64/lib/server/classes.jsa
800be2000-801000000 ---p 00000000 00:00 0 
801000000-801040000 rw-p 00000000 00:00 0 
801040000-801090000 rw-p 00000000 00:00 0 
801090000-8010c0000 ---p 00000000 00:00 0 
8010c0000-8010d0000 rw-p 00000000 00:00 0 
8010d0000-841000000 ---p 00000000 00:00 0 
5648cf2b4000-5648cf2b5000 r--p 00000000 08:02 10485864                   /usr/lib/jvm/java-17-openjdk-amd64/bin/java
5648cf2b5000-5648cf2b6000 r-xp 00001000 08:02 10485864                   /usr/lib/jvm/java-17-openjdk-amd64/bin/java
5648cf2b6000-5648cf2b7000 r--p 00002000 08:02 10485864                   /usr/lib/jvm/java-17-openjdk-amd64/bin/java
5648cf2b7000-5648cf2b8000 r--p 00002000 08:02 10485864                   /usr/lib/jvm/java-17-openjdk-amd64/bin/java
5648cf2b8000-5648cf2b9000 rw-p 00003000 08:02 10485864                   /usr/lib/jvm/java-17-openjdk-amd64/bin/java
5648cfa74000-5648cfabc000 rw-p 00000000 00:00 0                          [heap]
7f556c000000-7f556c021000 rw-p 00000000 00:00 0 
7f556c021000-7f5570000000 ---p 00000000 00:00 0 
7f5570000000-7f5570021000 rw-p 00000000 00:00 0 
7f5570021000-7f5574000000 ---p 00000000 00:00 0 
7f5574000000-7f5574021000 rw-p 00000000 00:00 0 
7f5574021000-7f5578000000 ---p 00000000 00:00 0 
7f5578000000-7f5578027000 rw-p 00000000 00:00 0 
7f5578027000-7f557c000000 ---p 00000000 00:00 0 
7f557f6fa000-7f557f6fb000 ---p 00000000 00:00 0 
7f557f6fb000-7f557f7fc000 rw-p 00000000 00:00 0 
7f557f7fc000-7f557f7fd000 ---p 00000000 00:00 0 
7f557f7fd000-7f557f8fe000 rw-p 00000000 00:00 0 
7f557f8fe000-7f557f8ff000 ---p 00000000 00:00 0 
7f557f8ff000-7f557fa00000 rw-p 00000000 00:00 0 
7f557fa00000-7f557fab2000 r--p 00000000 08:02 10357909                   /usr/lib/x86_64-linux-gnu/libcrypto.so.3
7f557fab2000-7f557fd10000 r-xp 000b2000 08:02 10357909                   /usr/lib/x86_64-linux-gnu/libcrypto.so.3
7f557fd10000-7f557fde2000 r--p 00310000 08:02 10357909                   /usr/lib/x86_64-linux-gnu/libcrypto.so.3
7f557fde2000-7f557fe3d000 r--p 003e1000 08:02 10357909                   /usr/lib/x86_64-linux-gnu/libcrypto.so.3
7f557fe3d000-7f557fe40000 rw-p 0043c000 08:02 10357909                   /usr/lib/x86_64-linux-gnu/libcrypto.so.3
7f557fe40000-7f557fe43000 rw-p 00000000 00:00 0 
7f557fe81000-7f557fe84000 r--p 00000000 08:02 10365379                   /usr/lib/x86_64-linux-gnu/libresolv.so.2
7f557fe84000-7f557fe8e000 r-xp 00003000 08:02 10365379                   /usr/lib/x86_64-linux-gnu/libresolv.so.2
7f557fe8e000-7f557fe91000 r--p 0000d000 08:02 10365379                   /usr/lib/x86_64-linux-gnu/libresolv.so.2
7f557fe91000-7f557fe92000 r--p 0000f000 08:02 10365379                   /usr/lib/x86_64-linux-gnu/libresolv.so.2
7f557fe92000-7f557fe93000 rw-p 00010000 08:02 10365379                   /usr/lib/x86_64-linux-gnu/libresolv.so.2
7f557fe93000-7f557fe95000 rw-p 00000000 00:00 0 
7f557fe95000-7f557fe97000 r--p 00000000 08:02 10356728                   /usr/lib/x86_64-linux-gnu/libffi.so.8.1.0
7f557fe97000-7f557fe9e000 r-xp 00002000 08:02 10356728                   /usr/lib/x86_64-linux-gnu/libffi.so.8.1.0
7f557fe9e000-7f557fe9f000 r--p 00009000 08:02 10356728                   /usr/lib/x86_64-linux-gnu/libffi.so.8.1.0
7f557fe9f000-7f557fea0000 ---p 0000a000 08:02 10356728                   /usr/lib/x86_64-linux-gnu/libffi.so.8.1.0
7f557fea0000-7f557fea1000 r--p 0000a000 08:02 10356728                   /usr/lib/x86_64-linux-gnu/libffi.so.8.1.0
7f557fea1000-7f557fea2000 rw-p 0000b000 08:02 10356728                   /usr/lib/x86_64-linux-gnu/libffi.so.8.1.0
7f557fea2000-7f557fea3000 r--p 00000000 08:02 10355681                   /usr/lib/x86_64-linux-gnu/libbrotlicommon.so.1.0.9
7f557fea3000-7f557fea4000 r-xp 00001000 08:02 10355681                   /usr/lib/x86_64-linux-gnu/libbrotlicommon.so.1.0.9
7f557fea4000-7f557fec3000 r--p 00002000 08:02 10355681                   /usr/lib/x86_64-linux-gnu/libbrotlicommon.so.1.0.9
7f557fec3000-7f557fec4000 r--p 00020000 08:02 10355681                   /usr/lib/x86_64-linux-gnu/libbrotlicommon.so.1.0.9
7f557fec4000-7f557fec5000 rw-p 00021000 08:02 10355681                   /usr/lib/x86_64-linux-gnu/libbrotlicommon.so.1.0.9
7f557fec5000-7f557feee000 r--p 00000000 08:02 10356002                   /usr/lib/x86_64-linux-gnu/libp11-kit.so.0.3.0
7f557feee000-7f557ff92000 r-xp 00029000 08:02 10356002                   /usr/lib/x86_64-linux-gnu/libp11-kit.so.0.3.0
7f557ff92000-7f557ffec000 r--p 000cd000 08:02 10356002                   /usr/lib/x86_64-linux-gnu/libp11-kit.so.0.3.0
7f557ffec000-7f557fff6000 r--p 00126000 08:02 10356002                   /usr/lib/x86_64-linux-gnu/libp11-kit.so.0.3.0
7f557fff6000-7f5580000000 rw-p 00130000 08:02 10356002                   /usr/lib/x86_64-linux-gnu/libp11-kit.so.0.3.0
7f5580000000-7f5580021000 rw-p 00000000 00:00 0 
7f5580021000-7f5584000000 ---p 00000000 00:00 0 
7f5584000000-7f5584021000 rw-p 00000000 00:00 0 
7f5584021000-7f5588000000 ---p 00000000 00:00 0 
7f5588000000-7f5588021000 rw-p 00000000 00:00 0 
7f5588021000-7f558c000000 ---p 00000000 00:00 0 
7f558c000000-7f558c021000 rw-p 00000000 00:00 0 
7f558c021000-7f5590000000 ---p 00000000 00:00 0 
7f5590000000-7f55903f6000 rw-p 00000000 00:00 0 
7f55903f6000-7f5594000000 ---p 00000000 00:00 0 
7f5594000000-7f5594021000 rw-p 00000000 00:00 0 
7f5594021000-7f5598000000 ---p 00000000 00:00 0 
7f5598000000-7f5598021000 rw-p 00000000 00:00 0 
7f5598021000-7f559c000000 ---p 00000000 00:00 0 
7f559c000000-7f559c1c0000 rw-p 00000000 00:00 0 
7f559c1c0000-7f55a0000000 ---p 00000000 00:00 0 
7f55a0000000-7f55a0021000 rw-p 00000000 00:00 0 
7f55a0021000-7f55a4000000 ---p 00000000 00:00 0 
7f55a4000000-7f55a4021000 rw-p 00000000 00:00 0 
7f55a4021000-7f55a8000000 ---p 00000000 00:00 0 
7f55a8000000-7f55a8021000 rw-p 00000000 00:00 0 
7f55a8021000-7f55ac000000 ---p 00000000 00:00 0 
7f55ac000000-7f55ac021000 rw-p 00000000 00:00 0 
7f55ac021000-7f55b0000000 ---p 00000000 00:00 0 
7f55b0000000-7f55b0021000 rw-p 00000000 00:00 0 
7f55b0021000-7f55b4000000 ---p 00000000 00:00 0 
7f55b4000000-7f55b4021000 rw-p 00000000 00:00 0 
7f55b4021000-7f55b8000000 ---p 00000000 00:00 0 
7f55b8000000-7f55b8290000 rw-p 00000000 00:00 0 
7f55b8290000-7f55b8400000 ---p 00000000 00:00 0 
7f55b8400000-7f55b8620000 rw-p 00000000 00:00 0 
7f55b8620000-7f55bc000000 ---p 00000000 00:00 0 
7f55bc000000-7f55bc021000 rw-p 00000000 00:00 0 
7f55bc021000-7f55c0000000 ---p 00000000 00:00 0 
7f55c0004000-7f55c0007000 r--p 00000000 08:02 10356794                   /usr/lib/x86_64-linux-gnu/libsasl2.so.2.0.25
7f55c0007000-7f55c0018000 r-xp 00003000 08:02 10356794                   /usr/lib/x86_64-linux-gnu/libsasl2.so.2.0.25
7f55c0018000-7f55c001d000 r--p 00014000 08:02 10356794                   /usr/lib/x86_64-linux-gnu/libsasl2.so.2.0.25
7f55c001d000-7f55c001e000 r--p 00018000 08:02 10356794                   /usr/lib/x86_64-linux-gnu/libsasl2.so.2.0.25
7f55c001e000-7f55c001f000 rw-p 00019000 08:02 10356794                   /usr/lib/x86_64-linux-gnu/libsasl2.so.2.0.25
7f55c001f000-7f55c0023000 r--p 00000000 08:02 10357711                   /usr/lib/x86_64-linux-gnu/libk5crypto.so.3.1
7f55c0023000-7f55c003e000 r-xp 00004000 08:02 10357711                   /usr/lib/x86_64-linux-gnu/libk5crypto.so.3.1
7f55c003e000-7f55c004a000 r--p 0001f000 08:02 10357711                   /usr/lib/x86_64-linux-gnu/libk5crypto.so.3.1
7f55c004a000-7f55c004b000 ---p 0002b000 08:02 10357711                   /usr/lib/x86_64-linux-gnu/libk5crypto.so.3.1
7f55c004b000-7f55c004c000 r--p 0002b000 08:02 10357711                   /usr/lib/x86_64-linux-gnu/libk5crypto.so.3.1
7f55c004c000-7f55c004d000 rw-p 0002c000 08:02 10357711                   /usr/lib/x86_64-linux-gnu/libk5crypto.so.3.1
7f55c004d000-7f55c004e000 rw-p 00000000 00:00 0 
7f55c004e000-7f55c006f000 r--p 00000000 08:02 10356892                   /usr/lib/x86_64-linux-gnu/libkrb5.so.3.3
7f55c006f000-7f55c00cc000 r-xp 00021000 08:02 10356892                   /usr/lib/x86_64-linux-gnu/libkrb5.so.3.3
7f55c00cc000-7f55c0109000 r--p 0007e000 08:02 10356892                   /usr/lib/x86_64-linux-gnu/libkrb5.so.3.3
7f55c0109000-7f55c010a000 ---p 000bb000 08:02 10356892                   /usr/lib/x86_64-linux-gnu/libkrb5.so.3.3
7f55c010a000-7f55c0117000 r--p 000bb000 08:02 10356892                   /usr/lib/x86_64-linux-gnu/libkrb5.so.3.3
7f55c0117000-7f55c0119000 rw-p 000c8000 08:02 10356892                   /usr/lib/x86_64-linux-gnu/libkrb5.so.3.3
7f55c0119000-7f55c011c000 r--p 00000000 08:02 10361751                   /usr/lib/x86_64-linux-gnu/libtasn1.so.6.6.2
7f55c011c000-7f55c012a000 r-xp 00003000 08:02 10361751                   /usr/lib/x86_64-linux-gnu/libtasn1.so.6.6.2
7f55c012a000-7f55c012e000 r--p 00011000 08:02 10361751                   /usr/lib/x86_64-linux-gnu/libtasn1.so.6.6.2
7f55c012e000-7f55c012f000 ---p 00015000 08:02 10361751                   /usr/lib/x86_64-linux-gnu/libtasn1.so.6.6.2
7f55c012f000-7f55c0130000 r--p 00015000 08:02 10361751                   /usr/lib/x86_64-linux-gnu/libtasn1.so.6.6.2
7f55c0130000-7f55c0131000 rw-p 00016000 08:02 10361751                   /usr/lib/x86_64-linux-gnu/libtasn1.so.6.6.2
7f55c0131000-7f55c013b000 r--p 00000000 08:02 10357741                   /usr/lib/x86_64-linux-gnu/libgmp.so.10.4.1
7f55c013b000-7f55c019a000 r-xp 0000a000 08:02 10357741                   /usr/lib/x86_64-linux-gnu/libgmp.so.10.4.1
7f55c019a000-7f55c01b1000 r--p 00069000 08:02 10357741                   /usr/lib/x86_64-linux-gnu/libgmp.so.10.4.1
7f55c01b1000-7f55c01b2000 r--p 0007f000 08:02 10357741                   /usr/lib/x86_64-linux-gnu/libgmp.so.10.4.1
7f55c01b2000-7f55c01b3000 rw-p 00080000 08:02 10357741                   /usr/lib/x86_64-linux-gnu/libgmp.so.10.4.1
7f55c01b3000-7f55c01bb000 r--p 00000000 08:02 10360657                   /usr/lib/x86_64-linux-gnu/libhogweed.so.6.4
7f55c01bb000-7f55c01ce000 r-xp 00008000 08:02 10360657                   /usr/lib/x86_64-linux-gnu/libhogweed.so.6.4
7f55c01ce000-7f55c01f8000 r--p 0001b000 08:02 10360657                   /usr/lib/x86_64-linux-gnu/libhogweed.so.6.4
7f55c01f8000-7f55c01f9000 ---p 00045000 08:02 10360657                   /usr/lib/x86_64-linux-gnu/libhogweed.so.6.4
7f55c01f9000-7f55c01fa000 r--p 00045000 08:02 10360657                   /usr/lib/x86_64-linux-gnu/libhogweed.so.6.4
7f55c01fa000-7f55c01fb000 rw-p 00046000 08:02 10360657                   /usr/lib/x86_64-linux-gnu/libhogweed.so.6.4
7f55c01fb000-7f55c020c000 r--p 00000000 08:02 10360661                   /usr/lib/x86_64-linux-gnu/libunistring.so.2.2.0
7f55c020c000-7f55c0242000 r-xp 00011000 08:02 10360661                   /usr/lib/x86_64-linux-gnu/libunistring.so.2.2.0
7f55c0242000-7f55c03a0000 r--p 00047000 08:02 10360661                   /usr/lib/x86_64-linux-gnu/libunistring.so.2.2.0
7f55c03a0000-7f55c03a4000 r--p 001a5000 08:02 10360661                   /usr/lib/x86_64-linux-gnu/libunistring.so.2.2.0
7f55c03a4000-7f55c03a5000 rw-p 001a9000 08:02 10360661                   /usr/lib/x86_64-linux-gnu/libunistring.so.2.2.0
7f55c03a5000-7f55c03a8000 r--p 00000000 08:02 10355303                   /usr/lib/x86_64-linux-gnu/liblber-2.5.so.0.1.9
7f55c03a8000-7f55c03b0000 r-xp 00003000 08:02 10355303                   /usr/lib/x86_64-linux-gnu/liblber-2.5.so.0.1.9
7f55c03b0000-7f55c03b3000 r--p 0000b000 08:02 10355303                   /usr/lib/x86_64-linux-gnu/liblber-2.5.so.0.1.9
7f55c03b3000-7f55c03b4000 ---p 0000e000 08:02 10355303                   /usr/lib/x86_64-linux-gnu/liblber-2.5.so.0.1.9
7f55c03b4000-7f55c03b5000 r--p 0000e000 08:02 10355303                   /usr/lib/x86_64-linux-gnu/liblber-2.5.so.0.1.9
7f55c03b5000-7f55c03b6000 rw-p 0000f000 08:02 10355303                   /usr/lib/x86_64-linux-gnu/liblber-2.5.so.0.1.9
7f55c03b6000-7f55c03c4000 r--p 00000000 08:02 10362052                   /usr/lib/x86_64-linux-gnu/libldap-2.5.so.0.1.9
7f55c03c4000-7f55c03fe000 r-xp 0000e000 08:02 10362052                   /usr/lib/x86_64-linux-gnu/libldap-2.5.so.0.1.9
7f55c03fe000-7f55c040f000 r--p 00048000 08:02 10362052                   /usr/lib/x86_64-linux-gnu/libldap-2.5.so.0.1.9
7f55c040f000-7f55c0410000 ---p 00059000 08:02 10362052                   /usr/lib/x86_64-linux-gnu/libldap-2.5.so.0.1.9
7f55c0410000-7f55c0412000 r--p 00059000 08:02 10362052                   /usr/lib/x86_64-linux-gnu/libldap-2.5.so.0.1.9
7f55c0412000-7f55c0413000 rw-p 0005b000 08:02 10362052                   /usr/lib/x86_64-linux-gnu/libldap-2.5.so.0.1.9
7f55c0413000-7f55c0415000 rw-p 00000000 00:00 0 
7f55c0415000-7f55c0446000 r--p 00000000 08:02 10357230                   /usr/lib/x86_64-linux-gnu/libgnutls.so.30.31.0
7f55c0446000-7f55c056f000 r-xp 00031000 08:02 10357230                   /usr/lib/x86_64-linux-gnu/libgnutls.so.30.31.0
7f55c056f000-7f55c05ec000 r--p 0015a000 08:02 10357230                   /usr/lib/x86_64-linux-gnu/libgnutls.so.30.31.0
7f55c05ec000-7f55c05fc000 r--p 001d6000 08:02 10357230                   /usr/lib/x86_64-linux-gnu/libgnutls.so.30.31.0
7f55c05fc000-7f55c05fe000 rw-p 001e6000 08:02 10357230                   /usr/lib/x86_64-linux-gnu/libgnutls.so.30.31.0
7f55c05fe000-7f55c0600000 rw-p 00000000 00:00 0 
7f55c0600000-7f55c0678000 r--p 00000000 08:02 10366481                   /usr/lib/x86_64-linux-gnu/libgeos.so.3.10.2
7f55c0678000-7f55c07a6000 r-xp 00078000 08:02 10366481                   /usr/lib/x86_64-linux-gnu/libgeos.so.3.10.2
7f55c07a6000-7f55c0803000 r--p 001a6000 08:02 10366481                   /usr/lib/x86_64-linux-gnu/libgeos.so.3.10.2
7f55c0803000-7f55c080a000 r--p 00202000 08:02 10366481                   /usr/lib/x86_64-linux-gnu/libgeos.so.3.10.2
7f55c080a000-7f55c080b000 rw-p 00209000 08:02 10366481                   /usr/lib/x86_64-linux-gnu/libgeos.so.3.10.2
7f55c080b000-7f55c080e000 r--p 00000000 08:02 10355637                   /usr/lib/x86_64-linux-gnu/libkrb5support.so.0.1
7f55c080e000-7f55c0814000 r-xp 00003000 08:02 10355637                   /usr/lib/x86_64-linux-gnu/libkrb5support.so.0.1
7f55c0814000-7f55c0816000 r--p 00009000 08:02 10355637                   /usr/lib/x86_64-linux-gnu/libkrb5support.so.0.1
7f55c0816000-7f55c0817000 ---p 0000b000 08:02 10355637                   /usr/lib/x86_64-linux-gnu/libkrb5support.so.0.1
7f55c0817000-7f55c0818000 r--p 0000b000 08:02 10355637                   /usr/lib/x86_64-linux-gnu/libkrb5support.so.0.1
7f55c0818000-7f55c0819000 rw-p 0000c000 08:02 10355637                   /usr/lib/x86_64-linux-gnu/libkrb5support.so.0.1
7f55c0819000-7f55c0824000 r--p 00000000 08:02 10357451                   /usr/lib/x86_64-linux-gnu/libgssapi_krb5.so.2.2
7f55c0824000-7f55c085c000 r-xp 0000b000 08:02 10357451                   /usr/lib/x86_64-linux-gnu/libgssapi_krb5.so.2.2
7f55c085c000-7f55c0868000 r--p 00043000 08:02 10357451                   /usr/lib/x86_64-linux-gnu/libgssapi_krb5.so.2.2
7f55c0868000-7f55c0869000 ---p 0004f000 08:02 10357451                   /usr/lib/x86_64-linux-gnu/libgssapi_krb5.so.2.2
7f55c0869000-7f55c086b000 r--p 0004f000 08:02 10357451                   /usr/lib/x86_64-linux-gnu/libgssapi_krb5.so.2.2
7f55c086b000-7f55c086d000 rw-p 00051000 08:02 10357451                   /usr/lib/x86_64-linux-gnu/libgssapi_krb5.so.2.2
7f55c086d000-7f55c0877000 r--p 00000000 08:02 10355057                   /usr/lib/x86_64-linux-gnu/libnettle.so.8.4
7f55c0877000-7f55c089a000 r-xp 0000a000 08:02 10355057                   /usr/lib/x86_64-linux-gnu/libnettle.so.8.4
7f55c089a000-7f55c08b0000 r--p 0002d000 08:02 10355057                   /usr/lib/x86_64-linux-gnu/libnettle.so.8.4
7f55c08b0000-7f55c08b2000 r--p 00042000 08:02 10355057                   /usr/lib/x86_64-linux-gnu/libnettle.so.8.4
7f55c08b2000-7f55c08b3000 rw-p 00044000 08:02 10355057                   /usr/lib/x86_64-linux-gnu/libnettle.so.8.4
7f55c08b3000-7f55c08d1000 r--p 00000000 08:02 10355997                   /usr/lib/x86_64-linux-gnu/libsqlite3.so.0.8.6
7f55c08d1000-7f55c09bd000 r-xp 0001e000 08:02 10355997                   /usr/lib/x86_64-linux-gnu/libsqlite3.so.0.8.6
7f55c09bd000-7f55c09f8000 r--p 0010a000 08:02 10355997                   /usr/lib/x86_64-linux-gnu/libsqlite3.so.0.8.6
7f55c09f8000-7f55c09fc000 r--p 00144000 08:02 10355997                   /usr/lib/x86_64-linux-gnu/libsqlite3.so.0.8.6
7f55c09fc000-7f55c0a00000 rw-p 00148000 08:02 10355997                   /usr/lib/x86_64-linux-gnu/libsqlite3.so.0.8.6
7f55c0a00000-7f55c0a5b000 r--p 00000000 08:02 10360429                   /usr/lib/x86_64-linux-gnu/libgsl.so.27.0.0
7f55c0a5b000-7f55c0c32000 r-xp 0005b000 08:02 10360429                   /usr/lib/x86_64-linux-gnu/libgsl.so.27.0.0
7f55c0c32000-7f55c0cab000 r--p 00232000 08:02 10360429                   /usr/lib/x86_64-linux-gnu/libgsl.so.27.0.0
7f55c0cab000-7f55c0cac000 ---p 002ab000 08:02 10360429                   /usr/lib/x86_64-linux-gnu/libgsl.so.27.0.0
7f55c0cac000-7f55c0cb0000 r--p 002ab000 08:02 10360429                   /usr/lib/x86_64-linux-gnu/libgsl.so.27.0.0
7f55c0cb0000-7f55c0cbe000 rw-p 002af000 08:02 10360429                   /usr/lib/x86_64-linux-gnu/libgsl.so.27.0.0
7f55c0cbe000-7f55c0cbf000 rw-p 00000000 00:00 0 
7f55c0cc4000-7f55c0cd1000 r--p 00000000 08:02 10355513                   /usr/lib/x86_64-linux-gnu/libssh.so.4.8.7
7f55c0cd1000-7f55c0d14000 r-xp 0000d000 08:02 10355513                   /usr/lib/x86_64-linux-gnu/libssh.so.4.8.7
7f55c0d14000-7f55c0d2c000 r--p 00050000 08:02 10355513                   /usr/lib/x86_64-linux-gnu/libssh.so.4.8.7
7f55c0d2c000-7f55c0d2d000 ---p 00068000 08:02 10355513                   /usr/lib/x86_64-linux-gnu/libssh.so.4.8.7
7f55c0d2d000-7f55c0d2f000 r--p 00068000 08:02 10355513                   /usr/lib/x86_64-linux-gnu/libssh.so.4.8.7
7f55c0d2f000-7f55c0d31000 rw-p 0006a000 08:02 10355513                   /usr/lib/x86_64-linux-gnu/libssh.so.4.8.7
7f55c0d31000-7f55c0d3b000 r--p 00000000 08:02 10354868                   /usr/lib/x86_64-linux-gnu/libzstd.so.1.4.8
7f55c0d3b000-7f55c0ded000 r-xp 0000a000 08:02 10354868                   /usr/lib/x86_64-linux-gnu/libzstd.so.1.4.8
7f55c0ded000-7f55c0dfe000 r--p 000bc000 08:02 10354868                   /usr/lib/x86_64-linux-gnu/libzstd.so.1.4.8
7f55c0dfe000-7f55c0dff000 r--p 000cc000 08:02 10354868                   /usr/lib/x86_64-linux-gnu/libzstd.so.1.4.8
7f55c0dff000-7f55c0e00000 rw-p 000cd000 08:02 10354868                   /usr/lib/x86_64-linux-gnu/libzstd.so.1.4.8
7f55c0e00000-7f55c0e68000 r--p 00000000 08:02 10358220                   /usr/lib/x86_64-linux-gnu/libproj.so.22.2.1
7f55c0e68000-7f55c10b7000 r-xp 00068000 08:02 10358220                   /usr/lib/x86_64-linux-gnu/libproj.so.22.2.1
7f55c10b7000-7f55c114c000 r--p 002b7000 08:02 10358220                   /usr/lib/x86_64-linux-gnu/libproj.so.22.2.1
7f55c114c000-7f55c114d000 ---p 0034c000 08:02 10358220                   /usr/lib/x86_64-linux-gnu/libproj.so.22.2.1
7f55c114d000-7f55c1164000 r--p 0034c000 08:02 10358220                   /usr/lib/x86_64-linux-gnu/libproj.so.22.2.1
7f55c1164000-7f55c1166000 rw-p 00363000 08:02 10358220                   /usr/lib/x86_64-linux-gnu/libproj.so.22.2.1
7f55c1166000-7f55c1169000 rw-p 00000000 00:00 0 
7f55c1170000-7f55c1172000 r--p 00000000 08:02 10361325                   /usr/lib/x86_64-linux-gnu/libidn2.so.0.3.7
7f55c1172000-7f55c1176000 r-xp 00002000 08:02 10361325                   /usr/lib/x86_64-linux-gnu/libidn2.so.0.3.7
7f55c1176000-7f55c118f000 r--p 00006000 08:02 10361325                   /usr/lib/x86_64-linux-gnu/libidn2.so.0.3.7
7f55c118f000-7f55c1190000 r--p 0001e000 08:02 10361325                   /usr/lib/x86_64-linux-gnu/libidn2.so.0.3.7
7f55c1190000-7f55c1191000 rw-p 0001f000 08:02 10361325                   /usr/lib/x86_64-linux-gnu/libidn2.so.0.3.7
7f55c1191000-7f55c1195000 r--p 00000000 08:02 10355582                   /usr/lib/x86_64-linux-gnu/libjpeg.so.8.2.2
7f55c1195000-7f55c11de000 r-xp 00004000 08:02 10355582                   /usr/lib/x86_64-linux-gnu/libjpeg.so.8.2.2
7f55c11de000-7f55c1210000 r--p 0004d000 08:02 10355582                   /usr/lib/x86_64-linux-gnu/libjpeg.so.8.2.2
7f55c1210000-7f55c1211000 r--p 0007e000 08:02 10355582                   /usr/lib/x86_64-linux-gnu/libjpeg.so.8.2.2
7f55c1211000-7f55c1212000 rw-p 0007f000 08:02 10355582                   /usr/lib/x86_64-linux-gnu/libjpeg.so.8.2.2
7f55c1212000-7f55c1214000 r--p 00000000 08:02 10358223                   /usr/lib/x86_64-linux-gnu/libwebp.so.7.1.3
7f55c1214000-7f55c1269000 r-xp 00002000 08:02 10358223                   /usr/lib/x86_64-linux-gnu/libwebp.so.7.1.3
7f55c1269000-7f55c127a000 r--p 00057000 08:02 10358223                   /usr/lib/x86_64-linux-gnu/libwebp.so.7.1.3
7f55c127a000-7f55c127b000 r--p 00067000 08:02 10358223                   /usr/lib/x86_64-linux-gnu/libwebp.so.7.1.3
7f55c127b000-7f55c127c000 rw-p 00068000 08:02 10358223                   /usr/lib/x86_64-linux-gnu/libwebp.so.7.1.3
7f55c127c000-7f55c127e000 rw-p 00000000 00:00 0 
7f55c127e000-7f55c12b4000 r--p 00000000 08:02 11142841                   /usr/local/lib/libmeos.so
7f55c12b4000-7f55c13a8000 r-xp 00036000 08:02 11142841                   /usr/local/lib/libmeos.so
7f55c13a8000-7f55c13f3000 r--p 0012a000 08:02 11142841                   /usr/local/lib/libmeos.so
7f55c13f3000-7f55c13f4000 ---p 00175000 08:02 11142841                   /usr/local/lib/libmeos.so
7f55c13f4000-7f55c13f5000 r--p 00175000 08:02 11142841                   /usr/local/lib/libmeos.so
7f55c13f5000-7f55c13fa000 rw-p 00176000 08:02 11142841                   /usr/local/lib/libmeos.so
7f55c13fa000-7f55c1400000 rw-p 00000000 00:00 0 
7f55c1400000-7f55c1412000 r-xp 00000000 08:02 1705150                    /tmp/jffi8978123118996818507.so (deleted)
7f55c1412000-7f55c1611000 ---p 00012000 08:02 1705150                    /tmp/jffi8978123118996818507.so (deleted)
7f55c1611000-7f55c1612000 rw-p 00011000 08:02 1705150                    /tmp/jffi8978123118996818507.so (deleted)
7f55c1613000-7f55c1618000 r--p 00000000 08:02 10355338                   /usr/lib/x86_64-linux-gnu/librtmp.so.1
7f55c1618000-7f55c1628000 r-xp 00005000 08:02 10355338                   /usr/lib/x86_64-linux-gnu/librtmp.so.1
7f55c1628000-7f55c162f000 r--p 00015000 08:02 10355338                   /usr/lib/x86_64-linux-gnu/librtmp.so.1
7f55c162f000-7f55c1630000 ---p 0001c000 08:02 10355338                   /usr/lib/x86_64-linux-gnu/librtmp.so.1
7f55c1630000-7f55c1631000 r--p 0001c000 08:02 10355338                   /usr/lib/x86_64-linux-gnu/librtmp.so.1
7f55c1631000-7f55c1632000 rw-p 0001d000 08:02 10355338                   /usr/lib/x86_64-linux-gnu/librtmp.so.1
7f55c1632000-7f55c1637000 r--p 00000000 08:02 10354889                   /usr/lib/x86_64-linux-gnu/libnghttp2.so.14.20.1
7f55c1637000-7f55c164c000 r-xp 00005000 08:02 10354889                   /usr/lib/x86_64-linux-gnu/libnghttp2.so.14.20.1
7f55c164c000-7f55c1658000 r--p 0001a000 08:02 10354889                   /usr/lib/x86_64-linux-gnu/libnghttp2.so.14.20.1
7f55c1658000-7f55c165b000 r--p 00025000 08:02 10354889                   /usr/lib/x86_64-linux-gnu/libnghttp2.so.14.20.1
7f55c165b000-7f55c165c000 rw-p 00028000 08:02 10354889                   /usr/lib/x86_64-linux-gnu/libnghttp2.so.14.20.1
7f55c165c000-7f55c166a000 r--p 00000000 08:02 10355046                   /usr/lib/x86_64-linux-gnu/libcurl-gnutls.so.4.7.0
7f55c166a000-7f55c16dc000 r-xp 0000e000 08:02 10355046                   /usr/lib/x86_64-linux-gnu/libcurl-gnutls.so.4.7.0
7f55c16dc000-7f55c16f7000 r--p 00080000 08:02 10355046                   /usr/lib/x86_64-linux-gnu/libcurl-gnutls.so.4.7.0
7f55c16f7000-7f55c16fb000 r--p 0009a000 08:02 10355046                   /usr/lib/x86_64-linux-gnu/libcurl-gnutls.so.4.7.0
7f55c16fb000-7f55c16fd000 rw-p 0009e000 08:02 10355046                   /usr/lib/x86_64-linux-gnu/libcurl-gnutls.so.4.7.0
7f55c16fd000-7f55c16fe000 rw-p 00000000 00:00 0 
7f55c16fe000-7f55c1702000 ---p 00000000 00:00 0 
7f55c1702000-7f55c17fe000 rw-p 00000000 00:00 0 
7f55c17fe000-7f55c17ff000 ---p 00000000 00:00 0 
7f55c17ff000-7f55c1900000 rw-p 00000000 00:00 0 
7f55c1900000-7f55c1904000 ---p 00000000 00:00 0 
7f55c1904000-7f55c1a00000 rw-p 00000000 00:00 0 
7f55c1a00000-7f55c1a04000 ---p 00000000 00:00 0 
7f55c1a04000-7f55c1b00000 rw-p 00000000 00:00 0 
7f55c1b00000-7f55c1b04000 ---p 00000000 00:00 0 
7f55c1b04000-7f55c1c00000 rw-p 00000000 00:00 0 
7f55c1c00000-7f55c1c04000 ---p 00000000 00:00 0 
7f55c1c04000-7f55c1d00000 rw-p 00000000 00:00 0 
7f55c1d00000-7f55c1d04000 ---p 00000000 00:00 0 
7f55c1d04000-7f55c1e00000 rw-p 00000000 00:00 0 
7f55c1e00000-7f55c1e04000 ---p 00000000 00:00 0 
7f55c1e04000-7f55c1f00000 rw-p 00000000 00:00 0 
7f55c1f00000-7f55c1f04000 ---p 00000000 00:00 0 
7f55c1f04000-7f55c4000000 rw-p 00000000 00:00 0 
7f55c4000000-7f55c4021000 rw-p 00000000 00:00 0 
7f55c4021000-7f55c8000000 ---p 00000000 00:00 0 
7f55c8000000-7f55c8021000 rw-p 00000000 00:00 0 
7f55c8021000-7f55cc000000 ---p 00000000 00:00 0 
7f55cc000000-7f55cc021000 rw-p 00000000 00:00 0 
7f55cc021000-7f55d0000000 ---p 00000000 00:00 0 
7f55d0000000-7f55d0004000 ---p 00000000 00:00 0 
7f55d0004000-7f55d0100000 rw-p 00000000 00:00 0 
7f55d0100000-7f55d0104000 ---p 00000000 00:00 0 
7f55d0104000-7f55d0200000 rw-p 00000000 00:00 0 
7f55d0200000-7f55d09f0000 r--p 00000000 08:02 10356383                   /usr/lib/locale/locale-archive
7f55d09fc000-7f55d09fd000 r--p 00000000 08:02 10355584                   /usr/lib/x86_64-linux-gnu/libdeflate.so.0
7f55d09fd000-7f55d0a19000 r-xp 00001000 08:02 10355584                   /usr/lib/x86_64-linux-gnu/libdeflate.so.0
7f55d0a19000-7f55d0a1d000 r--p 0001d000 08:02 10355584                   /usr/lib/x86_64-linux-gnu/libdeflate.so.0
7f55d0a1d000-7f55d0a1e000 ---p 00021000 08:02 10355584                   /usr/lib/x86_64-linux-gnu/libdeflate.so.0
7f55d0a1e000-7f55d0a1f000 r--p 00021000 08:02 10355584                   /usr/lib/x86_64-linux-gnu/libdeflate.so.0
7f55d0a1f000-7f55d0a20000 rw-p 00022000 08:02 10355584                   /usr/lib/x86_64-linux-gnu/libdeflate.so.0
7f55d0a20000-7f55d0a23000 r--p 00000000 08:02 10359160                   /usr/lib/x86_64-linux-gnu/liblzma.so.5.2.5
7f55d0a23000-7f55d0a3e000 r-xp 00003000 08:02 10359160                   /usr/lib/x86_64-linux-gnu/liblzma.so.5.2.5
7f55d0a3e000-7f55d0a49000 r--p 0001e000 08:02 10359160                   /usr/lib/x86_64-linux-gnu/liblzma.so.5.2.5
7f55d0a49000-7f55d0a4a000 r--p 00028000 08:02 10359160                   /usr/lib/x86_64-linux-gnu/liblzma.so.5.2.5
7f55d0a4a000-7f55d0a4b000 rw-p 00029000 08:02 10359160                   /usr/lib/x86_64-linux-gnu/liblzma.so.5.2.5
7f55d0a4b000-7f55d0a53000 r--p 00000000 08:02 10358811                   /usr/lib/x86_64-linux-gnu/libtiff.so.5.7.0
7f55d0a53000-7f55d0a9b000 r-xp 00008000 08:02 10358811                   /usr/lib/x86_64-linux-gnu/libtiff.so.5.7.0
7f55d0a9b000-7f55d0acb000 r--p 00050000 08:02 10358811                   /usr/lib/x86_64-linux-gnu/libtiff.so.5.7.0
7f55d0acb000-7f55d0ad0000 r--p 0007f000 08:02 10358811                   /usr/lib/x86_64-linux-gnu/libtiff.so.5.7.0
7f55d0ad0000-7f55d0ad1000 rw-p 00084000 08:02 10358811                   /usr/lib/x86_64-linux-gnu/libtiff.so.5.7.0
7f55d0ad1000-7f55d0ad5000 ---p 00000000 00:00 0 
7f55d0ad5000-7f55d0bd1000 rw-p 00000000 00:00 0 
7f55d0bd1000-7f55d0bd5000 ---p 00000000 00:00 0 
7f55d0bd5000-7f55d0cd1000 rw-p 00000000 00:00 0 
7f55d0cd1000-7f55d0cd2000 ---p 00000000 00:00 0 
7f55d0cd2000-7f55d0dd3000 rw-p 00000000 00:00 0 
7f55d0dd3000-7f55d0dd8000 r--p 00000000 08:02 10491564                   /usr/lib/jvm/java-17-openjdk-amd64/lib/libjsvml.so
7f55d0dd8000-7f55d0e19000 r-xp 00005000 08:02 10491564                   /usr/lib/jvm/java-17-openjdk-amd64/lib/libjsvml.so
7f55d0e19000-7f55d0ea2000 r--p 00046000 08:02 10491564                   /usr/lib/jvm/java-17-openjdk-amd64/lib/libjsvml.so
7f55d0ea2000-7f55d0ea3000 r--p 000ce000 08:02 10491564                   /usr/lib/jvm/java-17-openjdk-amd64/lib/libjsvml.so
7f55d0ea3000-7f55d0ea4000 rw-p 000cf000 08:02 10491564                   /usr/lib/jvm/java-17-openjdk-amd64/lib/libjsvml.so
7f55d0ea4000-7f55d0ea5000 ---p 00000000 00:00 0 
7f55d0ea5000-7f55d0fa6000 rw-p 00000000 00:00 0 
7f55d0fa6000-7f55d0fa7000 ---p 00000000 00:00 0 
7f55d0fa7000-7f55d14ac000 rw-p 00000000 00:00 0 
7f55d14ac000-7f55d14ad000 ---p 00000000 00:00 0 
7f55d14ad000-7f55d15ae000 rw-p 00000000 00:00 0 
7f55d15ae000-7f55d15af000 ---p 00000000 00:00 0 
7f55d15af000-7f55d18a0000 rw-p 00000000 00:00 0 
7f55d18a0000-7f55d3550000 ---p 00000000 00:00 0 
7f55d3550000-7f55d3748000 rw-p 00000000 00:00 0 
7f55d3748000-7f55d53f8000 ---p 00000000 00:00 0 
7f55d53f8000-7f55d5400000 rw-p 00000000 00:00 0 
7f55d5400000-7f55d5670000 rwxp 00000000 00:00 0 
7f55d5670000-7f55dc937000 ---p 00000000 00:00 0 
7f55dc937000-7f55dcba7000 rwxp 00000000 00:00 0 
7f55dcba7000-7f55dcec8000 ---p 00000000 00:00 0 
7f55dcec8000-7f55dd138000 rwxp 00000000 00:00 0 
7f55dd138000-7f55e4400000 ---p 00000000 00:00 0 
7f55e4400000-7f55ebe43000 r--s 00000000 08:02 10491594                   /usr/lib/jvm/java-17-openjdk-amd64/lib/modules
7f55ebe45000-7f55ebe47000 r--p 00000000 08:02 10361503                   /usr/lib/x86_64-linux-gnu/libpsl.so.5.3.2
7f55ebe47000-7f55ebe49000 r-xp 00002000 08:02 10361503                   /usr/lib/x86_64-linux-gnu/libpsl.so.5.3.2
7f55ebe49000-7f55ebe57000 r--p 00004000 08:02 10361503                   /usr/lib/x86_64-linux-gnu/libpsl.so.5.3.2
7f55ebe57000-7f55ebe58000 r--p 00011000 08:02 10361503                   /usr/lib/x86_64-linux-gnu/libpsl.so.5.3.2
7f55ebe58000-7f55ebe59000 rw-p 00012000 08:02 10361503                   /usr/lib/x86_64-linux-gnu/libpsl.so.5.3.2
7f55ebe59000-7f55ebe5b000 r--p 00000000 08:02 10355587                   /usr/lib/x86_64-linux-gnu/libjbig.so.0
7f55ebe5b000-7f55ebe64000 r-xp 00002000 08:02 10355587                   /usr/lib/x86_64-linux-gnu/libjbig.so.0
7f55ebe64000-7f55ebe66000 r--p 0000b000 08:02 10355587                   /usr/lib/x86_64-linux-gnu/libjbig.so.0
7f55ebe66000-7f55ebe67000 r--p 0000c000 08:02 10355587                   /usr/lib/x86_64-linux-gnu/libjbig.so.0
7f55ebe67000-7f55ebe6a000 rw-p 0000d000 08:02 10355587                   /usr/lib/x86_64-linux-gnu/libjbig.so.0
7f55ebe6a000-7f55ebe6d000 r--p 00000000 08:02 10360435                   /usr/lib/x86_64-linux-gnu/libgslcblas.so.0.0.0
7f55ebe6d000-7f55ebea6000 r-xp 00003000 08:02 10360435                   /usr/lib/x86_64-linux-gnu/libgslcblas.so.0.0.0
7f55ebea6000-7f55ebeaa000 r--p 0003c000 08:02 10360435                   /usr/lib/x86_64-linux-gnu/libgslcblas.so.0.0.0
7f55ebeaa000-7f55ebeab000 r--p 0003f000 08:02 10360435                   /usr/lib/x86_64-linux-gnu/libgslcblas.so.0.0.0
7f55ebeab000-7f55ebeac000 rw-p 00040000 08:02 10360435                   /usr/lib/x86_64-linux-gnu/libgslcblas.so.0.0.0
7f55ebeac000-7f55ebebb000 r--p 00000000 08:02 10366483                   /usr/lib/x86_64-linux-gnu/libgeos_c.so.1.16.0
7f55ebebb000-7f55ebedb000 r-xp 0000f000 08:02 10366483                   /usr/lib/x86_64-linux-gnu/libgeos_c.so.1.16.0
7f55ebedb000-7f55ebee8000 r--p 0002f000 08:02 10366483                   /usr/lib/x86_64-linux-gnu/libgeos_c.so.1.16.0
7f55ebee8000-7f55ebee9000 ---p 0003c000 08:02 10366483                   /usr/lib/x86_64-linux-gnu/libgeos_c.so.1.16.0
7f55ebee9000-7f55ebeea000 r--p 0003c000 08:02 10366483                   /usr/lib/x86_64-linux-gnu/libgeos_c.so.1.16.0
7f55ebeea000-7f55ebeeb000 rw-p 0003d000 08:02 10366483                   /usr/lib/x86_64-linux-gnu/libgeos_c.so.1.16.0
7f55ebeeb000-7f55ebeef000 r--p 00000000 08:02 10355662                   /usr/lib/x86_64-linux-gnu/libjson-c.so.5.1.0
7f55ebeef000-7f55ebef8000 r-xp 00004000 08:02 10355662                   /usr/lib/x86_64-linux-gnu/libjson-c.so.5.1.0
7f55ebef8000-7f55ebefb000 r--p 0000d000 08:02 10355662                   /usr/lib/x86_64-linux-gnu/libjson-c.so.5.1.0
7f55ebefb000-7f55ebefc000 ---p 00010000 08:02 10355662                   /usr/lib/x86_64-linux-gnu/libjson-c.so.5.1.0
7f55ebefc000-7f55ebefd000 r--p 00010000 08:02 10355662                   /usr/lib/x86_64-linux-gnu/libjson-c.so.5.1.0
7f55ebefd000-7f55ebefe000 rw-p 00011000 08:02 10355662                   /usr/lib/x86_64-linux-gnu/libjson-c.so.5.1.0
7f55ebefe000-7f55ebeff000 ---p 00000000 00:00 0 
7f55ebeff000-7f55ec000000 rw-p 00000000 00:00 0 
7f55ec000000-7f55ec50f000 rw-p 00000000 00:00 0 
7f55ec50f000-7f55f0000000 ---p 00000000 00:00 0 
7f55f0002000-7f55f0003000 r--p 00000000 08:02 10355683                   /usr/lib/x86_64-linux-gnu/libbrotlidec.so.1.0.9
7f55f0003000-7f55f000b000 r-xp 00001000 08:02 10355683                   /usr/lib/x86_64-linux-gnu/libbrotlidec.so.1.0.9
7f55f000b000-7f55f000e000 r--p 00009000 08:02 10355683                   /usr/lib/x86_64-linux-gnu/libbrotlidec.so.1.0.9
7f55f000e000-7f55f000f000 r--p 0000b000 08:02 10355683                   /usr/lib/x86_64-linux-gnu/libbrotlidec.so.1.0.9
7f55f000f000-7f55f0010000 rw-p 0000c000 08:02 10355683                   /usr/lib/x86_64-linux-gnu/libbrotlidec.so.1.0.9
7f55f0026000-7f55f00e5000 rw-p 00000000 00:00 0 
7f55f00e5000-7f55f047b000 ---p 00000000 00:00 0 
7f55f047b000-7f55f04ba000 rw-p 00000000 00:00 0 
7f55f04ba000-7f55f0850000 ---p 00000000 00:00 0 
7f55f0850000-7f55f088f000 rw-p 00000000 00:00 0 
7f55f088f000-7f55f0c25000 ---p 00000000 00:00 0 
7f55f0c25000-7f55f102f000 rw-p 00000000 00:00 0 
7f55f102f000-7f55f1115000 ---p 00000000 00:00 0 
7f55f1115000-7f55f111a000 rw-p 00000000 00:00 0 
7f55f111a000-7f55f1200000 ---p 00000000 00:00 0 
7f55f1200000-7f55f129a000 r--p 00000000 08:02 10354705                   /usr/lib/x86_64-linux-gnu/libstdc++.so.6.0.30
7f55f129a000-7f55f13aa000 r-xp 0009a000 08:02 10354705                   /usr/lib/x86_64-linux-gnu/libstdc++.so.6.0.30
7f55f13aa000-7f55f1419000 r--p 001aa000 08:02 10354705                   /usr/lib/x86_64-linux-gnu/libstdc++.so.6.0.30
7f55f1419000-7f55f1424000 r--p 00218000 08:02 10354705                   /usr/lib/x86_64-linux-gnu/libstdc++.so.6.0.30
7f55f1424000-7f55f1427000 rw-p 00223000 08:02 10354705                   /usr/lib/x86_64-linux-gnu/libstdc++.so.6.0.30
7f55f1427000-7f55f142a000 rw-p 00000000 00:00 0 
7f55f142f000-7f55f1454000 r--p 00000000 08:02 12591460                   /usr/share/locale-langpack/fr/LC_MESSAGES/libc.mo
7f55f1454000-7f55f1458000 r--p 00000000 08:02 10491590                   /usr/lib/jvm/java-17-openjdk-amd64/lib/libverify.so
7f55f1458000-7f55f145f000 r-xp 00004000 08:02 10491590                   /usr/lib/jvm/java-17-openjdk-amd64/lib/libverify.so
7f55f145f000-7f55f1461000 r--p 0000b000 08:02 10491590                   /usr/lib/jvm/java-17-openjdk-amd64/lib/libverify.so
7f55f1461000-7f55f1463000 r--p 0000c000 08:02 10491590                   /usr/lib/jvm/java-17-openjdk-amd64/lib/libverify.so
7f55f1463000-7f55f1464000 rw-p 0000e000 08:02 10491590                   /usr/lib/jvm/java-17-openjdk-amd64/lib/libverify.so
7f55f1464000-7f55f1500000 rw-p 00000000 00:00 0 
7f55f1500000-7f55f1504000 ---p 00000000 00:00 0 
7f55f1504000-7f55f1600000 rw-p 00000000 00:00 0 
7f55f1600000-7f55f1850000 r--p 00000000 08:02 10491606                   /usr/lib/jvm/java-17-openjdk-amd64/lib/server/libjvm.so
7f55f1850000-7f55f25d4000 r-xp 00250000 08:02 10491606                   /usr/lib/jvm/java-17-openjdk-amd64/lib/server/libjvm.so
7f55f25d4000-7f55f2857000 r--p 00fd4000 08:02 10491606                   /usr/lib/jvm/java-17-openjdk-amd64/lib/server/libjvm.so
7f55f2857000-7f55f290f000 r--p 01256000 08:02 10491606                   /usr/lib/jvm/java-17-openjdk-amd64/lib/server/libjvm.so
7f55f290f000-7f55f2944000 rw-p 0130e000 08:02 10491606                   /usr/lib/jvm/java-17-openjdk-amd64/lib/server/libjvm.so
7f55f2944000-7f55f299e000 rw-p 00000000 00:00 0 
7f55f299f000-7f55f29a1000 r--p 00000000 08:02 10357718                   /usr/lib/x86_64-linux-gnu/libkeyutils.so.1.9
7f55f29a1000-7f55f29a3000 r-xp 00002000 08:02 10357718                   /usr/lib/x86_64-linux-gnu/libkeyutils.so.1.9
7f55f29a3000-7f55f29a4000 r--p 00004000 08:02 10357718                   /usr/lib/x86_64-linux-gnu/libkeyutils.so.1.9
7f55f29a4000-7f55f29a5000 r--p 00004000 08:02 10357718                   /usr/lib/x86_64-linux-gnu/libkeyutils.so.1.9
7f55f29a5000-7f55f29a6000 rw-p 00005000 08:02 10357718                   /usr/lib/x86_64-linux-gnu/libkeyutils.so.1.9
7f55f29a6000-7f55f29aa000 r--p 00000000 08:02 10491576                   /usr/lib/jvm/java-17-openjdk-amd64/lib/libnet.so
7f55f29aa000-7f55f29b8000 r-xp 00004000 08:02 10491576                   /usr/lib/jvm/java-17-openjdk-amd64/lib/libnet.so
7f55f29b8000-7f55f29bc000 r--p 00012000 08:02 10491576                   /usr/lib/jvm/java-17-openjdk-amd64/lib/libnet.so
7f55f29bc000-7f55f29bd000 r--p 00015000 08:02 10491576                   /usr/lib/jvm/java-17-openjdk-amd64/lib/libnet.so
7f55f29bd000-7f55f29be000 rw-p 00016000 08:02 10491576                   /usr/lib/jvm/java-17-openjdk-amd64/lib/libnet.so
7f55f29be000-7f55f2a00000 rw-p 00000000 00:00 0 
7f55f2a00000-7f55f2a28000 r--p 00000000 08:02 10365356                   /usr/lib/x86_64-linux-gnu/libc.so.6
7f55f2a28000-7f55f2bbd000 r-xp 00028000 08:02 10365356                   /usr/lib/x86_64-linux-gnu/libc.so.6
7f55f2bbd000-7f55f2c15000 r--p 001bd000 08:02 10365356                   /usr/lib/x86_64-linux-gnu/libc.so.6
7f55f2c15000-7f55f2c19000 r--p 00214000 08:02 10365356                   /usr/lib/x86_64-linux-gnu/libc.so.6
7f55f2c19000-7f55f2c1b000 rw-p 00218000 08:02 10365356                   /usr/lib/x86_64-linux-gnu/libc.so.6
7f55f2c1b000-7f55f2c28000 rw-p 00000000 00:00 0 
7f55f2c29000-7f55f2c2b000 r--p 00000000 08:02 10357716                   /usr/lib/x86_64-linux-gnu/libcom_err.so.2.1
7f55f2c2b000-7f55f2c2c000 r-xp 00002000 08:02 10357716                   /usr/lib/x86_64-linux-gnu/libcom_err.so.2.1
7f55f2c2c000-7f55f2c2d000 r--p 00003000 08:02 10357716                   /usr/lib/x86_64-linux-gnu/libcom_err.so.2.1
7f55f2c2d000-7f55f2c2e000 r--p 00003000 08:02 10357716                   /usr/lib/x86_64-linux-gnu/libcom_err.so.2.1
7f55f2c2e000-7f55f2c2f000 rw-p 00004000 08:02 10357716                   /usr/lib/x86_64-linux-gnu/libcom_err.so.2.1
7f55f2c2f000-7f55f2c36000 r--s 00000000 08:02 11013395                   /usr/lib/x86_64-linux-gnu/gconv/gconv-modules.cache
7f55f2c36000-7f55f2c37000 r--p 00000000 08:02 10491501                   /usr/lib/jvm/java-17-openjdk-amd64/lib/libextnet.so
7f55f2c37000-7f55f2c38000 r-xp 00001000 08:02 10491501                   /usr/lib/jvm/java-17-openjdk-amd64/lib/libextnet.so
7f55f2c38000-7f55f2c39000 r--p 00002000 08:02 10491501                   /usr/lib/jvm/java-17-openjdk-amd64/lib/libextnet.so
7f55f2c39000-7f55f2c3a000 r--p 00002000 08:02 10491501                   /usr/lib/jvm/java-17-openjdk-amd64/lib/libextnet.so
7f55f2c3a000-7f55f2c3b000 rw-p 00003000 08:02 10491501                   /usr/lib/jvm/java-17-openjdk-amd64/lib/libextnet.so
7f55f2c3b000-7f55f2c41000 r--p 00000000 08:02 10491578                   /usr/lib/jvm/java-17-openjdk-amd64/lib/libnio.so
7f55f2c41000-7f55f2c4a000 r-xp 00006000 08:02 10491578                   /usr/lib/jvm/java-17-openjdk-amd64/lib/libnio.so
7f55f2c4a000-7f55f2c4e000 r--p 0000f000 08:02 10491578                   /usr/lib/jvm/java-17-openjdk-amd64/lib/libnio.so
7f55f2c4e000-7f55f2c4f000 ---p 00013000 08:02 10491578                   /usr/lib/jvm/java-17-openjdk-amd64/lib/libnio.so
7f55f2c4f000-7f55f2c50000 r--p 00013000 08:02 10491578                   /usr/lib/jvm/java-17-openjdk-amd64/lib/libnio.so
7f55f2c50000-7f55f2c51000 rw-p 00014000 08:02 10491578                   /usr/lib/jvm/java-17-openjdk-amd64/lib/libnio.so
7f55f2c51000-7f55f2c53000 r--p 00000000 08:02 10491592                   /usr/lib/jvm/java-17-openjdk-amd64/lib/libzip.so
7f55f2c53000-7f55f2c58000 r-xp 00002000 08:02 10491592                   /usr/lib/jvm/java-17-openjdk-amd64/lib/libzip.so
7f55f2c58000-7f55f2c5a000 r--p 00007000 08:02 10491592                   /usr/lib/jvm/java-17-openjdk-amd64/lib/libzip.so
7f55f2c5a000-7f55f2c5b000 r--p 00008000 08:02 10491592                   /usr/lib/jvm/java-17-openjdk-amd64/lib/libzip.so
7f55f2c5b000-7f55f2c5c000 rw-p 00009000 08:02 10491592                   /usr/lib/jvm/java-17-openjdk-amd64/lib/libzip.so
7f55f2c5c000-7f55f2c61000 rw-p 00000000 00:00 0 
7f55f2c61000-7f55f2c68000 ---p 00000000 00:00 0 
7f55f2c68000-7f55f2c74000 r--p 00000000 08:02 10491515                   /usr/lib/jvm/java-17-openjdk-amd64/lib/libjava.so
7f55f2c74000-7f55f2c87000 r-xp 0000c000 08:02 10491515                   /usr/lib/jvm/java-17-openjdk-amd64/lib/libjava.so
7f55f2c87000-7f55f2c8d000 r--p 0001f000 08:02 10491515                   /usr/lib/jvm/java-17-openjdk-amd64/lib/libjava.so
7f55f2c8d000-7f55f2c8e000 r--p 00024000 08:02 10491515                   /usr/lib/jvm/java-17-openjdk-amd64/lib/libjava.so
7f55f2c8e000-7f55f2c8f000 rw-p 00025000 08:02 10491515                   /usr/lib/jvm/java-17-openjdk-amd64/lib/libjava.so
7f55f2c8f000-7f55f2c90000 rw-p 00000000 00:00 0 
7f55f2c90000-7f55f2c91000 r--p 00000000 08:02 10491505                   /usr/lib/jvm/java-17-openjdk-amd64/lib/libinstrument.so
7f55f2c91000-7f55f2c97000 r-xp 00001000 08:02 10491505                   /usr/lib/jvm/java-17-openjdk-amd64/lib/libinstrument.so
7f55f2c97000-7f55f2c9a000 r--p 00007000 08:02 10491505                   /usr/lib/jvm/java-17-openjdk-amd64/lib/libinstrument.so
7f55f2c9a000-7f55f2c9b000 r--p 00009000 08:02 10491505                   /usr/lib/jvm/java-17-openjdk-amd64/lib/libinstrument.so
7f55f2c9b000-7f55f2c9c000 rw-p 0000a000 08:02 10491505                   /usr/lib/jvm/java-17-openjdk-amd64/lib/libinstrument.so
7f55f2c9c000-7f55f2c9f000 r--p 00000000 08:02 10354703                   /usr/lib/x86_64-linux-gnu/libgcc_s.so.1
7f55f2c9f000-7f55f2cb6000 r-xp 00003000 08:02 10354703                   /usr/lib/x86_64-linux-gnu/libgcc_s.so.1
7f55f2cb6000-7f55f2cba000 r--p 0001a000 08:02 10354703                   /usr/lib/x86_64-linux-gnu/libgcc_s.so.1
7f55f2cba000-7f55f2cbb000 r--p 0001d000 08:02 10354703                   /usr/lib/x86_64-linux-gnu/libgcc_s.so.1
7f55f2cbb000-7f55f2cbc000 rw-p 0001e000 08:02 10354703                   /usr/lib/x86_64-linux-gnu/libgcc_s.so.1
7f55f2cbc000-7f55f2cca000 r--p 00000000 08:02 10365361                   /usr/lib/x86_64-linux-gnu/libm.so.6
7f55f2cca000-7f55f2d46000 r-xp 0000e000 08:02 10365361                   /usr/lib/x86_64-linux-gnu/libm.so.6
7f55f2d46000-7f55f2da1000 r--p 0008a000 08:02 10365361                   /usr/lib/x86_64-linux-gnu/libm.so.6
7f55f2da1000-7f55f2da2000 r--p 000e4000 08:02 10365361                   /usr/lib/x86_64-linux-gnu/libm.so.6
7f55f2da2000-7f55f2da3000 rw-p 000e5000 08:02 10365361                   /usr/lib/x86_64-linux-gnu/libm.so.6
7f55f2da3000-7f55f2da6000 rw-p 00000000 00:00 0 
7f55f2da6000-7f55f2da8000 r--p 00000000 08:02 10354880                   /usr/lib/x86_64-linux-gnu/libz.so.1.2.11
7f55f2da8000-7f55f2db9000 r-xp 00002000 08:02 10354880                   /usr/lib/x86_64-linux-gnu/libz.so.1.2.11
7f55f2db9000-7f55f2dbf000 r--p 00013000 08:02 10354880                   /usr/lib/x86_64-linux-gnu/libz.so.1.2.11
7f55f2dbf000-7f55f2dc0000 ---p 00019000 08:02 10354880                   /usr/lib/x86_64-linux-gnu/libz.so.1.2.11
7f55f2dc0000-7f55f2dc1000 r--p 00019000 08:02 10354880                   /usr/lib/x86_64-linux-gnu/libz.so.1.2.11
7f55f2dc1000-7f55f2dc2000 rw-p 0001a000 08:02 10354880                   /usr/lib/x86_64-linux-gnu/libz.so.1.2.11
7f55f2dc4000-7f55f2dc5000 r-xp 00000000 00:00 0 
7f55f2dc5000-7f55f2dcd000 rw-s 00000000 08:02 1967416                    /tmp/hsperfdata_nidhal/77818
7f55f2dcd000-7f55f2dce000 ---p 00000000 00:00 0 
7f55f2dce000-7f55f2dcf000 r--p 00000000 00:00 0 
7f55f2dcf000-7f55f2dd1000 r--p 00000000 08:02 10491521                   /usr/lib/jvm/java-17-openjdk-amd64/lib/libjimage.so
7f55f2dd1000-7f55f2dd4000 r-xp 00002000 08:02 10491521                   /usr/lib/jvm/java-17-openjdk-amd64/lib/libjimage.so
7f55f2dd4000-7f55f2dd5000 r--p 00005000 08:02 10491521                   /usr/lib/jvm/java-17-openjdk-amd64/lib/libjimage.so
7f55f2dd5000-7f55f2dd6000 ---p 00006000 08:02 10491521                   /usr/lib/jvm/java-17-openjdk-amd64/lib/libjimage.so
7f55f2dd6000-7f55f2dd7000 r--p 00006000 08:02 10491521                   /usr/lib/jvm/java-17-openjdk-amd64/lib/libjimage.so
7f55f2dd7000-7f55f2dd8000 rw-p 00007000 08:02 10491521                   /usr/lib/jvm/java-17-openjdk-amd64/lib/libjimage.so
7f55f2dd8000-7f55f2dda000 r--p 00000000 08:02 10491523                   /usr/lib/jvm/java-17-openjdk-amd64/lib/libjli.so
7f55f2dda000-7f55f2de4000 r-xp 00002000 08:02 10491523                   /usr/lib/jvm/java-17-openjdk-amd64/lib/libjli.so
7f55f2de4000-7f55f2de7000 r--p 0000c000 08:02 10491523                   /usr/lib/jvm/java-17-openjdk-amd64/lib/libjli.so
7f55f2de7000-7f55f2de8000 r--p 0000e000 08:02 10491523                   /usr/lib/jvm/java-17-openjdk-amd64/lib/libjli.so
7f55f2de8000-7f55f2de9000 rw-p 0000f000 08:02 10491523                   /usr/lib/jvm/java-17-openjdk-amd64/lib/libjli.so
7f55f2de9000-7f55f2deb000 rw-p 00000000 00:00 0 
7f55f2deb000-7f55f2ded000 r--p 00000000 08:02 10356375                   /usr/lib/x86_64-linux-gnu/ld-linux-x86-64.so.2
7f55f2ded000-7f55f2e17000 r-xp 00002000 08:02 10356375                   /usr/lib/x86_64-linux-gnu/ld-linux-x86-64.so.2
7f55f2e17000-7f55f2e22000 r--p 0002c000 08:02 10356375                   /usr/lib/x86_64-linux-gnu/ld-linux-x86-64.so.2
7f55f2e22000-7f55f2e23000 ---p 00000000 00:00 0 
7f55f2e23000-7f55f2e25000 r--p 00037000 08:02 10356375                   /usr/lib/x86_64-linux-gnu/ld-linux-x86-64.so.2
7f55f2e25000-7f55f2e27000 rw-p 00039000 08:02 10356375                   /usr/lib/x86_64-linux-gnu/ld-linux-x86-64.so.2
7ffc3bc96000-7ffc3bcb8000 rw-p 00000000 00:00 0                          [stack]
7ffc3bd67000-7ffc3bd6b000 r--p 00000000 00:00 0                          [vvar]
7ffc3bd6b000-7ffc3bd6d000 r-xp 00000000 00:00 0                          [vdso]
ffffffffff600000-ffffffffff601000 --xp 00000000 00:00 0                  [vsyscall]


VM Arguments:
jvm_args: -javaagent:/snap/intellij-idea-ultimate/430/lib/idea_rt.jar=37373:/snap/intellij-idea-ultimate/430/bin -Dfile.encoding=UTF-8 
java_command: tutorials.hello_world
java_class_path (initial): /home/nidhal/IdeaProjects/JMEOS/target/classes:/home/nidhal/.m2/repository/com/github/jnr/jnr-ffi/2.2.11/jnr-ffi-2.2.11.jar:/home/nidhal/.m2/repository/com/github/jnr/jffi/1.3.9/jffi-1.3.9.jar:/home/nidhal/.m2/repository/com/github/jnr/jffi/1.3.9/jffi-1.3.9-native.jar:/home/nidhal/.m2/repository/org/ow2/asm/asm/9.2/asm-9.2.jar:/home/nidhal/.m2/repository/org/ow2/asm/asm-commons/9.2/asm-commons-9.2.jar:/home/nidhal/.m2/repository/org/ow2/asm/asm-analysis/9.2/asm-analysis-9.2.jar:/home/nidhal/.m2/repository/org/ow2/asm/asm-tree/9.2/asm-tree-9.2.jar:/home/nidhal/.m2/repository/org/ow2/asm/asm-util/9.2/asm-util-9.2.jar:/home/nidhal/.m2/repository/com/github/jnr/jnr-a64asm/1.0.0/jnr-a64asm-1.0.0.jar:/home/nidhal/.m2/repository/com/github/jnr/jnr-x86asm/1.0.2/jnr-x86asm-1.0.2.jar:/home/nidhal/.m2/repository/org/hibernate/orm/hibernate-core/6.2.2.Final/hibernate-core-6.2.2.Final.jar:/home/nidhal/.m2/repository/jakarta/persistence/jakarta.persistence-api/3.1.0/jakarta.persistence-api-3.1.0.jar:/home/nidhal/.m2/repository/jakarta/transaction/jakarta.transaction-api/2.0.1/jakarta.transaction-api-2.0.1.jar:/home/nidhal/.m2/repository/org/jboss/logging/jboss-logging/3.5.0.Final/jboss-logging-3.5.0.Final.jar:/home/nidhal/.m2/repository/org/hibernate/common/hibernate-commons-annotations/6.0.6.Final/hibernate-commons-annotations-6.0.6.Final.jar:/home/nidhal/.m2/repository/io/smallrye/jandex/3.0.5/jandex-3.0.5.jar:/home/nidhal/.m2/repository/com/fasterxml/classmate/1.5.1/classmate-1.5.1.jar:/home/nidhal/.m2/repository/net/bytebuddy/byte-buddy/1.12.18/byte-buddy-1.12.18.jar:/home/nidhal/.m2/repository/jakarta/xml/bind/jakarta.xml.bind-api/4.0.0/jakarta.xml.bind-api-4.0.0.jar:/home/nidhal/.m2/repository/jakarta/activation/jakarta.activation-api/2.1.0/jakarta.activation-api-2.1.0.jar:/home/nidhal/.m2/repository/org/glassfish/jaxb/jaxb-runtime/4.0.2/jaxb-runtime-4.0.2.jar:/home/nidhal/.m2/repository/org/glassfish/jaxb/jaxb-core/4.0.2/jaxb-core-4.0.2.jar:/ho
Launcher Type: SUN_STANDARD

[Global flags]
     intx CICompilerCount                          = 3                                         {product} {ergonomic}
     uint ConcGCThreads                            = 1                                         {product} {ergonomic}
     uint G1ConcRefinementThreads                  = 4                                         {product} {ergonomic}
   size_t G1HeapRegionSize                         = 1048576                                   {product} {ergonomic}
    uintx GCDrainStackTargetSize                   = 64                                        {product} {ergonomic}
   size_t InitialHeapSize                          = 130023424                                 {product} {ergonomic}
   size_t MarkStackSize                            = 4194304                                   {product} {ergonomic}
   size_t MaxHeapSize                              = 2057306112                                {product} {ergonomic}
   size_t MaxNewSize                               = 1234173952                                {product} {ergonomic}
   size_t MinHeapDeltaBytes                        = 1048576                                   {product} {ergonomic}
   size_t MinHeapSize                              = 8388608                                   {product} {ergonomic}
    uintx NonNMethodCodeHeapSize                   = 5832780                                {pd product} {ergonomic}
    uintx NonProfiledCodeHeapSize                  = 122912730                              {pd product} {ergonomic}
    uintx ProfiledCodeHeapSize                     = 122912730                              {pd product} {ergonomic}
    uintx ReservedCodeCacheSize                    = 251658240                              {pd product} {ergonomic}
     bool SegmentedCodeCache                       = true                                      {product} {ergonomic}
   size_t SoftMaxHeapSize                          = 2057306112                             {manageable} {ergonomic}
     bool UseCompressedClassPointers               = true                           {product lp64_product} {ergonomic}
     bool UseCompressedOops                        = true                           {product lp64_product} {ergonomic}
     bool UseG1GC                                  = true                                      {product} {ergonomic}

Logging:
Log output configuration:
 #0: stdout all=warning uptime,level,tags
 #1: stderr all=off uptime,level,tags

Environment Variables:
JAVA_HOME=/opt/jdk-13.0.2
PATH=/home/nidhal/.local/bin:/usr/local/sbin:/usr/local/bin:/usr/sbin:/usr/bin:/sbin:/bin:/usr/games:/usr/local/games:/snap/bin:/snap/bin/opt/jdk-13.0.2/bin
USERNAME=nidhal
SHELL=/bin/bash
DISPLAY=:0
LANG=fr_FR.UTF-8

Active Locale:
LC_ALL=fr_FR.UTF-8
LC_COLLATE=fr_FR.UTF-8
LC_CTYPE=fr_FR.UTF-8
LC_MESSAGES=fr_FR.UTF-8
LC_MONETARY=fr_FR.UTF-8
LC_NUMERIC=fr_FR.UTF-8
LC_TIME=fr_FR.UTF-8

Signal Handlers:
   SIGSEGV: crash_handler in libjvm.so, mask=11100100010111111101111111111110, flags=SA_RESTART|SA_SIGINFO, unblocked
    SIGBUS: crash_handler in libjvm.so, mask=11100100010111111101111111111110, flags=SA_RESTART|SA_SIGINFO, unblocked
    SIGFPE: crash_handler in libjvm.so, mask=11100100010111111101111111111110, flags=SA_RESTART|SA_SIGINFO, unblocked
   SIGPIPE: javaSignalHandler in libjvm.so, mask=11100100010111111101111111111110, flags=SA_RESTART|SA_SIGINFO, blocked
   SIGXFSZ: javaSignalHandler in libjvm.so, mask=11100100010111111101111111111110, flags=SA_RESTART|SA_SIGINFO, blocked
    SIGILL: crash_handler in libjvm.so, mask=11100100010111111101111111111110, flags=SA_RESTART|SA_SIGINFO, unblocked
   SIGUSR2: SR_handler in libjvm.so, mask=00100000000000000000000000000000, flags=SA_RESTART|SA_SIGINFO, blocked
    SIGHUP: UserHandler in libjvm.so, mask=11100100010111111101111111111110, flags=SA_RESTART|SA_SIGINFO, blocked
    SIGINT: UserHandler in libjvm.so, mask=11100100010111111101111111111110, flags=SA_RESTART|SA_SIGINFO, blocked
   SIGTERM: UserHandler in libjvm.so, mask=11100100010111111101111111111110, flags=SA_RESTART|SA_SIGINFO, blocked
   SIGQUIT: UserHandler in libjvm.so, mask=11100100010111111101111111111110, flags=SA_RESTART|SA_SIGINFO, blocked
   SIGTRAP: crash_handler in libjvm.so, mask=11100100010111111101111111111110, flags=SA_RESTART|SA_SIGINFO, unblocked


---------------  S Y S T E M  ---------------

OS:
DISTRIB_ID=Ubuntu
DISTRIB_RELEASE=22.04
DISTRIB_CODENAME=jammy
DISTRIB_DESCRIPTION="Ubuntu 22.04.2 LTS"
uname: Linux 5.19.0-42-generic #43~22.04.1-Ubuntu SMP PREEMPT_DYNAMIC Fri Apr 21 16:51:08 UTC 2 x86_64
OS uptime: 0 days 0:45 hours
libc: glibc 2.35 NPTL 2.35 
rlimit (soft/hard): STACK 8192k/infinity , CORE 0k/infinity , NPROC 31051/31051 , NOFILE 1048576/1048576 , AS infinity/infinity , CPU infinity/infinity , DATA infinity/infinity , FSIZE infinity/infinity , MEMLOCK 1003616k/1003616k
load average: 4,87 3,72 3,31

/proc/meminfo:
MemTotal:        8028956 kB
MemFree:          268064 kB
MemAvailable:    3739472 kB
Buffers:          227784 kB
Cached:          3491796 kB
SwapCached:           84 kB
Active:          1017148 kB
Inactive:        6054028 kB
Active(anon):      11180 kB
Inactive(anon):  3572220 kB
Active(file):    1005968 kB
Inactive(file):  2481808 kB
Unevictable:       29960 kB
Mlocked:              16 kB
SwapTotal:       2097148 kB
SwapFree:        2093820 kB
Zswap:                 0 kB
Zswapped:              0 kB
Dirty:              1208 kB
Writeback:             0 kB
AnonPages:       3381728 kB
Mapped:          1338756 kB
Shmem:            239308 kB
KReclaimable:     288800 kB
Slab:             502112 kB
SReclaimable:     288800 kB
SUnreclaim:       213312 kB
KernelStack:       16108 kB
PageTables:        33160 kB
NFS_Unstable:          0 kB
Bounce:                0 kB
WritebackTmp:          0 kB
CommitLimit:     6111624 kB
Committed_AS:    9646152 kB
VmallocTotal:   34359738367 kB
VmallocUsed:       71956 kB
VmallocChunk:          0 kB
Percpu:             5568 kB
HardwareCorrupted:     0 kB
AnonHugePages:         0 kB
ShmemHugePages:        0 kB
ShmemPmdMapped:        0 kB
FileHugePages:         0 kB
FilePmdMapped:         0 kB
HugePages_Total:       0
HugePages_Free:        0
HugePages_Rsvd:        0
HugePages_Surp:        0
Hugepagesize:       2048 kB
Hugetlb:               0 kB
DirectMap4k:      466712 kB
DirectMap2M:     7811072 kB
DirectMap1G:           0 kB

/sys/kernel/mm/transparent_hugepage/enabled: always [madvise] never
/sys/kernel/mm/transparent_hugepage/defrag (defrag/compaction efforts parameter): always defer defer+madvise [madvise] never

Process Memory:
Virtual Size: 5231660K (peak: 5231660K)
Resident Set Size: 84572K (peak: 84572K) (anon: 45912K, file: 38660K, shmem: 0K)
Swapped out: 0K
C-Heap outstanding allocations: 23702K, retained: 3637K
glibc malloc tunables: (default)

/proc/sys/kernel/threads-max (system-wide limit on the number of threads): 62103
/proc/sys/vm/max_map_count (maximum number of memory map areas a process may have): 65530
/proc/sys/kernel/pid_max (system-wide limit on number of process identifiers): 4194304

container (cgroup) information:
container_type: cgroupv2
cpu_cpuset_cpus: not supported
cpu_memory_nodes: not supported
active_processor_count: 4
cpu_quota: not supported
cpu_period: not supported
cpu_shares: not supported
memory_limit_in_bytes: unlimited
memory_and_swap_limit_in_bytes: unlimited
memory_soft_limit_in_bytes: unlimited
memory_usage_in_bytes: 3610368 k
memory_max_usage_in_bytes: not supported
memory_swap_current_in_bytes: unlimited
memory_swap_max_limit_in_bytes: unlimited
maximum number of tasks: 9315
current number of tasks: 174

Steal ticks since vm start: 0
Steal ticks percentage since vm start:  0,000

CPU: total 4 (initial active 4) (2 cores per cpu, 2 threads per core) family 6 model 78 stepping 3 microcode 0xf0, cx8, cmov, fxsr, ht, mmx, 3dnowpref, sse, sse2, sse3, ssse3, sse4.1, sse4.2, popcnt, lzcnt, tsc, tscinvbit, avx, avx2, aes, erms, clmul, bmi1, bmi2, adx, fma, vzeroupper, clflush, clflushopt
CPU Model and flags from /proc/cpuinfo:
model name	: Intel(R) Core(TM) i3-6100U CPU @ 2.30GHz
flags		: fpu vme de pse tsc msr pae mce cx8 apic sep mtrr pge mca cmov pat pse36 clflush dts acpi mmx fxsr sse sse2 ss ht tm pbe syscall nx pdpe1gb rdtscp lm constant_tsc art arch_perfmon pebs bts rep_good nopl xtopology nonstop_tsc cpuid aperfmperf pni pclmulqdq dtes64 monitor ds_cpl est tm2 ssse3 sdbg fma cx16 xtpr pdcm pcid sse4_1 sse4_2 x2apic movbe popcnt tsc_deadline_timer aes xsave avx f16c rdrand lahf_lm abm 3dnowprefetch cpuid_fault epb invpcid_single pti ssbd ibrs ibpb stibp fsgsbase tsc_adjust bmi1 avx2 smep bmi2 erms invpcid mpx rdseed adx smap clflushopt intel_pt xsaveopt xsavec xgetbv1 xsaves dtherm ida arat pln pts hwp hwp_notify hwp_act_window hwp_epp md_clear flush_l1d arch_capabilities

Online cpus: 0-3
Offline cpus: 
BIOS frequency limitation: <Not Available>
Frequency switch latency (ns): 0
Available cpu frequencies: <Not Available>
Current governor: powersave
Core performance/turbo boost: <Not Available>

Memory: 4k page, physical 8028956k(268064k free), swap 2097148k(2093820k free)
Page Sizes: 4k

vm_info: OpenJDK 64-Bit Server VM (17.0.7+7-Ubuntu-0ubuntu122.04.2) for linux-amd64 JRE (17.0.7+7-Ubuntu-0ubuntu122.04.2), built on May 10 2023 04:02:16 by "buildd" with gcc 11.3.0

END.
