#
# A fatal error has been detected by the Java Runtime Environment:
#
#  SIGSEGV (0xb) at pc=0x00007fdc3db26979, pid=384109, tid=384110
#
# JRE version: OpenJDK Runtime Environment (17.0.7+7) (build 17.0.7+7-Ubuntu-0ubuntu122.04.2)
# Java VM: OpenJDK 64-Bit Server VM (17.0.7+7-Ubuntu-0ubuntu122.04.2, mixed mode, sharing, tiered, compressed oops, compressed class ptrs, g1 gc, linux-amd64)
# Problematic frame:
# C  [libmeos.so+0xa8979]  pg_next_dst_boundary+0x29
#
# Core dump will be written. Default location: Core dumps may be processed with "/usr/share/apport/apport -p%p -s%s -c%c -d%d -P%P -u%u -g%g -- %E" (or dumping to /home/nidhal/IdeaProjects/JMEOS/core.384109)
#
# If you would like to submit a bug report, please visit:
#   Unknown
# The crash happened outside the Java Virtual Machine in native code.
# See problematic frame for where to report the bug.
#

---------------  S U M M A R Y ------------

Command Line: -javaagent:/snap/intellij-idea-ultimate/430/lib/idea_rt.jar=35813:/snap/intellij-idea-ultimate/430/bin -Dfile.encoding=UTF-8 tutorials.hello_world

Host: Intel(R) Core(TM) i3-6100U CPU @ 2.30GHz, 4 cores, 7G, Ubuntu 22.04.2 LTS
Time: Mon May 29 22:46:39 2023 CEST elapsed time: 1.224006 seconds (0d 0h 0m 1s)

---------------  T H R E A D  ---------------

Current thread (0x00007fdc68016800):  JavaThread "main" [_thread_in_native, id=384110, stack(0x00007fdc6d900000,0x00007fdc6da00000)]

Stack: [0x00007fdc6d900000,0x00007fdc6da00000],  sp=0x00007fdc6d9fdf90,  free space=1015k
Native frames: (J=compiled Java code, j=interpreted, Vv=VM code, C=native code)
C  [libmeos.so+0xa8979]  pg_next_dst_boundary+0x29

Java frames: (J=compiled Java code, j=interpreted, Vv=VM code)
j  com.kenai.jffi.Foreign.invokeN1O1(JJJLjava/lang/Object;III)J+0
j  com.kenai.jffi.Invoker.invokeN1(Lcom/kenai/jffi/CallContext;JJILjava/lang/Object;Lcom/kenai/jffi/ObjectParameterStrategy;Lcom/kenai/jffi/ObjectParameterInfo;)J+57
j  tutorials.hello_world$MeosLibrary$jnr$ffi$0.tgeompoint_in(Ljava/lang/String;)Ljnr/ffi/Pointer;+75
j  tutorials.hello_world.main([Ljava/lang/String;)V+111
v  ~StubRoutines::call_stub

siginfo: si_signo: 11 (SIGSEGV), si_code: 1 (SEGV_MAPERR), si_addr: 0x0000000000000104

Register to memory mapping:

RAX=0x0 is NULL
RBX=0x0 is NULL
RCX=0x00007fdc6d9fdff0 is pointing into the stack for thread: 0x00007fdc68016800
RDX=0x00007fdc6d9fdfe0 is pointing into the stack for thread: 0x00007fdc68016800
RSP=0x00007fdc6d9fdf90 is pointing into the stack for thread: 0x00007fdc68016800
RBP=0x00000000386bf200 is an unknown value
RSI=0x00007fdc6d9fdff8 is pointing into the stack for thread: 0x00007fdc68016800
RDI=0x00007fdc6d9fdfe8 is pointing into the stack for thread: 0x00007fdc68016800
R8 =0x00007fdc6d9fe000 is pointing into the stack for thread: 0x00007fdc68016800
R9 =0x00007fdc6d9fdfe4 is pointing into the stack for thread: 0x00007fdc68016800
R10=0x00007fdc6d9fdfe0 is pointing into the stack for thread: 0x00007fdc68016800
R11=0x00007fdc3db26950: pg_next_dst_boundary+0x0000000000000000 in /usr/local/lib/libmeos.so at 0x00007fdc3da7e000
R12=0x00007fdc6d9fe040 is pointing into the stack for thread: 0x00007fdc68016800
R13=0x0 is NULL
R14=0x0 is NULL
R15=0x00007fdc6d9fe1b0 is pointing into the stack for thread: 0x00007fdc68016800


Registers:
RAX=0x0000000000000000, RBX=0x0000000000000000, RCX=0x00007fdc6d9fdff0, RDX=0x00007fdc6d9fdfe0
RSP=0x00007fdc6d9fdf90, RBP=0x00000000386bf200, RSI=0x00007fdc6d9fdff8, RDI=0x00007fdc6d9fdfe8
R8 =0x00007fdc6d9fe000, R9 =0x00007fdc6d9fdfe4, R10=0x00007fdc6d9fdfe0, R11=0x00007fdc3db26950
R12=0x00007fdc6d9fe040, R13=0x0000000000000000, R14=0x0000000000000000, R15=0x00007fdc6d9fe1b0
RIP=0x00007fdc3db26979, EFLAGS=0x0000000000010246, CSGSFS=0x002b000000000033, ERR=0x0000000000000004
  TRAPNO=0x000000000000000e

Top of Stack: (sp=0x00007fdc6d9fdf90)
0x00007fdc6d9fdf90:   00007fdc3dbb13c0 8fd997827925db00
0x00007fdc6d9fdfa0:   00007fdc683855f0 00007fdc6d9fe1b0
0x00007fdc6d9fdfb0:   00000000386d4380 00007fdc6d9fe040
0x00007fdc6d9fdfc0:   0000000000000000 00007fdc3db2825c 

Instructions: (pc=0x00007fdc3db26979)
0x00007fdc3db26879:   00 00 00 00 0f 1f 00 f3 0f 1e fa 49 89 f8 48 8d
0x00007fdc3db26889:   be 00 01 00 00 4c 89 c6 e9 ca fd ff ff 66 2e 0f
0x00007fdc3db26899:   1f 84 00 00 00 00 00 f3 0f 1e fa 41 55 41 54 55
0x00007fdc3db268a9:   48 89 fd 53 48 83 ec 08 48 8b 1d 68 89 0d 00 48
0x00007fdc3db268b9:   85 db 74 2b 48 8b 7d 00 48 89 da 31 f6 48 81 c3
0x00007fdc3db268c9:   68 56 00 00 e8 ce df ff ff 48 89 1d 97 89 0d 00
0x00007fdc3db268d9:   48 83 c4 08 5b 5d 41 5c 41 5d c3 0f 1f 40 00 bf
0x00007fdc3db268e9:   90 5b 00 00 e8 8e 66 f9 ff 48 89 05 27 89 0d 00
0x00007fdc3db268f9:   49 89 c4 48 85 c0 74 d8 4c 8d 2d 38 5a 08 00 31
0x00007fdc3db26909:   f6 b9 01 00 00 00 48 89 c2 4c 89 ef e8 56 72 f9
0x00007fdc3db26919:   ff 85 c0 75 12 48 8b 1d fb 88 0d 00 eb 96 66 0f
0x00007fdc3db26929:   1f 84 00 00 00 00 00 ba 01 00 00 00 4c 89 e6 4c
0x00007fdc3db26939:   89 ef e8 60 70 f9 ff eb dc 66 66 2e 0f 1f 84 00
0x00007fdc3db26949:   00 00 00 00 0f 1f 00 f3 0f 1e fa 41 55 49 89 d2
0x00007fdc3db26959:   41 54 55 53 48 83 ec 18 48 8b 2f 64 48 8b 04 25
0x00007fdc3db26969:   28 00 00 00 48 89 44 24 08 31 c0 48 8b 5c 24 40
0x00007fdc3db26979:   44 8b 9b 04 01 00 00 45 85 db 0f 84 27 02 00 00
0x00007fdc3db26989:   80 bb 10 01 00 00 00 49 89 cc 75 6b 41 8d 53 ff
0x00007fdc3db26999:   80 bb 11 01 00 00 00 48 63 ca 48 8b 84 cb 18 01
0x00007fdc3db269a9:   00 00 0f 84 ef 00 00 00 48 39 c5 0f 8e e6 00 00
0x00007fdc3db269b9:   00 48 8b 8b 18 01 00 00 48 39 e9 7f 46 48 bf e7
0x00007fdc3db269c9:   58 ef 44 46 ef 35 ae 48 89 ea 48 29 c2 48 83 ea
0x00007fdc3db269d9:   01 48 89 d0 48 f7 e7 48 b8 80 59 60 f0 02 00 00
0x00007fdc3db269e9:   00 48 c1 ea 21 4c 8d 6a 01 4c 0f af e8 48 89 e8
0x00007fdc3db269f9:   4c 29 e8 eb 43 66 90 48 8b 8b 18 01 00 00 48 39
0x00007fdc3db26a09:   e9 7e 89 48 bf e7 58 ef 44 46 ef 35 ae 48 89 ca
0x00007fdc3db26a19:   48 29 ea 48 83 ea 01 48 89 d0 48 f7 e7 48 b8 80
0x00007fdc3db26a29:   59 60 f0 02 00 00 00 48 c1 ea 21 4c 8d 6a 01 4c
0x00007fdc3db26a39:   0f af e8 4a 8d 44 2d 00 48 89 04 24 48 39 c1 0f
0x00007fdc3db26a49:   8f 12 02 00 00 41 8d 53 ff 41 bb ff ff ff ff 48
0x00007fdc3db26a59:   63 d2 48 39 84 d3 18 01 00 00 0f 8c 83 01 00 00
0x00007fdc3db26a69:   48 89 e7 48 83 ec 08 4c 89 d2 4c 89 e1 53 e8 d4 


Stack slot to memory mapping:
stack at sp + 0 slots: 0x00007fdc3dbb13c0: <offset 0x00000000001333c0> in /usr/local/lib/libmeos.so at 0x00007fdc3da7e000
stack at sp + 1 slots: 0x8fd997827925db00 is an unknown value
stack at sp + 2 slots: 0x00007fdc683855f0 points into unknown readable memory: 0x00007fdb95fed655 | 55 d6 fe 95 db 7f 00 00
stack at sp + 3 slots: 0x00007fdc6d9fe1b0 is pointing into the stack for thread: 0x00007fdc68016800
stack at sp + 4 slots: 0x00000000386d4380 is an unknown value
stack at sp + 5 slots: 0x00007fdc6d9fe040 is pointing into the stack for thread: 0x00007fdc68016800
stack at sp + 6 slots: 0x0 is NULL
stack at sp + 7 slots: 0x00007fdc3db2825c: <offset 0x00000000000aa25c> in /usr/local/lib/libmeos.so at 0x00007fdc3da7e000


---------------  P R O C E S S  ---------------

Threads class SMR info:
_java_thread_list=0x00007fdc1c001fc0, length=13, elements={
0x00007fdc68016800, 0x00007fdc68115880, 0x00007fdc68116c60, 0x00007fdc6811c410,
0x00007fdc6811d7c0, 0x00007fdc6811ebd0, 0x00007fdc68120580, 0x00007fdc68121ab0,
0x00007fdc68122f20, 0x00007fdc6812dd20, 0x00007fdc682f9940, 0x00007fdc682fb040,
0x00007fdc1c000fe0
}

Java Threads: ( => current thread )
=>0x00007fdc68016800 JavaThread "main" [_thread_in_native, id=384110, stack(0x00007fdc6d900000,0x00007fdc6da00000)]
  0x00007fdc68115880 JavaThread "Reference Handler" daemon [_thread_blocked, id=384129, stack(0x00007fdc4d35c000,0x00007fdc4d45c000)]
  0x00007fdc68116c60 JavaThread "Finalizer" daemon [_thread_blocked, id=384130, stack(0x00007fdc4d25c000,0x00007fdc4d35c000)]
  0x00007fdc6811c410 JavaThread "Signal Dispatcher" daemon [_thread_blocked, id=384133, stack(0x00007fdc4c900000,0x00007fdc4ca00000)]
  0x00007fdc6811d7c0 JavaThread "Service Thread" daemon [_thread_blocked, id=384134, stack(0x00007fdc4c800000,0x00007fdc4c900000)]
  0x00007fdc6811ebd0 JavaThread "Monitor Deflation Thread" daemon [_thread_blocked, id=384135, stack(0x00007fdc4c700000,0x00007fdc4c800000)]
  0x00007fdc68120580 JavaThread "C2 CompilerThread0" daemon [_thread_blocked, id=384136, stack(0x00007fdc4c600000,0x00007fdc4c700000)]
  0x00007fdc68121ab0 JavaThread "C1 CompilerThread0" daemon [_thread_blocked, id=384137, stack(0x00007fdc4c500000,0x00007fdc4c600000)]
  0x00007fdc68122f20 JavaThread "Sweeper thread" daemon [_thread_blocked, id=384140, stack(0x00007fdc4c400000,0x00007fdc4c500000)]
  0x00007fdc6812dd20 JavaThread "Common-Cleaner" daemon [_thread_blocked, id=384144, stack(0x00007fdc4c300000,0x00007fdc4c400000)]
  0x00007fdc682f9940 JavaThread "Monitor Ctrl-Break" daemon [_thread_in_native, id=384146, stack(0x00007fdc4c200000,0x00007fdc4c300000)]
  0x00007fdc682fb040 JavaThread "Notification Thread" daemon [_thread_blocked, id=384147, stack(0x00007fdc4c100000,0x00007fdc4c200000)]
  0x00007fdc1c000fe0 JavaThread "Attach Listener" daemon [_thread_blocked, id=384174, stack(0x00007fdbfbcfc000,0x00007fdbfbdfc000)]

Other Threads:
  0x00007fdc681117d0 VMThread "VM Thread" [stack: 0x00007fdc4d45e000,0x00007fdc4d55e000] [id=384121]
  0x00007fdc68019310 WatcherThread [stack: 0x00007fdc3df00000,0x00007fdc3e000000] [id=384148]
  0x00007fdc6806fee0 GCTaskThread "GC Thread#0" [stack: 0x00007fdc6c750000,0x00007fdc6c850000] [id=384111]
  0x00007fdc2c0051a0 GCTaskThread "GC Thread#1" [stack: 0x00007fdc3c0c3000,0x00007fdc3c1c3000] [id=384171]
  0x00007fdc2c005c20 GCTaskThread "GC Thread#2" [stack: 0x00007fdbfbf00000,0x00007fdbfc000000] [id=384172]
  0x00007fdc2c00bc70 GCTaskThread "GC Thread#3" [stack: 0x00007fdbfbdfe000,0x00007fdbfbefe000] [id=384173]
  0x00007fdc68080a00 ConcurrentGCThread "G1 Main Marker" [stack: 0x00007fdc6c64e000,0x00007fdc6c74e000] [id=384112]
  0x00007fdc68081960 ConcurrentGCThread "G1 Conc#0" [stack: 0x00007fdc6c54c000,0x00007fdc6c64c000] [id=384113]
  0x00007fdc680e6050 ConcurrentGCThread "G1 Refine#0" [stack: 0x00007fdc6c046000,0x00007fdc6c146000] [id=384114]
  0x00007fdc680e6f40 ConcurrentGCThread "G1 Service" [stack: 0x00007fdc67f00000,0x00007fdc68000000] [id=384115]

Threads with active compile tasks:

VM state: not at safepoint (normal execution)

VM Mutex/Monitor currently owned by a thread: None

Heap address: 0x0000000085600000, size: 1962 MB, Compressed Oops mode: 32-bit

CDS archive(s) mapped at: [0x0000000800000000-0x0000000800be2000-0x0000000800be2000), size 12460032, SharedBaseAddress: 0x0000000800000000, ArchiveRelocationMode: 0.
Compressed class space mapped at: 0x0000000801000000-0x0000000841000000, reserved size: 1073741824
Narrow klass base: 0x0000000800000000, Narrow klass shift: 0, Narrow klass range: 0x100000000

GC Precious Log:
 CPUs: 4 total, 4 available
 Memory: 7840M
 Large Page Support: Disabled
 NUMA Support: Disabled
 Compressed Oops: Enabled (32-bit)
 Heap Region Size: 1M
 Heap Min Capacity: 8M
 Heap Initial Capacity: 124M
 Heap Max Capacity: 1962M
 Pre-touch: Disabled
 Parallel Workers: 4
 Concurrent Workers: 1
 Concurrent Refinement Workers: 4
 Periodic GC: Disabled

Heap:
 garbage-first heap   total 129024K, used 4638K [0x0000000085600000, 0x0000000100000000)
  region size 1024K, 3 young (3072K), 2 survivors (2048K)
 Metaspace       used 4962K, committed 5056K, reserved 1114112K
  class space    used 494K, committed 512K, reserved 1048576K

Heap Regions: E=young(eden), S=young(survivor), O=old, HS=humongous(starts), HC=humongous(continues), CS=collection set, F=free, OA=open archive, CA=closed archive, TAMS=top-at-mark-start (previous, next)
|   0|0x0000000085600000, 0x0000000085700000, 0x0000000085700000|100%|HS|  |TAMS 0x0000000085600000, 0x0000000085600000| Complete 
|   1|0x0000000085700000, 0x000000008578fa00, 0x0000000085800000| 56%| O|  |TAMS 0x0000000085700000, 0x0000000085700000| Untracked 
|   2|0x0000000085800000, 0x0000000085800000, 0x0000000085900000|  0%| F|  |TAMS 0x0000000085800000, 0x0000000085800000| Untracked 
|   3|0x0000000085900000, 0x0000000085900000, 0x0000000085a00000|  0%| F|  |TAMS 0x0000000085900000, 0x0000000085900000| Untracked 
|   4|0x0000000085a00000, 0x0000000085a00000, 0x0000000085b00000|  0%| F|  |TAMS 0x0000000085a00000, 0x0000000085a00000| Untracked 
|   5|0x0000000085b00000, 0x0000000085b00000, 0x0000000085c00000|  0%| F|  |TAMS 0x0000000085b00000, 0x0000000085b00000| Untracked 
|   6|0x0000000085c00000, 0x0000000085c00000, 0x0000000085d00000|  0%| F|  |TAMS 0x0000000085c00000, 0x0000000085c00000| Untracked 
|   7|0x0000000085d00000, 0x0000000085d00000, 0x0000000085e00000|  0%| F|  |TAMS 0x0000000085d00000, 0x0000000085d00000| Untracked 
|   8|0x0000000085e00000, 0x0000000085e00000, 0x0000000085f00000|  0%| F|  |TAMS 0x0000000085e00000, 0x0000000085e00000| Untracked 
|   9|0x0000000085f00000, 0x0000000085f00000, 0x0000000086000000|  0%| F|  |TAMS 0x0000000085f00000, 0x0000000085f00000| Untracked 
|  10|0x0000000086000000, 0x0000000086000000, 0x0000000086100000|  0%| F|  |TAMS 0x0000000086000000, 0x0000000086000000| Untracked 
|  11|0x0000000086100000, 0x0000000086100000, 0x0000000086200000|  0%| F|  |TAMS 0x0000000086100000, 0x0000000086100000| Untracked 
|  12|0x0000000086200000, 0x0000000086200000, 0x0000000086300000|  0%| F|  |TAMS 0x0000000086200000, 0x0000000086200000| Untracked 
|  13|0x0000000086300000, 0x0000000086300000, 0x0000000086400000|  0%| F|  |TAMS 0x0000000086300000, 0x0000000086300000| Untracked 
|  14|0x0000000086400000, 0x0000000086400000, 0x0000000086500000|  0%| F|  |TAMS 0x0000000086400000, 0x0000000086400000| Untracked 
|  15|0x0000000086500000, 0x0000000086500000, 0x0000000086600000|  0%| F|  |TAMS 0x0000000086500000, 0x0000000086500000| Untracked 
|  16|0x0000000086600000, 0x0000000086600000, 0x0000000086700000|  0%| F|  |TAMS 0x0000000086600000, 0x0000000086600000| Untracked 
|  17|0x0000000086700000, 0x0000000086700000, 0x0000000086800000|  0%| F|  |TAMS 0x0000000086700000, 0x0000000086700000| Untracked 
|  18|0x0000000086800000, 0x0000000086800000, 0x0000000086900000|  0%| F|  |TAMS 0x0000000086800000, 0x0000000086800000| Untracked 
|  19|0x0000000086900000, 0x0000000086900000, 0x0000000086a00000|  0%| F|  |TAMS 0x0000000086900000, 0x0000000086900000| Untracked 
|  20|0x0000000086a00000, 0x0000000086a00000, 0x0000000086b00000|  0%| F|  |TAMS 0x0000000086a00000, 0x0000000086a00000| Untracked 
|  21|0x0000000086b00000, 0x0000000086b00000, 0x0000000086c00000|  0%| F|  |TAMS 0x0000000086b00000, 0x0000000086b00000| Untracked 
|  22|0x0000000086c00000, 0x0000000086c00000, 0x0000000086d00000|  0%| F|  |TAMS 0x0000000086c00000, 0x0000000086c00000| Untracked 
|  23|0x0000000086d00000, 0x0000000086d00000, 0x0000000086e00000|  0%| F|  |TAMS 0x0000000086d00000, 0x0000000086d00000| Untracked 
|  24|0x0000000086e00000, 0x0000000086e00000, 0x0000000086f00000|  0%| F|  |TAMS 0x0000000086e00000, 0x0000000086e00000| Untracked 
|  25|0x0000000086f00000, 0x0000000086f00000, 0x0000000087000000|  0%| F|  |TAMS 0x0000000086f00000, 0x0000000086f00000| Untracked 
|  26|0x0000000087000000, 0x0000000087000000, 0x0000000087100000|  0%| F|  |TAMS 0x0000000087000000, 0x0000000087000000| Untracked 
|  27|0x0000000087100000, 0x0000000087100000, 0x0000000087200000|  0%| F|  |TAMS 0x0000000087100000, 0x0000000087100000| Untracked 
|  28|0x0000000087200000, 0x0000000087200000, 0x0000000087300000|  0%| F|  |TAMS 0x0000000087200000, 0x0000000087200000| Untracked 
|  29|0x0000000087300000, 0x0000000087300000, 0x0000000087400000|  0%| F|  |TAMS 0x0000000087300000, 0x0000000087300000| Untracked 
|  30|0x0000000087400000, 0x0000000087400000, 0x0000000087500000|  0%| F|  |TAMS 0x0000000087400000, 0x0000000087400000| Untracked 
|  31|0x0000000087500000, 0x0000000087500000, 0x0000000087600000|  0%| F|  |TAMS 0x0000000087500000, 0x0000000087500000| Untracked 
|  32|0x0000000087600000, 0x0000000087600000, 0x0000000087700000|  0%| F|  |TAMS 0x0000000087600000, 0x0000000087600000| Untracked 
|  33|0x0000000087700000, 0x0000000087700000, 0x0000000087800000|  0%| F|  |TAMS 0x0000000087700000, 0x0000000087700000| Untracked 
|  34|0x0000000087800000, 0x0000000087800000, 0x0000000087900000|  0%| F|  |TAMS 0x0000000087800000, 0x0000000087800000| Untracked 
|  35|0x0000000087900000, 0x0000000087900000, 0x0000000087a00000|  0%| F|  |TAMS 0x0000000087900000, 0x0000000087900000| Untracked 
|  36|0x0000000087a00000, 0x0000000087a00000, 0x0000000087b00000|  0%| F|  |TAMS 0x0000000087a00000, 0x0000000087a00000| Untracked 
|  37|0x0000000087b00000, 0x0000000087b00000, 0x0000000087c00000|  0%| F|  |TAMS 0x0000000087b00000, 0x0000000087b00000| Untracked 
|  38|0x0000000087c00000, 0x0000000087c00000, 0x0000000087d00000|  0%| F|  |TAMS 0x0000000087c00000, 0x0000000087c00000| Untracked 
|  39|0x0000000087d00000, 0x0000000087d00000, 0x0000000087e00000|  0%| F|  |TAMS 0x0000000087d00000, 0x0000000087d00000| Untracked 
|  40|0x0000000087e00000, 0x0000000087e00000, 0x0000000087f00000|  0%| F|  |TAMS 0x0000000087e00000, 0x0000000087e00000| Untracked 
|  41|0x0000000087f00000, 0x0000000087f00000, 0x0000000088000000|  0%| F|  |TAMS 0x0000000087f00000, 0x0000000087f00000| Untracked 
|  42|0x0000000088000000, 0x0000000088000000, 0x0000000088100000|  0%| F|  |TAMS 0x0000000088000000, 0x0000000088000000| Untracked 
|  43|0x0000000088100000, 0x0000000088100000, 0x0000000088200000|  0%| F|  |TAMS 0x0000000088100000, 0x0000000088100000| Untracked 
|  44|0x0000000088200000, 0x0000000088200000, 0x0000000088300000|  0%| F|  |TAMS 0x0000000088200000, 0x0000000088200000| Untracked 
|  45|0x0000000088300000, 0x0000000088300000, 0x0000000088400000|  0%| F|  |TAMS 0x0000000088300000, 0x0000000088300000| Untracked 
|  46|0x0000000088400000, 0x0000000088400000, 0x0000000088500000|  0%| F|  |TAMS 0x0000000088400000, 0x0000000088400000| Untracked 
|  47|0x0000000088500000, 0x0000000088500000, 0x0000000088600000|  0%| F|  |TAMS 0x0000000088500000, 0x0000000088500000| Untracked 
|  48|0x0000000088600000, 0x0000000088600000, 0x0000000088700000|  0%| F|  |TAMS 0x0000000088600000, 0x0000000088600000| Untracked 
|  49|0x0000000088700000, 0x0000000088700000, 0x0000000088800000|  0%| F|  |TAMS 0x0000000088700000, 0x0000000088700000| Untracked 
|  50|0x0000000088800000, 0x0000000088800000, 0x0000000088900000|  0%| F|  |TAMS 0x0000000088800000, 0x0000000088800000| Untracked 
|  51|0x0000000088900000, 0x0000000088900000, 0x0000000088a00000|  0%| F|  |TAMS 0x0000000088900000, 0x0000000088900000| Untracked 
|  52|0x0000000088a00000, 0x0000000088a00000, 0x0000000088b00000|  0%| F|  |TAMS 0x0000000088a00000, 0x0000000088a00000| Untracked 
|  53|0x0000000088b00000, 0x0000000088b00000, 0x0000000088c00000|  0%| F|  |TAMS 0x0000000088b00000, 0x0000000088b00000| Untracked 
|  54|0x0000000088c00000, 0x0000000088c00000, 0x0000000088d00000|  0%| F|  |TAMS 0x0000000088c00000, 0x0000000088c00000| Untracked 
|  55|0x0000000088d00000, 0x0000000088d00000, 0x0000000088e00000|  0%| F|  |TAMS 0x0000000088d00000, 0x0000000088d00000| Untracked 
|  56|0x0000000088e00000, 0x0000000088e00000, 0x0000000088f00000|  0%| F|  |TAMS 0x0000000088e00000, 0x0000000088e00000| Untracked 
|  57|0x0000000088f00000, 0x0000000088f00000, 0x0000000089000000|  0%| F|  |TAMS 0x0000000088f00000, 0x0000000088f00000| Untracked 
|  58|0x0000000089000000, 0x0000000089000000, 0x0000000089100000|  0%| F|  |TAMS 0x0000000089000000, 0x0000000089000000| Untracked 
|  59|0x0000000089100000, 0x0000000089100000, 0x0000000089200000|  0%| F|  |TAMS 0x0000000089100000, 0x0000000089100000| Untracked 
|  60|0x0000000089200000, 0x0000000089200000, 0x0000000089300000|  0%| F|  |TAMS 0x0000000089200000, 0x0000000089200000| Untracked 
|  61|0x0000000089300000, 0x0000000089300000, 0x0000000089400000|  0%| F|  |TAMS 0x0000000089300000, 0x0000000089300000| Untracked 
|  62|0x0000000089400000, 0x0000000089400000, 0x0000000089500000|  0%| F|  |TAMS 0x0000000089400000, 0x0000000089400000| Untracked 
|  63|0x0000000089500000, 0x0000000089500000, 0x0000000089600000|  0%| F|  |TAMS 0x0000000089500000, 0x0000000089500000| Untracked 
|  64|0x0000000089600000, 0x0000000089600000, 0x0000000089700000|  0%| F|  |TAMS 0x0000000089600000, 0x0000000089600000| Untracked 
|  65|0x0000000089700000, 0x0000000089700000, 0x0000000089800000|  0%| F|  |TAMS 0x0000000089700000, 0x0000000089700000| Untracked 
|  66|0x0000000089800000, 0x0000000089800000, 0x0000000089900000|  0%| F|  |TAMS 0x0000000089800000, 0x0000000089800000| Untracked 
|  67|0x0000000089900000, 0x0000000089900000, 0x0000000089a00000|  0%| F|  |TAMS 0x0000000089900000, 0x0000000089900000| Untracked 
|  68|0x0000000089a00000, 0x0000000089a00000, 0x0000000089b00000|  0%| F|  |TAMS 0x0000000089a00000, 0x0000000089a00000| Untracked 
|  69|0x0000000089b00000, 0x0000000089b00000, 0x0000000089c00000|  0%| F|  |TAMS 0x0000000089b00000, 0x0000000089b00000| Untracked 
|  70|0x0000000089c00000, 0x0000000089c00000, 0x0000000089d00000|  0%| F|  |TAMS 0x0000000089c00000, 0x0000000089c00000| Untracked 
|  71|0x0000000089d00000, 0x0000000089d00000, 0x0000000089e00000|  0%| F|  |TAMS 0x0000000089d00000, 0x0000000089d00000| Untracked 
|  72|0x0000000089e00000, 0x0000000089e00000, 0x0000000089f00000|  0%| F|  |TAMS 0x0000000089e00000, 0x0000000089e00000| Untracked 
|  73|0x0000000089f00000, 0x0000000089f00000, 0x000000008a000000|  0%| F|  |TAMS 0x0000000089f00000, 0x0000000089f00000| Untracked 
|  74|0x000000008a000000, 0x000000008a000000, 0x000000008a100000|  0%| F|  |TAMS 0x000000008a000000, 0x000000008a000000| Untracked 
|  75|0x000000008a100000, 0x000000008a100000, 0x000000008a200000|  0%| F|  |TAMS 0x000000008a100000, 0x000000008a100000| Untracked 
|  76|0x000000008a200000, 0x000000008a200000, 0x000000008a300000|  0%| F|  |TAMS 0x000000008a200000, 0x000000008a200000| Untracked 
|  77|0x000000008a300000, 0x000000008a300000, 0x000000008a400000|  0%| F|  |TAMS 0x000000008a300000, 0x000000008a300000| Untracked 
|  78|0x000000008a400000, 0x000000008a400000, 0x000000008a500000|  0%| F|  |TAMS 0x000000008a400000, 0x000000008a400000| Untracked 
|  79|0x000000008a500000, 0x000000008a500000, 0x000000008a600000|  0%| F|  |TAMS 0x000000008a500000, 0x000000008a500000| Untracked 
|  80|0x000000008a600000, 0x000000008a600000, 0x000000008a700000|  0%| F|  |TAMS 0x000000008a600000, 0x000000008a600000| Untracked 
|  81|0x000000008a700000, 0x000000008a700000, 0x000000008a800000|  0%| F|  |TAMS 0x000000008a700000, 0x000000008a700000| Untracked 
|  82|0x000000008a800000, 0x000000008a800000, 0x000000008a900000|  0%| F|  |TAMS 0x000000008a800000, 0x000000008a800000| Untracked 
|  83|0x000000008a900000, 0x000000008a900000, 0x000000008aa00000|  0%| F|  |TAMS 0x000000008a900000, 0x000000008a900000| Untracked 
|  84|0x000000008aa00000, 0x000000008aa00000, 0x000000008ab00000|  0%| F|  |TAMS 0x000000008aa00000, 0x000000008aa00000| Untracked 
|  85|0x000000008ab00000, 0x000000008ab00000, 0x000000008ac00000|  0%| F|  |TAMS 0x000000008ab00000, 0x000000008ab00000| Untracked 
|  86|0x000000008ac00000, 0x000000008ac00000, 0x000000008ad00000|  0%| F|  |TAMS 0x000000008ac00000, 0x000000008ac00000| Untracked 
|  87|0x000000008ad00000, 0x000000008ad00000, 0x000000008ae00000|  0%| F|  |TAMS 0x000000008ad00000, 0x000000008ad00000| Untracked 
|  88|0x000000008ae00000, 0x000000008ae00000, 0x000000008af00000|  0%| F|  |TAMS 0x000000008ae00000, 0x000000008ae00000| Untracked 
|  89|0x000000008af00000, 0x000000008af00000, 0x000000008b000000|  0%| F|  |TAMS 0x000000008af00000, 0x000000008af00000| Untracked 
|  90|0x000000008b000000, 0x000000008b000000, 0x000000008b100000|  0%| F|  |TAMS 0x000000008b000000, 0x000000008b000000| Untracked 
|  91|0x000000008b100000, 0x000000008b100000, 0x000000008b200000|  0%| F|  |TAMS 0x000000008b100000, 0x000000008b100000| Untracked 
|  92|0x000000008b200000, 0x000000008b200000, 0x000000008b300000|  0%| F|  |TAMS 0x000000008b200000, 0x000000008b200000| Untracked 
|  93|0x000000008b300000, 0x000000008b300000, 0x000000008b400000|  0%| F|  |TAMS 0x000000008b300000, 0x000000008b300000| Untracked 
|  94|0x000000008b400000, 0x000000008b400000, 0x000000008b500000|  0%| F|  |TAMS 0x000000008b400000, 0x000000008b400000| Untracked 
|  95|0x000000008b500000, 0x000000008b500000, 0x000000008b600000|  0%| F|  |TAMS 0x000000008b500000, 0x000000008b500000| Untracked 
|  96|0x000000008b600000, 0x000000008b600000, 0x000000008b700000|  0%| F|  |TAMS 0x000000008b600000, 0x000000008b600000| Untracked 
|  97|0x000000008b700000, 0x000000008b700000, 0x000000008b800000|  0%| F|  |TAMS 0x000000008b700000, 0x000000008b700000| Untracked 
|  98|0x000000008b800000, 0x000000008b800000, 0x000000008b900000|  0%| F|  |TAMS 0x000000008b800000, 0x000000008b800000| Untracked 
|  99|0x000000008b900000, 0x000000008b900000, 0x000000008ba00000|  0%| F|  |TAMS 0x000000008b900000, 0x000000008b900000| Untracked 
| 100|0x000000008ba00000, 0x000000008ba00000, 0x000000008bb00000|  0%| F|  |TAMS 0x000000008ba00000, 0x000000008ba00000| Untracked 
| 101|0x000000008bb00000, 0x000000008bb00000, 0x000000008bc00000|  0%| F|  |TAMS 0x000000008bb00000, 0x000000008bb00000| Untracked 
| 102|0x000000008bc00000, 0x000000008bc00000, 0x000000008bd00000|  0%| F|  |TAMS 0x000000008bc00000, 0x000000008bc00000| Untracked 
| 103|0x000000008bd00000, 0x000000008bd00000, 0x000000008be00000|  0%| F|  |TAMS 0x000000008bd00000, 0x000000008bd00000| Untracked 
| 104|0x000000008be00000, 0x000000008be00000, 0x000000008bf00000|  0%| F|  |TAMS 0x000000008be00000, 0x000000008be00000| Untracked 
| 105|0x000000008bf00000, 0x000000008bf00000, 0x000000008c000000|  0%| F|  |TAMS 0x000000008bf00000, 0x000000008bf00000| Untracked 
| 106|0x000000008c000000, 0x000000008c000000, 0x000000008c100000|  0%| F|  |TAMS 0x000000008c000000, 0x000000008c000000| Untracked 
| 107|0x000000008c100000, 0x000000008c100000, 0x000000008c200000|  0%| F|  |TAMS 0x000000008c100000, 0x000000008c100000| Untracked 
| 108|0x000000008c200000, 0x000000008c200000, 0x000000008c300000|  0%| F|  |TAMS 0x000000008c200000, 0x000000008c200000| Untracked 
| 109|0x000000008c300000, 0x000000008c400000, 0x000000008c400000|100%| S|CS|TAMS 0x000000008c300000, 0x000000008c300000| Complete 
| 110|0x000000008c400000, 0x000000008c500000, 0x000000008c500000|100%| S|CS|TAMS 0x000000008c400000, 0x000000008c400000| Complete 
| 111|0x000000008c500000, 0x000000008c500000, 0x000000008c600000|  0%| F|  |TAMS 0x000000008c500000, 0x000000008c500000| Untracked 
| 112|0x000000008c600000, 0x000000008c600000, 0x000000008c700000|  0%| F|  |TAMS 0x000000008c600000, 0x000000008c600000| Untracked 
| 113|0x000000008c700000, 0x000000008c700000, 0x000000008c800000|  0%| F|  |TAMS 0x000000008c700000, 0x000000008c700000| Untracked 
| 114|0x000000008c800000, 0x000000008c800000, 0x000000008c900000|  0%| F|  |TAMS 0x000000008c800000, 0x000000008c800000| Untracked 
| 115|0x000000008c900000, 0x000000008c900000, 0x000000008ca00000|  0%| F|  |TAMS 0x000000008c900000, 0x000000008c900000| Untracked 
| 116|0x000000008ca00000, 0x000000008ca00000, 0x000000008cb00000|  0%| F|  |TAMS 0x000000008ca00000, 0x000000008ca00000| Untracked 
| 117|0x000000008cb00000, 0x000000008cb00000, 0x000000008cc00000|  0%| F|  |TAMS 0x000000008cb00000, 0x000000008cb00000| Untracked 
| 118|0x000000008cc00000, 0x000000008cc00000, 0x000000008cd00000|  0%| F|  |TAMS 0x000000008cc00000, 0x000000008cc00000| Untracked 
| 119|0x000000008cd00000, 0x000000008cd00000, 0x000000008ce00000|  0%| F|  |TAMS 0x000000008cd00000, 0x000000008cd00000| Untracked 
| 120|0x000000008ce00000, 0x000000008ce00000, 0x000000008cf00000|  0%| F|  |TAMS 0x000000008ce00000, 0x000000008ce00000| Untracked 
| 121|0x000000008cf00000, 0x000000008cf00000, 0x000000008d000000|  0%| F|  |TAMS 0x000000008cf00000, 0x000000008cf00000| Untracked 
| 122|0x000000008d000000, 0x000000008d000000, 0x000000008d100000|  0%| F|  |TAMS 0x000000008d000000, 0x000000008d000000| Untracked 
| 123|0x000000008d100000, 0x000000008d1b9108, 0x000000008d200000| 72%| E|  |TAMS 0x000000008d100000, 0x000000008d100000| Complete 
|1960|0x00000000ffe00000, 0x00000000ffe76000, 0x00000000fff00000| 46%|OA|  |TAMS 0x00000000ffe00000, 0x00000000ffe00000| Untracked 
|1961|0x00000000fff00000, 0x00000000fff82000, 0x0000000100000000| 50%|CA|  |TAMS 0x00000000fff00000, 0x00000000fff00000| Untracked 

Card table byte_map: [0x00007fdc6cc67000,0x00007fdc6d03c000] _byte_map_base: 0x00007fdc6c83c000

Marking Bits (Prev, Next): (CMBitMap*) 0x00007fdc68070960, (CMBitMap*) 0x00007fdc680709a0
 Prev Bits: [0x00007fdc4f558000, 0x00007fdc51400000)
 Next Bits: [0x00007fdc4d6b0000, 0x00007fdc4f558000)

Polling page: 0x00007fdc6f45a000

Metaspace:

Usage:
  Non-class:      4,36 MB used.
      Class:    494,70 KB used.
       Both:      4,85 MB used.

Virtual space:
  Non-class space:       64,00 MB reserved,       4,44 MB (  7%) committed,  1 nodes.
      Class space:        1,00 GB reserved,     512,00 KB ( <1%) committed,  1 nodes.
             Both:        1,06 GB reserved,       4,94 MB ( <1%) committed. 

Chunk freelists:
   Non-Class:  9,94 MB
       Class:  15,50 MB
        Both:  25,44 MB

MaxMetaspaceSize: unlimited
CompressedClassSpaceSize: 1,00 GB
Initial GC threshold: 21,00 MB
Current GC threshold: 21,00 MB
CDS: on
MetaspaceReclaimPolicy: balanced
 - commit_granule_bytes: 65536.
 - commit_granule_words: 8192.
 - virtual_space_node_default_size: 8388608.
 - enlarge_chunks_in_place: 1.
 - new_chunks_are_fully_committed: 0.
 - uncommit_free_chunks: 1.
 - use_allocation_guard: 0.
 - handle_deallocations: 1.


Internal statistics:

num_allocs_failed_limit: 0.
num_arena_births: 18.
num_arena_deaths: 0.
num_vsnodes_births: 2.
num_vsnodes_deaths: 0.
num_space_committed: 79.
num_space_uncommitted: 0.
num_chunks_returned_to_freelist: 0.
num_chunks_taken_from_freelist: 118.
num_chunk_merges: 0.
num_chunk_splits: 81.
num_chunks_enlarged: 65.
num_inconsistent_stats: 0.

CodeHeap 'non-profiled nmethods': size=120032Kb used=213Kb max_used=213Kb free=119818Kb
 bounds [0x00007fdc58ec8000, 0x00007fdc59138000, 0x00007fdc60400000]
CodeHeap 'profiled nmethods': size=120028Kb used=1160Kb max_used=1160Kb free=118867Kb
 bounds [0x00007fdc51400000, 0x00007fdc51670000, 0x00007fdc58937000]
CodeHeap 'non-nmethods': size=5700Kb used=1240Kb max_used=1255Kb free=4460Kb
 bounds [0x00007fdc58937000, 0x00007fdc58ba7000, 0x00007fdc58ec8000]
 total_blobs=1237 nmethods=684 adapters=467
 compilation: enabled
              stopped_count=0, restarted_count=0
 full_count=0

Compilation events (20 events):
Event: 1,130 Thread 0x00007fdc68121ab0 nmethod 675 0x00007fdc58efc610 code [0x00007fdc58efc7a0, 0x00007fdc58efc870]
Event: 1,130 Thread 0x00007fdc68121ab0  677       3       java.util.regex.Pattern::peek (26 bytes)
Event: 1,131 Thread 0x00007fdc68121ab0 nmethod 677 0x00007fdc5151e590 code [0x00007fdc5151e740, 0x00007fdc5151e9a0]
Event: 1,131 Thread 0x00007fdc68121ab0  678       3       java.lang.invoke.LambdaForm::forceInterpretation (14 bytes)
Event: 1,131 Thread 0x00007fdc68121ab0 nmethod 678 0x00007fdc5151eb10 code [0x00007fdc5151eca0, 0x00007fdc5151ee10]
Event: 1,131 Thread 0x00007fdc68120580 nmethod 667 0x00007fdc58efc910 code [0x00007fdc58efcac0, 0x00007fdc58efd018]
Event: 1,131 Thread 0x00007fdc68121ab0  679       3       java.util.HashMap::put (13 bytes)
Event: 1,136 Thread 0x00007fdc68121ab0 nmethod 679 0x00007fdc5151ee90 code [0x00007fdc5151f060, 0x00007fdc5151f350]
Event: 1,136 Thread 0x00007fdc68120580  672       4       java.lang.String::isLatin1 (19 bytes)
Event: 1,136 Thread 0x00007fdc68120580 nmethod 672 0x00007fdc58efd290 code [0x00007fdc58efd400, 0x00007fdc58efd498]
Event: 1,163 Thread 0x00007fdc68121ab0  680       3       java.util.HashMap$EntryIterator::next (5 bytes)
Event: 1,164 Thread 0x00007fdc68121ab0 nmethod 680 0x00007fdc5151f490 code [0x00007fdc5151f640, 0x00007fdc5151f7c0]
Event: 1,164 Thread 0x00007fdc68121ab0  681       3       java.util.HashMap$EntryIterator::next (5 bytes)
Event: 1,164 Thread 0x00007fdc68121ab0 nmethod 681 0x00007fdc5151f890 code [0x00007fdc5151fa40, 0x00007fdc5151fb80]
Event: 1,190 Thread 0x00007fdc68121ab0  682       3       java.util.concurrent.ConcurrentHashMap$Node::<init> (14 bytes)
Event: 1,190 Thread 0x00007fdc68121ab0 nmethod 682 0x00007fdc5151fc10 code [0x00007fdc5151fdc0, 0x00007fdc515200b0]
Event: 1,190 Thread 0x00007fdc68121ab0  683       3       jdk.internal.loader.URLClassPath::getResource (74 bytes)
Event: 1,191 Thread 0x00007fdc68121ab0 nmethod 683 0x00007fdc51520190 code [0x00007fdc51520360, 0x00007fdc515206b0]
Event: 1,191 Thread 0x00007fdc68121ab0  684       3       jdk.internal.loader.BuiltinClassLoader::defineClass (121 bytes)
Event: 1,221 Thread 0x00007fdc68121ab0 nmethod 684 0x00007fdc51520810 code [0x00007fdc51520b20, 0x00007fdc51521e20]

GC Heap History (2 events):
Event: 1,191 GC heap before
{Heap before GC invocations=0 (full 0):
 garbage-first heap   total 129024K, used 15328K [0x0000000085600000, 0x0000000100000000)
  region size 1024K, 13 young (13312K), 0 survivors (0K)
 Metaspace       used 4953K, committed 4992K, reserved 1114112K
  class space    used 493K, committed 512K, reserved 1048576K
}
Event: 1,220 GC heap after
{Heap after GC invocations=1 (full 0):
 garbage-first heap   total 129024K, used 4638K [0x0000000085600000, 0x0000000100000000)
  region size 1024K, 2 young (2048K), 2 survivors (2048K)
 Metaspace       used 4953K, committed 4992K, reserved 1114112K
  class space    used 493K, committed 512K, reserved 1048576K
}

Dll operation events (11 events):
Event: 0,004 Loaded shared library /usr/lib/jvm/java-17-openjdk-amd64/lib/libjava.so
Event: 0,023 Loaded shared library /usr/lib/jvm/java-17-openjdk-amd64/lib/libjsvml.so
Event: 0,190 Loaded shared library /usr/lib/jvm/java-17-openjdk-amd64/lib/libzip.so
Event: 0,192 Loaded shared library /usr/lib/jvm/java-17-openjdk-amd64/lib/libinstrument.so
Event: 0,205 Loaded shared library /usr/lib/jvm/java-17-openjdk-amd64/lib/libnio.so
Event: 0,217 Loaded shared library /usr/lib/jvm/java-17-openjdk-amd64/lib/libzip.so
Event: 0,294 Loaded shared library /usr/lib/jvm/java-17-openjdk-amd64/lib/libnet.so
Event: 0,295 Loaded shared library /usr/lib/jvm/java-17-openjdk-amd64/lib/libjimage.so
Event: 0,304 Loaded shared library /usr/lib/jvm/java-17-openjdk-amd64/lib/libextnet.so
Event: 0,461 Loaded shared library /tmp/jffi18331390933941253303.so
Event: 0,512 Loaded shared library /usr/lib/jvm/java-17-openjdk-amd64/lib/libverify.so

Deoptimization events (18 events):
Event: 0,284 Thread 0x00007fdc68016800 Uncommon trap: trap_request=0xffffff45 fr.pc=0x00007fdc58ed6fa8 relative=0x0000000000000188
Event: 0,284 Thread 0x00007fdc68016800 Uncommon trap: reason=unstable_if action=reinterpret pc=0x00007fdc58ed6fa8 method=java.util.zip.ZipFile$Source.isMetaName([BII)Z @ 57 c2
Event: 0,284 Thread 0x00007fdc68016800 DEOPT PACKING pc=0x00007fdc58ed6fa8 sp=0x00007fdc6d9fd670
Event: 0,284 Thread 0x00007fdc68016800 DEOPT UNPACKING pc=0x00007fdc5898d699 sp=0x00007fdc6d9fd638 mode 2
Event: 0,377 Thread 0x00007fdc68016800 Uncommon trap: trap_request=0xffffff45 fr.pc=0x00007fdc58ed8018 relative=0x0000000000000078
Event: 0,377 Thread 0x00007fdc68016800 Uncommon trap: reason=unstable_if action=reinterpret pc=0x00007fdc58ed8018 method=java.lang.String.isLatin1()Z @ 10 c2
Event: 0,377 Thread 0x00007fdc68016800 DEOPT PACKING pc=0x00007fdc58ed8018 sp=0x00007fdc6d9fa6f0
Event: 0,377 Thread 0x00007fdc68016800 DEOPT UNPACKING pc=0x00007fdc5898d699 sp=0x00007fdc6d9fa650 mode 2
Event: 0,436 Thread 0x00007fdc68016800 Uncommon trap: trap_request=0xffffff45 fr.pc=0x00007fdc58ee0da0 relative=0x0000000000000920
Event: 0,436 Thread 0x00007fdc68016800 Uncommon trap: reason=unstable_if action=reinterpret pc=0x00007fdc58ee0da0 method=java.util.HashMap.putVal(ILjava/lang/Object;Ljava/lang/Object;ZZ)Ljava/lang/Object; @ 181 c2
Event: 0,436 Thread 0x00007fdc68016800 DEOPT PACKING pc=0x00007fdc58ee0da0 sp=0x00007fdc6d9f9da0
Event: 0,436 Thread 0x00007fdc68016800 DEOPT UNPACKING pc=0x00007fdc5898d699 sp=0x00007fdc6d9f9d30 mode 2
Event: 0,490 Thread 0x00007fdc68016800 DEOPT PACKING pc=0x00007fdc5142cb5a sp=0x00007fdc6d9fb5d0
Event: 0,490 Thread 0x00007fdc68016800 DEOPT UNPACKING pc=0x00007fdc5898de2f sp=0x00007fdc6d9faa10 mode 0
Event: 1,122 Thread 0x00007fdc68016800 Uncommon trap: trap_request=0xffffff45 fr.pc=0x00007fdc58ef7afc relative=0x00000000000015bc
Event: 1,122 Thread 0x00007fdc68016800 Uncommon trap: reason=unstable_if action=reinterpret pc=0x00007fdc58ef7afc method=java.util.HashMap.hash(Ljava/lang/Object;)I @ 1 c2
Event: 1,122 Thread 0x00007fdc68016800 DEOPT PACKING pc=0x00007fdc58ef7afc sp=0x00007fdc6d9fdd50
Event: 1,122 Thread 0x00007fdc68016800 DEOPT UNPACKING pc=0x00007fdc5898d699 sp=0x00007fdc6d9fdd00 mode 2

Classes unloaded (0 events):
No events

Classes redefined (0 events):
No events

Internal exceptions (8 events):
Event: 0,297 Thread 0x00007fdc682f9940 Exception <a 'java/lang/NoSuchMethodError'{0x000000008cfe2b48}: 'java.lang.Object java.lang.invoke.DirectMethodHandle$Holder.invokeStaticInit(java.lang.Object)'> (0x000000008cfe2b48) 
thrown [./src/hotspot/share/interpreter/linkResolver.cpp, line 758]
Event: 0,305 Thread 0x00007fdc682f9940 Exception <a 'java/lang/NoSuchMethodError'{0x000000008cff11f0}: 'void java.lang.invoke.DirectMethodHandle$Holder.invokeStatic(java.lang.Object, java.lang.Object)'> (0x000000008cff11f0) 
thrown [./src/hotspot/share/interpreter/linkResolver.cpp, line 758]
Event: 0,642 Thread 0x00007fdc68016800 Exception <a 'java/lang/UnsatisfiedLinkError'{0x000000008cafc318}: meos: Ne peut ouvrir le fichier d'objet partagé: Aucun fichier ou dossier de ce type> (0x000000008cafc318) 
thrown [./src/hotspot/share/prims/jni.cpp, line 535]
Event: 0,843 Thread 0x00007fdc68016800 Exception <a 'java/lang/NoSuchMethodError'{0x000000008c60a050}: 'java.lang.Object java.lang.invoke.DirectMethodHandle$Holder.newInvokeSpecial(java.lang.Object, java.lang.Object, java.lang.Object, java.lang.Object, java.lang.Object)'> (0x000000008c60a050) 
thrown [./src/hotspot/share/interpreter/linkResolver.cpp, line 758]
Event: 1,004 Thread 0x00007fdc68016800 Exception <a 'java/lang/UnsatisfiedLinkError'{0x000000008c51cf50}: /usr/local/lib/libmeos.so: undefined symbol: intrange_to_intspan> (0x000000008c51cf50) 
thrown [./src/hotspot/share/prims/jni.cpp, line 535]
Event: 1,004 Thread 0x00007fdc68016800 Exception <a 'java/lang/UnsatisfiedLinkError'{0x000000008c51eb38}: /usr/local/lib/libmeos.so: undefined symbol: floatrange_to_floatspan> (0x000000008c51eb38) 
thrown [./src/hotspot/share/prims/jni.cpp, line 535]
Event: 1,006 Thread 0x00007fdc68016800 Exception <a 'java/lang/UnsatisfiedLinkError'{0x000000008c524668}: /usr/local/lib/libmeos.so: undefined symbol: distance_timestamp_timestamp> (0x000000008c524668) 
thrown [./src/hotspot/share/prims/jni.cpp, line 535]
Event: 1,122 Thread 0x00007fdc68016800 Implicit null exception at 0x00007fdc58ef6580 to 0x00007fdc58ef7ae8

VM Operations (10 events):
Event: 0,152 Executing VM operation: HandshakeAllThreads
Event: 0,152 Executing VM operation: HandshakeAllThreads done
Event: 0,407 Executing VM operation: HandshakeAllThreads
Event: 0,408 Executing VM operation: HandshakeAllThreads done
Event: 0,500 Executing VM operation: HandshakeAllThreads
Event: 0,500 Executing VM operation: HandshakeAllThreads done
Event: 0,599 Executing VM operation: HandshakeAllThreads
Event: 0,599 Executing VM operation: HandshakeAllThreads done
Event: 1,191 Executing VM operation: G1CollectForAllocation
Event: 1,220 Executing VM operation: G1CollectForAllocation done

Events (20 events):
Event: 1,049 loading class sun/misc/Unsafe
Event: 1,049 loading class sun/misc/Unsafe done
Event: 1,110 loading class java/util/Stack
Event: 1,110 loading class java/util/Stack done
Event: 1,125 loading class java/time/OffsetDateTime
Event: 1,125 loading class java/time/OffsetDateTime done
Event: 1,129 loading class java/text/ParsePosition
Event: 1,129 loading class java/text/ParsePosition done
Event: 1,129 loading class java/time/format/DateTimeParseContext
Event: 1,129 loading class java/time/format/DateTimeParseContext done
Event: 1,129 loading class java/time/format/Parsed
Event: 1,129 loading class java/time/format/Parsed done
Event: 1,163 loading class java/time/ZonedDateTime
Event: 1,164 loading class java/time/chrono/ChronoZonedDateTime
Event: 1,164 loading class java/time/chrono/ChronoZonedDateTime done
Event: 1,164 loading class java/time/ZonedDateTime done
Event: 1,165 loading class java/nio/StringCharBuffer
Event: 1,166 loading class java/nio/StringCharBuffer done
Event: 1,222 Thread 0x00007fdc1c000fe0 Thread added: 0x00007fdc1c000fe0
Event: 1,222 Protecting memory [0x00007fdbfbcfc000,0x00007fdbfbd00000] with protection modes 0


Dynamic libraries:
85600000-8d200000 rw-p 00000000 00:00 0 
8d200000-ffe00000 ---p 00000000 00:00 0 
ffe00000-ffe76000 rw-p 00c9d000 08:02 10491600                           /usr/lib/jvm/java-17-openjdk-amd64/lib/server/classes.jsa
ffe76000-fff00000 rw-p 00000000 00:00 0 
fff00000-fff82000 rw-p 00c1b000 08:02 10491600                           /usr/lib/jvm/java-17-openjdk-amd64/lib/server/classes.jsa
fff82000-100000000 rw-p 00000000 00:00 0 
800000000-800458000 rw-p 00001000 08:02 10491600                         /usr/lib/jvm/java-17-openjdk-amd64/lib/server/classes.jsa
800458000-800be2000 r--p 00459000 08:02 10491600                         /usr/lib/jvm/java-17-openjdk-amd64/lib/server/classes.jsa
800be2000-801000000 ---p 00000000 00:00 0 
801000000-801040000 rw-p 00000000 00:00 0 
801040000-801080000 rw-p 00000000 00:00 0 
801080000-841000000 ---p 00000000 00:00 0 
55a1212fd000-55a1212fe000 r--p 00000000 08:02 10485864                   /usr/lib/jvm/java-17-openjdk-amd64/bin/java
55a1212fe000-55a1212ff000 r-xp 00001000 08:02 10485864                   /usr/lib/jvm/java-17-openjdk-amd64/bin/java
55a1212ff000-55a121300000 r--p 00002000 08:02 10485864                   /usr/lib/jvm/java-17-openjdk-amd64/bin/java
55a121300000-55a121301000 r--p 00002000 08:02 10485864                   /usr/lib/jvm/java-17-openjdk-amd64/bin/java
55a121301000-55a121302000 rw-p 00003000 08:02 10485864                   /usr/lib/jvm/java-17-openjdk-amd64/bin/java
55a122f48000-55a122f90000 rw-p 00000000 00:00 0                          [heap]
7fdbe8000000-7fdbe8021000 rw-p 00000000 00:00 0 
7fdbe8021000-7fdbec000000 ---p 00000000 00:00 0 
7fdbec000000-7fdbec021000 rw-p 00000000 00:00 0 
7fdbec021000-7fdbf0000000 ---p 00000000 00:00 0 
7fdbf0000000-7fdbf0021000 rw-p 00000000 00:00 0 
7fdbf0021000-7fdbf4000000 ---p 00000000 00:00 0 
7fdbf4000000-7fdbf4021000 rw-p 00000000 00:00 0 
7fdbf4021000-7fdbf8000000 ---p 00000000 00:00 0 
7fdbfbcfc000-7fdbfbd00000 ---p 00000000 00:00 0 
7fdbfbd00000-7fdbfbdfc000 rw-p 00000000 00:00 0 
7fdbfbdfc000-7fdbfbdfd000 ---p 00000000 00:00 0 
7fdbfbdfd000-7fdbfbefe000 rw-p 00000000 00:00 0 
7fdbfbefe000-7fdbfbeff000 ---p 00000000 00:00 0 
7fdbfbeff000-7fdbfc000000 rw-p 00000000 00:00 0 
7fdbfc000000-7fdbfc021000 rw-p 00000000 00:00 0 
7fdbfc021000-7fdc00000000 ---p 00000000 00:00 0 
7fdc00000000-7fdc00021000 rw-p 00000000 00:00 0 
7fdc00021000-7fdc04000000 ---p 00000000 00:00 0 
7fdc04000000-7fdc04021000 rw-p 00000000 00:00 0 
7fdc04021000-7fdc08000000 ---p 00000000 00:00 0 
7fdc08000000-7fdc08021000 rw-p 00000000 00:00 0 
7fdc08021000-7fdc0c000000 ---p 00000000 00:00 0 
7fdc0c000000-7fdc0c34d000 rw-p 00000000 00:00 0 
7fdc0c34d000-7fdc10000000 ---p 00000000 00:00 0 
7fdc10000000-7fdc10021000 rw-p 00000000 00:00 0 
7fdc10021000-7fdc14000000 ---p 00000000 00:00 0 
7fdc14000000-7fdc14021000 rw-p 00000000 00:00 0 
7fdc14021000-7fdc18000000 ---p 00000000 00:00 0 
7fdc18000000-7fdc182d2000 rw-p 00000000 00:00 0 
7fdc182d2000-7fdc1c000000 ---p 00000000 00:00 0 
7fdc1c000000-7fdc1c021000 rw-p 00000000 00:00 0 
7fdc1c021000-7fdc20000000 ---p 00000000 00:00 0 
7fdc20000000-7fdc20021000 rw-p 00000000 00:00 0 
7fdc20021000-7fdc24000000 ---p 00000000 00:00 0 
7fdc24000000-7fdc24021000 rw-p 00000000 00:00 0 
7fdc24021000-7fdc28000000 ---p 00000000 00:00 0 
7fdc28000000-7fdc28021000 rw-p 00000000 00:00 0 
7fdc28021000-7fdc2c000000 ---p 00000000 00:00 0 
7fdc2c000000-7fdc2c021000 rw-p 00000000 00:00 0 
7fdc2c021000-7fdc30000000 ---p 00000000 00:00 0 
7fdc30000000-7fdc30021000 rw-p 00000000 00:00 0 
7fdc30021000-7fdc34000000 ---p 00000000 00:00 0 
7fdc34000000-7fdc34260000 rw-p 00000000 00:00 0 
7fdc34260000-7fdc34400000 ---p 00000000 00:00 0 
7fdc34400000-7fdc34610000 rw-p 00000000 00:00 0 
7fdc34610000-7fdc38000000 ---p 00000000 00:00 0 
7fdc38000000-7fdc38021000 rw-p 00000000 00:00 0 
7fdc38021000-7fdc3c000000 ---p 00000000 00:00 0 
7fdc3c0c1000-7fdc3c0c2000 ---p 00000000 00:00 0 
7fdc3c0c2000-7fdc3c1c3000 rw-p 00000000 00:00 0 
7fdc3c1c3000-7fdc3c1c6000 r--p 00000000 08:02 10365379                   /usr/lib/x86_64-linux-gnu/libresolv.so.2
7fdc3c1c6000-7fdc3c1d0000 r-xp 00003000 08:02 10365379                   /usr/lib/x86_64-linux-gnu/libresolv.so.2
7fdc3c1d0000-7fdc3c1d3000 r--p 0000d000 08:02 10365379                   /usr/lib/x86_64-linux-gnu/libresolv.so.2
7fdc3c1d3000-7fdc3c1d4000 r--p 0000f000 08:02 10365379                   /usr/lib/x86_64-linux-gnu/libresolv.so.2
7fdc3c1d4000-7fdc3c1d5000 rw-p 00010000 08:02 10365379                   /usr/lib/x86_64-linux-gnu/libresolv.so.2
7fdc3c1d5000-7fdc3c1d7000 rw-p 00000000 00:00 0 
7fdc3c1d7000-7fdc3c1d8000 r--p 00000000 08:02 10355681                   /usr/lib/x86_64-linux-gnu/libbrotlicommon.so.1.0.9
7fdc3c1d8000-7fdc3c1d9000 r-xp 00001000 08:02 10355681                   /usr/lib/x86_64-linux-gnu/libbrotlicommon.so.1.0.9
7fdc3c1d9000-7fdc3c1f8000 r--p 00002000 08:02 10355681                   /usr/lib/x86_64-linux-gnu/libbrotlicommon.so.1.0.9
7fdc3c1f8000-7fdc3c1f9000 r--p 00020000 08:02 10355681                   /usr/lib/x86_64-linux-gnu/libbrotlicommon.so.1.0.9
7fdc3c1f9000-7fdc3c1fa000 rw-p 00021000 08:02 10355681                   /usr/lib/x86_64-linux-gnu/libbrotlicommon.so.1.0.9
7fdc3c1fa000-7fdc3c21b000 r--p 00000000 08:02 10356892                   /usr/lib/x86_64-linux-gnu/libkrb5.so.3.3
7fdc3c21b000-7fdc3c278000 r-xp 00021000 08:02 10356892                   /usr/lib/x86_64-linux-gnu/libkrb5.so.3.3
7fdc3c278000-7fdc3c2b5000 r--p 0007e000 08:02 10356892                   /usr/lib/x86_64-linux-gnu/libkrb5.so.3.3
7fdc3c2b5000-7fdc3c2b6000 ---p 000bb000 08:02 10356892                   /usr/lib/x86_64-linux-gnu/libkrb5.so.3.3
7fdc3c2b6000-7fdc3c2c3000 r--p 000bb000 08:02 10356892                   /usr/lib/x86_64-linux-gnu/libkrb5.so.3.3
7fdc3c2c3000-7fdc3c2c5000 rw-p 000c8000 08:02 10356892                   /usr/lib/x86_64-linux-gnu/libkrb5.so.3.3
7fdc3c2c5000-7fdc3c2ee000 r--p 00000000 08:02 10356002                   /usr/lib/x86_64-linux-gnu/libp11-kit.so.0.3.0
7fdc3c2ee000-7fdc3c392000 r-xp 00029000 08:02 10356002                   /usr/lib/x86_64-linux-gnu/libp11-kit.so.0.3.0
7fdc3c392000-7fdc3c3ec000 r--p 000cd000 08:02 10356002                   /usr/lib/x86_64-linux-gnu/libp11-kit.so.0.3.0
7fdc3c3ec000-7fdc3c3f6000 r--p 00126000 08:02 10356002                   /usr/lib/x86_64-linux-gnu/libp11-kit.so.0.3.0
7fdc3c3f6000-7fdc3c400000 rw-p 00130000 08:02 10356002                   /usr/lib/x86_64-linux-gnu/libp11-kit.so.0.3.0
7fdc3c400000-7fdc3c4b2000 r--p 00000000 08:02 10357909                   /usr/lib/x86_64-linux-gnu/libcrypto.so.3
7fdc3c4b2000-7fdc3c710000 r-xp 000b2000 08:02 10357909                   /usr/lib/x86_64-linux-gnu/libcrypto.so.3
7fdc3c710000-7fdc3c7e2000 r--p 00310000 08:02 10357909                   /usr/lib/x86_64-linux-gnu/libcrypto.so.3
7fdc3c7e2000-7fdc3c83d000 r--p 003e1000 08:02 10357909                   /usr/lib/x86_64-linux-gnu/libcrypto.so.3
7fdc3c83d000-7fdc3c840000 rw-p 0043c000 08:02 10357909                   /usr/lib/x86_64-linux-gnu/libcrypto.so.3
7fdc3c840000-7fdc3c843000 rw-p 00000000 00:00 0 
7fdc3c846000-7fdc3c849000 r--p 00000000 08:02 10356794                   /usr/lib/x86_64-linux-gnu/libsasl2.so.2.0.25
7fdc3c849000-7fdc3c85a000 r-xp 00003000 08:02 10356794                   /usr/lib/x86_64-linux-gnu/libsasl2.so.2.0.25
7fdc3c85a000-7fdc3c85f000 r--p 00014000 08:02 10356794                   /usr/lib/x86_64-linux-gnu/libsasl2.so.2.0.25
7fdc3c85f000-7fdc3c860000 r--p 00018000 08:02 10356794                   /usr/lib/x86_64-linux-gnu/libsasl2.so.2.0.25
7fdc3c860000-7fdc3c861000 rw-p 00019000 08:02 10356794                   /usr/lib/x86_64-linux-gnu/libsasl2.so.2.0.25
7fdc3c861000-7fdc3c865000 r--p 00000000 08:02 10357711                   /usr/lib/x86_64-linux-gnu/libk5crypto.so.3.1
7fdc3c865000-7fdc3c880000 r-xp 00004000 08:02 10357711                   /usr/lib/x86_64-linux-gnu/libk5crypto.so.3.1
7fdc3c880000-7fdc3c88c000 r--p 0001f000 08:02 10357711                   /usr/lib/x86_64-linux-gnu/libk5crypto.so.3.1
7fdc3c88c000-7fdc3c88d000 ---p 0002b000 08:02 10357711                   /usr/lib/x86_64-linux-gnu/libk5crypto.so.3.1
7fdc3c88d000-7fdc3c88e000 r--p 0002b000 08:02 10357711                   /usr/lib/x86_64-linux-gnu/libk5crypto.so.3.1
7fdc3c88e000-7fdc3c88f000 rw-p 0002c000 08:02 10357711                   /usr/lib/x86_64-linux-gnu/libk5crypto.so.3.1
7fdc3c88f000-7fdc3c890000 rw-p 00000000 00:00 0 
7fdc3c890000-7fdc3c893000 r--p 00000000 08:02 10361751                   /usr/lib/x86_64-linux-gnu/libtasn1.so.6.6.2
7fdc3c893000-7fdc3c8a1000 r-xp 00003000 08:02 10361751                   /usr/lib/x86_64-linux-gnu/libtasn1.so.6.6.2
7fdc3c8a1000-7fdc3c8a5000 r--p 00011000 08:02 10361751                   /usr/lib/x86_64-linux-gnu/libtasn1.so.6.6.2
7fdc3c8a5000-7fdc3c8a6000 ---p 00015000 08:02 10361751                   /usr/lib/x86_64-linux-gnu/libtasn1.so.6.6.2
7fdc3c8a6000-7fdc3c8a7000 r--p 00015000 08:02 10361751                   /usr/lib/x86_64-linux-gnu/libtasn1.so.6.6.2
7fdc3c8a7000-7fdc3c8a8000 rw-p 00016000 08:02 10361751                   /usr/lib/x86_64-linux-gnu/libtasn1.so.6.6.2
7fdc3c8a8000-7fdc3c8b2000 r--p 00000000 08:02 10357741                   /usr/lib/x86_64-linux-gnu/libgmp.so.10.4.1
7fdc3c8b2000-7fdc3c911000 r-xp 0000a000 08:02 10357741                   /usr/lib/x86_64-linux-gnu/libgmp.so.10.4.1
7fdc3c911000-7fdc3c928000 r--p 00069000 08:02 10357741                   /usr/lib/x86_64-linux-gnu/libgmp.so.10.4.1
7fdc3c928000-7fdc3c929000 r--p 0007f000 08:02 10357741                   /usr/lib/x86_64-linux-gnu/libgmp.so.10.4.1
7fdc3c929000-7fdc3c92a000 rw-p 00080000 08:02 10357741                   /usr/lib/x86_64-linux-gnu/libgmp.so.10.4.1
7fdc3c92a000-7fdc3c932000 r--p 00000000 08:02 10360657                   /usr/lib/x86_64-linux-gnu/libhogweed.so.6.4
7fdc3c932000-7fdc3c945000 r-xp 00008000 08:02 10360657                   /usr/lib/x86_64-linux-gnu/libhogweed.so.6.4
7fdc3c945000-7fdc3c96f000 r--p 0001b000 08:02 10360657                   /usr/lib/x86_64-linux-gnu/libhogweed.so.6.4
7fdc3c96f000-7fdc3c970000 ---p 00045000 08:02 10360657                   /usr/lib/x86_64-linux-gnu/libhogweed.so.6.4
7fdc3c970000-7fdc3c971000 r--p 00045000 08:02 10360657                   /usr/lib/x86_64-linux-gnu/libhogweed.so.6.4
7fdc3c971000-7fdc3c972000 rw-p 00046000 08:02 10360657                   /usr/lib/x86_64-linux-gnu/libhogweed.so.6.4
7fdc3c972000-7fdc3c983000 r--p 00000000 08:02 10360661                   /usr/lib/x86_64-linux-gnu/libunistring.so.2.2.0
7fdc3c983000-7fdc3c9b9000 r-xp 00011000 08:02 10360661                   /usr/lib/x86_64-linux-gnu/libunistring.so.2.2.0
7fdc3c9b9000-7fdc3cb17000 r--p 00047000 08:02 10360661                   /usr/lib/x86_64-linux-gnu/libunistring.so.2.2.0
7fdc3cb17000-7fdc3cb1b000 r--p 001a5000 08:02 10360661                   /usr/lib/x86_64-linux-gnu/libunistring.so.2.2.0
7fdc3cb1b000-7fdc3cb1c000 rw-p 001a9000 08:02 10360661                   /usr/lib/x86_64-linux-gnu/libunistring.so.2.2.0
7fdc3cb1c000-7fdc3cb2a000 r--p 00000000 08:02 10362052                   /usr/lib/x86_64-linux-gnu/libldap-2.5.so.0.1.9
7fdc3cb2a000-7fdc3cb64000 r-xp 0000e000 08:02 10362052                   /usr/lib/x86_64-linux-gnu/libldap-2.5.so.0.1.9
7fdc3cb64000-7fdc3cb75000 r--p 00048000 08:02 10362052                   /usr/lib/x86_64-linux-gnu/libldap-2.5.so.0.1.9
7fdc3cb75000-7fdc3cb76000 ---p 00059000 08:02 10362052                   /usr/lib/x86_64-linux-gnu/libldap-2.5.so.0.1.9
7fdc3cb76000-7fdc3cb78000 r--p 00059000 08:02 10362052                   /usr/lib/x86_64-linux-gnu/libldap-2.5.so.0.1.9
7fdc3cb78000-7fdc3cb79000 rw-p 0005b000 08:02 10362052                   /usr/lib/x86_64-linux-gnu/libldap-2.5.so.0.1.9
7fdc3cb79000-7fdc3cb7b000 rw-p 00000000 00:00 0 
7fdc3cb7b000-7fdc3cb86000 r--p 00000000 08:02 10357451                   /usr/lib/x86_64-linux-gnu/libgssapi_krb5.so.2.2
7fdc3cb86000-7fdc3cbbe000 r-xp 0000b000 08:02 10357451                   /usr/lib/x86_64-linux-gnu/libgssapi_krb5.so.2.2
7fdc3cbbe000-7fdc3cbca000 r--p 00043000 08:02 10357451                   /usr/lib/x86_64-linux-gnu/libgssapi_krb5.so.2.2
7fdc3cbca000-7fdc3cbcb000 ---p 0004f000 08:02 10357451                   /usr/lib/x86_64-linux-gnu/libgssapi_krb5.so.2.2
7fdc3cbcb000-7fdc3cbcd000 r--p 0004f000 08:02 10357451                   /usr/lib/x86_64-linux-gnu/libgssapi_krb5.so.2.2
7fdc3cbcd000-7fdc3cbcf000 rw-p 00051000 08:02 10357451                   /usr/lib/x86_64-linux-gnu/libgssapi_krb5.so.2.2
7fdc3cbcf000-7fdc3cc00000 r--p 00000000 08:02 10357230                   /usr/lib/x86_64-linux-gnu/libgnutls.so.30.31.0
7fdc3cc00000-7fdc3cd29000 r-xp 00031000 08:02 10357230                   /usr/lib/x86_64-linux-gnu/libgnutls.so.30.31.0
7fdc3cd29000-7fdc3cda6000 r--p 0015a000 08:02 10357230                   /usr/lib/x86_64-linux-gnu/libgnutls.so.30.31.0
7fdc3cda6000-7fdc3cdb6000 r--p 001d6000 08:02 10357230                   /usr/lib/x86_64-linux-gnu/libgnutls.so.30.31.0
7fdc3cdb6000-7fdc3cdb8000 rw-p 001e6000 08:02 10357230                   /usr/lib/x86_64-linux-gnu/libgnutls.so.30.31.0
7fdc3cdb8000-7fdc3cdba000 rw-p 00000000 00:00 0 
7fdc3cdba000-7fdc3cdc4000 r--p 00000000 08:02 10355057                   /usr/lib/x86_64-linux-gnu/libnettle.so.8.4
7fdc3cdc4000-7fdc3cde7000 r-xp 0000a000 08:02 10355057                   /usr/lib/x86_64-linux-gnu/libnettle.so.8.4
7fdc3cde7000-7fdc3cdfd000 r--p 0002d000 08:02 10355057                   /usr/lib/x86_64-linux-gnu/libnettle.so.8.4
7fdc3cdfd000-7fdc3cdff000 r--p 00042000 08:02 10355057                   /usr/lib/x86_64-linux-gnu/libnettle.so.8.4
7fdc3cdff000-7fdc3ce00000 rw-p 00044000 08:02 10355057                   /usr/lib/x86_64-linux-gnu/libnettle.so.8.4
7fdc3ce00000-7fdc3ce78000 r--p 00000000 08:02 10366481                   /usr/lib/x86_64-linux-gnu/libgeos.so.3.10.2
7fdc3ce78000-7fdc3cfa6000 r-xp 00078000 08:02 10366481                   /usr/lib/x86_64-linux-gnu/libgeos.so.3.10.2
7fdc3cfa6000-7fdc3d003000 r--p 001a6000 08:02 10366481                   /usr/lib/x86_64-linux-gnu/libgeos.so.3.10.2
7fdc3d003000-7fdc3d00a000 r--p 00202000 08:02 10366481                   /usr/lib/x86_64-linux-gnu/libgeos.so.3.10.2
7fdc3d00a000-7fdc3d00b000 rw-p 00209000 08:02 10366481                   /usr/lib/x86_64-linux-gnu/libgeos.so.3.10.2
7fdc3d014000-7fdc3d016000 r--p 00000000 08:02 10356728                   /usr/lib/x86_64-linux-gnu/libffi.so.8.1.0
7fdc3d016000-7fdc3d01d000 r-xp 00002000 08:02 10356728                   /usr/lib/x86_64-linux-gnu/libffi.so.8.1.0
7fdc3d01d000-7fdc3d01e000 r--p 00009000 08:02 10356728                   /usr/lib/x86_64-linux-gnu/libffi.so.8.1.0
7fdc3d01e000-7fdc3d01f000 ---p 0000a000 08:02 10356728                   /usr/lib/x86_64-linux-gnu/libffi.so.8.1.0
7fdc3d01f000-7fdc3d020000 r--p 0000a000 08:02 10356728                   /usr/lib/x86_64-linux-gnu/libffi.so.8.1.0
7fdc3d020000-7fdc3d021000 rw-p 0000b000 08:02 10356728                   /usr/lib/x86_64-linux-gnu/libffi.so.8.1.0
7fdc3d021000-7fdc3d024000 r--p 00000000 08:02 10355303                   /usr/lib/x86_64-linux-gnu/liblber-2.5.so.0.1.9
7fdc3d024000-7fdc3d02c000 r-xp 00003000 08:02 10355303                   /usr/lib/x86_64-linux-gnu/liblber-2.5.so.0.1.9
7fdc3d02c000-7fdc3d02f000 r--p 0000b000 08:02 10355303                   /usr/lib/x86_64-linux-gnu/liblber-2.5.so.0.1.9
7fdc3d02f000-7fdc3d030000 ---p 0000e000 08:02 10355303                   /usr/lib/x86_64-linux-gnu/liblber-2.5.so.0.1.9
7fdc3d030000-7fdc3d031000 r--p 0000e000 08:02 10355303                   /usr/lib/x86_64-linux-gnu/liblber-2.5.so.0.1.9
7fdc3d031000-7fdc3d032000 rw-p 0000f000 08:02 10355303                   /usr/lib/x86_64-linux-gnu/liblber-2.5.so.0.1.9
7fdc3d032000-7fdc3d034000 r--p 00000000 08:02 10361503                   /usr/lib/x86_64-linux-gnu/libpsl.so.5.3.2
7fdc3d034000-7fdc3d036000 r-xp 00002000 08:02 10361503                   /usr/lib/x86_64-linux-gnu/libpsl.so.5.3.2
7fdc3d036000-7fdc3d044000 r--p 00004000 08:02 10361503                   /usr/lib/x86_64-linux-gnu/libpsl.so.5.3.2
7fdc3d044000-7fdc3d045000 r--p 00011000 08:02 10361503                   /usr/lib/x86_64-linux-gnu/libpsl.so.5.3.2
7fdc3d045000-7fdc3d046000 rw-p 00012000 08:02 10361503                   /usr/lib/x86_64-linux-gnu/libpsl.so.5.3.2
7fdc3d046000-7fdc3d053000 r--p 00000000 08:02 10355513                   /usr/lib/x86_64-linux-gnu/libssh.so.4.8.7
7fdc3d053000-7fdc3d096000 r-xp 0000d000 08:02 10355513                   /usr/lib/x86_64-linux-gnu/libssh.so.4.8.7
7fdc3d096000-7fdc3d0ae000 r--p 00050000 08:02 10355513                   /usr/lib/x86_64-linux-gnu/libssh.so.4.8.7
7fdc3d0ae000-7fdc3d0af000 ---p 00068000 08:02 10355513                   /usr/lib/x86_64-linux-gnu/libssh.so.4.8.7
7fdc3d0af000-7fdc3d0b1000 r--p 00068000 08:02 10355513                   /usr/lib/x86_64-linux-gnu/libssh.so.4.8.7
7fdc3d0b1000-7fdc3d0b3000 rw-p 0006a000 08:02 10355513                   /usr/lib/x86_64-linux-gnu/libssh.so.4.8.7
7fdc3d0b3000-7fdc3d0d1000 r--p 00000000 08:02 10355997                   /usr/lib/x86_64-linux-gnu/libsqlite3.so.0.8.6
7fdc3d0d1000-7fdc3d1bd000 r-xp 0001e000 08:02 10355997                   /usr/lib/x86_64-linux-gnu/libsqlite3.so.0.8.6
7fdc3d1bd000-7fdc3d1f8000 r--p 0010a000 08:02 10355997                   /usr/lib/x86_64-linux-gnu/libsqlite3.so.0.8.6
7fdc3d1f8000-7fdc3d1fc000 r--p 00144000 08:02 10355997                   /usr/lib/x86_64-linux-gnu/libsqlite3.so.0.8.6
7fdc3d1fc000-7fdc3d200000 rw-p 00148000 08:02 10355997                   /usr/lib/x86_64-linux-gnu/libsqlite3.so.0.8.6
7fdc3d200000-7fdc3d25b000 r--p 00000000 08:02 10360429                   /usr/lib/x86_64-linux-gnu/libgsl.so.27.0.0
7fdc3d25b000-7fdc3d432000 r-xp 0005b000 08:02 10360429                   /usr/lib/x86_64-linux-gnu/libgsl.so.27.0.0
7fdc3d432000-7fdc3d4ab000 r--p 00232000 08:02 10360429                   /usr/lib/x86_64-linux-gnu/libgsl.so.27.0.0
7fdc3d4ab000-7fdc3d4ac000 ---p 002ab000 08:02 10360429                   /usr/lib/x86_64-linux-gnu/libgsl.so.27.0.0
7fdc3d4ac000-7fdc3d4b0000 r--p 002ab000 08:02 10360429                   /usr/lib/x86_64-linux-gnu/libgsl.so.27.0.0
7fdc3d4b0000-7fdc3d4be000 rw-p 002af000 08:02 10360429                   /usr/lib/x86_64-linux-gnu/libgsl.so.27.0.0
7fdc3d4be000-7fdc3d4bf000 rw-p 00000000 00:00 0 
7fdc3d4c7000-7fdc3d4cc000 r--p 00000000 08:02 10355338                   /usr/lib/x86_64-linux-gnu/librtmp.so.1
7fdc3d4cc000-7fdc3d4dc000 r-xp 00005000 08:02 10355338                   /usr/lib/x86_64-linux-gnu/librtmp.so.1
7fdc3d4dc000-7fdc3d4e3000 r--p 00015000 08:02 10355338                   /usr/lib/x86_64-linux-gnu/librtmp.so.1
7fdc3d4e3000-7fdc3d4e4000 ---p 0001c000 08:02 10355338                   /usr/lib/x86_64-linux-gnu/librtmp.so.1
7fdc3d4e4000-7fdc3d4e5000 r--p 0001c000 08:02 10355338                   /usr/lib/x86_64-linux-gnu/librtmp.so.1
7fdc3d4e5000-7fdc3d4e6000 rw-p 0001d000 08:02 10355338                   /usr/lib/x86_64-linux-gnu/librtmp.so.1
7fdc3d4e6000-7fdc3d4e8000 r--p 00000000 08:02 10361325                   /usr/lib/x86_64-linux-gnu/libidn2.so.0.3.7
7fdc3d4e8000-7fdc3d4ec000 r-xp 00002000 08:02 10361325                   /usr/lib/x86_64-linux-gnu/libidn2.so.0.3.7
7fdc3d4ec000-7fdc3d505000 r--p 00006000 08:02 10361325                   /usr/lib/x86_64-linux-gnu/libidn2.so.0.3.7
7fdc3d505000-7fdc3d506000 r--p 0001e000 08:02 10361325                   /usr/lib/x86_64-linux-gnu/libidn2.so.0.3.7
7fdc3d506000-7fdc3d507000 rw-p 0001f000 08:02 10361325                   /usr/lib/x86_64-linux-gnu/libidn2.so.0.3.7
7fdc3d507000-7fdc3d50c000 r--p 00000000 08:02 10354889                   /usr/lib/x86_64-linux-gnu/libnghttp2.so.14.20.1
7fdc3d50c000-7fdc3d521000 r-xp 00005000 08:02 10354889                   /usr/lib/x86_64-linux-gnu/libnghttp2.so.14.20.1
7fdc3d521000-7fdc3d52d000 r--p 0001a000 08:02 10354889                   /usr/lib/x86_64-linux-gnu/libnghttp2.so.14.20.1
7fdc3d52d000-7fdc3d530000 r--p 00025000 08:02 10354889                   /usr/lib/x86_64-linux-gnu/libnghttp2.so.14.20.1
7fdc3d530000-7fdc3d531000 rw-p 00028000 08:02 10354889                   /usr/lib/x86_64-linux-gnu/libnghttp2.so.14.20.1
7fdc3d531000-7fdc3d53b000 r--p 00000000 08:02 10354868                   /usr/lib/x86_64-linux-gnu/libzstd.so.1.4.8
7fdc3d53b000-7fdc3d5ed000 r-xp 0000a000 08:02 10354868                   /usr/lib/x86_64-linux-gnu/libzstd.so.1.4.8
7fdc3d5ed000-7fdc3d5fe000 r--p 000bc000 08:02 10354868                   /usr/lib/x86_64-linux-gnu/libzstd.so.1.4.8
7fdc3d5fe000-7fdc3d5ff000 r--p 000cc000 08:02 10354868                   /usr/lib/x86_64-linux-gnu/libzstd.so.1.4.8
7fdc3d5ff000-7fdc3d600000 rw-p 000cd000 08:02 10354868                   /usr/lib/x86_64-linux-gnu/libzstd.so.1.4.8
7fdc3d600000-7fdc3d668000 r--p 00000000 08:02 10358220                   /usr/lib/x86_64-linux-gnu/libproj.so.22.2.1
7fdc3d668000-7fdc3d8b7000 r-xp 00068000 08:02 10358220                   /usr/lib/x86_64-linux-gnu/libproj.so.22.2.1
7fdc3d8b7000-7fdc3d94c000 r--p 002b7000 08:02 10358220                   /usr/lib/x86_64-linux-gnu/libproj.so.22.2.1
7fdc3d94c000-7fdc3d94d000 ---p 0034c000 08:02 10358220                   /usr/lib/x86_64-linux-gnu/libproj.so.22.2.1
7fdc3d94d000-7fdc3d964000 r--p 0034c000 08:02 10358220                   /usr/lib/x86_64-linux-gnu/libproj.so.22.2.1
7fdc3d964000-7fdc3d966000 rw-p 00363000 08:02 10358220                   /usr/lib/x86_64-linux-gnu/libproj.so.22.2.1
7fdc3d966000-7fdc3d969000 rw-p 00000000 00:00 0 
7fdc3d96d000-7fdc3d96e000 r--p 00000000 08:02 10355584                   /usr/lib/x86_64-linux-gnu/libdeflate.so.0
7fdc3d96e000-7fdc3d98a000 r-xp 00001000 08:02 10355584                   /usr/lib/x86_64-linux-gnu/libdeflate.so.0
7fdc3d98a000-7fdc3d98e000 r--p 0001d000 08:02 10355584                   /usr/lib/x86_64-linux-gnu/libdeflate.so.0
7fdc3d98e000-7fdc3d98f000 ---p 00021000 08:02 10355584                   /usr/lib/x86_64-linux-gnu/libdeflate.so.0
7fdc3d98f000-7fdc3d990000 r--p 00021000 08:02 10355584                   /usr/lib/x86_64-linux-gnu/libdeflate.so.0
7fdc3d990000-7fdc3d991000 rw-p 00022000 08:02 10355584                   /usr/lib/x86_64-linux-gnu/libdeflate.so.0
7fdc3d991000-7fdc3d995000 r--p 00000000 08:02 10355582                   /usr/lib/x86_64-linux-gnu/libjpeg.so.8.2.2
7fdc3d995000-7fdc3d9de000 r-xp 00004000 08:02 10355582                   /usr/lib/x86_64-linux-gnu/libjpeg.so.8.2.2
7fdc3d9de000-7fdc3da10000 r--p 0004d000 08:02 10355582                   /usr/lib/x86_64-linux-gnu/libjpeg.so.8.2.2
7fdc3da10000-7fdc3da11000 r--p 0007e000 08:02 10355582                   /usr/lib/x86_64-linux-gnu/libjpeg.so.8.2.2
7fdc3da11000-7fdc3da12000 rw-p 0007f000 08:02 10355582                   /usr/lib/x86_64-linux-gnu/libjpeg.so.8.2.2
7fdc3da12000-7fdc3da14000 r--p 00000000 08:02 10358223                   /usr/lib/x86_64-linux-gnu/libwebp.so.7.1.3
7fdc3da14000-7fdc3da69000 r-xp 00002000 08:02 10358223                   /usr/lib/x86_64-linux-gnu/libwebp.so.7.1.3
7fdc3da69000-7fdc3da7a000 r--p 00057000 08:02 10358223                   /usr/lib/x86_64-linux-gnu/libwebp.so.7.1.3
7fdc3da7a000-7fdc3da7b000 r--p 00067000 08:02 10358223                   /usr/lib/x86_64-linux-gnu/libwebp.so.7.1.3
7fdc3da7b000-7fdc3da7c000 rw-p 00068000 08:02 10358223                   /usr/lib/x86_64-linux-gnu/libwebp.so.7.1.3
7fdc3da7c000-7fdc3da7e000 rw-p 00000000 00:00 0 
7fdc3da7e000-7fdc3dab4000 r--p 00000000 08:02 11142841                   /usr/local/lib/libmeos.so
7fdc3dab4000-7fdc3dba8000 r-xp 00036000 08:02 11142841                   /usr/local/lib/libmeos.so
7fdc3dba8000-7fdc3dbf3000 r--p 0012a000 08:02 11142841                   /usr/local/lib/libmeos.so
7fdc3dbf3000-7fdc3dbf4000 ---p 00175000 08:02 11142841                   /usr/local/lib/libmeos.so
7fdc3dbf4000-7fdc3dbf5000 r--p 00175000 08:02 11142841                   /usr/local/lib/libmeos.so
7fdc3dbf5000-7fdc3dbfa000 rw-p 00176000 08:02 11142841                   /usr/local/lib/libmeos.so
7fdc3dbfa000-7fdc3dc00000 rw-p 00000000 00:00 0 
7fdc3dc00000-7fdc3dc12000 r-xp 00000000 08:02 1705150                    /tmp/jffi18331390933941253303.so (deleted)
7fdc3dc12000-7fdc3de11000 ---p 00012000 08:02 1705150                    /tmp/jffi18331390933941253303.so (deleted)
7fdc3de11000-7fdc3de12000 rw-p 00011000 08:02 1705150                    /tmp/jffi18331390933941253303.so (deleted)
7fdc3de1a000-7fdc3de1d000 r--p 00000000 08:02 10360435                   /usr/lib/x86_64-linux-gnu/libgslcblas.so.0.0.0
7fdc3de1d000-7fdc3de56000 r-xp 00003000 08:02 10360435                   /usr/lib/x86_64-linux-gnu/libgslcblas.so.0.0.0
7fdc3de56000-7fdc3de5a000 r--p 0003c000 08:02 10360435                   /usr/lib/x86_64-linux-gnu/libgslcblas.so.0.0.0
7fdc3de5a000-7fdc3de5b000 r--p 0003f000 08:02 10360435                   /usr/lib/x86_64-linux-gnu/libgslcblas.so.0.0.0
7fdc3de5b000-7fdc3de5c000 rw-p 00040000 08:02 10360435                   /usr/lib/x86_64-linux-gnu/libgslcblas.so.0.0.0
7fdc3de5c000-7fdc3de6a000 r--p 00000000 08:02 10355046                   /usr/lib/x86_64-linux-gnu/libcurl-gnutls.so.4.7.0
7fdc3de6a000-7fdc3dedc000 r-xp 0000e000 08:02 10355046                   /usr/lib/x86_64-linux-gnu/libcurl-gnutls.so.4.7.0
7fdc3dedc000-7fdc3def7000 r--p 00080000 08:02 10355046                   /usr/lib/x86_64-linux-gnu/libcurl-gnutls.so.4.7.0
7fdc3def7000-7fdc3defb000 r--p 0009a000 08:02 10355046                   /usr/lib/x86_64-linux-gnu/libcurl-gnutls.so.4.7.0
7fdc3defb000-7fdc3defd000 rw-p 0009e000 08:02 10355046                   /usr/lib/x86_64-linux-gnu/libcurl-gnutls.so.4.7.0
7fdc3defd000-7fdc3defe000 rw-p 00000000 00:00 0 
7fdc3defe000-7fdc3deff000 ---p 00000000 00:00 0 
7fdc3deff000-7fdc40000000 rw-p 00000000 00:00 0 
7fdc40000000-7fdc40021000 rw-p 00000000 00:00 0 
7fdc40021000-7fdc44000000 ---p 00000000 00:00 0 
7fdc44000000-7fdc44021000 rw-p 00000000 00:00 0 
7fdc44021000-7fdc48000000 ---p 00000000 00:00 0 
7fdc48000000-7fdc48021000 rw-p 00000000 00:00 0 
7fdc48021000-7fdc4c000000 ---p 00000000 00:00 0 
7fdc4c002000-7fdc4c005000 r--p 00000000 08:02 10355637                   /usr/lib/x86_64-linux-gnu/libkrb5support.so.0.1
7fdc4c005000-7fdc4c00b000 r-xp 00003000 08:02 10355637                   /usr/lib/x86_64-linux-gnu/libkrb5support.so.0.1
7fdc4c00b000-7fdc4c00d000 r--p 00009000 08:02 10355637                   /usr/lib/x86_64-linux-gnu/libkrb5support.so.0.1
7fdc4c00d000-7fdc4c00e000 ---p 0000b000 08:02 10355637                   /usr/lib/x86_64-linux-gnu/libkrb5support.so.0.1
7fdc4c00e000-7fdc4c00f000 r--p 0000b000 08:02 10355637                   /usr/lib/x86_64-linux-gnu/libkrb5support.so.0.1
7fdc4c00f000-7fdc4c010000 rw-p 0000c000 08:02 10355637                   /usr/lib/x86_64-linux-gnu/libkrb5support.so.0.1
7fdc4c010000-7fdc4c013000 r--p 00000000 08:02 10359160                   /usr/lib/x86_64-linux-gnu/liblzma.so.5.2.5
7fdc4c013000-7fdc4c02e000 r-xp 00003000 08:02 10359160                   /usr/lib/x86_64-linux-gnu/liblzma.so.5.2.5
7fdc4c02e000-7fdc4c039000 r--p 0001e000 08:02 10359160                   /usr/lib/x86_64-linux-gnu/liblzma.so.5.2.5
7fdc4c039000-7fdc4c03a000 r--p 00028000 08:02 10359160                   /usr/lib/x86_64-linux-gnu/liblzma.so.5.2.5
7fdc4c03a000-7fdc4c03b000 rw-p 00029000 08:02 10359160                   /usr/lib/x86_64-linux-gnu/liblzma.so.5.2.5
7fdc4c03b000-7fdc4c043000 r--p 00000000 08:02 10358811                   /usr/lib/x86_64-linux-gnu/libtiff.so.5.7.0
7fdc4c043000-7fdc4c08b000 r-xp 00008000 08:02 10358811                   /usr/lib/x86_64-linux-gnu/libtiff.so.5.7.0
7fdc4c08b000-7fdc4c0bb000 r--p 00050000 08:02 10358811                   /usr/lib/x86_64-linux-gnu/libtiff.so.5.7.0
7fdc4c0bb000-7fdc4c0c0000 r--p 0007f000 08:02 10358811                   /usr/lib/x86_64-linux-gnu/libtiff.so.5.7.0
7fdc4c0c0000-7fdc4c0c1000 rw-p 00084000 08:02 10358811                   /usr/lib/x86_64-linux-gnu/libtiff.so.5.7.0
7fdc4c0c1000-7fdc4c0d0000 r--p 00000000 08:02 10366483                   /usr/lib/x86_64-linux-gnu/libgeos_c.so.1.16.0
7fdc4c0d0000-7fdc4c0f0000 r-xp 0000f000 08:02 10366483                   /usr/lib/x86_64-linux-gnu/libgeos_c.so.1.16.0
7fdc4c0f0000-7fdc4c0fd000 r--p 0002f000 08:02 10366483                   /usr/lib/x86_64-linux-gnu/libgeos_c.so.1.16.0
7fdc4c0fd000-7fdc4c0fe000 ---p 0003c000 08:02 10366483                   /usr/lib/x86_64-linux-gnu/libgeos_c.so.1.16.0
7fdc4c0fe000-7fdc4c0ff000 r--p 0003c000 08:02 10366483                   /usr/lib/x86_64-linux-gnu/libgeos_c.so.1.16.0
7fdc4c0ff000-7fdc4c100000 rw-p 0003d000 08:02 10366483                   /usr/lib/x86_64-linux-gnu/libgeos_c.so.1.16.0
7fdc4c100000-7fdc4c104000 ---p 00000000 00:00 0 
7fdc4c104000-7fdc4c200000 rw-p 00000000 00:00 0 
7fdc4c200000-7fdc4c204000 ---p 00000000 00:00 0 
7fdc4c204000-7fdc4c300000 rw-p 00000000 00:00 0 
7fdc4c300000-7fdc4c304000 ---p 00000000 00:00 0 
7fdc4c304000-7fdc4c400000 rw-p 00000000 00:00 0 
7fdc4c400000-7fdc4c404000 ---p 00000000 00:00 0 
7fdc4c404000-7fdc4c500000 rw-p 00000000 00:00 0 
7fdc4c500000-7fdc4c504000 ---p 00000000 00:00 0 
7fdc4c504000-7fdc4c600000 rw-p 00000000 00:00 0 
7fdc4c600000-7fdc4c604000 ---p 00000000 00:00 0 
7fdc4c604000-7fdc4c700000 rw-p 00000000 00:00 0 
7fdc4c700000-7fdc4c704000 ---p 00000000 00:00 0 
7fdc4c704000-7fdc4c800000 rw-p 00000000 00:00 0 
7fdc4c800000-7fdc4c804000 ---p 00000000 00:00 0 
7fdc4c804000-7fdc4c900000 rw-p 00000000 00:00 0 
7fdc4c900000-7fdc4c904000 ---p 00000000 00:00 0 
7fdc4c904000-7fdc4ca00000 rw-p 00000000 00:00 0 
7fdc4ca00000-7fdc4d1f0000 r--p 00000000 08:02 10356383                   /usr/lib/locale/locale-archive
7fdc4d1f0000-7fdc4d1f2000 r--p 00000000 08:02 10357718                   /usr/lib/x86_64-linux-gnu/libkeyutils.so.1.9
7fdc4d1f2000-7fdc4d1f4000 r-xp 00002000 08:02 10357718                   /usr/lib/x86_64-linux-gnu/libkeyutils.so.1.9
7fdc4d1f4000-7fdc4d1f5000 r--p 00004000 08:02 10357718                   /usr/lib/x86_64-linux-gnu/libkeyutils.so.1.9
7fdc4d1f5000-7fdc4d1f6000 r--p 00004000 08:02 10357718                   /usr/lib/x86_64-linux-gnu/libkeyutils.so.1.9
7fdc4d1f6000-7fdc4d1f7000 rw-p 00005000 08:02 10357718                   /usr/lib/x86_64-linux-gnu/libkeyutils.so.1.9
7fdc4d1f7000-7fdc4d1f9000 r--p 00000000 08:02 10357716                   /usr/lib/x86_64-linux-gnu/libcom_err.so.2.1
7fdc4d1f9000-7fdc4d1fa000 r-xp 00002000 08:02 10357716                   /usr/lib/x86_64-linux-gnu/libcom_err.so.2.1
7fdc4d1fa000-7fdc4d1fb000 r--p 00003000 08:02 10357716                   /usr/lib/x86_64-linux-gnu/libcom_err.so.2.1
7fdc4d1fb000-7fdc4d1fc000 r--p 00003000 08:02 10357716                   /usr/lib/x86_64-linux-gnu/libcom_err.so.2.1
7fdc4d1fc000-7fdc4d1fd000 rw-p 00004000 08:02 10357716                   /usr/lib/x86_64-linux-gnu/libcom_err.so.2.1
7fdc4d1fd000-7fdc4d1ff000 r--p 00000000 08:02 10355587                   /usr/lib/x86_64-linux-gnu/libjbig.so.0
7fdc4d1ff000-7fdc4d208000 r-xp 00002000 08:02 10355587                   /usr/lib/x86_64-linux-gnu/libjbig.so.0
7fdc4d208000-7fdc4d20a000 r--p 0000b000 08:02 10355587                   /usr/lib/x86_64-linux-gnu/libjbig.so.0
7fdc4d20a000-7fdc4d20b000 r--p 0000c000 08:02 10355587                   /usr/lib/x86_64-linux-gnu/libjbig.so.0
7fdc4d20b000-7fdc4d20e000 rw-p 0000d000 08:02 10355587                   /usr/lib/x86_64-linux-gnu/libjbig.so.0
7fdc4d20e000-7fdc4d212000 r--p 00000000 08:02 10355662                   /usr/lib/x86_64-linux-gnu/libjson-c.so.5.1.0
7fdc4d212000-7fdc4d21b000 r-xp 00004000 08:02 10355662                   /usr/lib/x86_64-linux-gnu/libjson-c.so.5.1.0
7fdc4d21b000-7fdc4d21e000 r--p 0000d000 08:02 10355662                   /usr/lib/x86_64-linux-gnu/libjson-c.so.5.1.0
7fdc4d21e000-7fdc4d21f000 ---p 00010000 08:02 10355662                   /usr/lib/x86_64-linux-gnu/libjson-c.so.5.1.0
7fdc4d21f000-7fdc4d220000 r--p 00010000 08:02 10355662                   /usr/lib/x86_64-linux-gnu/libjson-c.so.5.1.0
7fdc4d220000-7fdc4d221000 rw-p 00011000 08:02 10355662                   /usr/lib/x86_64-linux-gnu/libjson-c.so.5.1.0
7fdc4d237000-7fdc4d25c000 r--p 00000000 08:02 12591460                   /usr/share/locale-langpack/fr/LC_MESSAGES/libc.mo
7fdc4d25c000-7fdc4d260000 ---p 00000000 00:00 0 
7fdc4d260000-7fdc4d35c000 rw-p 00000000 00:00 0 
7fdc4d35c000-7fdc4d360000 ---p 00000000 00:00 0 
7fdc4d360000-7fdc4d45c000 rw-p 00000000 00:00 0 
7fdc4d45c000-7fdc4d45d000 ---p 00000000 00:00 0 
7fdc4d45d000-7fdc4d55e000 rw-p 00000000 00:00 0 
7fdc4d55e000-7fdc4d563000 r--p 00000000 08:02 10491564                   /usr/lib/jvm/java-17-openjdk-amd64/lib/libjsvml.so
7fdc4d563000-7fdc4d5a4000 r-xp 00005000 08:02 10491564                   /usr/lib/jvm/java-17-openjdk-amd64/lib/libjsvml.so
7fdc4d5a4000-7fdc4d62d000 r--p 00046000 08:02 10491564                   /usr/lib/jvm/java-17-openjdk-amd64/lib/libjsvml.so
7fdc4d62d000-7fdc4d62e000 r--p 000ce000 08:02 10491564                   /usr/lib/jvm/java-17-openjdk-amd64/lib/libjsvml.so
7fdc4d62e000-7fdc4d62f000 rw-p 000cf000 08:02 10491564                   /usr/lib/jvm/java-17-openjdk-amd64/lib/libjsvml.so
7fdc4d62f000-7fdc4d8a0000 rw-p 00000000 00:00 0 
7fdc4d8a0000-7fdc4f550000 ---p 00000000 00:00 0 
7fdc4f550000-7fdc4f748000 rw-p 00000000 00:00 0 
7fdc4f748000-7fdc513f8000 ---p 00000000 00:00 0 
7fdc513f8000-7fdc51400000 rw-p 00000000 00:00 0 
7fdc51400000-7fdc51670000 rwxp 00000000 00:00 0 
7fdc51670000-7fdc58937000 ---p 00000000 00:00 0 
7fdc58937000-7fdc58ba7000 rwxp 00000000 00:00 0 
7fdc58ba7000-7fdc58ec8000 ---p 00000000 00:00 0 
7fdc58ec8000-7fdc59138000 rwxp 00000000 00:00 0 
7fdc59138000-7fdc60400000 ---p 00000000 00:00 0 
7fdc60400000-7fdc67e43000 r--s 00000000 08:02 10491594                   /usr/lib/jvm/java-17-openjdk-amd64/lib/modules
7fdc67e45000-7fdc67e46000 r--p 00000000 08:02 10355683                   /usr/lib/x86_64-linux-gnu/libbrotlidec.so.1.0.9
7fdc67e46000-7fdc67e4e000 r-xp 00001000 08:02 10355683                   /usr/lib/x86_64-linux-gnu/libbrotlidec.so.1.0.9
7fdc67e4e000-7fdc67e51000 r--p 00009000 08:02 10355683                   /usr/lib/x86_64-linux-gnu/libbrotlidec.so.1.0.9
7fdc67e51000-7fdc67e52000 r--p 0000b000 08:02 10355683                   /usr/lib/x86_64-linux-gnu/libbrotlidec.so.1.0.9
7fdc67e52000-7fdc67e53000 rw-p 0000c000 08:02 10355683                   /usr/lib/x86_64-linux-gnu/libbrotlidec.so.1.0.9
7fdc67e53000-7fdc67e5a000 r--s 00000000 08:02 11013395                   /usr/lib/x86_64-linux-gnu/gconv/gconv-modules.cache
7fdc67e5a000-7fdc67e5e000 r--p 00000000 08:02 10491590                   /usr/lib/jvm/java-17-openjdk-amd64/lib/libverify.so
7fdc67e5e000-7fdc67e65000 r-xp 00004000 08:02 10491590                   /usr/lib/jvm/java-17-openjdk-amd64/lib/libverify.so
7fdc67e65000-7fdc67e67000 r--p 0000b000 08:02 10491590                   /usr/lib/jvm/java-17-openjdk-amd64/lib/libverify.so
7fdc67e67000-7fdc67e69000 r--p 0000c000 08:02 10491590                   /usr/lib/jvm/java-17-openjdk-amd64/lib/libverify.so
7fdc67e69000-7fdc67e6a000 rw-p 0000e000 08:02 10491590                   /usr/lib/jvm/java-17-openjdk-amd64/lib/libverify.so
7fdc67e6a000-7fdc67e6e000 r--p 00000000 08:02 10491576                   /usr/lib/jvm/java-17-openjdk-amd64/lib/libnet.so
7fdc67e6e000-7fdc67e7c000 r-xp 00004000 08:02 10491576                   /usr/lib/jvm/java-17-openjdk-amd64/lib/libnet.so
7fdc67e7c000-7fdc67e80000 r--p 00012000 08:02 10491576                   /usr/lib/jvm/java-17-openjdk-amd64/lib/libnet.so
7fdc67e80000-7fdc67e81000 r--p 00015000 08:02 10491576                   /usr/lib/jvm/java-17-openjdk-amd64/lib/libnet.so
7fdc67e81000-7fdc67e82000 rw-p 00016000 08:02 10491576                   /usr/lib/jvm/java-17-openjdk-amd64/lib/libnet.so
7fdc67e82000-7fdc67e88000 r--p 00000000 08:02 10491578                   /usr/lib/jvm/java-17-openjdk-amd64/lib/libnio.so
7fdc67e88000-7fdc67e91000 r-xp 00006000 08:02 10491578                   /usr/lib/jvm/java-17-openjdk-amd64/lib/libnio.so
7fdc67e91000-7fdc67e95000 r--p 0000f000 08:02 10491578                   /usr/lib/jvm/java-17-openjdk-amd64/lib/libnio.so
7fdc67e95000-7fdc67e96000 ---p 00013000 08:02 10491578                   /usr/lib/jvm/java-17-openjdk-amd64/lib/libnio.so
7fdc67e96000-7fdc67e97000 r--p 00013000 08:02 10491578                   /usr/lib/jvm/java-17-openjdk-amd64/lib/libnio.so
7fdc67e97000-7fdc67e98000 rw-p 00014000 08:02 10491578                   /usr/lib/jvm/java-17-openjdk-amd64/lib/libnio.so
7fdc67e98000-7fdc67e9a000 r--p 00000000 08:02 10491592                   /usr/lib/jvm/java-17-openjdk-amd64/lib/libzip.so
7fdc67e9a000-7fdc67e9f000 r-xp 00002000 08:02 10491592                   /usr/lib/jvm/java-17-openjdk-amd64/lib/libzip.so
7fdc67e9f000-7fdc67ea1000 r--p 00007000 08:02 10491592                   /usr/lib/jvm/java-17-openjdk-amd64/lib/libzip.so
7fdc67ea1000-7fdc67ea2000 r--p 00008000 08:02 10491592                   /usr/lib/jvm/java-17-openjdk-amd64/lib/libzip.so
7fdc67ea2000-7fdc67ea3000 rw-p 00009000 08:02 10491592                   /usr/lib/jvm/java-17-openjdk-amd64/lib/libzip.so
7fdc67ea3000-7fdc67efe000 rw-p 00000000 00:00 0 
7fdc67efe000-7fdc67eff000 ---p 00000000 00:00 0 
7fdc67eff000-7fdc68000000 rw-p 00000000 00:00 0 
7fdc68000000-7fdc6850f000 rw-p 00000000 00:00 0 
7fdc6850f000-7fdc6c000000 ---p 00000000 00:00 0 
7fdc6c003000-7fdc6c044000 rw-p 00000000 00:00 0 
7fdc6c044000-7fdc6c045000 ---p 00000000 00:00 0 
7fdc6c045000-7fdc6c54a000 rw-p 00000000 00:00 0 
7fdc6c54a000-7fdc6c54b000 ---p 00000000 00:00 0 
7fdc6c54b000-7fdc6c64c000 rw-p 00000000 00:00 0 
7fdc6c64c000-7fdc6c64d000 ---p 00000000 00:00 0 
7fdc6c64d000-7fdc6c74e000 rw-p 00000000 00:00 0 
7fdc6c74e000-7fdc6c74f000 ---p 00000000 00:00 0 
7fdc6c74f000-7fdc6c8d0000 rw-p 00000000 00:00 0 
7fdc6c8d0000-7fdc6cc66000 ---p 00000000 00:00 0 
7fdc6cc66000-7fdc6cca5000 rw-p 00000000 00:00 0 
7fdc6cca5000-7fdc6d03b000 ---p 00000000 00:00 0 
7fdc6d03b000-7fdc6d07a000 rw-p 00000000 00:00 0 
7fdc6d07a000-7fdc6d410000 ---p 00000000 00:00 0 
7fdc6d410000-7fdc6d81a000 rw-p 00000000 00:00 0 
7fdc6d81a000-7fdc6d900000 ---p 00000000 00:00 0 
7fdc6d900000-7fdc6d904000 ---p 00000000 00:00 0 
7fdc6d904000-7fdc6da00000 rw-p 00000000 00:00 0 
7fdc6da00000-7fdc6da9a000 r--p 00000000 08:02 10354705                   /usr/lib/x86_64-linux-gnu/libstdc++.so.6.0.30
7fdc6da9a000-7fdc6dbaa000 r-xp 0009a000 08:02 10354705                   /usr/lib/x86_64-linux-gnu/libstdc++.so.6.0.30
7fdc6dbaa000-7fdc6dc19000 r--p 001aa000 08:02 10354705                   /usr/lib/x86_64-linux-gnu/libstdc++.so.6.0.30
7fdc6dc19000-7fdc6dc24000 r--p 00218000 08:02 10354705                   /usr/lib/x86_64-linux-gnu/libstdc++.so.6.0.30
7fdc6dc24000-7fdc6dc27000 rw-p 00223000 08:02 10354705                   /usr/lib/x86_64-linux-gnu/libstdc++.so.6.0.30
7fdc6dc27000-7fdc6dc2a000 rw-p 00000000 00:00 0 
7fdc6dc2e000-7fdc6dc33000 rw-p 00000000 00:00 0 
7fdc6dc33000-7fdc6dd19000 ---p 00000000 00:00 0 
7fdc6dd19000-7fdc6dd27000 r--p 00000000 08:02 10365361                   /usr/lib/x86_64-linux-gnu/libm.so.6
7fdc6dd27000-7fdc6dda3000 r-xp 0000e000 08:02 10365361                   /usr/lib/x86_64-linux-gnu/libm.so.6
7fdc6dda3000-7fdc6ddfe000 r--p 0008a000 08:02 10365361                   /usr/lib/x86_64-linux-gnu/libm.so.6
7fdc6ddfe000-7fdc6ddff000 r--p 000e4000 08:02 10365361                   /usr/lib/x86_64-linux-gnu/libm.so.6
7fdc6ddff000-7fdc6de00000 rw-p 000e5000 08:02 10365361                   /usr/lib/x86_64-linux-gnu/libm.so.6
7fdc6de00000-7fdc6e050000 r--p 00000000 08:02 10491606                   /usr/lib/jvm/java-17-openjdk-amd64/lib/server/libjvm.so
7fdc6e050000-7fdc6edd4000 r-xp 00250000 08:02 10491606                   /usr/lib/jvm/java-17-openjdk-amd64/lib/server/libjvm.so
7fdc6edd4000-7fdc6f057000 r--p 00fd4000 08:02 10491606                   /usr/lib/jvm/java-17-openjdk-amd64/lib/server/libjvm.so
7fdc6f057000-7fdc6f10f000 r--p 01256000 08:02 10491606                   /usr/lib/jvm/java-17-openjdk-amd64/lib/server/libjvm.so
7fdc6f10f000-7fdc6f144000 rw-p 0130e000 08:02 10491606                   /usr/lib/jvm/java-17-openjdk-amd64/lib/server/libjvm.so
7fdc6f144000-7fdc6f19e000 rw-p 00000000 00:00 0 
7fdc6f1a0000-7fdc6f1a5000 rw-p 00000000 00:00 0 
7fdc6f1a5000-7fdc6f1ac000 ---p 00000000 00:00 0 
7fdc6f1ac000-7fdc6f1b8000 r--p 00000000 08:02 10491515                   /usr/lib/jvm/java-17-openjdk-amd64/lib/libjava.so
7fdc6f1b8000-7fdc6f1cb000 r-xp 0000c000 08:02 10491515                   /usr/lib/jvm/java-17-openjdk-amd64/lib/libjava.so
7fdc6f1cb000-7fdc6f1d1000 r--p 0001f000 08:02 10491515                   /usr/lib/jvm/java-17-openjdk-amd64/lib/libjava.so
7fdc6f1d1000-7fdc6f1d2000 r--p 00024000 08:02 10491515                   /usr/lib/jvm/java-17-openjdk-amd64/lib/libjava.so
7fdc6f1d2000-7fdc6f1d3000 rw-p 00025000 08:02 10491515                   /usr/lib/jvm/java-17-openjdk-amd64/lib/libjava.so
7fdc6f1d3000-7fdc6f1d4000 rw-p 00000000 00:00 0 
7fdc6f1d4000-7fdc6f1d5000 r--p 00000000 08:02 10491505                   /usr/lib/jvm/java-17-openjdk-amd64/lib/libinstrument.so
7fdc6f1d5000-7fdc6f1db000 r-xp 00001000 08:02 10491505                   /usr/lib/jvm/java-17-openjdk-amd64/lib/libinstrument.so
7fdc6f1db000-7fdc6f1de000 r--p 00007000 08:02 10491505                   /usr/lib/jvm/java-17-openjdk-amd64/lib/libinstrument.so
7fdc6f1de000-7fdc6f1df000 r--p 00009000 08:02 10491505                   /usr/lib/jvm/java-17-openjdk-amd64/lib/libinstrument.so
7fdc6f1df000-7fdc6f1e0000 rw-p 0000a000 08:02 10491505                   /usr/lib/jvm/java-17-openjdk-amd64/lib/libinstrument.so
7fdc6f1e0000-7fdc6f1e3000 r--p 00000000 08:02 10354703                   /usr/lib/x86_64-linux-gnu/libgcc_s.so.1
7fdc6f1e3000-7fdc6f1fa000 r-xp 00003000 08:02 10354703                   /usr/lib/x86_64-linux-gnu/libgcc_s.so.1
7fdc6f1fa000-7fdc6f1fe000 r--p 0001a000 08:02 10354703                   /usr/lib/x86_64-linux-gnu/libgcc_s.so.1
7fdc6f1fe000-7fdc6f1ff000 r--p 0001d000 08:02 10354703                   /usr/lib/x86_64-linux-gnu/libgcc_s.so.1
7fdc6f1ff000-7fdc6f200000 rw-p 0001e000 08:02 10354703                   /usr/lib/x86_64-linux-gnu/libgcc_s.so.1
7fdc6f200000-7fdc6f228000 r--p 00000000 08:02 10365356                   /usr/lib/x86_64-linux-gnu/libc.so.6
7fdc6f228000-7fdc6f3bd000 r-xp 00028000 08:02 10365356                   /usr/lib/x86_64-linux-gnu/libc.so.6
7fdc6f3bd000-7fdc6f415000 r--p 001bd000 08:02 10365356                   /usr/lib/x86_64-linux-gnu/libc.so.6
7fdc6f415000-7fdc6f419000 r--p 00214000 08:02 10365356                   /usr/lib/x86_64-linux-gnu/libc.so.6
7fdc6f419000-7fdc6f41b000 rw-p 00218000 08:02 10365356                   /usr/lib/x86_64-linux-gnu/libc.so.6
7fdc6f41b000-7fdc6f428000 rw-p 00000000 00:00 0 
7fdc6f42b000-7fdc6f42c000 r--p 00000000 08:02 10491501                   /usr/lib/jvm/java-17-openjdk-amd64/lib/libextnet.so
7fdc6f42c000-7fdc6f42d000 r-xp 00001000 08:02 10491501                   /usr/lib/jvm/java-17-openjdk-amd64/lib/libextnet.so
7fdc6f42d000-7fdc6f42e000 r--p 00002000 08:02 10491501                   /usr/lib/jvm/java-17-openjdk-amd64/lib/libextnet.so
7fdc6f42e000-7fdc6f42f000 r--p 00002000 08:02 10491501                   /usr/lib/jvm/java-17-openjdk-amd64/lib/libextnet.so
7fdc6f42f000-7fdc6f430000 rw-p 00003000 08:02 10491501                   /usr/lib/jvm/java-17-openjdk-amd64/lib/libextnet.so
7fdc6f430000-7fdc6f433000 rw-p 00000000 00:00 0 
7fdc6f433000-7fdc6f435000 r--p 00000000 08:02 10354880                   /usr/lib/x86_64-linux-gnu/libz.so.1.2.11
7fdc6f435000-7fdc6f446000 r-xp 00002000 08:02 10354880                   /usr/lib/x86_64-linux-gnu/libz.so.1.2.11
7fdc6f446000-7fdc6f44c000 r--p 00013000 08:02 10354880                   /usr/lib/x86_64-linux-gnu/libz.so.1.2.11
7fdc6f44c000-7fdc6f44d000 ---p 00019000 08:02 10354880                   /usr/lib/x86_64-linux-gnu/libz.so.1.2.11
7fdc6f44d000-7fdc6f44e000 r--p 00019000 08:02 10354880                   /usr/lib/x86_64-linux-gnu/libz.so.1.2.11
7fdc6f44e000-7fdc6f44f000 rw-p 0001a000 08:02 10354880                   /usr/lib/x86_64-linux-gnu/libz.so.1.2.11
7fdc6f451000-7fdc6f452000 r-xp 00000000 00:00 0 
7fdc6f452000-7fdc6f45a000 rw-s 00000000 08:02 1967081                    /tmp/hsperfdata_nidhal/384109
7fdc6f45a000-7fdc6f45b000 ---p 00000000 00:00 0 
7fdc6f45b000-7fdc6f45c000 r--p 00000000 00:00 0 
7fdc6f45c000-7fdc6f45e000 r--p 00000000 08:02 10491521                   /usr/lib/jvm/java-17-openjdk-amd64/lib/libjimage.so
7fdc6f45e000-7fdc6f461000 r-xp 00002000 08:02 10491521                   /usr/lib/jvm/java-17-openjdk-amd64/lib/libjimage.so
7fdc6f461000-7fdc6f462000 r--p 00005000 08:02 10491521                   /usr/lib/jvm/java-17-openjdk-amd64/lib/libjimage.so
7fdc6f462000-7fdc6f463000 ---p 00006000 08:02 10491521                   /usr/lib/jvm/java-17-openjdk-amd64/lib/libjimage.so
7fdc6f463000-7fdc6f464000 r--p 00006000 08:02 10491521                   /usr/lib/jvm/java-17-openjdk-amd64/lib/libjimage.so
7fdc6f464000-7fdc6f465000 rw-p 00007000 08:02 10491521                   /usr/lib/jvm/java-17-openjdk-amd64/lib/libjimage.so
7fdc6f465000-7fdc6f467000 r--p 00000000 08:02 10491523                   /usr/lib/jvm/java-17-openjdk-amd64/lib/libjli.so
7fdc6f467000-7fdc6f471000 r-xp 00002000 08:02 10491523                   /usr/lib/jvm/java-17-openjdk-amd64/lib/libjli.so
7fdc6f471000-7fdc6f474000 r--p 0000c000 08:02 10491523                   /usr/lib/jvm/java-17-openjdk-amd64/lib/libjli.so
7fdc6f474000-7fdc6f475000 r--p 0000e000 08:02 10491523                   /usr/lib/jvm/java-17-openjdk-amd64/lib/libjli.so
7fdc6f475000-7fdc6f476000 rw-p 0000f000 08:02 10491523                   /usr/lib/jvm/java-17-openjdk-amd64/lib/libjli.so
7fdc6f476000-7fdc6f478000 rw-p 00000000 00:00 0 
7fdc6f478000-7fdc6f47a000 r--p 00000000 08:02 10356375                   /usr/lib/x86_64-linux-gnu/ld-linux-x86-64.so.2
7fdc6f47a000-7fdc6f4a4000 r-xp 00002000 08:02 10356375                   /usr/lib/x86_64-linux-gnu/ld-linux-x86-64.so.2
7fdc6f4a4000-7fdc6f4af000 r--p 0002c000 08:02 10356375                   /usr/lib/x86_64-linux-gnu/ld-linux-x86-64.so.2
7fdc6f4af000-7fdc6f4b0000 ---p 00000000 00:00 0 
7fdc6f4b0000-7fdc6f4b2000 r--p 00037000 08:02 10356375                   /usr/lib/x86_64-linux-gnu/ld-linux-x86-64.so.2
7fdc6f4b2000-7fdc6f4b4000 rw-p 00039000 08:02 10356375                   /usr/lib/x86_64-linux-gnu/ld-linux-x86-64.so.2
7ffc93188000-7ffc931aa000 rw-p 00000000 00:00 0                          [stack]
7ffc931e5000-7ffc931e9000 r--p 00000000 00:00 0                          [vvar]
7ffc931e9000-7ffc931eb000 r-xp 00000000 00:00 0                          [vdso]
ffffffffff600000-ffffffffff601000 --xp 00000000 00:00 0                  [vsyscall]


VM Arguments:
jvm_args: -javaagent:/snap/intellij-idea-ultimate/430/lib/idea_rt.jar=35813:/snap/intellij-idea-ultimate/430/bin -Dfile.encoding=UTF-8 
java_command: tutorials.hello_world
java_class_path (initial): /home/nidhal/IdeaProjects/JMEOS/target/classes:/home/nidhal/.m2/repository/com/github/jnr/jnr-ffi/2.2.11/jnr-ffi-2.2.11.jar:/home/nidhal/.m2/repository/com/github/jnr/jffi/1.3.9/jffi-1.3.9.jar:/home/nidhal/.m2/repository/com/github/jnr/jffi/1.3.9/jffi-1.3.9-native.jar:/home/nidhal/.m2/repository/org/ow2/asm/asm/9.2/asm-9.2.jar:/home/nidhal/.m2/repository/org/ow2/asm/asm-commons/9.2/asm-commons-9.2.jar:/home/nidhal/.m2/repository/org/ow2/asm/asm-analysis/9.2/asm-analysis-9.2.jar:/home/nidhal/.m2/repository/org/ow2/asm/asm-tree/9.2/asm-tree-9.2.jar:/home/nidhal/.m2/repository/org/ow2/asm/asm-util/9.2/asm-util-9.2.jar:/home/nidhal/.m2/repository/com/github/jnr/jnr-a64asm/1.0.0/jnr-a64asm-1.0.0.jar:/home/nidhal/.m2/repository/com/github/jnr/jnr-x86asm/1.0.2/jnr-x86asm-1.0.2.jar:/home/nidhal/.m2/repository/org/hibernate/orm/hibernate-core/6.2.2.Final/hibernate-core-6.2.2.Final.jar:/home/nidhal/.m2/repository/jakarta/persistence/jakarta.persistence-api/3.1.0/jakarta.persistence-api-3.1.0.jar:/home/nidhal/.m2/repository/jakarta/transaction/jakarta.transaction-api/2.0.1/jakarta.transaction-api-2.0.1.jar:/home/nidhal/.m2/repository/org/jboss/logging/jboss-logging/3.5.0.Final/jboss-logging-3.5.0.Final.jar:/home/nidhal/.m2/repository/org/hibernate/common/hibernate-commons-annotations/6.0.6.Final/hibernate-commons-annotations-6.0.6.Final.jar:/home/nidhal/.m2/repository/io/smallrye/jandex/3.0.5/jandex-3.0.5.jar:/home/nidhal/.m2/repository/com/fasterxml/classmate/1.5.1/classmate-1.5.1.jar:/home/nidhal/.m2/repository/net/bytebuddy/byte-buddy/1.12.18/byte-buddy-1.12.18.jar:/home/nidhal/.m2/repository/jakarta/xml/bind/jakarta.xml.bind-api/4.0.0/jakarta.xml.bind-api-4.0.0.jar:/home/nidhal/.m2/repository/jakarta/activation/jakarta.activation-api/2.1.0/jakarta.activation-api-2.1.0.jar:/home/nidhal/.m2/repository/org/glassfish/jaxb/jaxb-runtime/4.0.2/jaxb-runtime-4.0.2.jar:/home/nidhal/.m2/repository/org/glassfish/jaxb/jaxb-core/4.0.2/jaxb-core-4.0.2.jar:/ho
Launcher Type: SUN_STANDARD

[Global flags]
     intx CICompilerCount                          = 3                                         {product} {ergonomic}
     uint ConcGCThreads                            = 1                                         {product} {ergonomic}
     uint G1ConcRefinementThreads                  = 4                                         {product} {ergonomic}
   size_t G1HeapRegionSize                         = 1048576                                   {product} {ergonomic}
    uintx GCDrainStackTargetSize                   = 64                                        {product} {ergonomic}
   size_t InitialHeapSize                          = 130023424                                 {product} {ergonomic}
   size_t MarkStackSize                            = 4194304                                   {product} {ergonomic}
   size_t MaxHeapSize                              = 2057306112                                {product} {ergonomic}
   size_t MaxNewSize                               = 1234173952                                {product} {ergonomic}
   size_t MinHeapDeltaBytes                        = 1048576                                   {product} {ergonomic}
   size_t MinHeapSize                              = 8388608                                   {product} {ergonomic}
    uintx NonNMethodCodeHeapSize                   = 5832780                                {pd product} {ergonomic}
    uintx NonProfiledCodeHeapSize                  = 122912730                              {pd product} {ergonomic}
    uintx ProfiledCodeHeapSize                     = 122912730                              {pd product} {ergonomic}
    uintx ReservedCodeCacheSize                    = 251658240                              {pd product} {ergonomic}
     bool SegmentedCodeCache                       = true                                      {product} {ergonomic}
   size_t SoftMaxHeapSize                          = 2057306112                             {manageable} {ergonomic}
     bool UseCompressedClassPointers               = true                           {product lp64_product} {ergonomic}
     bool UseCompressedOops                        = true                           {product lp64_product} {ergonomic}
     bool UseG1GC                                  = true                                      {product} {ergonomic}

Logging:
Log output configuration:
 #0: stdout all=warning uptime,level,tags
 #1: stderr all=off uptime,level,tags

Environment Variables:
JAVA_HOME=/opt/jdk-13.0.2
PATH=/home/nidhal/.local/bin:/usr/local/sbin:/usr/local/bin:/usr/sbin:/usr/bin:/sbin:/bin:/usr/games:/usr/local/games:/snap/bin:/snap/bin/opt/jdk-13.0.2/bin
USERNAME=nidhal
SHELL=/bin/bash
DISPLAY=:0
LANG=fr_FR.UTF-8

Active Locale:
LC_ALL=fr_FR.UTF-8
LC_COLLATE=fr_FR.UTF-8
LC_CTYPE=fr_FR.UTF-8
LC_MESSAGES=fr_FR.UTF-8
LC_MONETARY=fr_FR.UTF-8
LC_NUMERIC=fr_FR.UTF-8
LC_TIME=fr_FR.UTF-8

Signal Handlers:
   SIGSEGV: crash_handler in libjvm.so, mask=11100100010111111101111111111110, flags=SA_RESTART|SA_SIGINFO, unblocked
    SIGBUS: crash_handler in libjvm.so, mask=11100100010111111101111111111110, flags=SA_RESTART|SA_SIGINFO, unblocked
    SIGFPE: crash_handler in libjvm.so, mask=11100100010111111101111111111110, flags=SA_RESTART|SA_SIGINFO, unblocked
   SIGPIPE: javaSignalHandler in libjvm.so, mask=11100100010111111101111111111110, flags=SA_RESTART|SA_SIGINFO, blocked
   SIGXFSZ: javaSignalHandler in libjvm.so, mask=11100100010111111101111111111110, flags=SA_RESTART|SA_SIGINFO, blocked
    SIGILL: crash_handler in libjvm.so, mask=11100100010111111101111111111110, flags=SA_RESTART|SA_SIGINFO, unblocked
   SIGUSR2: SR_handler in libjvm.so, mask=00100000000000000000000000000000, flags=SA_RESTART|SA_SIGINFO, blocked
    SIGHUP: UserHandler in libjvm.so, mask=11100100010111111101111111111110, flags=SA_RESTART|SA_SIGINFO, blocked
    SIGINT: UserHandler in libjvm.so, mask=11100100010111111101111111111110, flags=SA_RESTART|SA_SIGINFO, blocked
   SIGTERM: UserHandler in libjvm.so, mask=11100100010111111101111111111110, flags=SA_RESTART|SA_SIGINFO, blocked
   SIGQUIT: UserHandler in libjvm.so, mask=11100100010111111101111111111110, flags=SA_RESTART|SA_SIGINFO, blocked
   SIGTRAP: crash_handler in libjvm.so, mask=11100100010111111101111111111110, flags=SA_RESTART|SA_SIGINFO, unblocked


---------------  S Y S T E M  ---------------

OS:
DISTRIB_ID=Ubuntu
DISTRIB_RELEASE=22.04
DISTRIB_CODENAME=jammy
DISTRIB_DESCRIPTION="Ubuntu 22.04.2 LTS"
uname: Linux 5.19.0-42-generic #43~22.04.1-Ubuntu SMP PREEMPT_DYNAMIC Fri Apr 21 16:51:08 UTC 2 x86_64
OS uptime: 0 days 4:57 hours
libc: glibc 2.35 NPTL 2.35 
rlimit (soft/hard): STACK 8192k/infinity , CORE 0k/infinity , NPROC 31051/31051 , NOFILE 1048576/1048576 , AS infinity/infinity , CPU infinity/infinity , DATA infinity/infinity , FSIZE infinity/infinity , MEMLOCK 1003616k/1003616k
load average: 3,74 3,34 3,41

/proc/meminfo:
MemTotal:        8028956 kB
MemFree:          254956 kB
MemAvailable:    2579648 kB
Buffers:          236636 kB
Cached:          2392076 kB
SwapCached:        28884 kB
Active:          2273996 kB
Inactive:        4609676 kB
Active(anon):    1239868 kB
Inactive(anon):  3421388 kB
Active(file):    1034128 kB
Inactive(file):  1188288 kB
Unevictable:       75884 kB
Mlocked:              16 kB
SwapTotal:       2097148 kB
SwapFree:        1296124 kB
Zswap:                 0 kB
Zswapped:              0 kB
Dirty:              3896 kB
Writeback:             0 kB
AnonPages:       4319032 kB
Mapped:           918244 kB
Shmem:            412152 kB
KReclaimable:     407444 kB
Slab:             645492 kB
SReclaimable:     407444 kB
SUnreclaim:       238048 kB
KernelStack:       21788 kB
PageTables:        44708 kB
NFS_Unstable:          0 kB
Bounce:                0 kB
WritebackTmp:          0 kB
CommitLimit:     6111624 kB
Committed_AS:   12628656 kB
VmallocTotal:   34359738367 kB
VmallocUsed:       77816 kB
VmallocChunk:          0 kB
Percpu:             5680 kB
HardwareCorrupted:     0 kB
AnonHugePages:         0 kB
ShmemHugePages:        0 kB
ShmemPmdMapped:        0 kB
FileHugePages:         0 kB
FilePmdMapped:         0 kB
HugePages_Total:       0
HugePages_Free:        0
HugePages_Rsvd:        0
HugePages_Surp:        0
Hugepagesize:       2048 kB
Hugetlb:               0 kB
DirectMap4k:      489240 kB
DirectMap2M:     7788544 kB
DirectMap1G:           0 kB

/sys/kernel/mm/transparent_hugepage/enabled: always [madvise] never
/sys/kernel/mm/transparent_hugepage/defrag (defrag/compaction efforts parameter): always defer defer+madvise [madvise] never

Process Memory:
Virtual Size: 5231660K (peak: 5231660K)
Resident Set Size: 84684K (peak: 84684K) (anon: 45500K, file: 39184K, shmem: 0K)
Swapped out: 0K
C-Heap outstanding allocations: 23592K, retained: 3339K
glibc malloc tunables: (default)

/proc/sys/kernel/threads-max (system-wide limit on the number of threads): 62103
/proc/sys/vm/max_map_count (maximum number of memory map areas a process may have): 65530
/proc/sys/kernel/pid_max (system-wide limit on number of process identifiers): 4194304

container (cgroup) information:
container_type: cgroupv2
cpu_cpuset_cpus: not supported
cpu_memory_nodes: not supported
active_processor_count: 4
cpu_quota: not supported
cpu_period: not supported
cpu_shares: not supported
memory_limit_in_bytes: unlimited
memory_and_swap_limit_in_bytes: unlimited
memory_soft_limit_in_bytes: unlimited
memory_usage_in_bytes: 3423232 k
memory_max_usage_in_bytes: not supported
memory_swap_current_in_bytes: 458780 k
memory_swap_max_limit_in_bytes: unlimited
maximum number of tasks: 9315
current number of tasks: 232

Steal ticks since vm start: 0
Steal ticks percentage since vm start:  0,000

CPU: total 4 (initial active 4) (2 cores per cpu, 2 threads per core) family 6 model 78 stepping 3 microcode 0xf0, cx8, cmov, fxsr, ht, mmx, 3dnowpref, sse, sse2, sse3, ssse3, sse4.1, sse4.2, popcnt, lzcnt, tsc, tscinvbit, avx, avx2, aes, erms, clmul, bmi1, bmi2, adx, fma, vzeroupper, clflush, clflushopt
CPU Model and flags from /proc/cpuinfo:
model name	: Intel(R) Core(TM) i3-6100U CPU @ 2.30GHz
flags		: fpu vme de pse tsc msr pae mce cx8 apic sep mtrr pge mca cmov pat pse36 clflush dts acpi mmx fxsr sse sse2 ss ht tm pbe syscall nx pdpe1gb rdtscp lm constant_tsc art arch_perfmon pebs bts rep_good nopl xtopology nonstop_tsc cpuid aperfmperf pni pclmulqdq dtes64 monitor ds_cpl est tm2 ssse3 sdbg fma cx16 xtpr pdcm pcid sse4_1 sse4_2 x2apic movbe popcnt tsc_deadline_timer aes xsave avx f16c rdrand lahf_lm abm 3dnowprefetch cpuid_fault epb invpcid_single pti ssbd ibrs ibpb stibp fsgsbase tsc_adjust bmi1 avx2 smep bmi2 erms invpcid mpx rdseed adx smap clflushopt intel_pt xsaveopt xsavec xgetbv1 xsaves dtherm ida arat pln pts hwp hwp_notify hwp_act_window hwp_epp md_clear flush_l1d arch_capabilities

Online cpus: 0-3
Offline cpus: 
BIOS frequency limitation: <Not Available>
Frequency switch latency (ns): 0
Available cpu frequencies: <Not Available>
Current governor: powersave
Core performance/turbo boost: <Not Available>

Memory: 4k page, physical 8028956k(253960k free), swap 2097148k(1296124k free)
Page Sizes: 4k

vm_info: OpenJDK 64-Bit Server VM (17.0.7+7-Ubuntu-0ubuntu122.04.2) for linux-amd64 JRE (17.0.7+7-Ubuntu-0ubuntu122.04.2), built on May 10 2023 04:02:16 by "buildd" with gcc 11.3.0

END.
