#
# A fatal error has been detected by the Java Runtime Environment:
#
#  SIGSEGV (0xb) at pc=0x00007ff78f724979, pid=316995, tid=316997
#
# JRE version: OpenJDK Runtime Environment (17.0.7+7) (build 17.0.7+7-Ubuntu-0ubuntu122.04.2)
# Java VM: OpenJDK 64-Bit Server VM (17.0.7+7-Ubuntu-0ubuntu122.04.2, mixed mode, sharing, tiered, compressed oops, compressed class ptrs, g1 gc, linux-amd64)
# Problematic frame:
# C  [libmeos.so+0xa8979]  pg_next_dst_boundary+0x29
#
# Core dump will be written. Default location: Core dumps may be processed with "/usr/share/apport/apport -p%p -s%s -c%c -d%d -P%P -u%u -g%g -- %E" (or dumping to /home/nidhal/IdeaProjects/JMEOS/core.316995)
#
# If you would like to submit a bug report, please visit:
#   Unknown
# The crash happened outside the Java Virtual Machine in native code.
# See problematic frame for where to report the bug.
#

---------------  S U M M A R Y ------------

Command Line: -javaagent:/snap/intellij-idea-ultimate/430/lib/idea_rt.jar=40673:/snap/intellij-idea-ultimate/430/bin -Dfile.encoding=UTF-8 tutorials.hello_world

Host: Intel(R) Core(TM) i3-6100U CPU @ 2.30GHz, 4 cores, 7G, Ubuntu 22.04.2 LTS
Time: Mon May 29 21:54:22 2023 CEST elapsed time: 1.018555 seconds (0d 0h 0m 1s)

---------------  T H R E A D  ---------------

Current thread (0x00007ff7d4016800):  JavaThread "main" [_thread_in_native, id=316997, stack(0x00007ff7db500000,0x00007ff7db600000)]

Stack: [0x00007ff7db500000,0x00007ff7db600000],  sp=0x00007ff7db5fdfa0,  free space=1015k
Native frames: (J=compiled Java code, j=interpreted, Vv=VM code, C=native code)
C  [libmeos.so+0xa8979]  pg_next_dst_boundary+0x29

Java frames: (J=compiled Java code, j=interpreted, Vv=VM code)
j  com.kenai.jffi.Foreign.invokeN1O1(JJJLjava/lang/Object;III)J+0
j  com.kenai.jffi.Invoker.invokeN1(Lcom/kenai/jffi/CallContext;JJILjava/lang/Object;Lcom/kenai/jffi/ObjectParameterStrategy;Lcom/kenai/jffi/ObjectParameterInfo;)J+57
j  tutorials.hello_world$MeosLibrary$jnr$ffi$0.tgeogpoint_in(Ljava/lang/String;)Ljnr/ffi/Pointer;+75
j  tutorials.hello_world.main([Ljava/lang/String;)V+93
v  ~StubRoutines::call_stub

siginfo: si_signo: 11 (SIGSEGV), si_code: 1 (SEGV_MAPERR), si_addr: 0x0000000000000104

Register to memory mapping:

RAX=0x0 is NULL
RBX=0x0 is NULL
RCX=0x00007ff7db5fe000 is pointing into the stack for thread: 0x00007ff7d4016800
RDX=0x00007ff7db5fdff0 is pointing into the stack for thread: 0x00007ff7d4016800
RSP=0x00007ff7db5fdfa0 is pointing into the stack for thread: 0x00007ff7d4016800
RBP=0x00000000386bf200 is an unknown value
RSI=0x00007ff7db5fe008 is pointing into the stack for thread: 0x00007ff7d4016800
RDI=0x00007ff7db5fdff8 is pointing into the stack for thread: 0x00007ff7d4016800
R8 =0x00007ff7db5fe010 is pointing into the stack for thread: 0x00007ff7d4016800
R9 =0x00007ff7db5fdff4 is pointing into the stack for thread: 0x00007ff7d4016800
R10=0x00007ff7db5fdff0 is pointing into the stack for thread: 0x00007ff7d4016800
R11=0x00007ff78f724950: pg_next_dst_boundary+0x0000000000000000 in /usr/local/lib/libmeos.so at 0x00007ff78f67c000
R12=0x00007ff7db5fe050 is pointing into the stack for thread: 0x00007ff7d4016800
R13=0x0 is NULL
R14=0x0 is NULL
R15=0x00007ff7db5fe1c0 is pointing into the stack for thread: 0x00007ff7d4016800


Registers:
RAX=0x0000000000000000, RBX=0x0000000000000000, RCX=0x00007ff7db5fe000, RDX=0x00007ff7db5fdff0
RSP=0x00007ff7db5fdfa0, RBP=0x00000000386bf200, RSI=0x00007ff7db5fe008, RDI=0x00007ff7db5fdff8
R8 =0x00007ff7db5fe010, R9 =0x00007ff7db5fdff4, R10=0x00007ff7db5fdff0, R11=0x00007ff78f724950
R12=0x00007ff7db5fe050, R13=0x0000000000000000, R14=0x0000000000000000, R15=0x00007ff7db5fe1c0
RIP=0x00007ff78f724979, EFLAGS=0x0000000000010246, CSGSFS=0x002b000000000033, ERR=0x0000000000000004
  TRAPNO=0x000000000000000e

Top of Stack: (sp=0x00007ff7db5fdfa0)
0x00007ff7db5fdfa0:   00000000ffffffff b59c066e62c91f00
0x00007ff7db5fdfb0:   00007ff78f6949c8 00007ff7db5fe1c0
0x00007ff7db5fdfc0:   00000000386d4380 00007ff7db5fe050
0x00007ff7db5fdfd0:   0000000000000000 00007ff78f72625c 

Instructions: (pc=0x00007ff78f724979)
0x00007ff78f724879:   00 00 00 00 0f 1f 00 f3 0f 1e fa 49 89 f8 48 8d
0x00007ff78f724889:   be 00 01 00 00 4c 89 c6 e9 ca fd ff ff 66 2e 0f
0x00007ff78f724899:   1f 84 00 00 00 00 00 f3 0f 1e fa 41 55 41 54 55
0x00007ff78f7248a9:   48 89 fd 53 48 83 ec 08 48 8b 1d 68 89 0d 00 48
0x00007ff78f7248b9:   85 db 74 2b 48 8b 7d 00 48 89 da 31 f6 48 81 c3
0x00007ff78f7248c9:   68 56 00 00 e8 ce df ff ff 48 89 1d 97 89 0d 00
0x00007ff78f7248d9:   48 83 c4 08 5b 5d 41 5c 41 5d c3 0f 1f 40 00 bf
0x00007ff78f7248e9:   90 5b 00 00 e8 8e 66 f9 ff 48 89 05 27 89 0d 00
0x00007ff78f7248f9:   49 89 c4 48 85 c0 74 d8 4c 8d 2d 38 5a 08 00 31
0x00007ff78f724909:   f6 b9 01 00 00 00 48 89 c2 4c 89 ef e8 56 72 f9
0x00007ff78f724919:   ff 85 c0 75 12 48 8b 1d fb 88 0d 00 eb 96 66 0f
0x00007ff78f724929:   1f 84 00 00 00 00 00 ba 01 00 00 00 4c 89 e6 4c
0x00007ff78f724939:   89 ef e8 60 70 f9 ff eb dc 66 66 2e 0f 1f 84 00
0x00007ff78f724949:   00 00 00 00 0f 1f 00 f3 0f 1e fa 41 55 49 89 d2
0x00007ff78f724959:   41 54 55 53 48 83 ec 18 48 8b 2f 64 48 8b 04 25
0x00007ff78f724969:   28 00 00 00 48 89 44 24 08 31 c0 48 8b 5c 24 40
0x00007ff78f724979:   44 8b 9b 04 01 00 00 45 85 db 0f 84 27 02 00 00
0x00007ff78f724989:   80 bb 10 01 00 00 00 49 89 cc 75 6b 41 8d 53 ff
0x00007ff78f724999:   80 bb 11 01 00 00 00 48 63 ca 48 8b 84 cb 18 01
0x00007ff78f7249a9:   00 00 0f 84 ef 00 00 00 48 39 c5 0f 8e e6 00 00
0x00007ff78f7249b9:   00 48 8b 8b 18 01 00 00 48 39 e9 7f 46 48 bf e7
0x00007ff78f7249c9:   58 ef 44 46 ef 35 ae 48 89 ea 48 29 c2 48 83 ea
0x00007ff78f7249d9:   01 48 89 d0 48 f7 e7 48 b8 80 59 60 f0 02 00 00
0x00007ff78f7249e9:   00 48 c1 ea 21 4c 8d 6a 01 4c 0f af e8 48 89 e8
0x00007ff78f7249f9:   4c 29 e8 eb 43 66 90 48 8b 8b 18 01 00 00 48 39
0x00007ff78f724a09:   e9 7e 89 48 bf e7 58 ef 44 46 ef 35 ae 48 89 ca
0x00007ff78f724a19:   48 29 ea 48 83 ea 01 48 89 d0 48 f7 e7 48 b8 80
0x00007ff78f724a29:   59 60 f0 02 00 00 00 48 c1 ea 21 4c 8d 6a 01 4c
0x00007ff78f724a39:   0f af e8 4a 8d 44 2d 00 48 89 04 24 48 39 c1 0f
0x00007ff78f724a49:   8f 12 02 00 00 41 8d 53 ff 41 bb ff ff ff ff 48
0x00007ff78f724a59:   63 d2 48 39 84 d3 18 01 00 00 0f 8c 83 01 00 00
0x00007ff78f724a69:   48 89 e7 48 83 ec 08 4c 89 d2 4c 89 e1 53 e8 d4 


Stack slot to memory mapping:
stack at sp + 0 slots: 0x00000000ffffffff points into unknown readable memory: 00
stack at sp + 1 slots: 0xb59c066e62c91f00 is an unknown value
stack at sp + 2 slots: 0x00007ff78f6949c8: <offset 0x00000000000189c8> in /usr/local/lib/libmeos.so at 0x00007ff78f67c000
stack at sp + 3 slots: 0x00007ff7db5fe1c0 is pointing into the stack for thread: 0x00007ff7d4016800
stack at sp + 4 slots: 0x00000000386d4380 is an unknown value
stack at sp + 5 slots: 0x00007ff7db5fe050 is pointing into the stack for thread: 0x00007ff7d4016800
stack at sp + 6 slots: 0x0 is NULL
stack at sp + 7 slots: 0x00007ff78f72625c: <offset 0x00000000000aa25c> in /usr/local/lib/libmeos.so at 0x00007ff78f67c000


---------------  P R O C E S S  ---------------

Threads class SMR info:
_java_thread_list=0x00007ff7d42fb800, length=12, elements={
0x00007ff7d4016800, 0x00007ff7d4115880, 0x00007ff7d4116c60, 0x00007ff7d411c410,
0x00007ff7d411d7c0, 0x00007ff7d411ebd0, 0x00007ff7d4120580, 0x00007ff7d4121ab0,
0x00007ff7d4122f20, 0x00007ff7d412e130, 0x00007ff7d42f91b0, 0x00007ff7d42fa900
}

Java Threads: ( => current thread )
=>0x00007ff7d4016800 JavaThread "main" [_thread_in_native, id=316997, stack(0x00007ff7db500000,0x00007ff7db600000)]
  0x00007ff7d4115880 JavaThread "Reference Handler" daemon [_thread_blocked, id=317011, stack(0x00007ff7b8b7b000,0x00007ff7b8c7b000)]
  0x00007ff7d4116c60 JavaThread "Finalizer" daemon [_thread_blocked, id=317012, stack(0x00007ff7b8a7b000,0x00007ff7b8b7b000)]
  0x00007ff7d411c410 JavaThread "Signal Dispatcher" daemon [_thread_blocked, id=317014, stack(0x00007ff7b8100000,0x00007ff7b8200000)]
  0x00007ff7d411d7c0 JavaThread "Service Thread" daemon [_thread_blocked, id=317016, stack(0x00007ff7b8000000,0x00007ff7b8100000)]
  0x00007ff7d411ebd0 JavaThread "Monitor Deflation Thread" daemon [_thread_blocked, id=317017, stack(0x00007ff78ff00000,0x00007ff790000000)]
  0x00007ff7d4120580 JavaThread "C2 CompilerThread0" daemon [_thread_blocked, id=317018, stack(0x00007ff78fe00000,0x00007ff78ff00000)]
  0x00007ff7d4121ab0 JavaThread "C1 CompilerThread0" daemon [_thread_blocked, id=317019, stack(0x00007ff78fd00000,0x00007ff78fe00000)]
  0x00007ff7d4122f20 JavaThread "Sweeper thread" daemon [_thread_blocked, id=317020, stack(0x00007ff78fc00000,0x00007ff78fd00000)]
  0x00007ff7d412e130 JavaThread "Common-Cleaner" daemon [_thread_blocked, id=317026, stack(0x00007ff78fb00000,0x00007ff78fc00000)]
  0x00007ff7d42f91b0 JavaThread "Monitor Ctrl-Break" daemon [_thread_in_native, id=317049, stack(0x00007ff78fa00000,0x00007ff78fb00000)]
  0x00007ff7d42fa900 JavaThread "Notification Thread" daemon [_thread_blocked, id=317050, stack(0x00007ff78f900000,0x00007ff78fa00000)]

Other Threads:
  0x00007ff7d41117d0 VMThread "VM Thread" [stack: 0x00007ff7b8c7d000,0x00007ff7b8d7d000] [id=317009]
  0x00007ff7d4019310 WatcherThread [stack: 0x00007ff78f800000,0x00007ff78f900000] [id=317051]
  0x00007ff7d406fee0 GCTaskThread "GC Thread#0" [stack: 0x00007ff7d80ff000,0x00007ff7d81ff000] [id=317002]
  0x00007ff7980051a0 GCTaskThread "GC Thread#1" [stack: 0x00007ff78da35000,0x00007ff78db35000] [id=317057]
  0x00007ff798005c20 GCTaskThread "GC Thread#2" [stack: 0x00007ff78d933000,0x00007ff78da33000] [id=317058]
  0x00007ff79800bc70 GCTaskThread "GC Thread#3" [stack: 0x00007ff78d831000,0x00007ff78d931000] [id=317059]
  0x00007ff7d4080a00 ConcurrentGCThread "G1 Main Marker" [stack: 0x00007ff7d3f00000,0x00007ff7d4000000] [id=317004]
  0x00007ff7d4081960 ConcurrentGCThread "G1 Conc#0" [stack: 0x00007ff7bb458000,0x00007ff7bb558000] [id=317005]
  0x00007ff7d40e6050 ConcurrentGCThread "G1 Refine#0" [stack: 0x00007ff7b8f52000,0x00007ff7b9052000] [id=317006]
  0x00007ff7d40e6f40 ConcurrentGCThread "G1 Service" [stack: 0x00007ff7b8e50000,0x00007ff7b8f50000] [id=317007]

Threads with active compile tasks:

VM state: not at safepoint (normal execution)

VM Mutex/Monitor currently owned by a thread: None

Heap address: 0x0000000085600000, size: 1962 MB, Compressed Oops mode: 32-bit

CDS archive(s) mapped at: [0x0000000800000000-0x0000000800be2000-0x0000000800be2000), size 12460032, SharedBaseAddress: 0x0000000800000000, ArchiveRelocationMode: 0.
Compressed class space mapped at: 0x0000000801000000-0x0000000841000000, reserved size: 1073741824
Narrow klass base: 0x0000000800000000, Narrow klass shift: 0, Narrow klass range: 0x100000000

GC Precious Log:
 CPUs: 4 total, 4 available
 Memory: 7840M
 Large Page Support: Disabled
 NUMA Support: Disabled
 Compressed Oops: Enabled (32-bit)
 Heap Region Size: 1M
 Heap Min Capacity: 8M
 Heap Initial Capacity: 124M
 Heap Max Capacity: 1962M
 Pre-touch: Disabled
 Parallel Workers: 4
 Concurrent Workers: 1
 Concurrent Refinement Workers: 4
 Periodic GC: Disabled

Heap:
 garbage-first heap   total 129024K, used 4633K [0x0000000085600000, 0x0000000100000000)
  region size 1024K, 3 young (3072K), 2 survivors (2048K)
 Metaspace       used 5011K, committed 5120K, reserved 1114112K
  class space    used 494K, committed 512K, reserved 1048576K

Heap Regions: E=young(eden), S=young(survivor), O=old, HS=humongous(starts), HC=humongous(continues), CS=collection set, F=free, OA=open archive, CA=closed archive, TAMS=top-at-mark-start (previous, next)
|   0|0x0000000085600000, 0x0000000085700000, 0x0000000085700000|100%|HS|  |TAMS 0x0000000085600000, 0x0000000085600000| Complete 
|   1|0x0000000085700000, 0x000000008578e400, 0x0000000085800000| 55%| O|  |TAMS 0x0000000085700000, 0x0000000085700000| Untracked 
|   2|0x0000000085800000, 0x0000000085800000, 0x0000000085900000|  0%| F|  |TAMS 0x0000000085800000, 0x0000000085800000| Untracked 
|   3|0x0000000085900000, 0x0000000085900000, 0x0000000085a00000|  0%| F|  |TAMS 0x0000000085900000, 0x0000000085900000| Untracked 
|   4|0x0000000085a00000, 0x0000000085a00000, 0x0000000085b00000|  0%| F|  |TAMS 0x0000000085a00000, 0x0000000085a00000| Untracked 
|   5|0x0000000085b00000, 0x0000000085b00000, 0x0000000085c00000|  0%| F|  |TAMS 0x0000000085b00000, 0x0000000085b00000| Untracked 
|   6|0x0000000085c00000, 0x0000000085c00000, 0x0000000085d00000|  0%| F|  |TAMS 0x0000000085c00000, 0x0000000085c00000| Untracked 
|   7|0x0000000085d00000, 0x0000000085d00000, 0x0000000085e00000|  0%| F|  |TAMS 0x0000000085d00000, 0x0000000085d00000| Untracked 
|   8|0x0000000085e00000, 0x0000000085e00000, 0x0000000085f00000|  0%| F|  |TAMS 0x0000000085e00000, 0x0000000085e00000| Untracked 
|   9|0x0000000085f00000, 0x0000000085f00000, 0x0000000086000000|  0%| F|  |TAMS 0x0000000085f00000, 0x0000000085f00000| Untracked 
|  10|0x0000000086000000, 0x0000000086000000, 0x0000000086100000|  0%| F|  |TAMS 0x0000000086000000, 0x0000000086000000| Untracked 
|  11|0x0000000086100000, 0x0000000086100000, 0x0000000086200000|  0%| F|  |TAMS 0x0000000086100000, 0x0000000086100000| Untracked 
|  12|0x0000000086200000, 0x0000000086200000, 0x0000000086300000|  0%| F|  |TAMS 0x0000000086200000, 0x0000000086200000| Untracked 
|  13|0x0000000086300000, 0x0000000086300000, 0x0000000086400000|  0%| F|  |TAMS 0x0000000086300000, 0x0000000086300000| Untracked 
|  14|0x0000000086400000, 0x0000000086400000, 0x0000000086500000|  0%| F|  |TAMS 0x0000000086400000, 0x0000000086400000| Untracked 
|  15|0x0000000086500000, 0x0000000086500000, 0x0000000086600000|  0%| F|  |TAMS 0x0000000086500000, 0x0000000086500000| Untracked 
|  16|0x0000000086600000, 0x0000000086600000, 0x0000000086700000|  0%| F|  |TAMS 0x0000000086600000, 0x0000000086600000| Untracked 
|  17|0x0000000086700000, 0x0000000086700000, 0x0000000086800000|  0%| F|  |TAMS 0x0000000086700000, 0x0000000086700000| Untracked 
|  18|0x0000000086800000, 0x0000000086800000, 0x0000000086900000|  0%| F|  |TAMS 0x0000000086800000, 0x0000000086800000| Untracked 
|  19|0x0000000086900000, 0x0000000086900000, 0x0000000086a00000|  0%| F|  |TAMS 0x0000000086900000, 0x0000000086900000| Untracked 
|  20|0x0000000086a00000, 0x0000000086a00000, 0x0000000086b00000|  0%| F|  |TAMS 0x0000000086a00000, 0x0000000086a00000| Untracked 
|  21|0x0000000086b00000, 0x0000000086b00000, 0x0000000086c00000|  0%| F|  |TAMS 0x0000000086b00000, 0x0000000086b00000| Untracked 
|  22|0x0000000086c00000, 0x0000000086c00000, 0x0000000086d00000|  0%| F|  |TAMS 0x0000000086c00000, 0x0000000086c00000| Untracked 
|  23|0x0000000086d00000, 0x0000000086d00000, 0x0000000086e00000|  0%| F|  |TAMS 0x0000000086d00000, 0x0000000086d00000| Untracked 
|  24|0x0000000086e00000, 0x0000000086e00000, 0x0000000086f00000|  0%| F|  |TAMS 0x0000000086e00000, 0x0000000086e00000| Untracked 
|  25|0x0000000086f00000, 0x0000000086f00000, 0x0000000087000000|  0%| F|  |TAMS 0x0000000086f00000, 0x0000000086f00000| Untracked 
|  26|0x0000000087000000, 0x0000000087000000, 0x0000000087100000|  0%| F|  |TAMS 0x0000000087000000, 0x0000000087000000| Untracked 
|  27|0x0000000087100000, 0x0000000087100000, 0x0000000087200000|  0%| F|  |TAMS 0x0000000087100000, 0x0000000087100000| Untracked 
|  28|0x0000000087200000, 0x0000000087200000, 0x0000000087300000|  0%| F|  |TAMS 0x0000000087200000, 0x0000000087200000| Untracked 
|  29|0x0000000087300000, 0x0000000087300000, 0x0000000087400000|  0%| F|  |TAMS 0x0000000087300000, 0x0000000087300000| Untracked 
|  30|0x0000000087400000, 0x0000000087400000, 0x0000000087500000|  0%| F|  |TAMS 0x0000000087400000, 0x0000000087400000| Untracked 
|  31|0x0000000087500000, 0x0000000087500000, 0x0000000087600000|  0%| F|  |TAMS 0x0000000087500000, 0x0000000087500000| Untracked 
|  32|0x0000000087600000, 0x0000000087600000, 0x0000000087700000|  0%| F|  |TAMS 0x0000000087600000, 0x0000000087600000| Untracked 
|  33|0x0000000087700000, 0x0000000087700000, 0x0000000087800000|  0%| F|  |TAMS 0x0000000087700000, 0x0000000087700000| Untracked 
|  34|0x0000000087800000, 0x0000000087800000, 0x0000000087900000|  0%| F|  |TAMS 0x0000000087800000, 0x0000000087800000| Untracked 
|  35|0x0000000087900000, 0x0000000087900000, 0x0000000087a00000|  0%| F|  |TAMS 0x0000000087900000, 0x0000000087900000| Untracked 
|  36|0x0000000087a00000, 0x0000000087a00000, 0x0000000087b00000|  0%| F|  |TAMS 0x0000000087a00000, 0x0000000087a00000| Untracked 
|  37|0x0000000087b00000, 0x0000000087b00000, 0x0000000087c00000|  0%| F|  |TAMS 0x0000000087b00000, 0x0000000087b00000| Untracked 
|  38|0x0000000087c00000, 0x0000000087c00000, 0x0000000087d00000|  0%| F|  |TAMS 0x0000000087c00000, 0x0000000087c00000| Untracked 
|  39|0x0000000087d00000, 0x0000000087d00000, 0x0000000087e00000|  0%| F|  |TAMS 0x0000000087d00000, 0x0000000087d00000| Untracked 
|  40|0x0000000087e00000, 0x0000000087e00000, 0x0000000087f00000|  0%| F|  |TAMS 0x0000000087e00000, 0x0000000087e00000| Untracked 
|  41|0x0000000087f00000, 0x0000000087f00000, 0x0000000088000000|  0%| F|  |TAMS 0x0000000087f00000, 0x0000000087f00000| Untracked 
|  42|0x0000000088000000, 0x0000000088000000, 0x0000000088100000|  0%| F|  |TAMS 0x0000000088000000, 0x0000000088000000| Untracked 
|  43|0x0000000088100000, 0x0000000088100000, 0x0000000088200000|  0%| F|  |TAMS 0x0000000088100000, 0x0000000088100000| Untracked 
|  44|0x0000000088200000, 0x0000000088200000, 0x0000000088300000|  0%| F|  |TAMS 0x0000000088200000, 0x0000000088200000| Untracked 
|  45|0x0000000088300000, 0x0000000088300000, 0x0000000088400000|  0%| F|  |TAMS 0x0000000088300000, 0x0000000088300000| Untracked 
|  46|0x0000000088400000, 0x0000000088400000, 0x0000000088500000|  0%| F|  |TAMS 0x0000000088400000, 0x0000000088400000| Untracked 
|  47|0x0000000088500000, 0x0000000088500000, 0x0000000088600000|  0%| F|  |TAMS 0x0000000088500000, 0x0000000088500000| Untracked 
|  48|0x0000000088600000, 0x0000000088600000, 0x0000000088700000|  0%| F|  |TAMS 0x0000000088600000, 0x0000000088600000| Untracked 
|  49|0x0000000088700000, 0x0000000088700000, 0x0000000088800000|  0%| F|  |TAMS 0x0000000088700000, 0x0000000088700000| Untracked 
|  50|0x0000000088800000, 0x0000000088800000, 0x0000000088900000|  0%| F|  |TAMS 0x0000000088800000, 0x0000000088800000| Untracked 
|  51|0x0000000088900000, 0x0000000088900000, 0x0000000088a00000|  0%| F|  |TAMS 0x0000000088900000, 0x0000000088900000| Untracked 
|  52|0x0000000088a00000, 0x0000000088a00000, 0x0000000088b00000|  0%| F|  |TAMS 0x0000000088a00000, 0x0000000088a00000| Untracked 
|  53|0x0000000088b00000, 0x0000000088b00000, 0x0000000088c00000|  0%| F|  |TAMS 0x0000000088b00000, 0x0000000088b00000| Untracked 
|  54|0x0000000088c00000, 0x0000000088c00000, 0x0000000088d00000|  0%| F|  |TAMS 0x0000000088c00000, 0x0000000088c00000| Untracked 
|  55|0x0000000088d00000, 0x0000000088d00000, 0x0000000088e00000|  0%| F|  |TAMS 0x0000000088d00000, 0x0000000088d00000| Untracked 
|  56|0x0000000088e00000, 0x0000000088e00000, 0x0000000088f00000|  0%| F|  |TAMS 0x0000000088e00000, 0x0000000088e00000| Untracked 
|  57|0x0000000088f00000, 0x0000000088f00000, 0x0000000089000000|  0%| F|  |TAMS 0x0000000088f00000, 0x0000000088f00000| Untracked 
|  58|0x0000000089000000, 0x0000000089000000, 0x0000000089100000|  0%| F|  |TAMS 0x0000000089000000, 0x0000000089000000| Untracked 
|  59|0x0000000089100000, 0x0000000089100000, 0x0000000089200000|  0%| F|  |TAMS 0x0000000089100000, 0x0000000089100000| Untracked 
|  60|0x0000000089200000, 0x0000000089200000, 0x0000000089300000|  0%| F|  |TAMS 0x0000000089200000, 0x0000000089200000| Untracked 
|  61|0x0000000089300000, 0x0000000089300000, 0x0000000089400000|  0%| F|  |TAMS 0x0000000089300000, 0x0000000089300000| Untracked 
|  62|0x0000000089400000, 0x0000000089400000, 0x0000000089500000|  0%| F|  |TAMS 0x0000000089400000, 0x0000000089400000| Untracked 
|  63|0x0000000089500000, 0x0000000089500000, 0x0000000089600000|  0%| F|  |TAMS 0x0000000089500000, 0x0000000089500000| Untracked 
|  64|0x0000000089600000, 0x0000000089600000, 0x0000000089700000|  0%| F|  |TAMS 0x0000000089600000, 0x0000000089600000| Untracked 
|  65|0x0000000089700000, 0x0000000089700000, 0x0000000089800000|  0%| F|  |TAMS 0x0000000089700000, 0x0000000089700000| Untracked 
|  66|0x0000000089800000, 0x0000000089800000, 0x0000000089900000|  0%| F|  |TAMS 0x0000000089800000, 0x0000000089800000| Untracked 
|  67|0x0000000089900000, 0x0000000089900000, 0x0000000089a00000|  0%| F|  |TAMS 0x0000000089900000, 0x0000000089900000| Untracked 
|  68|0x0000000089a00000, 0x0000000089a00000, 0x0000000089b00000|  0%| F|  |TAMS 0x0000000089a00000, 0x0000000089a00000| Untracked 
|  69|0x0000000089b00000, 0x0000000089b00000, 0x0000000089c00000|  0%| F|  |TAMS 0x0000000089b00000, 0x0000000089b00000| Untracked 
|  70|0x0000000089c00000, 0x0000000089c00000, 0x0000000089d00000|  0%| F|  |TAMS 0x0000000089c00000, 0x0000000089c00000| Untracked 
|  71|0x0000000089d00000, 0x0000000089d00000, 0x0000000089e00000|  0%| F|  |TAMS 0x0000000089d00000, 0x0000000089d00000| Untracked 
|  72|0x0000000089e00000, 0x0000000089e00000, 0x0000000089f00000|  0%| F|  |TAMS 0x0000000089e00000, 0x0000000089e00000| Untracked 
|  73|0x0000000089f00000, 0x0000000089f00000, 0x000000008a000000|  0%| F|  |TAMS 0x0000000089f00000, 0x0000000089f00000| Untracked 
|  74|0x000000008a000000, 0x000000008a000000, 0x000000008a100000|  0%| F|  |TAMS 0x000000008a000000, 0x000000008a000000| Untracked 
|  75|0x000000008a100000, 0x000000008a100000, 0x000000008a200000|  0%| F|  |TAMS 0x000000008a100000, 0x000000008a100000| Untracked 
|  76|0x000000008a200000, 0x000000008a200000, 0x000000008a300000|  0%| F|  |TAMS 0x000000008a200000, 0x000000008a200000| Untracked 
|  77|0x000000008a300000, 0x000000008a300000, 0x000000008a400000|  0%| F|  |TAMS 0x000000008a300000, 0x000000008a300000| Untracked 
|  78|0x000000008a400000, 0x000000008a400000, 0x000000008a500000|  0%| F|  |TAMS 0x000000008a400000, 0x000000008a400000| Untracked 
|  79|0x000000008a500000, 0x000000008a500000, 0x000000008a600000|  0%| F|  |TAMS 0x000000008a500000, 0x000000008a500000| Untracked 
|  80|0x000000008a600000, 0x000000008a600000, 0x000000008a700000|  0%| F|  |TAMS 0x000000008a600000, 0x000000008a600000| Untracked 
|  81|0x000000008a700000, 0x000000008a700000, 0x000000008a800000|  0%| F|  |TAMS 0x000000008a700000, 0x000000008a700000| Untracked 
|  82|0x000000008a800000, 0x000000008a800000, 0x000000008a900000|  0%| F|  |TAMS 0x000000008a800000, 0x000000008a800000| Untracked 
|  83|0x000000008a900000, 0x000000008a900000, 0x000000008aa00000|  0%| F|  |TAMS 0x000000008a900000, 0x000000008a900000| Untracked 
|  84|0x000000008aa00000, 0x000000008aa00000, 0x000000008ab00000|  0%| F|  |TAMS 0x000000008aa00000, 0x000000008aa00000| Untracked 
|  85|0x000000008ab00000, 0x000000008ab00000, 0x000000008ac00000|  0%| F|  |TAMS 0x000000008ab00000, 0x000000008ab00000| Untracked 
|  86|0x000000008ac00000, 0x000000008ac00000, 0x000000008ad00000|  0%| F|  |TAMS 0x000000008ac00000, 0x000000008ac00000| Untracked 
|  87|0x000000008ad00000, 0x000000008ad00000, 0x000000008ae00000|  0%| F|  |TAMS 0x000000008ad00000, 0x000000008ad00000| Untracked 
|  88|0x000000008ae00000, 0x000000008ae00000, 0x000000008af00000|  0%| F|  |TAMS 0x000000008ae00000, 0x000000008ae00000| Untracked 
|  89|0x000000008af00000, 0x000000008af00000, 0x000000008b000000|  0%| F|  |TAMS 0x000000008af00000, 0x000000008af00000| Untracked 
|  90|0x000000008b000000, 0x000000008b000000, 0x000000008b100000|  0%| F|  |TAMS 0x000000008b000000, 0x000000008b000000| Untracked 
|  91|0x000000008b100000, 0x000000008b100000, 0x000000008b200000|  0%| F|  |TAMS 0x000000008b100000, 0x000000008b100000| Untracked 
|  92|0x000000008b200000, 0x000000008b200000, 0x000000008b300000|  0%| F|  |TAMS 0x000000008b200000, 0x000000008b200000| Untracked 
|  93|0x000000008b300000, 0x000000008b300000, 0x000000008b400000|  0%| F|  |TAMS 0x000000008b300000, 0x000000008b300000| Untracked 
|  94|0x000000008b400000, 0x000000008b400000, 0x000000008b500000|  0%| F|  |TAMS 0x000000008b400000, 0x000000008b400000| Untracked 
|  95|0x000000008b500000, 0x000000008b500000, 0x000000008b600000|  0%| F|  |TAMS 0x000000008b500000, 0x000000008b500000| Untracked 
|  96|0x000000008b600000, 0x000000008b600000, 0x000000008b700000|  0%| F|  |TAMS 0x000000008b600000, 0x000000008b600000| Untracked 
|  97|0x000000008b700000, 0x000000008b700000, 0x000000008b800000|  0%| F|  |TAMS 0x000000008b700000, 0x000000008b700000| Untracked 
|  98|0x000000008b800000, 0x000000008b800000, 0x000000008b900000|  0%| F|  |TAMS 0x000000008b800000, 0x000000008b800000| Untracked 
|  99|0x000000008b900000, 0x000000008b900000, 0x000000008ba00000|  0%| F|  |TAMS 0x000000008b900000, 0x000000008b900000| Untracked 
| 100|0x000000008ba00000, 0x000000008ba00000, 0x000000008bb00000|  0%| F|  |TAMS 0x000000008ba00000, 0x000000008ba00000| Untracked 
| 101|0x000000008bb00000, 0x000000008bb00000, 0x000000008bc00000|  0%| F|  |TAMS 0x000000008bb00000, 0x000000008bb00000| Untracked 
| 102|0x000000008bc00000, 0x000000008bc00000, 0x000000008bd00000|  0%| F|  |TAMS 0x000000008bc00000, 0x000000008bc00000| Untracked 
| 103|0x000000008bd00000, 0x000000008bd00000, 0x000000008be00000|  0%| F|  |TAMS 0x000000008bd00000, 0x000000008bd00000| Untracked 
| 104|0x000000008be00000, 0x000000008be00000, 0x000000008bf00000|  0%| F|  |TAMS 0x000000008be00000, 0x000000008be00000| Untracked 
| 105|0x000000008bf00000, 0x000000008bf00000, 0x000000008c000000|  0%| F|  |TAMS 0x000000008bf00000, 0x000000008bf00000| Untracked 
| 106|0x000000008c000000, 0x000000008c000000, 0x000000008c100000|  0%| F|  |TAMS 0x000000008c000000, 0x000000008c000000| Untracked 
| 107|0x000000008c100000, 0x000000008c100000, 0x000000008c200000|  0%| F|  |TAMS 0x000000008c100000, 0x000000008c100000| Untracked 
| 108|0x000000008c200000, 0x000000008c200000, 0x000000008c300000|  0%| F|  |TAMS 0x000000008c200000, 0x000000008c200000| Untracked 
| 109|0x000000008c300000, 0x000000008c400000, 0x000000008c400000|100%| S|CS|TAMS 0x000000008c300000, 0x000000008c300000| Complete 
| 110|0x000000008c400000, 0x000000008c500000, 0x000000008c500000|100%| S|CS|TAMS 0x000000008c400000, 0x000000008c400000| Complete 
| 111|0x000000008c500000, 0x000000008c500000, 0x000000008c600000|  0%| F|  |TAMS 0x000000008c500000, 0x000000008c500000| Untracked 
| 112|0x000000008c600000, 0x000000008c600000, 0x000000008c700000|  0%| F|  |TAMS 0x000000008c600000, 0x000000008c600000| Untracked 
| 113|0x000000008c700000, 0x000000008c700000, 0x000000008c800000|  0%| F|  |TAMS 0x000000008c700000, 0x000000008c700000| Untracked 
| 114|0x000000008c800000, 0x000000008c800000, 0x000000008c900000|  0%| F|  |TAMS 0x000000008c800000, 0x000000008c800000| Untracked 
| 115|0x000000008c900000, 0x000000008c900000, 0x000000008ca00000|  0%| F|  |TAMS 0x000000008c900000, 0x000000008c900000| Untracked 
| 116|0x000000008ca00000, 0x000000008ca00000, 0x000000008cb00000|  0%| F|  |TAMS 0x000000008ca00000, 0x000000008ca00000| Untracked 
| 117|0x000000008cb00000, 0x000000008cb00000, 0x000000008cc00000|  0%| F|  |TAMS 0x000000008cb00000, 0x000000008cb00000| Untracked 
| 118|0x000000008cc00000, 0x000000008cc00000, 0x000000008cd00000|  0%| F|  |TAMS 0x000000008cc00000, 0x000000008cc00000| Untracked 
| 119|0x000000008cd00000, 0x000000008cd00000, 0x000000008ce00000|  0%| F|  |TAMS 0x000000008cd00000, 0x000000008cd00000| Untracked 
| 120|0x000000008ce00000, 0x000000008ce00000, 0x000000008cf00000|  0%| F|  |TAMS 0x000000008ce00000, 0x000000008ce00000| Untracked 
| 121|0x000000008cf00000, 0x000000008cf00000, 0x000000008d000000|  0%| F|  |TAMS 0x000000008cf00000, 0x000000008cf00000| Untracked 
| 122|0x000000008d000000, 0x000000008d000000, 0x000000008d100000|  0%| F|  |TAMS 0x000000008d000000, 0x000000008d000000| Untracked 
| 123|0x000000008d100000, 0x000000008d15ce70, 0x000000008d200000| 36%| E|  |TAMS 0x000000008d100000, 0x000000008d100000| Complete 
|1960|0x00000000ffe00000, 0x00000000ffe76000, 0x00000000fff00000| 46%|OA|  |TAMS 0x00000000ffe00000, 0x00000000ffe00000| Untracked 
|1961|0x00000000fff00000, 0x00000000fff82000, 0x0000000100000000| 50%|CA|  |TAMS 0x00000000fff00000, 0x00000000fff00000| Untracked 

Card table byte_map: [0x00007ff7da47c000,0x00007ff7da851000] _byte_map_base: 0x00007ff7da051000

Marking Bits (Prev, Next): (CMBitMap*) 0x00007ff7d4070960, (CMBitMap*) 0x00007ff7d40709a0
 Prev Bits: [0x00007ff7d81ff000, 0x00007ff7da0a7000)
 Next Bits: [0x00007ff7bb558000, 0x00007ff7bd400000)

Polling page: 0x00007ff7dcddc000

Metaspace:

Usage:
  Non-class:      4,41 MB used.
      Class:    494,70 KB used.
       Both:      4,89 MB used.

Virtual space:
  Non-class space:       64,00 MB reserved,       4,50 MB (  7%) committed,  1 nodes.
      Class space:        1,00 GB reserved,     512,00 KB ( <1%) committed,  1 nodes.
             Both:        1,06 GB reserved,       5,00 MB ( <1%) committed. 

Chunk freelists:
   Non-Class:  9,92 MB
       Class:  15,50 MB
        Both:  25,42 MB

MaxMetaspaceSize: unlimited
CompressedClassSpaceSize: 1,00 GB
Initial GC threshold: 21,00 MB
Current GC threshold: 21,00 MB
CDS: on
MetaspaceReclaimPolicy: balanced
 - commit_granule_bytes: 65536.
 - commit_granule_words: 8192.
 - virtual_space_node_default_size: 8388608.
 - enlarge_chunks_in_place: 1.
 - new_chunks_are_fully_committed: 0.
 - uncommit_free_chunks: 1.
 - use_allocation_guard: 0.
 - handle_deallocations: 1.


Internal statistics:

num_allocs_failed_limit: 0.
num_arena_births: 18.
num_arena_deaths: 0.
num_vsnodes_births: 2.
num_vsnodes_deaths: 0.
num_space_committed: 80.
num_space_uncommitted: 0.
num_chunks_returned_to_freelist: 0.
num_chunks_taken_from_freelist: 125.
num_chunk_merges: 0.
num_chunk_splits: 82.
num_chunks_enlarged: 63.
num_inconsistent_stats: 0.

CodeHeap 'non-profiled nmethods': size=120032Kb used=230Kb max_used=230Kb free=119801Kb
 bounds [0x00007ff7c4ec8000, 0x00007ff7c5138000, 0x00007ff7cc400000]
CodeHeap 'profiled nmethods': size=120028Kb used=1271Kb max_used=1271Kb free=118756Kb
 bounds [0x00007ff7bd400000, 0x00007ff7bd670000, 0x00007ff7c4937000]
CodeHeap 'non-nmethods': size=5700Kb used=1240Kb max_used=1256Kb free=4459Kb
 bounds [0x00007ff7c4937000, 0x00007ff7c4ba7000, 0x00007ff7c4ec8000]
 total_blobs=1278 nmethods=725 adapters=467
 compilation: enabled
              stopped_count=0, restarted_count=0
 full_count=0

Compilation events (20 events):
Event: 0,965 Thread 0x00007ff7d4121ab0 nmethod 715 0x00007ff7bd53a790 code [0x00007ff7bd53a940, 0x00007ff7bd53abd0]
Event: 0,968 Thread 0x00007ff7d4121ab0  716       3       jdk.internal.org.objectweb.asm.ClassReader::readUnsignedShort (26 bytes)
Event: 0,968 Thread 0x00007ff7d4121ab0 nmethod 716 0x00007ff7bd53ad10 code [0x00007ff7bd53aec0, 0x00007ff7bd53b030]
Event: 0,969 Thread 0x00007ff7d4121ab0  717       3       java.util.regex.Pattern::isSupplementary (21 bytes)
Event: 0,969 Thread 0x00007ff7d4121ab0 nmethod 717 0x00007ff7bd53b110 code [0x00007ff7bd53b2c0, 0x00007ff7bd53b530]
Event: 0,970 Thread 0x00007ff7d4121ab0  718       1       java.lang.invoke.MethodHandles$Lookup::previousLookupClass (5 bytes)
Event: 0,970 Thread 0x00007ff7d4120580 nmethod 713 0x00007ff7c4f00310 code [0x00007ff7c4f004c0, 0x00007ff7c4f00a18]
Event: 0,970 Thread 0x00007ff7d4121ab0 nmethod 718 0x00007ff7c4f00c90 code [0x00007ff7c4f00e20, 0x00007ff7c4f00ef0]
Event: 0,971 Thread 0x00007ff7d4121ab0  720       3       java.util.regex.Pattern::peek (26 bytes)
Event: 0,971 Thread 0x00007ff7d4121ab0 nmethod 720 0x00007ff7bd53b610 code [0x00007ff7bd53b7c0, 0x00007ff7bd53ba20]
Event: 0,985 Thread 0x00007ff7d4121ab0  721       3       jdk.internal.org.objectweb.asm.SymbolTable::addConstantNameAndType (137 bytes)
Event: 0,986 Thread 0x00007ff7d4121ab0 nmethod 721 0x00007ff7bd53bb90 code [0x00007ff7bd53bde0, 0x00007ff7bd53c4e0]
Event: 0,986 Thread 0x00007ff7d4121ab0  722       3       jdk.internal.org.objectweb.asm.SymbolTable$Entry::<init> (20 bytes)
Event: 0,987 Thread 0x00007ff7d4121ab0 nmethod 722 0x00007ff7bd53c910 code [0x00007ff7bd53cac0, 0x00007ff7bd53cc00]
Event: 0,987 Thread 0x00007ff7d4120580  723       4       sun.net.www.ParseUtil::firstEncodeIndex (86 bytes)
Event: 0,988 Thread 0x00007ff7d4121ab0  724       3       java.util.concurrent.ConcurrentHashMap$Node::<init> (14 bytes)
Event: 0,988 Thread 0x00007ff7d4121ab0 nmethod 724 0x00007ff7bd53cd10 code [0x00007ff7bd53cec0, 0x00007ff7bd53d1b0]
Event: 1,008 Thread 0x00007ff7d4120580 nmethod 723 0x00007ff7c4f01310 code [0x00007ff7c4f014a0, 0x00007ff7c4f016c8]
Event: 1,012 Thread 0x00007ff7d4121ab0  725       3       java.io.UnixFileSystem::normalize (41 bytes)
Event: 1,013 Thread 0x00007ff7d4121ab0 nmethod 725 0x00007ff7bd53d290 code [0x00007ff7bd53d4c0, 0x00007ff7bd53daf0]

GC Heap History (2 events):
Event: 0,990 GC heap before
{Heap before GC invocations=0 (full 0):
 garbage-first heap   total 129024K, used 15328K [0x0000000085600000, 0x0000000100000000)
  region size 1024K, 13 young (13312K), 0 survivors (0K)
 Metaspace       used 5002K, committed 5056K, reserved 1114112K
  class space    used 493K, committed 512K, reserved 1048576K
}
Event: 1,008 GC heap after
{Heap after GC invocations=1 (full 0):
 garbage-first heap   total 129024K, used 4633K [0x0000000085600000, 0x0000000100000000)
  region size 1024K, 2 young (2048K), 2 survivors (2048K)
 Metaspace       used 5002K, committed 5056K, reserved 1114112K
  class space    used 493K, committed 512K, reserved 1048576K
}

Dll operation events (11 events):
Event: 0,004 Loaded shared library /usr/lib/jvm/java-17-openjdk-amd64/lib/libjava.so
Event: 0,017 Loaded shared library /usr/lib/jvm/java-17-openjdk-amd64/lib/libjsvml.so
Event: 0,184 Loaded shared library /usr/lib/jvm/java-17-openjdk-amd64/lib/libzip.so
Event: 0,186 Loaded shared library /usr/lib/jvm/java-17-openjdk-amd64/lib/libinstrument.so
Event: 0,195 Loaded shared library /usr/lib/jvm/java-17-openjdk-amd64/lib/libnio.so
Event: 0,207 Loaded shared library /usr/lib/jvm/java-17-openjdk-amd64/lib/libzip.so
Event: 0,315 Loaded shared library /usr/lib/jvm/java-17-openjdk-amd64/lib/libjimage.so
Event: 0,318 Loaded shared library /usr/lib/jvm/java-17-openjdk-amd64/lib/libnet.so
Event: 0,333 Loaded shared library /usr/lib/jvm/java-17-openjdk-amd64/lib/libextnet.so
Event: 0,464 Loaded shared library /tmp/jffi14894302295799263386.so
Event: 0,511 Loaded shared library /usr/lib/jvm/java-17-openjdk-amd64/lib/libverify.so

Deoptimization events (18 events):
Event: 0,173 Thread 0x00007ff7d4016800 Uncommon trap: trap_request=0xffffff45 fr.pc=0x00007ff7c4ed3468 relative=0x0000000000000708
Event: 0,173 Thread 0x00007ff7d4016800 Uncommon trap: reason=unstable_if action=reinterpret pc=0x00007ff7c4ed3468 method=java.util.HashMap.putVal(ILjava/lang/Object;Ljava/lang/Object;ZZ)Ljava/lang/Object; @ 69 c2
Event: 0,173 Thread 0x00007ff7d4016800 DEOPT PACKING pc=0x00007ff7c4ed3468 sp=0x00007ff7db5fe2f0
Event: 0,173 Thread 0x00007ff7d4016800 DEOPT UNPACKING pc=0x00007ff7c498d699 sp=0x00007ff7db5fe290 mode 2
Event: 0,206 Thread 0x00007ff7d4016800 Uncommon trap: trap_request=0xfffffff4 fr.pc=0x00007ff7c4ed244c relative=0x00000000000001ac
Event: 0,206 Thread 0x00007ff7d4016800 Uncommon trap: reason=null_check action=make_not_entrant pc=0x00007ff7c4ed244c method=java.lang.String.equals(Ljava/lang/Object;)Z @ 8 c2
Event: 0,206 Thread 0x00007ff7d4016800 DEOPT PACKING pc=0x00007ff7c4ed244c sp=0x00007ff7db5fd2b0
Event: 0,206 Thread 0x00007ff7d4016800 DEOPT UNPACKING pc=0x00007ff7c498d699 sp=0x00007ff7db5fd278 mode 2
Event: 0,390 Thread 0x00007ff7d4016800 Uncommon trap: trap_request=0xffffff45 fr.pc=0x00007ff7c4ed9398 relative=0x0000000000000078
Event: 0,390 Thread 0x00007ff7d4016800 Uncommon trap: reason=unstable_if action=reinterpret pc=0x00007ff7c4ed9398 method=java.lang.String.isLatin1()Z @ 10 c2
Event: 0,390 Thread 0x00007ff7d4016800 DEOPT PACKING pc=0x00007ff7c4ed9398 sp=0x00007ff7db5fa700
Event: 0,390 Thread 0x00007ff7d4016800 DEOPT UNPACKING pc=0x00007ff7c498d699 sp=0x00007ff7db5fa660 mode 2
Event: 0,517 Thread 0x00007ff7d4016800 DEOPT PACKING pc=0x00007ff7bd4310ee sp=0x00007ff7db5fbba0
Event: 0,517 Thread 0x00007ff7d4016800 DEOPT UNPACKING pc=0x00007ff7c498de2f sp=0x00007ff7db5fb010 mode 0
Event: 0,965 Thread 0x00007ff7d4016800 Uncommon trap: trap_request=0xffffff45 fr.pc=0x00007ff7c4efe65c relative=0x000000000000159c
Event: 0,965 Thread 0x00007ff7d4016800 Uncommon trap: reason=unstable_if action=reinterpret pc=0x00007ff7c4efe65c method=java.util.HashMap.hash(Ljava/lang/Object;)I @ 1 c2
Event: 0,965 Thread 0x00007ff7d4016800 DEOPT PACKING pc=0x00007ff7c4efe65c sp=0x00007ff7db5fdd60
Event: 0,965 Thread 0x00007ff7d4016800 DEOPT UNPACKING pc=0x00007ff7c498d699 sp=0x00007ff7db5fdd10 mode 2

Classes unloaded (0 events):
No events

Classes redefined (0 events):
No events

Internal exceptions (9 events):
Event: 0,206 Thread 0x00007ff7d4016800 Implicit null exception at 0x00007ff7c4ed22d5 to 0x00007ff7c4ed243c
Event: 0,320 Thread 0x00007ff7d42f91b0 Exception <a 'java/lang/NoSuchMethodError'{0x000000008cfe2b48}: 'java.lang.Object java.lang.invoke.DirectMethodHandle$Holder.invokeStaticInit(java.lang.Object)'> (0x000000008cfe2b48) 
thrown [./src/hotspot/share/interpreter/linkResolver.cpp, line 758]
Event: 0,334 Thread 0x00007ff7d42f91b0 Exception <a 'java/lang/NoSuchMethodError'{0x000000008cff11f0}: 'void java.lang.invoke.DirectMethodHandle$Holder.invokeStatic(java.lang.Object, java.lang.Object)'> (0x000000008cff11f0) 
thrown [./src/hotspot/share/interpreter/linkResolver.cpp, line 758]
Event: 0,638 Thread 0x00007ff7d4016800 Exception <a 'java/lang/UnsatisfiedLinkError'{0x000000008cafc318}: meos: Ne peut ouvrir le fichier d'objet partagé: Aucun fichier ou dossier de ce type> (0x000000008cafc318) 
thrown [./src/hotspot/share/prims/jni.cpp, line 535]
Event: 0,799 Thread 0x00007ff7d4016800 Exception <a 'java/lang/NoSuchMethodError'{0x000000008c60a050}: 'java.lang.Object java.lang.invoke.DirectMethodHandle$Holder.newInvokeSpecial(java.lang.Object, java.lang.Object, java.lang.Object, java.lang.Object, java.lang.Object)'> (0x000000008c60a050) 
thrown [./src/hotspot/share/interpreter/linkResolver.cpp, line 758]
Event: 0,909 Thread 0x00007ff7d4016800 Exception <a 'java/lang/UnsatisfiedLinkError'{0x000000008c5211c8}: /usr/local/lib/libmeos.so: undefined symbol: intrange_to_intspan> (0x000000008c5211c8) 
thrown [./src/hotspot/share/prims/jni.cpp, line 535]
Event: 0,912 Thread 0x00007ff7d4016800 Exception <a 'java/lang/UnsatisfiedLinkError'{0x000000008c522db0}: /usr/local/lib/libmeos.so: undefined symbol: floatrange_to_floatspan> (0x000000008c522db0) 
thrown [./src/hotspot/share/prims/jni.cpp, line 535]
Event: 0,912 Thread 0x00007ff7d4016800 Exception <a 'java/lang/UnsatisfiedLinkError'{0x000000008c524600}: /usr/local/lib/libmeos.so: undefined symbol: distance_timestamp_timestamp> (0x000000008c524600) 
thrown [./src/hotspot/share/prims/jni.cpp, line 535]
Event: 0,965 Thread 0x00007ff7d4016800 Implicit null exception at 0x00007ff7c4efd100 to 0x00007ff7c4efe648

VM Operations (10 events):
Event: 0,114 Executing VM operation: HandshakeAllThreads
Event: 0,114 Executing VM operation: HandshakeAllThreads done
Event: 0,409 Executing VM operation: HandshakeAllThreads
Event: 0,409 Executing VM operation: HandshakeAllThreads done
Event: 0,501 Executing VM operation: HandshakeAllThreads
Event: 0,501 Executing VM operation: HandshakeAllThreads done
Event: 0,596 Executing VM operation: HandshakeAllThreads
Event: 0,596 Executing VM operation: HandshakeAllThreads done
Event: 0,989 Executing VM operation: G1CollectForAllocation
Event: 1,008 Executing VM operation: G1CollectForAllocation done

Events (20 events):
Event: 0,928 loading class java/util/LinkedList$ListItr
Event: 0,928 loading class java/util/LinkedList$ListItr done
Event: 0,935 loading class sun/misc/Unsafe
Event: 0,936 loading class sun/misc/Unsafe done
Event: 0,960 loading class java/util/Stack
Event: 0,960 loading class java/util/Stack done
Event: 0,966 loading class java/time/OffsetDateTime
Event: 0,967 loading class java/time/OffsetDateTime done
Event: 0,968 loading class java/text/ParsePosition
Event: 0,968 loading class java/text/ParsePosition done
Event: 0,968 loading class java/time/format/DateTimeParseContext
Event: 0,969 loading class java/time/format/DateTimeParseContext done
Event: 0,969 loading class java/time/format/Parsed
Event: 0,969 loading class java/time/format/Parsed done
Event: 0,982 loading class java/time/ZonedDateTime
Event: 0,982 loading class java/time/chrono/ChronoZonedDateTime
Event: 0,983 loading class java/time/chrono/ChronoZonedDateTime done
Event: 0,983 loading class java/time/ZonedDateTime done
Event: 0,984 loading class java/nio/StringCharBuffer
Event: 0,984 loading class java/nio/StringCharBuffer done


Dynamic libraries:
85600000-8d200000 rw-p 00000000 00:00 0 
8d200000-ffe00000 ---p 00000000 00:00 0 
ffe00000-ffe76000 rw-p 00c9d000 08:02 10491600                           /usr/lib/jvm/java-17-openjdk-amd64/lib/server/classes.jsa
ffe76000-fff00000 rw-p 00000000 00:00 0 
fff00000-fff82000 rw-p 00c1b000 08:02 10491600                           /usr/lib/jvm/java-17-openjdk-amd64/lib/server/classes.jsa
fff82000-100000000 rw-p 00000000 00:00 0 
800000000-800458000 rw-p 00001000 08:02 10491600                         /usr/lib/jvm/java-17-openjdk-amd64/lib/server/classes.jsa
800458000-800be2000 r--p 00459000 08:02 10491600                         /usr/lib/jvm/java-17-openjdk-amd64/lib/server/classes.jsa
800be2000-801000000 ---p 00000000 00:00 0 
801000000-801040000 rw-p 00000000 00:00 0 
801040000-801080000 rw-p 00000000 00:00 0 
801080000-841000000 ---p 00000000 00:00 0 
55be0c209000-55be0c20a000 r--p 00000000 08:02 10485864                   /usr/lib/jvm/java-17-openjdk-amd64/bin/java
55be0c20a000-55be0c20b000 r-xp 00001000 08:02 10485864                   /usr/lib/jvm/java-17-openjdk-amd64/bin/java
55be0c20b000-55be0c20c000 r--p 00002000 08:02 10485864                   /usr/lib/jvm/java-17-openjdk-amd64/bin/java
55be0c20c000-55be0c20d000 r--p 00002000 08:02 10485864                   /usr/lib/jvm/java-17-openjdk-amd64/bin/java
55be0c20d000-55be0c20e000 rw-p 00003000 08:02 10485864                   /usr/lib/jvm/java-17-openjdk-amd64/bin/java
55be0c533000-55be0c57b000 rw-p 00000000 00:00 0                          [heap]
7ff75c000000-7ff75c021000 rw-p 00000000 00:00 0 
7ff75c021000-7ff760000000 ---p 00000000 00:00 0 
7ff760000000-7ff760021000 rw-p 00000000 00:00 0 
7ff760021000-7ff764000000 ---p 00000000 00:00 0 
7ff764000000-7ff764021000 rw-p 00000000 00:00 0 
7ff764021000-7ff768000000 ---p 00000000 00:00 0 
7ff768000000-7ff768021000 rw-p 00000000 00:00 0 
7ff768021000-7ff76c000000 ---p 00000000 00:00 0 
7ff76c000000-7ff76c021000 rw-p 00000000 00:00 0 
7ff76c021000-7ff770000000 ---p 00000000 00:00 0 
7ff770000000-7ff770021000 rw-p 00000000 00:00 0 
7ff770021000-7ff774000000 ---p 00000000 00:00 0 
7ff774000000-7ff774021000 rw-p 00000000 00:00 0 
7ff774021000-7ff778000000 ---p 00000000 00:00 0 
7ff778000000-7ff778021000 rw-p 00000000 00:00 0 
7ff778021000-7ff77c000000 ---p 00000000 00:00 0 
7ff77c000000-7ff77c30f000 rw-p 00000000 00:00 0 
7ff77c30f000-7ff780000000 ---p 00000000 00:00 0 
7ff780000000-7ff78033d000 rw-p 00000000 00:00 0 
7ff78033d000-7ff784000000 ---p 00000000 00:00 0 
7ff784000000-7ff784021000 rw-p 00000000 00:00 0 
7ff784021000-7ff788000000 ---p 00000000 00:00 0 
7ff788000000-7ff788021000 rw-p 00000000 00:00 0 
7ff788021000-7ff78c000000 ---p 00000000 00:00 0 
7ff78d82f000-7ff78d830000 ---p 00000000 00:00 0 
7ff78d830000-7ff78d931000 rw-p 00000000 00:00 0 
7ff78d931000-7ff78d932000 ---p 00000000 00:00 0 
7ff78d932000-7ff78da33000 rw-p 00000000 00:00 0 
7ff78da33000-7ff78da34000 ---p 00000000 00:00 0 
7ff78da34000-7ff78db35000 rw-p 00000000 00:00 0 
7ff78db35000-7ff78db56000 r--p 00000000 08:02 10356892                   /usr/lib/x86_64-linux-gnu/libkrb5.so.3.3
7ff78db56000-7ff78dbb3000 r-xp 00021000 08:02 10356892                   /usr/lib/x86_64-linux-gnu/libkrb5.so.3.3
7ff78dbb3000-7ff78dbf0000 r--p 0007e000 08:02 10356892                   /usr/lib/x86_64-linux-gnu/libkrb5.so.3.3
7ff78dbf0000-7ff78dbf1000 ---p 000bb000 08:02 10356892                   /usr/lib/x86_64-linux-gnu/libkrb5.so.3.3
7ff78dbf1000-7ff78dbfe000 r--p 000bb000 08:02 10356892                   /usr/lib/x86_64-linux-gnu/libkrb5.so.3.3
7ff78dbfe000-7ff78dc00000 rw-p 000c8000 08:02 10356892                   /usr/lib/x86_64-linux-gnu/libkrb5.so.3.3
7ff78dc00000-7ff78dcb2000 r--p 00000000 08:02 10357909                   /usr/lib/x86_64-linux-gnu/libcrypto.so.3
7ff78dcb2000-7ff78df10000 r-xp 000b2000 08:02 10357909                   /usr/lib/x86_64-linux-gnu/libcrypto.so.3
7ff78df10000-7ff78dfe2000 r--p 00310000 08:02 10357909                   /usr/lib/x86_64-linux-gnu/libcrypto.so.3
7ff78dfe2000-7ff78e03d000 r--p 003e1000 08:02 10357909                   /usr/lib/x86_64-linux-gnu/libcrypto.so.3
7ff78e03d000-7ff78e040000 rw-p 0043c000 08:02 10357909                   /usr/lib/x86_64-linux-gnu/libcrypto.so.3
7ff78e040000-7ff78e043000 rw-p 00000000 00:00 0 
7ff78e05a000-7ff78e05d000 r--p 00000000 08:02 10365379                   /usr/lib/x86_64-linux-gnu/libresolv.so.2
7ff78e05d000-7ff78e067000 r-xp 00003000 08:02 10365379                   /usr/lib/x86_64-linux-gnu/libresolv.so.2
7ff78e067000-7ff78e06a000 r--p 0000d000 08:02 10365379                   /usr/lib/x86_64-linux-gnu/libresolv.so.2
7ff78e06a000-7ff78e06b000 r--p 0000f000 08:02 10365379                   /usr/lib/x86_64-linux-gnu/libresolv.so.2
7ff78e06b000-7ff78e06c000 rw-p 00010000 08:02 10365379                   /usr/lib/x86_64-linux-gnu/libresolv.so.2
7ff78e06c000-7ff78e06e000 rw-p 00000000 00:00 0 
7ff78e06e000-7ff78e070000 r--p 00000000 08:02 10356728                   /usr/lib/x86_64-linux-gnu/libffi.so.8.1.0
7ff78e070000-7ff78e077000 r-xp 00002000 08:02 10356728                   /usr/lib/x86_64-linux-gnu/libffi.so.8.1.0
7ff78e077000-7ff78e078000 r--p 00009000 08:02 10356728                   /usr/lib/x86_64-linux-gnu/libffi.so.8.1.0
7ff78e078000-7ff78e079000 ---p 0000a000 08:02 10356728                   /usr/lib/x86_64-linux-gnu/libffi.so.8.1.0
7ff78e079000-7ff78e07a000 r--p 0000a000 08:02 10356728                   /usr/lib/x86_64-linux-gnu/libffi.so.8.1.0
7ff78e07a000-7ff78e07b000 rw-p 0000b000 08:02 10356728                   /usr/lib/x86_64-linux-gnu/libffi.so.8.1.0
7ff78e07b000-7ff78e07c000 r--p 00000000 08:02 10355681                   /usr/lib/x86_64-linux-gnu/libbrotlicommon.so.1.0.9
7ff78e07c000-7ff78e07d000 r-xp 00001000 08:02 10355681                   /usr/lib/x86_64-linux-gnu/libbrotlicommon.so.1.0.9
7ff78e07d000-7ff78e09c000 r--p 00002000 08:02 10355681                   /usr/lib/x86_64-linux-gnu/libbrotlicommon.so.1.0.9
7ff78e09c000-7ff78e09d000 r--p 00020000 08:02 10355681                   /usr/lib/x86_64-linux-gnu/libbrotlicommon.so.1.0.9
7ff78e09d000-7ff78e09e000 rw-p 00021000 08:02 10355681                   /usr/lib/x86_64-linux-gnu/libbrotlicommon.so.1.0.9
7ff78e09e000-7ff78e0c7000 r--p 00000000 08:02 10356002                   /usr/lib/x86_64-linux-gnu/libp11-kit.so.0.3.0
7ff78e0c7000-7ff78e16b000 r-xp 00029000 08:02 10356002                   /usr/lib/x86_64-linux-gnu/libp11-kit.so.0.3.0
7ff78e16b000-7ff78e1c5000 r--p 000cd000 08:02 10356002                   /usr/lib/x86_64-linux-gnu/libp11-kit.so.0.3.0
7ff78e1c5000-7ff78e1cf000 r--p 00126000 08:02 10356002                   /usr/lib/x86_64-linux-gnu/libp11-kit.so.0.3.0
7ff78e1cf000-7ff78e1d9000 rw-p 00130000 08:02 10356002                   /usr/lib/x86_64-linux-gnu/libp11-kit.so.0.3.0
7ff78e1d9000-7ff78e1e3000 r--p 00000000 08:02 10357741                   /usr/lib/x86_64-linux-gnu/libgmp.so.10.4.1
7ff78e1e3000-7ff78e242000 r-xp 0000a000 08:02 10357741                   /usr/lib/x86_64-linux-gnu/libgmp.so.10.4.1
7ff78e242000-7ff78e259000 r--p 00069000 08:02 10357741                   /usr/lib/x86_64-linux-gnu/libgmp.so.10.4.1
7ff78e259000-7ff78e25a000 r--p 0007f000 08:02 10357741                   /usr/lib/x86_64-linux-gnu/libgmp.so.10.4.1
7ff78e25a000-7ff78e25b000 rw-p 00080000 08:02 10357741                   /usr/lib/x86_64-linux-gnu/libgmp.so.10.4.1
7ff78e25b000-7ff78e263000 r--p 00000000 08:02 10360657                   /usr/lib/x86_64-linux-gnu/libhogweed.so.6.4
7ff78e263000-7ff78e276000 r-xp 00008000 08:02 10360657                   /usr/lib/x86_64-linux-gnu/libhogweed.so.6.4
7ff78e276000-7ff78e2a0000 r--p 0001b000 08:02 10360657                   /usr/lib/x86_64-linux-gnu/libhogweed.so.6.4
7ff78e2a0000-7ff78e2a1000 ---p 00045000 08:02 10360657                   /usr/lib/x86_64-linux-gnu/libhogweed.so.6.4
7ff78e2a1000-7ff78e2a2000 r--p 00045000 08:02 10360657                   /usr/lib/x86_64-linux-gnu/libhogweed.so.6.4
7ff78e2a2000-7ff78e2a3000 rw-p 00046000 08:02 10360657                   /usr/lib/x86_64-linux-gnu/libhogweed.so.6.4
7ff78e2a3000-7ff78e2b4000 r--p 00000000 08:02 10360661                   /usr/lib/x86_64-linux-gnu/libunistring.so.2.2.0
7ff78e2b4000-7ff78e2ea000 r-xp 00011000 08:02 10360661                   /usr/lib/x86_64-linux-gnu/libunistring.so.2.2.0
7ff78e2ea000-7ff78e448000 r--p 00047000 08:02 10360661                   /usr/lib/x86_64-linux-gnu/libunistring.so.2.2.0
7ff78e448000-7ff78e44c000 r--p 001a5000 08:02 10360661                   /usr/lib/x86_64-linux-gnu/libunistring.so.2.2.0
7ff78e44c000-7ff78e44d000 rw-p 001a9000 08:02 10360661                   /usr/lib/x86_64-linux-gnu/libunistring.so.2.2.0
7ff78e44d000-7ff78e45b000 r--p 00000000 08:02 10362052                   /usr/lib/x86_64-linux-gnu/libldap-2.5.so.0.1.9
7ff78e45b000-7ff78e495000 r-xp 0000e000 08:02 10362052                   /usr/lib/x86_64-linux-gnu/libldap-2.5.so.0.1.9
7ff78e495000-7ff78e4a6000 r--p 00048000 08:02 10362052                   /usr/lib/x86_64-linux-gnu/libldap-2.5.so.0.1.9
7ff78e4a6000-7ff78e4a7000 ---p 00059000 08:02 10362052                   /usr/lib/x86_64-linux-gnu/libldap-2.5.so.0.1.9
7ff78e4a7000-7ff78e4a9000 r--p 00059000 08:02 10362052                   /usr/lib/x86_64-linux-gnu/libldap-2.5.so.0.1.9
7ff78e4a9000-7ff78e4aa000 rw-p 0005b000 08:02 10362052                   /usr/lib/x86_64-linux-gnu/libldap-2.5.so.0.1.9
7ff78e4aa000-7ff78e4ac000 rw-p 00000000 00:00 0 
7ff78e4ac000-7ff78e4b7000 r--p 00000000 08:02 10357451                   /usr/lib/x86_64-linux-gnu/libgssapi_krb5.so.2.2
7ff78e4b7000-7ff78e4ef000 r-xp 0000b000 08:02 10357451                   /usr/lib/x86_64-linux-gnu/libgssapi_krb5.so.2.2
7ff78e4ef000-7ff78e4fb000 r--p 00043000 08:02 10357451                   /usr/lib/x86_64-linux-gnu/libgssapi_krb5.so.2.2
7ff78e4fb000-7ff78e4fc000 ---p 0004f000 08:02 10357451                   /usr/lib/x86_64-linux-gnu/libgssapi_krb5.so.2.2
7ff78e4fc000-7ff78e4fe000 r--p 0004f000 08:02 10357451                   /usr/lib/x86_64-linux-gnu/libgssapi_krb5.so.2.2
7ff78e4fe000-7ff78e500000 rw-p 00051000 08:02 10357451                   /usr/lib/x86_64-linux-gnu/libgssapi_krb5.so.2.2
7ff78e500000-7ff78e531000 r--p 00000000 08:02 10357230                   /usr/lib/x86_64-linux-gnu/libgnutls.so.30.31.0
7ff78e531000-7ff78e65a000 r-xp 00031000 08:02 10357230                   /usr/lib/x86_64-linux-gnu/libgnutls.so.30.31.0
7ff78e65a000-7ff78e6d7000 r--p 0015a000 08:02 10357230                   /usr/lib/x86_64-linux-gnu/libgnutls.so.30.31.0
7ff78e6d7000-7ff78e6e7000 r--p 001d6000 08:02 10357230                   /usr/lib/x86_64-linux-gnu/libgnutls.so.30.31.0
7ff78e6e7000-7ff78e6e9000 rw-p 001e6000 08:02 10357230                   /usr/lib/x86_64-linux-gnu/libgnutls.so.30.31.0
7ff78e6e9000-7ff78e6eb000 rw-p 00000000 00:00 0 
7ff78e6eb000-7ff78e6f5000 r--p 00000000 08:02 10355057                   /usr/lib/x86_64-linux-gnu/libnettle.so.8.4
7ff78e6f5000-7ff78e718000 r-xp 0000a000 08:02 10355057                   /usr/lib/x86_64-linux-gnu/libnettle.so.8.4
7ff78e718000-7ff78e72e000 r--p 0002d000 08:02 10355057                   /usr/lib/x86_64-linux-gnu/libnettle.so.8.4
7ff78e72e000-7ff78e730000 r--p 00042000 08:02 10355057                   /usr/lib/x86_64-linux-gnu/libnettle.so.8.4
7ff78e730000-7ff78e731000 rw-p 00044000 08:02 10355057                   /usr/lib/x86_64-linux-gnu/libnettle.so.8.4
7ff78e731000-7ff78e73b000 r--p 00000000 08:02 10354868                   /usr/lib/x86_64-linux-gnu/libzstd.so.1.4.8
7ff78e73b000-7ff78e7ed000 r-xp 0000a000 08:02 10354868                   /usr/lib/x86_64-linux-gnu/libzstd.so.1.4.8
7ff78e7ed000-7ff78e7fe000 r--p 000bc000 08:02 10354868                   /usr/lib/x86_64-linux-gnu/libzstd.so.1.4.8
7ff78e7fe000-7ff78e7ff000 r--p 000cc000 08:02 10354868                   /usr/lib/x86_64-linux-gnu/libzstd.so.1.4.8
7ff78e7ff000-7ff78e800000 rw-p 000cd000 08:02 10354868                   /usr/lib/x86_64-linux-gnu/libzstd.so.1.4.8
7ff78e800000-7ff78e878000 r--p 00000000 08:02 10366481                   /usr/lib/x86_64-linux-gnu/libgeos.so.3.10.2
7ff78e878000-7ff78e9a6000 r-xp 00078000 08:02 10366481                   /usr/lib/x86_64-linux-gnu/libgeos.so.3.10.2
7ff78e9a6000-7ff78ea03000 r--p 001a6000 08:02 10366481                   /usr/lib/x86_64-linux-gnu/libgeos.so.3.10.2
7ff78ea03000-7ff78ea0a000 r--p 00202000 08:02 10366481                   /usr/lib/x86_64-linux-gnu/libgeos.so.3.10.2
7ff78ea0a000-7ff78ea0b000 rw-p 00209000 08:02 10366481                   /usr/lib/x86_64-linux-gnu/libgeos.so.3.10.2
7ff78ea17000-7ff78ea1b000 r--p 00000000 08:02 10357711                   /usr/lib/x86_64-linux-gnu/libk5crypto.so.3.1
7ff78ea1b000-7ff78ea36000 r-xp 00004000 08:02 10357711                   /usr/lib/x86_64-linux-gnu/libk5crypto.so.3.1
7ff78ea36000-7ff78ea42000 r--p 0001f000 08:02 10357711                   /usr/lib/x86_64-linux-gnu/libk5crypto.so.3.1
7ff78ea42000-7ff78ea43000 ---p 0002b000 08:02 10357711                   /usr/lib/x86_64-linux-gnu/libk5crypto.so.3.1
7ff78ea43000-7ff78ea44000 r--p 0002b000 08:02 10357711                   /usr/lib/x86_64-linux-gnu/libk5crypto.so.3.1
7ff78ea44000-7ff78ea45000 rw-p 0002c000 08:02 10357711                   /usr/lib/x86_64-linux-gnu/libk5crypto.so.3.1
7ff78ea45000-7ff78ea46000 rw-p 00000000 00:00 0 
7ff78ea46000-7ff78ea53000 r--p 00000000 08:02 10355513                   /usr/lib/x86_64-linux-gnu/libssh.so.4.8.7
7ff78ea53000-7ff78ea96000 r-xp 0000d000 08:02 10355513                   /usr/lib/x86_64-linux-gnu/libssh.so.4.8.7
7ff78ea96000-7ff78eaae000 r--p 00050000 08:02 10355513                   /usr/lib/x86_64-linux-gnu/libssh.so.4.8.7
7ff78eaae000-7ff78eaaf000 ---p 00068000 08:02 10355513                   /usr/lib/x86_64-linux-gnu/libssh.so.4.8.7
7ff78eaaf000-7ff78eab1000 r--p 00068000 08:02 10355513                   /usr/lib/x86_64-linux-gnu/libssh.so.4.8.7
7ff78eab1000-7ff78eab3000 rw-p 0006a000 08:02 10355513                   /usr/lib/x86_64-linux-gnu/libssh.so.4.8.7
7ff78eab3000-7ff78ead1000 r--p 00000000 08:02 10355997                   /usr/lib/x86_64-linux-gnu/libsqlite3.so.0.8.6
7ff78ead1000-7ff78ebbd000 r-xp 0001e000 08:02 10355997                   /usr/lib/x86_64-linux-gnu/libsqlite3.so.0.8.6
7ff78ebbd000-7ff78ebf8000 r--p 0010a000 08:02 10355997                   /usr/lib/x86_64-linux-gnu/libsqlite3.so.0.8.6
7ff78ebf8000-7ff78ebfc000 r--p 00144000 08:02 10355997                   /usr/lib/x86_64-linux-gnu/libsqlite3.so.0.8.6
7ff78ebfc000-7ff78ec00000 rw-p 00148000 08:02 10355997                   /usr/lib/x86_64-linux-gnu/libsqlite3.so.0.8.6
7ff78ec00000-7ff78ec5b000 r--p 00000000 08:02 10360429                   /usr/lib/x86_64-linux-gnu/libgsl.so.27.0.0
7ff78ec5b000-7ff78ee32000 r-xp 0005b000 08:02 10360429                   /usr/lib/x86_64-linux-gnu/libgsl.so.27.0.0
7ff78ee32000-7ff78eeab000 r--p 00232000 08:02 10360429                   /usr/lib/x86_64-linux-gnu/libgsl.so.27.0.0
7ff78eeab000-7ff78eeac000 ---p 002ab000 08:02 10360429                   /usr/lib/x86_64-linux-gnu/libgsl.so.27.0.0
7ff78eeac000-7ff78eeb0000 r--p 002ab000 08:02 10360429                   /usr/lib/x86_64-linux-gnu/libgsl.so.27.0.0
7ff78eeb0000-7ff78eebe000 rw-p 002af000 08:02 10360429                   /usr/lib/x86_64-linux-gnu/libgsl.so.27.0.0
7ff78eebe000-7ff78eebf000 rw-p 00000000 00:00 0 
7ff78eec2000-7ff78eec5000 r--p 00000000 08:02 10356794                   /usr/lib/x86_64-linux-gnu/libsasl2.so.2.0.25
7ff78eec5000-7ff78eed6000 r-xp 00003000 08:02 10356794                   /usr/lib/x86_64-linux-gnu/libsasl2.so.2.0.25
7ff78eed6000-7ff78eedb000 r--p 00014000 08:02 10356794                   /usr/lib/x86_64-linux-gnu/libsasl2.so.2.0.25
7ff78eedb000-7ff78eedc000 r--p 00018000 08:02 10356794                   /usr/lib/x86_64-linux-gnu/libsasl2.so.2.0.25
7ff78eedc000-7ff78eedd000 rw-p 00019000 08:02 10356794                   /usr/lib/x86_64-linux-gnu/libsasl2.so.2.0.25
7ff78eedd000-7ff78eee1000 r--p 00000000 08:02 10355582                   /usr/lib/x86_64-linux-gnu/libjpeg.so.8.2.2
7ff78eee1000-7ff78ef2a000 r-xp 00004000 08:02 10355582                   /usr/lib/x86_64-linux-gnu/libjpeg.so.8.2.2
7ff78ef2a000-7ff78ef5c000 r--p 0004d000 08:02 10355582                   /usr/lib/x86_64-linux-gnu/libjpeg.so.8.2.2
7ff78ef5c000-7ff78ef5d000 r--p 0007e000 08:02 10355582                   /usr/lib/x86_64-linux-gnu/libjpeg.so.8.2.2
7ff78ef5d000-7ff78ef5e000 rw-p 0007f000 08:02 10355582                   /usr/lib/x86_64-linux-gnu/libjpeg.so.8.2.2
7ff78ef5e000-7ff78ef6c000 r--p 00000000 08:02 10355046                   /usr/lib/x86_64-linux-gnu/libcurl-gnutls.so.4.7.0
7ff78ef6c000-7ff78efde000 r-xp 0000e000 08:02 10355046                   /usr/lib/x86_64-linux-gnu/libcurl-gnutls.so.4.7.0
7ff78efde000-7ff78eff9000 r--p 00080000 08:02 10355046                   /usr/lib/x86_64-linux-gnu/libcurl-gnutls.so.4.7.0
7ff78eff9000-7ff78effd000 r--p 0009a000 08:02 10355046                   /usr/lib/x86_64-linux-gnu/libcurl-gnutls.so.4.7.0
7ff78effd000-7ff78efff000 rw-p 0009e000 08:02 10355046                   /usr/lib/x86_64-linux-gnu/libcurl-gnutls.so.4.7.0
7ff78efff000-7ff78f000000 rw-p 00000000 00:00 0 
7ff78f000000-7ff78f068000 r--p 00000000 08:02 10358220                   /usr/lib/x86_64-linux-gnu/libproj.so.22.2.1
7ff78f068000-7ff78f2b7000 r-xp 00068000 08:02 10358220                   /usr/lib/x86_64-linux-gnu/libproj.so.22.2.1
7ff78f2b7000-7ff78f34c000 r--p 002b7000 08:02 10358220                   /usr/lib/x86_64-linux-gnu/libproj.so.22.2.1
7ff78f34c000-7ff78f34d000 ---p 0034c000 08:02 10358220                   /usr/lib/x86_64-linux-gnu/libproj.so.22.2.1
7ff78f34d000-7ff78f364000 r--p 0034c000 08:02 10358220                   /usr/lib/x86_64-linux-gnu/libproj.so.22.2.1
7ff78f364000-7ff78f366000 rw-p 00363000 08:02 10358220                   /usr/lib/x86_64-linux-gnu/libproj.so.22.2.1
7ff78f366000-7ff78f369000 rw-p 00000000 00:00 0 
7ff78f36e000-7ff78f371000 r--p 00000000 08:02 10355637                   /usr/lib/x86_64-linux-gnu/libkrb5support.so.0.1
7ff78f371000-7ff78f377000 r-xp 00003000 08:02 10355637                   /usr/lib/x86_64-linux-gnu/libkrb5support.so.0.1
7ff78f377000-7ff78f379000 r--p 00009000 08:02 10355637                   /usr/lib/x86_64-linux-gnu/libkrb5support.so.0.1
7ff78f379000-7ff78f37a000 ---p 0000b000 08:02 10355637                   /usr/lib/x86_64-linux-gnu/libkrb5support.so.0.1
7ff78f37a000-7ff78f37b000 r--p 0000b000 08:02 10355637                   /usr/lib/x86_64-linux-gnu/libkrb5support.so.0.1
7ff78f37b000-7ff78f37c000 rw-p 0000c000 08:02 10355637                   /usr/lib/x86_64-linux-gnu/libkrb5support.so.0.1
7ff78f37c000-7ff78f37f000 r--p 00000000 08:02 10361751                   /usr/lib/x86_64-linux-gnu/libtasn1.so.6.6.2
7ff78f37f000-7ff78f38d000 r-xp 00003000 08:02 10361751                   /usr/lib/x86_64-linux-gnu/libtasn1.so.6.6.2
7ff78f38d000-7ff78f391000 r--p 00011000 08:02 10361751                   /usr/lib/x86_64-linux-gnu/libtasn1.so.6.6.2
7ff78f391000-7ff78f392000 ---p 00015000 08:02 10361751                   /usr/lib/x86_64-linux-gnu/libtasn1.so.6.6.2
7ff78f392000-7ff78f393000 r--p 00015000 08:02 10361751                   /usr/lib/x86_64-linux-gnu/libtasn1.so.6.6.2
7ff78f393000-7ff78f394000 rw-p 00016000 08:02 10361751                   /usr/lib/x86_64-linux-gnu/libtasn1.so.6.6.2
7ff78f394000-7ff78f396000 r--p 00000000 08:02 10358223                   /usr/lib/x86_64-linux-gnu/libwebp.so.7.1.3
7ff78f396000-7ff78f3eb000 r-xp 00002000 08:02 10358223                   /usr/lib/x86_64-linux-gnu/libwebp.so.7.1.3
7ff78f3eb000-7ff78f3fc000 r--p 00057000 08:02 10358223                   /usr/lib/x86_64-linux-gnu/libwebp.so.7.1.3
7ff78f3fc000-7ff78f3fd000 r--p 00067000 08:02 10358223                   /usr/lib/x86_64-linux-gnu/libwebp.so.7.1.3
7ff78f3fd000-7ff78f3fe000 rw-p 00068000 08:02 10358223                   /usr/lib/x86_64-linux-gnu/libwebp.so.7.1.3
7ff78f3fe000-7ff78f400000 rw-p 00000000 00:00 0 
7ff78f400000-7ff78f412000 r-xp 00000000 08:02 1705150                    /tmp/jffi14894302295799263386.so (deleted)
7ff78f412000-7ff78f611000 ---p 00012000 08:02 1705150                    /tmp/jffi14894302295799263386.so (deleted)
7ff78f611000-7ff78f612000 rw-p 00011000 08:02 1705150                    /tmp/jffi14894302295799263386.so (deleted)
7ff78f614000-7ff78f615000 r--p 00000000 08:02 10355683                   /usr/lib/x86_64-linux-gnu/libbrotlidec.so.1.0.9
7ff78f615000-7ff78f61d000 r-xp 00001000 08:02 10355683                   /usr/lib/x86_64-linux-gnu/libbrotlidec.so.1.0.9
7ff78f61d000-7ff78f620000 r--p 00009000 08:02 10355683                   /usr/lib/x86_64-linux-gnu/libbrotlidec.so.1.0.9
7ff78f620000-7ff78f621000 r--p 0000b000 08:02 10355683                   /usr/lib/x86_64-linux-gnu/libbrotlidec.so.1.0.9
7ff78f621000-7ff78f622000 rw-p 0000c000 08:02 10355683                   /usr/lib/x86_64-linux-gnu/libbrotlidec.so.1.0.9
7ff78f622000-7ff78f625000 r--p 00000000 08:02 10355303                   /usr/lib/x86_64-linux-gnu/liblber-2.5.so.0.1.9
7ff78f625000-7ff78f62d000 r-xp 00003000 08:02 10355303                   /usr/lib/x86_64-linux-gnu/liblber-2.5.so.0.1.9
7ff78f62d000-7ff78f630000 r--p 0000b000 08:02 10355303                   /usr/lib/x86_64-linux-gnu/liblber-2.5.so.0.1.9
7ff78f630000-7ff78f631000 ---p 0000e000 08:02 10355303                   /usr/lib/x86_64-linux-gnu/liblber-2.5.so.0.1.9
7ff78f631000-7ff78f632000 r--p 0000e000 08:02 10355303                   /usr/lib/x86_64-linux-gnu/liblber-2.5.so.0.1.9
7ff78f632000-7ff78f633000 rw-p 0000f000 08:02 10355303                   /usr/lib/x86_64-linux-gnu/liblber-2.5.so.0.1.9
7ff78f633000-7ff78f638000 r--p 00000000 08:02 10355338                   /usr/lib/x86_64-linux-gnu/librtmp.so.1
7ff78f638000-7ff78f648000 r-xp 00005000 08:02 10355338                   /usr/lib/x86_64-linux-gnu/librtmp.so.1
7ff78f648000-7ff78f64f000 r--p 00015000 08:02 10355338                   /usr/lib/x86_64-linux-gnu/librtmp.so.1
7ff78f64f000-7ff78f650000 ---p 0001c000 08:02 10355338                   /usr/lib/x86_64-linux-gnu/librtmp.so.1
7ff78f650000-7ff78f651000 r--p 0001c000 08:02 10355338                   /usr/lib/x86_64-linux-gnu/librtmp.so.1
7ff78f651000-7ff78f652000 rw-p 0001d000 08:02 10355338                   /usr/lib/x86_64-linux-gnu/librtmp.so.1
7ff78f652000-7ff78f657000 r--p 00000000 08:02 10354889                   /usr/lib/x86_64-linux-gnu/libnghttp2.so.14.20.1
7ff78f657000-7ff78f66c000 r-xp 00005000 08:02 10354889                   /usr/lib/x86_64-linux-gnu/libnghttp2.so.14.20.1
7ff78f66c000-7ff78f678000 r--p 0001a000 08:02 10354889                   /usr/lib/x86_64-linux-gnu/libnghttp2.so.14.20.1
7ff78f678000-7ff78f67b000 r--p 00025000 08:02 10354889                   /usr/lib/x86_64-linux-gnu/libnghttp2.so.14.20.1
7ff78f67b000-7ff78f67c000 rw-p 00028000 08:02 10354889                   /usr/lib/x86_64-linux-gnu/libnghttp2.so.14.20.1
7ff78f67c000-7ff78f6b2000 r--p 00000000 08:02 11142841                   /usr/local/lib/libmeos.so
7ff78f6b2000-7ff78f7a6000 r-xp 00036000 08:02 11142841                   /usr/local/lib/libmeos.so
7ff78f7a6000-7ff78f7f1000 r--p 0012a000 08:02 11142841                   /usr/local/lib/libmeos.so
7ff78f7f1000-7ff78f7f2000 ---p 00175000 08:02 11142841                   /usr/local/lib/libmeos.so
7ff78f7f2000-7ff78f7f3000 r--p 00175000 08:02 11142841                   /usr/local/lib/libmeos.so
7ff78f7f3000-7ff78f7f8000 rw-p 00176000 08:02 11142841                   /usr/local/lib/libmeos.so
7ff78f7f8000-7ff78f7fe000 rw-p 00000000 00:00 0 
7ff78f7fe000-7ff78f7ff000 ---p 00000000 00:00 0 
7ff78f7ff000-7ff78f900000 rw-p 00000000 00:00 0 
7ff78f900000-7ff78f904000 ---p 00000000 00:00 0 
7ff78f904000-7ff78fa00000 rw-p 00000000 00:00 0 
7ff78fa00000-7ff78fa04000 ---p 00000000 00:00 0 
7ff78fa04000-7ff78fb00000 rw-p 00000000 00:00 0 
7ff78fb00000-7ff78fb04000 ---p 00000000 00:00 0 
7ff78fb04000-7ff78fc00000 rw-p 00000000 00:00 0 
7ff78fc00000-7ff78fc04000 ---p 00000000 00:00 0 
7ff78fc04000-7ff78fd00000 rw-p 00000000 00:00 0 
7ff78fd00000-7ff78fd04000 ---p 00000000 00:00 0 
7ff78fd04000-7ff78fe00000 rw-p 00000000 00:00 0 
7ff78fe00000-7ff78fe04000 ---p 00000000 00:00 0 
7ff78fe04000-7ff78ff00000 rw-p 00000000 00:00 0 
7ff78ff00000-7ff78ff04000 ---p 00000000 00:00 0 
7ff78ff04000-7ff790000000 rw-p 00000000 00:00 0 
7ff790000000-7ff790021000 rw-p 00000000 00:00 0 
7ff790021000-7ff794000000 ---p 00000000 00:00 0 
7ff794000000-7ff794021000 rw-p 00000000 00:00 0 
7ff794021000-7ff798000000 ---p 00000000 00:00 0 
7ff798000000-7ff798021000 rw-p 00000000 00:00 0 
7ff798021000-7ff79c000000 ---p 00000000 00:00 0 
7ff79c000000-7ff79c021000 rw-p 00000000 00:00 0 
7ff79c021000-7ff7a0000000 ---p 00000000 00:00 0 
7ff7a0000000-7ff7a0260000 rw-p 00000000 00:00 0 
7ff7a0260000-7ff7a0400000 ---p 00000000 00:00 0 
7ff7a0400000-7ff7a0620000 rw-p 00000000 00:00 0 
7ff7a0620000-7ff7a4000000 ---p 00000000 00:00 0 
7ff7a4000000-7ff7a4021000 rw-p 00000000 00:00 0 
7ff7a4021000-7ff7a8000000 ---p 00000000 00:00 0 
7ff7a8000000-7ff7a8021000 rw-p 00000000 00:00 0 
7ff7a8021000-7ff7ac000000 ---p 00000000 00:00 0 
7ff7ac000000-7ff7ac021000 rw-p 00000000 00:00 0 
7ff7ac021000-7ff7b0000000 ---p 00000000 00:00 0 
7ff7b0000000-7ff7b0021000 rw-p 00000000 00:00 0 
7ff7b0021000-7ff7b4000000 ---p 00000000 00:00 0 
7ff7b4000000-7ff7b4021000 rw-p 00000000 00:00 0 
7ff7b4021000-7ff7b8000000 ---p 00000000 00:00 0 
7ff7b8000000-7ff7b8004000 ---p 00000000 00:00 0 
7ff7b8004000-7ff7b8100000 rw-p 00000000 00:00 0 
7ff7b8100000-7ff7b8104000 ---p 00000000 00:00 0 
7ff7b8104000-7ff7b8200000 rw-p 00000000 00:00 0 
7ff7b8200000-7ff7b89f0000 r--p 00000000 08:02 10356383                   /usr/lib/locale/locale-archive
7ff7b89f4000-7ff7b89f6000 r--p 00000000 08:02 10361325                   /usr/lib/x86_64-linux-gnu/libidn2.so.0.3.7
7ff7b89f6000-7ff7b89fa000 r-xp 00002000 08:02 10361325                   /usr/lib/x86_64-linux-gnu/libidn2.so.0.3.7
7ff7b89fa000-7ff7b8a13000 r--p 00006000 08:02 10361325                   /usr/lib/x86_64-linux-gnu/libidn2.so.0.3.7
7ff7b8a13000-7ff7b8a14000 r--p 0001e000 08:02 10361325                   /usr/lib/x86_64-linux-gnu/libidn2.so.0.3.7
7ff7b8a14000-7ff7b8a15000 rw-p 0001f000 08:02 10361325                   /usr/lib/x86_64-linux-gnu/libidn2.so.0.3.7
7ff7b8a15000-7ff7b8a16000 r--p 00000000 08:02 10355584                   /usr/lib/x86_64-linux-gnu/libdeflate.so.0
7ff7b8a16000-7ff7b8a32000 r-xp 00001000 08:02 10355584                   /usr/lib/x86_64-linux-gnu/libdeflate.so.0
7ff7b8a32000-7ff7b8a36000 r--p 0001d000 08:02 10355584                   /usr/lib/x86_64-linux-gnu/libdeflate.so.0
7ff7b8a36000-7ff7b8a37000 ---p 00021000 08:02 10355584                   /usr/lib/x86_64-linux-gnu/libdeflate.so.0
7ff7b8a37000-7ff7b8a38000 r--p 00021000 08:02 10355584                   /usr/lib/x86_64-linux-gnu/libdeflate.so.0
7ff7b8a38000-7ff7b8a39000 rw-p 00022000 08:02 10355584                   /usr/lib/x86_64-linux-gnu/libdeflate.so.0
7ff7b8a39000-7ff7b8a3c000 r--p 00000000 08:02 10360435                   /usr/lib/x86_64-linux-gnu/libgslcblas.so.0.0.0
7ff7b8a3c000-7ff7b8a75000 r-xp 00003000 08:02 10360435                   /usr/lib/x86_64-linux-gnu/libgslcblas.so.0.0.0
7ff7b8a75000-7ff7b8a79000 r--p 0003c000 08:02 10360435                   /usr/lib/x86_64-linux-gnu/libgslcblas.so.0.0.0
7ff7b8a79000-7ff7b8a7a000 r--p 0003f000 08:02 10360435                   /usr/lib/x86_64-linux-gnu/libgslcblas.so.0.0.0
7ff7b8a7a000-7ff7b8a7b000 rw-p 00040000 08:02 10360435                   /usr/lib/x86_64-linux-gnu/libgslcblas.so.0.0.0
7ff7b8a7b000-7ff7b8a7f000 ---p 00000000 00:00 0 
7ff7b8a7f000-7ff7b8b7b000 rw-p 00000000 00:00 0 
7ff7b8b7b000-7ff7b8b7f000 ---p 00000000 00:00 0 
7ff7b8b7f000-7ff7b8c7b000 rw-p 00000000 00:00 0 
7ff7b8c7b000-7ff7b8c7c000 ---p 00000000 00:00 0 
7ff7b8c7c000-7ff7b8d7d000 rw-p 00000000 00:00 0 
7ff7b8d7d000-7ff7b8d82000 r--p 00000000 08:02 10491564                   /usr/lib/jvm/java-17-openjdk-amd64/lib/libjsvml.so
7ff7b8d82000-7ff7b8dc3000 r-xp 00005000 08:02 10491564                   /usr/lib/jvm/java-17-openjdk-amd64/lib/libjsvml.so
7ff7b8dc3000-7ff7b8e4c000 r--p 00046000 08:02 10491564                   /usr/lib/jvm/java-17-openjdk-amd64/lib/libjsvml.so
7ff7b8e4c000-7ff7b8e4d000 r--p 000ce000 08:02 10491564                   /usr/lib/jvm/java-17-openjdk-amd64/lib/libjsvml.so
7ff7b8e4d000-7ff7b8e4e000 rw-p 000cf000 08:02 10491564                   /usr/lib/jvm/java-17-openjdk-amd64/lib/libjsvml.so
7ff7b8e4e000-7ff7b8e4f000 ---p 00000000 00:00 0 
7ff7b8e4f000-7ff7b8f50000 rw-p 00000000 00:00 0 
7ff7b8f50000-7ff7b8f51000 ---p 00000000 00:00 0 
7ff7b8f51000-7ff7bb456000 rw-p 00000000 00:00 0 
7ff7bb456000-7ff7bb457000 ---p 00000000 00:00 0 
7ff7bb457000-7ff7bb748000 rw-p 00000000 00:00 0 
7ff7bb748000-7ff7bd3f8000 ---p 00000000 00:00 0 
7ff7bd3f8000-7ff7bd400000 rw-p 00000000 00:00 0 
7ff7bd400000-7ff7bd670000 rwxp 00000000 00:00 0 
7ff7bd670000-7ff7c4937000 ---p 00000000 00:00 0 
7ff7c4937000-7ff7c4ba7000 rwxp 00000000 00:00 0 
7ff7c4ba7000-7ff7c4ec8000 ---p 00000000 00:00 0 
7ff7c4ec8000-7ff7c5138000 rwxp 00000000 00:00 0 
7ff7c5138000-7ff7cc400000 ---p 00000000 00:00 0 
7ff7cc400000-7ff7d3e43000 r--s 00000000 08:02 10491594                   /usr/lib/jvm/java-17-openjdk-amd64/lib/modules
7ff7d3e46000-7ff7d3e48000 r--p 00000000 08:02 10357718                   /usr/lib/x86_64-linux-gnu/libkeyutils.so.1.9
7ff7d3e48000-7ff7d3e4a000 r-xp 00002000 08:02 10357718                   /usr/lib/x86_64-linux-gnu/libkeyutils.so.1.9
7ff7d3e4a000-7ff7d3e4b000 r--p 00004000 08:02 10357718                   /usr/lib/x86_64-linux-gnu/libkeyutils.so.1.9
7ff7d3e4b000-7ff7d3e4c000 r--p 00004000 08:02 10357718                   /usr/lib/x86_64-linux-gnu/libkeyutils.so.1.9
7ff7d3e4c000-7ff7d3e4d000 rw-p 00005000 08:02 10357718                   /usr/lib/x86_64-linux-gnu/libkeyutils.so.1.9
7ff7d3e4d000-7ff7d3e50000 r--p 00000000 08:02 10359160                   /usr/lib/x86_64-linux-gnu/liblzma.so.5.2.5
7ff7d3e50000-7ff7d3e6b000 r-xp 00003000 08:02 10359160                   /usr/lib/x86_64-linux-gnu/liblzma.so.5.2.5
7ff7d3e6b000-7ff7d3e76000 r--p 0001e000 08:02 10359160                   /usr/lib/x86_64-linux-gnu/liblzma.so.5.2.5
7ff7d3e76000-7ff7d3e77000 r--p 00028000 08:02 10359160                   /usr/lib/x86_64-linux-gnu/liblzma.so.5.2.5
7ff7d3e77000-7ff7d3e78000 rw-p 00029000 08:02 10359160                   /usr/lib/x86_64-linux-gnu/liblzma.so.5.2.5
7ff7d3e78000-7ff7d3e80000 r--p 00000000 08:02 10358811                   /usr/lib/x86_64-linux-gnu/libtiff.so.5.7.0
7ff7d3e80000-7ff7d3ec8000 r-xp 00008000 08:02 10358811                   /usr/lib/x86_64-linux-gnu/libtiff.so.5.7.0
7ff7d3ec8000-7ff7d3ef8000 r--p 00050000 08:02 10358811                   /usr/lib/x86_64-linux-gnu/libtiff.so.5.7.0
7ff7d3ef8000-7ff7d3efd000 r--p 0007f000 08:02 10358811                   /usr/lib/x86_64-linux-gnu/libtiff.so.5.7.0
7ff7d3efd000-7ff7d3efe000 rw-p 00084000 08:02 10358811                   /usr/lib/x86_64-linux-gnu/libtiff.so.5.7.0
7ff7d3efe000-7ff7d3eff000 ---p 00000000 00:00 0 
7ff7d3eff000-7ff7d4000000 rw-p 00000000 00:00 0 
7ff7d4000000-7ff7d44f7000 rw-p 00000000 00:00 0 
7ff7d44f7000-7ff7d8000000 ---p 00000000 00:00 0 
7ff7d8005000-7ff7d8007000 r--p 00000000 08:02 10361503                   /usr/lib/x86_64-linux-gnu/libpsl.so.5.3.2
7ff7d8007000-7ff7d8009000 r-xp 00002000 08:02 10361503                   /usr/lib/x86_64-linux-gnu/libpsl.so.5.3.2
7ff7d8009000-7ff7d8017000 r--p 00004000 08:02 10361503                   /usr/lib/x86_64-linux-gnu/libpsl.so.5.3.2
7ff7d8017000-7ff7d8018000 r--p 00011000 08:02 10361503                   /usr/lib/x86_64-linux-gnu/libpsl.so.5.3.2
7ff7d8018000-7ff7d8019000 rw-p 00012000 08:02 10361503                   /usr/lib/x86_64-linux-gnu/libpsl.so.5.3.2
7ff7d8019000-7ff7d801b000 r--p 00000000 08:02 10355587                   /usr/lib/x86_64-linux-gnu/libjbig.so.0
7ff7d801b000-7ff7d8024000 r-xp 00002000 08:02 10355587                   /usr/lib/x86_64-linux-gnu/libjbig.so.0
7ff7d8024000-7ff7d8026000 r--p 0000b000 08:02 10355587                   /usr/lib/x86_64-linux-gnu/libjbig.so.0
7ff7d8026000-7ff7d8027000 r--p 0000c000 08:02 10355587                   /usr/lib/x86_64-linux-gnu/libjbig.so.0
7ff7d8027000-7ff7d802a000 rw-p 0000d000 08:02 10355587                   /usr/lib/x86_64-linux-gnu/libjbig.so.0
7ff7d802a000-7ff7d8039000 r--p 00000000 08:02 10366483                   /usr/lib/x86_64-linux-gnu/libgeos_c.so.1.16.0
7ff7d8039000-7ff7d8059000 r-xp 0000f000 08:02 10366483                   /usr/lib/x86_64-linux-gnu/libgeos_c.so.1.16.0
7ff7d8059000-7ff7d8066000 r--p 0002f000 08:02 10366483                   /usr/lib/x86_64-linux-gnu/libgeos_c.so.1.16.0
7ff7d8066000-7ff7d8067000 ---p 0003c000 08:02 10366483                   /usr/lib/x86_64-linux-gnu/libgeos_c.so.1.16.0
7ff7d8067000-7ff7d8068000 r--p 0003c000 08:02 10366483                   /usr/lib/x86_64-linux-gnu/libgeos_c.so.1.16.0
7ff7d8068000-7ff7d8069000 rw-p 0003d000 08:02 10366483                   /usr/lib/x86_64-linux-gnu/libgeos_c.so.1.16.0
7ff7d8069000-7ff7d806d000 r--p 00000000 08:02 10355662                   /usr/lib/x86_64-linux-gnu/libjson-c.so.5.1.0
7ff7d806d000-7ff7d8076000 r-xp 00004000 08:02 10355662                   /usr/lib/x86_64-linux-gnu/libjson-c.so.5.1.0
7ff7d8076000-7ff7d8079000 r--p 0000d000 08:02 10355662                   /usr/lib/x86_64-linux-gnu/libjson-c.so.5.1.0
7ff7d8079000-7ff7d807a000 ---p 00010000 08:02 10355662                   /usr/lib/x86_64-linux-gnu/libjson-c.so.5.1.0
7ff7d807a000-7ff7d807b000 r--p 00010000 08:02 10355662                   /usr/lib/x86_64-linux-gnu/libjson-c.so.5.1.0
7ff7d807b000-7ff7d807c000 rw-p 00011000 08:02 10355662                   /usr/lib/x86_64-linux-gnu/libjson-c.so.5.1.0
7ff7d807c000-7ff7d80fd000 rw-p 00000000 00:00 0 
7ff7d80fd000-7ff7d80fe000 ---p 00000000 00:00 0 
7ff7d80fe000-7ff7d83ef000 rw-p 00000000 00:00 0 
7ff7d83ef000-7ff7da09f000 ---p 00000000 00:00 0 
7ff7da09f000-7ff7da0e5000 rw-p 00000000 00:00 0 
7ff7da0e5000-7ff7da47b000 ---p 00000000 00:00 0 
7ff7da47b000-7ff7da4ba000 rw-p 00000000 00:00 0 
7ff7da4ba000-7ff7da850000 ---p 00000000 00:00 0 
7ff7da850000-7ff7da88f000 rw-p 00000000 00:00 0 
7ff7da88f000-7ff7dac25000 ---p 00000000 00:00 0 
7ff7dac25000-7ff7db02f000 rw-p 00000000 00:00 0 
7ff7db02f000-7ff7db115000 ---p 00000000 00:00 0 
7ff7db115000-7ff7db11a000 rw-p 00000000 00:00 0 
7ff7db11a000-7ff7db200000 ---p 00000000 00:00 0 
7ff7db200000-7ff7db29a000 r--p 00000000 08:02 10354705                   /usr/lib/x86_64-linux-gnu/libstdc++.so.6.0.30
7ff7db29a000-7ff7db3aa000 r-xp 0009a000 08:02 10354705                   /usr/lib/x86_64-linux-gnu/libstdc++.so.6.0.30
7ff7db3aa000-7ff7db419000 r--p 001aa000 08:02 10354705                   /usr/lib/x86_64-linux-gnu/libstdc++.so.6.0.30
7ff7db419000-7ff7db424000 r--p 00218000 08:02 10354705                   /usr/lib/x86_64-linux-gnu/libstdc++.so.6.0.30
7ff7db424000-7ff7db427000 rw-p 00223000 08:02 10354705                   /usr/lib/x86_64-linux-gnu/libstdc++.so.6.0.30
7ff7db427000-7ff7db42a000 rw-p 00000000 00:00 0 
7ff7db430000-7ff7db432000 r--p 00000000 08:02 10357716                   /usr/lib/x86_64-linux-gnu/libcom_err.so.2.1
7ff7db432000-7ff7db433000 r-xp 00002000 08:02 10357716                   /usr/lib/x86_64-linux-gnu/libcom_err.so.2.1
7ff7db433000-7ff7db434000 r--p 00003000 08:02 10357716                   /usr/lib/x86_64-linux-gnu/libcom_err.so.2.1
7ff7db434000-7ff7db435000 r--p 00003000 08:02 10357716                   /usr/lib/x86_64-linux-gnu/libcom_err.so.2.1
7ff7db435000-7ff7db436000 rw-p 00004000 08:02 10357716                   /usr/lib/x86_64-linux-gnu/libcom_err.so.2.1
7ff7db44c000-7ff7db471000 r--p 00000000 08:02 12591460                   /usr/share/locale-langpack/fr/LC_MESSAGES/libc.mo
7ff7db471000-7ff7db478000 r--s 00000000 08:02 11013395                   /usr/lib/x86_64-linux-gnu/gconv/gconv-modules.cache
7ff7db478000-7ff7db47c000 r--p 00000000 08:02 10491590                   /usr/lib/jvm/java-17-openjdk-amd64/lib/libverify.so
7ff7db47c000-7ff7db483000 r-xp 00004000 08:02 10491590                   /usr/lib/jvm/java-17-openjdk-amd64/lib/libverify.so
7ff7db483000-7ff7db485000 r--p 0000b000 08:02 10491590                   /usr/lib/jvm/java-17-openjdk-amd64/lib/libverify.so
7ff7db485000-7ff7db487000 r--p 0000c000 08:02 10491590                   /usr/lib/jvm/java-17-openjdk-amd64/lib/libverify.so
7ff7db487000-7ff7db488000 rw-p 0000e000 08:02 10491590                   /usr/lib/jvm/java-17-openjdk-amd64/lib/libverify.so
7ff7db488000-7ff7db489000 r--p 00000000 08:02 10491501                   /usr/lib/jvm/java-17-openjdk-amd64/lib/libextnet.so
7ff7db489000-7ff7db48a000 r-xp 00001000 08:02 10491501                   /usr/lib/jvm/java-17-openjdk-amd64/lib/libextnet.so
7ff7db48a000-7ff7db48b000 r--p 00002000 08:02 10491501                   /usr/lib/jvm/java-17-openjdk-amd64/lib/libextnet.so
7ff7db48b000-7ff7db48c000 r--p 00002000 08:02 10491501                   /usr/lib/jvm/java-17-openjdk-amd64/lib/libextnet.so
7ff7db48c000-7ff7db48d000 rw-p 00003000 08:02 10491501                   /usr/lib/jvm/java-17-openjdk-amd64/lib/libextnet.so
7ff7db48d000-7ff7db491000 r--p 00000000 08:02 10491576                   /usr/lib/jvm/java-17-openjdk-amd64/lib/libnet.so
7ff7db491000-7ff7db49f000 r-xp 00004000 08:02 10491576                   /usr/lib/jvm/java-17-openjdk-amd64/lib/libnet.so
7ff7db49f000-7ff7db4a3000 r--p 00012000 08:02 10491576                   /usr/lib/jvm/java-17-openjdk-amd64/lib/libnet.so
7ff7db4a3000-7ff7db4a4000 r--p 00015000 08:02 10491576                   /usr/lib/jvm/java-17-openjdk-amd64/lib/libnet.so
7ff7db4a4000-7ff7db4a5000 rw-p 00016000 08:02 10491576                   /usr/lib/jvm/java-17-openjdk-amd64/lib/libnet.so
7ff7db4a5000-7ff7db500000 rw-p 00000000 00:00 0 
7ff7db500000-7ff7db504000 ---p 00000000 00:00 0 
7ff7db504000-7ff7db600000 rw-p 00000000 00:00 0 
7ff7db600000-7ff7db850000 r--p 00000000 08:02 10491606                   /usr/lib/jvm/java-17-openjdk-amd64/lib/server/libjvm.so
7ff7db850000-7ff7dc5d4000 r-xp 00250000 08:02 10491606                   /usr/lib/jvm/java-17-openjdk-amd64/lib/server/libjvm.so
7ff7dc5d4000-7ff7dc857000 r--p 00fd4000 08:02 10491606                   /usr/lib/jvm/java-17-openjdk-amd64/lib/server/libjvm.so
7ff7dc857000-7ff7dc90f000 r--p 01256000 08:02 10491606                   /usr/lib/jvm/java-17-openjdk-amd64/lib/server/libjvm.so
7ff7dc90f000-7ff7dc944000 rw-p 0130e000 08:02 10491606                   /usr/lib/jvm/java-17-openjdk-amd64/lib/server/libjvm.so
7ff7dc944000-7ff7dc99e000 rw-p 00000000 00:00 0 
7ff7dc99e000-7ff7dc9a4000 r--p 00000000 08:02 10491578                   /usr/lib/jvm/java-17-openjdk-amd64/lib/libnio.so
7ff7dc9a4000-7ff7dc9ad000 r-xp 00006000 08:02 10491578                   /usr/lib/jvm/java-17-openjdk-amd64/lib/libnio.so
7ff7dc9ad000-7ff7dc9b1000 r--p 0000f000 08:02 10491578                   /usr/lib/jvm/java-17-openjdk-amd64/lib/libnio.so
7ff7dc9b1000-7ff7dc9b2000 ---p 00013000 08:02 10491578                   /usr/lib/jvm/java-17-openjdk-amd64/lib/libnio.so
7ff7dc9b2000-7ff7dc9b3000 r--p 00013000 08:02 10491578                   /usr/lib/jvm/java-17-openjdk-amd64/lib/libnio.so
7ff7dc9b3000-7ff7dc9b4000 rw-p 00014000 08:02 10491578                   /usr/lib/jvm/java-17-openjdk-amd64/lib/libnio.so
7ff7dc9b4000-7ff7dc9b6000 r--p 00000000 08:02 10491592                   /usr/lib/jvm/java-17-openjdk-amd64/lib/libzip.so
7ff7dc9b6000-7ff7dc9bb000 r-xp 00002000 08:02 10491592                   /usr/lib/jvm/java-17-openjdk-amd64/lib/libzip.so
7ff7dc9bb000-7ff7dc9bd000 r--p 00007000 08:02 10491592                   /usr/lib/jvm/java-17-openjdk-amd64/lib/libzip.so
7ff7dc9bd000-7ff7dc9be000 r--p 00008000 08:02 10491592                   /usr/lib/jvm/java-17-openjdk-amd64/lib/libzip.so
7ff7dc9be000-7ff7dc9bf000 rw-p 00009000 08:02 10491592                   /usr/lib/jvm/java-17-openjdk-amd64/lib/libzip.so
7ff7dc9bf000-7ff7dca00000 rw-p 00000000 00:00 0 
7ff7dca00000-7ff7dca28000 r--p 00000000 08:02 10365356                   /usr/lib/x86_64-linux-gnu/libc.so.6
7ff7dca28000-7ff7dcbbd000 r-xp 00028000 08:02 10365356                   /usr/lib/x86_64-linux-gnu/libc.so.6
7ff7dcbbd000-7ff7dcc15000 r--p 001bd000 08:02 10365356                   /usr/lib/x86_64-linux-gnu/libc.so.6
7ff7dcc15000-7ff7dcc19000 r--p 00214000 08:02 10365356                   /usr/lib/x86_64-linux-gnu/libc.so.6
7ff7dcc19000-7ff7dcc1b000 rw-p 00218000 08:02 10365356                   /usr/lib/x86_64-linux-gnu/libc.so.6
7ff7dcc1b000-7ff7dcc28000 rw-p 00000000 00:00 0 
7ff7dcc29000-7ff7dcc70000 rw-p 00000000 00:00 0 
7ff7dcc70000-7ff7dcc77000 ---p 00000000 00:00 0 
7ff7dcc77000-7ff7dcc83000 r--p 00000000 08:02 10491515                   /usr/lib/jvm/java-17-openjdk-amd64/lib/libjava.so
7ff7dcc83000-7ff7dcc96000 r-xp 0000c000 08:02 10491515                   /usr/lib/jvm/java-17-openjdk-amd64/lib/libjava.so
7ff7dcc96000-7ff7dcc9c000 r--p 0001f000 08:02 10491515                   /usr/lib/jvm/java-17-openjdk-amd64/lib/libjava.so
7ff7dcc9c000-7ff7dcc9d000 r--p 00024000 08:02 10491515                   /usr/lib/jvm/java-17-openjdk-amd64/lib/libjava.so
7ff7dcc9d000-7ff7dcc9e000 rw-p 00025000 08:02 10491515                   /usr/lib/jvm/java-17-openjdk-amd64/lib/libjava.so
7ff7dcc9e000-7ff7dcc9f000 rw-p 00000000 00:00 0 
7ff7dcc9f000-7ff7dcca0000 r--p 00000000 08:02 10491505                   /usr/lib/jvm/java-17-openjdk-amd64/lib/libinstrument.so
7ff7dcca0000-7ff7dcca6000 r-xp 00001000 08:02 10491505                   /usr/lib/jvm/java-17-openjdk-amd64/lib/libinstrument.so
7ff7dcca6000-7ff7dcca9000 r--p 00007000 08:02 10491505                   /usr/lib/jvm/java-17-openjdk-amd64/lib/libinstrument.so
7ff7dcca9000-7ff7dccaa000 r--p 00009000 08:02 10491505                   /usr/lib/jvm/java-17-openjdk-amd64/lib/libinstrument.so
7ff7dccaa000-7ff7dccab000 rw-p 0000a000 08:02 10491505                   /usr/lib/jvm/java-17-openjdk-amd64/lib/libinstrument.so
7ff7dccab000-7ff7dccae000 r--p 00000000 08:02 10354703                   /usr/lib/x86_64-linux-gnu/libgcc_s.so.1
7ff7dccae000-7ff7dccc5000 r-xp 00003000 08:02 10354703                   /usr/lib/x86_64-linux-gnu/libgcc_s.so.1
7ff7dccc5000-7ff7dccc9000 r--p 0001a000 08:02 10354703                   /usr/lib/x86_64-linux-gnu/libgcc_s.so.1
7ff7dccc9000-7ff7dccca000 r--p 0001d000 08:02 10354703                   /usr/lib/x86_64-linux-gnu/libgcc_s.so.1
7ff7dccca000-7ff7dcccb000 rw-p 0001e000 08:02 10354703                   /usr/lib/x86_64-linux-gnu/libgcc_s.so.1
7ff7dcccb000-7ff7dccd9000 r--p 00000000 08:02 10365361                   /usr/lib/x86_64-linux-gnu/libm.so.6
7ff7dccd9000-7ff7dcd55000 r-xp 0000e000 08:02 10365361                   /usr/lib/x86_64-linux-gnu/libm.so.6
7ff7dcd55000-7ff7dcdb0000 r--p 0008a000 08:02 10365361                   /usr/lib/x86_64-linux-gnu/libm.so.6
7ff7dcdb0000-7ff7dcdb1000 r--p 000e4000 08:02 10365361                   /usr/lib/x86_64-linux-gnu/libm.so.6
7ff7dcdb1000-7ff7dcdb2000 rw-p 000e5000 08:02 10365361                   /usr/lib/x86_64-linux-gnu/libm.so.6
7ff7dcdb2000-7ff7dcdb5000 rw-p 00000000 00:00 0 
7ff7dcdb5000-7ff7dcdb7000 r--p 00000000 08:02 10354880                   /usr/lib/x86_64-linux-gnu/libz.so.1.2.11
7ff7dcdb7000-7ff7dcdc8000 r-xp 00002000 08:02 10354880                   /usr/lib/x86_64-linux-gnu/libz.so.1.2.11
7ff7dcdc8000-7ff7dcdce000 r--p 00013000 08:02 10354880                   /usr/lib/x86_64-linux-gnu/libz.so.1.2.11
7ff7dcdce000-7ff7dcdcf000 ---p 00019000 08:02 10354880                   /usr/lib/x86_64-linux-gnu/libz.so.1.2.11
7ff7dcdcf000-7ff7dcdd0000 r--p 00019000 08:02 10354880                   /usr/lib/x86_64-linux-gnu/libz.so.1.2.11
7ff7dcdd0000-7ff7dcdd1000 rw-p 0001a000 08:02 10354880                   /usr/lib/x86_64-linux-gnu/libz.so.1.2.11
7ff7dcdd3000-7ff7dcdd4000 r-xp 00000000 00:00 0 
7ff7dcdd4000-7ff7dcddc000 rw-s 00000000 08:02 1978130                    /tmp/hsperfdata_nidhal/316995
7ff7dcddc000-7ff7dcddd000 ---p 00000000 00:00 0 
7ff7dcddd000-7ff7dcdde000 r--p 00000000 00:00 0 
7ff7dcdde000-7ff7dcde0000 r--p 00000000 08:02 10491521                   /usr/lib/jvm/java-17-openjdk-amd64/lib/libjimage.so
7ff7dcde0000-7ff7dcde3000 r-xp 00002000 08:02 10491521                   /usr/lib/jvm/java-17-openjdk-amd64/lib/libjimage.so
7ff7dcde3000-7ff7dcde4000 r--p 00005000 08:02 10491521                   /usr/lib/jvm/java-17-openjdk-amd64/lib/libjimage.so
7ff7dcde4000-7ff7dcde5000 ---p 00006000 08:02 10491521                   /usr/lib/jvm/java-17-openjdk-amd64/lib/libjimage.so
7ff7dcde5000-7ff7dcde6000 r--p 00006000 08:02 10491521                   /usr/lib/jvm/java-17-openjdk-amd64/lib/libjimage.so
7ff7dcde6000-7ff7dcde7000 rw-p 00007000 08:02 10491521                   /usr/lib/jvm/java-17-openjdk-amd64/lib/libjimage.so
7ff7dcde7000-7ff7dcde9000 r--p 00000000 08:02 10491523                   /usr/lib/jvm/java-17-openjdk-amd64/lib/libjli.so
7ff7dcde9000-7ff7dcdf3000 r-xp 00002000 08:02 10491523                   /usr/lib/jvm/java-17-openjdk-amd64/lib/libjli.so
7ff7dcdf3000-7ff7dcdf6000 r--p 0000c000 08:02 10491523                   /usr/lib/jvm/java-17-openjdk-amd64/lib/libjli.so
7ff7dcdf6000-7ff7dcdf7000 r--p 0000e000 08:02 10491523                   /usr/lib/jvm/java-17-openjdk-amd64/lib/libjli.so
7ff7dcdf7000-7ff7dcdf8000 rw-p 0000f000 08:02 10491523                   /usr/lib/jvm/java-17-openjdk-amd64/lib/libjli.so
7ff7dcdf8000-7ff7dcdfa000 rw-p 00000000 00:00 0 
7ff7dcdfa000-7ff7dcdfc000 r--p 00000000 08:02 10356375                   /usr/lib/x86_64-linux-gnu/ld-linux-x86-64.so.2
7ff7dcdfc000-7ff7dce26000 r-xp 00002000 08:02 10356375                   /usr/lib/x86_64-linux-gnu/ld-linux-x86-64.so.2
7ff7dce26000-7ff7dce31000 r--p 0002c000 08:02 10356375                   /usr/lib/x86_64-linux-gnu/ld-linux-x86-64.so.2
7ff7dce31000-7ff7dce32000 ---p 00000000 00:00 0 
7ff7dce32000-7ff7dce34000 r--p 00037000 08:02 10356375                   /usr/lib/x86_64-linux-gnu/ld-linux-x86-64.so.2
7ff7dce34000-7ff7dce36000 rw-p 00039000 08:02 10356375                   /usr/lib/x86_64-linux-gnu/ld-linux-x86-64.so.2
7ffd0a1f7000-7ffd0a219000 rw-p 00000000 00:00 0                          [stack]
7ffd0a333000-7ffd0a337000 r--p 00000000 00:00 0                          [vvar]
7ffd0a337000-7ffd0a339000 r-xp 00000000 00:00 0                          [vdso]
ffffffffff600000-ffffffffff601000 --xp 00000000 00:00 0                  [vsyscall]


VM Arguments:
jvm_args: -javaagent:/snap/intellij-idea-ultimate/430/lib/idea_rt.jar=40673:/snap/intellij-idea-ultimate/430/bin -Dfile.encoding=UTF-8 
java_command: tutorials.hello_world
java_class_path (initial): /home/nidhal/IdeaProjects/JMEOS/target/classes:/home/nidhal/.m2/repository/com/github/jnr/jnr-ffi/2.2.11/jnr-ffi-2.2.11.jar:/home/nidhal/.m2/repository/com/github/jnr/jffi/1.3.9/jffi-1.3.9.jar:/home/nidhal/.m2/repository/com/github/jnr/jffi/1.3.9/jffi-1.3.9-native.jar:/home/nidhal/.m2/repository/org/ow2/asm/asm/9.2/asm-9.2.jar:/home/nidhal/.m2/repository/org/ow2/asm/asm-commons/9.2/asm-commons-9.2.jar:/home/nidhal/.m2/repository/org/ow2/asm/asm-analysis/9.2/asm-analysis-9.2.jar:/home/nidhal/.m2/repository/org/ow2/asm/asm-tree/9.2/asm-tree-9.2.jar:/home/nidhal/.m2/repository/org/ow2/asm/asm-util/9.2/asm-util-9.2.jar:/home/nidhal/.m2/repository/com/github/jnr/jnr-a64asm/1.0.0/jnr-a64asm-1.0.0.jar:/home/nidhal/.m2/repository/com/github/jnr/jnr-x86asm/1.0.2/jnr-x86asm-1.0.2.jar:/home/nidhal/.m2/repository/org/hibernate/orm/hibernate-core/6.2.2.Final/hibernate-core-6.2.2.Final.jar:/home/nidhal/.m2/repository/jakarta/persistence/jakarta.persistence-api/3.1.0/jakarta.persistence-api-3.1.0.jar:/home/nidhal/.m2/repository/jakarta/transaction/jakarta.transaction-api/2.0.1/jakarta.transaction-api-2.0.1.jar:/home/nidhal/.m2/repository/org/jboss/logging/jboss-logging/3.5.0.Final/jboss-logging-3.5.0.Final.jar:/home/nidhal/.m2/repository/org/hibernate/common/hibernate-commons-annotations/6.0.6.Final/hibernate-commons-annotations-6.0.6.Final.jar:/home/nidhal/.m2/repository/io/smallrye/jandex/3.0.5/jandex-3.0.5.jar:/home/nidhal/.m2/repository/com/fasterxml/classmate/1.5.1/classmate-1.5.1.jar:/home/nidhal/.m2/repository/net/bytebuddy/byte-buddy/1.12.18/byte-buddy-1.12.18.jar:/home/nidhal/.m2/repository/jakarta/xml/bind/jakarta.xml.bind-api/4.0.0/jakarta.xml.bind-api-4.0.0.jar:/home/nidhal/.m2/repository/jakarta/activation/jakarta.activation-api/2.1.0/jakarta.activation-api-2.1.0.jar:/home/nidhal/.m2/repository/org/glassfish/jaxb/jaxb-runtime/4.0.2/jaxb-runtime-4.0.2.jar:/home/nidhal/.m2/repository/org/glassfish/jaxb/jaxb-core/4.0.2/jaxb-core-4.0.2.jar:/ho
Launcher Type: SUN_STANDARD

[Global flags]
     intx CICompilerCount                          = 3                                         {product} {ergonomic}
     uint ConcGCThreads                            = 1                                         {product} {ergonomic}
     uint G1ConcRefinementThreads                  = 4                                         {product} {ergonomic}
   size_t G1HeapRegionSize                         = 1048576                                   {product} {ergonomic}
    uintx GCDrainStackTargetSize                   = 64                                        {product} {ergonomic}
   size_t InitialHeapSize                          = 130023424                                 {product} {ergonomic}
   size_t MarkStackSize                            = 4194304                                   {product} {ergonomic}
   size_t MaxHeapSize                              = 2057306112                                {product} {ergonomic}
   size_t MaxNewSize                               = 1234173952                                {product} {ergonomic}
   size_t MinHeapDeltaBytes                        = 1048576                                   {product} {ergonomic}
   size_t MinHeapSize                              = 8388608                                   {product} {ergonomic}
    uintx NonNMethodCodeHeapSize                   = 5832780                                {pd product} {ergonomic}
    uintx NonProfiledCodeHeapSize                  = 122912730                              {pd product} {ergonomic}
    uintx ProfiledCodeHeapSize                     = 122912730                              {pd product} {ergonomic}
    uintx ReservedCodeCacheSize                    = 251658240                              {pd product} {ergonomic}
     bool SegmentedCodeCache                       = true                                      {product} {ergonomic}
   size_t SoftMaxHeapSize                          = 2057306112                             {manageable} {ergonomic}
     bool UseCompressedClassPointers               = true                           {product lp64_product} {ergonomic}
     bool UseCompressedOops                        = true                           {product lp64_product} {ergonomic}
     bool UseG1GC                                  = true                                      {product} {ergonomic}

Logging:
Log output configuration:
 #0: stdout all=warning uptime,level,tags
 #1: stderr all=off uptime,level,tags

Environment Variables:
JAVA_HOME=/opt/jdk-13.0.2
PATH=/home/nidhal/.local/bin:/usr/local/sbin:/usr/local/bin:/usr/sbin:/usr/bin:/sbin:/bin:/usr/games:/usr/local/games:/snap/bin:/snap/bin/opt/jdk-13.0.2/bin
USERNAME=nidhal
SHELL=/bin/bash
DISPLAY=:0
LANG=fr_FR.UTF-8

Active Locale:
LC_ALL=fr_FR.UTF-8
LC_COLLATE=fr_FR.UTF-8
LC_CTYPE=fr_FR.UTF-8
LC_MESSAGES=fr_FR.UTF-8
LC_MONETARY=fr_FR.UTF-8
LC_NUMERIC=fr_FR.UTF-8
LC_TIME=fr_FR.UTF-8

Signal Handlers:
   SIGSEGV: crash_handler in libjvm.so, mask=11100100010111111101111111111110, flags=SA_RESTART|SA_SIGINFO, unblocked
    SIGBUS: crash_handler in libjvm.so, mask=11100100010111111101111111111110, flags=SA_RESTART|SA_SIGINFO, unblocked
    SIGFPE: crash_handler in libjvm.so, mask=11100100010111111101111111111110, flags=SA_RESTART|SA_SIGINFO, unblocked
   SIGPIPE: javaSignalHandler in libjvm.so, mask=11100100010111111101111111111110, flags=SA_RESTART|SA_SIGINFO, blocked
   SIGXFSZ: javaSignalHandler in libjvm.so, mask=11100100010111111101111111111110, flags=SA_RESTART|SA_SIGINFO, blocked
    SIGILL: crash_handler in libjvm.so, mask=11100100010111111101111111111110, flags=SA_RESTART|SA_SIGINFO, unblocked
   SIGUSR2: SR_handler in libjvm.so, mask=00100000000000000000000000000000, flags=SA_RESTART|SA_SIGINFO, blocked
    SIGHUP: UserHandler in libjvm.so, mask=11100100010111111101111111111110, flags=SA_RESTART|SA_SIGINFO, blocked
    SIGINT: UserHandler in libjvm.so, mask=11100100010111111101111111111110, flags=SA_RESTART|SA_SIGINFO, blocked
   SIGTERM: UserHandler in libjvm.so, mask=11100100010111111101111111111110, flags=SA_RESTART|SA_SIGINFO, blocked
   SIGQUIT: UserHandler in libjvm.so, mask=11100100010111111101111111111110, flags=SA_RESTART|SA_SIGINFO, blocked
   SIGTRAP: crash_handler in libjvm.so, mask=11100100010111111101111111111110, flags=SA_RESTART|SA_SIGINFO, unblocked


---------------  S Y S T E M  ---------------

OS:
DISTRIB_ID=Ubuntu
DISTRIB_RELEASE=22.04
DISTRIB_CODENAME=jammy
DISTRIB_DESCRIPTION="Ubuntu 22.04.2 LTS"
uname: Linux 5.19.0-42-generic #43~22.04.1-Ubuntu SMP PREEMPT_DYNAMIC Fri Apr 21 16:51:08 UTC 2 x86_64
OS uptime: 0 days 4:05 hours
libc: glibc 2.35 NPTL 2.35 
rlimit (soft/hard): STACK 8192k/infinity , CORE 0k/infinity , NPROC 31051/31051 , NOFILE 1048576/1048576 , AS infinity/infinity , CPU infinity/infinity , DATA infinity/infinity , FSIZE infinity/infinity , MEMLOCK 1003616k/1003616k
load average: 3,76 2,93 2,82

/proc/meminfo:
MemTotal:        8028956 kB
MemFree:          236728 kB
MemAvailable:    2730392 kB
Buffers:          226260 kB
Cached:          2494856 kB
SwapCached:        26184 kB
Active:          1914748 kB
Inactive:        4914936 kB
Active(anon):     837064 kB
Inactive(anon):  3675308 kB
Active(file):    1077684 kB
Inactive(file):  1239628 kB
Unevictable:       76704 kB
Mlocked:              16 kB
SwapTotal:       2097148 kB
SwapFree:        1356028 kB
Zswap:                 0 kB
Zswapped:              0 kB
Dirty:              1744 kB
Writeback:             0 kB
AnonPages:       4175632 kB
Mapped:           996184 kB
Shmem:            409648 kB
KReclaimable:     481520 kB
Slab:             719992 kB
SReclaimable:     481520 kB
SUnreclaim:       238472 kB
KernelStack:       21196 kB
PageTables:        43076 kB
NFS_Unstable:          0 kB
Bounce:                0 kB
WritebackTmp:          0 kB
CommitLimit:     6111624 kB
Committed_AS:   12388568 kB
VmallocTotal:   34359738367 kB
VmallocUsed:       77256 kB
VmallocChunk:          0 kB
Percpu:             5680 kB
HardwareCorrupted:     0 kB
AnonHugePages:         0 kB
ShmemHugePages:        0 kB
ShmemPmdMapped:        0 kB
FileHugePages:         0 kB
FilePmdMapped:         0 kB
HugePages_Total:       0
HugePages_Free:        0
HugePages_Rsvd:        0
HugePages_Surp:        0
Hugepagesize:       2048 kB
Hugetlb:               0 kB
DirectMap4k:      487192 kB
DirectMap2M:     7790592 kB
DirectMap1G:           0 kB

/sys/kernel/mm/transparent_hugepage/enabled: always [madvise] never
/sys/kernel/mm/transparent_hugepage/defrag (defrag/compaction efforts parameter): always defer defer+madvise [madvise] never

Process Memory:
Virtual Size: 5165100K (peak: 5165100K)
Resident Set Size: 84012K (peak: 84012K) (anon: 45288K, file: 38724K, shmem: 0K)
Swapped out: 0K
C-Heap outstanding allocations: 23597K, retained: 3014K
glibc malloc tunables: (default)

/proc/sys/kernel/threads-max (system-wide limit on the number of threads): 62103
/proc/sys/vm/max_map_count (maximum number of memory map areas a process may have): 65530
/proc/sys/kernel/pid_max (system-wide limit on number of process identifiers): 4194304

container (cgroup) information:
container_type: cgroupv2
cpu_cpuset_cpus: not supported
cpu_memory_nodes: not supported
active_processor_count: 4
cpu_quota: not supported
cpu_period: not supported
cpu_shares: not supported
memory_limit_in_bytes: unlimited
memory_and_swap_limit_in_bytes: unlimited
memory_soft_limit_in_bytes: unlimited
memory_usage_in_bytes: 3396924 k
memory_max_usage_in_bytes: not supported
memory_swap_current_in_bytes: 445532 k
memory_swap_max_limit_in_bytes: unlimited
maximum number of tasks: 9315
current number of tasks: 233

Steal ticks since vm start: 0
Steal ticks percentage since vm start:  0,000

CPU: total 4 (initial active 4) (2 cores per cpu, 2 threads per core) family 6 model 78 stepping 3 microcode 0xf0, cx8, cmov, fxsr, ht, mmx, 3dnowpref, sse, sse2, sse3, ssse3, sse4.1, sse4.2, popcnt, lzcnt, tsc, tscinvbit, avx, avx2, aes, erms, clmul, bmi1, bmi2, adx, fma, vzeroupper, clflush, clflushopt
CPU Model and flags from /proc/cpuinfo:
model name	: Intel(R) Core(TM) i3-6100U CPU @ 2.30GHz
flags		: fpu vme de pse tsc msr pae mce cx8 apic sep mtrr pge mca cmov pat pse36 clflush dts acpi mmx fxsr sse sse2 ss ht tm pbe syscall nx pdpe1gb rdtscp lm constant_tsc art arch_perfmon pebs bts rep_good nopl xtopology nonstop_tsc cpuid aperfmperf pni pclmulqdq dtes64 monitor ds_cpl est tm2 ssse3 sdbg fma cx16 xtpr pdcm pcid sse4_1 sse4_2 x2apic movbe popcnt tsc_deadline_timer aes xsave avx f16c rdrand lahf_lm abm 3dnowprefetch cpuid_fault epb invpcid_single pti ssbd ibrs ibpb stibp fsgsbase tsc_adjust bmi1 avx2 smep bmi2 erms invpcid mpx rdseed adx smap clflushopt intel_pt xsaveopt xsavec xgetbv1 xsaves dtherm ida arat pln pts hwp hwp_notify hwp_act_window hwp_epp md_clear flush_l1d arch_capabilities

Online cpus: 0-3
Offline cpus: 
BIOS frequency limitation: <Not Available>
Frequency switch latency (ns): 0
Available cpu frequencies: <Not Available>
Current governor: powersave
Core performance/turbo boost: <Not Available>

Memory: 4k page, physical 8028956k(236728k free), swap 2097148k(1356028k free)
Page Sizes: 4k

vm_info: OpenJDK 64-Bit Server VM (17.0.7+7-Ubuntu-0ubuntu122.04.2) for linux-amd64 JRE (17.0.7+7-Ubuntu-0ubuntu122.04.2), built on May 10 2023 04:02:16 by "buildd" with gcc 11.3.0

END.
