#
# A fatal error has been detected by the Java Runtime Environment:
#
#  SIGSEGV (0xb) at pc=0x00007f547539d97d, pid=780122, tid=780124
#
# JRE version: OpenJDK Runtime Environment (17.0.7+7) (build 17.0.7+7-Ubuntu-0ubuntu122.04.2)
# Java VM: OpenJDK 64-Bit Server VM (17.0.7+7-Ubuntu-0ubuntu122.04.2, mixed mode, sharing, tiered, compressed oops, compressed class ptrs, g1 gc, linux-amd64)
# Problematic frame:
# C  [libc.so.6+0x19d97d]
#
# Core dump will be written. Default location: Core dumps may be processed with "/usr/share/apport/apport -p%p -s%s -c%c -d%d -P%P -u%u -g%g -- %E" (or dumping to /home/nidhal/IdeaProjects/JMEOS/core.780122)
#
# If you would like to submit a bug report, please visit:
#   Unknown
# The crash happened outside the Java Virtual Machine in native code.
# See problematic frame for where to report the bug.
#

---------------  S U M M A R Y ------------

Command Line: -javaagent:/snap/intellij-idea-ultimate/437/lib/idea_rt.jar=41733:/snap/intellij-idea-ultimate/437/bin -Dfile.encoding=UTF-8 tutorials.reading

Host: Intel(R) Core(TM) i3-6100U CPU @ 2.30GHz, 4 cores, 7G, Ubuntu 22.04.2 LTS
Time: Fri Jun 23 04:33:41 2023 CEST elapsed time: 1.544069 seconds (0d 0h 0m 1s)

---------------  T H R E A D  ---------------

Current thread (0x00007f546c0166d0):  JavaThread "main" [_thread_in_native, id=780124, stack(0x00007f5473d00000,0x00007f5473e00000)]

Stack: [0x00007f5473d00000,0x00007f5473e00000],  sp=0x00007f5473dfe6e8,  free space=1017k
Native frames: (J=compiled Java code, j=interpreted, Vv=VM code, C=native code)
C  [libc.so.6+0x19d97d]
j  com.kenai.jffi.Foreign.getZeroTerminatedByteArray(J)[B+0
j  com.kenai.jffi.UnsafeMemoryIO.getZeroTerminatedByteArray(J)[B+1
j  jnr.ffi.provider.jffi.DirectMemoryIO.getString(J)Ljava/lang/String;+12
j  tutorials.reading.main([Ljava/lang/String;)V+330
v  ~StubRoutines::call_stub
V  [libjvm.so+0x833045]  JavaCalls::call_helper(JavaValue*, methodHandle const&, JavaCallArguments*, JavaThread*)+0x325
V  [libjvm.so+0x8cf51a]  jni_invoke_static(JNIEnv_*, JavaValue*, _jobject*, JNICallType, _jmethodID*, JNI_ArgumentPusher*, JavaThread*) [clone .constprop.1]+0x3aa
V  [libjvm.so+0x8d2251]  jni_CallStaticVoidMethod+0x171
C  [libjli.so+0x4a25]  JavaMain+0xd75
C  [libjli.so+0x7fbd]  ThreadJavaMain+0xd

Java frames: (J=compiled Java code, j=interpreted, Vv=VM code)
j  com.kenai.jffi.Foreign.getZeroTerminatedByteArray(J)[B+0
j  com.kenai.jffi.UnsafeMemoryIO.getZeroTerminatedByteArray(J)[B+1
j  jnr.ffi.provider.jffi.DirectMemoryIO.getString(J)Ljava/lang/String;+12
j  tutorials.reading.main([Ljava/lang/String;)V+330
v  ~StubRoutines::call_stub

siginfo: si_signo: 11 (SIGSEGV), si_code: 128 (SI_KERNEL), si_addr: 0x0000000000000000

Register to memory mapping:

RAX=0x0000000000000d8a is an unknown value
RBX=0x00007f546c016978 points into unknown readable memory: 0x00007f54751154c0 | c0 54 11 75 54 7f 00 00
RCX=0x0000000000000001 is an unknown value
RDX=0x00025b5728126d8a is an unknown value
RSP=0x00007f5473dfe6e8 is pointing into the stack for thread: 0x00007f546c0166d0
RBP=0x00007f5473dfe710 is pointing into the stack for thread: 0x00007f546c0166d0
RSI=0x00007f5473dfe790 is pointing into the stack for thread: 0x00007f546c0166d0
RDI=0x00025b5728126d8a is an unknown value
R8 ={method} {0x00007f5438422208} 'getZeroTerminatedByteArray' '(J)[B' in 'com/kenai/jffi/Foreign'
R9 =0x0000000000000002 is an unknown value
R10=0x00007f547520e940: <offset 0x000000000000e940> in /lib/x86_64-linux-gnu/libc.so.6 at 0x00007f5475200000
R11=0x00007f547539d960: <offset 0x000000000019d960> in /lib/x86_64-linux-gnu/libc.so.6 at 0x00007f5475200000
R12=0x0 is NULL
R13={method} {0x00007f5438422208} 'getZeroTerminatedByteArray' '(J)[B' in 'com/kenai/jffi/Foreign'
R14=0x00025b5728126d8a is an unknown value
R15=0x00007f546c0166d0 is a thread


Registers:
RAX=0x0000000000000d8a, RBX=0x00007f546c016978, RCX=0x0000000000000001, RDX=0x00025b5728126d8a
RSP=0x00007f5473dfe6e8, RBP=0x00007f5473dfe710, RSI=0x00007f5473dfe790, RDI=0x00025b5728126d8a
R8 =0x00007f5438422208, R9 =0x0000000000000002, R10=0x00007f547520e940, R11=0x00007f547539d960
R12=0x0000000000000000, R13=0x00007f5438422208, R14=0x00025b5728126d8a, R15=0x00007f546c0166d0
RIP=0x00007f547539d97d, EFLAGS=0x0000000000010287, CSGSFS=0x002b000000000033, ERR=0x0000000000000000
  TRAPNO=0x000000000000000d

Top of Stack: (sp=0x00007f5473dfe6e8)
0x00007f5473dfe6e8:   00007f5407c0c166 00007f5438422208
0x00007f5473dfe6f8:   0000000000000000 00007f5438422208
0x00007f5473dfe708:   00007f5473dfe7a8 00007f5473dfe780
0x00007f5473dfe718:   00007f545c94451a 00007f5473dfe780 

Instructions: (pc=0x00007f547539d97d)
0x00007f547539d87d:   fd d7 ca c5 fd d7 c3 09 c1 75 38 c5 fd 6f 0f c5
0x00007f547539d88d:   fd 74 d1 48 83 c7 20 c5 dd 74 d9 c5 fd d7 ca c5
0x00007f547539d89d:   fd d7 c3 09 c1 75 1c c5 fd 6f 0f c5 fd 74 d1 48
0x00007f547539d8ad:   83 c7 20 c5 dd 74 d9 c5 fd d7 ca c5 fd d7 c3 09
0x00007f547539d8bd:   c1 74 90 85 c0 75 1c 85 d2 0f 84 84 00 00 00 89
0x00007f547539d8cd:   d0 48 89 f7 0f bd c0 48 8d 44 07 e0 c5 f8 77 c3
0x00007f547539d8dd:   0f 1f 00 c5 fd d7 ca 85 c9 75 18 89 c2 48 89 fe
0x00007f547539d8ed:   e9 5e ff ff ff 66 66 2e 0f 1f 84 00 00 00 00 00
0x00007f547539d8fd:   0f 1f 00 41 89 c8 41 83 e8 01 41 31 c8 44 21 c0
0x00007f547539d90d:   85 c0 74 b3 0f bd c0 48 8d 44 07 e0 c5 f8 77 c3
0x00007f547539d91d:   0f 1f 00 48 01 cf 89 d1 41 89 c8 41 83 e8 01 41
0x00007f547539d92d:   31 c8 44 21 c0 85 c0 74 1a 0f bd c0 48 8d 44 07
0x00007f547539d93d:   e0 c5 f8 77 c3 66 66 2e 0f 1f 84 00 00 00 00 00
0x00007f547539d94d:   0f 1f 00 31 c0 c5 f8 77 c3 66 2e 0f 1f 84 00 00
0x00007f547539d95d:   00 00 00 f3 0f 1e fa 89 f8 48 89 fa c5 f9 ef c0
0x00007f547539d96d:   25 ff 0f 00 00 3d e0 0f 00 00 0f 87 33 01 00 00
0x00007f547539d97d:   c5 fd 74 0f c5 fd d7 c1 85 c0 74 57 f3 0f bc c0
0x00007f547539d98d:   c5 f8 77 c3 66 66 2e 0f 1f 84 00 00 00 00 00 0f
0x00007f547539d99d:   1f 40 00 f3 0f bc c0 29 d7 ff c7 01 f8 c5 f8 77
0x00007f547539d9ad:   c3 66 90 f3 0f bc c0 29 d7 83 c7 21 01 f8 c5 f8
0x00007f547539d9bd:   77 c3 90 f3 0f bc c0 29 d7 83 c7 41 01 f8 c5 f8
0x00007f547539d9cd:   77 c3 90 f3 0f bc c0 29 d7 83 c7 61 01 f8 c5 f8
0x00007f547539d9dd:   77 c3 90 48 83 cf 1f c5 fd 74 4f 01 c5 fd d7 c1
0x00007f547539d9ed:   85 c0 75 af c5 fd 74 4f 21 c5 fd d7 c1 85 c0 75
0x00007f547539d9fd:   b2 c5 fd 74 4f 41 c5 fd d7 c1 85 c0 75 b5 c5 fd
0x00007f547539da0d:   74 4f 61 c5 fd d7 c1 85 c0 75 b8 48 ff c7 48 83
0x00007f547539da1d:   cf 7f 90 c5 fd 6f 4f 01 c5 f5 da 57 21 c5 fd 6f
0x00007f547539da2d:   5f 41 c5 e5 da 67 61 c5 dd da ea c5 fd 74 ed c5
0x00007f547539da3d:   fd d7 cd 48 83 ef 80 85 c9 74 d8 c5 fd 74 c9 c5
0x00007f547539da4d:   fd d7 c1 48 29 d7 85 c0 75 39 c5 fd 74 d2 c5 fd
0x00007f547539da5d:   d7 c2 85 c0 75 3d c5 fd 74 db c5 fd d7 c3 48 c1
0x00007f547539da6d:   e1 20 48 09 c8 f3 48 0f bc c0 48 83 ef 3f 48 01 


Stack slot to memory mapping:
stack at sp + 0 slots: 0x00007f5407c0c166: Java_com_kenai_jffi_Foreign_getZeroTerminatedByteArray__J+0x0000000000000026 in /tmp/jffi161668356702381588.so at 0x00007f5407c00000
stack at sp + 1 slots: {method} {0x00007f5438422208} 'getZeroTerminatedByteArray' '(J)[B' in 'com/kenai/jffi/Foreign'
stack at sp + 2 slots: 0x0 is NULL
stack at sp + 3 slots: {method} {0x00007f5438422208} 'getZeroTerminatedByteArray' '(J)[B' in 'com/kenai/jffi/Foreign'
stack at sp + 4 slots: 0x00007f5473dfe7a8 is pointing into the stack for thread: 0x00007f546c0166d0
stack at sp + 5 slots: 0x00007f5473dfe780 is pointing into the stack for thread: 0x00007f546c0166d0
stack at sp + 6 slots: 0x00007f545c94451a is at code_begin+890 in an Interpreter codelet
method entry point (kind = native)  [0x00007f545c9441a0, 0x00007f545c944a00]  2144 bytes
stack at sp + 7 slots: 0x00007f5473dfe780 is pointing into the stack for thread: 0x00007f546c0166d0


---------------  P R O C E S S  ---------------

Threads class SMR info:
_java_thread_list=0x00007f542c001fc0, length=13, elements={
0x00007f546c0166d0, 0x00007f546c115750, 0x00007f546c116b30, 0x00007f546c11c2e0,
0x00007f546c11d690, 0x00007f546c11eaa0, 0x00007f546c120450, 0x00007f546c121980,
0x00007f546c122df0, 0x00007f546c12e440, 0x00007f546c2dbcd0, 0x00007f546c2dd210,
0x00007f542c000fe0
}

Java Threads: ( => current thread )
=>0x00007f546c0166d0 JavaThread "main" [_thread_in_native, id=780124, stack(0x00007f5473d00000,0x00007f5473e00000)]
  0x00007f546c115750 JavaThread "Reference Handler" daemon [_thread_blocked, id=780136, stack(0x00007f5451356000,0x00007f5451456000)]
  0x00007f546c116b30 JavaThread "Finalizer" daemon [_thread_blocked, id=780138, stack(0x00007f5451256000,0x00007f5451356000)]
  0x00007f546c11c2e0 JavaThread "Signal Dispatcher" daemon [_thread_blocked, id=780141, stack(0x00007f5450900000,0x00007f5450a00000)]
  0x00007f546c11d690 JavaThread "Service Thread" daemon [_thread_blocked, id=780146, stack(0x00007f5450800000,0x00007f5450900000)]
  0x00007f546c11eaa0 JavaThread "Monitor Deflation Thread" daemon [_thread_blocked, id=780149, stack(0x00007f5450700000,0x00007f5450800000)]
  0x00007f546c120450 JavaThread "C2 CompilerThread0" daemon [_thread_in_native, id=780150, stack(0x00007f5450600000,0x00007f5450700000)]
  0x00007f546c121980 JavaThread "C1 CompilerThread0" daemon [_thread_blocked, id=780151, stack(0x00007f5450500000,0x00007f5450600000)]
  0x00007f546c122df0 JavaThread "Sweeper thread" daemon [_thread_blocked, id=780152, stack(0x00007f5450400000,0x00007f5450500000)]
  0x00007f546c12e440 JavaThread "Common-Cleaner" daemon [_thread_blocked, id=780153, stack(0x00007f5450300000,0x00007f5450400000)]
  0x00007f546c2dbcd0 JavaThread "Monitor Ctrl-Break" daemon [_thread_in_native, id=780159, stack(0x00007f5450200000,0x00007f5450300000)]
  0x00007f546c2dd210 JavaThread "Notification Thread" daemon [_thread_blocked, id=780160, stack(0x00007f5450100000,0x00007f5450200000)]
  0x00007f542c000fe0 JavaThread "Attach Listener" daemon [_thread_blocked, id=780168, stack(0x00007f5406235000,0x00007f5406335000)]

Other Threads:
  0x00007f546c1116a0 VMThread "VM Thread" [stack: 0x00007f5451458000,0x00007f5451558000] [id=780134]
  0x00007f546c0191e0 WatcherThread [stack: 0x00007f5407f00000,0x00007f5408000000] [id=780161]
  0x00007f546c06fdb0 GCTaskThread "GC Thread#0" [stack: 0x00007f54708ff000,0x00007f54709ff000] [id=780125]
  0x00007f54300051a0 GCTaskThread "GC Thread#1" [stack: 0x00007f5406135000,0x00007f5406235000] [id=780171]
  0x00007f5430005c20 GCTaskThread "GC Thread#2" [stack: 0x00007f5406033000,0x00007f5406133000] [id=780172]
  0x00007f543000c060 GCTaskThread "GC Thread#3" [stack: 0x00007f5405f31000,0x00007f5406031000] [id=780173]
  0x00007f546c0808d0 ConcurrentGCThread "G1 Main Marker" [stack: 0x00007f54707fd000,0x00007f54708fd000] [id=780126]
  0x00007f546c081830 ConcurrentGCThread "G1 Conc#0" [stack: 0x00007f54706fb000,0x00007f54707fb000] [id=780127]
  0x00007f546c0e5f20 ConcurrentGCThread "G1 Refine#0" [stack: 0x00007f54701f5000,0x00007f54702f5000] [id=780128]
  0x00007f546c0e6e10 ConcurrentGCThread "G1 Service" [stack: 0x00007f54700f3000,0x00007f54701f3000] [id=780129]

Threads with active compile tasks:
C2 CompilerThread0     1557  809       4       java.lang.StringCoding::hasNegatives (25 bytes)

VM state: not at safepoint (normal execution)

VM Mutex/Monitor currently owned by a thread: None

Heap address: 0x0000000085600000, size: 1962 MB, Compressed Oops mode: 32-bit

CDS archive(s) mapped at: [0x0000000800000000-0x0000000800be2000-0x0000000800be2000), size 12460032, SharedBaseAddress: 0x0000000800000000, ArchiveRelocationMode: 0.
Compressed class space mapped at: 0x0000000801000000-0x0000000841000000, reserved size: 1073741824
Narrow klass base: 0x0000000800000000, Narrow klass shift: 0, Narrow klass range: 0x100000000

GC Precious Log:
 CPUs: 4 total, 4 available
 Memory: 7840M
 Large Page Support: Disabled
 NUMA Support: Disabled
 Compressed Oops: Enabled (32-bit)
 Heap Region Size: 1M
 Heap Min Capacity: 8M
 Heap Initial Capacity: 124M
 Heap Max Capacity: 1962M
 Pre-touch: Disabled
 Parallel Workers: 4
 Concurrent Workers: 1
 Concurrent Refinement Workers: 4
 Periodic GC: Disabled

Heap:
 garbage-first heap   total 129024K, used 6957K [0x0000000085600000, 0x0000000100000000)
  region size 1024K, 5 young (5120K), 2 survivors (2048K)
 Metaspace       used 5085K, committed 5184K, reserved 1114112K
  class space    used 488K, committed 512K, reserved 1048576K

Heap Regions: E=young(eden), S=young(survivor), O=old, HS=humongous(starts), HC=humongous(continues), CS=collection set, F=free, OA=open archive, CA=closed archive, TAMS=top-at-mark-start (previous, next)
|   0|0x0000000085600000, 0x0000000085700000, 0x0000000085700000|100%|HS|  |TAMS 0x0000000085600000, 0x0000000085600000| Complete 
|   1|0x0000000085700000, 0x00000000857d3600, 0x0000000085800000| 82%| O|  |TAMS 0x0000000085700000, 0x0000000085700000| Untracked 
|   2|0x0000000085800000, 0x0000000085800000, 0x0000000085900000|  0%| F|  |TAMS 0x0000000085800000, 0x0000000085800000| Untracked 
|   3|0x0000000085900000, 0x0000000085900000, 0x0000000085a00000|  0%| F|  |TAMS 0x0000000085900000, 0x0000000085900000| Untracked 
|   4|0x0000000085a00000, 0x0000000085a00000, 0x0000000085b00000|  0%| F|  |TAMS 0x0000000085a00000, 0x0000000085a00000| Untracked 
|   5|0x0000000085b00000, 0x0000000085b00000, 0x0000000085c00000|  0%| F|  |TAMS 0x0000000085b00000, 0x0000000085b00000| Untracked 
|   6|0x0000000085c00000, 0x0000000085c00000, 0x0000000085d00000|  0%| F|  |TAMS 0x0000000085c00000, 0x0000000085c00000| Untracked 
|   7|0x0000000085d00000, 0x0000000085d00000, 0x0000000085e00000|  0%| F|  |TAMS 0x0000000085d00000, 0x0000000085d00000| Untracked 
|   8|0x0000000085e00000, 0x0000000085e00000, 0x0000000085f00000|  0%| F|  |TAMS 0x0000000085e00000, 0x0000000085e00000| Untracked 
|   9|0x0000000085f00000, 0x0000000085f00000, 0x0000000086000000|  0%| F|  |TAMS 0x0000000085f00000, 0x0000000085f00000| Untracked 
|  10|0x0000000086000000, 0x0000000086000000, 0x0000000086100000|  0%| F|  |TAMS 0x0000000086000000, 0x0000000086000000| Untracked 
|  11|0x0000000086100000, 0x0000000086100000, 0x0000000086200000|  0%| F|  |TAMS 0x0000000086100000, 0x0000000086100000| Untracked 
|  12|0x0000000086200000, 0x0000000086200000, 0x0000000086300000|  0%| F|  |TAMS 0x0000000086200000, 0x0000000086200000| Untracked 
|  13|0x0000000086300000, 0x0000000086300000, 0x0000000086400000|  0%| F|  |TAMS 0x0000000086300000, 0x0000000086300000| Untracked 
|  14|0x0000000086400000, 0x0000000086400000, 0x0000000086500000|  0%| F|  |TAMS 0x0000000086400000, 0x0000000086400000| Untracked 
|  15|0x0000000086500000, 0x0000000086500000, 0x0000000086600000|  0%| F|  |TAMS 0x0000000086500000, 0x0000000086500000| Untracked 
|  16|0x0000000086600000, 0x0000000086600000, 0x0000000086700000|  0%| F|  |TAMS 0x0000000086600000, 0x0000000086600000| Untracked 
|  17|0x0000000086700000, 0x0000000086700000, 0x0000000086800000|  0%| F|  |TAMS 0x0000000086700000, 0x0000000086700000| Untracked 
|  18|0x0000000086800000, 0x0000000086800000, 0x0000000086900000|  0%| F|  |TAMS 0x0000000086800000, 0x0000000086800000| Untracked 
|  19|0x0000000086900000, 0x0000000086900000, 0x0000000086a00000|  0%| F|  |TAMS 0x0000000086900000, 0x0000000086900000| Untracked 
|  20|0x0000000086a00000, 0x0000000086a00000, 0x0000000086b00000|  0%| F|  |TAMS 0x0000000086a00000, 0x0000000086a00000| Untracked 
|  21|0x0000000086b00000, 0x0000000086b00000, 0x0000000086c00000|  0%| F|  |TAMS 0x0000000086b00000, 0x0000000086b00000| Untracked 
|  22|0x0000000086c00000, 0x0000000086c00000, 0x0000000086d00000|  0%| F|  |TAMS 0x0000000086c00000, 0x0000000086c00000| Untracked 
|  23|0x0000000086d00000, 0x0000000086d00000, 0x0000000086e00000|  0%| F|  |TAMS 0x0000000086d00000, 0x0000000086d00000| Untracked 
|  24|0x0000000086e00000, 0x0000000086e00000, 0x0000000086f00000|  0%| F|  |TAMS 0x0000000086e00000, 0x0000000086e00000| Untracked 
|  25|0x0000000086f00000, 0x0000000086f00000, 0x0000000087000000|  0%| F|  |TAMS 0x0000000086f00000, 0x0000000086f00000| Untracked 
|  26|0x0000000087000000, 0x0000000087000000, 0x0000000087100000|  0%| F|  |TAMS 0x0000000087000000, 0x0000000087000000| Untracked 
|  27|0x0000000087100000, 0x0000000087100000, 0x0000000087200000|  0%| F|  |TAMS 0x0000000087100000, 0x0000000087100000| Untracked 
|  28|0x0000000087200000, 0x0000000087200000, 0x0000000087300000|  0%| F|  |TAMS 0x0000000087200000, 0x0000000087200000| Untracked 
|  29|0x0000000087300000, 0x0000000087300000, 0x0000000087400000|  0%| F|  |TAMS 0x0000000087300000, 0x0000000087300000| Untracked 
|  30|0x0000000087400000, 0x0000000087400000, 0x0000000087500000|  0%| F|  |TAMS 0x0000000087400000, 0x0000000087400000| Untracked 
|  31|0x0000000087500000, 0x0000000087500000, 0x0000000087600000|  0%| F|  |TAMS 0x0000000087500000, 0x0000000087500000| Untracked 
|  32|0x0000000087600000, 0x0000000087600000, 0x0000000087700000|  0%| F|  |TAMS 0x0000000087600000, 0x0000000087600000| Untracked 
|  33|0x0000000087700000, 0x0000000087700000, 0x0000000087800000|  0%| F|  |TAMS 0x0000000087700000, 0x0000000087700000| Untracked 
|  34|0x0000000087800000, 0x0000000087800000, 0x0000000087900000|  0%| F|  |TAMS 0x0000000087800000, 0x0000000087800000| Untracked 
|  35|0x0000000087900000, 0x0000000087900000, 0x0000000087a00000|  0%| F|  |TAMS 0x0000000087900000, 0x0000000087900000| Untracked 
|  36|0x0000000087a00000, 0x0000000087a00000, 0x0000000087b00000|  0%| F|  |TAMS 0x0000000087a00000, 0x0000000087a00000| Untracked 
|  37|0x0000000087b00000, 0x0000000087b00000, 0x0000000087c00000|  0%| F|  |TAMS 0x0000000087b00000, 0x0000000087b00000| Untracked 
|  38|0x0000000087c00000, 0x0000000087c00000, 0x0000000087d00000|  0%| F|  |TAMS 0x0000000087c00000, 0x0000000087c00000| Untracked 
|  39|0x0000000087d00000, 0x0000000087d00000, 0x0000000087e00000|  0%| F|  |TAMS 0x0000000087d00000, 0x0000000087d00000| Untracked 
|  40|0x0000000087e00000, 0x0000000087e00000, 0x0000000087f00000|  0%| F|  |TAMS 0x0000000087e00000, 0x0000000087e00000| Untracked 
|  41|0x0000000087f00000, 0x0000000087f00000, 0x0000000088000000|  0%| F|  |TAMS 0x0000000087f00000, 0x0000000087f00000| Untracked 
|  42|0x0000000088000000, 0x0000000088000000, 0x0000000088100000|  0%| F|  |TAMS 0x0000000088000000, 0x0000000088000000| Untracked 
|  43|0x0000000088100000, 0x0000000088100000, 0x0000000088200000|  0%| F|  |TAMS 0x0000000088100000, 0x0000000088100000| Untracked 
|  44|0x0000000088200000, 0x0000000088200000, 0x0000000088300000|  0%| F|  |TAMS 0x0000000088200000, 0x0000000088200000| Untracked 
|  45|0x0000000088300000, 0x0000000088300000, 0x0000000088400000|  0%| F|  |TAMS 0x0000000088300000, 0x0000000088300000| Untracked 
|  46|0x0000000088400000, 0x0000000088400000, 0x0000000088500000|  0%| F|  |TAMS 0x0000000088400000, 0x0000000088400000| Untracked 
|  47|0x0000000088500000, 0x0000000088500000, 0x0000000088600000|  0%| F|  |TAMS 0x0000000088500000, 0x0000000088500000| Untracked 
|  48|0x0000000088600000, 0x0000000088600000, 0x0000000088700000|  0%| F|  |TAMS 0x0000000088600000, 0x0000000088600000| Untracked 
|  49|0x0000000088700000, 0x0000000088700000, 0x0000000088800000|  0%| F|  |TAMS 0x0000000088700000, 0x0000000088700000| Untracked 
|  50|0x0000000088800000, 0x0000000088800000, 0x0000000088900000|  0%| F|  |TAMS 0x0000000088800000, 0x0000000088800000| Untracked 
|  51|0x0000000088900000, 0x0000000088900000, 0x0000000088a00000|  0%| F|  |TAMS 0x0000000088900000, 0x0000000088900000| Untracked 
|  52|0x0000000088a00000, 0x0000000088a00000, 0x0000000088b00000|  0%| F|  |TAMS 0x0000000088a00000, 0x0000000088a00000| Untracked 
|  53|0x0000000088b00000, 0x0000000088b00000, 0x0000000088c00000|  0%| F|  |TAMS 0x0000000088b00000, 0x0000000088b00000| Untracked 
|  54|0x0000000088c00000, 0x0000000088c00000, 0x0000000088d00000|  0%| F|  |TAMS 0x0000000088c00000, 0x0000000088c00000| Untracked 
|  55|0x0000000088d00000, 0x0000000088d00000, 0x0000000088e00000|  0%| F|  |TAMS 0x0000000088d00000, 0x0000000088d00000| Untracked 
|  56|0x0000000088e00000, 0x0000000088e00000, 0x0000000088f00000|  0%| F|  |TAMS 0x0000000088e00000, 0x0000000088e00000| Untracked 
|  57|0x0000000088f00000, 0x0000000088f00000, 0x0000000089000000|  0%| F|  |TAMS 0x0000000088f00000, 0x0000000088f00000| Untracked 
|  58|0x0000000089000000, 0x0000000089000000, 0x0000000089100000|  0%| F|  |TAMS 0x0000000089000000, 0x0000000089000000| Untracked 
|  59|0x0000000089100000, 0x0000000089100000, 0x0000000089200000|  0%| F|  |TAMS 0x0000000089100000, 0x0000000089100000| Untracked 
|  60|0x0000000089200000, 0x0000000089200000, 0x0000000089300000|  0%| F|  |TAMS 0x0000000089200000, 0x0000000089200000| Untracked 
|  61|0x0000000089300000, 0x0000000089300000, 0x0000000089400000|  0%| F|  |TAMS 0x0000000089300000, 0x0000000089300000| Untracked 
|  62|0x0000000089400000, 0x0000000089400000, 0x0000000089500000|  0%| F|  |TAMS 0x0000000089400000, 0x0000000089400000| Untracked 
|  63|0x0000000089500000, 0x0000000089500000, 0x0000000089600000|  0%| F|  |TAMS 0x0000000089500000, 0x0000000089500000| Untracked 
|  64|0x0000000089600000, 0x0000000089600000, 0x0000000089700000|  0%| F|  |TAMS 0x0000000089600000, 0x0000000089600000| Untracked 
|  65|0x0000000089700000, 0x0000000089700000, 0x0000000089800000|  0%| F|  |TAMS 0x0000000089700000, 0x0000000089700000| Untracked 
|  66|0x0000000089800000, 0x0000000089800000, 0x0000000089900000|  0%| F|  |TAMS 0x0000000089800000, 0x0000000089800000| Untracked 
|  67|0x0000000089900000, 0x0000000089900000, 0x0000000089a00000|  0%| F|  |TAMS 0x0000000089900000, 0x0000000089900000| Untracked 
|  68|0x0000000089a00000, 0x0000000089a00000, 0x0000000089b00000|  0%| F|  |TAMS 0x0000000089a00000, 0x0000000089a00000| Untracked 
|  69|0x0000000089b00000, 0x0000000089b00000, 0x0000000089c00000|  0%| F|  |TAMS 0x0000000089b00000, 0x0000000089b00000| Untracked 
|  70|0x0000000089c00000, 0x0000000089c00000, 0x0000000089d00000|  0%| F|  |TAMS 0x0000000089c00000, 0x0000000089c00000| Untracked 
|  71|0x0000000089d00000, 0x0000000089d00000, 0x0000000089e00000|  0%| F|  |TAMS 0x0000000089d00000, 0x0000000089d00000| Untracked 
|  72|0x0000000089e00000, 0x0000000089e00000, 0x0000000089f00000|  0%| F|  |TAMS 0x0000000089e00000, 0x0000000089e00000| Untracked 
|  73|0x0000000089f00000, 0x0000000089f00000, 0x000000008a000000|  0%| F|  |TAMS 0x0000000089f00000, 0x0000000089f00000| Untracked 
|  74|0x000000008a000000, 0x000000008a000000, 0x000000008a100000|  0%| F|  |TAMS 0x000000008a000000, 0x000000008a000000| Untracked 
|  75|0x000000008a100000, 0x000000008a100000, 0x000000008a200000|  0%| F|  |TAMS 0x000000008a100000, 0x000000008a100000| Untracked 
|  76|0x000000008a200000, 0x000000008a200000, 0x000000008a300000|  0%| F|  |TAMS 0x000000008a200000, 0x000000008a200000| Untracked 
|  77|0x000000008a300000, 0x000000008a300000, 0x000000008a400000|  0%| F|  |TAMS 0x000000008a300000, 0x000000008a300000| Untracked 
|  78|0x000000008a400000, 0x000000008a400000, 0x000000008a500000|  0%| F|  |TAMS 0x000000008a400000, 0x000000008a400000| Untracked 
|  79|0x000000008a500000, 0x000000008a500000, 0x000000008a600000|  0%| F|  |TAMS 0x000000008a500000, 0x000000008a500000| Untracked 
|  80|0x000000008a600000, 0x000000008a600000, 0x000000008a700000|  0%| F|  |TAMS 0x000000008a600000, 0x000000008a600000| Untracked 
|  81|0x000000008a700000, 0x000000008a700000, 0x000000008a800000|  0%| F|  |TAMS 0x000000008a700000, 0x000000008a700000| Untracked 
|  82|0x000000008a800000, 0x000000008a800000, 0x000000008a900000|  0%| F|  |TAMS 0x000000008a800000, 0x000000008a800000| Untracked 
|  83|0x000000008a900000, 0x000000008a900000, 0x000000008aa00000|  0%| F|  |TAMS 0x000000008a900000, 0x000000008a900000| Untracked 
|  84|0x000000008aa00000, 0x000000008aa00000, 0x000000008ab00000|  0%| F|  |TAMS 0x000000008aa00000, 0x000000008aa00000| Untracked 
|  85|0x000000008ab00000, 0x000000008ab00000, 0x000000008ac00000|  0%| F|  |TAMS 0x000000008ab00000, 0x000000008ab00000| Untracked 
|  86|0x000000008ac00000, 0x000000008ac00000, 0x000000008ad00000|  0%| F|  |TAMS 0x000000008ac00000, 0x000000008ac00000| Untracked 
|  87|0x000000008ad00000, 0x000000008ad00000, 0x000000008ae00000|  0%| F|  |TAMS 0x000000008ad00000, 0x000000008ad00000| Untracked 
|  88|0x000000008ae00000, 0x000000008ae00000, 0x000000008af00000|  0%| F|  |TAMS 0x000000008ae00000, 0x000000008ae00000| Untracked 
|  89|0x000000008af00000, 0x000000008af00000, 0x000000008b000000|  0%| F|  |TAMS 0x000000008af00000, 0x000000008af00000| Untracked 
|  90|0x000000008b000000, 0x000000008b000000, 0x000000008b100000|  0%| F|  |TAMS 0x000000008b000000, 0x000000008b000000| Untracked 
|  91|0x000000008b100000, 0x000000008b100000, 0x000000008b200000|  0%| F|  |TAMS 0x000000008b100000, 0x000000008b100000| Untracked 
|  92|0x000000008b200000, 0x000000008b200000, 0x000000008b300000|  0%| F|  |TAMS 0x000000008b200000, 0x000000008b200000| Untracked 
|  93|0x000000008b300000, 0x000000008b300000, 0x000000008b400000|  0%| F|  |TAMS 0x000000008b300000, 0x000000008b300000| Untracked 
|  94|0x000000008b400000, 0x000000008b400000, 0x000000008b500000|  0%| F|  |TAMS 0x000000008b400000, 0x000000008b400000| Untracked 
|  95|0x000000008b500000, 0x000000008b500000, 0x000000008b600000|  0%| F|  |TAMS 0x000000008b500000, 0x000000008b500000| Untracked 
|  96|0x000000008b600000, 0x000000008b600000, 0x000000008b700000|  0%| F|  |TAMS 0x000000008b600000, 0x000000008b600000| Untracked 
|  97|0x000000008b700000, 0x000000008b700000, 0x000000008b800000|  0%| F|  |TAMS 0x000000008b700000, 0x000000008b700000| Untracked 
|  98|0x000000008b800000, 0x000000008b800000, 0x000000008b900000|  0%| F|  |TAMS 0x000000008b800000, 0x000000008b800000| Untracked 
|  99|0x000000008b900000, 0x000000008b900000, 0x000000008ba00000|  0%| F|  |TAMS 0x000000008b900000, 0x000000008b900000| Untracked 
| 100|0x000000008ba00000, 0x000000008ba00000, 0x000000008bb00000|  0%| F|  |TAMS 0x000000008ba00000, 0x000000008ba00000| Untracked 
| 101|0x000000008bb00000, 0x000000008bb00000, 0x000000008bc00000|  0%| F|  |TAMS 0x000000008bb00000, 0x000000008bb00000| Untracked 
| 102|0x000000008bc00000, 0x000000008bc00000, 0x000000008bd00000|  0%| F|  |TAMS 0x000000008bc00000, 0x000000008bc00000| Untracked 
| 103|0x000000008bd00000, 0x000000008bd00000, 0x000000008be00000|  0%| F|  |TAMS 0x000000008bd00000, 0x000000008bd00000| Untracked 
| 104|0x000000008be00000, 0x000000008be00000, 0x000000008bf00000|  0%| F|  |TAMS 0x000000008be00000, 0x000000008be00000| Untracked 
| 105|0x000000008bf00000, 0x000000008bf00000, 0x000000008c000000|  0%| F|  |TAMS 0x000000008bf00000, 0x000000008bf00000| Untracked 
| 106|0x000000008c000000, 0x000000008c000000, 0x000000008c100000|  0%| F|  |TAMS 0x000000008c000000, 0x000000008c000000| Untracked 
| 107|0x000000008c100000, 0x000000008c100000, 0x000000008c200000|  0%| F|  |TAMS 0x000000008c100000, 0x000000008c100000| Untracked 
| 108|0x000000008c200000, 0x000000008c200000, 0x000000008c300000|  0%| F|  |TAMS 0x000000008c200000, 0x000000008c200000| Untracked 
| 109|0x000000008c300000, 0x000000008c400000, 0x000000008c400000|100%| S|CS|TAMS 0x000000008c300000, 0x000000008c300000| Complete 
| 110|0x000000008c400000, 0x000000008c500000, 0x000000008c500000|100%| S|CS|TAMS 0x000000008c400000, 0x000000008c400000| Complete 
| 111|0x000000008c500000, 0x000000008c500000, 0x000000008c600000|  0%| F|  |TAMS 0x000000008c500000, 0x000000008c500000| Untracked 
| 112|0x000000008c600000, 0x000000008c600000, 0x000000008c700000|  0%| F|  |TAMS 0x000000008c600000, 0x000000008c600000| Untracked 
| 113|0x000000008c700000, 0x000000008c700000, 0x000000008c800000|  0%| F|  |TAMS 0x000000008c700000, 0x000000008c700000| Untracked 
| 114|0x000000008c800000, 0x000000008c800000, 0x000000008c900000|  0%| F|  |TAMS 0x000000008c800000, 0x000000008c800000| Untracked 
| 115|0x000000008c900000, 0x000000008c900000, 0x000000008ca00000|  0%| F|  |TAMS 0x000000008c900000, 0x000000008c900000| Untracked 
| 116|0x000000008ca00000, 0x000000008ca00000, 0x000000008cb00000|  0%| F|  |TAMS 0x000000008ca00000, 0x000000008ca00000| Untracked 
| 117|0x000000008cb00000, 0x000000008cb00000, 0x000000008cc00000|  0%| F|  |TAMS 0x000000008cb00000, 0x000000008cb00000| Untracked 
| 118|0x000000008cc00000, 0x000000008cc00000, 0x000000008cd00000|  0%| F|  |TAMS 0x000000008cc00000, 0x000000008cc00000| Untracked 
| 119|0x000000008cd00000, 0x000000008cd00000, 0x000000008ce00000|  0%| F|  |TAMS 0x000000008cd00000, 0x000000008cd00000| Untracked 
| 120|0x000000008ce00000, 0x000000008ce00000, 0x000000008cf00000|  0%| F|  |TAMS 0x000000008ce00000, 0x000000008ce00000| Untracked 
| 121|0x000000008cf00000, 0x000000008d000000, 0x000000008d000000|100%| E|  |TAMS 0x000000008cf00000, 0x000000008cf00000| Complete 
| 122|0x000000008d000000, 0x000000008d100000, 0x000000008d100000|100%| E|CS|TAMS 0x000000008d000000, 0x000000008d000000| Complete 
| 123|0x000000008d100000, 0x000000008d200000, 0x000000008d200000|100%| E|CS|TAMS 0x000000008d100000, 0x000000008d100000| Complete 
|1960|0x00000000ffe00000, 0x00000000ffe76000, 0x00000000fff00000| 46%|OA|  |TAMS 0x00000000ffe00000, 0x00000000ffe00000| Untracked 
|1961|0x00000000fff00000, 0x00000000fff82000, 0x0000000100000000| 50%|CA|  |TAMS 0x00000000fff00000, 0x00000000fff00000| Untracked 

Card table byte_map: [0x00007f5472c7c000,0x00007f5473051000] _byte_map_base: 0x00007f5472851000

Marking Bits (Prev, Next): (CMBitMap*) 0x00007f546c070830, (CMBitMap*) 0x00007f546c070870
 Prev Bits: [0x00007f54709ff000, 0x00007f54728a7000)
 Next Bits: [0x00007f5453558000, 0x00007f5455400000)

Polling page: 0x00007f54755f0000

Metaspace:

Usage:
  Non-class:      4,49 MB used.
      Class:    488,86 KB used.
       Both:      4,97 MB used.

Virtual space:
  Non-class space:       64,00 MB reserved,       4,56 MB (  7%) committed,  1 nodes.
      Class space:        1,00 GB reserved,     512,00 KB ( <1%) committed,  1 nodes.
             Both:        1,06 GB reserved,       5,06 MB ( <1%) committed. 

Chunk freelists:
   Non-Class:  9,97 MB
       Class:  15,51 MB
        Both:  25,47 MB

MaxMetaspaceSize: unlimited
CompressedClassSpaceSize: 1,00 GB
Initial GC threshold: 21,00 MB
Current GC threshold: 21,00 MB
CDS: on
MetaspaceReclaimPolicy: balanced
 - commit_granule_bytes: 65536.
 - commit_granule_words: 8192.
 - virtual_space_node_default_size: 8388608.
 - enlarge_chunks_in_place: 1.
 - new_chunks_are_fully_committed: 0.
 - uncommit_free_chunks: 1.
 - use_allocation_guard: 0.
 - handle_deallocations: 1.


Internal statistics:

num_allocs_failed_limit: 0.
num_arena_births: 22.
num_arena_deaths: 0.
num_vsnodes_births: 2.
num_vsnodes_deaths: 0.
num_space_committed: 81.
num_space_uncommitted: 0.
num_chunks_returned_to_freelist: 0.
num_chunks_taken_from_freelist: 124.
num_chunk_merges: 0.
num_chunk_splits: 82.
num_chunks_enlarged: 65.
num_inconsistent_stats: 0.

CodeHeap 'non-profiled nmethods': size=120032Kb used=248Kb max_used=248Kb free=119783Kb
 bounds [0x00007f545cec8000, 0x00007f545d138000, 0x00007f5464400000]
CodeHeap 'profiled nmethods': size=120028Kb used=1325Kb max_used=1325Kb free=118702Kb
 bounds [0x00007f5455400000, 0x00007f5455670000, 0x00007f545c937000]
CodeHeap 'non-nmethods': size=5700Kb used=1241Kb max_used=1265Kb free=4459Kb
 bounds [0x00007f545c937000, 0x00007f545cba7000, 0x00007f545cec8000]
 total_blobs=1357 nmethods=805 adapters=466
 compilation: enabled
              stopped_count=0, restarted_count=0
 full_count=0

Compilation events (20 events):
Event: 1,518 Thread 0x00007f546c121980  779       3       java.nio.HeapCharBuffer::subSequence (48 bytes)
Event: 1,518 Thread 0x00007f546c121980 nmethod 779 0x00007f545553c510 code [0x00007f545553c6e0, 0x00007f545553caf0]
Event: 1,518 Thread 0x00007f546c121980  772       3       java.lang.String::split (7 bytes)
Event: 1,518 Thread 0x00007f546c121980 nmethod 772 0x00007f545553cc90 code [0x00007f545553ce40, 0x00007f545553cf80]
Event: 1,518 Thread 0x00007f546c121980  765       3       java.util.regex.Matcher::find (69 bytes)
Event: 1,519 Thread 0x00007f546c121980 nmethod 765 0x00007f545553d010 code [0x00007f545553d1e0, 0x00007f545553d4c0]
Event: 1,519 Thread 0x00007f546c121980  770       3       java.nio.ByteBuffer::flip (5 bytes)
Event: 1,519 Thread 0x00007f546c121980 nmethod 770 0x00007f545553d590 code [0x00007f545553d740, 0x00007f545553d900]
Event: 1,519 Thread 0x00007f546c121980  773       3       java.lang.Integer::parseInt (7 bytes)
Event: 1,519 Thread 0x00007f546c121980 nmethod 773 0x00007f545553d990 code [0x00007f545553db40, 0x00007f545553dc60]
Event: 1,519 Thread 0x00007f546c121980  782       3       java.nio.ByteBuffer::<init> (47 bytes)
Event: 1,519 Thread 0x00007f546c121980 nmethod 782 0x00007f545553dd10 code [0x00007f545553dec0, 0x00007f545553e0e0]
Event: 1,519 Thread 0x00007f546c121980  764       3       java.util.Scanner::clearCaches (11 bytes)
Event: 1,519 Thread 0x00007f546c121980 nmethod 764 0x00007f545553e210 code [0x00007f545553e3a0, 0x00007f545553e4f0]
Event: 1,519 Thread 0x00007f546c121980  783       3       java.lang.ThreadLocal::get (38 bytes)
Event: 1,520 Thread 0x00007f546c121980 nmethod 783 0x00007f545553e590 code [0x00007f545553e760, 0x00007f545553ea90]
Event: 1,521 Thread 0x00007f546c120450 nmethod 780 0x00007f545cf04a90 code [0x00007f545cf04c20, 0x00007f545cf04cb8]
Event: 1,521 Thread 0x00007f546c120450  769       4       java.lang.CharacterDataLatin1::digit (32 bytes)
Event: 1,522 Thread 0x00007f546c120450 nmethod 769 0x00007f545cf04d90 code [0x00007f545cf04f20, 0x00007f545cf05018]
Event: 1,525 Thread 0x00007f546c120450  789       4       java.util.regex.Pattern$Slice::match (79 bytes)

GC Heap History (2 events):
Event: 1,353 GC heap before
{Heap before GC invocations=0 (full 0):
 garbage-first heap   total 129024K, used 15328K [0x0000000085600000, 0x0000000100000000)
  region size 1024K, 13 young (13312K), 0 survivors (0K)
 Metaspace       used 4842K, committed 4928K, reserved 1114112K
  class space    used 470K, committed 512K, reserved 1048576K
}
Event: 1,369 GC heap after
{Heap after GC invocations=1 (full 0):
 garbage-first heap   total 129024K, used 4909K [0x0000000085600000, 0x0000000100000000)
  region size 1024K, 2 young (2048K), 2 survivors (2048K)
 Metaspace       used 4842K, committed 4928K, reserved 1114112K
  class space    used 470K, committed 512K, reserved 1048576K
}

Dll operation events (11 events):
Event: 0,013 Loaded shared library /usr/lib/jvm/java-17-openjdk-amd64/lib/libjava.so
Event: 0,077 Loaded shared library /usr/lib/jvm/java-17-openjdk-amd64/lib/libjsvml.so
Event: 0,309 Loaded shared library /usr/lib/jvm/java-17-openjdk-amd64/lib/libzip.so
Event: 0,314 Loaded shared library /usr/lib/jvm/java-17-openjdk-amd64/lib/libinstrument.so
Event: 0,326 Loaded shared library /usr/lib/jvm/java-17-openjdk-amd64/lib/libnio.so
Event: 0,342 Loaded shared library /usr/lib/jvm/java-17-openjdk-amd64/lib/libzip.so
Event: 0,511 Loaded shared library /usr/lib/jvm/java-17-openjdk-amd64/lib/libnet.so
Event: 0,542 Loaded shared library /usr/lib/jvm/java-17-openjdk-amd64/lib/libextnet.so
Event: 0,605 Loaded shared library /usr/lib/jvm/java-17-openjdk-amd64/lib/libjimage.so
Event: 0,757 Loaded shared library /tmp/jffi161668356702381588.so
Event: 0,812 Loaded shared library /usr/lib/jvm/java-17-openjdk-amd64/lib/libverify.so

Deoptimization events (20 events):
Event: 1,445 Thread 0x00007f546c0166d0 DEOPT PACKING pc=0x00007f5455453bff sp=0x00007f5473dfe4c0
Event: 1,445 Thread 0x00007f546c0166d0 DEOPT UNPACKING pc=0x00007f545c98de2f sp=0x00007f5473dfd950 mode 0
Event: 1,446 Thread 0x00007f546c0166d0 DEOPT PACKING pc=0x00007f5455453bff sp=0x00007f5473dfe450
Event: 1,446 Thread 0x00007f546c0166d0 DEOPT UNPACKING pc=0x00007f545c98de2f sp=0x00007f5473dfd8e0 mode 0
Event: 1,447 Thread 0x00007f546c0166d0 DEOPT PACKING pc=0x00007f5455453bff sp=0x00007f5473dfe4c0
Event: 1,447 Thread 0x00007f546c0166d0 DEOPT UNPACKING pc=0x00007f545c98de2f sp=0x00007f5473dfd950 mode 0
Event: 1,448 Thread 0x00007f546c0166d0 DEOPT PACKING pc=0x00007f5455453bff sp=0x00007f5473dfe4c0
Event: 1,448 Thread 0x00007f546c0166d0 DEOPT UNPACKING pc=0x00007f545c98de2f sp=0x00007f5473dfd950 mode 0
Event: 1,449 Thread 0x00007f546c0166d0 DEOPT PACKING pc=0x00007f5455453bff sp=0x00007f5473dfe4c0
Event: 1,449 Thread 0x00007f546c0166d0 DEOPT UNPACKING pc=0x00007f545c98de2f sp=0x00007f5473dfd950 mode 0
Event: 1,450 Thread 0x00007f546c0166d0 DEOPT PACKING pc=0x00007f5455453bff sp=0x00007f5473dfe4c0
Event: 1,450 Thread 0x00007f546c0166d0 DEOPT UNPACKING pc=0x00007f545c98de2f sp=0x00007f5473dfd950 mode 0
Event: 1,451 Thread 0x00007f546c0166d0 DEOPT PACKING pc=0x00007f5455453bff sp=0x00007f5473dfe4c0
Event: 1,451 Thread 0x00007f546c0166d0 DEOPT UNPACKING pc=0x00007f545c98de2f sp=0x00007f5473dfd950 mode 0
Event: 1,452 Thread 0x00007f546c0166d0 DEOPT PACKING pc=0x00007f5455453bff sp=0x00007f5473dfe4c0
Event: 1,452 Thread 0x00007f546c0166d0 DEOPT UNPACKING pc=0x00007f545c98de2f sp=0x00007f5473dfd950 mode 0
Event: 1,453 Thread 0x00007f546c0166d0 DEOPT PACKING pc=0x00007f5455453bff sp=0x00007f5473dfe4c0
Event: 1,453 Thread 0x00007f546c0166d0 DEOPT UNPACKING pc=0x00007f545c98de2f sp=0x00007f5473dfd950 mode 0
Event: 1,528 Thread 0x00007f546c0166d0 DEOPT PACKING pc=0x00007f5455430355 sp=0x00007f5473dfe1f0
Event: 1,528 Thread 0x00007f546c0166d0 DEOPT UNPACKING pc=0x00007f545c98de2f sp=0x00007f5473dfd6b0 mode 0

Classes unloaded (0 events):
No events

Classes redefined (0 events):
No events

Internal exceptions (6 events):
Event: 0,341 Thread 0x00007f546c0166d0 Implicit null exception at 0x00007f545ced1ad5 to 0x00007f545ced1c3c
Event: 0,513 Thread 0x00007f546c2dbcd0 Exception <a 'java/lang/NoSuchMethodError'{0x000000008cfde300}: 'java.lang.Object java.lang.invoke.DirectMethodHandle$Holder.invokeStaticInit(java.lang.Object)'> (0x000000008cfde300) 
thrown [./src/hotspot/share/interpreter/linkResolver.cpp, line 758]
Event: 0,544 Thread 0x00007f546c2dbcd0 Exception <a 'java/lang/NoSuchMethodError'{0x000000008cfec9b8}: 'void java.lang.invoke.DirectMethodHandle$Holder.invokeStatic(java.lang.Object, java.lang.Object)'> (0x000000008cfec9b8) 
thrown [./src/hotspot/share/interpreter/linkResolver.cpp, line 758]
Event: 0,984 Thread 0x00007f546c0166d0 Exception <a 'java/lang/UnsatisfiedLinkError'{0x000000008ca907d8}: meos: Ne peut ouvrir le fichier d'objet partagé: Aucun fichier ou dossier de ce type> (0x000000008ca907d8) 
thrown [./src/hotspot/share/prims/jni.cpp, line 535]
Event: 1,215 Thread 0x00007f546c0166d0 Exception <a 'java/lang/NoSuchMethodError'{0x000000008c62baa0}: 'java.lang.Object java.lang.invoke.DirectMethodHandle$Holder.newInvokeSpecial(java.lang.Object, java.lang.Object, java.lang.Object, java.lang.Object, java.lang.Object)'> (0x000000008c62baa0) 
thrown [./src/hotspot/share/interpreter/linkResolver.cpp, line 758]
Event: 1,282 Thread 0x00007f546c0166d0 Exception <a 'java/lang/UnsatisfiedLinkError'{0x000000008c6dd0e0}: /usr/local/lib/libmeos.so: undefined symbol: distance_timestamp_timestamp> (0x000000008c6dd0e0) 
thrown [./src/hotspot/share/prims/jni.cpp, line 535]

VM Operations (6 events):
Event: 0,677 Executing VM operation: HandshakeAllThreads
Event: 0,677 Executing VM operation: HandshakeAllThreads done
Event: 0,941 Executing VM operation: HandshakeAllThreads
Event: 0,941 Executing VM operation: HandshakeAllThreads done
Event: 1,346 Executing VM operation: G1CollectForAllocation
Event: 1,369 Executing VM operation: G1CollectForAllocation done

Events (20 events):
Event: 1,333 loading class sun/util/resources/TimeZoneNamesBundle done
Event: 1,333 loading class sun/util/resources/cldr/TimeZoneNames done
Event: 1,333 loading class sun/util/resources/cldr/TimeZoneNames_en
Event: 1,335 loading class sun/util/resources/cldr/TimeZoneNames_en done
Event: 1,335 loading class sun/util/resources/cldr/TimeZoneNames_en_US
Event: 1,335 loading class sun/util/resources/cldr/TimeZoneNames_en_US done
Event: 1,338 loading class sun/misc/Unsafe
Event: 1,339 loading class sun/misc/Unsafe done
Event: 1,342 loading class sun/util/resources/TimeZoneNames
Event: 1,343 loading class sun/util/resources/TimeZoneNames done
Event: 1,344 loading class sun/util/resources/TimeZoneNames_en
Event: 1,344 loading class sun/util/resources/TimeZoneNames_en done
Event: 1,374 loading class java/util/Scanner
Event: 1,375 loading class java/util/Scanner done
Event: 1,378 loading class java/util/Scanner$PatternLRUCache
Event: 1,378 loading class java/util/Scanner$PatternLRUCache done
Event: 1,381 loading class java/util/regex/Matcher$ImmutableMatchResult
Event: 1,383 loading class java/util/regex/Matcher$ImmutableMatchResult done
Event: 1,384 loading class java/nio/StringCharBuffer
Event: 1,384 loading class java/nio/StringCharBuffer done


Dynamic libraries:
85600000-8d200000 rw-p 00000000 00:00 0 
8d200000-ffe00000 ---p 00000000 00:00 0 
ffe00000-ffe76000 rw-p 00c9d000 08:02 10491600                           /usr/lib/jvm/java-17-openjdk-amd64/lib/server/classes.jsa
ffe76000-fff00000 rw-p 00000000 00:00 0 
fff00000-fff82000 rw-p 00c1b000 08:02 10491600                           /usr/lib/jvm/java-17-openjdk-amd64/lib/server/classes.jsa
fff82000-100000000 rw-p 00000000 00:00 0 
800000000-800458000 rw-p 00001000 08:02 10491600                         /usr/lib/jvm/java-17-openjdk-amd64/lib/server/classes.jsa
800458000-800be2000 r--p 00459000 08:02 10491600                         /usr/lib/jvm/java-17-openjdk-amd64/lib/server/classes.jsa
800be2000-801000000 ---p 00000000 00:00 0 
801000000-801040000 rw-p 00000000 00:00 0 
801040000-801080000 rw-p 00000000 00:00 0 
801080000-841000000 ---p 00000000 00:00 0 
56122c0de000-56122c0df000 r--p 00000000 08:02 10485864                   /usr/lib/jvm/java-17-openjdk-amd64/bin/java
56122c0df000-56122c0e0000 r-xp 00001000 08:02 10485864                   /usr/lib/jvm/java-17-openjdk-amd64/bin/java
56122c0e0000-56122c0e1000 r--p 00002000 08:02 10485864                   /usr/lib/jvm/java-17-openjdk-amd64/bin/java
56122c0e1000-56122c0e2000 r--p 00002000 08:02 10485864                   /usr/lib/jvm/java-17-openjdk-amd64/bin/java
56122c0e2000-56122c0e3000 rw-p 00003000 08:02 10485864                   /usr/lib/jvm/java-17-openjdk-amd64/bin/java
56122c588000-56122c5cf000 rw-p 00000000 00:00 0                          [heap]
7f53f0000000-7f53f0021000 rw-p 00000000 00:00 0 
7f53f0021000-7f53f4000000 ---p 00000000 00:00 0 
7f53f4000000-7f53f4021000 rw-p 00000000 00:00 0 
7f53f4021000-7f53f8000000 ---p 00000000 00:00 0 
7f53f8000000-7f53f8029000 rw-p 00000000 00:00 0 
7f53f8029000-7f53fc000000 ---p 00000000 00:00 0 
7f53fc000000-7f53fc021000 rw-p 00000000 00:00 0 
7f53fc021000-7f5400000000 ---p 00000000 00:00 0 
7f5400000000-7f5400021000 rw-p 00000000 00:00 0 
7f5400021000-7f5404000000 ---p 00000000 00:00 0 
7f5405b48000-7f5405f2f000 rw-p 00000000 00:00 0 
7f5405f2f000-7f5405f30000 ---p 00000000 00:00 0 
7f5405f30000-7f5406031000 rw-p 00000000 00:00 0 
7f5406031000-7f5406032000 ---p 00000000 00:00 0 
7f5406032000-7f5406133000 rw-p 00000000 00:00 0 
7f5406133000-7f5406134000 ---p 00000000 00:00 0 
7f5406134000-7f5406235000 rw-p 00000000 00:00 0 
7f5406235000-7f5406239000 ---p 00000000 00:00 0 
7f5406239000-7f5406335000 rw-p 00000000 00:00 0 
7f5406335000-7f5406356000 r--p 00000000 08:02 10356892                   /usr/lib/x86_64-linux-gnu/libkrb5.so.3.3
7f5406356000-7f54063b3000 r-xp 00021000 08:02 10356892                   /usr/lib/x86_64-linux-gnu/libkrb5.so.3.3
7f54063b3000-7f54063f0000 r--p 0007e000 08:02 10356892                   /usr/lib/x86_64-linux-gnu/libkrb5.so.3.3
7f54063f0000-7f54063f1000 ---p 000bb000 08:02 10356892                   /usr/lib/x86_64-linux-gnu/libkrb5.so.3.3
7f54063f1000-7f54063fe000 r--p 000bb000 08:02 10356892                   /usr/lib/x86_64-linux-gnu/libkrb5.so.3.3
7f54063fe000-7f5406400000 rw-p 000c8000 08:02 10356892                   /usr/lib/x86_64-linux-gnu/libkrb5.so.3.3
7f5406400000-7f54064b2000 r--p 00000000 08:02 10354984                   /usr/lib/x86_64-linux-gnu/libcrypto.so.3
7f54064b2000-7f540670f000 r-xp 000b2000 08:02 10354984                   /usr/lib/x86_64-linux-gnu/libcrypto.so.3
7f540670f000-7f54067e1000 r--p 0030f000 08:02 10354984                   /usr/lib/x86_64-linux-gnu/libcrypto.so.3
7f54067e1000-7f540683c000 r--p 003e0000 08:02 10354984                   /usr/lib/x86_64-linux-gnu/libcrypto.so.3
7f540683c000-7f540683f000 rw-p 0043b000 08:02 10354984                   /usr/lib/x86_64-linux-gnu/libcrypto.so.3
7f540683f000-7f5406842000 rw-p 00000000 00:00 0 
7f5406870000-7f5406871000 r--p 00000000 08:02 10355681                   /usr/lib/x86_64-linux-gnu/libbrotlicommon.so.1.0.9
7f5406871000-7f5406872000 r-xp 00001000 08:02 10355681                   /usr/lib/x86_64-linux-gnu/libbrotlicommon.so.1.0.9
7f5406872000-7f5406891000 r--p 00002000 08:02 10355681                   /usr/lib/x86_64-linux-gnu/libbrotlicommon.so.1.0.9
7f5406891000-7f5406892000 r--p 00020000 08:02 10355681                   /usr/lib/x86_64-linux-gnu/libbrotlicommon.so.1.0.9
7f5406892000-7f5406893000 rw-p 00021000 08:02 10355681                   /usr/lib/x86_64-linux-gnu/libbrotlicommon.so.1.0.9
7f5406893000-7f5406896000 r--p 00000000 08:02 10356794                   /usr/lib/x86_64-linux-gnu/libsasl2.so.2.0.25
7f5406896000-7f54068a7000 r-xp 00003000 08:02 10356794                   /usr/lib/x86_64-linux-gnu/libsasl2.so.2.0.25
7f54068a7000-7f54068ac000 r--p 00014000 08:02 10356794                   /usr/lib/x86_64-linux-gnu/libsasl2.so.2.0.25
7f54068ac000-7f54068ad000 r--p 00018000 08:02 10356794                   /usr/lib/x86_64-linux-gnu/libsasl2.so.2.0.25
7f54068ad000-7f54068ae000 rw-p 00019000 08:02 10356794                   /usr/lib/x86_64-linux-gnu/libsasl2.so.2.0.25
7f54068ae000-7f54068d7000 r--p 00000000 08:02 10356002                   /usr/lib/x86_64-linux-gnu/libp11-kit.so.0.3.0
7f54068d7000-7f540697b000 r-xp 00029000 08:02 10356002                   /usr/lib/x86_64-linux-gnu/libp11-kit.so.0.3.0
7f540697b000-7f54069d5000 r--p 000cd000 08:02 10356002                   /usr/lib/x86_64-linux-gnu/libp11-kit.so.0.3.0
7f54069d5000-7f54069df000 r--p 00126000 08:02 10356002                   /usr/lib/x86_64-linux-gnu/libp11-kit.so.0.3.0
7f54069df000-7f54069e9000 rw-p 00130000 08:02 10356002                   /usr/lib/x86_64-linux-gnu/libp11-kit.so.0.3.0
7f54069e9000-7f54069f3000 r--p 00000000 08:02 10357741                   /usr/lib/x86_64-linux-gnu/libgmp.so.10.4.1
7f54069f3000-7f5406a52000 r-xp 0000a000 08:02 10357741                   /usr/lib/x86_64-linux-gnu/libgmp.so.10.4.1
7f5406a52000-7f5406a69000 r--p 00069000 08:02 10357741                   /usr/lib/x86_64-linux-gnu/libgmp.so.10.4.1
7f5406a69000-7f5406a6a000 r--p 0007f000 08:02 10357741                   /usr/lib/x86_64-linux-gnu/libgmp.so.10.4.1
7f5406a6a000-7f5406a6b000 rw-p 00080000 08:02 10357741                   /usr/lib/x86_64-linux-gnu/libgmp.so.10.4.1
7f5406a6b000-7f5406a7c000 r--p 00000000 08:02 10360661                   /usr/lib/x86_64-linux-gnu/libunistring.so.2.2.0
7f5406a7c000-7f5406ab2000 r-xp 00011000 08:02 10360661                   /usr/lib/x86_64-linux-gnu/libunistring.so.2.2.0
7f5406ab2000-7f5406c10000 r--p 00047000 08:02 10360661                   /usr/lib/x86_64-linux-gnu/libunistring.so.2.2.0
7f5406c10000-7f5406c14000 r--p 001a5000 08:02 10360661                   /usr/lib/x86_64-linux-gnu/libunistring.so.2.2.0
7f5406c14000-7f5406c15000 rw-p 001a9000 08:02 10360661                   /usr/lib/x86_64-linux-gnu/libunistring.so.2.2.0
7f5406c15000-7f5406c46000 r--p 00000000 08:02 10357230                   /usr/lib/x86_64-linux-gnu/libgnutls.so.30.31.0
7f5406c46000-7f5406d6f000 r-xp 00031000 08:02 10357230                   /usr/lib/x86_64-linux-gnu/libgnutls.so.30.31.0
7f5406d6f000-7f5406dec000 r--p 0015a000 08:02 10357230                   /usr/lib/x86_64-linux-gnu/libgnutls.so.30.31.0
7f5406dec000-7f5406dfc000 r--p 001d6000 08:02 10357230                   /usr/lib/x86_64-linux-gnu/libgnutls.so.30.31.0
7f5406dfc000-7f5406dfe000 rw-p 001e6000 08:02 10357230                   /usr/lib/x86_64-linux-gnu/libgnutls.so.30.31.0
7f5406dfe000-7f5406e00000 rw-p 00000000 00:00 0 
7f5406e00000-7f5406e78000 r--p 00000000 08:02 10366481                   /usr/lib/x86_64-linux-gnu/libgeos.so.3.10.2
7f5406e78000-7f5406fa6000 r-xp 00078000 08:02 10366481                   /usr/lib/x86_64-linux-gnu/libgeos.so.3.10.2
7f5406fa6000-7f5407003000 r--p 001a6000 08:02 10366481                   /usr/lib/x86_64-linux-gnu/libgeos.so.3.10.2
7f5407003000-7f540700a000 r--p 00202000 08:02 10366481                   /usr/lib/x86_64-linux-gnu/libgeos.so.3.10.2
7f540700a000-7f540700b000 rw-p 00209000 08:02 10366481                   /usr/lib/x86_64-linux-gnu/libgeos.so.3.10.2
7f5407010000-7f5407013000 r--p 00000000 08:02 10365379                   /usr/lib/x86_64-linux-gnu/libresolv.so.2
7f5407013000-7f540701d000 r-xp 00003000 08:02 10365379                   /usr/lib/x86_64-linux-gnu/libresolv.so.2
7f540701d000-7f5407020000 r--p 0000d000 08:02 10365379                   /usr/lib/x86_64-linux-gnu/libresolv.so.2
7f5407020000-7f5407021000 r--p 0000f000 08:02 10365379                   /usr/lib/x86_64-linux-gnu/libresolv.so.2
7f5407021000-7f5407022000 rw-p 00010000 08:02 10365379                   /usr/lib/x86_64-linux-gnu/libresolv.so.2
7f5407022000-7f5407024000 rw-p 00000000 00:00 0 
7f5407024000-7f5407028000 r--p 00000000 08:02 10357711                   /usr/lib/x86_64-linux-gnu/libk5crypto.so.3.1
7f5407028000-7f5407043000 r-xp 00004000 08:02 10357711                   /usr/lib/x86_64-linux-gnu/libk5crypto.so.3.1
7f5407043000-7f540704f000 r--p 0001f000 08:02 10357711                   /usr/lib/x86_64-linux-gnu/libk5crypto.so.3.1
7f540704f000-7f5407050000 ---p 0002b000 08:02 10357711                   /usr/lib/x86_64-linux-gnu/libk5crypto.so.3.1
7f5407050000-7f5407051000 r--p 0002b000 08:02 10357711                   /usr/lib/x86_64-linux-gnu/libk5crypto.so.3.1
7f5407051000-7f5407052000 rw-p 0002c000 08:02 10357711                   /usr/lib/x86_64-linux-gnu/libk5crypto.so.3.1
7f5407052000-7f5407053000 rw-p 00000000 00:00 0 
7f5407053000-7f5407056000 r--p 00000000 08:02 10361751                   /usr/lib/x86_64-linux-gnu/libtasn1.so.6.6.2
7f5407056000-7f5407064000 r-xp 00003000 08:02 10361751                   /usr/lib/x86_64-linux-gnu/libtasn1.so.6.6.2
7f5407064000-7f5407068000 r--p 00011000 08:02 10361751                   /usr/lib/x86_64-linux-gnu/libtasn1.so.6.6.2
7f5407068000-7f5407069000 ---p 00015000 08:02 10361751                   /usr/lib/x86_64-linux-gnu/libtasn1.so.6.6.2
7f5407069000-7f540706a000 r--p 00015000 08:02 10361751                   /usr/lib/x86_64-linux-gnu/libtasn1.so.6.6.2
7f540706a000-7f540706b000 rw-p 00016000 08:02 10361751                   /usr/lib/x86_64-linux-gnu/libtasn1.so.6.6.2
7f540706b000-7f5407073000 r--p 00000000 08:02 10360657                   /usr/lib/x86_64-linux-gnu/libhogweed.so.6.4
7f5407073000-7f5407086000 r-xp 00008000 08:02 10360657                   /usr/lib/x86_64-linux-gnu/libhogweed.so.6.4
7f5407086000-7f54070b0000 r--p 0001b000 08:02 10360657                   /usr/lib/x86_64-linux-gnu/libhogweed.so.6.4
7f54070b0000-7f54070b1000 ---p 00045000 08:02 10360657                   /usr/lib/x86_64-linux-gnu/libhogweed.so.6.4
7f54070b1000-7f54070b2000 r--p 00045000 08:02 10360657                   /usr/lib/x86_64-linux-gnu/libhogweed.so.6.4
7f54070b2000-7f54070b3000 rw-p 00046000 08:02 10360657                   /usr/lib/x86_64-linux-gnu/libhogweed.so.6.4
7f54070b3000-7f54070d1000 r--p 00000000 08:02 10355997                   /usr/lib/x86_64-linux-gnu/libsqlite3.so.0.8.6
7f54070d1000-7f54071bd000 r-xp 0001e000 08:02 10355997                   /usr/lib/x86_64-linux-gnu/libsqlite3.so.0.8.6
7f54071bd000-7f54071f8000 r--p 0010a000 08:02 10355997                   /usr/lib/x86_64-linux-gnu/libsqlite3.so.0.8.6
7f54071f8000-7f54071fc000 r--p 00144000 08:02 10355997                   /usr/lib/x86_64-linux-gnu/libsqlite3.so.0.8.6
7f54071fc000-7f5407200000 rw-p 00148000 08:02 10355997                   /usr/lib/x86_64-linux-gnu/libsqlite3.so.0.8.6
7f5407200000-7f540725b000 r--p 00000000 08:02 10360429                   /usr/lib/x86_64-linux-gnu/libgsl.so.27.0.0
7f540725b000-7f5407432000 r-xp 0005b000 08:02 10360429                   /usr/lib/x86_64-linux-gnu/libgsl.so.27.0.0
7f5407432000-7f54074ab000 r--p 00232000 08:02 10360429                   /usr/lib/x86_64-linux-gnu/libgsl.so.27.0.0
7f54074ab000-7f54074ac000 ---p 002ab000 08:02 10360429                   /usr/lib/x86_64-linux-gnu/libgsl.so.27.0.0
7f54074ac000-7f54074b0000 r--p 002ab000 08:02 10360429                   /usr/lib/x86_64-linux-gnu/libgsl.so.27.0.0
7f54074b0000-7f54074be000 rw-p 002af000 08:02 10360429                   /usr/lib/x86_64-linux-gnu/libgsl.so.27.0.0
7f54074be000-7f54074bf000 rw-p 00000000 00:00 0 
7f54074c5000-7f54074c7000 r--p 00000000 08:02 10357718                   /usr/lib/x86_64-linux-gnu/libkeyutils.so.1.9
7f54074c7000-7f54074c9000 r-xp 00002000 08:02 10357718                   /usr/lib/x86_64-linux-gnu/libkeyutils.so.1.9
7f54074c9000-7f54074ca000 r--p 00004000 08:02 10357718                   /usr/lib/x86_64-linux-gnu/libkeyutils.so.1.9
7f54074ca000-7f54074cb000 r--p 00004000 08:02 10357718                   /usr/lib/x86_64-linux-gnu/libkeyutils.so.1.9
7f54074cb000-7f54074cc000 rw-p 00005000 08:02 10357718                   /usr/lib/x86_64-linux-gnu/libkeyutils.so.1.9
7f54074cc000-7f54074da000 r--p 00000000 08:02 10362052                   /usr/lib/x86_64-linux-gnu/libldap-2.5.so.0.1.9
7f54074da000-7f5407514000 r-xp 0000e000 08:02 10362052                   /usr/lib/x86_64-linux-gnu/libldap-2.5.so.0.1.9
7f5407514000-7f5407525000 r--p 00048000 08:02 10362052                   /usr/lib/x86_64-linux-gnu/libldap-2.5.so.0.1.9
7f5407525000-7f5407526000 ---p 00059000 08:02 10362052                   /usr/lib/x86_64-linux-gnu/libldap-2.5.so.0.1.9
7f5407526000-7f5407528000 r--p 00059000 08:02 10362052                   /usr/lib/x86_64-linux-gnu/libldap-2.5.so.0.1.9
7f5407528000-7f5407529000 rw-p 0005b000 08:02 10362052                   /usr/lib/x86_64-linux-gnu/libldap-2.5.so.0.1.9
7f5407529000-7f540752b000 rw-p 00000000 00:00 0 
7f540752b000-7f5407536000 r--p 00000000 08:02 10357451                   /usr/lib/x86_64-linux-gnu/libgssapi_krb5.so.2.2
7f5407536000-7f540756e000 r-xp 0000b000 08:02 10357451                   /usr/lib/x86_64-linux-gnu/libgssapi_krb5.so.2.2
7f540756e000-7f540757a000 r--p 00043000 08:02 10357451                   /usr/lib/x86_64-linux-gnu/libgssapi_krb5.so.2.2
7f540757a000-7f540757b000 ---p 0004f000 08:02 10357451                   /usr/lib/x86_64-linux-gnu/libgssapi_krb5.so.2.2
7f540757b000-7f540757d000 r--p 0004f000 08:02 10357451                   /usr/lib/x86_64-linux-gnu/libgssapi_krb5.so.2.2
7f540757d000-7f540757f000 rw-p 00051000 08:02 10357451                   /usr/lib/x86_64-linux-gnu/libgssapi_krb5.so.2.2
7f540757f000-7f5407583000 r--p 00000000 08:02 10355582                   /usr/lib/x86_64-linux-gnu/libjpeg.so.8.2.2
7f5407583000-7f54075cc000 r-xp 00004000 08:02 10355582                   /usr/lib/x86_64-linux-gnu/libjpeg.so.8.2.2
7f54075cc000-7f54075fe000 r--p 0004d000 08:02 10355582                   /usr/lib/x86_64-linux-gnu/libjpeg.so.8.2.2
7f54075fe000-7f54075ff000 r--p 0007e000 08:02 10355582                   /usr/lib/x86_64-linux-gnu/libjpeg.so.8.2.2
7f54075ff000-7f5407600000 rw-p 0007f000 08:02 10355582                   /usr/lib/x86_64-linux-gnu/libjpeg.so.8.2.2
7f5407600000-7f5407668000 r--p 00000000 08:02 10358220                   /usr/lib/x86_64-linux-gnu/libproj.so.22.2.1
7f5407668000-7f54078b7000 r-xp 00068000 08:02 10358220                   /usr/lib/x86_64-linux-gnu/libproj.so.22.2.1
7f54078b7000-7f540794c000 r--p 002b7000 08:02 10358220                   /usr/lib/x86_64-linux-gnu/libproj.so.22.2.1
7f540794c000-7f540794d000 ---p 0034c000 08:02 10358220                   /usr/lib/x86_64-linux-gnu/libproj.so.22.2.1
7f540794d000-7f5407964000 r--p 0034c000 08:02 10358220                   /usr/lib/x86_64-linux-gnu/libproj.so.22.2.1
7f5407964000-7f5407966000 rw-p 00363000 08:02 10358220                   /usr/lib/x86_64-linux-gnu/libproj.so.22.2.1
7f5407966000-7f5407969000 rw-p 00000000 00:00 0 
7f5407969000-7f5407973000 r--p 00000000 08:02 10355057                   /usr/lib/x86_64-linux-gnu/libnettle.so.8.4
7f5407973000-7f5407996000 r-xp 0000a000 08:02 10355057                   /usr/lib/x86_64-linux-gnu/libnettle.so.8.4
7f5407996000-7f54079ac000 r--p 0002d000 08:02 10355057                   /usr/lib/x86_64-linux-gnu/libnettle.so.8.4
7f54079ac000-7f54079ae000 r--p 00042000 08:02 10355057                   /usr/lib/x86_64-linux-gnu/libnettle.so.8.4
7f54079ae000-7f54079af000 rw-p 00044000 08:02 10355057                   /usr/lib/x86_64-linux-gnu/libnettle.so.8.4
7f54079af000-7f54079b9000 r--p 00000000 08:02 10354868                   /usr/lib/x86_64-linux-gnu/libzstd.so.1.4.8
7f54079b9000-7f5407a6b000 r-xp 0000a000 08:02 10354868                   /usr/lib/x86_64-linux-gnu/libzstd.so.1.4.8
7f5407a6b000-7f5407a7c000 r--p 000bc000 08:02 10354868                   /usr/lib/x86_64-linux-gnu/libzstd.so.1.4.8
7f5407a7c000-7f5407a7d000 r--p 000cc000 08:02 10354868                   /usr/lib/x86_64-linux-gnu/libzstd.so.1.4.8
7f5407a7d000-7f5407a7e000 rw-p 000cd000 08:02 10354868                   /usr/lib/x86_64-linux-gnu/libzstd.so.1.4.8
7f5407a7e000-7f5407ab4000 r--p 00000000 08:02 11142841                   /usr/local/lib/libmeos.so
7f5407ab4000-7f5407ba8000 r-xp 00036000 08:02 11142841                   /usr/local/lib/libmeos.so
7f5407ba8000-7f5407bf3000 r--p 0012a000 08:02 11142841                   /usr/local/lib/libmeos.so
7f5407bf3000-7f5407bf4000 ---p 00175000 08:02 11142841                   /usr/local/lib/libmeos.so
7f5407bf4000-7f5407bf5000 r--p 00175000 08:02 11142841                   /usr/local/lib/libmeos.so
7f5407bf5000-7f5407bfa000 rw-p 00176000 08:02 11142841                   /usr/local/lib/libmeos.so
7f5407bfa000-7f5407c00000 rw-p 00000000 00:00 0 
7f5407c00000-7f5407c12000 r-xp 00000000 08:02 1703947                    /tmp/jffi161668356702381588.so (deleted)
7f5407c12000-7f5407e11000 ---p 00012000 08:02 1703947                    /tmp/jffi161668356702381588.so (deleted)
7f5407e11000-7f5407e12000 rw-p 00011000 08:02 1703947                    /tmp/jffi161668356702381588.so (deleted)
7f5407e18000-7f5407e1a000 r--p 00000000 08:02 10356728                   /usr/lib/x86_64-linux-gnu/libffi.so.8.1.0
7f5407e1a000-7f5407e21000 r-xp 00002000 08:02 10356728                   /usr/lib/x86_64-linux-gnu/libffi.so.8.1.0
7f5407e21000-7f5407e22000 r--p 00009000 08:02 10356728                   /usr/lib/x86_64-linux-gnu/libffi.so.8.1.0
7f5407e22000-7f5407e23000 ---p 0000a000 08:02 10356728                   /usr/lib/x86_64-linux-gnu/libffi.so.8.1.0
7f5407e23000-7f5407e24000 r--p 0000a000 08:02 10356728                   /usr/lib/x86_64-linux-gnu/libffi.so.8.1.0
7f5407e24000-7f5407e25000 rw-p 0000b000 08:02 10356728                   /usr/lib/x86_64-linux-gnu/libffi.so.8.1.0
7f5407e25000-7f5407e32000 r--p 00000000 08:02 10355188                   /usr/lib/x86_64-linux-gnu/libssh.so.4.8.7
7f5407e32000-7f5407e75000 r-xp 0000d000 08:02 10355188                   /usr/lib/x86_64-linux-gnu/libssh.so.4.8.7
7f5407e75000-7f5407e8e000 r--p 00050000 08:02 10355188                   /usr/lib/x86_64-linux-gnu/libssh.so.4.8.7
7f5407e8e000-7f5407e90000 r--p 00068000 08:02 10355188                   /usr/lib/x86_64-linux-gnu/libssh.so.4.8.7
7f5407e90000-7f5407e92000 rw-p 0006a000 08:02 10355188                   /usr/lib/x86_64-linux-gnu/libssh.so.4.8.7
7f5407e92000-7f5407e94000 r--p 00000000 08:02 10358223                   /usr/lib/x86_64-linux-gnu/libwebp.so.7.1.3
7f5407e94000-7f5407ee9000 r-xp 00002000 08:02 10358223                   /usr/lib/x86_64-linux-gnu/libwebp.so.7.1.3
7f5407ee9000-7f5407efa000 r--p 00057000 08:02 10358223                   /usr/lib/x86_64-linux-gnu/libwebp.so.7.1.3
7f5407efa000-7f5407efb000 r--p 00067000 08:02 10358223                   /usr/lib/x86_64-linux-gnu/libwebp.so.7.1.3
7f5407efb000-7f5407efc000 rw-p 00068000 08:02 10358223                   /usr/lib/x86_64-linux-gnu/libwebp.so.7.1.3
7f5407efc000-7f5407efe000 rw-p 00000000 00:00 0 
7f5407efe000-7f5407eff000 ---p 00000000 00:00 0 
7f5407eff000-7f5408000000 rw-p 00000000 00:00 0 
7f5408000000-7f5408021000 rw-p 00000000 00:00 0 
7f5408021000-7f540c000000 ---p 00000000 00:00 0 
7f540c000000-7f540c021000 rw-p 00000000 00:00 0 
7f540c021000-7f5410000000 ---p 00000000 00:00 0 
7f5410000000-7f5410021000 rw-p 00000000 00:00 0 
7f5410021000-7f5414000000 ---p 00000000 00:00 0 
7f5414000000-7f5414021000 rw-p 00000000 00:00 0 
7f5414021000-7f5418000000 ---p 00000000 00:00 0 
7f5418000000-7f541830b000 rw-p 00000000 00:00 0 
7f541830b000-7f541c000000 ---p 00000000 00:00 0 
7f541c000000-7f541c2e8000 rw-p 00000000 00:00 0 
7f541c2e8000-7f5420000000 ---p 00000000 00:00 0 
7f5420000000-7f5420021000 rw-p 00000000 00:00 0 
7f5420021000-7f5424000000 ---p 00000000 00:00 0 
7f5424000000-7f5424021000 rw-p 00000000 00:00 0 
7f5424021000-7f5428000000 ---p 00000000 00:00 0 
7f5428000000-7f5428021000 rw-p 00000000 00:00 0 
7f5428021000-7f542c000000 ---p 00000000 00:00 0 
7f542c000000-7f542c021000 rw-p 00000000 00:00 0 
7f542c021000-7f5430000000 ---p 00000000 00:00 0 
7f5430000000-7f5430021000 rw-p 00000000 00:00 0 
7f5430021000-7f5434000000 ---p 00000000 00:00 0 
7f5434000000-7f5434021000 rw-p 00000000 00:00 0 
7f5434021000-7f5438000000 ---p 00000000 00:00 0 
7f5438000000-7f5438280000 rw-p 00000000 00:00 0 
7f5438280000-7f5438400000 ---p 00000000 00:00 0 
7f5438400000-7f5438610000 rw-p 00000000 00:00 0 
7f5438610000-7f543c000000 ---p 00000000 00:00 0 
7f543c000000-7f543c021000 rw-p 00000000 00:00 0 
7f543c021000-7f5440000000 ---p 00000000 00:00 0 
7f5440000000-7f5440021000 rw-p 00000000 00:00 0 
7f5440021000-7f5444000000 ---p 00000000 00:00 0 
7f5444000000-7f5444021000 rw-p 00000000 00:00 0 
7f5444021000-7f5448000000 ---p 00000000 00:00 0 
7f5448000000-7f5448021000 rw-p 00000000 00:00 0 
7f5448021000-7f544c000000 ---p 00000000 00:00 0 
7f544c000000-7f544c021000 rw-p 00000000 00:00 0 
7f544c021000-7f5450000000 ---p 00000000 00:00 0 
7f5450002000-7f5450005000 r--p 00000000 08:02 10355637                   /usr/lib/x86_64-linux-gnu/libkrb5support.so.0.1
7f5450005000-7f545000b000 r-xp 00003000 08:02 10355637                   /usr/lib/x86_64-linux-gnu/libkrb5support.so.0.1
7f545000b000-7f545000d000 r--p 00009000 08:02 10355637                   /usr/lib/x86_64-linux-gnu/libkrb5support.so.0.1
7f545000d000-7f545000e000 ---p 0000b000 08:02 10355637                   /usr/lib/x86_64-linux-gnu/libkrb5support.so.0.1
7f545000e000-7f545000f000 r--p 0000b000 08:02 10355637                   /usr/lib/x86_64-linux-gnu/libkrb5support.so.0.1
7f545000f000-7f5450010000 rw-p 0000c000 08:02 10355637                   /usr/lib/x86_64-linux-gnu/libkrb5support.so.0.1
7f5450010000-7f5450011000 r--p 00000000 08:02 10355683                   /usr/lib/x86_64-linux-gnu/libbrotlidec.so.1.0.9
7f5450011000-7f5450019000 r-xp 00001000 08:02 10355683                   /usr/lib/x86_64-linux-gnu/libbrotlidec.so.1.0.9
7f5450019000-7f545001c000 r--p 00009000 08:02 10355683                   /usr/lib/x86_64-linux-gnu/libbrotlidec.so.1.0.9
7f545001c000-7f545001d000 r--p 0000b000 08:02 10355683                   /usr/lib/x86_64-linux-gnu/libbrotlidec.so.1.0.9
7f545001d000-7f545001e000 rw-p 0000c000 08:02 10355683                   /usr/lib/x86_64-linux-gnu/libbrotlidec.so.1.0.9
7f545001e000-7f5450023000 r--p 00000000 08:02 10355338                   /usr/lib/x86_64-linux-gnu/librtmp.so.1
7f5450023000-7f5450033000 r-xp 00005000 08:02 10355338                   /usr/lib/x86_64-linux-gnu/librtmp.so.1
7f5450033000-7f545003a000 r--p 00015000 08:02 10355338                   /usr/lib/x86_64-linux-gnu/librtmp.so.1
7f545003a000-7f545003b000 ---p 0001c000 08:02 10355338                   /usr/lib/x86_64-linux-gnu/librtmp.so.1
7f545003b000-7f545003c000 r--p 0001c000 08:02 10355338                   /usr/lib/x86_64-linux-gnu/librtmp.so.1
7f545003c000-7f545003d000 rw-p 0001d000 08:02 10355338                   /usr/lib/x86_64-linux-gnu/librtmp.so.1
7f545003d000-7f545003f000 r--p 00000000 08:02 10361325                   /usr/lib/x86_64-linux-gnu/libidn2.so.0.3.7
7f545003f000-7f5450043000 r-xp 00002000 08:02 10361325                   /usr/lib/x86_64-linux-gnu/libidn2.so.0.3.7
7f5450043000-7f545005c000 r--p 00006000 08:02 10361325                   /usr/lib/x86_64-linux-gnu/libidn2.so.0.3.7
7f545005c000-7f545005d000 r--p 0001e000 08:02 10361325                   /usr/lib/x86_64-linux-gnu/libidn2.so.0.3.7
7f545005d000-7f545005e000 rw-p 0001f000 08:02 10361325                   /usr/lib/x86_64-linux-gnu/libidn2.so.0.3.7
7f545005e000-7f545006c000 r--p 00000000 08:02 10355046                   /usr/lib/x86_64-linux-gnu/libcurl-gnutls.so.4.7.0
7f545006c000-7f54500de000 r-xp 0000e000 08:02 10355046                   /usr/lib/x86_64-linux-gnu/libcurl-gnutls.so.4.7.0
7f54500de000-7f54500f9000 r--p 00080000 08:02 10355046                   /usr/lib/x86_64-linux-gnu/libcurl-gnutls.so.4.7.0
7f54500f9000-7f54500fd000 r--p 0009a000 08:02 10355046                   /usr/lib/x86_64-linux-gnu/libcurl-gnutls.so.4.7.0
7f54500fd000-7f54500ff000 rw-p 0009e000 08:02 10355046                   /usr/lib/x86_64-linux-gnu/libcurl-gnutls.so.4.7.0
7f54500ff000-7f5450100000 rw-p 00000000 00:00 0 
7f5450100000-7f5450104000 ---p 00000000 00:00 0 
7f5450104000-7f5450200000 rw-p 00000000 00:00 0 
7f5450200000-7f5450204000 ---p 00000000 00:00 0 
7f5450204000-7f5450300000 rw-p 00000000 00:00 0 
7f5450300000-7f5450304000 ---p 00000000 00:00 0 
7f5450304000-7f5450400000 rw-p 00000000 00:00 0 
7f5450400000-7f5450404000 ---p 00000000 00:00 0 
7f5450404000-7f5450500000 rw-p 00000000 00:00 0 
7f5450500000-7f5450504000 ---p 00000000 00:00 0 
7f5450504000-7f5450600000 rw-p 00000000 00:00 0 
7f5450600000-7f5450604000 ---p 00000000 00:00 0 
7f5450604000-7f5450700000 rw-p 00000000 00:00 0 
7f5450700000-7f5450704000 ---p 00000000 00:00 0 
7f5450704000-7f5450800000 rw-p 00000000 00:00 0 
7f5450800000-7f5450804000 ---p 00000000 00:00 0 
7f5450804000-7f5450900000 rw-p 00000000 00:00 0 
7f5450900000-7f5450904000 ---p 00000000 00:00 0 
7f5450904000-7f5450a00000 rw-p 00000000 00:00 0 
7f5450a00000-7f54511f0000 r--p 00000000 08:02 10356383                   /usr/lib/locale/locale-archive
7f54511f4000-7f54511f6000 r--p 00000000 08:02 10361503                   /usr/lib/x86_64-linux-gnu/libpsl.so.5.3.2
7f54511f6000-7f54511f8000 r-xp 00002000 08:02 10361503                   /usr/lib/x86_64-linux-gnu/libpsl.so.5.3.2
7f54511f8000-7f5451206000 r--p 00004000 08:02 10361503                   /usr/lib/x86_64-linux-gnu/libpsl.so.5.3.2
7f5451206000-7f5451207000 r--p 00011000 08:02 10361503                   /usr/lib/x86_64-linux-gnu/libpsl.so.5.3.2
7f5451207000-7f5451208000 rw-p 00012000 08:02 10361503                   /usr/lib/x86_64-linux-gnu/libpsl.so.5.3.2
7f5451208000-7f545120d000 r--p 00000000 08:02 10354889                   /usr/lib/x86_64-linux-gnu/libnghttp2.so.14.20.1
7f545120d000-7f5451222000 r-xp 00005000 08:02 10354889                   /usr/lib/x86_64-linux-gnu/libnghttp2.so.14.20.1
7f5451222000-7f545122e000 r--p 0001a000 08:02 10354889                   /usr/lib/x86_64-linux-gnu/libnghttp2.so.14.20.1
7f545122e000-7f5451231000 r--p 00025000 08:02 10354889                   /usr/lib/x86_64-linux-gnu/libnghttp2.so.14.20.1
7f5451231000-7f5451232000 rw-p 00028000 08:02 10354889                   /usr/lib/x86_64-linux-gnu/libnghttp2.so.14.20.1
7f5451232000-7f5451233000 r--p 00000000 08:02 10355584                   /usr/lib/x86_64-linux-gnu/libdeflate.so.0
7f5451233000-7f545124f000 r-xp 00001000 08:02 10355584                   /usr/lib/x86_64-linux-gnu/libdeflate.so.0
7f545124f000-7f5451253000 r--p 0001d000 08:02 10355584                   /usr/lib/x86_64-linux-gnu/libdeflate.so.0
7f5451253000-7f5451254000 ---p 00021000 08:02 10355584                   /usr/lib/x86_64-linux-gnu/libdeflate.so.0
7f5451254000-7f5451255000 r--p 00021000 08:02 10355584                   /usr/lib/x86_64-linux-gnu/libdeflate.so.0
7f5451255000-7f5451256000 rw-p 00022000 08:02 10355584                   /usr/lib/x86_64-linux-gnu/libdeflate.so.0
7f5451256000-7f545125a000 ---p 00000000 00:00 0 
7f545125a000-7f5451356000 rw-p 00000000 00:00 0 
7f5451356000-7f545135a000 ---p 00000000 00:00 0 
7f545135a000-7f5451456000 rw-p 00000000 00:00 0 
7f5451456000-7f5451457000 ---p 00000000 00:00 0 
7f5451457000-7f5453748000 rw-p 00000000 00:00 0 
7f5453748000-7f54553f8000 ---p 00000000 00:00 0 
7f54553f8000-7f5455400000 rw-p 00000000 00:00 0 
7f5455400000-7f5455670000 rwxp 00000000 00:00 0 
7f5455670000-7f545c937000 ---p 00000000 00:00 0 
7f545c937000-7f545cba7000 rwxp 00000000 00:00 0 
7f545cba7000-7f545cec8000 ---p 00000000 00:00 0 
7f545cec8000-7f545d138000 rwxp 00000000 00:00 0 
7f545d138000-7f5464400000 ---p 00000000 00:00 0 
7f5464400000-7f546be43000 r--s 00000000 08:02 10491594                   /usr/lib/jvm/java-17-openjdk-amd64/lib/modules
7f546be45000-7f546be48000 r--p 00000000 08:02 10355303                   /usr/lib/x86_64-linux-gnu/liblber-2.5.so.0.1.9
7f546be48000-7f546be50000 r-xp 00003000 08:02 10355303                   /usr/lib/x86_64-linux-gnu/liblber-2.5.so.0.1.9
7f546be50000-7f546be53000 r--p 0000b000 08:02 10355303                   /usr/lib/x86_64-linux-gnu/liblber-2.5.so.0.1.9
7f546be53000-7f546be54000 ---p 0000e000 08:02 10355303                   /usr/lib/x86_64-linux-gnu/liblber-2.5.so.0.1.9
7f546be54000-7f546be55000 r--p 0000e000 08:02 10355303                   /usr/lib/x86_64-linux-gnu/liblber-2.5.so.0.1.9
7f546be55000-7f546be56000 rw-p 0000f000 08:02 10355303                   /usr/lib/x86_64-linux-gnu/liblber-2.5.so.0.1.9
7f546be56000-7f546be58000 r--p 00000000 08:02 10355587                   /usr/lib/x86_64-linux-gnu/libjbig.so.0
7f546be58000-7f546be61000 r-xp 00002000 08:02 10355587                   /usr/lib/x86_64-linux-gnu/libjbig.so.0
7f546be61000-7f546be63000 r--p 0000b000 08:02 10355587                   /usr/lib/x86_64-linux-gnu/libjbig.so.0
7f546be63000-7f546be64000 r--p 0000c000 08:02 10355587                   /usr/lib/x86_64-linux-gnu/libjbig.so.0
7f546be64000-7f546be67000 rw-p 0000d000 08:02 10355587                   /usr/lib/x86_64-linux-gnu/libjbig.so.0
7f546be67000-7f546be6a000 r--p 00000000 08:02 10360435                   /usr/lib/x86_64-linux-gnu/libgslcblas.so.0.0.0
7f546be6a000-7f546bea3000 r-xp 00003000 08:02 10360435                   /usr/lib/x86_64-linux-gnu/libgslcblas.so.0.0.0
7f546bea3000-7f546bea7000 r--p 0003c000 08:02 10360435                   /usr/lib/x86_64-linux-gnu/libgslcblas.so.0.0.0
7f546bea7000-7f546bea8000 r--p 0003f000 08:02 10360435                   /usr/lib/x86_64-linux-gnu/libgslcblas.so.0.0.0
7f546bea8000-7f546bea9000 rw-p 00040000 08:02 10360435                   /usr/lib/x86_64-linux-gnu/libgslcblas.so.0.0.0
7f546bea9000-7f546beb1000 r--p 00000000 08:02 10358811                   /usr/lib/x86_64-linux-gnu/libtiff.so.5.7.0
7f546beb1000-7f546bef9000 r-xp 00008000 08:02 10358811                   /usr/lib/x86_64-linux-gnu/libtiff.so.5.7.0
7f546bef9000-7f546bf29000 r--p 00050000 08:02 10358811                   /usr/lib/x86_64-linux-gnu/libtiff.so.5.7.0
7f546bf29000-7f546bf2e000 r--p 0007f000 08:02 10358811                   /usr/lib/x86_64-linux-gnu/libtiff.so.5.7.0
7f546bf2e000-7f546bf2f000 rw-p 00084000 08:02 10358811                   /usr/lib/x86_64-linux-gnu/libtiff.so.5.7.0
7f546bf2f000-7f546bf34000 r--p 00000000 08:02 10491564                   /usr/lib/jvm/java-17-openjdk-amd64/lib/libjsvml.so
7f546bf34000-7f546bf75000 r-xp 00005000 08:02 10491564                   /usr/lib/jvm/java-17-openjdk-amd64/lib/libjsvml.so
7f546bf75000-7f546bffe000 r--p 00046000 08:02 10491564                   /usr/lib/jvm/java-17-openjdk-amd64/lib/libjsvml.so
7f546bffe000-7f546bfff000 r--p 000ce000 08:02 10491564                   /usr/lib/jvm/java-17-openjdk-amd64/lib/libjsvml.so
7f546bfff000-7f546c000000 rw-p 000cf000 08:02 10491564                   /usr/lib/jvm/java-17-openjdk-amd64/lib/libjsvml.so
7f546c000000-7f546c518000 rw-p 00000000 00:00 0 
7f546c518000-7f5470000000 ---p 00000000 00:00 0 
7f5470000000-7f5470002000 r--p 00000000 08:02 10357716                   /usr/lib/x86_64-linux-gnu/libcom_err.so.2.1
7f5470002000-7f5470003000 r-xp 00002000 08:02 10357716                   /usr/lib/x86_64-linux-gnu/libcom_err.so.2.1
7f5470003000-7f5470004000 r--p 00003000 08:02 10357716                   /usr/lib/x86_64-linux-gnu/libcom_err.so.2.1
7f5470004000-7f5470005000 r--p 00003000 08:02 10357716                   /usr/lib/x86_64-linux-gnu/libcom_err.so.2.1
7f5470005000-7f5470006000 rw-p 00004000 08:02 10357716                   /usr/lib/x86_64-linux-gnu/libcom_err.so.2.1
7f5470006000-7f5470009000 r--p 00000000 08:02 10359160                   /usr/lib/x86_64-linux-gnu/liblzma.so.5.2.5
7f5470009000-7f5470024000 r-xp 00003000 08:02 10359160                   /usr/lib/x86_64-linux-gnu/liblzma.so.5.2.5
7f5470024000-7f547002f000 r--p 0001e000 08:02 10359160                   /usr/lib/x86_64-linux-gnu/liblzma.so.5.2.5
7f547002f000-7f5470030000 r--p 00028000 08:02 10359160                   /usr/lib/x86_64-linux-gnu/liblzma.so.5.2.5
7f5470030000-7f5470031000 rw-p 00029000 08:02 10359160                   /usr/lib/x86_64-linux-gnu/liblzma.so.5.2.5
7f5470031000-7f5470040000 r--p 00000000 08:02 10366483                   /usr/lib/x86_64-linux-gnu/libgeos_c.so.1.16.0
7f5470040000-7f5470060000 r-xp 0000f000 08:02 10366483                   /usr/lib/x86_64-linux-gnu/libgeos_c.so.1.16.0
7f5470060000-7f547006d000 r--p 0002f000 08:02 10366483                   /usr/lib/x86_64-linux-gnu/libgeos_c.so.1.16.0
7f547006d000-7f547006e000 ---p 0003c000 08:02 10366483                   /usr/lib/x86_64-linux-gnu/libgeos_c.so.1.16.0
7f547006e000-7f547006f000 r--p 0003c000 08:02 10366483                   /usr/lib/x86_64-linux-gnu/libgeos_c.so.1.16.0
7f547006f000-7f5470070000 rw-p 0003d000 08:02 10366483                   /usr/lib/x86_64-linux-gnu/libgeos_c.so.1.16.0
7f5470070000-7f54700f1000 rw-p 00000000 00:00 0 
7f54700f1000-7f54700f2000 ---p 00000000 00:00 0 
7f54700f2000-7f54701f3000 rw-p 00000000 00:00 0 
7f54701f3000-7f54701f4000 ---p 00000000 00:00 0 
7f54701f4000-7f54706f9000 rw-p 00000000 00:00 0 
7f54706f9000-7f54706fa000 ---p 00000000 00:00 0 
7f54706fa000-7f54707fb000 rw-p 00000000 00:00 0 
7f54707fb000-7f54707fc000 ---p 00000000 00:00 0 
7f54707fc000-7f54708fd000 rw-p 00000000 00:00 0 
7f54708fd000-7f54708fe000 ---p 00000000 00:00 0 
7f54708fe000-7f5470bef000 rw-p 00000000 00:00 0 
7f5470bef000-7f547289f000 ---p 00000000 00:00 0 
7f547289f000-7f54728e5000 rw-p 00000000 00:00 0 
7f54728e5000-7f5472c7b000 ---p 00000000 00:00 0 
7f5472c7b000-7f5472cba000 rw-p 00000000 00:00 0 
7f5472cba000-7f5473050000 ---p 00000000 00:00 0 
7f5473050000-7f547308f000 rw-p 00000000 00:00 0 
7f547308f000-7f5473425000 ---p 00000000 00:00 0 
7f5473425000-7f547382f000 rw-p 00000000 00:00 0 
7f547382f000-7f5473915000 ---p 00000000 00:00 0 
7f5473915000-7f547391a000 rw-p 00000000 00:00 0 
7f547391a000-7f5473a00000 ---p 00000000 00:00 0 
7f5473a00000-7f5473a9a000 r--p 00000000 08:02 10354705                   /usr/lib/x86_64-linux-gnu/libstdc++.so.6.0.30
7f5473a9a000-7f5473baa000 r-xp 0009a000 08:02 10354705                   /usr/lib/x86_64-linux-gnu/libstdc++.so.6.0.30
7f5473baa000-7f5473c19000 r--p 001aa000 08:02 10354705                   /usr/lib/x86_64-linux-gnu/libstdc++.so.6.0.30
7f5473c19000-7f5473c24000 r--p 00218000 08:02 10354705                   /usr/lib/x86_64-linux-gnu/libstdc++.so.6.0.30
7f5473c24000-7f5473c27000 rw-p 00223000 08:02 10354705                   /usr/lib/x86_64-linux-gnu/libstdc++.so.6.0.30
7f5473c27000-7f5473c2a000 rw-p 00000000 00:00 0 
7f5473c2f000-7f5473c33000 r--p 00000000 08:02 10355662                   /usr/lib/x86_64-linux-gnu/libjson-c.so.5.1.0
7f5473c33000-7f5473c3c000 r-xp 00004000 08:02 10355662                   /usr/lib/x86_64-linux-gnu/libjson-c.so.5.1.0
7f5473c3c000-7f5473c3f000 r--p 0000d000 08:02 10355662                   /usr/lib/x86_64-linux-gnu/libjson-c.so.5.1.0
7f5473c3f000-7f5473c40000 ---p 00010000 08:02 10355662                   /usr/lib/x86_64-linux-gnu/libjson-c.so.5.1.0
7f5473c40000-7f5473c41000 r--p 00010000 08:02 10355662                   /usr/lib/x86_64-linux-gnu/libjson-c.so.5.1.0
7f5473c41000-7f5473c42000 rw-p 00011000 08:02 10355662                   /usr/lib/x86_64-linux-gnu/libjson-c.so.5.1.0
7f5473c58000-7f5473c7d000 r--p 00000000 08:02 12591460                   /usr/share/locale-langpack/fr/LC_MESSAGES/libc.mo
7f5473c7d000-7f5473c81000 r--p 00000000 08:02 10491590                   /usr/lib/jvm/java-17-openjdk-amd64/lib/libverify.so
7f5473c81000-7f5473c88000 r-xp 00004000 08:02 10491590                   /usr/lib/jvm/java-17-openjdk-amd64/lib/libverify.so
7f5473c88000-7f5473c8a000 r--p 0000b000 08:02 10491590                   /usr/lib/jvm/java-17-openjdk-amd64/lib/libverify.so
7f5473c8a000-7f5473c8c000 r--p 0000c000 08:02 10491590                   /usr/lib/jvm/java-17-openjdk-amd64/lib/libverify.so
7f5473c8c000-7f5473c8d000 rw-p 0000e000 08:02 10491590                   /usr/lib/jvm/java-17-openjdk-amd64/lib/libverify.so
7f5473c8d000-7f5473c91000 r--p 00000000 08:02 10491576                   /usr/lib/jvm/java-17-openjdk-amd64/lib/libnet.so
7f5473c91000-7f5473c9f000 r-xp 00004000 08:02 10491576                   /usr/lib/jvm/java-17-openjdk-amd64/lib/libnet.so
7f5473c9f000-7f5473ca3000 r--p 00012000 08:02 10491576                   /usr/lib/jvm/java-17-openjdk-amd64/lib/libnet.so
7f5473ca3000-7f5473ca4000 r--p 00015000 08:02 10491576                   /usr/lib/jvm/java-17-openjdk-amd64/lib/libnet.so
7f5473ca4000-7f5473ca5000 rw-p 00016000 08:02 10491576                   /usr/lib/jvm/java-17-openjdk-amd64/lib/libnet.so
7f5473ca5000-7f5473d00000 rw-p 00000000 00:00 0 
7f5473d00000-7f5473d04000 ---p 00000000 00:00 0 
7f5473d04000-7f5473e00000 rw-p 00000000 00:00 0 
7f5473e00000-7f5474050000 r--p 00000000 08:02 10491606                   /usr/lib/jvm/java-17-openjdk-amd64/lib/server/libjvm.so
7f5474050000-7f5474dd4000 r-xp 00250000 08:02 10491606                   /usr/lib/jvm/java-17-openjdk-amd64/lib/server/libjvm.so
7f5474dd4000-7f5475057000 r--p 00fd4000 08:02 10491606                   /usr/lib/jvm/java-17-openjdk-amd64/lib/server/libjvm.so
7f5475057000-7f547510f000 r--p 01256000 08:02 10491606                   /usr/lib/jvm/java-17-openjdk-amd64/lib/server/libjvm.so
7f547510f000-7f5475144000 rw-p 0130e000 08:02 10491606                   /usr/lib/jvm/java-17-openjdk-amd64/lib/server/libjvm.so
7f5475144000-7f547519e000 rw-p 00000000 00:00 0 
7f54751a2000-7f54751a9000 r--s 00000000 08:02 11013395                   /usr/lib/x86_64-linux-gnu/gconv/gconv-modules.cache
7f54751a9000-7f54751af000 r--p 00000000 08:02 10491578                   /usr/lib/jvm/java-17-openjdk-amd64/lib/libnio.so
7f54751af000-7f54751b8000 r-xp 00006000 08:02 10491578                   /usr/lib/jvm/java-17-openjdk-amd64/lib/libnio.so
7f54751b8000-7f54751bc000 r--p 0000f000 08:02 10491578                   /usr/lib/jvm/java-17-openjdk-amd64/lib/libnio.so
7f54751bc000-7f54751bd000 ---p 00013000 08:02 10491578                   /usr/lib/jvm/java-17-openjdk-amd64/lib/libnio.so
7f54751bd000-7f54751be000 r--p 00013000 08:02 10491578                   /usr/lib/jvm/java-17-openjdk-amd64/lib/libnio.so
7f54751be000-7f54751bf000 rw-p 00014000 08:02 10491578                   /usr/lib/jvm/java-17-openjdk-amd64/lib/libnio.so
7f54751bf000-7f5475200000 rw-p 00000000 00:00 0 
7f5475200000-7f5475228000 r--p 00000000 08:02 10365356                   /usr/lib/x86_64-linux-gnu/libc.so.6
7f5475228000-7f54753bd000 r-xp 00028000 08:02 10365356                   /usr/lib/x86_64-linux-gnu/libc.so.6
7f54753bd000-7f5475415000 r--p 001bd000 08:02 10365356                   /usr/lib/x86_64-linux-gnu/libc.so.6
7f5475415000-7f5475419000 r--p 00214000 08:02 10365356                   /usr/lib/x86_64-linux-gnu/libc.so.6
7f5475419000-7f547541b000 rw-p 00218000 08:02 10365356                   /usr/lib/x86_64-linux-gnu/libc.so.6
7f547541b000-7f5475428000 rw-p 00000000 00:00 0 
7f547542d000-7f547542e000 r--p 00000000 08:02 10491501                   /usr/lib/jvm/java-17-openjdk-amd64/lib/libextnet.so
7f547542e000-7f547542f000 r-xp 00001000 08:02 10491501                   /usr/lib/jvm/java-17-openjdk-amd64/lib/libextnet.so
7f547542f000-7f5475430000 r--p 00002000 08:02 10491501                   /usr/lib/jvm/java-17-openjdk-amd64/lib/libextnet.so
7f5475430000-7f5475431000 r--p 00002000 08:02 10491501                   /usr/lib/jvm/java-17-openjdk-amd64/lib/libextnet.so
7f5475431000-7f5475432000 rw-p 00003000 08:02 10491501                   /usr/lib/jvm/java-17-openjdk-amd64/lib/libextnet.so
7f5475432000-7f5475434000 r--p 00000000 08:02 10491592                   /usr/lib/jvm/java-17-openjdk-amd64/lib/libzip.so
7f5475434000-7f5475439000 r-xp 00002000 08:02 10491592                   /usr/lib/jvm/java-17-openjdk-amd64/lib/libzip.so
7f5475439000-7f547543b000 r--p 00007000 08:02 10491592                   /usr/lib/jvm/java-17-openjdk-amd64/lib/libzip.so
7f547543b000-7f547543c000 r--p 00008000 08:02 10491592                   /usr/lib/jvm/java-17-openjdk-amd64/lib/libzip.so
7f547543c000-7f547543d000 rw-p 00009000 08:02 10491592                   /usr/lib/jvm/java-17-openjdk-amd64/lib/libzip.so
7f547543d000-7f5475484000 rw-p 00000000 00:00 0 
7f5475484000-7f547548b000 ---p 00000000 00:00 0 
7f547548b000-7f5475497000 r--p 00000000 08:02 10491515                   /usr/lib/jvm/java-17-openjdk-amd64/lib/libjava.so
7f5475497000-7f54754aa000 r-xp 0000c000 08:02 10491515                   /usr/lib/jvm/java-17-openjdk-amd64/lib/libjava.so
7f54754aa000-7f54754b0000 r--p 0001f000 08:02 10491515                   /usr/lib/jvm/java-17-openjdk-amd64/lib/libjava.so
7f54754b0000-7f54754b1000 r--p 00024000 08:02 10491515                   /usr/lib/jvm/java-17-openjdk-amd64/lib/libjava.so
7f54754b1000-7f54754b2000 rw-p 00025000 08:02 10491515                   /usr/lib/jvm/java-17-openjdk-amd64/lib/libjava.so
7f54754b2000-7f54754b3000 rw-p 00000000 00:00 0 
7f54754b3000-7f54754b4000 r--p 00000000 08:02 10491505                   /usr/lib/jvm/java-17-openjdk-amd64/lib/libinstrument.so
7f54754b4000-7f54754ba000 r-xp 00001000 08:02 10491505                   /usr/lib/jvm/java-17-openjdk-amd64/lib/libinstrument.so
7f54754ba000-7f54754bd000 r--p 00007000 08:02 10491505                   /usr/lib/jvm/java-17-openjdk-amd64/lib/libinstrument.so
7f54754bd000-7f54754be000 r--p 00009000 08:02 10491505                   /usr/lib/jvm/java-17-openjdk-amd64/lib/libinstrument.so
7f54754be000-7f54754bf000 rw-p 0000a000 08:02 10491505                   /usr/lib/jvm/java-17-openjdk-amd64/lib/libinstrument.so
7f54754bf000-7f54754c2000 r--p 00000000 08:02 10354703                   /usr/lib/x86_64-linux-gnu/libgcc_s.so.1
7f54754c2000-7f54754d9000 r-xp 00003000 08:02 10354703                   /usr/lib/x86_64-linux-gnu/libgcc_s.so.1
7f54754d9000-7f54754dd000 r--p 0001a000 08:02 10354703                   /usr/lib/x86_64-linux-gnu/libgcc_s.so.1
7f54754dd000-7f54754de000 r--p 0001d000 08:02 10354703                   /usr/lib/x86_64-linux-gnu/libgcc_s.so.1
7f54754de000-7f54754df000 rw-p 0001e000 08:02 10354703                   /usr/lib/x86_64-linux-gnu/libgcc_s.so.1
7f54754df000-7f54754ed000 r--p 00000000 08:02 10365361                   /usr/lib/x86_64-linux-gnu/libm.so.6
7f54754ed000-7f5475569000 r-xp 0000e000 08:02 10365361                   /usr/lib/x86_64-linux-gnu/libm.so.6
7f5475569000-7f54755c4000 r--p 0008a000 08:02 10365361                   /usr/lib/x86_64-linux-gnu/libm.so.6
7f54755c4000-7f54755c5000 r--p 000e4000 08:02 10365361                   /usr/lib/x86_64-linux-gnu/libm.so.6
7f54755c5000-7f54755c6000 rw-p 000e5000 08:02 10365361                   /usr/lib/x86_64-linux-gnu/libm.so.6
7f54755c6000-7f54755c9000 rw-p 00000000 00:00 0 
7f54755c9000-7f54755cb000 r--p 00000000 08:02 10354880                   /usr/lib/x86_64-linux-gnu/libz.so.1.2.11
7f54755cb000-7f54755dc000 r-xp 00002000 08:02 10354880                   /usr/lib/x86_64-linux-gnu/libz.so.1.2.11
7f54755dc000-7f54755e2000 r--p 00013000 08:02 10354880                   /usr/lib/x86_64-linux-gnu/libz.so.1.2.11
7f54755e2000-7f54755e3000 ---p 00019000 08:02 10354880                   /usr/lib/x86_64-linux-gnu/libz.so.1.2.11
7f54755e3000-7f54755e4000 r--p 00019000 08:02 10354880                   /usr/lib/x86_64-linux-gnu/libz.so.1.2.11
7f54755e4000-7f54755e5000 rw-p 0001a000 08:02 10354880                   /usr/lib/x86_64-linux-gnu/libz.so.1.2.11
7f54755e7000-7f54755e8000 r-xp 00000000 00:00 0 
7f54755e8000-7f54755f0000 rw-s 00000000 08:02 1966304                    /tmp/hsperfdata_nidhal/780122
7f54755f0000-7f54755f1000 ---p 00000000 00:00 0 
7f54755f1000-7f54755f2000 r--p 00000000 00:00 0 
7f54755f2000-7f54755f4000 r--p 00000000 08:02 10491521                   /usr/lib/jvm/java-17-openjdk-amd64/lib/libjimage.so
7f54755f4000-7f54755f7000 r-xp 00002000 08:02 10491521                   /usr/lib/jvm/java-17-openjdk-amd64/lib/libjimage.so
7f54755f7000-7f54755f8000 r--p 00005000 08:02 10491521                   /usr/lib/jvm/java-17-openjdk-amd64/lib/libjimage.so
7f54755f8000-7f54755f9000 ---p 00006000 08:02 10491521                   /usr/lib/jvm/java-17-openjdk-amd64/lib/libjimage.so
7f54755f9000-7f54755fa000 r--p 00006000 08:02 10491521                   /usr/lib/jvm/java-17-openjdk-amd64/lib/libjimage.so
7f54755fa000-7f54755fb000 rw-p 00007000 08:02 10491521                   /usr/lib/jvm/java-17-openjdk-amd64/lib/libjimage.so
7f54755fb000-7f54755fd000 r--p 00000000 08:02 10491523                   /usr/lib/jvm/java-17-openjdk-amd64/lib/libjli.so
7f54755fd000-7f5475607000 r-xp 00002000 08:02 10491523                   /usr/lib/jvm/java-17-openjdk-amd64/lib/libjli.so
7f5475607000-7f547560a000 r--p 0000c000 08:02 10491523                   /usr/lib/jvm/java-17-openjdk-amd64/lib/libjli.so
7f547560a000-7f547560b000 r--p 0000e000 08:02 10491523                   /usr/lib/jvm/java-17-openjdk-amd64/lib/libjli.so
7f547560b000-7f547560c000 rw-p 0000f000 08:02 10491523                   /usr/lib/jvm/java-17-openjdk-amd64/lib/libjli.so
7f547560c000-7f547560e000 rw-p 00000000 00:00 0 
7f547560e000-7f5475610000 r--p 00000000 08:02 10356375                   /usr/lib/x86_64-linux-gnu/ld-linux-x86-64.so.2
7f5475610000-7f547563a000 r-xp 00002000 08:02 10356375                   /usr/lib/x86_64-linux-gnu/ld-linux-x86-64.so.2
7f547563a000-7f5475645000 r--p 0002c000 08:02 10356375                   /usr/lib/x86_64-linux-gnu/ld-linux-x86-64.so.2
7f5475645000-7f5475646000 ---p 00000000 00:00 0 
7f5475646000-7f5475648000 r--p 00037000 08:02 10356375                   /usr/lib/x86_64-linux-gnu/ld-linux-x86-64.so.2
7f5475648000-7f547564a000 rw-p 00039000 08:02 10356375                   /usr/lib/x86_64-linux-gnu/ld-linux-x86-64.so.2
7ffd26857000-7ffd26879000 rw-p 00000000 00:00 0                          [stack]
7ffd26883000-7ffd26887000 r--p 00000000 00:00 0                          [vvar]
7ffd26887000-7ffd26889000 r-xp 00000000 00:00 0                          [vdso]
ffffffffff600000-ffffffffff601000 --xp 00000000 00:00 0                  [vsyscall]


VM Arguments:
jvm_args: -javaagent:/snap/intellij-idea-ultimate/437/lib/idea_rt.jar=41733:/snap/intellij-idea-ultimate/437/bin -Dfile.encoding=UTF-8 
java_command: tutorials.reading
java_class_path (initial): /home/nidhal/IdeaProjects/JMEOS/target/classes:/home/nidhal/.m2/repository/com/github/jnr/jnr-ffi/2.2.11/jnr-ffi-2.2.11.jar:/home/nidhal/.m2/repository/com/github/jnr/jffi/1.3.9/jffi-1.3.9.jar:/home/nidhal/.m2/repository/com/github/jnr/jffi/1.3.9/jffi-1.3.9-native.jar:/home/nidhal/.m2/repository/org/ow2/asm/asm/9.2/asm-9.2.jar:/home/nidhal/.m2/repository/org/ow2/asm/asm-commons/9.2/asm-commons-9.2.jar:/home/nidhal/.m2/repository/org/ow2/asm/asm-analysis/9.2/asm-analysis-9.2.jar:/home/nidhal/.m2/repository/org/ow2/asm/asm-tree/9.2/asm-tree-9.2.jar:/home/nidhal/.m2/repository/org/ow2/asm/asm-util/9.2/asm-util-9.2.jar:/home/nidhal/.m2/repository/com/github/jnr/jnr-a64asm/1.0.0/jnr-a64asm-1.0.0.jar:/home/nidhal/.m2/repository/com/github/jnr/jnr-x86asm/1.0.2/jnr-x86asm-1.0.2.jar:/home/nidhal/.m2/repository/org/hibernate/orm/hibernate-core/6.2.2.Final/hibernate-core-6.2.2.Final.jar:/home/nidhal/.m2/repository/jakarta/persistence/jakarta.persistence-api/3.1.0/jakarta.persistence-api-3.1.0.jar:/home/nidhal/.m2/repository/jakarta/transaction/jakarta.transaction-api/2.0.1/jakarta.transaction-api-2.0.1.jar:/home/nidhal/.m2/repository/org/jboss/logging/jboss-logging/3.5.0.Final/jboss-logging-3.5.0.Final.jar:/home/nidhal/.m2/repository/org/hibernate/common/hibernate-commons-annotations/6.0.6.Final/hibernate-commons-annotations-6.0.6.Final.jar:/home/nidhal/.m2/repository/io/smallrye/jandex/3.0.5/jandex-3.0.5.jar:/home/nidhal/.m2/repository/com/fasterxml/classmate/1.5.1/classmate-1.5.1.jar:/home/nidhal/.m2/repository/net/bytebuddy/byte-buddy/1.12.18/byte-buddy-1.12.18.jar:/home/nidhal/.m2/repository/jakarta/xml/bind/jakarta.xml.bind-api/4.0.0/jakarta.xml.bind-api-4.0.0.jar:/home/nidhal/.m2/repository/jakarta/activation/jakarta.activation-api/2.1.0/jakarta.activation-api-2.1.0.jar:/home/nidhal/.m2/repository/org/glassfish/jaxb/jaxb-runtime/4.0.2/jaxb-runtime-4.0.2.jar:/home/nidhal/.m2/repository/org/glassfish/jaxb/jaxb-core/4.0.2/jaxb-core-4.0.2.jar:/ho
Launcher Type: SUN_STANDARD

[Global flags]
     intx CICompilerCount                          = 3                                         {product} {ergonomic}
     uint ConcGCThreads                            = 1                                         {product} {ergonomic}
     uint G1ConcRefinementThreads                  = 4                                         {product} {ergonomic}
   size_t G1HeapRegionSize                         = 1048576                                   {product} {ergonomic}
    uintx GCDrainStackTargetSize                   = 64                                        {product} {ergonomic}
   size_t InitialHeapSize                          = 130023424                                 {product} {ergonomic}
   size_t MarkStackSize                            = 4194304                                   {product} {ergonomic}
   size_t MaxHeapSize                              = 2057306112                                {product} {ergonomic}
   size_t MaxNewSize                               = 1234173952                                {product} {ergonomic}
   size_t MinHeapDeltaBytes                        = 1048576                                   {product} {ergonomic}
   size_t MinHeapSize                              = 8388608                                   {product} {ergonomic}
    uintx NonNMethodCodeHeapSize                   = 5832780                                {pd product} {ergonomic}
    uintx NonProfiledCodeHeapSize                  = 122912730                              {pd product} {ergonomic}
    uintx ProfiledCodeHeapSize                     = 122912730                              {pd product} {ergonomic}
    uintx ReservedCodeCacheSize                    = 251658240                              {pd product} {ergonomic}
     bool SegmentedCodeCache                       = true                                      {product} {ergonomic}
   size_t SoftMaxHeapSize                          = 2057306112                             {manageable} {ergonomic}
     bool UseCompressedClassPointers               = true                           {product lp64_product} {ergonomic}
     bool UseCompressedOops                        = true                           {product lp64_product} {ergonomic}
     bool UseG1GC                                  = true                                      {product} {ergonomic}

Logging:
Log output configuration:
 #0: stdout all=warning uptime,level,tags
 #1: stderr all=off uptime,level,tags

Environment Variables:
JAVA_HOME=/opt/jdk-13.0.2
PATH=/home/nidhal/.local/bin:/usr/local/sbin:/usr/local/bin:/usr/sbin:/usr/bin:/sbin:/bin:/usr/games:/usr/local/games:/snap/bin:/snap/bin/opt/jdk-13.0.2/bin
USERNAME=nidhal
SHELL=/bin/bash
DISPLAY=:0
LANG=fr_FR.UTF-8

Active Locale:
LC_ALL=fr_FR.UTF-8
LC_COLLATE=fr_FR.UTF-8
LC_CTYPE=fr_FR.UTF-8
LC_MESSAGES=fr_FR.UTF-8
LC_MONETARY=fr_FR.UTF-8
LC_NUMERIC=fr_FR.UTF-8
LC_TIME=fr_FR.UTF-8

Signal Handlers:
   SIGSEGV: crash_handler in libjvm.so, mask=11100100010111111101111111111110, flags=SA_RESTART|SA_SIGINFO, unblocked
    SIGBUS: crash_handler in libjvm.so, mask=11100100010111111101111111111110, flags=SA_RESTART|SA_SIGINFO, unblocked
    SIGFPE: crash_handler in libjvm.so, mask=11100100010111111101111111111110, flags=SA_RESTART|SA_SIGINFO, unblocked
   SIGPIPE: javaSignalHandler in libjvm.so, mask=11100100010111111101111111111110, flags=SA_RESTART|SA_SIGINFO, blocked
   SIGXFSZ: javaSignalHandler in libjvm.so, mask=11100100010111111101111111111110, flags=SA_RESTART|SA_SIGINFO, blocked
    SIGILL: crash_handler in libjvm.so, mask=11100100010111111101111111111110, flags=SA_RESTART|SA_SIGINFO, unblocked
   SIGUSR2: SR_handler in libjvm.so, mask=00100000000000000000000000000000, flags=SA_RESTART|SA_SIGINFO, blocked
    SIGHUP: UserHandler in libjvm.so, mask=11100100010111111101111111111110, flags=SA_RESTART|SA_SIGINFO, blocked
    SIGINT: UserHandler in libjvm.so, mask=11100100010111111101111111111110, flags=SA_RESTART|SA_SIGINFO, blocked
   SIGTERM: UserHandler in libjvm.so, mask=11100100010111111101111111111110, flags=SA_RESTART|SA_SIGINFO, blocked
   SIGQUIT: UserHandler in libjvm.so, mask=11100100010111111101111111111110, flags=SA_RESTART|SA_SIGINFO, blocked
   SIGTRAP: crash_handler in libjvm.so, mask=11100100010111111101111111111110, flags=SA_RESTART|SA_SIGINFO, unblocked


---------------  S Y S T E M  ---------------

OS:
DISTRIB_ID=Ubuntu
DISTRIB_RELEASE=22.04
DISTRIB_CODENAME=jammy
DISTRIB_DESCRIPTION="Ubuntu 22.04.2 LTS"
uname: Linux 5.19.0-42-generic #43~22.04.1-Ubuntu SMP PREEMPT_DYNAMIC Fri Apr 21 16:51:08 UTC 2 x86_64
OS uptime: 1 days 11:24 hours
libc: glibc 2.35 NPTL 2.35 
rlimit (soft/hard): STACK 8192k/infinity , CORE 0k/infinity , NPROC 31051/31051 , NOFILE 1048576/1048576 , AS infinity/infinity , CPU infinity/infinity , DATA infinity/infinity , FSIZE infinity/infinity , MEMLOCK 1003616k/1003616k
load average: 4,66 3,69 3,23

/proc/meminfo:
MemTotal:        8028956 kB
MemFree:          312232 kB
MemAvailable:    3459272 kB
Buffers:          199092 kB
Cached:          2924256 kB
SwapCached:        21232 kB
Active:          1809904 kB
Inactive:        4943380 kB
Active(anon):     488632 kB
Inactive(anon):  3320616 kB
Active(file):    1321272 kB
Inactive(file):  1622764 kB
Unevictable:       57776 kB
Mlocked:              16 kB
SwapTotal:       2097148 kB
SwapFree:        1871696 kB
Zswap:                 0 kB
Zswapped:              0 kB
Dirty:              7272 kB
Writeback:             0 kB
AnonPages:       3671520 kB
Mapped:           713400 kB
Shmem:            184836 kB
KReclaimable:     508172 kB
Slab:             751728 kB
SReclaimable:     508172 kB
SUnreclaim:       243556 kB
KernelStack:       16400 kB
PageTables:        34504 kB
NFS_Unstable:          0 kB
Bounce:                0 kB
WritebackTmp:          0 kB
CommitLimit:     6111624 kB
Committed_AS:   10096812 kB
VmallocTotal:   34359738367 kB
VmallocUsed:       74828 kB
VmallocChunk:          0 kB
Percpu:             6192 kB
HardwareCorrupted:     0 kB
AnonHugePages:         0 kB
ShmemHugePages:        0 kB
ShmemPmdMapped:        0 kB
FileHugePages:         0 kB
FilePmdMapped:         0 kB
HugePages_Total:       0
HugePages_Free:        0
HugePages_Rsvd:        0
HugePages_Surp:        0
Hugepagesize:       2048 kB
Hugetlb:               0 kB
DirectMap4k:      577304 kB
DirectMap2M:     7700480 kB
DirectMap1G:           0 kB

/sys/kernel/mm/transparent_hugepage/enabled: always [madvise] never
/sys/kernel/mm/transparent_hugepage/defrag (defrag/compaction efforts parameter): always defer defer+madvise [madvise] never

Process Memory:
Virtual Size: 5231652K (peak: 5231652K)
Resident Set Size: 84284K (peak: 84284K) (anon: 45932K, file: 38352K, shmem: 0K)
Swapped out: 0K
C-Heap outstanding allocations: 23882K, retained: 2873K
glibc malloc tunables: (default)

/proc/sys/kernel/threads-max (system-wide limit on the number of threads): 62103
/proc/sys/vm/max_map_count (maximum number of memory map areas a process may have): 65530
/proc/sys/kernel/pid_max (system-wide limit on number of process identifiers): 4194304

container (cgroup) information:
container_type: cgroupv2
cpu_cpuset_cpus: not supported
cpu_memory_nodes: not supported
active_processor_count: 4
cpu_quota: not supported
cpu_period: not supported
cpu_shares: not supported
memory_limit_in_bytes: unlimited
memory_and_swap_limit_in_bytes: unlimited
memory_soft_limit_in_bytes: unlimited
memory_usage_in_bytes: 3486364 k
memory_max_usage_in_bytes: not supported
memory_swap_current_in_bytes: 35272 k
memory_swap_max_limit_in_bytes: unlimited
maximum number of tasks: 9315
current number of tasks: 170

Steal ticks since vm start: 0
Steal ticks percentage since vm start:  0,000

CPU: total 4 (initial active 4) (2 cores per cpu, 2 threads per core) family 6 model 78 stepping 3 microcode 0xf0, cx8, cmov, fxsr, ht, mmx, 3dnowpref, sse, sse2, sse3, ssse3, sse4.1, sse4.2, popcnt, lzcnt, tsc, tscinvbit, avx, avx2, aes, erms, clmul, bmi1, bmi2, adx, fma, vzeroupper, clflush, clflushopt
CPU Model and flags from /proc/cpuinfo:
model name	: Intel(R) Core(TM) i3-6100U CPU @ 2.30GHz
flags		: fpu vme de pse tsc msr pae mce cx8 apic sep mtrr pge mca cmov pat pse36 clflush dts acpi mmx fxsr sse sse2 ss ht tm pbe syscall nx pdpe1gb rdtscp lm constant_tsc art arch_perfmon pebs bts rep_good nopl xtopology nonstop_tsc cpuid aperfmperf pni pclmulqdq dtes64 monitor ds_cpl est tm2 ssse3 sdbg fma cx16 xtpr pdcm pcid sse4_1 sse4_2 x2apic movbe popcnt tsc_deadline_timer aes xsave avx f16c rdrand lahf_lm abm 3dnowprefetch cpuid_fault epb invpcid_single pti ssbd ibrs ibpb stibp fsgsbase tsc_adjust bmi1 avx2 smep bmi2 erms invpcid mpx rdseed adx smap clflushopt intel_pt xsaveopt xsavec xgetbv1 xsaves dtherm ida arat pln pts hwp hwp_notify hwp_act_window hwp_epp md_clear flush_l1d arch_capabilities

Online cpus: 0-3
Offline cpus: 
BIOS frequency limitation: <Not Available>
Frequency switch latency (ns): 0
Available cpu frequencies: <Not Available>
Current governor: powersave
Core performance/turbo boost: <Not Available>

Memory: 4k page, physical 8028956k(311728k free), swap 2097148k(1871696k free)
Page Sizes: 4k

vm_info: OpenJDK 64-Bit Server VM (17.0.7+7-Ubuntu-0ubuntu122.04.2) for linux-amd64 JRE (17.0.7+7-Ubuntu-0ubuntu122.04.2), built on May 10 2023 04:02:16 by "buildd" with gcc 11.3.0

END.
