#
# A fatal error has been detected by the Java Runtime Environment:
#
#  SIGSEGV (0xb) at pc=0x00007efedff0480c, pid=204952, tid=204956
#
# JRE version: OpenJDK Runtime Environment (17.0.7+7) (build 17.0.7+7-Ubuntu-0ubuntu122.04.2)
# Java VM: OpenJDK 64-Bit Server VM (17.0.7+7-Ubuntu-0ubuntu122.04.2, mixed mode, sharing, tiered, compressed oops, compressed class ptrs, g1 gc, linux-amd64)
# Problematic frame:
# V  [libjvm.so+0xf0480c]  Unsafe_GetInt+0x13c
#
# Core dump will be written. Default location: Core dumps may be processed with "/usr/share/apport/apport -p%p -s%s -c%c -d%d -P%P -u%u -g%g -- %E" (or dumping to /home/nidhal/IdeaProjects/JMEOS/core.204952)
#
# If you would like to submit a bug report, please visit:
#   Unknown
#

---------------  S U M M A R Y ------------

Command Line: -javaagent:/snap/intellij-idea-ultimate/437/lib/idea_rt.jar=42543:/snap/intellij-idea-ultimate/437/bin -Dfile.encoding=UTF-8 tutorials.reading

Host: Intel(R) Core(TM) i3-6100U CPU @ 2.30GHz, 4 cores, 7G, Ubuntu 22.04.2 LTS
Time: Mon Jun 26 02:43:02 2023 CEST elapsed time: 2.011738 seconds (0d 0h 0m 2s)

---------------  T H R E A D  ---------------

Current thread (0x00007efed80166d0):  JavaThread "main" [_thread_in_vm, id=204956, stack(0x00007efedef00000,0x00007efedf000000)]

Stack: [0x00007efedef00000,0x00007efedf000000],  sp=0x00007efedeffe620,  free space=1017k
Native frames: (J=compiled Java code, j=interpreted, Vv=VM code, C=native code)
V  [libjvm.so+0xf0480c]  Unsafe_GetInt+0x13c
J 319  jdk.internal.misc.Unsafe.getInt(Ljava/lang/Object;J)I java.base@17.0.7 (0 bytes) @ 0x00007efec8ee3769 [0x00007efec8ee36a0+0x00000000000000c9]
j  jdk.internal.misc.Unsafe.getInt(J)I+3 java.base@17.0.7
j  sun.misc.Unsafe.getInt(J)I+4 jdk.unsupported@17.0.7
j  com.kenai.jffi.UnsafeMemoryIO.getInt(J)I+4
j  jnr.ffi.provider.jffi.DirectMemoryIO.getInt(J)I+9
j  tutorials.reading.main([Ljava/lang/String;)V+425
v  ~StubRoutines::call_stub
V  [libjvm.so+0x833045]  JavaCalls::call_helper(JavaValue*, methodHandle const&, JavaCallArguments*, JavaThread*)+0x325
V  [libjvm.so+0x8cf51a]  jni_invoke_static(JNIEnv_*, JavaValue*, _jobject*, JNICallType, _jmethodID*, JNI_ArgumentPusher*, JavaThread*) [clone .constprop.1]+0x3aa
V  [libjvm.so+0x8d2251]  jni_CallStaticVoidMethod+0x171
C  [libjli.so+0x4a25]  JavaMain+0xd75
C  [libjli.so+0x7fbd]  ThreadJavaMain+0xd

Java frames: (J=compiled Java code, j=interpreted, Vv=VM code)
J 319  jdk.internal.misc.Unsafe.getInt(Ljava/lang/Object;J)I java.base@17.0.7 (0 bytes) @ 0x00007efec8ee36f4 [0x00007efec8ee36a0+0x0000000000000054]
j  jdk.internal.misc.Unsafe.getInt(J)I+3 java.base@17.0.7
j  sun.misc.Unsafe.getInt(J)I+4 jdk.unsupported@17.0.7
j  com.kenai.jffi.UnsafeMemoryIO.getInt(J)I+4
j  jnr.ffi.provider.jffi.DirectMemoryIO.getInt(J)I+9
j  tutorials.reading.main([Ljava/lang/String;)V+425
v  ~StubRoutines::call_stub

siginfo: si_signo: 11 (SIGSEGV), si_code: 128 (SI_KERNEL), si_addr: 0x0000000000000000

Register to memory mapping:

RAX=0x0 is NULL
RBX=0x00025b5728126d80 is an unknown value
RCX=0x00025b5728126d80 is an unknown value
RDX=0x0 is NULL
RSP=0x00007efedeffe620 is pointing into the stack for thread: 0x00007efed80166d0
RBP=0x00007efedeffe640 is pointing into the stack for thread: 0x00007efed80166d0
RSI=0x00007efedeffe650 is pointing into the stack for thread: 0x00007efed80166d0
RDI=0x00007efed8016978 points into unknown readable memory: 0x00007efee03154c0 | c0 54 31 e0 fe 7e 00 00
R8 ={method} {0x0000000800418af8} 'getInt' '(J)I' in 'jdk/internal/misc/Unsafe'
R9 =0x0000000000000002 is an unknown value
R10=0x00007efec8ee36f4 is at entry_point+84 in (nmethod*)0x00007efec8ee3510
R11=0x00007efec8ee36c0 is at entry_point+32 in (nmethod*)0x00007efec8ee3510
R12=0x00007efed80166d0 is a thread
R13=0x0 is NULL
R14=0x00007efedeffe730 is pointing into the stack for thread: 0x00007efed80166d0
R15=0x00007efed80166d0 is a thread


Registers:
RAX=0x0000000000000000, RBX=0x00025b5728126d80, RCX=0x00025b5728126d80, RDX=0x0000000000000000
RSP=0x00007efedeffe620, RBP=0x00007efedeffe640, RSI=0x00007efedeffe650, RDI=0x00007efed8016978
R8 =0x0000000800418af8, R9 =0x0000000000000002, R10=0x00007efec8ee36f4, R11=0x00007efec8ee36c0
R12=0x00007efed80166d0, R13=0x0000000000000000, R14=0x00007efedeffe730, R15=0x00007efed80166d0
RIP=0x00007efedff0480c, EFLAGS=0x0000000000010246, CSGSFS=0x002b000000000033, ERR=0x0000000000000000
  TRAPNO=0x000000000000000d

Top of Stack: (sp=0x00007efedeffe620)
0x00007efedeffe620:   00007efed80166d0 0000000800418b50
0x00007efedeffe630:   0000000000000000 00007efedeffe6a8
0x00007efedeffe640:   00007efedeffe690 00007efec8ee3769
0x00007efedeffe650:   000000008c8d3d90 0000000000000000 

Instructions: (pc=0x00007efedff0480c)
0x00007efedff0470c:   05 00 00 00 f0 83 04 24 00 49 8b 84 24 40 03 00
0x00007efedff0471c:   00 a8 01 0f 85 fb 00 00 00 41 8b 84 24 2c 03 00
0x00007efedff0472c:   00 85 c0 0f 85 ab 00 00 00 41 8b 84 24 28 03 00
0x00007efedff0473c:   00 a8 0c 0f 85 9b 00 00 00 41 c7 84 24 38 03 00
0x00007efedff0474c:   00 06 00 00 00 4d 85 ed 0f 84 a9 00 00 00 41 f6
0x00007efedff0475c:   c5 01 0f 85 8c 00 00 00 4c 89 ef ff 15 a3 a8 40
0x00007efedff0476c:   00 48 85 c0 0f 84 8d 00 00 00 44 8b 2c 18 49 8b
0x00007efedff0477c:   9c 24 e8 00 00 00 48 8b 43 10 48 83 38 00 74 0c
0x00007efedff0478c:   48 89 df e8 7c e4 8b ff 48 8b 43 10 48 8b 53 08
0x00007efedff0479c:   49 8d bc 24 88 02 00 00 48 89 42 10 48 8b 43 08
0x00007efedff047ac:   48 8b 53 18 48 89 50 18 48 8b 43 08 48 8b 53 20
0x00007efedff047bc:   48 89 50 20 e8 db df 7c ff 41 c7 84 24 38 03 00
0x00007efedff047cc:   00 04 00 00 00 48 83 c4 08 44 89 e8 5b 41 5c 41
0x00007efedff047dc:   5d 5d c3 90 31 f6 4c 89 e7 e8 46 0e fd ff e9 56
0x00007efedff047ec:   ff ff ff 90 49 8d 7d ff ff 15 c6 e9 40 00 48 85
0x00007efedff047fc:   c0 0f 85 73 ff ff ff 41 c6 84 24 68 03 00 00 01
0x00007efedff0480c:   44 8b 2b 41 c6 84 24 68 03 00 00 00 e9 5d ff ff
0x00007efedff0481c:   ff 0f 1f 00 be 01 00 00 00 4c 89 e7 e8 23 b8 dd
0x00007efedff0482c:   ff e9 f3 fe ff ff 66 0f 1f 44 00 00 4c 89 e7 45
0x00007efedff0483c:   31 e4 e8 cd b8 fc ff e9 bc fe ff ff 0f 1f 84 00
0x00007efedff0484c:   00 00 00 00 f3 0f 1e fa 55 48 89 e5 41 55 49 89
0x00007efedff0485c:   d5 41 54 4c 8d a7 58 fd ff ff 53 48 89 cb 48 83
0x00007efedff0486c:   ec 08 41 8b 84 24 60 03 00 00 2d ab de 00 00 83
0x00007efedff0487c:   f8 01 0f 87 34 01 00 00 41 c7 84 24 38 03 00 00
0x00007efedff0488c:   05 00 00 00 f0 83 04 24 00 49 8b 84 24 40 03 00
0x00007efedff0489c:   00 a8 01 0f 85 fb 00 00 00 41 8b 84 24 2c 03 00
0x00007efedff048ac:   00 85 c0 0f 85 ab 00 00 00 41 8b 84 24 28 03 00
0x00007efedff048bc:   00 a8 0c 0f 85 9b 00 00 00 41 c7 84 24 38 03 00
0x00007efedff048cc:   00 06 00 00 00 4d 85 ed 0f 84 a9 00 00 00 41 f6
0x00007efedff048dc:   c5 01 0f 85 8c 00 00 00 4c 89 ef ff 15 23 a7 40
0x00007efedff048ec:   00 48 85 c0 0f 84 8d 00 00 00 44 0f b7 2c 18 49
0x00007efedff048fc:   8b 9c 24 e8 00 00 00 48 8b 43 10 48 83 38 00 74 


Stack slot to memory mapping:
stack at sp + 0 slots: 0x00007efed80166d0 is a thread
stack at sp + 1 slots: {method} {0x0000000800418b50} 'getInt' '(Ljava/lang/Object;J)I' in 'jdk/internal/misc/Unsafe'
stack at sp + 2 slots: 0x0 is NULL
stack at sp + 3 slots: 0x00007efedeffe6a8 is pointing into the stack for thread: 0x00007efed80166d0
stack at sp + 4 slots: 0x00007efedeffe690 is pointing into the stack for thread: 0x00007efed80166d0
stack at sp + 5 slots: 0x00007efec8ee3769 is at entry_point+201 in (nmethod*)0x00007efec8ee3510
stack at sp + 6 slots: 0x000000008c8d3d90 is an oop: jdk.internal.misc.Unsafe 
{0x000000008c8d3d90} - klass: 'jdk/internal/misc/Unsafe'
 - ---- fields (total size 2 words):
stack at sp + 7 slots: 0x0 is NULL


---------------  P R O C E S S  ---------------

Threads class SMR info:
_java_thread_list=0x00007efe8c001f70, length=13, elements={
0x00007efed80166d0, 0x00007efed8115480, 0x00007efed8116860, 0x00007efed811c010,
0x00007efed811d3c0, 0x00007efed811e7d0, 0x00007efed8120180, 0x00007efed81216b0,
0x00007efed8122b20, 0x00007efed812e250, 0x00007efed82206d0, 0x00007efed8221e00,
0x00007efe8c000fe0
}

Java Threads: ( => current thread )
=>0x00007efed80166d0 JavaThread "main" [_thread_in_vm, id=204956, stack(0x00007efedef00000,0x00007efedf000000)]
  0x00007efed8115480 JavaThread "Reference Handler" daemon [_thread_blocked, id=204968, stack(0x00007efedce4b000,0x00007efedcf4b000)]
  0x00007efed8116860 JavaThread "Finalizer" daemon [_thread_blocked, id=204969, stack(0x00007efedcd4b000,0x00007efedce4b000)]
  0x00007efed811c010 JavaThread "Signal Dispatcher" daemon [_thread_blocked, id=204970, stack(0x00007efedcc4b000,0x00007efedcd4b000)]
  0x00007efed811d3c0 JavaThread "Service Thread" daemon [_thread_blocked, id=204972, stack(0x00007efedc300000,0x00007efedc400000)]
  0x00007efed811e7d0 JavaThread "Monitor Deflation Thread" daemon [_thread_blocked, id=204973, stack(0x00007efedc200000,0x00007efedc300000)]
  0x00007efed8120180 JavaThread "C2 CompilerThread0" daemon [_thread_in_native, id=204974, stack(0x00007efedc100000,0x00007efedc200000)]
  0x00007efed81216b0 JavaThread "C1 CompilerThread0" daemon [_thread_blocked, id=204975, stack(0x00007efedc000000,0x00007efedc100000)]
  0x00007efed8122b20 JavaThread "Sweeper thread" daemon [_thread_blocked, id=204979, stack(0x00007efed7f00000,0x00007efed8000000)]
  0x00007efed812e250 JavaThread "Common-Cleaner" daemon [_thread_blocked, id=204985, stack(0x00007efebd5d0000,0x00007efebd6d0000)]
  0x00007efed82206d0 JavaThread "Monitor Ctrl-Break" daemon [_thread_in_native, id=205004, stack(0x00007efebd4d0000,0x00007efebd5d0000)]
  0x00007efed8221e00 JavaThread "Notification Thread" daemon [_thread_blocked, id=205005, stack(0x00007efebd3d0000,0x00007efebd4d0000)]
  0x00007efe8c000fe0 JavaThread "Attach Listener" daemon [_thread_blocked, id=205011, stack(0x00007efebcf00000,0x00007efebd000000)]

Other Threads:
  0x00007efed81113d0 VMThread "VM Thread" [stack: 0x00007efedcf4d000,0x00007efedd04d000] [id=204967]
  0x00007efed80190d0 WatcherThread [stack: 0x00007efebd2d0000,0x00007efebd3d0000] [id=205006]
  0x00007efed806fbc0 GCTaskThread "GC Thread#0" [stack: 0x00007efedd9ad000,0x00007efeddaad000] [id=204957]
  0x00007efe9c0051c0 GCTaskThread "GC Thread#1" [stack: 0x00007efead38e000,0x00007efead48e000] [id=205022]
  0x00007efe9c005c40 GCTaskThread "GC Thread#2" [stack: 0x00007efead28c000,0x00007efead38c000] [id=205024]
  0x00007efe9c00bc50 GCTaskThread "GC Thread#3" [stack: 0x00007efead18a000,0x00007efead28a000] [id=205030]
  0x00007efed8080660 ConcurrentGCThread "G1 Main Marker" [stack: 0x00007efedd8ab000,0x00007efedd9ab000] [id=204958]
  0x00007efed80815c0 ConcurrentGCThread "G1 Conc#0" [stack: 0x00007efedd7a9000,0x00007efedd8a9000] [id=204959]
  0x00007efed80e5cb0 ConcurrentGCThread "G1 Refine#0" [stack: 0x00007efedd2a3000,0x00007efedd3a3000] [id=204965]
  0x00007efed80e6ba0 ConcurrentGCThread "G1 Service" [stack: 0x00007efedd1a1000,0x00007efedd2a1000] [id=204966]

Threads with active compile tasks:
C2 CompilerThread0     2023  860 %     4       java.util.regex.Pattern$CharPropertyGreedy::match @ 12 (160 bytes)

VM state: not at safepoint (normal execution)

VM Mutex/Monitor currently owned by a thread: None

Heap address: 0x0000000085a00000, size: 1958 MB, Compressed Oops mode: 32-bit

CDS archive(s) mapped at: [0x0000000800000000-0x0000000800be2000-0x0000000800be2000), size 12460032, SharedBaseAddress: 0x0000000800000000, ArchiveRelocationMode: 0.
Compressed class space mapped at: 0x0000000801000000-0x0000000841000000, reserved size: 1073741824
Narrow klass base: 0x0000000800000000, Narrow klass shift: 0, Narrow klass range: 0x100000000

GC Precious Log:
 CPUs: 4 total, 4 available
 Memory: 7828M
 Large Page Support: Disabled
 NUMA Support: Disabled
 Compressed Oops: Enabled (32-bit)
 Heap Region Size: 1M
 Heap Min Capacity: 8M
 Heap Initial Capacity: 124M
 Heap Max Capacity: 1958M
 Pre-touch: Disabled
 Parallel Workers: 4
 Concurrent Workers: 1
 Concurrent Refinement Workers: 4
 Periodic GC: Disabled

Heap:
 garbage-first heap   total 129024K, used 7082K [0x0000000085a00000, 0x0000000100000000)
  region size 1024K, 5 young (5120K), 2 survivors (2048K)
 Metaspace       used 5137K, committed 5248K, reserved 1114112K
  class space    used 492K, committed 512K, reserved 1048576K

Heap Regions: E=young(eden), S=young(survivor), O=old, HS=humongous(starts), HC=humongous(continues), CS=collection set, F=free, OA=open archive, CA=closed archive, TAMS=top-at-mark-start (previous, next)
|   0|0x0000000085a00000, 0x0000000085b00000, 0x0000000085b00000|100%|HS|  |TAMS 0x0000000085a00000, 0x0000000085a00000| Complete 
|   1|0x0000000085b00000, 0x0000000085bf2a00, 0x0000000085c00000| 94%| O|  |TAMS 0x0000000085b00000, 0x0000000085b00000| Untracked 
|   2|0x0000000085c00000, 0x0000000085c00000, 0x0000000085d00000|  0%| F|  |TAMS 0x0000000085c00000, 0x0000000085c00000| Untracked 
|   3|0x0000000085d00000, 0x0000000085d00000, 0x0000000085e00000|  0%| F|  |TAMS 0x0000000085d00000, 0x0000000085d00000| Untracked 
|   4|0x0000000085e00000, 0x0000000085e00000, 0x0000000085f00000|  0%| F|  |TAMS 0x0000000085e00000, 0x0000000085e00000| Untracked 
|   5|0x0000000085f00000, 0x0000000085f00000, 0x0000000086000000|  0%| F|  |TAMS 0x0000000085f00000, 0x0000000085f00000| Untracked 
|   6|0x0000000086000000, 0x0000000086000000, 0x0000000086100000|  0%| F|  |TAMS 0x0000000086000000, 0x0000000086000000| Untracked 
|   7|0x0000000086100000, 0x0000000086100000, 0x0000000086200000|  0%| F|  |TAMS 0x0000000086100000, 0x0000000086100000| Untracked 
|   8|0x0000000086200000, 0x0000000086200000, 0x0000000086300000|  0%| F|  |TAMS 0x0000000086200000, 0x0000000086200000| Untracked 
|   9|0x0000000086300000, 0x0000000086300000, 0x0000000086400000|  0%| F|  |TAMS 0x0000000086300000, 0x0000000086300000| Untracked 
|  10|0x0000000086400000, 0x0000000086400000, 0x0000000086500000|  0%| F|  |TAMS 0x0000000086400000, 0x0000000086400000| Untracked 
|  11|0x0000000086500000, 0x0000000086500000, 0x0000000086600000|  0%| F|  |TAMS 0x0000000086500000, 0x0000000086500000| Untracked 
|  12|0x0000000086600000, 0x0000000086600000, 0x0000000086700000|  0%| F|  |TAMS 0x0000000086600000, 0x0000000086600000| Untracked 
|  13|0x0000000086700000, 0x0000000086700000, 0x0000000086800000|  0%| F|  |TAMS 0x0000000086700000, 0x0000000086700000| Untracked 
|  14|0x0000000086800000, 0x0000000086800000, 0x0000000086900000|  0%| F|  |TAMS 0x0000000086800000, 0x0000000086800000| Untracked 
|  15|0x0000000086900000, 0x0000000086900000, 0x0000000086a00000|  0%| F|  |TAMS 0x0000000086900000, 0x0000000086900000| Untracked 
|  16|0x0000000086a00000, 0x0000000086a00000, 0x0000000086b00000|  0%| F|  |TAMS 0x0000000086a00000, 0x0000000086a00000| Untracked 
|  17|0x0000000086b00000, 0x0000000086b00000, 0x0000000086c00000|  0%| F|  |TAMS 0x0000000086b00000, 0x0000000086b00000| Untracked 
|  18|0x0000000086c00000, 0x0000000086c00000, 0x0000000086d00000|  0%| F|  |TAMS 0x0000000086c00000, 0x0000000086c00000| Untracked 
|  19|0x0000000086d00000, 0x0000000086d00000, 0x0000000086e00000|  0%| F|  |TAMS 0x0000000086d00000, 0x0000000086d00000| Untracked 
|  20|0x0000000086e00000, 0x0000000086e00000, 0x0000000086f00000|  0%| F|  |TAMS 0x0000000086e00000, 0x0000000086e00000| Untracked 
|  21|0x0000000086f00000, 0x0000000086f00000, 0x0000000087000000|  0%| F|  |TAMS 0x0000000086f00000, 0x0000000086f00000| Untracked 
|  22|0x0000000087000000, 0x0000000087000000, 0x0000000087100000|  0%| F|  |TAMS 0x0000000087000000, 0x0000000087000000| Untracked 
|  23|0x0000000087100000, 0x0000000087100000, 0x0000000087200000|  0%| F|  |TAMS 0x0000000087100000, 0x0000000087100000| Untracked 
|  24|0x0000000087200000, 0x0000000087200000, 0x0000000087300000|  0%| F|  |TAMS 0x0000000087200000, 0x0000000087200000| Untracked 
|  25|0x0000000087300000, 0x0000000087300000, 0x0000000087400000|  0%| F|  |TAMS 0x0000000087300000, 0x0000000087300000| Untracked 
|  26|0x0000000087400000, 0x0000000087400000, 0x0000000087500000|  0%| F|  |TAMS 0x0000000087400000, 0x0000000087400000| Untracked 
|  27|0x0000000087500000, 0x0000000087500000, 0x0000000087600000|  0%| F|  |TAMS 0x0000000087500000, 0x0000000087500000| Untracked 
|  28|0x0000000087600000, 0x0000000087600000, 0x0000000087700000|  0%| F|  |TAMS 0x0000000087600000, 0x0000000087600000| Untracked 
|  29|0x0000000087700000, 0x0000000087700000, 0x0000000087800000|  0%| F|  |TAMS 0x0000000087700000, 0x0000000087700000| Untracked 
|  30|0x0000000087800000, 0x0000000087800000, 0x0000000087900000|  0%| F|  |TAMS 0x0000000087800000, 0x0000000087800000| Untracked 
|  31|0x0000000087900000, 0x0000000087900000, 0x0000000087a00000|  0%| F|  |TAMS 0x0000000087900000, 0x0000000087900000| Untracked 
|  32|0x0000000087a00000, 0x0000000087a00000, 0x0000000087b00000|  0%| F|  |TAMS 0x0000000087a00000, 0x0000000087a00000| Untracked 
|  33|0x0000000087b00000, 0x0000000087b00000, 0x0000000087c00000|  0%| F|  |TAMS 0x0000000087b00000, 0x0000000087b00000| Untracked 
|  34|0x0000000087c00000, 0x0000000087c00000, 0x0000000087d00000|  0%| F|  |TAMS 0x0000000087c00000, 0x0000000087c00000| Untracked 
|  35|0x0000000087d00000, 0x0000000087d00000, 0x0000000087e00000|  0%| F|  |TAMS 0x0000000087d00000, 0x0000000087d00000| Untracked 
|  36|0x0000000087e00000, 0x0000000087e00000, 0x0000000087f00000|  0%| F|  |TAMS 0x0000000087e00000, 0x0000000087e00000| Untracked 
|  37|0x0000000087f00000, 0x0000000087f00000, 0x0000000088000000|  0%| F|  |TAMS 0x0000000087f00000, 0x0000000087f00000| Untracked 
|  38|0x0000000088000000, 0x0000000088000000, 0x0000000088100000|  0%| F|  |TAMS 0x0000000088000000, 0x0000000088000000| Untracked 
|  39|0x0000000088100000, 0x0000000088100000, 0x0000000088200000|  0%| F|  |TAMS 0x0000000088100000, 0x0000000088100000| Untracked 
|  40|0x0000000088200000, 0x0000000088200000, 0x0000000088300000|  0%| F|  |TAMS 0x0000000088200000, 0x0000000088200000| Untracked 
|  41|0x0000000088300000, 0x0000000088300000, 0x0000000088400000|  0%| F|  |TAMS 0x0000000088300000, 0x0000000088300000| Untracked 
|  42|0x0000000088400000, 0x0000000088400000, 0x0000000088500000|  0%| F|  |TAMS 0x0000000088400000, 0x0000000088400000| Untracked 
|  43|0x0000000088500000, 0x0000000088500000, 0x0000000088600000|  0%| F|  |TAMS 0x0000000088500000, 0x0000000088500000| Untracked 
|  44|0x0000000088600000, 0x0000000088600000, 0x0000000088700000|  0%| F|  |TAMS 0x0000000088600000, 0x0000000088600000| Untracked 
|  45|0x0000000088700000, 0x0000000088700000, 0x0000000088800000|  0%| F|  |TAMS 0x0000000088700000, 0x0000000088700000| Untracked 
|  46|0x0000000088800000, 0x0000000088800000, 0x0000000088900000|  0%| F|  |TAMS 0x0000000088800000, 0x0000000088800000| Untracked 
|  47|0x0000000088900000, 0x0000000088900000, 0x0000000088a00000|  0%| F|  |TAMS 0x0000000088900000, 0x0000000088900000| Untracked 
|  48|0x0000000088a00000, 0x0000000088a00000, 0x0000000088b00000|  0%| F|  |TAMS 0x0000000088a00000, 0x0000000088a00000| Untracked 
|  49|0x0000000088b00000, 0x0000000088b00000, 0x0000000088c00000|  0%| F|  |TAMS 0x0000000088b00000, 0x0000000088b00000| Untracked 
|  50|0x0000000088c00000, 0x0000000088c00000, 0x0000000088d00000|  0%| F|  |TAMS 0x0000000088c00000, 0x0000000088c00000| Untracked 
|  51|0x0000000088d00000, 0x0000000088d00000, 0x0000000088e00000|  0%| F|  |TAMS 0x0000000088d00000, 0x0000000088d00000| Untracked 
|  52|0x0000000088e00000, 0x0000000088e00000, 0x0000000088f00000|  0%| F|  |TAMS 0x0000000088e00000, 0x0000000088e00000| Untracked 
|  53|0x0000000088f00000, 0x0000000088f00000, 0x0000000089000000|  0%| F|  |TAMS 0x0000000088f00000, 0x0000000088f00000| Untracked 
|  54|0x0000000089000000, 0x0000000089000000, 0x0000000089100000|  0%| F|  |TAMS 0x0000000089000000, 0x0000000089000000| Untracked 
|  55|0x0000000089100000, 0x0000000089100000, 0x0000000089200000|  0%| F|  |TAMS 0x0000000089100000, 0x0000000089100000| Untracked 
|  56|0x0000000089200000, 0x0000000089200000, 0x0000000089300000|  0%| F|  |TAMS 0x0000000089200000, 0x0000000089200000| Untracked 
|  57|0x0000000089300000, 0x0000000089300000, 0x0000000089400000|  0%| F|  |TAMS 0x0000000089300000, 0x0000000089300000| Untracked 
|  58|0x0000000089400000, 0x0000000089400000, 0x0000000089500000|  0%| F|  |TAMS 0x0000000089400000, 0x0000000089400000| Untracked 
|  59|0x0000000089500000, 0x0000000089500000, 0x0000000089600000|  0%| F|  |TAMS 0x0000000089500000, 0x0000000089500000| Untracked 
|  60|0x0000000089600000, 0x0000000089600000, 0x0000000089700000|  0%| F|  |TAMS 0x0000000089600000, 0x0000000089600000| Untracked 
|  61|0x0000000089700000, 0x0000000089700000, 0x0000000089800000|  0%| F|  |TAMS 0x0000000089700000, 0x0000000089700000| Untracked 
|  62|0x0000000089800000, 0x0000000089800000, 0x0000000089900000|  0%| F|  |TAMS 0x0000000089800000, 0x0000000089800000| Untracked 
|  63|0x0000000089900000, 0x0000000089900000, 0x0000000089a00000|  0%| F|  |TAMS 0x0000000089900000, 0x0000000089900000| Untracked 
|  64|0x0000000089a00000, 0x0000000089a00000, 0x0000000089b00000|  0%| F|  |TAMS 0x0000000089a00000, 0x0000000089a00000| Untracked 
|  65|0x0000000089b00000, 0x0000000089b00000, 0x0000000089c00000|  0%| F|  |TAMS 0x0000000089b00000, 0x0000000089b00000| Untracked 
|  66|0x0000000089c00000, 0x0000000089c00000, 0x0000000089d00000|  0%| F|  |TAMS 0x0000000089c00000, 0x0000000089c00000| Untracked 
|  67|0x0000000089d00000, 0x0000000089d00000, 0x0000000089e00000|  0%| F|  |TAMS 0x0000000089d00000, 0x0000000089d00000| Untracked 
|  68|0x0000000089e00000, 0x0000000089e00000, 0x0000000089f00000|  0%| F|  |TAMS 0x0000000089e00000, 0x0000000089e00000| Untracked 
|  69|0x0000000089f00000, 0x0000000089f00000, 0x000000008a000000|  0%| F|  |TAMS 0x0000000089f00000, 0x0000000089f00000| Untracked 
|  70|0x000000008a000000, 0x000000008a000000, 0x000000008a100000|  0%| F|  |TAMS 0x000000008a000000, 0x000000008a000000| Untracked 
|  71|0x000000008a100000, 0x000000008a100000, 0x000000008a200000|  0%| F|  |TAMS 0x000000008a100000, 0x000000008a100000| Untracked 
|  72|0x000000008a200000, 0x000000008a200000, 0x000000008a300000|  0%| F|  |TAMS 0x000000008a200000, 0x000000008a200000| Untracked 
|  73|0x000000008a300000, 0x000000008a300000, 0x000000008a400000|  0%| F|  |TAMS 0x000000008a300000, 0x000000008a300000| Untracked 
|  74|0x000000008a400000, 0x000000008a400000, 0x000000008a500000|  0%| F|  |TAMS 0x000000008a400000, 0x000000008a400000| Untracked 
|  75|0x000000008a500000, 0x000000008a500000, 0x000000008a600000|  0%| F|  |TAMS 0x000000008a500000, 0x000000008a500000| Untracked 
|  76|0x000000008a600000, 0x000000008a600000, 0x000000008a700000|  0%| F|  |TAMS 0x000000008a600000, 0x000000008a600000| Untracked 
|  77|0x000000008a700000, 0x000000008a700000, 0x000000008a800000|  0%| F|  |TAMS 0x000000008a700000, 0x000000008a700000| Untracked 
|  78|0x000000008a800000, 0x000000008a800000, 0x000000008a900000|  0%| F|  |TAMS 0x000000008a800000, 0x000000008a800000| Untracked 
|  79|0x000000008a900000, 0x000000008a900000, 0x000000008aa00000|  0%| F|  |TAMS 0x000000008a900000, 0x000000008a900000| Untracked 
|  80|0x000000008aa00000, 0x000000008aa00000, 0x000000008ab00000|  0%| F|  |TAMS 0x000000008aa00000, 0x000000008aa00000| Untracked 
|  81|0x000000008ab00000, 0x000000008ab00000, 0x000000008ac00000|  0%| F|  |TAMS 0x000000008ab00000, 0x000000008ab00000| Untracked 
|  82|0x000000008ac00000, 0x000000008ac00000, 0x000000008ad00000|  0%| F|  |TAMS 0x000000008ac00000, 0x000000008ac00000| Untracked 
|  83|0x000000008ad00000, 0x000000008ad00000, 0x000000008ae00000|  0%| F|  |TAMS 0x000000008ad00000, 0x000000008ad00000| Untracked 
|  84|0x000000008ae00000, 0x000000008ae00000, 0x000000008af00000|  0%| F|  |TAMS 0x000000008ae00000, 0x000000008ae00000| Untracked 
|  85|0x000000008af00000, 0x000000008af00000, 0x000000008b000000|  0%| F|  |TAMS 0x000000008af00000, 0x000000008af00000| Untracked 
|  86|0x000000008b000000, 0x000000008b000000, 0x000000008b100000|  0%| F|  |TAMS 0x000000008b000000, 0x000000008b000000| Untracked 
|  87|0x000000008b100000, 0x000000008b100000, 0x000000008b200000|  0%| F|  |TAMS 0x000000008b100000, 0x000000008b100000| Untracked 
|  88|0x000000008b200000, 0x000000008b200000, 0x000000008b300000|  0%| F|  |TAMS 0x000000008b200000, 0x000000008b200000| Untracked 
|  89|0x000000008b300000, 0x000000008b300000, 0x000000008b400000|  0%| F|  |TAMS 0x000000008b300000, 0x000000008b300000| Untracked 
|  90|0x000000008b400000, 0x000000008b400000, 0x000000008b500000|  0%| F|  |TAMS 0x000000008b400000, 0x000000008b400000| Untracked 
|  91|0x000000008b500000, 0x000000008b500000, 0x000000008b600000|  0%| F|  |TAMS 0x000000008b500000, 0x000000008b500000| Untracked 
|  92|0x000000008b600000, 0x000000008b600000, 0x000000008b700000|  0%| F|  |TAMS 0x000000008b600000, 0x000000008b600000| Untracked 
|  93|0x000000008b700000, 0x000000008b700000, 0x000000008b800000|  0%| F|  |TAMS 0x000000008b700000, 0x000000008b700000| Untracked 
|  94|0x000000008b800000, 0x000000008b800000, 0x000000008b900000|  0%| F|  |TAMS 0x000000008b800000, 0x000000008b800000| Untracked 
|  95|0x000000008b900000, 0x000000008b900000, 0x000000008ba00000|  0%| F|  |TAMS 0x000000008b900000, 0x000000008b900000| Untracked 
|  96|0x000000008ba00000, 0x000000008ba00000, 0x000000008bb00000|  0%| F|  |TAMS 0x000000008ba00000, 0x000000008ba00000| Untracked 
|  97|0x000000008bb00000, 0x000000008bb00000, 0x000000008bc00000|  0%| F|  |TAMS 0x000000008bb00000, 0x000000008bb00000| Untracked 
|  98|0x000000008bc00000, 0x000000008bc00000, 0x000000008bd00000|  0%| F|  |TAMS 0x000000008bc00000, 0x000000008bc00000| Untracked 
|  99|0x000000008bd00000, 0x000000008bd00000, 0x000000008be00000|  0%| F|  |TAMS 0x000000008bd00000, 0x000000008bd00000| Untracked 
| 100|0x000000008be00000, 0x000000008be00000, 0x000000008bf00000|  0%| F|  |TAMS 0x000000008be00000, 0x000000008be00000| Untracked 
| 101|0x000000008bf00000, 0x000000008bf00000, 0x000000008c000000|  0%| F|  |TAMS 0x000000008bf00000, 0x000000008bf00000| Untracked 
| 102|0x000000008c000000, 0x000000008c000000, 0x000000008c100000|  0%| F|  |TAMS 0x000000008c000000, 0x000000008c000000| Untracked 
| 103|0x000000008c100000, 0x000000008c100000, 0x000000008c200000|  0%| F|  |TAMS 0x000000008c100000, 0x000000008c100000| Untracked 
| 104|0x000000008c200000, 0x000000008c200000, 0x000000008c300000|  0%| F|  |TAMS 0x000000008c200000, 0x000000008c200000| Untracked 
| 105|0x000000008c300000, 0x000000008c300000, 0x000000008c400000|  0%| F|  |TAMS 0x000000008c300000, 0x000000008c300000| Untracked 
| 106|0x000000008c400000, 0x000000008c400000, 0x000000008c500000|  0%| F|  |TAMS 0x000000008c400000, 0x000000008c400000| Untracked 
| 107|0x000000008c500000, 0x000000008c500000, 0x000000008c600000|  0%| F|  |TAMS 0x000000008c500000, 0x000000008c500000| Untracked 
| 108|0x000000008c600000, 0x000000008c600000, 0x000000008c700000|  0%| F|  |TAMS 0x000000008c600000, 0x000000008c600000| Untracked 
| 109|0x000000008c700000, 0x000000008c800000, 0x000000008c800000|100%| S|CS|TAMS 0x000000008c700000, 0x000000008c700000| Complete 
| 110|0x000000008c800000, 0x000000008c900000, 0x000000008c900000|100%| S|CS|TAMS 0x000000008c800000, 0x000000008c800000| Complete 
| 111|0x000000008c900000, 0x000000008c900000, 0x000000008ca00000|  0%| F|  |TAMS 0x000000008c900000, 0x000000008c900000| Untracked 
| 112|0x000000008ca00000, 0x000000008ca00000, 0x000000008cb00000|  0%| F|  |TAMS 0x000000008ca00000, 0x000000008ca00000| Untracked 
| 113|0x000000008cb00000, 0x000000008cb00000, 0x000000008cc00000|  0%| F|  |TAMS 0x000000008cb00000, 0x000000008cb00000| Untracked 
| 114|0x000000008cc00000, 0x000000008cc00000, 0x000000008cd00000|  0%| F|  |TAMS 0x000000008cc00000, 0x000000008cc00000| Untracked 
| 115|0x000000008cd00000, 0x000000008cd00000, 0x000000008ce00000|  0%| F|  |TAMS 0x000000008cd00000, 0x000000008cd00000| Untracked 
| 116|0x000000008ce00000, 0x000000008ce00000, 0x000000008cf00000|  0%| F|  |TAMS 0x000000008ce00000, 0x000000008ce00000| Untracked 
| 117|0x000000008cf00000, 0x000000008cf00000, 0x000000008d000000|  0%| F|  |TAMS 0x000000008cf00000, 0x000000008cf00000| Untracked 
| 118|0x000000008d000000, 0x000000008d000000, 0x000000008d100000|  0%| F|  |TAMS 0x000000008d000000, 0x000000008d000000| Untracked 
| 119|0x000000008d100000, 0x000000008d100000, 0x000000008d200000|  0%| F|  |TAMS 0x000000008d100000, 0x000000008d100000| Untracked 
| 120|0x000000008d200000, 0x000000008d200000, 0x000000008d300000|  0%| F|  |TAMS 0x000000008d200000, 0x000000008d200000| Untracked 
| 121|0x000000008d300000, 0x000000008d400000, 0x000000008d400000|100%| E|  |TAMS 0x000000008d300000, 0x000000008d300000| Complete 
| 122|0x000000008d400000, 0x000000008d500000, 0x000000008d500000|100%| E|CS|TAMS 0x000000008d400000, 0x000000008d400000| Complete 
| 123|0x000000008d500000, 0x000000008d600000, 0x000000008d600000|100%| E|CS|TAMS 0x000000008d500000, 0x000000008d500000| Complete 
|1956|0x00000000ffe00000, 0x00000000ffe76000, 0x00000000fff00000| 46%|OA|  |TAMS 0x00000000ffe00000, 0x00000000ffe00000| Untracked 
|1957|0x00000000fff00000, 0x00000000fff82000, 0x0000000100000000| 50%|CA|  |TAMS 0x00000000fff00000, 0x00000000fff00000| Untracked 

Card table byte_map: [0x00007efedde80000,0x00007efede253000] _byte_map_base: 0x00007efedda53000

Marking Bits (Prev, Next): (CMBitMap*) 0x00007efed8070640, (CMBitMap*) 0x00007efed8070680
 Prev Bits: [0x00007efebf568000, 0x00007efec1400000)
 Next Bits: [0x00007efebd6d0000, 0x00007efebf568000)

Polling page: 0x00007efee080a000

Metaspace:

Usage:
  Non-class:      4,54 MB used.
      Class:    492,67 KB used.
       Both:      5,02 MB used.

Virtual space:
  Non-class space:       64,00 MB reserved,       4,62 MB (  7%) committed,  1 nodes.
      Class space:        1,00 GB reserved,     512,00 KB ( <1%) committed,  1 nodes.
             Both:        1,06 GB reserved,       5,12 MB ( <1%) committed. 

Chunk freelists:
   Non-Class:  9,97 MB
       Class:  15,50 MB
        Both:  25,47 MB

MaxMetaspaceSize: unlimited
CompressedClassSpaceSize: 1,00 GB
Initial GC threshold: 21,00 MB
Current GC threshold: 21,00 MB
CDS: on
MetaspaceReclaimPolicy: balanced
 - commit_granule_bytes: 65536.
 - commit_granule_words: 8192.
 - virtual_space_node_default_size: 8388608.
 - enlarge_chunks_in_place: 1.
 - new_chunks_are_fully_committed: 0.
 - uncommit_free_chunks: 1.
 - use_allocation_guard: 0.
 - handle_deallocations: 1.


Internal statistics:

num_allocs_failed_limit: 0.
num_arena_births: 22.
num_arena_deaths: 0.
num_vsnodes_births: 2.
num_vsnodes_deaths: 0.
num_space_committed: 82.
num_space_uncommitted: 0.
num_chunks_returned_to_freelist: 0.
num_chunks_taken_from_freelist: 129.
num_chunk_merges: 0.
num_chunk_splits: 87.
num_chunks_enlarged: 66.
num_inconsistent_stats: 0.

CodeHeap 'non-profiled nmethods': size=120032Kb used=249Kb max_used=249Kb free=119782Kb
 bounds [0x00007efec8ec8000, 0x00007efec9138000, 0x00007efed0400000]
CodeHeap 'profiled nmethods': size=120028Kb used=1506Kb max_used=1506Kb free=118521Kb
 bounds [0x00007efec1400000, 0x00007efec1670000, 0x00007efec8937000]
CodeHeap 'non-nmethods': size=5700Kb used=1241Kb max_used=1255Kb free=4458Kb
 bounds [0x00007efec8937000, 0x00007efec8ba7000, 0x00007efec8ec8000]
 total_blobs=1415 nmethods=862 adapters=467
 compilation: enabled
              stopped_count=0, restarted_count=0
 full_count=0

Compilation events (20 events):
Event: 1,973 Thread 0x00007efed81216b0  852       3       java.util.Scanner::nextLine (99 bytes)
Event: 1,974 Thread 0x00007efed81216b0 nmethod 852 0x00007efec1572510 code [0x00007efec15727e0, 0x00007efec1573540]
Event: 1,974 Thread 0x00007efed81216b0  853       3       com.kenai.jffi.ObjectParameterStrategy::objectInfo (24 bytes)
Event: 1,975 Thread 0x00007efed81216b0 nmethod 853 0x00007efec1573a10 code [0x00007efec1573bc0, 0x00007efec1573d50]
Event: 1,975 Thread 0x00007efed81216b0  854       3       function.functions::pg_timestamp_in (11 bytes)
Event: 1,975 Thread 0x00007efed81216b0 nmethod 854 0x00007efec1573e10 code [0x00007efec1573fc0, 0x00007efec15740e0]
Event: 1,975 Thread 0x00007efed81216b0  856       3       jnr.ffi.provider.converters.CharSequenceParameterConverter::toNative (160 bytes)
Event: 1,977 Thread 0x00007efed81216b0 nmethod 856 0x00007efec1574190 code [0x00007efec1574500, 0x00007efec1575c00]
Event: 1,977 Thread 0x00007efed81216b0  857       3       jnr.ffi.provider.converters.StringUtil::getEncoder (42 bytes)
Event: 1,978 Thread 0x00007efed81216b0 nmethod 857 0x00007efec1576390 code [0x00007efec1576580, 0x00007efec1576b40]
Event: 1,978 Thread 0x00007efed81216b0  858       3       java.nio.CharBuffer::wrap (12 bytes)
Event: 1,978 Thread 0x00007efed81216b0 nmethod 858 0x00007efec1576d10 code [0x00007efec1576ec0, 0x00007efec15770b0]
Event: 1,978 Thread 0x00007efed81216b0  859   !   3       java.nio.CharBuffer::wrap (20 bytes)
Event: 1,978 Thread 0x00007efed81216b0 nmethod 859 0x00007efec1577190 code [0x00007efec1577360, 0x00007efec15775f0]
Event: 1,978 Thread 0x00007efed81216b0  861       3       java.nio.StringCharBuffer::<init> (41 bytes)
Event: 1,979 Thread 0x00007efed81216b0 nmethod 861 0x00007efec1577790 code [0x00007efec1577980, 0x00007efec1577ed0]
Event: 1,979 Thread 0x00007efed81216b0  862       3       java.nio.CharBuffer::<init> (14 bytes)
Event: 1,979 Thread 0x00007efed81216b0 nmethod 862 0x00007efec1578090 code [0x00007efec1578240, 0x00007efec1578380]
Event: 1,979 Thread 0x00007efed81216b0  863       3       java.nio.charset.CharsetEncoder::reset (11 bytes)
Event: 1,979 Thread 0x00007efed81216b0 nmethod 863 0x00007efec1578410 code [0x00007efec15785c0, 0x00007efec15787b0]

GC Heap History (2 events):
Event: 1,617 GC heap before
{Heap before GC invocations=0 (full 0):
 garbage-first heap   total 129024K, used 14304K [0x0000000085a00000, 0x0000000100000000)
  region size 1024K, 13 young (13312K), 0 survivors (0K)
 Metaspace       used 4743K, committed 4864K, reserved 1114112K
  class space    used 460K, committed 512K, reserved 1048576K
}
Event: 1,666 GC heap after
{Heap after GC invocations=1 (full 0):
 garbage-first heap   total 129024K, used 5034K [0x0000000085a00000, 0x0000000100000000)
  region size 1024K, 2 young (2048K), 2 survivors (2048K)
 Metaspace       used 4743K, committed 4864K, reserved 1114112K
  class space    used 460K, committed 512K, reserved 1048576K
}

Dll operation events (11 events):
Event: 0,005 Loaded shared library /usr/lib/jvm/java-17-openjdk-amd64/lib/libjava.so
Event: 0,048 Loaded shared library /usr/lib/jvm/java-17-openjdk-amd64/lib/libjsvml.so
Event: 0,500 Loaded shared library /usr/lib/jvm/java-17-openjdk-amd64/lib/libzip.so
Event: 0,514 Loaded shared library /usr/lib/jvm/java-17-openjdk-amd64/lib/libinstrument.so
Event: 0,522 Loaded shared library /usr/lib/jvm/java-17-openjdk-amd64/lib/libnio.so
Event: 0,546 Loaded shared library /usr/lib/jvm/java-17-openjdk-amd64/lib/libzip.so
Event: 0,648 Loaded shared library /usr/lib/jvm/java-17-openjdk-amd64/lib/libnet.so
Event: 0,670 Loaded shared library /usr/lib/jvm/java-17-openjdk-amd64/lib/libextnet.so
Event: 0,765 Loaded shared library /usr/lib/jvm/java-17-openjdk-amd64/lib/libjimage.so
Event: 0,877 Loaded shared library /tmp/jffi984363260562726010.so
Event: 1,005 Loaded shared library /usr/lib/jvm/java-17-openjdk-amd64/lib/libverify.so

Deoptimization events (20 events):
Event: 1,724 Thread 0x00007efed80166d0 DEOPT PACKING pc=0x00007efec8eef248 sp=0x00007efedeffe550
Event: 1,724 Thread 0x00007efed80166d0 DEOPT UNPACKING pc=0x00007efec898d699 sp=0x00007efedeffe440 mode 2
Event: 1,726 Thread 0x00007efed80166d0 Uncommon trap: trap_request=0xffffffbe fr.pc=0x00007efec8ef1348 relative=0x0000000000000228
Event: 1,726 Thread 0x00007efed80166d0 Uncommon trap: reason=profile_predicate action=maybe_recompile pc=0x00007efec8ef1348 method=java.util.regex.Pattern$Slice.match(Ljava/util/regex/Matcher;ILjava/lang/CharSequence;)Z @ 18 c2
Event: 1,726 Thread 0x00007efed80166d0 DEOPT PACKING pc=0x00007efec8ef1348 sp=0x00007efedeffe310
Event: 1,726 Thread 0x00007efed80166d0 DEOPT UNPACKING pc=0x00007efec898d699 sp=0x00007efedeffe2e0 mode 2
Event: 1,726 Thread 0x00007efed80166d0 Uncommon trap: trap_request=0xffffffbe fr.pc=0x00007efec8ef1348 relative=0x0000000000000228
Event: 1,726 Thread 0x00007efed80166d0 Uncommon trap: reason=profile_predicate action=maybe_recompile pc=0x00007efec8ef1348 method=java.util.regex.Pattern$Slice.match(Ljava/util/regex/Matcher;ILjava/lang/CharSequence;)Z @ 18 c2
Event: 1,726 Thread 0x00007efed80166d0 DEOPT PACKING pc=0x00007efec8ef1348 sp=0x00007efedeffe310
Event: 1,726 Thread 0x00007efed80166d0 DEOPT UNPACKING pc=0x00007efec898d699 sp=0x00007efedeffe2e0 mode 2
Event: 1,729 Thread 0x00007efed80166d0 Uncommon trap: trap_request=0xffffffbe fr.pc=0x00007efec8ef1348 relative=0x0000000000000228
Event: 1,729 Thread 0x00007efed80166d0 Uncommon trap: reason=profile_predicate action=maybe_recompile pc=0x00007efec8ef1348 method=java.util.regex.Pattern$Slice.match(Ljava/util/regex/Matcher;ILjava/lang/CharSequence;)Z @ 18 c2
Event: 1,729 Thread 0x00007efed80166d0 DEOPT PACKING pc=0x00007efec8ef1348 sp=0x00007efedeffe310
Event: 1,729 Thread 0x00007efed80166d0 DEOPT UNPACKING pc=0x00007efec898d699 sp=0x00007efedeffe2e0 mode 2
Event: 1,740 Thread 0x00007efed80166d0 Uncommon trap: trap_request=0xffffffbe fr.pc=0x00007efec8ef1348 relative=0x0000000000000228
Event: 1,740 Thread 0x00007efed80166d0 Uncommon trap: reason=profile_predicate action=maybe_recompile pc=0x00007efec8ef1348 method=java.util.regex.Pattern$Slice.match(Ljava/util/regex/Matcher;ILjava/lang/CharSequence;)Z @ 18 c2
Event: 1,740 Thread 0x00007efed80166d0 DEOPT PACKING pc=0x00007efec8ef1348 sp=0x00007efedeffe310
Event: 1,740 Thread 0x00007efed80166d0 DEOPT UNPACKING pc=0x00007efec898d699 sp=0x00007efedeffe2e0 mode 2
Event: 1,913 Thread 0x00007efed80166d0 DEOPT PACKING pc=0x00007efec14b10ef sp=0x00007efedeffe630
Event: 1,913 Thread 0x00007efed80166d0 DEOPT UNPACKING pc=0x00007efec898de2f sp=0x00007efedeffdb08 mode 0

Classes unloaded (0 events):
No events

Classes redefined (0 events):
No events

Internal exceptions (6 events):
Event: 0,545 Thread 0x00007efed80166d0 Implicit null exception at 0x00007efec8ed22d5 to 0x00007efec8ed243c
Event: 0,660 Thread 0x00007efed82206d0 Exception <a 'java/lang/NoSuchMethodError'{0x000000008d3ae370}: 'java.lang.Object java.lang.invoke.DirectMethodHandle$Holder.invokeStaticInit(java.lang.Object)'> (0x000000008d3ae370) 
thrown [./src/hotspot/share/interpreter/linkResolver.cpp, line 758]
Event: 0,683 Thread 0x00007efed82206d0 Exception <a 'java/lang/NoSuchMethodError'{0x000000008d3bca18}: 'void java.lang.invoke.DirectMethodHandle$Holder.invokeStatic(java.lang.Object, java.lang.Object)'> (0x000000008d3bca18) 
thrown [./src/hotspot/share/interpreter/linkResolver.cpp, line 758]
Event: 1,211 Thread 0x00007efed80166d0 Exception <a 'java/lang/UnsatisfiedLinkError'{0x000000008ceb8cd0}: meos: Ne peut ouvrir le fichier d'objet partagé: Aucun fichier ou dossier de ce type> (0x000000008ceb8cd0) 
thrown [./src/hotspot/share/prims/jni.cpp, line 535]
Event: 1,467 Thread 0x00007efed80166d0 Exception <a 'java/lang/NoSuchMethodError'{0x000000008caeefd0}: 'java.lang.Object java.lang.invoke.DirectMethodHandle$Holder.newInvokeSpecial(java.lang.Object, java.lang.Object, java.lang.Object, java.lang.Object, java.lang.Object)'> (0x000000008caeefd0) 
thrown [./src/hotspot/share/interpreter/linkResolver.cpp, line 758]
Event: 1,563 Thread 0x00007efed80166d0 Exception <a 'java/lang/UnsatisfiedLinkError'{0x000000008c9a04e0}: /usr/local/lib/libmeos.so: undefined symbol: distance_timestamp_timestamp> (0x000000008c9a04e0) 
thrown [./src/hotspot/share/prims/jni.cpp, line 535]

VM Operations (12 events):
Event: 0,348 Executing VM operation: HandshakeAllThreads
Event: 0,348 Executing VM operation: HandshakeAllThreads done
Event: 0,648 Executing VM operation: HandshakeAllThreads
Event: 0,657 Executing VM operation: HandshakeAllThreads done
Event: 0,814 Executing VM operation: HandshakeAllThreads
Event: 0,814 Executing VM operation: HandshakeAllThreads done
Event: 1,142 Executing VM operation: HandshakeAllThreads
Event: 1,142 Executing VM operation: HandshakeAllThreads done
Event: 1,142 Executing VM operation: Cleanup
Event: 1,143 Executing VM operation: Cleanup done
Event: 1,617 Executing VM operation: G1CollectForAllocation
Event: 1,666 Executing VM operation: G1CollectForAllocation done

Events (20 events):
Event: 1,667 loading class java/util/LinkedList$ListItr
Event: 1,667 loading class java/util/LinkedList$ListItr done
Event: 1,677 loading class sun/misc/Unsafe
Event: 1,677 loading class sun/misc/Unsafe done
Event: 1,711 loading class java/util/Scanner
Event: 1,711 loading class java/util/Scanner done
Event: 1,722 loading class java/util/Scanner$PatternLRUCache
Event: 1,722 loading class java/util/Scanner$PatternLRUCache done
Event: 1,726 loading class java/util/regex/Matcher$ImmutableMatchResult
Event: 1,726 loading class java/util/regex/Matcher$ImmutableMatchResult done
Event: 1,726 loading class java/nio/StringCharBuffer
Event: 1,727 loading class java/nio/StringCharBuffer done
Event: 1,987 loading class jdk/internal/math/FormattedFloatingDecimal$Form
Event: 1,987 loading class jdk/internal/math/FormattedFloatingDecimal$Form done
Event: 1,987 loading class jdk/internal/math/FormattedFloatingDecimal
Event: 1,987 loading class jdk/internal/math/FormattedFloatingDecimal done
Event: 1,987 loading class jdk/internal/math/FormattedFloatingDecimal$1
Event: 1,987 loading class jdk/internal/math/FormattedFloatingDecimal$1 done
Event: 1,988 loading class jdk/internal/math/FormattedFloatingDecimal$2
Event: 1,988 loading class jdk/internal/math/FormattedFloatingDecimal$2 done


Dynamic libraries:
85a00000-8d600000 rw-p 00000000 00:00 0 
8d600000-ffe00000 ---p 00000000 00:00 0 
ffe00000-ffe76000 rw-p 00c9d000 08:02 10491600                           /usr/lib/jvm/java-17-openjdk-amd64/lib/server/classes.jsa
ffe76000-fff00000 rw-p 00000000 00:00 0 
fff00000-fff82000 rw-p 00c1b000 08:02 10491600                           /usr/lib/jvm/java-17-openjdk-amd64/lib/server/classes.jsa
fff82000-100000000 rw-p 00000000 00:00 0 
800000000-800458000 rw-p 00001000 08:02 10491600                         /usr/lib/jvm/java-17-openjdk-amd64/lib/server/classes.jsa
800458000-800be2000 r--p 00459000 08:02 10491600                         /usr/lib/jvm/java-17-openjdk-amd64/lib/server/classes.jsa
800be2000-801000000 ---p 00000000 00:00 0 
801000000-801040000 rw-p 00000000 00:00 0 
801040000-801080000 rw-p 00000000 00:00 0 
801080000-841000000 ---p 00000000 00:00 0 
56018b8e2000-56018b8e3000 r--p 00000000 08:02 10485864                   /usr/lib/jvm/java-17-openjdk-amd64/bin/java
56018b8e3000-56018b8e4000 r-xp 00001000 08:02 10485864                   /usr/lib/jvm/java-17-openjdk-amd64/bin/java
56018b8e4000-56018b8e5000 r--p 00002000 08:02 10485864                   /usr/lib/jvm/java-17-openjdk-amd64/bin/java
56018b8e5000-56018b8e6000 r--p 00002000 08:02 10485864                   /usr/lib/jvm/java-17-openjdk-amd64/bin/java
56018b8e6000-56018b8e7000 rw-p 00003000 08:02 10485864                   /usr/lib/jvm/java-17-openjdk-amd64/bin/java
56018c637000-56018c67e000 rw-p 00000000 00:00 0                          [heap]
7efe5c000000-7efe5c021000 rw-p 00000000 00:00 0 
7efe5c021000-7efe60000000 ---p 00000000 00:00 0 
7efe60000000-7efe60021000 rw-p 00000000 00:00 0 
7efe60021000-7efe64000000 ---p 00000000 00:00 0 
7efe64000000-7efe64027000 rw-p 00000000 00:00 0 
7efe64027000-7efe68000000 ---p 00000000 00:00 0 
7efe68000000-7efe68021000 rw-p 00000000 00:00 0 
7efe68021000-7efe6c000000 ---p 00000000 00:00 0 
7efe6c000000-7efe6c021000 rw-p 00000000 00:00 0 
7efe6c021000-7efe70000000 ---p 00000000 00:00 0 
7efe70000000-7efe70021000 rw-p 00000000 00:00 0 
7efe70021000-7efe74000000 ---p 00000000 00:00 0 
7efe74000000-7efe74021000 rw-p 00000000 00:00 0 
7efe74021000-7efe78000000 ---p 00000000 00:00 0 
7efe78000000-7efe78021000 rw-p 00000000 00:00 0 
7efe78021000-7efe7c000000 ---p 00000000 00:00 0 
7efe7c000000-7efe7c457000 rw-p 00000000 00:00 0 
7efe7c457000-7efe80000000 ---p 00000000 00:00 0 
7efe80000000-7efe80021000 rw-p 00000000 00:00 0 
7efe80021000-7efe84000000 ---p 00000000 00:00 0 
7efe84000000-7efe84021000 rw-p 00000000 00:00 0 
7efe84021000-7efe88000000 ---p 00000000 00:00 0 
7efe88000000-7efe88202000 rw-p 00000000 00:00 0 
7efe88202000-7efe8c000000 ---p 00000000 00:00 0 
7efe8c000000-7efe8c021000 rw-p 00000000 00:00 0 
7efe8c021000-7efe90000000 ---p 00000000 00:00 0 
7efe90000000-7efe90021000 rw-p 00000000 00:00 0 
7efe90021000-7efe94000000 ---p 00000000 00:00 0 
7efe94000000-7efe94021000 rw-p 00000000 00:00 0 
7efe94021000-7efe98000000 ---p 00000000 00:00 0 
7efe98000000-7efe98021000 rw-p 00000000 00:00 0 
7efe98021000-7efe9c000000 ---p 00000000 00:00 0 
7efe9c000000-7efe9c021000 rw-p 00000000 00:00 0 
7efe9c021000-7efea0000000 ---p 00000000 00:00 0 
7efea0000000-7efea0021000 rw-p 00000000 00:00 0 
7efea0021000-7efea4000000 ---p 00000000 00:00 0 
7efea4000000-7efea4290000 rw-p 00000000 00:00 0 
7efea4290000-7efea4400000 ---p 00000000 00:00 0 
7efea4400000-7efea4610000 rw-p 00000000 00:00 0 
7efea4610000-7efea8000000 ---p 00000000 00:00 0 
7efea8000000-7efea8021000 rw-p 00000000 00:00 0 
7efea8021000-7efeac000000 ---p 00000000 00:00 0 
7efeacda1000-7efead188000 rw-p 00000000 00:00 0 
7efead188000-7efead189000 ---p 00000000 00:00 0 
7efead189000-7efead28a000 rw-p 00000000 00:00 0 
7efead28a000-7efead28b000 ---p 00000000 00:00 0 
7efead28b000-7efead38c000 rw-p 00000000 00:00 0 
7efead38c000-7efead38d000 ---p 00000000 00:00 0 
7efead38d000-7efead48e000 rw-p 00000000 00:00 0 
7efead48e000-7efead491000 r--p 00000000 08:02 10365379                   /usr/lib/x86_64-linux-gnu/libresolv.so.2
7efead491000-7efead49b000 r-xp 00003000 08:02 10365379                   /usr/lib/x86_64-linux-gnu/libresolv.so.2
7efead49b000-7efead49e000 r--p 0000d000 08:02 10365379                   /usr/lib/x86_64-linux-gnu/libresolv.so.2
7efead49e000-7efead49f000 r--p 0000f000 08:02 10365379                   /usr/lib/x86_64-linux-gnu/libresolv.so.2
7efead49f000-7efead4a0000 rw-p 00010000 08:02 10365379                   /usr/lib/x86_64-linux-gnu/libresolv.so.2
7efead4a0000-7efead4a2000 rw-p 00000000 00:00 0 
7efead4a2000-7efead4a3000 r--p 00000000 08:02 10355681                   /usr/lib/x86_64-linux-gnu/libbrotlicommon.so.1.0.9
7efead4a3000-7efead4a4000 r-xp 00001000 08:02 10355681                   /usr/lib/x86_64-linux-gnu/libbrotlicommon.so.1.0.9
7efead4a4000-7efead4c3000 r--p 00002000 08:02 10355681                   /usr/lib/x86_64-linux-gnu/libbrotlicommon.so.1.0.9
7efead4c3000-7efead4c4000 r--p 00020000 08:02 10355681                   /usr/lib/x86_64-linux-gnu/libbrotlicommon.so.1.0.9
7efead4c4000-7efead4c5000 rw-p 00021000 08:02 10355681                   /usr/lib/x86_64-linux-gnu/libbrotlicommon.so.1.0.9
7efead4c5000-7efead4ee000 r--p 00000000 08:02 10356002                   /usr/lib/x86_64-linux-gnu/libp11-kit.so.0.3.0
7efead4ee000-7efead592000 r-xp 00029000 08:02 10356002                   /usr/lib/x86_64-linux-gnu/libp11-kit.so.0.3.0
7efead592000-7efead5ec000 r--p 000cd000 08:02 10356002                   /usr/lib/x86_64-linux-gnu/libp11-kit.so.0.3.0
7efead5ec000-7efead5f6000 r--p 00126000 08:02 10356002                   /usr/lib/x86_64-linux-gnu/libp11-kit.so.0.3.0
7efead5f6000-7efead600000 rw-p 00130000 08:02 10356002                   /usr/lib/x86_64-linux-gnu/libp11-kit.so.0.3.0
7efead600000-7efead6b2000 r--p 00000000 08:02 10354984                   /usr/lib/x86_64-linux-gnu/libcrypto.so.3
7efead6b2000-7efead90f000 r-xp 000b2000 08:02 10354984                   /usr/lib/x86_64-linux-gnu/libcrypto.so.3
7efead90f000-7efead9e1000 r--p 0030f000 08:02 10354984                   /usr/lib/x86_64-linux-gnu/libcrypto.so.3
7efead9e1000-7efeada3c000 r--p 003e0000 08:02 10354984                   /usr/lib/x86_64-linux-gnu/libcrypto.so.3
7efeada3c000-7efeada3f000 rw-p 0043b000 08:02 10354984                   /usr/lib/x86_64-linux-gnu/libcrypto.so.3
7efeada3f000-7efeada42000 rw-p 00000000 00:00 0 
7efeada48000-7efeada4c000 r--p 00000000 08:02 10357711                   /usr/lib/x86_64-linux-gnu/libk5crypto.so.3.1
7efeada4c000-7efeada67000 r-xp 00004000 08:02 10357711                   /usr/lib/x86_64-linux-gnu/libk5crypto.so.3.1
7efeada67000-7efeada73000 r--p 0001f000 08:02 10357711                   /usr/lib/x86_64-linux-gnu/libk5crypto.so.3.1
7efeada73000-7efeada74000 ---p 0002b000 08:02 10357711                   /usr/lib/x86_64-linux-gnu/libk5crypto.so.3.1
7efeada74000-7efeada75000 r--p 0002b000 08:02 10357711                   /usr/lib/x86_64-linux-gnu/libk5crypto.so.3.1
7efeada75000-7efeada76000 rw-p 0002c000 08:02 10357711                   /usr/lib/x86_64-linux-gnu/libk5crypto.so.3.1
7efeada76000-7efeada77000 rw-p 00000000 00:00 0 
7efeada77000-7efeada98000 r--p 00000000 08:02 10356892                   /usr/lib/x86_64-linux-gnu/libkrb5.so.3.3
7efeada98000-7efeadaf5000 r-xp 00021000 08:02 10356892                   /usr/lib/x86_64-linux-gnu/libkrb5.so.3.3
7efeadaf5000-7efeadb32000 r--p 0007e000 08:02 10356892                   /usr/lib/x86_64-linux-gnu/libkrb5.so.3.3
7efeadb32000-7efeadb33000 ---p 000bb000 08:02 10356892                   /usr/lib/x86_64-linux-gnu/libkrb5.so.3.3
7efeadb33000-7efeadb40000 r--p 000bb000 08:02 10356892                   /usr/lib/x86_64-linux-gnu/libkrb5.so.3.3
7efeadb40000-7efeadb42000 rw-p 000c8000 08:02 10356892                   /usr/lib/x86_64-linux-gnu/libkrb5.so.3.3
7efeadb42000-7efeadb4c000 r--p 00000000 08:02 10357741                   /usr/lib/x86_64-linux-gnu/libgmp.so.10.4.1
7efeadb4c000-7efeadbab000 r-xp 0000a000 08:02 10357741                   /usr/lib/x86_64-linux-gnu/libgmp.so.10.4.1
7efeadbab000-7efeadbc2000 r--p 00069000 08:02 10357741                   /usr/lib/x86_64-linux-gnu/libgmp.so.10.4.1
7efeadbc2000-7efeadbc3000 r--p 0007f000 08:02 10357741                   /usr/lib/x86_64-linux-gnu/libgmp.so.10.4.1
7efeadbc3000-7efeadbc4000 rw-p 00080000 08:02 10357741                   /usr/lib/x86_64-linux-gnu/libgmp.so.10.4.1
7efeadbc4000-7efeadbcc000 r--p 00000000 08:02 10360657                   /usr/lib/x86_64-linux-gnu/libhogweed.so.6.4
7efeadbcc000-7efeadbdf000 r-xp 00008000 08:02 10360657                   /usr/lib/x86_64-linux-gnu/libhogweed.so.6.4
7efeadbdf000-7efeadc09000 r--p 0001b000 08:02 10360657                   /usr/lib/x86_64-linux-gnu/libhogweed.so.6.4
7efeadc09000-7efeadc0a000 ---p 00045000 08:02 10360657                   /usr/lib/x86_64-linux-gnu/libhogweed.so.6.4
7efeadc0a000-7efeadc0b000 r--p 00045000 08:02 10360657                   /usr/lib/x86_64-linux-gnu/libhogweed.so.6.4
7efeadc0b000-7efeadc0c000 rw-p 00046000 08:02 10360657                   /usr/lib/x86_64-linux-gnu/libhogweed.so.6.4
7efeadc0c000-7efeadc1d000 r--p 00000000 08:02 10360661                   /usr/lib/x86_64-linux-gnu/libunistring.so.2.2.0
7efeadc1d000-7efeadc53000 r-xp 00011000 08:02 10360661                   /usr/lib/x86_64-linux-gnu/libunistring.so.2.2.0
7efeadc53000-7efeaddb1000 r--p 00047000 08:02 10360661                   /usr/lib/x86_64-linux-gnu/libunistring.so.2.2.0
7efeaddb1000-7efeaddb5000 r--p 001a5000 08:02 10360661                   /usr/lib/x86_64-linux-gnu/libunistring.so.2.2.0
7efeaddb5000-7efeaddb6000 rw-p 001a9000 08:02 10360661                   /usr/lib/x86_64-linux-gnu/libunistring.so.2.2.0
7efeaddb6000-7efeaddc4000 r--p 00000000 08:02 10362052                   /usr/lib/x86_64-linux-gnu/libldap-2.5.so.0.1.9
7efeaddc4000-7efeaddfe000 r-xp 0000e000 08:02 10362052                   /usr/lib/x86_64-linux-gnu/libldap-2.5.so.0.1.9
7efeaddfe000-7efeade0f000 r--p 00048000 08:02 10362052                   /usr/lib/x86_64-linux-gnu/libldap-2.5.so.0.1.9
7efeade0f000-7efeade10000 ---p 00059000 08:02 10362052                   /usr/lib/x86_64-linux-gnu/libldap-2.5.so.0.1.9
7efeade10000-7efeade12000 r--p 00059000 08:02 10362052                   /usr/lib/x86_64-linux-gnu/libldap-2.5.so.0.1.9
7efeade12000-7efeade13000 rw-p 0005b000 08:02 10362052                   /usr/lib/x86_64-linux-gnu/libldap-2.5.so.0.1.9
7efeade13000-7efeade15000 rw-p 00000000 00:00 0 
7efeade15000-7efeade46000 r--p 00000000 08:02 10357230                   /usr/lib/x86_64-linux-gnu/libgnutls.so.30.31.0
7efeade46000-7efeadf6f000 r-xp 00031000 08:02 10357230                   /usr/lib/x86_64-linux-gnu/libgnutls.so.30.31.0
7efeadf6f000-7efeadfec000 r--p 0015a000 08:02 10357230                   /usr/lib/x86_64-linux-gnu/libgnutls.so.30.31.0
7efeadfec000-7efeadffc000 r--p 001d6000 08:02 10357230                   /usr/lib/x86_64-linux-gnu/libgnutls.so.30.31.0
7efeadffc000-7efeadffe000 rw-p 001e6000 08:02 10357230                   /usr/lib/x86_64-linux-gnu/libgnutls.so.30.31.0
7efeadffe000-7efeb0000000 rw-p 00000000 00:00 0 
7efeb0000000-7efeb0021000 rw-p 00000000 00:00 0 
7efeb0021000-7efeb4000000 ---p 00000000 00:00 0 
7efeb4000000-7efeb4021000 rw-p 00000000 00:00 0 
7efeb4021000-7efeb8000000 ---p 00000000 00:00 0 
7efeb8000000-7efeb8021000 rw-p 00000000 00:00 0 
7efeb8021000-7efebc000000 ---p 00000000 00:00 0 
7efebc002000-7efebc004000 r--p 00000000 08:02 10356728                   /usr/lib/x86_64-linux-gnu/libffi.so.8.1.0
7efebc004000-7efebc00b000 r-xp 00002000 08:02 10356728                   /usr/lib/x86_64-linux-gnu/libffi.so.8.1.0
7efebc00b000-7efebc00c000 r--p 00009000 08:02 10356728                   /usr/lib/x86_64-linux-gnu/libffi.so.8.1.0
7efebc00c000-7efebc00d000 ---p 0000a000 08:02 10356728                   /usr/lib/x86_64-linux-gnu/libffi.so.8.1.0
7efebc00d000-7efebc00e000 r--p 0000a000 08:02 10356728                   /usr/lib/x86_64-linux-gnu/libffi.so.8.1.0
7efebc00e000-7efebc00f000 rw-p 0000b000 08:02 10356728                   /usr/lib/x86_64-linux-gnu/libffi.so.8.1.0
7efebc00f000-7efebc012000 r--p 00000000 08:02 10356794                   /usr/lib/x86_64-linux-gnu/libsasl2.so.2.0.25
7efebc012000-7efebc023000 r-xp 00003000 08:02 10356794                   /usr/lib/x86_64-linux-gnu/libsasl2.so.2.0.25
7efebc023000-7efebc028000 r--p 00014000 08:02 10356794                   /usr/lib/x86_64-linux-gnu/libsasl2.so.2.0.25
7efebc028000-7efebc029000 r--p 00018000 08:02 10356794                   /usr/lib/x86_64-linux-gnu/libsasl2.so.2.0.25
7efebc029000-7efebc02a000 rw-p 00019000 08:02 10356794                   /usr/lib/x86_64-linux-gnu/libsasl2.so.2.0.25
7efebc02a000-7efebc035000 r--p 00000000 08:02 10357451                   /usr/lib/x86_64-linux-gnu/libgssapi_krb5.so.2.2
7efebc035000-7efebc06d000 r-xp 0000b000 08:02 10357451                   /usr/lib/x86_64-linux-gnu/libgssapi_krb5.so.2.2
7efebc06d000-7efebc079000 r--p 00043000 08:02 10357451                   /usr/lib/x86_64-linux-gnu/libgssapi_krb5.so.2.2
7efebc079000-7efebc07a000 ---p 0004f000 08:02 10357451                   /usr/lib/x86_64-linux-gnu/libgssapi_krb5.so.2.2
7efebc07a000-7efebc07c000 r--p 0004f000 08:02 10357451                   /usr/lib/x86_64-linux-gnu/libgssapi_krb5.so.2.2
7efebc07c000-7efebc07e000 rw-p 00051000 08:02 10357451                   /usr/lib/x86_64-linux-gnu/libgssapi_krb5.so.2.2
7efebc07e000-7efebc088000 r--p 00000000 08:02 10355057                   /usr/lib/x86_64-linux-gnu/libnettle.so.8.4
7efebc088000-7efebc0ab000 r-xp 0000a000 08:02 10355057                   /usr/lib/x86_64-linux-gnu/libnettle.so.8.4
7efebc0ab000-7efebc0c1000 r--p 0002d000 08:02 10355057                   /usr/lib/x86_64-linux-gnu/libnettle.so.8.4
7efebc0c1000-7efebc0c3000 r--p 00042000 08:02 10355057                   /usr/lib/x86_64-linux-gnu/libnettle.so.8.4
7efebc0c3000-7efebc0c4000 rw-p 00044000 08:02 10355057                   /usr/lib/x86_64-linux-gnu/libnettle.so.8.4
7efebc0c4000-7efebc0d1000 r--p 00000000 08:02 10355188                   /usr/lib/x86_64-linux-gnu/libssh.so.4.8.7
7efebc0d1000-7efebc114000 r-xp 0000d000 08:02 10355188                   /usr/lib/x86_64-linux-gnu/libssh.so.4.8.7
7efebc114000-7efebc12d000 r--p 00050000 08:02 10355188                   /usr/lib/x86_64-linux-gnu/libssh.so.4.8.7
7efebc12d000-7efebc12f000 r--p 00068000 08:02 10355188                   /usr/lib/x86_64-linux-gnu/libssh.so.4.8.7
7efebc12f000-7efebc131000 rw-p 0006a000 08:02 10355188                   /usr/lib/x86_64-linux-gnu/libssh.so.4.8.7
7efebc131000-7efebc13b000 r--p 00000000 08:02 10354868                   /usr/lib/x86_64-linux-gnu/libzstd.so.1.4.8
7efebc13b000-7efebc1ed000 r-xp 0000a000 08:02 10354868                   /usr/lib/x86_64-linux-gnu/libzstd.so.1.4.8
7efebc1ed000-7efebc1fe000 r--p 000bc000 08:02 10354868                   /usr/lib/x86_64-linux-gnu/libzstd.so.1.4.8
7efebc1fe000-7efebc1ff000 r--p 000cc000 08:02 10354868                   /usr/lib/x86_64-linux-gnu/libzstd.so.1.4.8
7efebc1ff000-7efebc200000 rw-p 000cd000 08:02 10354868                   /usr/lib/x86_64-linux-gnu/libzstd.so.1.4.8
7efebc200000-7efebc278000 r--p 00000000 08:02 10366481                   /usr/lib/x86_64-linux-gnu/libgeos.so.3.10.2
7efebc278000-7efebc3a6000 r-xp 00078000 08:02 10366481                   /usr/lib/x86_64-linux-gnu/libgeos.so.3.10.2
7efebc3a6000-7efebc403000 r--p 001a6000 08:02 10366481                   /usr/lib/x86_64-linux-gnu/libgeos.so.3.10.2
7efebc403000-7efebc40a000 r--p 00202000 08:02 10366481                   /usr/lib/x86_64-linux-gnu/libgeos.so.3.10.2
7efebc40a000-7efebc40b000 rw-p 00209000 08:02 10366481                   /usr/lib/x86_64-linux-gnu/libgeos.so.3.10.2
7efebc40d000-7efebc410000 r--p 00000000 08:02 10361751                   /usr/lib/x86_64-linux-gnu/libtasn1.so.6.6.2
7efebc410000-7efebc41e000 r-xp 00003000 08:02 10361751                   /usr/lib/x86_64-linux-gnu/libtasn1.so.6.6.2
7efebc41e000-7efebc422000 r--p 00011000 08:02 10361751                   /usr/lib/x86_64-linux-gnu/libtasn1.so.6.6.2
7efebc422000-7efebc423000 ---p 00015000 08:02 10361751                   /usr/lib/x86_64-linux-gnu/libtasn1.so.6.6.2
7efebc423000-7efebc424000 r--p 00015000 08:02 10361751                   /usr/lib/x86_64-linux-gnu/libtasn1.so.6.6.2
7efebc424000-7efebc425000 rw-p 00016000 08:02 10361751                   /usr/lib/x86_64-linux-gnu/libtasn1.so.6.6.2
7efebc425000-7efebc42a000 r--p 00000000 08:02 10355338                   /usr/lib/x86_64-linux-gnu/librtmp.so.1
7efebc42a000-7efebc43a000 r-xp 00005000 08:02 10355338                   /usr/lib/x86_64-linux-gnu/librtmp.so.1
7efebc43a000-7efebc441000 r--p 00015000 08:02 10355338                   /usr/lib/x86_64-linux-gnu/librtmp.so.1
7efebc441000-7efebc442000 ---p 0001c000 08:02 10355338                   /usr/lib/x86_64-linux-gnu/librtmp.so.1
7efebc442000-7efebc443000 r--p 0001c000 08:02 10355338                   /usr/lib/x86_64-linux-gnu/librtmp.so.1
7efebc443000-7efebc444000 rw-p 0001d000 08:02 10355338                   /usr/lib/x86_64-linux-gnu/librtmp.so.1
7efebc444000-7efebc446000 r--p 00000000 08:02 10361325                   /usr/lib/x86_64-linux-gnu/libidn2.so.0.3.7
7efebc446000-7efebc44a000 r-xp 00002000 08:02 10361325                   /usr/lib/x86_64-linux-gnu/libidn2.so.0.3.7
7efebc44a000-7efebc463000 r--p 00006000 08:02 10361325                   /usr/lib/x86_64-linux-gnu/libidn2.so.0.3.7
7efebc463000-7efebc464000 r--p 0001e000 08:02 10361325                   /usr/lib/x86_64-linux-gnu/libidn2.so.0.3.7
7efebc464000-7efebc465000 rw-p 0001f000 08:02 10361325                   /usr/lib/x86_64-linux-gnu/libidn2.so.0.3.7
7efebc465000-7efebc46a000 r--p 00000000 08:02 10354889                   /usr/lib/x86_64-linux-gnu/libnghttp2.so.14.20.1
7efebc46a000-7efebc47f000 r-xp 00005000 08:02 10354889                   /usr/lib/x86_64-linux-gnu/libnghttp2.so.14.20.1
7efebc47f000-7efebc48b000 r--p 0001a000 08:02 10354889                   /usr/lib/x86_64-linux-gnu/libnghttp2.so.14.20.1
7efebc48b000-7efebc48e000 r--p 00025000 08:02 10354889                   /usr/lib/x86_64-linux-gnu/libnghttp2.so.14.20.1
7efebc48e000-7efebc48f000 rw-p 00028000 08:02 10354889                   /usr/lib/x86_64-linux-gnu/libnghttp2.so.14.20.1
7efebc48f000-7efebc490000 r--p 00000000 08:02 10355584                   /usr/lib/x86_64-linux-gnu/libdeflate.so.0
7efebc490000-7efebc4ac000 r-xp 00001000 08:02 10355584                   /usr/lib/x86_64-linux-gnu/libdeflate.so.0
7efebc4ac000-7efebc4b0000 r--p 0001d000 08:02 10355584                   /usr/lib/x86_64-linux-gnu/libdeflate.so.0
7efebc4b0000-7efebc4b1000 ---p 00021000 08:02 10355584                   /usr/lib/x86_64-linux-gnu/libdeflate.so.0
7efebc4b1000-7efebc4b2000 r--p 00021000 08:02 10355584                   /usr/lib/x86_64-linux-gnu/libdeflate.so.0
7efebc4b2000-7efebc4b3000 rw-p 00022000 08:02 10355584                   /usr/lib/x86_64-linux-gnu/libdeflate.so.0
7efebc4b3000-7efebc4d1000 r--p 00000000 08:02 10355997                   /usr/lib/x86_64-linux-gnu/libsqlite3.so.0.8.6
7efebc4d1000-7efebc5bd000 r-xp 0001e000 08:02 10355997                   /usr/lib/x86_64-linux-gnu/libsqlite3.so.0.8.6
7efebc5bd000-7efebc5f8000 r--p 0010a000 08:02 10355997                   /usr/lib/x86_64-linux-gnu/libsqlite3.so.0.8.6
7efebc5f8000-7efebc5fc000 r--p 00144000 08:02 10355997                   /usr/lib/x86_64-linux-gnu/libsqlite3.so.0.8.6
7efebc5fc000-7efebc600000 rw-p 00148000 08:02 10355997                   /usr/lib/x86_64-linux-gnu/libsqlite3.so.0.8.6
7efebc600000-7efebc65b000 r--p 00000000 08:02 10360429                   /usr/lib/x86_64-linux-gnu/libgsl.so.27.0.0
7efebc65b000-7efebc832000 r-xp 0005b000 08:02 10360429                   /usr/lib/x86_64-linux-gnu/libgsl.so.27.0.0
7efebc832000-7efebc8ab000 r--p 00232000 08:02 10360429                   /usr/lib/x86_64-linux-gnu/libgsl.so.27.0.0
7efebc8ab000-7efebc8ac000 ---p 002ab000 08:02 10360429                   /usr/lib/x86_64-linux-gnu/libgsl.so.27.0.0
7efebc8ac000-7efebc8b0000 r--p 002ab000 08:02 10360429                   /usr/lib/x86_64-linux-gnu/libgsl.so.27.0.0
7efebc8b0000-7efebc8be000 rw-p 002af000 08:02 10360429                   /usr/lib/x86_64-linux-gnu/libgsl.so.27.0.0
7efebc8be000-7efebc8bf000 rw-p 00000000 00:00 0 
7efebc8c3000-7efebc8c6000 r--p 00000000 08:02 10355637                   /usr/lib/x86_64-linux-gnu/libkrb5support.so.0.1
7efebc8c6000-7efebc8cc000 r-xp 00003000 08:02 10355637                   /usr/lib/x86_64-linux-gnu/libkrb5support.so.0.1
7efebc8cc000-7efebc8ce000 r--p 00009000 08:02 10355637                   /usr/lib/x86_64-linux-gnu/libkrb5support.so.0.1
7efebc8ce000-7efebc8cf000 ---p 0000b000 08:02 10355637                   /usr/lib/x86_64-linux-gnu/libkrb5support.so.0.1
7efebc8cf000-7efebc8d0000 r--p 0000b000 08:02 10355637                   /usr/lib/x86_64-linux-gnu/libkrb5support.so.0.1
7efebc8d0000-7efebc8d1000 rw-p 0000c000 08:02 10355637                   /usr/lib/x86_64-linux-gnu/libkrb5support.so.0.1
7efebc8d1000-7efebc8d5000 r--p 00000000 08:02 10355582                   /usr/lib/x86_64-linux-gnu/libjpeg.so.8.2.2
7efebc8d5000-7efebc91e000 r-xp 00004000 08:02 10355582                   /usr/lib/x86_64-linux-gnu/libjpeg.so.8.2.2
7efebc91e000-7efebc950000 r--p 0004d000 08:02 10355582                   /usr/lib/x86_64-linux-gnu/libjpeg.so.8.2.2
7efebc950000-7efebc951000 r--p 0007e000 08:02 10355582                   /usr/lib/x86_64-linux-gnu/libjpeg.so.8.2.2
7efebc951000-7efebc952000 rw-p 0007f000 08:02 10355582                   /usr/lib/x86_64-linux-gnu/libjpeg.so.8.2.2
7efebc952000-7efebc954000 r--p 00000000 08:02 10358223                   /usr/lib/x86_64-linux-gnu/libwebp.so.7.1.3
7efebc954000-7efebc9a9000 r-xp 00002000 08:02 10358223                   /usr/lib/x86_64-linux-gnu/libwebp.so.7.1.3
7efebc9a9000-7efebc9ba000 r--p 00057000 08:02 10358223                   /usr/lib/x86_64-linux-gnu/libwebp.so.7.1.3
7efebc9ba000-7efebc9bb000 r--p 00067000 08:02 10358223                   /usr/lib/x86_64-linux-gnu/libwebp.so.7.1.3
7efebc9bb000-7efebc9bc000 rw-p 00068000 08:02 10358223                   /usr/lib/x86_64-linux-gnu/libwebp.so.7.1.3
7efebc9bc000-7efebc9be000 rw-p 00000000 00:00 0 
7efebc9be000-7efebc9c1000 r--p 00000000 08:02 10360435                   /usr/lib/x86_64-linux-gnu/libgslcblas.so.0.0.0
7efebc9c1000-7efebc9fa000 r-xp 00003000 08:02 10360435                   /usr/lib/x86_64-linux-gnu/libgslcblas.so.0.0.0
7efebc9fa000-7efebc9fe000 r--p 0003c000 08:02 10360435                   /usr/lib/x86_64-linux-gnu/libgslcblas.so.0.0.0
7efebc9fe000-7efebc9ff000 r--p 0003f000 08:02 10360435                   /usr/lib/x86_64-linux-gnu/libgslcblas.so.0.0.0
7efebc9ff000-7efebca00000 rw-p 00040000 08:02 10360435                   /usr/lib/x86_64-linux-gnu/libgslcblas.so.0.0.0
7efebca00000-7efebca68000 r--p 00000000 08:02 10358220                   /usr/lib/x86_64-linux-gnu/libproj.so.22.2.1
7efebca68000-7efebccb7000 r-xp 00068000 08:02 10358220                   /usr/lib/x86_64-linux-gnu/libproj.so.22.2.1
7efebccb7000-7efebcd4c000 r--p 002b7000 08:02 10358220                   /usr/lib/x86_64-linux-gnu/libproj.so.22.2.1
7efebcd4c000-7efebcd4d000 ---p 0034c000 08:02 10358220                   /usr/lib/x86_64-linux-gnu/libproj.so.22.2.1
7efebcd4d000-7efebcd64000 r--p 0034c000 08:02 10358220                   /usr/lib/x86_64-linux-gnu/libproj.so.22.2.1
7efebcd64000-7efebcd66000 rw-p 00363000 08:02 10358220                   /usr/lib/x86_64-linux-gnu/libproj.so.22.2.1
7efebcd66000-7efebcd69000 rw-p 00000000 00:00 0 
7efebcd70000-7efebcd71000 r--p 00000000 08:02 10355683                   /usr/lib/x86_64-linux-gnu/libbrotlidec.so.1.0.9
7efebcd71000-7efebcd79000 r-xp 00001000 08:02 10355683                   /usr/lib/x86_64-linux-gnu/libbrotlidec.so.1.0.9
7efebcd79000-7efebcd7c000 r--p 00009000 08:02 10355683                   /usr/lib/x86_64-linux-gnu/libbrotlidec.so.1.0.9
7efebcd7c000-7efebcd7d000 r--p 0000b000 08:02 10355683                   /usr/lib/x86_64-linux-gnu/libbrotlidec.so.1.0.9
7efebcd7d000-7efebcd7e000 rw-p 0000c000 08:02 10355683                   /usr/lib/x86_64-linux-gnu/libbrotlidec.so.1.0.9
7efebcd7e000-7efebcdb4000 r--p 00000000 08:02 11142841                   /usr/local/lib/libmeos.so
7efebcdb4000-7efebcea8000 r-xp 00036000 08:02 11142841                   /usr/local/lib/libmeos.so
7efebcea8000-7efebcef3000 r--p 0012a000 08:02 11142841                   /usr/local/lib/libmeos.so
7efebcef3000-7efebcef4000 ---p 00175000 08:02 11142841                   /usr/local/lib/libmeos.so
7efebcef4000-7efebcef5000 r--p 00175000 08:02 11142841                   /usr/local/lib/libmeos.so
7efebcef5000-7efebcefa000 rw-p 00176000 08:02 11142841                   /usr/local/lib/libmeos.so
7efebcefa000-7efebcf00000 rw-p 00000000 00:00 0 
7efebcf00000-7efebcf04000 ---p 00000000 00:00 0 
7efebcf04000-7efebd000000 rw-p 00000000 00:00 0 
7efebd000000-7efebd012000 r-xp 00000000 08:02 1705159                    /tmp/jffi984363260562726010.so (deleted)
7efebd012000-7efebd211000 ---p 00012000 08:02 1705159                    /tmp/jffi984363260562726010.so (deleted)
7efebd211000-7efebd212000 rw-p 00011000 08:02 1705159                    /tmp/jffi984363260562726010.so (deleted)
7efebd21b000-7efebd21e000 r--p 00000000 08:02 10355303                   /usr/lib/x86_64-linux-gnu/liblber-2.5.so.0.1.9
7efebd21e000-7efebd226000 r-xp 00003000 08:02 10355303                   /usr/lib/x86_64-linux-gnu/liblber-2.5.so.0.1.9
7efebd226000-7efebd229000 r--p 0000b000 08:02 10355303                   /usr/lib/x86_64-linux-gnu/liblber-2.5.so.0.1.9
7efebd229000-7efebd22a000 ---p 0000e000 08:02 10355303                   /usr/lib/x86_64-linux-gnu/liblber-2.5.so.0.1.9
7efebd22a000-7efebd22b000 r--p 0000e000 08:02 10355303                   /usr/lib/x86_64-linux-gnu/liblber-2.5.so.0.1.9
7efebd22b000-7efebd22c000 rw-p 0000f000 08:02 10355303                   /usr/lib/x86_64-linux-gnu/liblber-2.5.so.0.1.9
7efebd22c000-7efebd23a000 r--p 00000000 08:02 10355046                   /usr/lib/x86_64-linux-gnu/libcurl-gnutls.so.4.7.0
7efebd23a000-7efebd2ac000 r-xp 0000e000 08:02 10355046                   /usr/lib/x86_64-linux-gnu/libcurl-gnutls.so.4.7.0
7efebd2ac000-7efebd2c7000 r--p 00080000 08:02 10355046                   /usr/lib/x86_64-linux-gnu/libcurl-gnutls.so.4.7.0
7efebd2c7000-7efebd2cb000 r--p 0009a000 08:02 10355046                   /usr/lib/x86_64-linux-gnu/libcurl-gnutls.so.4.7.0
7efebd2cb000-7efebd2cd000 rw-p 0009e000 08:02 10355046                   /usr/lib/x86_64-linux-gnu/libcurl-gnutls.so.4.7.0
7efebd2cd000-7efebd2ce000 rw-p 00000000 00:00 0 
7efebd2ce000-7efebd2cf000 ---p 00000000 00:00 0 
7efebd2cf000-7efebd3d0000 rw-p 00000000 00:00 0 
7efebd3d0000-7efebd3d4000 ---p 00000000 00:00 0 
7efebd3d4000-7efebd4d0000 rw-p 00000000 00:00 0 
7efebd4d0000-7efebd4d4000 ---p 00000000 00:00 0 
7efebd4d4000-7efebd5d0000 rw-p 00000000 00:00 0 
7efebd5d0000-7efebd5d4000 ---p 00000000 00:00 0 
7efebd5d4000-7efebd8c0000 rw-p 00000000 00:00 0 
7efebd8c0000-7efebf560000 ---p 00000000 00:00 0 
7efebf560000-7efebf758000 rw-p 00000000 00:00 0 
7efebf758000-7efec13f8000 ---p 00000000 00:00 0 
7efec13f8000-7efec1400000 rw-p 00000000 00:00 0 
7efec1400000-7efec1670000 rwxp 00000000 00:00 0 
7efec1670000-7efec8937000 ---p 00000000 00:00 0 
7efec8937000-7efec8ba7000 rwxp 00000000 00:00 0 
7efec8ba7000-7efec8ec8000 ---p 00000000 00:00 0 
7efec8ec8000-7efec9138000 rwxp 00000000 00:00 0 
7efec9138000-7efed0400000 ---p 00000000 00:00 0 
7efed0400000-7efed7e43000 r--s 00000000 08:02 10491594                   /usr/lib/jvm/java-17-openjdk-amd64/lib/modules
7efed7e4f000-7efed7e52000 r--p 00000000 08:02 10359160                   /usr/lib/x86_64-linux-gnu/liblzma.so.5.2.5
7efed7e52000-7efed7e6d000 r-xp 00003000 08:02 10359160                   /usr/lib/x86_64-linux-gnu/liblzma.so.5.2.5
7efed7e6d000-7efed7e78000 r--p 0001e000 08:02 10359160                   /usr/lib/x86_64-linux-gnu/liblzma.so.5.2.5
7efed7e78000-7efed7e79000 r--p 00028000 08:02 10359160                   /usr/lib/x86_64-linux-gnu/liblzma.so.5.2.5
7efed7e79000-7efed7e7a000 rw-p 00029000 08:02 10359160                   /usr/lib/x86_64-linux-gnu/liblzma.so.5.2.5
7efed7e7a000-7efed7e82000 r--p 00000000 08:02 10358811                   /usr/lib/x86_64-linux-gnu/libtiff.so.5.7.0
7efed7e82000-7efed7eca000 r-xp 00008000 08:02 10358811                   /usr/lib/x86_64-linux-gnu/libtiff.so.5.7.0
7efed7eca000-7efed7efa000 r--p 00050000 08:02 10358811                   /usr/lib/x86_64-linux-gnu/libtiff.so.5.7.0
7efed7efa000-7efed7eff000 r--p 0007f000 08:02 10358811                   /usr/lib/x86_64-linux-gnu/libtiff.so.5.7.0
7efed7eff000-7efed7f00000 rw-p 00084000 08:02 10358811                   /usr/lib/x86_64-linux-gnu/libtiff.so.5.7.0
7efed7f00000-7efed7f04000 ---p 00000000 00:00 0 
7efed7f04000-7efed8000000 rw-p 00000000 00:00 0 
7efed8000000-7efed84b6000 rw-p 00000000 00:00 0 
7efed84b6000-7efedc000000 ---p 00000000 00:00 0 
7efedc000000-7efedc004000 ---p 00000000 00:00 0 
7efedc004000-7efedc100000 rw-p 00000000 00:00 0 
7efedc100000-7efedc104000 ---p 00000000 00:00 0 
7efedc104000-7efedc200000 rw-p 00000000 00:00 0 
7efedc200000-7efedc204000 ---p 00000000 00:00 0 
7efedc204000-7efedc300000 rw-p 00000000 00:00 0 
7efedc300000-7efedc304000 ---p 00000000 00:00 0 
7efedc304000-7efedc400000 rw-p 00000000 00:00 0 
7efedc400000-7efedcbf0000 r--p 00000000 08:02 10356383                   /usr/lib/locale/locale-archive
7efedcbf8000-7efedcbfa000 r--p 00000000 08:02 10361503                   /usr/lib/x86_64-linux-gnu/libpsl.so.5.3.2
7efedcbfa000-7efedcbfc000 r-xp 00002000 08:02 10361503                   /usr/lib/x86_64-linux-gnu/libpsl.so.5.3.2
7efedcbfc000-7efedcc0a000 r--p 00004000 08:02 10361503                   /usr/lib/x86_64-linux-gnu/libpsl.so.5.3.2
7efedcc0a000-7efedcc0b000 r--p 00011000 08:02 10361503                   /usr/lib/x86_64-linux-gnu/libpsl.so.5.3.2
7efedcc0b000-7efedcc0c000 rw-p 00012000 08:02 10361503                   /usr/lib/x86_64-linux-gnu/libpsl.so.5.3.2
7efedcc0c000-7efedcc1b000 r--p 00000000 08:02 10366483                   /usr/lib/x86_64-linux-gnu/libgeos_c.so.1.16.0
7efedcc1b000-7efedcc3b000 r-xp 0000f000 08:02 10366483                   /usr/lib/x86_64-linux-gnu/libgeos_c.so.1.16.0
7efedcc3b000-7efedcc48000 r--p 0002f000 08:02 10366483                   /usr/lib/x86_64-linux-gnu/libgeos_c.so.1.16.0
7efedcc48000-7efedcc49000 ---p 0003c000 08:02 10366483                   /usr/lib/x86_64-linux-gnu/libgeos_c.so.1.16.0
7efedcc49000-7efedcc4a000 r--p 0003c000 08:02 10366483                   /usr/lib/x86_64-linux-gnu/libgeos_c.so.1.16.0
7efedcc4a000-7efedcc4b000 rw-p 0003d000 08:02 10366483                   /usr/lib/x86_64-linux-gnu/libgeos_c.so.1.16.0
7efedcc4b000-7efedcc4f000 ---p 00000000 00:00 0 
7efedcc4f000-7efedcd4b000 rw-p 00000000 00:00 0 
7efedcd4b000-7efedcd4f000 ---p 00000000 00:00 0 
7efedcd4f000-7efedce4b000 rw-p 00000000 00:00 0 
7efedce4b000-7efedce4f000 ---p 00000000 00:00 0 
7efedce4f000-7efedcf4b000 rw-p 00000000 00:00 0 
7efedcf4b000-7efedcf4c000 ---p 00000000 00:00 0 
7efedcf4c000-7efedd04d000 rw-p 00000000 00:00 0 
7efedd04d000-7efedd052000 r--p 00000000 08:02 10491564                   /usr/lib/jvm/java-17-openjdk-amd64/lib/libjsvml.so
7efedd052000-7efedd093000 r-xp 00005000 08:02 10491564                   /usr/lib/jvm/java-17-openjdk-amd64/lib/libjsvml.so
7efedd093000-7efedd11c000 r--p 00046000 08:02 10491564                   /usr/lib/jvm/java-17-openjdk-amd64/lib/libjsvml.so
7efedd11c000-7efedd11d000 r--p 000ce000 08:02 10491564                   /usr/lib/jvm/java-17-openjdk-amd64/lib/libjsvml.so
7efedd11d000-7efedd11e000 rw-p 000cf000 08:02 10491564                   /usr/lib/jvm/java-17-openjdk-amd64/lib/libjsvml.so
7efedd11e000-7efedd19f000 rw-p 00000000 00:00 0 
7efedd19f000-7efedd1a0000 ---p 00000000 00:00 0 
7efedd1a0000-7efedd2a1000 rw-p 00000000 00:00 0 
7efedd2a1000-7efedd2a2000 ---p 00000000 00:00 0 
7efedd2a2000-7efedd7a7000 rw-p 00000000 00:00 0 
7efedd7a7000-7efedd7a8000 ---p 00000000 00:00 0 
7efedd7a8000-7efedd8a9000 rw-p 00000000 00:00 0 
7efedd8a9000-7efedd8aa000 ---p 00000000 00:00 0 
7efedd8aa000-7efedd9ab000 rw-p 00000000 00:00 0 
7efedd9ab000-7efedd9ac000 ---p 00000000 00:00 0 
7efedd9ac000-7efeddaeb000 rw-p 00000000 00:00 0 
7efeddaeb000-7efedde7f000 ---p 00000000 00:00 0 
7efedde7f000-7efeddebe000 rw-p 00000000 00:00 0 
7efeddebe000-7efede252000 ---p 00000000 00:00 0 
7efede252000-7efede291000 rw-p 00000000 00:00 0 
7efede291000-7efede625000 ---p 00000000 00:00 0 
7efede625000-7efedea2f000 rw-p 00000000 00:00 0 
7efedea2f000-7efedeb15000 ---p 00000000 00:00 0 
7efedeb15000-7efedeb1a000 rw-p 00000000 00:00 0 
7efedeb1a000-7efedec00000 ---p 00000000 00:00 0 
7efedec00000-7efedec9a000 r--p 00000000 08:02 10354705                   /usr/lib/x86_64-linux-gnu/libstdc++.so.6.0.30
7efedec9a000-7efededaa000 r-xp 0009a000 08:02 10354705                   /usr/lib/x86_64-linux-gnu/libstdc++.so.6.0.30
7efededaa000-7efedee19000 r--p 001aa000 08:02 10354705                   /usr/lib/x86_64-linux-gnu/libstdc++.so.6.0.30
7efedee19000-7efedee24000 r--p 00218000 08:02 10354705                   /usr/lib/x86_64-linux-gnu/libstdc++.so.6.0.30
7efedee24000-7efedee27000 rw-p 00223000 08:02 10354705                   /usr/lib/x86_64-linux-gnu/libstdc++.so.6.0.30
7efedee27000-7efedee2a000 rw-p 00000000 00:00 0 
7efedee2f000-7efedee31000 r--p 00000000 08:02 10357718                   /usr/lib/x86_64-linux-gnu/libkeyutils.so.1.9
7efedee31000-7efedee33000 r-xp 00002000 08:02 10357718                   /usr/lib/x86_64-linux-gnu/libkeyutils.so.1.9
7efedee33000-7efedee34000 r--p 00004000 08:02 10357718                   /usr/lib/x86_64-linux-gnu/libkeyutils.so.1.9
7efedee34000-7efedee35000 r--p 00004000 08:02 10357718                   /usr/lib/x86_64-linux-gnu/libkeyutils.so.1.9
7efedee35000-7efedee36000 rw-p 00005000 08:02 10357718                   /usr/lib/x86_64-linux-gnu/libkeyutils.so.1.9
7efedee36000-7efedee38000 r--p 00000000 08:02 10355587                   /usr/lib/x86_64-linux-gnu/libjbig.so.0
7efedee38000-7efedee41000 r-xp 00002000 08:02 10355587                   /usr/lib/x86_64-linux-gnu/libjbig.so.0
7efedee41000-7efedee43000 r--p 0000b000 08:02 10355587                   /usr/lib/x86_64-linux-gnu/libjbig.so.0
7efedee43000-7efedee44000 r--p 0000c000 08:02 10355587                   /usr/lib/x86_64-linux-gnu/libjbig.so.0
7efedee44000-7efedee47000 rw-p 0000d000 08:02 10355587                   /usr/lib/x86_64-linux-gnu/libjbig.so.0
7efedee47000-7efedee4b000 r--p 00000000 08:02 10355662                   /usr/lib/x86_64-linux-gnu/libjson-c.so.5.1.0
7efedee4b000-7efedee54000 r-xp 00004000 08:02 10355662                   /usr/lib/x86_64-linux-gnu/libjson-c.so.5.1.0
7efedee54000-7efedee57000 r--p 0000d000 08:02 10355662                   /usr/lib/x86_64-linux-gnu/libjson-c.so.5.1.0
7efedee57000-7efedee58000 ---p 00010000 08:02 10355662                   /usr/lib/x86_64-linux-gnu/libjson-c.so.5.1.0
7efedee58000-7efedee59000 r--p 00010000 08:02 10355662                   /usr/lib/x86_64-linux-gnu/libjson-c.so.5.1.0
7efedee59000-7efedee5a000 rw-p 00011000 08:02 10355662                   /usr/lib/x86_64-linux-gnu/libjson-c.so.5.1.0
7efedee70000-7efedee95000 r--p 00000000 08:02 12591460                   /usr/share/locale-langpack/fr/LC_MESSAGES/libc.mo
7efedee95000-7efedee99000 r--p 00000000 08:02 10491590                   /usr/lib/jvm/java-17-openjdk-amd64/lib/libverify.so
7efedee99000-7efedeea0000 r-xp 00004000 08:02 10491590                   /usr/lib/jvm/java-17-openjdk-amd64/lib/libverify.so
7efedeea0000-7efedeea2000 r--p 0000b000 08:02 10491590                   /usr/lib/jvm/java-17-openjdk-amd64/lib/libverify.so
7efedeea2000-7efedeea4000 r--p 0000c000 08:02 10491590                   /usr/lib/jvm/java-17-openjdk-amd64/lib/libverify.so
7efedeea4000-7efedeea5000 rw-p 0000e000 08:02 10491590                   /usr/lib/jvm/java-17-openjdk-amd64/lib/libverify.so
7efedeea5000-7efedef00000 rw-p 00000000 00:00 0 
7efedef00000-7efedef04000 ---p 00000000 00:00 0 
7efedef04000-7efedf000000 rw-p 00000000 00:00 0 
7efedf000000-7efedf250000 r--p 00000000 08:02 10491606                   /usr/lib/jvm/java-17-openjdk-amd64/lib/server/libjvm.so
7efedf250000-7efedffd4000 r-xp 00250000 08:02 10491606                   /usr/lib/jvm/java-17-openjdk-amd64/lib/server/libjvm.so
7efedffd4000-7efee0257000 r--p 00fd4000 08:02 10491606                   /usr/lib/jvm/java-17-openjdk-amd64/lib/server/libjvm.so
7efee0257000-7efee030f000 r--p 01256000 08:02 10491606                   /usr/lib/jvm/java-17-openjdk-amd64/lib/server/libjvm.so
7efee030f000-7efee0344000 rw-p 0130e000 08:02 10491606                   /usr/lib/jvm/java-17-openjdk-amd64/lib/server/libjvm.so
7efee0344000-7efee039e000 rw-p 00000000 00:00 0 
7efee03a1000-7efee03a3000 r--p 00000000 08:02 10357716                   /usr/lib/x86_64-linux-gnu/libcom_err.so.2.1
7efee03a3000-7efee03a4000 r-xp 00002000 08:02 10357716                   /usr/lib/x86_64-linux-gnu/libcom_err.so.2.1
7efee03a4000-7efee03a5000 r--p 00003000 08:02 10357716                   /usr/lib/x86_64-linux-gnu/libcom_err.so.2.1
7efee03a5000-7efee03a6000 r--p 00003000 08:02 10357716                   /usr/lib/x86_64-linux-gnu/libcom_err.so.2.1
7efee03a6000-7efee03a7000 rw-p 00004000 08:02 10357716                   /usr/lib/x86_64-linux-gnu/libcom_err.so.2.1
7efee03a7000-7efee03ab000 r--p 00000000 08:02 10491576                   /usr/lib/jvm/java-17-openjdk-amd64/lib/libnet.so
7efee03ab000-7efee03b9000 r-xp 00004000 08:02 10491576                   /usr/lib/jvm/java-17-openjdk-amd64/lib/libnet.so
7efee03b9000-7efee03bd000 r--p 00012000 08:02 10491576                   /usr/lib/jvm/java-17-openjdk-amd64/lib/libnet.so
7efee03bd000-7efee03be000 r--p 00015000 08:02 10491576                   /usr/lib/jvm/java-17-openjdk-amd64/lib/libnet.so
7efee03be000-7efee03bf000 rw-p 00016000 08:02 10491576                   /usr/lib/jvm/java-17-openjdk-amd64/lib/libnet.so
7efee03bf000-7efee0400000 rw-p 00000000 00:00 0 
7efee0400000-7efee0428000 r--p 00000000 08:02 10365356                   /usr/lib/x86_64-linux-gnu/libc.so.6
7efee0428000-7efee05bd000 r-xp 00028000 08:02 10365356                   /usr/lib/x86_64-linux-gnu/libc.so.6
7efee05bd000-7efee0615000 r--p 001bd000 08:02 10365356                   /usr/lib/x86_64-linux-gnu/libc.so.6
7efee0615000-7efee0619000 r--p 00214000 08:02 10365356                   /usr/lib/x86_64-linux-gnu/libc.so.6
7efee0619000-7efee061b000 rw-p 00218000 08:02 10365356                   /usr/lib/x86_64-linux-gnu/libc.so.6
7efee061b000-7efee0628000 rw-p 00000000 00:00 0 
7efee062a000-7efee0631000 r--s 00000000 08:02 11013395                   /usr/lib/x86_64-linux-gnu/gconv/gconv-modules.cache
7efee0631000-7efee0632000 r--p 00000000 08:02 10491501                   /usr/lib/jvm/java-17-openjdk-amd64/lib/libextnet.so
7efee0632000-7efee0633000 r-xp 00001000 08:02 10491501                   /usr/lib/jvm/java-17-openjdk-amd64/lib/libextnet.so
7efee0633000-7efee0634000 r--p 00002000 08:02 10491501                   /usr/lib/jvm/java-17-openjdk-amd64/lib/libextnet.so
7efee0634000-7efee0635000 r--p 00002000 08:02 10491501                   /usr/lib/jvm/java-17-openjdk-amd64/lib/libextnet.so
7efee0635000-7efee0636000 rw-p 00003000 08:02 10491501                   /usr/lib/jvm/java-17-openjdk-amd64/lib/libextnet.so
7efee0636000-7efee063c000 r--p 00000000 08:02 10491578                   /usr/lib/jvm/java-17-openjdk-amd64/lib/libnio.so
7efee063c000-7efee0645000 r-xp 00006000 08:02 10491578                   /usr/lib/jvm/java-17-openjdk-amd64/lib/libnio.so
7efee0645000-7efee0649000 r--p 0000f000 08:02 10491578                   /usr/lib/jvm/java-17-openjdk-amd64/lib/libnio.so
7efee0649000-7efee064a000 ---p 00013000 08:02 10491578                   /usr/lib/jvm/java-17-openjdk-amd64/lib/libnio.so
7efee064a000-7efee064b000 r--p 00013000 08:02 10491578                   /usr/lib/jvm/java-17-openjdk-amd64/lib/libnio.so
7efee064b000-7efee064c000 rw-p 00014000 08:02 10491578                   /usr/lib/jvm/java-17-openjdk-amd64/lib/libnio.so
7efee064c000-7efee064e000 r--p 00000000 08:02 10491592                   /usr/lib/jvm/java-17-openjdk-amd64/lib/libzip.so
7efee064e000-7efee0653000 r-xp 00002000 08:02 10491592                   /usr/lib/jvm/java-17-openjdk-amd64/lib/libzip.so
7efee0653000-7efee0655000 r--p 00007000 08:02 10491592                   /usr/lib/jvm/java-17-openjdk-amd64/lib/libzip.so
7efee0655000-7efee0656000 r--p 00008000 08:02 10491592                   /usr/lib/jvm/java-17-openjdk-amd64/lib/libzip.so
7efee0656000-7efee0657000 rw-p 00009000 08:02 10491592                   /usr/lib/jvm/java-17-openjdk-amd64/lib/libzip.so
7efee0657000-7efee069e000 rw-p 00000000 00:00 0 
7efee069e000-7efee06a5000 ---p 00000000 00:00 0 
7efee06a5000-7efee06b1000 r--p 00000000 08:02 10491515                   /usr/lib/jvm/java-17-openjdk-amd64/lib/libjava.so
7efee06b1000-7efee06c4000 r-xp 0000c000 08:02 10491515                   /usr/lib/jvm/java-17-openjdk-amd64/lib/libjava.so
7efee06c4000-7efee06ca000 r--p 0001f000 08:02 10491515                   /usr/lib/jvm/java-17-openjdk-amd64/lib/libjava.so
7efee06ca000-7efee06cb000 r--p 00024000 08:02 10491515                   /usr/lib/jvm/java-17-openjdk-amd64/lib/libjava.so
7efee06cb000-7efee06cc000 rw-p 00025000 08:02 10491515                   /usr/lib/jvm/java-17-openjdk-amd64/lib/libjava.so
7efee06cc000-7efee06cd000 rw-p 00000000 00:00 0 
7efee06cd000-7efee06ce000 r--p 00000000 08:02 10491505                   /usr/lib/jvm/java-17-openjdk-amd64/lib/libinstrument.so
7efee06ce000-7efee06d4000 r-xp 00001000 08:02 10491505                   /usr/lib/jvm/java-17-openjdk-amd64/lib/libinstrument.so
7efee06d4000-7efee06d7000 r--p 00007000 08:02 10491505                   /usr/lib/jvm/java-17-openjdk-amd64/lib/libinstrument.so
7efee06d7000-7efee06d8000 r--p 00009000 08:02 10491505                   /usr/lib/jvm/java-17-openjdk-amd64/lib/libinstrument.so
7efee06d8000-7efee06d9000 rw-p 0000a000 08:02 10491505                   /usr/lib/jvm/java-17-openjdk-amd64/lib/libinstrument.so
7efee06d9000-7efee06dc000 r--p 00000000 08:02 10354703                   /usr/lib/x86_64-linux-gnu/libgcc_s.so.1
7efee06dc000-7efee06f3000 r-xp 00003000 08:02 10354703                   /usr/lib/x86_64-linux-gnu/libgcc_s.so.1
7efee06f3000-7efee06f7000 r--p 0001a000 08:02 10354703                   /usr/lib/x86_64-linux-gnu/libgcc_s.so.1
7efee06f7000-7efee06f8000 r--p 0001d000 08:02 10354703                   /usr/lib/x86_64-linux-gnu/libgcc_s.so.1
7efee06f8000-7efee06f9000 rw-p 0001e000 08:02 10354703                   /usr/lib/x86_64-linux-gnu/libgcc_s.so.1
7efee06f9000-7efee0707000 r--p 00000000 08:02 10365361                   /usr/lib/x86_64-linux-gnu/libm.so.6
7efee0707000-7efee0783000 r-xp 0000e000 08:02 10365361                   /usr/lib/x86_64-linux-gnu/libm.so.6
7efee0783000-7efee07de000 r--p 0008a000 08:02 10365361                   /usr/lib/x86_64-linux-gnu/libm.so.6
7efee07de000-7efee07df000 r--p 000e4000 08:02 10365361                   /usr/lib/x86_64-linux-gnu/libm.so.6
7efee07df000-7efee07e0000 rw-p 000e5000 08:02 10365361                   /usr/lib/x86_64-linux-gnu/libm.so.6
7efee07e0000-7efee07e3000 rw-p 00000000 00:00 0 
7efee07e3000-7efee07e5000 r--p 00000000 08:02 10354880                   /usr/lib/x86_64-linux-gnu/libz.so.1.2.11
7efee07e5000-7efee07f6000 r-xp 00002000 08:02 10354880                   /usr/lib/x86_64-linux-gnu/libz.so.1.2.11
7efee07f6000-7efee07fc000 r--p 00013000 08:02 10354880                   /usr/lib/x86_64-linux-gnu/libz.so.1.2.11
7efee07fc000-7efee07fd000 ---p 00019000 08:02 10354880                   /usr/lib/x86_64-linux-gnu/libz.so.1.2.11
7efee07fd000-7efee07fe000 r--p 00019000 08:02 10354880                   /usr/lib/x86_64-linux-gnu/libz.so.1.2.11
7efee07fe000-7efee07ff000 rw-p 0001a000 08:02 10354880                   /usr/lib/x86_64-linux-gnu/libz.so.1.2.11
7efee0801000-7efee0802000 r-xp 00000000 00:00 0 
7efee0802000-7efee080a000 rw-s 00000000 08:02 1967266                    /tmp/hsperfdata_nidhal/204952
7efee080a000-7efee080b000 ---p 00000000 00:00 0 
7efee080b000-7efee080c000 r--p 00000000 00:00 0 
7efee080c000-7efee080e000 r--p 00000000 08:02 10491521                   /usr/lib/jvm/java-17-openjdk-amd64/lib/libjimage.so
7efee080e000-7efee0811000 r-xp 00002000 08:02 10491521                   /usr/lib/jvm/java-17-openjdk-amd64/lib/libjimage.so
7efee0811000-7efee0812000 r--p 00005000 08:02 10491521                   /usr/lib/jvm/java-17-openjdk-amd64/lib/libjimage.so
7efee0812000-7efee0813000 ---p 00006000 08:02 10491521                   /usr/lib/jvm/java-17-openjdk-amd64/lib/libjimage.so
7efee0813000-7efee0814000 r--p 00006000 08:02 10491521                   /usr/lib/jvm/java-17-openjdk-amd64/lib/libjimage.so
7efee0814000-7efee0815000 rw-p 00007000 08:02 10491521                   /usr/lib/jvm/java-17-openjdk-amd64/lib/libjimage.so
7efee0815000-7efee0817000 r--p 00000000 08:02 10491523                   /usr/lib/jvm/java-17-openjdk-amd64/lib/libjli.so
7efee0817000-7efee0821000 r-xp 00002000 08:02 10491523                   /usr/lib/jvm/java-17-openjdk-amd64/lib/libjli.so
7efee0821000-7efee0824000 r--p 0000c000 08:02 10491523                   /usr/lib/jvm/java-17-openjdk-amd64/lib/libjli.so
7efee0824000-7efee0825000 r--p 0000e000 08:02 10491523                   /usr/lib/jvm/java-17-openjdk-amd64/lib/libjli.so
7efee0825000-7efee0826000 rw-p 0000f000 08:02 10491523                   /usr/lib/jvm/java-17-openjdk-amd64/lib/libjli.so
7efee0826000-7efee0828000 rw-p 00000000 00:00 0 
7efee0828000-7efee082a000 r--p 00000000 08:02 10356375                   /usr/lib/x86_64-linux-gnu/ld-linux-x86-64.so.2
7efee082a000-7efee0854000 r-xp 00002000 08:02 10356375                   /usr/lib/x86_64-linux-gnu/ld-linux-x86-64.so.2
7efee0854000-7efee085f000 r--p 0002c000 08:02 10356375                   /usr/lib/x86_64-linux-gnu/ld-linux-x86-64.so.2
7efee085f000-7efee0860000 ---p 00000000 00:00 0 
7efee0860000-7efee0862000 r--p 00037000 08:02 10356375                   /usr/lib/x86_64-linux-gnu/ld-linux-x86-64.so.2
7efee0862000-7efee0864000 rw-p 00039000 08:02 10356375                   /usr/lib/x86_64-linux-gnu/ld-linux-x86-64.so.2
7ffd4a528000-7ffd4a54a000 rw-p 00000000 00:00 0                          [stack]
7ffd4a5e5000-7ffd4a5e9000 r--p 00000000 00:00 0                          [vvar]
7ffd4a5e9000-7ffd4a5eb000 r-xp 00000000 00:00 0                          [vdso]
ffffffffff600000-ffffffffff601000 --xp 00000000 00:00 0                  [vsyscall]


VM Arguments:
jvm_args: -javaagent:/snap/intellij-idea-ultimate/437/lib/idea_rt.jar=42543:/snap/intellij-idea-ultimate/437/bin -Dfile.encoding=UTF-8 
java_command: tutorials.reading
java_class_path (initial): /home/nidhal/IdeaProjects/JMEOS/target/classes:/home/nidhal/.m2/repository/com/github/jnr/jnr-ffi/2.2.11/jnr-ffi-2.2.11.jar:/home/nidhal/.m2/repository/com/github/jnr/jffi/1.3.9/jffi-1.3.9.jar:/home/nidhal/.m2/repository/com/github/jnr/jffi/1.3.9/jffi-1.3.9-native.jar:/home/nidhal/.m2/repository/org/ow2/asm/asm/9.2/asm-9.2.jar:/home/nidhal/.m2/repository/org/ow2/asm/asm-commons/9.2/asm-commons-9.2.jar:/home/nidhal/.m2/repository/org/ow2/asm/asm-analysis/9.2/asm-analysis-9.2.jar:/home/nidhal/.m2/repository/org/ow2/asm/asm-tree/9.2/asm-tree-9.2.jar:/home/nidhal/.m2/repository/org/ow2/asm/asm-util/9.2/asm-util-9.2.jar:/home/nidhal/.m2/repository/com/github/jnr/jnr-a64asm/1.0.0/jnr-a64asm-1.0.0.jar:/home/nidhal/.m2/repository/com/github/jnr/jnr-x86asm/1.0.2/jnr-x86asm-1.0.2.jar:/home/nidhal/.m2/repository/org/hibernate/orm/hibernate-core/6.2.2.Final/hibernate-core-6.2.2.Final.jar:/home/nidhal/.m2/repository/jakarta/persistence/jakarta.persistence-api/3.1.0/jakarta.persistence-api-3.1.0.jar:/home/nidhal/.m2/repository/jakarta/transaction/jakarta.transaction-api/2.0.1/jakarta.transaction-api-2.0.1.jar:/home/nidhal/.m2/repository/org/jboss/logging/jboss-logging/3.5.0.Final/jboss-logging-3.5.0.Final.jar:/home/nidhal/.m2/repository/org/hibernate/common/hibernate-commons-annotations/6.0.6.Final/hibernate-commons-annotations-6.0.6.Final.jar:/home/nidhal/.m2/repository/io/smallrye/jandex/3.0.5/jandex-3.0.5.jar:/home/nidhal/.m2/repository/com/fasterxml/classmate/1.5.1/classmate-1.5.1.jar:/home/nidhal/.m2/repository/net/bytebuddy/byte-buddy/1.12.18/byte-buddy-1.12.18.jar:/home/nidhal/.m2/repository/jakarta/xml/bind/jakarta.xml.bind-api/4.0.0/jakarta.xml.bind-api-4.0.0.jar:/home/nidhal/.m2/repository/jakarta/activation/jakarta.activation-api/2.1.0/jakarta.activation-api-2.1.0.jar:/home/nidhal/.m2/repository/org/glassfish/jaxb/jaxb-runtime/4.0.2/jaxb-runtime-4.0.2.jar:/home/nidhal/.m2/repository/org/glassfish/jaxb/jaxb-core/4.0.2/jaxb-core-4.0.2.jar:/ho
Launcher Type: SUN_STANDARD

[Global flags]
     intx CICompilerCount                          = 3                                         {product} {ergonomic}
     uint ConcGCThreads                            = 1                                         {product} {ergonomic}
     uint G1ConcRefinementThreads                  = 4                                         {product} {ergonomic}
   size_t G1HeapRegionSize                         = 1048576                                   {product} {ergonomic}
    uintx GCDrainStackTargetSize                   = 64                                        {product} {ergonomic}
   size_t InitialHeapSize                          = 130023424                                 {product} {ergonomic}
   size_t MarkStackSize                            = 4194304                                   {product} {ergonomic}
   size_t MaxHeapSize                              = 2053111808                                {product} {ergonomic}
   size_t MaxNewSize                               = 1231028224                                {product} {ergonomic}
   size_t MinHeapDeltaBytes                        = 1048576                                   {product} {ergonomic}
   size_t MinHeapSize                              = 8388608                                   {product} {ergonomic}
    uintx NonNMethodCodeHeapSize                   = 5832780                                {pd product} {ergonomic}
    uintx NonProfiledCodeHeapSize                  = 122912730                              {pd product} {ergonomic}
    uintx ProfiledCodeHeapSize                     = 122912730                              {pd product} {ergonomic}
    uintx ReservedCodeCacheSize                    = 251658240                              {pd product} {ergonomic}
     bool SegmentedCodeCache                       = true                                      {product} {ergonomic}
   size_t SoftMaxHeapSize                          = 2053111808                             {manageable} {ergonomic}
     bool UseCompressedClassPointers               = true                           {product lp64_product} {ergonomic}
     bool UseCompressedOops                        = true                           {product lp64_product} {ergonomic}
     bool UseG1GC                                  = true                                      {product} {ergonomic}

Logging:
Log output configuration:
 #0: stdout all=warning uptime,level,tags
 #1: stderr all=off uptime,level,tags

Environment Variables:
JAVA_HOME=/opt/jdk-13.0.2
PATH=/home/nidhal/.local/bin:/usr/local/sbin:/usr/local/bin:/usr/sbin:/usr/bin:/sbin:/bin:/usr/games:/usr/local/games:/snap/bin:/snap/bin/opt/jdk-13.0.2/bin
USERNAME=nidhal
SHELL=/bin/bash
DISPLAY=:0
LANG=fr_FR.UTF-8

Active Locale:
LC_ALL=fr_FR.UTF-8
LC_COLLATE=fr_FR.UTF-8
LC_CTYPE=fr_FR.UTF-8
LC_MESSAGES=fr_FR.UTF-8
LC_MONETARY=fr_FR.UTF-8
LC_NUMERIC=fr_FR.UTF-8
LC_TIME=fr_FR.UTF-8

Signal Handlers:
   SIGSEGV: crash_handler in libjvm.so, mask=11100100010111111101111111111110, flags=SA_RESTART|SA_SIGINFO, unblocked
    SIGBUS: crash_handler in libjvm.so, mask=11100100010111111101111111111110, flags=SA_RESTART|SA_SIGINFO, unblocked
    SIGFPE: crash_handler in libjvm.so, mask=11100100010111111101111111111110, flags=SA_RESTART|SA_SIGINFO, unblocked
   SIGPIPE: javaSignalHandler in libjvm.so, mask=11100100010111111101111111111110, flags=SA_RESTART|SA_SIGINFO, blocked
   SIGXFSZ: javaSignalHandler in libjvm.so, mask=11100100010111111101111111111110, flags=SA_RESTART|SA_SIGINFO, blocked
    SIGILL: crash_handler in libjvm.so, mask=11100100010111111101111111111110, flags=SA_RESTART|SA_SIGINFO, unblocked
   SIGUSR2: SR_handler in libjvm.so, mask=00100000000000000000000000000000, flags=SA_RESTART|SA_SIGINFO, blocked
    SIGHUP: UserHandler in libjvm.so, mask=11100100010111111101111111111110, flags=SA_RESTART|SA_SIGINFO, blocked
    SIGINT: UserHandler in libjvm.so, mask=11100100010111111101111111111110, flags=SA_RESTART|SA_SIGINFO, blocked
   SIGTERM: UserHandler in libjvm.so, mask=11100100010111111101111111111110, flags=SA_RESTART|SA_SIGINFO, blocked
   SIGQUIT: UserHandler in libjvm.so, mask=11100100010111111101111111111110, flags=SA_RESTART|SA_SIGINFO, blocked
   SIGTRAP: crash_handler in libjvm.so, mask=11100100010111111101111111111110, flags=SA_RESTART|SA_SIGINFO, unblocked


---------------  S Y S T E M  ---------------

OS:
DISTRIB_ID=Ubuntu
DISTRIB_RELEASE=22.04
DISTRIB_CODENAME=jammy
DISTRIB_DESCRIPTION="Ubuntu 22.04.2 LTS"
uname: Linux 5.19.0-45-generic #46~22.04.1-Ubuntu SMP PREEMPT_DYNAMIC Wed Jun 7 15:06:04 UTC 20 x86_64
OS uptime: 2 days 21:00 hours
libc: glibc 2.35 NPTL 2.35 
rlimit (soft/hard): STACK 8192k/infinity , CORE 0k/infinity , NPROC 31003/31003 , NOFILE 1048576/1048576 , AS infinity/infinity , CPU infinity/infinity , DATA infinity/infinity , FSIZE infinity/infinity , MEMLOCK 1002084k/1002084k
load average: 7,11 4,66 3,86

/proc/meminfo:
MemTotal:        8016676 kB
MemFree:          295796 kB
MemAvailable:    3560596 kB
Buffers:          239240 kB
Cached:          3242816 kB
SwapCached:         3688 kB
Active:          1787128 kB
Inactive:        5188988 kB
Active(anon):      77556 kB
Inactive(anon):  3661488 kB
Active(file):    1709572 kB
Inactive(file):  1527500 kB
Unevictable:       37516 kB
Mlocked:              16 kB
SwapTotal:       2097148 kB
SwapFree:        2060416 kB
Zswap:                 0 kB
Zswapped:              0 kB
Dirty:              9168 kB
Writeback:             0 kB
AnonPages:       3528304 kB
Mapped:          1314800 kB
Shmem:            260296 kB
KReclaimable:     333084 kB
Slab:             557032 kB
SReclaimable:     333084 kB
SUnreclaim:       223948 kB
KernelStack:       16648 kB
PageTables:        34492 kB
NFS_Unstable:          0 kB
Bounce:                0 kB
WritebackTmp:          0 kB
CommitLimit:     6105484 kB
Committed_AS:   10169524 kB
VmallocTotal:   34359738367 kB
VmallocUsed:       72524 kB
VmallocChunk:          0 kB
Percpu:             6304 kB
HardwareCorrupted:     0 kB
AnonHugePages:         0 kB
ShmemHugePages:        0 kB
ShmemPmdMapped:        0 kB
FileHugePages:         0 kB
FilePmdMapped:         0 kB
HugePages_Total:       0
HugePages_Free:        0
HugePages_Rsvd:        0
HugePages_Surp:        0
Hugepagesize:       2048 kB
Hugetlb:               0 kB
DirectMap4k:      479000 kB
DirectMap2M:     6750208 kB
DirectMap1G:     1048576 kB

/sys/kernel/mm/transparent_hugepage/enabled: always [madvise] never
/sys/kernel/mm/transparent_hugepage/defrag (defrag/compaction efforts parameter): always defer defer+madvise [madvise] never

Process Memory:
Virtual Size: 5227404K (peak: 5227404K)
Resident Set Size: 85772K (peak: 85772K) (anon: 46960K, file: 38812K, shmem: 0K)
Swapped out: 0K
C-Heap outstanding allocations: 24338K, retained: 2961K
glibc malloc tunables: (default)

/proc/sys/kernel/threads-max (system-wide limit on the number of threads): 62007
/proc/sys/vm/max_map_count (maximum number of memory map areas a process may have): 65530
/proc/sys/kernel/pid_max (system-wide limit on number of process identifiers): 4194304

container (cgroup) information:
container_type: cgroupv2
cpu_cpuset_cpus: not supported
cpu_memory_nodes: not supported
active_processor_count: 4
cpu_quota: not supported
cpu_period: not supported
cpu_shares: not supported
memory_limit_in_bytes: unlimited
memory_and_swap_limit_in_bytes: unlimited
memory_soft_limit_in_bytes: unlimited
memory_usage_in_bytes: 2943240 k
memory_max_usage_in_bytes: not supported
memory_swap_current_in_bytes: unlimited
memory_swap_max_limit_in_bytes: unlimited
maximum number of tasks: 9301
current number of tasks: 168

Steal ticks since vm start: 0
Steal ticks percentage since vm start:  0,000

CPU: total 4 (initial active 4) (2 cores per cpu, 2 threads per core) family 6 model 78 stepping 3 microcode 0xf0, cx8, cmov, fxsr, ht, mmx, 3dnowpref, sse, sse2, sse3, ssse3, sse4.1, sse4.2, popcnt, lzcnt, tsc, tscinvbit, avx, avx2, aes, erms, clmul, bmi1, bmi2, adx, fma, vzeroupper, clflush, clflushopt
CPU Model and flags from /proc/cpuinfo:
model name	: Intel(R) Core(TM) i3-6100U CPU @ 2.30GHz
flags		: fpu vme de pse tsc msr pae mce cx8 apic sep mtrr pge mca cmov pat pse36 clflush dts acpi mmx fxsr sse sse2 ss ht tm pbe syscall nx pdpe1gb rdtscp lm constant_tsc art arch_perfmon pebs bts rep_good nopl xtopology nonstop_tsc cpuid aperfmperf pni pclmulqdq dtes64 monitor ds_cpl est tm2 ssse3 sdbg fma cx16 xtpr pdcm pcid sse4_1 sse4_2 x2apic movbe popcnt tsc_deadline_timer aes xsave avx f16c rdrand lahf_lm abm 3dnowprefetch cpuid_fault epb invpcid_single pti ssbd ibrs ibpb stibp fsgsbase tsc_adjust bmi1 avx2 smep bmi2 erms invpcid mpx rdseed adx smap clflushopt intel_pt xsaveopt xsavec xgetbv1 xsaves dtherm ida arat pln pts hwp hwp_notify hwp_act_window hwp_epp md_clear flush_l1d arch_capabilities

Online cpus: 0-3
Offline cpus: 
BIOS frequency limitation: <Not Available>
Frequency switch latency (ns): 0
Available cpu frequencies: <Not Available>
Current governor: powersave
Core performance/turbo boost: <Not Available>

Memory: 4k page, physical 8016676k(295796k free), swap 2097148k(2060416k free)
Page Sizes: 4k

vm_info: OpenJDK 64-Bit Server VM (17.0.7+7-Ubuntu-0ubuntu122.04.2) for linux-amd64 JRE (17.0.7+7-Ubuntu-0ubuntu122.04.2), built on May 10 2023 04:02:16 by "buildd" with gcc 11.3.0

END.
